2017-12-22 00:08:38 debug :
------------
String:
account-ticket<xml>
    <AppId><![CDATA[wx7f83e93205d2fd31]]></AppId>
    <Encrypt><![CDATA[tBAk5KtqseKiVQehmw9m8MfkTXd0sfY59tqivw9OSx4xHT1cW1sT4aWDVdbKven6wJ5SJMhlk/Strzz+/klHS7Bk4WCHL5/oi3f7U/NHAfq4PJSs6hdWcYhnMCZBiVuUgFIusTc8Lfcomc0uo2i0aIbNnNzkWuhJS4oaLoqVrJpH42m3Zs6sn4WZlQyZyDbhfB4sdHernKspvjW7JuCotGa+AFEP0iY7vSAzvNXZQYN66gPQcCYXrA9YKtc5Hz7BVRFGuzhECdAP4VH+EImCNIi/8k1WqfFaSmdScQ9fzAsoWLfFF7HTcUxpS4dbXjhTQqkr05+6/Lyq6L8h1F1chaENXSbpAN9ul5GUVY5sPI3X+TGTaqlAIuiOOIik/EMS06OwpZfg32BBEtSYt0IW62SuRaRE5NMlelcpfkFA10dVlOHi9RuFSZiIO82ichiMfMj+gbNr30gbubg8bSKlkw==]]></Encrypt>
</xml>


2017-12-22 00:21:52 debug :
------------
String:
account-ticket<xml>
    <AppId><![CDATA[wx7f83e93205d2fd31]]></AppId>
    <Encrypt><![CDATA[D0/l6rE/YCZ/ck3Kfmnq1uhtur4YbybX38DfJPMdV01zfc1ypXp04n5lbUy4d04Q5cQeMrV0t2hGJOyGNt6wW5hsK0nNUN7TNaaa8/cUN1JULG9uhzv63kEPB5zCqDXpErAh9i8W6Qjru5KiN1nhz9rbEOu7G6tZD1ZbYQlXZk88SMkT2N+cKEXlDu98u3MNp5iaccwQN/t3qITnz1u/Mf4xISNhbBfPLENBH4GY9TViHfIMHzxytVHBHrPsxyCur6lgeGxs59SpJ6jGg5zoX9ZCheLf+nekKWnLIl2F4/VpYJ9Zf29+y5wS4dA+QhODvV0RZ04p0KPqCstGF3MBdD/jB3phiUtTxwAOaKA0tvrfcGqX09wjsd2DYD9cRcCrt2hJW16G/Z+KERog2fEN8tADBDBcAF2Fktcv/inP22gqPNAEZYKT9+ci1ZEymsYjqmfcwRBtmiAebfhGAVukOg==]]></Encrypt>
</xml>


2017-12-22 00:29:16 debug :
------------
String:
account-ticket<xml>
    <AppId><![CDATA[wx7f83e93205d2fd31]]></AppId>
    <Encrypt><![CDATA[nWLrXiu9fCOc6dsX2l3OmFFFWZXrRpIYTfFdzWAybjp4VcB/L5ViacaSWbMc9TjNEwo9juJ7JDwUJIOqS8mSXa8rM9rLBfDRYM2Wj1/Y2GskOScXzQCYG6CoMtMSTXmySXshe0ueUfzqvYyVIDc02S0zjkOzKFh0xu5T9BWnB60DyEHmgBlH3ot1hq5kxMHIJILZ+hA4eUMaNvrVWaUhQodAQfbDg8gUNaJGW9HPBEoJiI9ZL91M5wWs2CuLhjanZNgZxrjPtdH1Kyf/Fv5rIPtrDsPhPZmfMRUvNSF2pOUVvZfppAy2L+Zu8Gdlpyv93sxEKYn8aOmmVJF0vIktcjPf3Ako6WWTDBy09KTuk/rNtvnKvKuuDlxLhYXiaEJE7vXtwR17F3fXx+h/csmHcbuva0XPv/8Sh2As2Dr/2x2c3KU5p5efso1lK0bZAA7ljFnGJBGqoTDL8WzVcWQGgA==]]></Encrypt>
</xml>


2017-12-22 00:42:13 debug :
------------
String:
account-ticket<xml>
    <AppId><![CDATA[wx7f83e93205d2fd31]]></AppId>
    <Encrypt><![CDATA[eo3+ZsAmfJXlgRrA8lOc5GFfiWi+COfA8cPSwIhgJ/4t7DjnSuYrK7G+XMAudST2iibylbk2k2OMsO4doprPWkO69BhejzE2zCBLZuW9KLEXFTuSvoKiSuxsXcHDNCf8EHsLBZf0fmBIhf2o4tcX24pTXlf6oErUGiYStoUmSnkst+DRECGdutga5eg0AC7XtwP7NHLT57xCcl0rVTjP3FkL11kI73RY47xHtqmmwsPxb6/A1vZBFQMImNIoG5s+qa6Y2YrUbj6qB+tjRbi6ePpVSNM+ehWyapuABkG58UR8CA2Edu1zVOjsFokNY9einIczlt5SCRg1FVLXnpgFPrR5la2oll9Ew4+NbclgOd26vaCRQq56SpKHfCr2oHoZZDO4/S0AiVEV7SmEJ/5mAHwmu9qSu6wQCPACZ7L1LcLw1KjKhjIbIGUMc/Uozj29AbExHTjMmkgULmkWIsIghw==]]></Encrypt>
</xml>


2017-12-22 00:48:56 debug :
------------
String:
account-ticket<xml>
    <AppId><![CDATA[wx7f83e93205d2fd31]]></AppId>
    <Encrypt><![CDATA[4t6F5wxpHpfZ2k4kXmOFjb1mpH06UW9t0BDcNQo235DLkaUFIHPAwHHaFMa5+RzQ/AlQhnyZYopNuxTV8Gb7/Fb4HaaTgeCyXXZbdFfWPuG17xZoizVxBS64XazU+9n2rBja5yH0ON2+kd1Vaf+M9iw/GFTI0O70euVw4JIUq3E/C1hUiXczFAQGUeAcy6qNXWdJwzPZI+4otIP9/jGSbtwDHmUM1zJcj+XSsl6vECKP2HzTpXFzWhcqSDbM33n39CZpz7UL6fwK46Ja1otPlPzbwkc7W/yoCnc8ZbOVrrrl0w5GiKOd03idQTHrwjOdWQHAK7/Wv+z8diMosb/I2Y8Qv3Q4ZQtnQzJwhmX3SG7RS7mVu+9OEKc/lL7F3VlT0gCejJRpHb5gaKPUVlVsk12czidXmY3aOKC87IcfodmixfZQLGx/82TqlKb9BB3UApG6WsX8Rk4ElsmAY2pL/w==]]></Encrypt>
</xml>


2017-12-22 00:59:06 debug :
------------
String:
account-ticket<xml>
    <AppId><![CDATA[wx7f83e93205d2fd31]]></AppId>
    <Encrypt><![CDATA[sdBAtaxPhukCM/8ZaM/Hqs1RS9/IluwQWyTO7PsDDc74elm5GSWrIftNalSGL4nQwdQZ4p3Upi2BmwPFZRKaBDxH5QBuTPfsQgNR4wZ0YvA+RuI26I4K8/tVgbLVeYp3SRdKJOaGouWWR3Fxn1oEJ+FHLp9E8/Ze0Ii6F38KPoEsAwh9sDWfkGEB/ooYCsFNuVDBJI7y08tnvY9hiQctZVc/iiSHbxPECbrRfoqx+JuYYCmT0fdciEdn1POfRCCqic/a2qhDfKnPCkNl3036NRqPz0lmE6E1zp8uKGrzcADyQVYifDLNjPhf5XCsIWwWDoOKEvxwT+MYSglL2o+rydsdIVo/e33XgNAG7HJK7u58U7kmeK+Eq45QXsKw9f2VawjQwmcDMxaO7fsYl1aqjcycvPRWDjHzx2hU9lqudyIaMIi7Sd2pyqOWd/VHBIyDMmic+iBsk0UBl9CcTq9ssw==]]></Encrypt>
</xml>


2017-12-22 01:09:21 debug :
------------
String:
account-ticket<xml>
    <AppId><![CDATA[wx7f83e93205d2fd31]]></AppId>
    <Encrypt><![CDATA[Wvd5Enu+Rk9MQNCMayKhVWFPadQgJSIP6pAlEQDiL2317BpMEsDjpE+RPKmDA+4K+zLcy79nVQqmZyCPO3m3uqYIQxwhTtOJcrDz7ZdUru0+rz4h0HjiKEEtoRGABfTMNoJymkBscV9x5xtvvU6mZX1wVZxlYqWVlqG+q/ztTWaZhDbfXuMBzNut4FdYCZPL3DIF5sWEZ1Z0IQ1qZf5e+RFmJt6KjKsPx8Ago852PTCN/7tl1rLHVIaPn89esRrbKBZ+LyrYJUhtAloSPezrJDlX6I1YmwqtHtldX5MNGFXDw+JtCwiJaCbzT/JmLNzs6mkEfnbcavNYoV/jcvKqaO3UOMR4Sw7oW8Bd45Lr0ZBcG/+NnTSMd7pYFvS0nzxFTz5FgqEOVHq5wrxejH6bnmHEvpUv67ZjDsy5AU44l/HRsjuZTeyIGyQCjbs3F7qwTHXZA5LSCXgqXHAuH2vZ9w==]]></Encrypt>
</xml>


2017-12-22 01:18:33 debug :
------------
String:
account-ticket<xml>
    <AppId><![CDATA[wx7f83e93205d2fd31]]></AppId>
    <Encrypt><![CDATA[4J+1RRO5MPrHcg6uENHsFZwxsNIdG0ccRr84QYWUEC+Kf2cMCzO60mNZKS85PEsB952exk87FVbW/Zc2uPCsmI28HRTRVxUHcYGrosEyn81tC+GgmQnVrHQyT0Nt1F1DFOvDLS/KeWr7+hvHDkp7q1ArRKBZWZQqLlGqt2ufZXiV++fm3NcxialDJdNQTrl6IcJRqjUFgG5roEYiU3Xg2oLO6csClgNYUTTtAX+cyYd4CPMnWJMZCwahvJ3yXrfjPr0um8dDGuEayuIudbHnlP3sZGwxCWaIplGixHRPBGRXfr/U26KX6L0xRHHLD8fndOli2BMjRjmDrR34szn/bxHEcmnysq0ANZw1thaOkZUsuPF8ePY3FRqR9zc4LWpMV7EAXdnidonLLXlyGMXB81GnTj0CIqqjwKf3sADOXqnuo1TbFHblQYfz8uIdqeeEmHA+oVZkKoil4p62P9d3Fw==]]></Encrypt>
</xml>


2017-12-22 01:32:07 debug :
------------
String:
account-ticket<xml>
    <AppId><![CDATA[wx7f83e93205d2fd31]]></AppId>
    <Encrypt><![CDATA[KE1R2ks+FxYwNiEdNk9eBETU8HwFub0zhnE8FlPmFb9V6HVFISj3DbacG2oA9MLVEexoznn2FSPg1Ehgm59NGESF3rZJsnRk1+XbIoSOstIY5E45eJouqwH3iyxQHA0PKYG3+7b1wxmg9RBjMOlUqgdhhfMXzeFrwOAdQgM4MW6RDgRuNDg2doEuIbT842xKu0t/+M2DLdHRsC4HgcqZLZRE2ZDKCxi2yFyoyPIrFmPkMXkD8um1MgJa2SIMpRhMAJiDrxBXxCs0Ndb/TXxMvKqYbzvAkVXnHYCGWFejCUnJF+/pD7kSa/iOd/3afRkXEeuAa0QwyQRQLQJ/YJK8CiyGgVikiEIq4EIT6kozYSjOWD1lDy2OLbcOBDBvVnxV7cmOsbOUrjw8ezT9v6YC50B4vFjkh7zWSCEEEViThVavHYJITAJoov1lSTFIlImFDEVVmCkTxt5hw5vzqKdkug==]]></Encrypt>
</xml>


2017-12-22 01:38:52 debug :
------------
String:
account-ticket<xml>
    <AppId><![CDATA[wx7f83e93205d2fd31]]></AppId>
    <Encrypt><![CDATA[ZcI8FQdOqSNRXionUBqcyxq/1eQOv1jlvsROfG+HsVa0szB7/sQUN6lH8jnrtlyAiM8wgB2PwgcXojiGUAtDL21AT2URbz8qc55jxrbcrJQWygzBQgfQ0uGZW5es72/gJ7WctuNYTP9J4VLPDTiVA8Cm18zD+huozYUz6+ugMsZno5NUamy2l0coT8jbKU7BHPjA1JdsaPfpvkL4zK30fYN9wCcUeJ45jFo6L2MCSsBRsfxNDX0cLEp+QPI8FhFAKAWs6SEBbLbsLaJVR8V2tkvmQBxVWF38ubO8pT8nHP637sKO/ldKkKF/cATOGdbaIcy07/+25OO3lNSd9z2NCcd0JKghrvo0KxtSMbqDLlZORw7//VHitCnhwarmEbDgOWoJVu0nbkLwttWJmM3l3KzvBSIKOI5V0b7zb80g7Km2x93hraDBVh0Ub7uFO07zI6YJF1dKyOaUuAhXRiwNMQ==]]></Encrypt>
</xml>


2017-12-22 01:48:47 debug :
------------
String:
account-ticket<xml>
    <AppId><![CDATA[wx7f83e93205d2fd31]]></AppId>
    <Encrypt><![CDATA[t2PVK5oPq+FxOUeTOU0xJpoRCO2T8moxZkEQa5yi0KqNPqwo5e2iZ1SNSgkjqiio4aichIrPTBld78fge0hZOAiF48QES5i/45DT/f10xDk+Q5j8o9Z52lNf6/9WkIwRZD7F3c5muspbOVihdMppvfnro8ZJ3FjasbHir/hpLpJ1Ovd4MHv3+s2nJpNaM12Yr3ChJlzwvkSESQPp2QWml3e5s5XPujnuOxW85Oe19NfuM3rM43NnPxTejMNtG8nlg/eC3ioj87Z8GjkiiIp8lFVUKkjWgQhFKjNxMkjcvfB+2GM2xVSSpj0ucW1H6xjnQ0mi1mMezX6v/AjbbF4a6gWham8yZPAd/TrfMoD9V0D2TMjgF95EOVvty4Ypfmb8XElAqo4/9LFXaNfYqWu+0QnwpA7+3yKZumnb9UXYXspevtaadErbd0cqi2aNk5yyOYYvsH6tk5pTKI7qxXLK0A==]]></Encrypt>
</xml>


2017-12-22 01:58:41 debug :
------------
String:
account-ticket<xml>
    <AppId><![CDATA[wx7f83e93205d2fd31]]></AppId>
    <Encrypt><![CDATA[4XfQiM+PNsOm8IgpZdCzY9b98pq5NegEsFYVcDJeP/U2mt2fyx4Ac1lqZ2hkJdpdbNWUBLB7FJrvcMaoC7LDE2Vihv0Kg822HfvQTJQDVEkaymrSdQqqaNvLCX/MstcbhLXC7GfqYO6SNPE79svO8EDU+7Ibl33YEVPZ4XUyO8MuN3lW6GkjGx37ge63/7/7OeYQ4qFNpEERhgig6tf1NnO9t+JirM01RLbSANW+xsBCB0XfG9PkQlPVV+dcRNpi8yjEa8Wc3hnUsI/L741HywYz2EKNnkSAosHYL6nVoCl6dZO/4/Qgea2/Y17p4WdFilvGhpYLmGPeRvy05eDXAe6rc6aba8DjFK4Z9j5cacqmBE7yKPuLcwf/+1T0uoMnKmuYs9lV09WJtOz9aB7iCHnvxP2Sk+r5Xn4HCEVrAX3qP8+iUcfro/vjL7xDBlFuh5VfjXHAd2/ajRz8X4j7Dw==]]></Encrypt>
</xml>


2017-12-22 02:12:23 debug :
------------
String:
account-ticket<xml>
    <AppId><![CDATA[wx7f83e93205d2fd31]]></AppId>
    <Encrypt><![CDATA[3xyUkf2af7oJ/KmbryKCsQvanql9Xn+YPrem2Z7efq/7xPO/8yhRS5QMDu/6SylaToTDQ3Ou7jFZU5EsE3pSoLq7LLQppHPQjy/w/oHSkd8CnDL0x+brPiV9InJ6yrmrVvm9YKGhnUQvFqzORxmE597mN9CQpreenY1YtFnTTdp/Ebj0u89T8GNJxQDVXCJhoiSVrfGWmDB6Nl3tBJDtUpeBcbPyNkrZVA0sHqec3kp7ZNFoSltwctzq5PeL/IQ3IIF1CpvyMFmhDrm/WMCg8XMxlvSlESIywUQxQA82Q/9p6hPQlSIQIS6kRGuSONIaa3ls2nHi4RZ+q0qCi5Y5lH0So37grf8FS9WfE1ZZx18FA6Ybj501gsWlVn6nFl2Srg3wnrI30khj1aTtnMCdf2rV9BmK5hZUdwWuH+lgYXk6I60tVxMATisXV7UjZJx/38L8N1czUlOmpZoQcz4msA==]]></Encrypt>
</xml>


2017-12-22 02:18:41 debug :
------------
String:
account-ticket<xml>
    <AppId><![CDATA[wx7f83e93205d2fd31]]></AppId>
    <Encrypt><![CDATA[MlAERT0IXVgCZDPwlQcbXTKu2jQIvS8E9HU3XTCznTTJWqZ3szVoumuLLHnFhy9cKbno40wdwha8H2e8ExC+5L4u0g1LCLefB+XPrmI69lyEmpFD0feB/CkU1eszOQCgu3M4WslyZH6bMfi8tZ4O96AcFpIzI2Wktq+2m76V+i6gbABvcI1Uw1vsY2oLsWvbvhnck0mC2yVB63p7eqSfwcNkXSfd088wAH7eP7fA5LGdls0Q+LV0YhkHAJREgAzUmwCTDXZa31xOLBEdEpFp0+LPhuqj2BJpPlpXKiTDe7RWBe9YYhQwjuBeoRSOHoHj65y5EfyAaUZcbQdkPHSfVbsGX0WXwVJz+qpJmIVP3He1DX5VTCN1nOOkC5WDI0MT9Rw7JzCU5W0I86NFtC5AxDiEi2RiJzVChK96ANwL8ykBHFZvAX8Wi0JK4wvXvQrDGNy1GhCkUlTb21R8qXtnEQ==]]></Encrypt>
</xml>


2017-12-22 02:28:44 debug :
------------
String:
account-ticket<xml>
    <AppId><![CDATA[wx7f83e93205d2fd31]]></AppId>
    <Encrypt><![CDATA[s2hlkMW7+VpcD0Bq2TcBqn7v/KXy384eNXhnmf4ImfdUAWlXCtdxHQVp9Qbt0Q1472em/Z6oDBo66yssU0762mm/H4ahbQc8ZrmBORCMKx5BSy/eKu8FfPmMnywYuIBSQqDpAYNtTvkXGvNmveN4CMxgCvonKqTg4C8RZIacbaXceKbZT7H8pDn+yvicmkVkF9TP/WOIVVxfY+ZNKD1gly+J5/xVOtkQe6CAT/3V1+AXesPydntrIB9RH7QVQF1VKqZw20LLdGZMGPasHfF9EasZsMMGqJfdiYoncCy3Fvh9Dgq05au740SubPqu/cMdOn82plqwna3z4MsWGQP3HzZT9DmOXYzpvt96PsRRKM71VFbYXbEZ2JilB9i0KMmR0fNKP7tQd+q/+sHMepZHXUrRxxxDECT4HikdEftz7dupdVCvLvNT12Ghh+dr2RFEJ4eQFhYb1HBjRTOpwVq0zA==]]></Encrypt>
</xml>


2017-12-22 02:38:45 debug :
------------
String:
account-ticket<xml>
    <AppId><![CDATA[wx7f83e93205d2fd31]]></AppId>
    <Encrypt><![CDATA[Xl99d7mjVHpRtxvDxM8xgBXqigu/C0xeWQkPtde12l81hkYIYStc5xxP27Gu7gxU6yEZnpgIg08tjan0aZdsgOyVORYt1iZKdfElW0X//r1ry+7KR7PvKkTaMad4jIRAy0eV3RAznSHtEVOBpE/5njYqYV/k0kg5LNTmF7IzpWmtvYu/Ltmq31kh9ig4//qnIg2WzkMooqmLGg3xu2MiFXzv/w0/sMuFaD3n/hjLWO0Cu4ZPG+BD9N2cIdXOtFk1+GekRBt0nE2ANaf+fzz92iHtXLozrAR3S+2ilKxrdM0AHJM/KZSIWA11H4Tb7otE+rlGcfn1WpbNQ+CNw8jKLBCe4dfaBPLGYqwCsV294fl8Zo4zshL8CpWK5m5zCL4GjiAteUb4vSgB5AktJ6d8Ss71p0CRF1Jd4oMkPzHsSR0d4V0MRHia/quvq0Kj4gHyVN48/kjuNIYGHrKpZsYh4A==]]></Encrypt>
</xml>


2017-12-22 02:48:39 debug :
------------
String:
account-ticket<xml>
    <AppId><![CDATA[wx7f83e93205d2fd31]]></AppId>
    <Encrypt><![CDATA[NhBnLYKiXrvOEEseqXG7caKqbEQ8T7wndwlL2U56kAn0Mgg2Lnho/5mhLr2wJCtN9KsHL0imv4I2D0fup0r2tmJMcY1ZhR0BLg8vzqDb1vxNOt7Q5tK0cJg5uKw/uNYADms0u1zIb47VrVUeMGuX3wSAxH0tmZeB+Q4TiqylZlSShgu/rL1gSnjI+IrHTiOa1IkNOTHwSaLQY+sECwes88aTMk56YTpGryArTjbz54MIeSoERZhouiEulOxnZ8k+TFumujiI3fGsTb08prwtUS33LSxIWEzGwnLvVKPjgQodjg3ixDnJ7VwiU+RFAGmS1RzUadQpwy5Mkm2cYeIfjEHMYu9tDiKv0WxOEqq8PNzfWXB93Yn3Z5ZlUHebSrAJEBjHfB4QK6MHJog2VlJbQO6Y+GFd9OM2M+ZABK74DIKoBcSGNqs9SW61/khRGbI3hMylcYsf+z4C1ciYVPgDJA==]]></Encrypt>
</xml>


2017-12-22 02:58:55 debug :
------------
String:
account-ticket<xml>
    <AppId><![CDATA[wx7f83e93205d2fd31]]></AppId>
    <Encrypt><![CDATA[muTSd69nqYbMhQsjP4uy2KpwYDyirE7J0Jvuh51mf+X6cwzWjX6noVPsRqfgkreiuV8gMFOZMTot7iBoHfX/3nzqIcN2vTuQwC32zAVsAEvbxcGKL/Lvx3Co95+bBIretdj7vLgTbNbsURvGRELRrxHsxFarn8CcaktPyv79vZsugybdGkbxboOzweWmwGC8T2M6per7hnkJ9meLjrJQbes1fq1I2C8wmNHOFfMmCpxlzoq89uSiSTh3ivRrtVeJ8GBnmi/7rrHqvQbeAO8S0FZ9kZYl86M7/AyXbj8G4OEXLLfOCrrD64f4/uJpt1BUktEuwPVQuuNe2Y5HG4umlFOnhWgHA3H7uXVuJZcxjF0ZVSSh3yetuc6NDtlNEGpkoni3ROPXBZmTSYCsCWrQ91bq/Uw4RuYC+7yixXVLWGq3EbFThfXlR6mnAcn48fZBiJSN1kWTJ78RZcqebWhKaA==]]></Encrypt>
</xml>


2017-12-22 03:10:31 debug :
------------
String:
account-ticket<xml>
    <AppId><![CDATA[wx7f83e93205d2fd31]]></AppId>
    <Encrypt><![CDATA[VpSQ4rP6kD71zEho/zQ+Vc6J4vhao9jKNtZ00taFCyMlNRvwkzahTxc9PqK+Bx2lyOdUSykp5shqf3C69goniHwa9fcTVcjHoYFyY/1fSAu1YhNdXzYdgMeWT9J3YUUwIk8++WTNrhYq7VDkSnUSuEVItdGBDE9EL3C6htaGDZZXoyVRuZpvc/ep8RGalBN1O4Q8wRX0MBv1I3/sW26o5dXr9FDqSpwIL5AyesCzHueXrAhm8z+nXYxqPUxbGBbaloLifE6aOCxBAU/XyWyYYDZMTV7EDVvqRgA+hpr/h1urSsaZPRbTlDnQoDhZF5eS6XVRdF3NcyjICGjl7ppkFqxfPE8N/vd9PUND7wNyN6l3auvH7znHDj0p2MmVKrkoxwZxBhN0GxVTy5c+BAOkd1+6FsulA/tjuktR0YBedIkTN4sFwB+jcM0jTZ81u0FuYdQRLlN8hOmpvhpQlm51Cw==]]></Encrypt>
</xml>


2017-12-22 03:20:13 debug :
------------
String:
account-ticket<xml>
    <AppId><![CDATA[wx7f83e93205d2fd31]]></AppId>
    <Encrypt><![CDATA[ZlyGs6SuCdnixUi94/8vpS1eq49LtW0sVLJgUJ2TA5/85uMjnSrRK58S1hQetnkbyCa0TiHmqOBfh45e6osR8CTQ04o4sdNPYl3gldnCkY6mHERkwi23aUdqVqscuQ0UQmBK91qtIo+JGxS7NvBxXb8cRRFivjR5W+RQ8Qj+h4JmiJM9HfHQl1jOQ1XkEN8WPIsiwHQkJ7vZiXJuv8aJu9MA9I2xAUHvviAXrbLtLF4pv4F2/aRi5A+e4239uUqUVuk/KCRpaqC4e2pyTgO0KMxSY5+1cCGW5Oa+xp9nWrHehJ9QXnSSreNMq9wG9PtR2+gH9oyt4A/+3cJO52CrVG7QiaSZOcNBWF0jHbBSjay9z2S11C+PFvIvnzeR2QlBaNGqqz3nRPODtZRhyGATM0rWgKFn4Gjr1dIJCMwESck+XsNRvV+WfO9u2X3mFhEumq/HBax7LG+04/iyiV+aKw==]]></Encrypt>
</xml>


2017-12-22 03:30:13 debug :
------------
String:
account-ticket<xml>
    <AppId><![CDATA[wx7f83e93205d2fd31]]></AppId>
    <Encrypt><![CDATA[Nui0wUT7NDUrAPP0cK0tyVt+eglbAS0piG7/chy5i79lyDTWJwCxXZCfF8Xup68txOrx2kr5DRKK0xhZH/jnJuPxsxD9NzJEEpRj4D9mKznOb23JD2a5jgASt4xPBJ0FmDkefCT8edWKHAvIXJ6u9+lRFbGu6HYlyBWEwk7yEJXMUvdhAP9D29W0WemJLH2YrnjxoLvnM5NujiHch18eToLqi6+fOFOaRk/lcCKwkb5HitDbZPbCwK6BWw6uhEMpYFhdAth0KA7ybWv5PjGjbVdI7RQ0cC5ZLZnMhqAFOqegN3hHt5yrN3b2c7+evwW/A3xD6ovW7kE4ipkMSs9yjouZ0whs0mG8KvYPlYPXUiNlmqyaG4IYgqDg9/+Nv+k6USxubjkS5q6n0DFDK33j7MkBcd53LUZLb4svs/vKxqmc/VbPobcnt/fcIBTo9F+EBI8nyTmPRLxbGIqxkBhz9A==]]></Encrypt>
</xml>


2017-12-22 03:40:11 debug :
------------
String:
account-ticket<xml>
    <AppId><![CDATA[wx7f83e93205d2fd31]]></AppId>
    <Encrypt><![CDATA[MtP4U+1gi+zKKgO6STMy/8wriivVMzEzcJTupy4V5sWkRs51RZD+ow3/eWZ52+tmMK9FqsNnkqgIAH7kV0MLIaf2Hp3vuEsJL3yEwozUu0HMoDKeDLewEf2Bunyv8z4oLsknxZTy2wJUPOgnPbknQ98mPz6powDBdq6574b4/JUhJc0LfgpyjhHudiPu8VLpAVdtwQPy57HxnauHNv/jLxjxj8SzLzlGaaIM9AT6z8xVDHFvjam16WxaOBKJNxoXK0gXTBGR4cIrNsL6soWcGujeyXoiiJYDXrLWc4j1LBJmus9Oi6pTUuLCbJFDuVwjgVYoSPdNJu2/ilp2zGtEnDM7CdYxUyGIpSW9dgMBAIJo9JWixSuVkYTeTF9DsCEm7WAlv5wt0Ik7oyahggovz4x7beqA5lHtOqFoL0jh3pibCN6sXFpBXTIAYDZdFlC1aGjboUdUftMHYZsqNGoVQg==]]></Encrypt>
</xml>


2017-12-22 03:50:14 debug :
------------
String:
account-ticket<xml>
    <AppId><![CDATA[wx7f83e93205d2fd31]]></AppId>
    <Encrypt><![CDATA[cDuvECzRNl3oiMZz97Si7CrvdXyKzDS/EDAYae0DuwNF1u0P4qdl4mkX13dgecllHbwwNiE6N5aKwVEVpYYUUx0xsImgeMFiNwmvQ3t/7HCYGm6H/H55EmXXmAkgtXDeMgA9DxGiQb1TRD2nBiNOKtlzOjvi8QuiKoCKuhyM3IILwftATlRgBKKSmhXfMS5sSn8i3671/Nwj/e/8p0JBAmnfiEuPXo27im+t90Kk4jUNWSc/VOSMBXi0NnIqTh58leNYf02vrjPj9xRrtpZO5eTCZZkXGlOm+fzdTyaHP5mJDALFkiwWAy+kQF+Um1PHEIUdgyN8CmQEevTEcUPE0JSeO+EV5tdA0ycp2WJcu7kJsA9b5F061KVmhKImTGFv5tywl1NpC/X9ncpMIaBfLr6RwvrgEIFNkAy0+7xqAupP6dTRhPt9t2llkRSbrYluXGZH1VJS+/z60U7ElH2icQ==]]></Encrypt>
</xml>


2017-12-22 04:00:12 debug :
------------
String:
account-ticket<xml>
    <AppId><![CDATA[wx7f83e93205d2fd31]]></AppId>
    <Encrypt><![CDATA[l0BnnJb9BzuVAisD2hqdy9aORUt7fT11zNg5jr9Vs6wIT/UJnwTUPULSVbCFxjdEuueY7IF1vCDrSxmIj2Ju4FNbBLRPXVTfcpl0Sx6o5ZDAMxpquVRVeBFvh+EXk23RDxNt3MG9ID1wv/PF7ea9jxPgLKSCcQsSVbAEMShPkhOEAzn2B46/4x47lNlipI5l07O6P1d0U9rzDPhKJrXdM8AGSAXDiVmqSDiMS1XhMMbT8Fz2IRpk/o6YrJ1EgyN36SzuLco74kBUg6Rl99ivKLfb2DW2VaPv35hUsTratHsSokRtge3m5+vjryUf+trvqYrtinnHhUstTrtC24KVDPZ2NXvgHuihEtmNyjAhE6MTh2qX6upIQ1KBbHX8YJXWNN6J2zRhiLAWoDnG6S4kg5So6DY3+Vd1iMTnzSIivrff6mkm4on5jtEdajjeMnHx5naCl37gGJiwRSPxyasylQ==]]></Encrypt>
</xml>


2017-12-22 04:10:28 debug :
------------
String:
account-ticket<xml>
    <AppId><![CDATA[wx7f83e93205d2fd31]]></AppId>
    <Encrypt><![CDATA[xnAmvjMNuoz0QSKnTmcx7NiukoGigXi8rSdYw45tRbQiR9jqo6kjbq+ExF3y0uS2sqTgWYSJtZ3mzbGZQOrsw1cjcg8rch0U+pPCUgS2VnOJyjfExVyUoEDIHhx6aEqp0s0XjjYQufchAJDKIexu7w5NL+m6nmCl3JM15OMB7KMgkMUTpV9WT8IxVUJHCCvuPFABJT0y85I1J0KXylIl3znSnlQxp1+A8t9bYlFgPtbtkzvVcJ41ji53eDKww5mBEC7V0+CaetNSdZNWu+IbK3KmiOSZQoUnP1M/5SUDI9Ep4djNhtKDmca6o/2ZALyKltFNcyersWEbNEFiBGc6ly5HMe6qRCZlwoEH0nJoLl7NNMuQddf0IOg31NjYEL2XZ0+bxiLr2NGyp6fLv76L61G0PmcTx+p27/juYWRpNZ4Ict79EOZtYF/vksrHIWkyd2Nikf0Tjgn92MqAcFkIzA==]]></Encrypt>
</xml>


2017-12-22 04:20:10 debug :
------------
String:
account-ticket<xml>
    <AppId><![CDATA[wx7f83e93205d2fd31]]></AppId>
    <Encrypt><![CDATA[qTzhb4YzVJ0WH5eJhwOTdHU0ypdVFc9FdnZA8mN4FXIK5BXeeebBlQT30khXRcLcvoU4KODSiGgAGk7rbIMuMJSHWJPW/NKwBDuNlkWOjPXHkqPgrlbnym8k3bZW5a5fiVuagBTPwzC7vbea9d00yNnw7uQzxs9gkxdAXhBDsuf4li65DY2GjvK/HZhCbMi+zkpfzp7FhJmiFvfEojO//5QtUAa6jqtd35HutGUt7uGbRYcdDaH1pFU4zJqZFfBIAdeROs0xnb0fbKPEiY262OqWqRZEEHnX/9kB5HrrjA5gIuxqAfKx6HC39C10e1RKVk3kZCM67sz0Ho9mUYWr33KMUVhO8g4rtHlpWQKl5aq1luHwMhPBk0tpSZRmxn1/Y1bNEmOoyWgKerNwb7e0Es1BVuIi6Ipl5r8mS105mJSUnw3Whp7syWX97xZagswzWurVUGUV93/ewbVpMcVwUg==]]></Encrypt>
</xml>


2017-12-22 04:30:11 debug :
------------
String:
account-ticket<xml>
    <AppId><![CDATA[wx7f83e93205d2fd31]]></AppId>
    <Encrypt><![CDATA[Nr1sdKQpoF5SDwMPdfQR5Wj8iP4u+GAQKlXi+k3CQpgKtGnssLb7kq3ISIosNyM1/azIu0rqBcG3reeLPdhhIM4gxYb3t9DONd/BgiqIFSeGTmNaZZ7YZVJdXnHMYVO/Wwxz1/PUY2665GCIFZObJsZaK7cYsnz14YjTwlD6ALlXngOrmY6c9Nzh3hFDc+7usSOzBJuvk0uLrDHUqASrmgIwy9xaRuXspmBkDdLq5FdNF7CdYgvitUz7SEz3e8eT8SKdQtXy8v4NvSZQYg/otYDHMMWIuEY22sOcEv8yD/bppGoXxH+hcpCgD7s3BYUeLtg0Azmk1ANGgFaAQUVHmy3JcnDGk+2tPRfZjqVJom4iHWzOuvw1GvdNzHnEV+PFDwroFFLNDBuDTgAPvsRaIcebSs4Jo8d6q4Zb6zhgMOKeKtx//qN5Dm/0IyCHdG3JbKHwQyBRWw57+5XfUMwUzg==]]></Encrypt>
</xml>


2017-12-22 04:40:20 debug :
------------
String:
account-ticket<xml>
    <AppId><![CDATA[wx7f83e93205d2fd31]]></AppId>
    <Encrypt><![CDATA[XQet/blfxwVJiFssvQiUGCpYiA1UUSraEOwJiRUtd2JXribI3vCAujYrzraLsWiJbN9J/msxbWEPCxfMS1qAACIzITBkuH09k3nmZ9yO1tK12fNWrIuqE61LzqIt8gByYQXVs8niI+tkLxbOSE3V1UDCqGiINeFMgn+IhXJoC9EOyTCg8stVho9fEra2m12miuxHP6UwzpT8U2EJeZKAgZ6BOM1IoQNCfjbqKKzrVcjGY/8gQQuJxavUOl4jobhK3xaBS8CWyCkgAUL85oMAoHZI61cErDkunPMoi7LxIa7k7AWMvT20WawhYwKqC2QZBUv+Ew5KbKkf9jYSpswFp6JOqQv62T3hUGQRdS1JgGSJ2wHMNcxpF4+5DRQf7YHSKwiFZsgW6J5/RnGWKNRT6RZKLSk25HYPXAAbE6yvbMTkJsJGqjmDfaztFCZ79pvTos+fKjmKg2qESpJ2x7o2vg==]]></Encrypt>
</xml>


2017-12-22 04:50:14 debug :
------------
String:
account-ticket<xml>
    <AppId><![CDATA[wx7f83e93205d2fd31]]></AppId>
    <Encrypt><![CDATA[Wj3T3kgbp9irV0AzED/3IGzlnfxjUBSja0xFSb/BZGCYCaW8sfVdRO1i4VUeBLqvlJ2MMbs9rHyBEqwRS10VVa5wtUaWsdlySGb7Cp0ikzynk3mssI+NUaPWiS7JJ1rTFFjrgLzZg3pnjxT/XJnt+DyMH7qH/GJpbVRQoYq9ojX32T8zj6dF0iLYL6IwipnXS9uIUR0tBRBR4fZLnWuZQODS98l/ph1qKNKAw2NqLrcv+2JEI/1m7xuN/gCMWPU/HeX2p1v3w5gFbdegTzKBbMgxOYZOGnBCwY6T5ROjkgNdZRDAl9kQkf78vfKv2lMB5qy9UwG7lh1Unf2xCbvc/lO+wFQa8Mw3CD0sZVQUDz+oDRTlgfaWi3QCm4+wfu8dMLoZUHPDSyxoC0ICEdt6h0NxN2r4HOyn5ZSIysdCK24hFrtOgH1APfIYkffVI+8Y0ekhzGWc4I79JxRHHkWWxg==]]></Encrypt>
</xml>


2017-12-22 05:00:22 debug :
------------
String:
account-ticket<xml>
    <AppId><![CDATA[wx7f83e93205d2fd31]]></AppId>
    <Encrypt><![CDATA[1hscO9k0P7URBwSzFykruoVfjU1nw/FxXAB6yU3BNQAk9X3tL2FDqk5xffP2Dy2OFNDRr46ulIQNh1OEpkedmkWQIUQ00Sj93ZIAPZIo859BxycWy7Xz19M7tuf4NYg4eO1bPxMGJSr57JRikBdoQxmbaCX/gtP5/PpsRvbSfPoayZFU8UqSPhZfBOTC9mJECTQL2S96byJnCTw4Gr/YO8cSiJJ4TL4OAMiKGxGsiUHlmToYandZFVMVYzYG0EvCw+A+M+KwIkG/+O+9WF3lCxddh0yJUY89h3YGzZASRv2wn1QxQbf9KxZsCd5u2XH/Ds0NIeyAJ3BrDC6ERZfljdcai5cWRVPhe6nlfyjv6oXz9h217YC1JZVbj4iV1zfdxvNIkCxgQM/HiaWKG6GxDgWQnW5jrE0pRc+AVLgIstJO9VyfviiMLUjRpn7KHTYoRebtgDJHMCODNjifNxoYpA==]]></Encrypt>
</xml>


2017-12-22 05:10:23 debug :
------------
String:
account-ticket<xml>
    <AppId><![CDATA[wx7f83e93205d2fd31]]></AppId>
    <Encrypt><![CDATA[f0v+MLQCV+DH0zwKw5g6bYu7bjOZEpF4gOcakzoYG5lBIc3KiNEiEXvgAHyL/PK6pkEhnSNbPFEHvzzQ/DqhcSxXXZlLqvT0UtF4yxt0aWIBaAaIW+xPiW37RAIywD9FJxtnTAwwIz0V62joALHFeiTgs+WwC5GOtseuZcUDTpbYNO/kFunF/+g5n30M93UJ5C7N34Ikgiq1ZryR4HdNrglbBRaovaCXUwBCwGLuAYs4bTfGYIOLwtlYCAZ4IOpaiNIYYaVFThuONOVA0LKTx6/vfVKvYwoEPHrLPCgcqm5QJw3hVZU5V54o6u1NYI5PdhpBEB7GbB1Ff68yfIy/i+IiGSc8B3gbOpWFypSy+nENQyzKu+INvqsVkyNUlPmCx78BuFbt0bYifAuZri1yBWMKf57UnDNIFMuyebUjUG8elQRXjQvD56w0kNmOv/T6ssn/HshOenpUU7NbHjcnoQ==]]></Encrypt>
</xml>


2017-12-22 05:20:12 debug :
------------
String:
account-ticket<xml>
    <AppId><![CDATA[wx7f83e93205d2fd31]]></AppId>
    <Encrypt><![CDATA[DxUnSOkCQJSawPcWbgzVoTq8aQY3WLr62XofBClrEDc0Nf1ZqSPVHn5i3bNgGC9cpMKeIjxwIYNgRfhjmL7oM+d59gmu0sqB4qlRgzlRzbZ54nyzjZZk8PpO8T/6aMm0l8xNsFE5lWeMtei+ned6+IxwYO8ir2eXFh9XoZ/Zhvm00OR8kXuuGxx2HY/IbZbGj4Mw7IpiCpD/5E1bXc8DOCEOdZ+3S+9qvI6uVotumq1+G8igrKJHIKwBafLpiOX9jOCbhjJL+GhWJuCsiF3Pv60/9TGWZPdHKFHc4dOEI67Hsn5Xf7r9sWniXRwwsAOAYMnQvbVQ69O7lWnyx5bcq1gAefPcVzm/zNuJd9KaKGN148HctMmrRpbhvjWVZKJPtJlx0QUc0PbDWwvlqe2mHeiyRGCyo540GdQmkELrgNgRTMgrSTmgHIQCGoKyo22pIUsu3R6aUQpNHJWUGYd/1g==]]></Encrypt>
</xml>


2017-12-22 05:30:07 debug :
------------
String:
account-ticket<xml>
    <AppId><![CDATA[wx7f83e93205d2fd31]]></AppId>
    <Encrypt><![CDATA[WMhGxgffqknDG8gMAVFtwUJhpQ4jyaKDl1NISUNr/eNVp7Z8xfsXMBs337pEl2I0IR/l/kLq3BzY7gXkEZpnanGyJkZUBnNuyUaXZnLmX4DHQ6sOSMKFhbiL02FudXT/NrOjQOkZbkFZ8nrW1j1VPM69jjOU9KLN5rWj5nrvn4pIKecZNFLNWNGzLE0vOU2raIspjK3ziTPKy/x7wQywQp9SM1f4Yw/7HuVsJ7rYpYtu/JYBJJd2vaK3nTwW+nuBeE/PkvTpoGd5nivnpFkGIunL1Fk859/C4M4NC2MCfoqi3sVhxa8KchG5wiFV1sTUBxQd/B4YCsqZKwUaH00GZu0csj7He5liqDr5zGn1vG/drVMsT03YvPPgGJl2ZhrOSrvxFBadMO6q7vw2tP1AdRu7MALDCInw1xIc4v71/ayPjDqEYBraslw94BvJkM3uq/D2iZwuorFmPh2Z57r05A==]]></Encrypt>
</xml>


2017-12-22 05:40:13 debug :
------------
String:
account-ticket<xml>
    <AppId><![CDATA[wx7f83e93205d2fd31]]></AppId>
    <Encrypt><![CDATA[V++vWCr9vGu/5s9iZpYORLxBpoPwfQWI3S5GbxHMqG0tvb81u6mv1L3rhIPisrBfRquyU+zZ6jsO6Htwwn0lJzGvrr+1Ewy5u2OkGkOb3pHkvQRg+V0sk3x7ApxwPBD/nRwTN/tIJq6DZExjSB4NaXJHgGOAn4T9b/meXXW+Mnkz991Uo/Rh6Tdba4IJY5HXbltOVUuPrKplnW8txAfbI7QAtLouDj/bXs/GU56hWusdGLVluEO265EzOMXIhwly2Hfm4NNAi6ILXsONJ/Ixv4A78gEdL8dSwyXP9ButNq6sFzktq1H2IonZtWwqmBXRIAWwZssmZeR4sPWog4CodzfUeCt1O/6zHZDae5Q3EzfoesmI4fNni6oONns+QuT9ESOvHclHGPMbWnUlVjiXKZ1aY/FNpwoyqdrplQK2cEPBfJ1JioOxEsGcycKuH6qgHuqWa7xQCgMb5R236YbhyQ==]]></Encrypt>
</xml>


2017-12-22 05:49:56 debug :
------------
String:
account-ticket<xml>
    <AppId><![CDATA[wx7f83e93205d2fd31]]></AppId>
    <Encrypt><![CDATA[Oz2eYviT7slt9Ky1wQzCGmNMApEuV2Vuto2PI2lKGg7HOg8opwC95j1sxL0GFahBkGCC0qWnHQlvxNjdpt4UsVtoMNsfALxnTXPI0qHSB5JSB96PnUtuOw575hHFgFyWiQBU0F3aLorD23siwXq3qPd3gROZo8XEneAyY6ovO6CoR9On+fZQZZx+CeCpC9AuHBUC96Ulq7ytHOc6ZppSAVzPx2TTHMo4IzGV7WO8NYISvHfzGlHvb8KvbrZaydlJUopwJIX8EDir1yXt1CDbcZFEpyr3n1hrRmUHb0YB4mIQJHM0Q+MRucTlhTmU7olkUf3i/R+Qx5yXL463FlyCyjrc2I09pCrVEVjnFPltVT6IGwHlm6pJ2ycPxaAMu7vGdq2gpU90knptoTPOeQ4JQ/dJ4o7gn7zoyNQTvlxPGRv00vlgwq/v/tR2SBaoQS7ZrHxZQ5r5T/iDYsCFhOj0Xg==]]></Encrypt>
</xml>


2017-12-22 05:58:19 debug :
------------
String:
account-ticket<xml>
    <AppId><![CDATA[wx7f83e93205d2fd31]]></AppId>
    <Encrypt><![CDATA[jfonMrf6Cv/dtAp2oz+36vxMFlbDug6YdNwzxHrtZjU7an9r4sgXXGFnkjX+xOZ279t587yce5lHZUC0DN7xKpWdlA91QNSci3u4DKq6ImhWr4Yhnd+8r6OmrjFFkTbUs+dU12UMWLgPG5ba/71lz4ygWFctfd9uEVcQZ5yiMrvQR5i9NkPiW95vCwaAaK2N7pd0Ykw7TksNOZDxq9tHOl+Zk09rG8TIYWc1Wg0qgp6vZ4+7N2nrRjzSvngWBvIMUCRvgbgpDhGqbp8PVlfzcbYF7EjgMSLCiR0F9x8mY4NUIwA2Ll1vk6lCoWBKWyc88zB+DTB897svojgzfK0Jw0jrwIapFLHenAtV4/LBmkmUZPw+8pi3gqiZyyFUXbIf0N+LbofwF44m67lV+/qtLVn7Jn9QNOxbU+c+V6ej5LGi5aAEuhIQhSWHJj9c84wokyMXD/50mV3/nsgqKBNxIw==]]></Encrypt>
</xml>


2017-12-22 06:10:16 debug :
------------
String:
account-ticket<xml>
    <AppId><![CDATA[wx7f83e93205d2fd31]]></AppId>
    <Encrypt><![CDATA[a0I/dsEHOvB8ulel0Pqr71RIuV7umElcirvGmsWg7e7D8XvgE9T7bxRCTx/E2ITRW1sMQQvTQEoryqxRaLEPOxSIDnh2G01P62A7y0Y+tQiI65NekB6Kv+sHRZxO8G5rg9Mc2NQHh6hdAxOAIrP6FjAyTSYbAyo05gDakcievNZv+VCbhOZc1YAa17NhkT9hpxZjfvB8fcayGmEoZs3k64LXNjrh79Y+0sY5NFSbUyGZ3jpyY6lm+kSAnbo6Nn8ODpbr/wKla2BjPxHtXFd62llQppu7r3VcMBxmgQPBq428kPCKUt8/Ka75l1FnuukbDMOS/Noy+r6pTdi2WgUeU2K3Klq/3u+AIuWK6XTOqpDyMaOOGrX1IH94qX9NT8ylm0Aa07Oxz5y31VxWEzdfj63kUHatq0uxQ4c9+YC6+v7AM5dgtQc1+4pHhWhojDLbyNAN2nmMVB114hdQSjnEww==]]></Encrypt>
</xml>


2017-12-22 06:20:01 debug :
------------
String:
account-ticket<xml>
    <AppId><![CDATA[wx7f83e93205d2fd31]]></AppId>
    <Encrypt><![CDATA[acBPNEUJaoPhdjhj3Zu8QSGRhPPYFm1OV/+CIcX6kfi7Yb4YYe0bINHEtMY2u2RWsa7M5RXyEcn7nZhTtTcOestRbgMqCTkdCtZCWF8763/TowKYiliVdTRxUkCR53/ZUgXhns9JooC2ylhVcZOAdSjD/U9RitDckYiMzsd7WS/eJCLvbtLpR9aRNL6JgP98cgsLQ/e8h1KrAh81FeLFx1/AQgZNG1STkoxbQ7Rmkzjed/UjU6StTBY72xOlM9jOFU7EfOEpuuBGzVXIeiBi7G/I8Y9QM8ypNRWxs11nAp5XqLokIeGlXYHVCU7udm26xu4FbU3SMoiF5vc2leT0M8nX/KbE1PdqVgXVECWmUq3bct1nJr3oHUZMhzl0kLwnjiC1ZiXnrF/G64WWKodxvYYa/6Jk2q7MMqcclEuLVfuIee/0Ul4ug3h2AykWWpsCp//h2MtBf7HctytjSgSztw==]]></Encrypt>
</xml>


2017-12-22 06:30:05 debug :
------------
String:
account-ticket<xml>
    <AppId><![CDATA[wx7f83e93205d2fd31]]></AppId>
    <Encrypt><![CDATA[GXRLL0mJiA4H6DM0VrQe0LgZGZZ07JknaUhn8zhRtSlGUl3uMSMI+Q6wID1lWV2JcRJmMbjzgIeVdUrLvHy5xDO+VbeBBmnf8nsKzBpXZlLJUOo1XLwC2P30b0Y+H/7aJKLZJ5UyN2XsEElMpkUw6tft2XJgcMPIOy84Y5GFO/7QuqSK80cjuRnGraKLPWp2xIsZJn9fxYOe4RCkKaA6s31nr/DUxzatWvl4c61QQ51gNu8g7i3j9mvQS8dPDZODYBceWHX/YUcElxS0STNkmetLxL0/CRqli2R0fLMde1uvlICNyaXIpYrnzCA/edoLh26ro0QEhg7xkec44/VjAjkFvQuXCI63qnt40m6Yl7QDfufgpQtKtT2Cg2KhXZnqWxPyPOOiPVaY5aJkm1DlHA6EExYciI3xiadEXD2RwT8Fvzws47s/2i4KrR1Rq3V1XP20DiY5tx3Qo0ES61PJiw==]]></Encrypt>
</xml>


2017-12-22 06:40:07 debug :
------------
String:
account-ticket<xml>
    <AppId><![CDATA[wx7f83e93205d2fd31]]></AppId>
    <Encrypt><![CDATA[R8QsvW37h/P+Mdt6lS6J/Skxe75PrZbIYy1vdqPy5cYQ7pMBvP4BdZgl2AFipRG5yizL7UPMCPM6WFcm84ZiTqL3LeeBDysTdpUMXzaH8LP+tIoMl0OgND/+t6ySzXgz0UmVhiuZtwIM9QahUk2gt37CGu3p811EgUpZ6wKMn+xwg56a1zJhhp6wUeiDhXDsRaH1OwD8ApTbtaAG2FoTu/++hZWgdLbqRCSnhISfN41h70AEOXsNDMERnNwCpR5ar12ZrusMfCU+nbM19NjvITOASb1RL7DiLyyqYnc6zV1Lh7u9P4dg/g5r1B3eB8zoLwPgcqQcsSwz6e6zmm/FSMbPDEWMPbKwOCo0gANnKQjPu07cXSCYWg/fbMMjUj9b4KslfNqNT43Ug+HE/491lH+Eut2EZehhWdWxA5UztQ9iTOuUKbtzs8XZ8mqu8v5lm/yk76ThZBpNGdd5IJHhQw==]]></Encrypt>
</xml>


2017-12-22 06:50:08 debug :
------------
String:
account-ticket<xml>
    <AppId><![CDATA[wx7f83e93205d2fd31]]></AppId>
    <Encrypt><![CDATA[s3MFojFH3Uz4eg5E+yQA0Cv2ej5PK6RyrOIdmrV6C7Xu0+PLDUTSIW81cxEQMFyJN63P+CWl3svZgTiH8Ym+d4V3i+CZiIGmBH/6wVZFcuPUWv2Qsno5Y+qgbUjTMJlRfAzxtiqX3RxPZuA6O5h8bKUqMU5Z9FaK0u8LNmjHXkCd4lKpB0+iOzvCSL0znQ55a0wN+xaKpXFfY9WBEsoAJnCjDeJE/Y3tqushQ7buzwSmkT0AgOeEX65MAME/D1nDTIszLiL2CyZA+DcU8SjZUxQ6h/pl8A32S8I741BPfVSJ+8dAdadire0tRfOUNAGXAnzw4qrVLK6S7UNhm4Qv/psJSZjG/YQv2s1MRCkEiLW2oaLrjB9rEjQYqEYI86nZyzfu4vT7egmNAGtvFuPbEcYzb2yV2GD3ro7IYHThgYuyF+stlXBXFImaKc1sZg8QZjmmlqMKvH+vKDtSXVV8Iw==]]></Encrypt>
</xml>


2017-12-22 07:00:13 debug :
------------
String:
account-ticket<xml>
    <AppId><![CDATA[wx7f83e93205d2fd31]]></AppId>
    <Encrypt><![CDATA[VKJ/0VEq9DkPgZaABu+yga7GRIJ4dmdWLbf1f2uXiqkq+lXg+SS+g18CiLnHSRCeifxX/QWGVxNMGJFMcj+HLO4asC0pO52piuu66B8qsJBKT6LElfjYoke2sKygN9ZpUR85ymGn7UzVbcGWHSK43nC9KemmW1w4P9NDrK/t55eNMFrDNfkrGZfr9vkxsibwgCMs3lz0KMmvKgwT0JR3EQzqMbWeE4HCgtK34QoGlL0/WFF/3FyVH+TFiBOZ6B0olVyEABM5ohpLR+Op/ypM1yUJlyPe/E2iqtnBGWcQVazHpbSY+amMh9KUwzCZtYICcVBd6R3m3LdyXOtWeMxeI8rwvRosv+nF736Ov6Wj3jolTqzlI5EYbtnsTN2pPsiOBymQwrBuJdTFPzMUYutqz/WW07mH9zVJsaXf4zm1G8tuNwJbbe/Wx5gw11Dhd7SN32se8VscOhDQUyimT9K09g==]]></Encrypt>
</xml>


2017-12-22 07:10:15 debug :
------------
String:
account-ticket<xml>
    <AppId><![CDATA[wx7f83e93205d2fd31]]></AppId>
    <Encrypt><![CDATA[nrBppI/Z680K1hSzIzDBz0TbTJcTPlUwY2Rm6bgCuR8osxXdAJuBNupUdfrgX+4Kfa/xDlbehMeRYTPEEL5AXzLXEKJoV7AkJhTcu3A3cwE5dmmEH5oroU7pgj/wtbOqH2BAfQqq3kGlCGp/CGZbHaPAFFGlXKY6adF4mDOsm9FvGUc9d7ANQYk9V1dqYb80HXU/0dG1vCYJOV7gUeDo4XSAXXh2NCPaXUqHtB6478pO+O7sYFO1V0JIyhnI2Sgpuqs4ALVGuEoK5dvkCyuvCzy7qDmLMVl5JDkVkXgdMKXjN9M+HSym5DMOgs58IBG+Zr8bmKjuTI9cy3NsLFE5lLYPInzDwwujTWY0T0dvTS0xfch7o+iJ69F/gwe/MY5lh1bJ990RqTBziIuvZx2bcKl81WacIB6kAGnhgv+3Q/V6oAXLRoVSnBlpiaibRmm+1EP8wVj84eKfLjx+8FkqQQ==]]></Encrypt>
</xml>


2017-12-22 07:20:14 debug :
------------
String:
account-ticket<xml>
    <AppId><![CDATA[wx7f83e93205d2fd31]]></AppId>
    <Encrypt><![CDATA[8ty5Vrk3Dy9x1eA6XX7FNIm6wNsXEPoK1MyhyRPNShCW5/ibPC96IUgTJjVHsNRtlj/AB+MccVH4Sj/BeFxQhkuhujTnmBj71TojI8Ag6lXb+rbDmJPM6CJByBh8CIicosBj2lmqXAJIDBJmpDeDGLnXeEFoayPX/HlTvOIxGYa8J/ElVlSBXI4BpIvXAkut/riE7mDG2BMknrF+yPAAIDRjNbN9TSy1Iy3iKDZrIvjxWD/9VJDyADYJ6L0Po8xI9hmJk+eFOutWP791MegOyn+YTahov7QZLRtpEtOyzIawwDTo0Q+fIwlGJYAV9iufNkof6u0aUKqAm3Y84dJS/YF6WTcUb3ZuZOpilO9Su/StNtarXmBUZEt2kc31VVAlzi6sm34wJdHLYvPg9N6Hjcfm4eVwF350d4iGbaOsRJWZuVaNnX6Sg1YVbfNd1IyqDsWHfflgUr795CvgNExgYg==]]></Encrypt>
</xml>


2017-12-22 07:30:05 debug :
------------
String:
account-ticket<xml>
    <AppId><![CDATA[wx7f83e93205d2fd31]]></AppId>
    <Encrypt><![CDATA[O+wmz86TL7syVEP3raJ+RR+mECvOZCRu/zLv1r1Bqqx1gQNLtLnYn4EXkZNQFMJ6BHrUfX3MJF5fYf1qcSEMg5k9FnoLISOt4qyz3anb8D4WrPSRY3WMt9zeEpzgz3dIlWULpSqE+sfDDw+PC6pICtAtCFatXKY5BHxg0fDJ2ekwLAX4uTFeKuz4GlKuUju4+YkibcpJqVLf8lbwtpgr3HMHgiIjGwvBLwmBq9p9AWEplZCDEKkCu7CrNL9TPcPt1evpQUhs8WG41v07o0c7D00i15ntaWc/219EgYcNSfou9hiZXtFocdjz9GSs8h1MS/qe0lO4yjWjMI7ffztnS6qx8pP3GQFBPHH1JT54aKmIEjKPuqz1X9/hKWgdoRxrTZ/yoMemNlyhKNzQpz/FkcQ5Ru2y05PnAWG/fPiqHDNgV4QFdGVJJ4eMrVzvb+EiWIV0HEZIb0M8W0fAVkVb2Q==]]></Encrypt>
</xml>


2017-12-22 07:40:16 debug :
------------
String:
account-ticket<xml>
    <AppId><![CDATA[wx7f83e93205d2fd31]]></AppId>
    <Encrypt><![CDATA[aQBzZxsAmIXpK4wr5MiVaUpafsse6/VkPjOIpP5bEFmwGWWYYVUr2U41pWpLMi4Sl5EFvVMYPvyWj1GU5ZN6zkUrHZSHUzAHQ+aWNv/jNAmdO7kbYLhr5FIg/j/w+mMwqdcVlJliJ5IRPidO5icR5NZca9A+pphRoH6I3IEH8tnv8rth9LsAtHo7oHcOjQE8dSnCCtAJYPmPmK5wSRmYrpZpjBdtJHG8ZfcjRs9ZDLOWHYhCwE/89L37jqUz/wch4npuxYNlyT20HEvEutuomlbzeX+GCVcL81wCNw02FVs/OYSjWxg/jcc8PJUzTF9cuNHBuuMmrtyP6uvUHlyx8SYdTwq+BxeRGnCtWojD2+nlg4apndi/IcgA36uASlfFK3DxHb2xJcm2OsuuLtjhhVzFZZ+mKkRKf2YBDc1iVbdY7lTrzvlN1y9HyDRzAGD1UkpoNqPCVy9b0sb1/6STaA==]]></Encrypt>
</xml>


2017-12-22 07:50:13 debug :
------------
String:
account-ticket<xml>
    <AppId><![CDATA[wx7f83e93205d2fd31]]></AppId>
    <Encrypt><![CDATA[m9mdvHIzK06/WrE2OYLzsax+v+rRaW1O0tNNBsAmPkKHnECtPfro+5/AfnHeLHIfnbTp99jeFlHR8DVsjrXg/OYN9lqHavjwNmn6svZlo14fCttgRiyNXZbw+1ecPxxQpEykbBtldT85ZfHVK/JZYK9cPfxLAXvDiCSDhd+Gt1xZwVtW151Jz17WyIesREoYDsPVPmTr7LF7ZEDZNNHavB8Oh6E0slYlchfNqo4YHJodyR+N1Cpbs7g2f7Hw3DwFz12DHkXllXrUn+fspAzoFEyOdfmTkpsmpAKoSNufe+TENUannTtEUDUPU/p3IW66NvoDbC+FWAZh18GDEhRbxQZnTjlEMkXD0JVihoFnTu40WjV16QqB7I8J5lKeHAAS0U7cxFeNQj+JcuhGhlSReSGmsEq2AW1xChkxhFeGapwo7OU+KhlfowOxGibvkEkP5UuYpYO9Ap3f9qhJ3Mkq1g==]]></Encrypt>
</xml>


2017-12-22 08:00:15 debug :
------------
String:
account-ticket<xml>
    <AppId><![CDATA[wx7f83e93205d2fd31]]></AppId>
    <Encrypt><![CDATA[6Rp46+4y0Ok/uhOAn+415d8VrFNMZXgzfgj6CxR1XnINw03lN/4xjGPwLEeRKxJIpjlquV62rBh6oXfnFLmMSIwQKIRRF9QAAmhmy271PMrVNWcFqf1rCnB/zkxMcctrk7kMFKiL2EjtOofF9yi3Vbeu291K55sE1pY5/t4WsF7OggseR1PDy+0sviUnotKdaFI0K7GVQY1f+BFiv4IgLHPisha+jttAcAhsDkuGhCu2uMcHO9rdd2OPqiCiaP3Ax7MJW8zJwrHQV1P+glDVE0+y4E0v7jXn0DIMjaY1lT7X9DFu4dncC4qTkGxf+TvWKsV4nDq7FmMBP7xgkP6MUEdxPcb1hJkQzvzV80cObtpNYFWeXDqh8AOfED94NW8j1efTBukO7MoT/ZADJqkrYsIfNy93Nuo9wqDAXXOA8UP62eCcTK6Du0q/0/GMqZxvPVnYbvzQnatv6qzS248tWQ==]]></Encrypt>
</xml>


2017-12-22 08:10:22 debug :
------------
String:
account-ticket<xml>
    <AppId><![CDATA[wx7f83e93205d2fd31]]></AppId>
    <Encrypt><![CDATA[lVXpQGjKnXDNuokVEmFBJ/fYu+1wuFFrGaskIPsi1anFcEUeJR8n7G5dhdSzv52g0QMvojbE5a7kyRerjXhj9e9tuL6woyR1Zu2LqrlYS/ZNKGQ64QtjJqUS9U4QWfuHv5YiPuRWFu6tlhNJaj7OWeZAFDJgei5RXzwp0QNP22JkGtkCeXBZh2cnY34YPANtw0kyyxaZWrXWD/MQ7xrtr9lhYDOBO4Sqao1OmuoyuGuaysFE43Z1RU/kCsyIkbnWEeh6Tf6MyRO3pHlIigNQ3IYOuw8GZAqMlXIeuXsgcXle7WMoEi4VuUo6Ses1UZih/AAy1m9OpFM/akcjx4Gj0hdSR1JhgbE+Ah5+oeV9wUiAg8pRgm4QXvlXpoiRA+E5digp52+0/VXSU70yXhA7vay4r17ePCAlPNAOr4wbkqFrWXIaPApEDEjIKi0bIZ/UmNN38D1JYHU0kFkJ9nHCGg==]]></Encrypt>
</xml>


2017-12-22 08:20:24 debug :
------------
String:
account-ticket<xml>
    <AppId><![CDATA[wx7f83e93205d2fd31]]></AppId>
    <Encrypt><![CDATA[8MvweAtGZiGObxSDgMO621UYTM/B2D75wuGfrpaWCQM4QBn9QpP2a9dzRis4FpEO44Sj4Auej1QUYAKnsZh/0KBY1UwxmUpUsIa20ikpkmYwVo6AqhcW7bukA99464aE/X7jxQgv78e/101i6uDdQu4znVj2ShOOfDuFXasqgHpx3ctTLLgvCk0y6Tch3rq9KfeFxNGsEryIkrEplSK28wh5bLWKtcxHJUqolv4htsyL27I6PC4BXuDLGXZNYbC9w4KnmLIDR2dPL41+XuPfYO9GkFoPxdS8AxyPgkfMrEXjzTAvpHAQIWfQIoqxQkKAuCRd1zOvDjrpxbuV0sAcseDnWa3WQgqPT6tQNRWBxIE2ou77V/koL5tndpV4SGBwV5cBn1mULwkm/UhlR2AlqE1yJZ2RSrpDN6o8rJe/hTeifG8BhspnQog4MCSCKmcI7bMPbuYQOZ20sdNP1BY9zQ==]]></Encrypt>
</xml>


2017-12-22 08:30:26 debug :
------------
String:
account-ticket<xml>
    <AppId><![CDATA[wx7f83e93205d2fd31]]></AppId>
    <Encrypt><![CDATA[HD1Mgaa3JmI3jTKUBIZQS+GvN2o5pSCjYA/4r5sGmRd18A41woc6Gx9CrJVdpZ2P4NFrnhD2gswLFNtK2bDVhEHNrDCE032ObqP0bESMJKotRu8AgVNormc5bUdAO1tCeB1v9U9prlirk+WUVDhA0S6STrhKhpooDlaKQWhHSAPmz4k+8iMU51CWxEm6T25lTbmpghxkBE0llDNBInenpgc/Gzmz8Qx4ysmSnhyRGOL+uZgbzuI9vs7G1/2YIP1AMfqOFywwhkIgE6wouL0kEzR7pP5RfaQMxdftPKQIscmJb1g5eXPn66G9swrf1zwzIx3Lzi5YwpjbpIdYhi1GEkyIAMR+5NWODZP5FLdSqnEGOFNoKyOWv5Yx9ucHpKKUEUCqv37ut7RVtBvYeEF/JprNKZaTQm5QybcVfwlAN2OBggsWGtm1AUhh9d6ooMSIfdXCDdt0YrWy8FiWd8QQCQ==]]></Encrypt>
</xml>


2017-12-22 08:40:34 debug :
------------
String:
account-ticket<xml>
    <AppId><![CDATA[wx7f83e93205d2fd31]]></AppId>
    <Encrypt><![CDATA[RUsLWWM9v4FMpqpIg0Miyol7q02KRcwmSCdbKN/oTQkB+/xy5XmlCbvab/g96yT6tXqWsEz1Ag20FBgYMROAjD7Te2TvNf1qHoBP1/tUmeyjE9ejPggpSuG3j7yW5NVpYCX7EDiV4EyS80wd1Z0J5tGSOlQEvWm00l4O5upKNj4jJBVg49RgxJ0QbuoDhO1E6QQlCGOU0gbUT3yIDokMiRd+FEi5w/q0WNt0SqAWEpw4hPtDjipWo5zmMOoeqQ1uxDXTAnW/ngbYAFI4MYxCTc9nk0ebGpI97S9VCDxOcWO6l5r23DO1Y2TQLlcUBmIS50e+pYdUFf7aWwbfVIl+8b4S3vPUWdcOdy07dxPQrbdqJwSsL/vIlrUa51ScucPP0EacNS1dRHUTZLTsOsFiBLI0k75HXb2t7Pi7PZL3q+136FQFL2H4/o/3eXK4jXTxSWIRoOkYerEPoPRDnheVsw==]]></Encrypt>
</xml>


2017-12-22 08:50:28 debug :
------------
String:
account-ticket<xml>
    <AppId><![CDATA[wx7f83e93205d2fd31]]></AppId>
    <Encrypt><![CDATA[JUr35AiikIDRyaVieY4tclRjOupufQZhQviAgQ2VuLc81xKhx33Pg1JeOjlJITFwDo0uEFlRiw3hDdhw/QU9CUOFSWSOqrZpWO2eQuHPAE35ry/Se441KfxxGtGVd/rJy6ZDf4NemALUsYWSkp2p5ObTtYd/8rVfFtej8CfQQI6OFnwcagQUyoHxNvNAvQNSSwIBudvDobp1e9Bbybi8rxAlq8VaFHSpYZudOi/QcWMFnpQp5V9KB9L4ttm17qoZgYr+iNbTtDuwujurCSr4t9pcaeIG8zuuop4ix0cMGvVaWzj4Tf9GGLkOnc9fQamgaii8oCxOdu1sUj2/dyu2MBdXFFH2yfP7w4cTnQIn4/Q7kK2iSHWw1DdAMmpBaq+Y2qVwjjgPcSzHM+6C+/30y+YFyxzOPngxE7hQidJ/5X2HlWIVIr1q+p3xrurmrRP7aREZywiSz/osXCaD0R/+Rg==]]></Encrypt>
</xml>


2017-12-22 09:00:30 debug :
------------
String:
account-ticket<xml>
    <AppId><![CDATA[wx7f83e93205d2fd31]]></AppId>
    <Encrypt><![CDATA[HIwH5TkNQ5Uqo2ANEV8S/x6fsMpibmEaB/PZiTCwjvbISX0iAf4rqKdUT3hksgN+u1kIBNcFGIRu7yPdB3UY44Duewarv7xTGcMTLNVLythQPxVRe9scnrXYFawMFqrnrKYhHXl+BrSPIH2z3fn4uwMtt9cxLITUDMEF1I85MWvPD+Jo3j/ZqT6fMfgm6hW0H1xJzKRp0T8VZn/48IWAfDAl8+crp6pPoO/L/w2TCkJwA/GAPharSF5b4YYwxrwafOPaaDqhMu/e2lsFh1CPR/YQR+MNNENsUavDgkXwreI+YN+TETQ/j4xVMlgxky+QNBeXQXvgxcxxcP878Zc8a9COigL+UZQREMT46cJaAhMeKQod1zuvZ6gHsseipoCzcENP7I8ydHtAEdbpTWPLrT3x5qpl2UllmJwMBh7pnp9LjjROnANtoa1q0MmDax3T3gw/DMBbRV6IsPFdaZUfBQ==]]></Encrypt>
</xml>


2017-12-22 09:10:42 debug :
------------
String:
account-ticket<xml>
    <AppId><![CDATA[wx7f83e93205d2fd31]]></AppId>
    <Encrypt><![CDATA[V7k81GvVQkWNkH9UHHWxQ8CdiFTpZpvv0AOkOjXEu6NTAlb4x6MSGwxNjszNc49nrCb8+jyVzT6vzx6uPPHoJVaD/BZc7ZI5F9OSSVH7rVwZE9SCLoU5K8tmwl2VsZRXvwe5JnvC1qNJYYEedL7i+lScF1rQATHThjMtOuMwk2jHfF+KfbA32tSxbKiHL4ajLAIWUUHlyerD7L6HNAN9kIx3cgEjn1v/rebtLcPidyzVK8EpddoHir93LbJPs9KHNvD0nWmCShPV18CeVD/cyITEdW9CSzY6YwYeQAJ2YWMaGlWiosXmqXtGcPvEdaB7UNgG5Hp8qPipRMvZzTwsgBZMej1ho7NYwJFF/0HHBfLY8lNfiG0SEPoHDIUs5QUg280fIxOFfBu15GOFlj8rhvqTumE8qEw0f9HM+yviFwwhehjFeZeE74PbxfUrLrAOl/GEDwyl/A9qFeQmVtsxdw==]]></Encrypt>
</xml>


2017-12-22 09:20:42 debug :
------------
String:
account-ticket<xml>
    <AppId><![CDATA[wx7f83e93205d2fd31]]></AppId>
    <Encrypt><![CDATA[O+B27MXwedwfIJj/pVKYAAWj16YizqjVZKQ4gsQwxdX+pQkrHSAKG2CzlwhkVJ/l7zsWt0USAFzxnxwEBZg7oXK2TyoTwotnFV828atr8XdCaM3JTOuLHNtIlE/mz4+R3vJpBljgD9v3TaIVoGS6pfMUF1a9dCqv+KsKPM61qDX3M69Bj8prbfZoyXALG+KLjrVn3TeWNNxtLeBpS5trU5YFls3NzZyundYar0Demu/TFRuAf3MUGMt0EZMJSe+E4oaqEXcViavfoJiqk+HBnaCDHQVlvjox//nMAoQ2m+moDWF8Jko91AHx3QeEerkb2V7cDvV/CosMLNrPLpF0H++WhILbkpHjIzg6/Zc34uSfgIkEABtJ6rUQ4OUbnnUz6rz7C2gKI5MMz+fKwoY1k3QgVRaP3Kmye/Eon/WIXEJZIJYP1dIlGHewRocBr35Io100V1ECX9uxxqpFUqwaAQ==]]></Encrypt>
</xml>


2017-12-22 09:30:44 debug :
------------
String:
account-ticket<xml>
    <AppId><![CDATA[wx7f83e93205d2fd31]]></AppId>
    <Encrypt><![CDATA[LgJ1Uv51aLwWK1hYNqzEgEOMt38YZ3iMcm3UGEtB9WAgYpkLWK/wtap+eOsA+VALqqrThA07S1rpXPiLxNaAiHLrQwzUgdbnccltgZwkr2GmQaGeeeezI/12eqLFDIpdFxSpmHYrVGNsf53uOyp1Hcm1nBhMksBegWJfLd0GWS3yi5Xizqc3dYDvnfc4TOn1R4DfXaHRn1rQT4bXdVEU+mijbtpeFK26ReY1+rPjwWcndJAHl7iwfZYtBX1KnDUfmfCaapQ1hI7FavwTkwJLMX3hg5zFs18VUmRg0r8ySHbtNXnZCLQzJJZvWYZ8KJFu/QyM8SpgFp+jp0W1PZzyFEnzLBUAmgvFL2HiqFDzPUx45yhB6lxioqrziZHmJQBuald1kiZDKz2yujoHAUYzoW0vZCJiAsVkprS49XfIf40V/Lc/4JJW1lP2ANWMYxPNwsM9q6VuLrNYCI/QMhvNvQ==]]></Encrypt>
</xml>


2017-12-22 09:40:52 debug :
------------
String:
account-ticket<xml>
    <AppId><![CDATA[wx7f83e93205d2fd31]]></AppId>
    <Encrypt><![CDATA[RLsrNTBF3PbZwVvmhv4+L0vqaLZ3kMQrO8++/EUaJ/YqaiaBtGD50GGP4OityeuA/7QHAy9xUTlKa4C0kQZs9Tr8rQUcrQwiUSewcUoNsO4ijF27iA+JmhUa2pWVlYPTd5usawz1E0CYpp+NXGlP6GYw52WrWun0akCY3kH2e7y1K7iUhZBE4J0JiLIqz1Ztm6jdxsmflt1j93/fX0zOW0yCq15/s1B9pn9t4eWLF8q+F9Y+7b4/wi2a0dZNlbrG/m4dp9EIwMiT0FXnSJ1GfkDtfIGHTe9P0AwswKoD+3YaaV2bfMIl1yaYD/aKH6IC1DFQLenwJv15jAIBju9vxZ8pr70I5ZbL4+GbjQ0aWxTVf4OzQU+29xIomBRBcKvmVctCJleeKE0bPDGRt6cGSe/XMcGWB1GWNHXJaoeu7oO/SRYOxK10ZYFG/xxqjspktUOcLcv0o6BD71kHcEhGvg==]]></Encrypt>
</xml>


2017-12-22 09:50:52 debug :
------------
String:
account-ticket<xml>
    <AppId><![CDATA[wx7f83e93205d2fd31]]></AppId>
    <Encrypt><![CDATA[wAdxyNpZLxtZ04PFvDPQf2eDjHwtFPLE+Wega9cvcjtWXAOmtgTINpvkAOWP+PgXecrdAJTnA5Ug3Vd/K3qzBkfUGXtTfxAB7AYMwnUJGbOlgW0Wk7yxiJIerSXyspiY68p9WeB8PYy6Tw6/Ln3Aky3ezuuAidmuETXBnaTYpLZr7LZh9ykSbEzxTvT7Yn2z5XiYx6VamBfUEr8JcHh6B7sWhXtG6deFxuo55EgG15LdqNvi6oc4NbCU1B8NDVZdraFDzIuXfIDwtfJ5X20igxYDeOnt3C2/SFqkzpaePsPDnm4Q9Ol8dPjB8wTStsrrDAf5dnlkXIetLyZZtaUyyQMNBA+zaTLm8qsj8FxPP1fFXK3ZPH4AKULh+42EJRKnSLAgxDpAZih4h3bwjfchYIpuPEDOP3aIlJomC7vsdcGS0ysfG+G7TUEsrQ9mRIeadHfzE8YKUVHnvxwdiZB1xw==]]></Encrypt>
</xml>


2017-12-22 10:00:53 debug :
------------
String:
account-ticket<xml>
    <AppId><![CDATA[wx7f83e93205d2fd31]]></AppId>
    <Encrypt><![CDATA[BL3iABDvCC4jPxX9BlHECBXeWVcNrJIhXcXdT3osVT3kxQvMPBODLzrrR0SFVUtZyV+BtxEJO9+gJA5o2spK1MvW/P1pWXUy0zWwF3f+S6uy4ybICFwretjIVEqeV4Q/+khi5oaHC97z9JHevRmK3yZPz9uoufmg3WHm4xlvA7E0SEmGLC0V7KrB/ll6nx/iesyu9a0TOVgPnWHGmuqg+RJ7QPOgIcBHQZxiHSY4tokSe7XfndnudmSubYRbXYaMuKqyBLTL1xvOfhead6svmFNsUxSOSaDXbhLf+uFEvgXGuoUYo1GIH9/v+IbGpjFxElTPgclO8xoUjnYV6/3SOD4X72Fk95nWo0aeJRBwshnVhz4qs7lHxj26b/Zd0QtrYxqR39uu2MlZEx//jRzHP7w4YJg0IG39I1ebDwMrVHitXCSXP8Kcxbz8RbPYVv8rso1kGp5gfLa/9luDg2nK1w==]]></Encrypt>
</xml>


2017-12-22 10:11:06 debug :
------------
String:
account-ticket<xml>
    <AppId><![CDATA[wx7f83e93205d2fd31]]></AppId>
    <Encrypt><![CDATA[iWRrH2ZmvfaRzYart7DyIhHOvIYQbrFCnpsWGSIyWe67qeZjp46ch4L0nvdkkOPFx4X2t40A0kY+pLGBTTl9Ru+DYsTFGXznHDpqQjCdck2UUC0XZBk/IYxOU4EldIYw8PLZL2GKds1u0bPR2OE9knErCSaANO+1pn0fg6jftNsOYMycwVUTFK18b6EWy0UdULNN+lN6MOgGmFL+4WNYHuhpTJkI+LG1MpSqNS0OtJe48NMWIxe4xrms4Uaz4+FkfguKmL1hhiBt8thrA2FYx33bOpkDvHsOV5YI49qhOHNM2sNlnimxZIHno83Sdj1allfchcSnzlYgYv050XQFmw0qKa+1C4jmj+jn90r5aB4wYck61+xsiiFSN7NkhlRFUNTGSDOjB7qrs8JlMFiH8hgc3CLm9UN6SWZTfoulKuuKjV85IFLwXFBmJAGBelvPW5j3RU2/aQUQZfxYQTQlLQ==]]></Encrypt>
</xml>


2017-12-22 10:20:54 debug :
------------
String:
account-ticket<xml>
    <AppId><![CDATA[wx7f83e93205d2fd31]]></AppId>
    <Encrypt><![CDATA[Dh+gtMN1YCl75orp28R0KdZam/AJ1hQRpGWEslnE7WnDWwtasMgMP8mL5qyHJ/+XcU0EQCWsIMKMDjyTbO+1xcffhOIAxdr/y4CkZDBkAug17123L5y1P9QZ2v/ibPLK/zd0X080kOggPjQnPNRYkhQLhSBNpxTul1mxfZJZlqbkrRqQoNy51SybncTeIReasu0jc9vIoVnRIPJ++9NfU6BbHZ1WB+AZplcolPpTvpSnLIx8uwKGOULnxdh1NLh22y80J0Rdsy/Rwr4LKuBgrMLdxuefWyLPr1SZfQKOZ5pIRXjnX/x+UAxsGW22M8Rck26btY5Y2hL6TDgfUAWwCHJE/ZNb2wt2Xk4dU+woDB50QLjMpupNqSobxTso+7byuYsgTxQ/7YIiGArTjwL3JUDUyrWkRg0Z/ButSMngDIGj+hB4tY9mXQ4vufb4QCwr4SbZip4lmfQltUi+NLQiDQ==]]></Encrypt>
</xml>


2017-12-22 10:30:54 debug :
------------
String:
account-ticket<xml>
    <AppId><![CDATA[wx7f83e93205d2fd31]]></AppId>
    <Encrypt><![CDATA[ISAUGt0wJMHVUnx4xHqfqLpWoi4QnVE2uJcRlyM8TqNMPYiMYsBDgPTX6g9JxBCOs71jC7vQMUlKuFFfKqUKEiaXGr2JFZuEeL4T1mcTENiK+bvHHb+02R/qITr84h9m/DkTEl5nc/nXhAJusL5vzuybIlTOrK6P9Co1rrjj3TAJ610u67q9cq8qUIjYhkS4cR0dMTBo2tTHwtHt4yKWfNeDekxoUGH0IKI4g/Cm1kt8AqR3lm0kcpA/vbAv3hVzN+9RvYkg5MGsXkBpA3FJXDGPWvzeC4qcu32vIYHiDlR+E8rMDw2Y2gMGWu6hM76fC9ISdFnnUlZpfFFcs+1rt2YnrnTwui0olVyBD4apbiZHJSiESrs9MUHDvmDIOyEnEK4C8q4ySbV9wZqDN9Z4YewVlAZsj754XCHuWJpfK8XWkRUjFNoCIGeaKdjG6ZGCOWKWMXkCNlI0ZvyNIvZ6/g==]]></Encrypt>
</xml>


2017-12-22 10:39:18 debug :
------------
String:
account-ticket<xml>
    <AppId><![CDATA[wx7f83e93205d2fd31]]></AppId>
    <Encrypt><![CDATA[53sxHPMmrbnG8lrGc2UcsrJfNRcpWsQgoCUL4jHlopL77LelR6VSheJurVES+xp2ItWZKaYQh74+Gt+CK3fYjG05sqdpr5qZ4KSI9IfyWkGtgDwPV7ROOz2Vq/mK9UUysI4crLZXhQwWDBXbX0K5YZ2posL5iARhR9kC+EAPoCaaah6i9EpqMDa1/umIVAsioUpfQTAmdN/92s2k2omLt2G6nKUdDR50rxjaLRQztusSJWU4DGWqx+edkQoYxRFLaT9nsuIU27ncq6/54JQMX+kQgkOrcKzNIrpqoUnt8gwor6v4I7hUG/4uGQ1N1n3Niuy9wC9yVPNoqsVrJI9PmR1nSGLrLmi4aCd58oko3xg1POB9sNeRa4eb+j6Ftt2xnzAKtAULD2AJlk0rP1uUYLM8s0Q36CYIPrkKZ9U8t13OLna3ZAK9wI9PPCVjNH6WsgNlD2nujyMmpUahQBq0ig==]]></Encrypt>
</xml>


2017-12-22 10:49:10 debug :
------------
String:
account-ticket<xml>
    <AppId><![CDATA[wx7f83e93205d2fd31]]></AppId>
    <Encrypt><![CDATA[UshP+gqrXsZjatKv6tc5bcS3dejJtjZQVRZkDufk4Hn7ZnsMSI9InY7Ii/SPxNrB1rdHqpJYFU+98E5li/z9MLI+ub8/WUb2kE5AM0dGSsHC80PT3Wj/0JD+BWXu1LeCoYYvVwE8Lj3PGyxsDQdZA1k4KdqpAbo7IXFy1NjZjnjTRUHf3xD7RDXIdwRDCiut6OGerQHy6QH81GlAkGzY4CQI2WKX4HdPbKS49ry5+5raJdjMu/A8N2ecvY2hUkkhdEUR/qPN6ITDVB+MlCeyPc2rIANc0NF6FzuqcZcPBIzaCjbBRaPv9WsDsSHpPiKV02GyGCPRUHJSj58pneuOquyndDNuTdvq58XS6s8AUcJfVaKuuO3Nlu9eWfk43+biOpKxY2uUFhC4VzI6oL5GO/fELI9+qOiPXfe3Rzn586XkJ9J+c7tHBQVi6DI5aDh7ipJRk5ZJkYose3o1/opGqQ==]]></Encrypt>
</xml>


2017-12-22 10:59:14 debug :
------------
String:
account-ticket<xml>
    <AppId><![CDATA[wx7f83e93205d2fd31]]></AppId>
    <Encrypt><![CDATA[7c2sBjbkHI2mKAdpSnLC2fZxOxveny0ZWogH1FM9Dh6h6J9E/RMcUa2Vn+As/yyBjH2WRYO9NvUiWhvjMfyYnPXgbpUhO7m09zU+I8Gd8Ltvz2XDL16xKpA62nEeP37d6b0v8AoLQiBNAhDUbPjbM2UyJUUubkiyTQYypw6zIudpXpPP5sJ2FA/dCGLqLhaXkQWm4KfADEsclFENPHhIMJ5U+bISQcDQiOtR4uYBbPpdh7ju5fK968X8ejiXdQTD/Z2JQaNy7iN/b6JufKSqH3OqXGcftYljUvxtcNo2BDvk3rWrGj7y2uQdF+LfLRUmlD1ACGEpxBcfof7carAOvldprdAJW7xxfb8IHGebKyhos9Jm0YSdVwFZAwq4FP+7NnvQbRyYie9x7WGS9//TnUYrc89Q2QVHq9+dOWRlZ4OxansohiTwf1E2iSDm4Jy3mV2hbeXKCoiBTz8xCYeL6Q==]]></Encrypt>
</xml>


2017-12-22 11:09:30 debug :
------------
String:
account-ticket<xml>
    <AppId><![CDATA[wx7f83e93205d2fd31]]></AppId>
    <Encrypt><![CDATA[NZzUITsLzlpqZgjnNhcR1vDP9xGRYpzfIm2U/6jXDAYuK+6p/FFzjtPmwwSUuuqz1w2UiDgzFy9Y7T2iIynEs20GHVZSktb0S0kUySKB7vinM0uedYWzeeA7eGLD80UWORylBgbVZaYBgUFuAhELKfy+ZN66TH6ol0ASAzhqXavU67P2wtAAzPR2fRAjJzeLFvLYODbNqSRCBx6ArL5E5fezq/oImW2u6dOueu0U9Pj5gJ4lRJhvXOdnOGYlKrAaqYflHs4j11OJ3sJh33Nu4zkIuTTPaROoQWoxZxZyZyAuJSnm+wHHg4SKsFmoNZflg9MOAeFy6xQtCnaTssKAzGTVlEbm/3yZb6ZnTGVfRUBit9AdAUcU3/hC0t3qX/0mfnEmuENhvAHpL5ljU+Uo9ZqjoY54OFpHRFOD583ugLs7j7PqDrIbNppD68IR9hUp7v5xpF/oizCJKegCO9fpJA==]]></Encrypt>
</xml>


2017-12-22 11:19:26 debug :
------------
String:
account-ticket<xml>
    <AppId><![CDATA[wx7f83e93205d2fd31]]></AppId>
    <Encrypt><![CDATA[W0S4lAnX6NqwpAcWxRQiAndca3scQ1wftAGPEek+MEevOl8tJB3mCQaHVf0olsdvwU9AwB9ruHICbVnuBxMRU5+WRvf50m+zGWdN/asL2KvwWfpH9421kS63zC0wKUvNrejUoBQVChEm4R7Mssmjxq2QaH9Zo4uNNpkQDJ5P2YwV7f2GAoYJr6uHaauqCrKfCqPa1I3WNfJI7cflakW4cMg9w3ghEhOHGd3dqtzQu6gdKrgZ4VxiMTetsjEu46IIcOZkIcXJJxSKtBYTcY93WVteWFN4kCwZoaHYB7C2F/CVohrQBtwsnafSWj5c+bQXD5mIu8kKwnoMveGxCcBDHK3vCaWaMeSPrbm2C5OcVdfKZIE8HFJrq7IGx5/5LZKRzVdBij/iCuzwLpbotl0eHPB1u0ffNWd/FSD4wRHKyULzOaktbeWdHIMDf3XjyW+lZyNfP50s63qrftJp8k9tYA==]]></Encrypt>
</xml>


2017-12-22 11:29:19 debug :
------------
String:
account-ticket<xml>
    <AppId><![CDATA[wx7f83e93205d2fd31]]></AppId>
    <Encrypt><![CDATA[sy1ePXr2LvGBQQ6+BaqpV47w5azCCxdVaeIFM6NC95nV1lOwEK1GWnf30EIfJb8T6TiNd3DWgNHfY22Mv4l0Q7Ws1Ggot1EUAHopfW9WPFwcS46+OINdduXpseo7V57O7FtUx24h2PLnw7WoNOJF5EZv6t6PCC9Jfqrlv6em7olArt218dcLchjP29r5GJsE9Zkmx3QaPGxYt5DBslPEfPFhyy0Rb1DINmvr4kmdSQz7CoCBA3MOKlU2mqteQ6PBBQbPt8424zMdPTMOdUGVs64522P2W/n+iQe5hwmxiX+QYiccqnZp7MB/7JhQmzEc3H6eq0/p8pJiOQ+c/S6rWLmAK0yRRix8NOLUsAb4tgBqGnaJLyv9k01aUACxMHy3u1q82trWzQj6QdDDIGElFLLLREMqs90uYI9xzpobesL6p72TSCKkYDCmQcpu8BHPO/R+hJrduNhpkdUml2KAaA==]]></Encrypt>
</xml>


2017-12-22 11:39:25 debug :
------------
String:
account-ticket<xml>
    <AppId><![CDATA[wx7f83e93205d2fd31]]></AppId>
    <Encrypt><![CDATA[Khx36vS3u61Kiog4A0IfR7/39aD7OxKj0ps5XRLM7T84Fs9DTZQTnbAcWAYuI0rWEp5b/Sj0U7KvGVdc96G2uh2PF4O8eZAfQQpIjjSip07N3ZHPPefag+Xi8lEFuYU9LGDDVy5Q/RNo42QUrP+AR2G+5gG9zKw2Ni38NTLCAVqcTDfVlZ4VkVw4NKbhF2iGBVj26wiyRZNu8mssFh1YUTx77UMbIl/1RfhZvq3Y2UvS+BAm5YbwiWB5HU4bSRO7Ec76vwYnVYPL+rcKDU4ee4sDJ7PT4TmNvAl5P4tM464f2uPOO6/uPNJhPZNIGd/aFvN8XgZETJjXNs5Dy/2gF/+CEqMx4PcemwwsOCdMvXk71KpTwT8Jz1Vinh3CY/o/y+9xb9vK3nBalrqSiHJ877Ur4eFh5ORAv3bEh/RfXZO75KlXJMI6gtaxbddcWKUhsOvVPsoUF4TRYhE502P7Kg==]]></Encrypt>
</xml>


2017-12-22 11:49:19 debug :
------------
String:
account-ticket<xml>
    <AppId><![CDATA[wx7f83e93205d2fd31]]></AppId>
    <Encrypt><![CDATA[zZ+cQYNLp02FjOcy7yW55vn6XeGZ7bIsvMKyjOwdc04H5SJnQimHjzJIQMC4josAoi8lXYhKeJAZbCU7TQpFAD+/i3wnusa3nhZpgFeqp2iCu4LWcMkTQhGu/wrGdtrjdTwzhRAnWmJkbw1/RPddIl2GW+T1mN4vsfJO7G5GzrWAUm+IR+kheS4DUTXwoe6rj3/wopeJLrFD0GUAzlfYkY4PZsY2RcaKsT5HxQwfyjtigGO5xmIC7DcRR8WLy5f88ysXo9Ozkkvg6m/eAnK5Q/jlhdJODKvl89aKJccvXWK7aInG3LFFoiFYiJbSkYKY8O2Ui9Se39AWAhqcdkFL05zaheDXuLzESr1bZUrWId8to3kRI+z5SsbQYuUil+DeKBavpx09H7K3M8/5AqRvsGne0sdcPrB9fk05w4f6mSwDoeNXMHrD22bhCGGPxtPORcDkMBr6OpsyuQwyyr3EwQ==]]></Encrypt>
</xml>


2017-12-22 11:59:17 debug :
------------
String:
account-ticket<xml>
    <AppId><![CDATA[wx7f83e93205d2fd31]]></AppId>
    <Encrypt><![CDATA[q+vRjPbdnO2N20ptlXYrEnoqLcER2+Q8VN9fQ6VfSyDZ4Eamqy1M3Pa5SJoqX6fsRDheQUTw2KkATqoCLtYU9/7vrWFcDag9uHr6ao+QHakZ5uzgDcLkjrzzFEuP4B9sEOx3d3/TfNfjtLVnlirbkWPUn7Lg2Y05SfeVgmHsJcfJi22KLCU0aOjLNT5m6rt+xhh+iNFofNG0BZaIGc5qYgdM6VQV7uXfOoOKFnyhJEXpFk0NT8nWRl4iTqirLjTE0PrhTIelw460qo5rhhGnrNyQY9aExYmbGi8YVCDJ05jikwXzz5R3TOR1JEAJML3AeVcYbW3kjvTl8DaKR8+jxk0ETApfNqsMBeUnVFpDTzqFzCqDTLKNUAGgnpr8E9cKRkoMqaRzrivnsrgcXzftj1bxC6iatx34WfItz2JhXpDcHql3btqoy+HLhtCkZP/PI9m9PDunHJtuu15DhRDHpA==]]></Encrypt>
</xml>


2017-12-22 12:09:34 debug :
------------
String:
account-ticket<xml>
    <AppId><![CDATA[wx7f83e93205d2fd31]]></AppId>
    <Encrypt><![CDATA[tC3wcDuhipPHNDCSzCgjVwYBkZHct+RYG53MxVvlnvHKMoxtDzwc5DvmWocBC6iID8boBEDjnFOGl7yHDIH7GV1fM8piM7nrAFwiNmom7/3EJj/VcLsIGXbjIvXJhXvNW/mR/0nhA3OzrUr9u+rfr61lmSLfvlBILGaJbaPIYpjpeI+DmnUJuui3YUuP/3uzqc5qUNzK10njA8L4b0JD/7ICkz0j6AmRcwHDASskmf3y8DCgKBdKs/DqMIzFn4+klwsUOgg9df45gRLAgDhF2AXJG6oncVZjAyMVd0dBeWpVigjoOyd5rvzxLcSTvc9GrbLomSNk2VVpA+hm1yFnzG6XYrY2Wvh15AEhD4LMbYvIyD7oTFVTgfWPwpdrjYdPvU2pwxVAnTwrLrDBoAGXHSyMxod+vsjLWTSFR5gd5Ct1gY8T+mUsTtOqBOEScE7Ba7yLOKs2QcmuW+DFMMf0ag==]]></Encrypt>
</xml>


2017-12-22 12:19:19 debug :
------------
String:
account-ticket<xml>
    <AppId><![CDATA[wx7f83e93205d2fd31]]></AppId>
    <Encrypt><![CDATA[FOGeTpWrjiZM/9GVdaCUB7o9JCrDP45GzRFmYQaBmfZt+BzBBxztgt8FpWop/Qd4j67Vo+Njd6ZtjWxce5Zr9w3F1sFbp3e1HlOptXjBlh6faC+aYNEqNOZrcZNA6RM3CS3u+IV0KFSnF32MKeScX6qkSFzpM6bTBVBdH+5eEbyKdGAP4vDcwzCrgbO8qzJ5XOLMHafNCTnLD2f38br6s0sLe0sHL28edlqjOZjdzET6HFH6Cx6dd5bX/hFek9AOCblK4AtgBzLFkU0fMPSi33ZfVLf/+jwcSu0PoCFN8W6rrOA+CXuFR685h3Uea9ThWF8C+Z+sJdRZU9s382ypx1j3n6vHUxVhaxj3iHwaPtzJ+CQDsEFKRtF65qjLIfm0u3EPXKLQbtHXIo1bFnARIkhWsflWHOpzL11ZWI9IcL+aRqhrnQ2EveS4v3UAh14j82ehaI444Hzv6EVheL1yew==]]></Encrypt>
</xml>


2017-12-22 12:29:26 debug :
------------
String:
account-ticket<xml>
    <AppId><![CDATA[wx7f83e93205d2fd31]]></AppId>
    <Encrypt><![CDATA[FkCVuLZOtb+UIGUfXIdWQ0ezfRSSA9+E3FARLkfs9wlJQCynUd3NImH+0UdjmEuQgxELwILp1dhdL3IkWcijI2WYm5vc//LAFSM3f3EaOJ78JOMa+pEtVMjxa++NqQgKajDXZ1ISOQ6s8/1IvQbnH4TnTscuAJgbQe1Fn9jtgEP4LX7hiaPTKhUBga8AmF3QZZ7HP6kEKg907y0I5QtlrqqXwhXyAiPTo3nXb6Q0k0dMzKiBW5tasGcpx3grj3a/RIDSBipAT4fH7qxmsW1MV1/EZLvQdiNPOBTvC6EILmQy++TgfhQc6rpCHsDfoOgkdLLogNVLCaEayb1LN+YEzjoKLksHDoB0psy8ffbiJTIwFkYf2byNq+Kgnj6W9Osnp3zu7P9w15ckO/4LBLrq+8Zre1Qshw/twf8yrspjZRtygQZjvVbCIfoVriMjRhoeqlvEDgue7ByBoQbGDyYSLw==]]></Encrypt>
</xml>


2017-12-22 12:39:28 debug :
------------
String:
account-ticket<xml>
    <AppId><![CDATA[wx7f83e93205d2fd31]]></AppId>
    <Encrypt><![CDATA[UYBeBKA73qvoRprVJga0bcOmSHf348aTRfzJP+8ZoHpuZ+X9kLcvSY+K3iDQKeHLVKzYsRI8AkcyfaGuiDb2Qe1w4FIaVtQaypfaBq4Tzm+qoNLW5h97fXepUPFbKNLhXmiGaDRggQBEZ4zWiEQh3srfy8IMOzC+tdzi9qzNFlO5BsNWkrnzpXw5SwBMU4Xu/+DIGqH3P9FYTQWE0PfzvOTdlbBoPUqm8Wrdo8jkhIu+yqzgD3Itkf1Vy85BnS6+lkhebraIRqJKRDHQ9FQCG+JzTK3seNdmlp9oTMX9cjIPhhiSYIUeSMv+vRr24Lb1A3ckhmbZ5PYaLFV6e5/zIwaeVfMIJlf6tvp7SC+R1s+tbPdVbhJQDCO4t7M/84+mqYpMAF7hMKWUhzFP7FQfWQTSVcFXayzmKGypQVfIHOFjJIixL3rWi4yz5NSzHZ6zPnuVRHZGiEWKId0J1PcUXw==]]></Encrypt>
</xml>


2017-12-22 12:49:20 debug :
------------
String:
account-ticket<xml>
    <AppId><![CDATA[wx7f83e93205d2fd31]]></AppId>
    <Encrypt><![CDATA[7GqF/bquxVRQpHly0wYZY6u83SfnifvQnWGizKXRqPTDjuThnnmxr7n79aLFAD61RDMhfLekoeedA3UWvV/FdchrI8dd39nZ5w/NWN63hv6vguzp9Sh9mOdJn23hPtClSGKRmvowA1eggrACj2VfhvNRTKqiDWLyI+K8xoHEdpUbanchNvb4NtPsiK/al5kPn1aPAQBM5ue2r6Ttrcw06/BB0kKr8sNEsOPFOXTSyY0btzMTOUUmpkDuDcVcUGzXoGpYIXu+h8VATZ4nKxTeOOoxGQmKneaQu0CvJIAz5JXbTT98qpyZnz94qgOvE6EXXt8e6CrKN3YOpC6uVDMNJoNd2oJkZ4CfB4YZwQWkpoQ+Jfz1elvXgNjRVqZM7LL5owopUV0jXOjLVdoq1TzfcwdY9KW2PBZR73uhyvjcVUONM2KgkDB4OojX70emJcxTe05pLBqWZ62EsM/LiGf3hw==]]></Encrypt>
</xml>


2017-12-22 12:59:16 debug :
------------
String:
account-ticket<xml>
    <AppId><![CDATA[wx7f83e93205d2fd31]]></AppId>
    <Encrypt><![CDATA[7fdd5eUt+J+GGcQrdHIAxbPTPVwoiNT/5/GkjipcQ2uujZDv/AaptOj5hxh+RJkm/XN6ybyf/rqHn+s7CJcg40SGhxUBgyLgQjzirmfiVYeg7c7AJzgpD+c/OUnoASgJSmyoQ4yBkjj/N9htSPGp/TdhmSRythX9KY41o+uSRhpTq8EzUyTW5tUwtzEixGNNcSlI+DqvTZXf/21+NH6+mISxcdiDPNW63YMzUuhGu8n2ytEmz/PhZao7nk4DG0O1odmX2SxgFxEg1qfl1QR9EoGy2RqQqJda7m3QJNFIKzDjdU81zRX3n8cR0KirP3f5bAuBt8OodKpKVFcUk7vmCS/66liLrr+xOJugM6brofRzw8KX4pS+PV0kJ+0yYkh73H4/iCGi2pup3duPfmELXK10cY0LIKOrK7Q0pgZsdmffuF5c/g5O+g3WHCd3wWOzPSyQeLXsmCtpvhgHUfnctA==]]></Encrypt>
</xml>


2017-12-22 13:09:20 debug :
------------
String:
account-ticket<xml>
    <AppId><![CDATA[wx7f83e93205d2fd31]]></AppId>
    <Encrypt><![CDATA[Iu08GJAmKTbMIi/v2IFCC2mTALP/GCnSDvCYnkyoZsg1ca0ej6x+Eab7Aa+BrlUAYu1vvpy6+8Tk/kTgrydCib4cnyLITxK1lCfSrpSmGJTb0KtINoF4SaiLNbezlJGks600hB1JbQdcE+6RZJmgEZvMfn8Sb/3D+v5YCTMpT2ij9Oihc6HwcFGTTzbaxnQX0ynBV5dAfvTcd8YXFNAtfKrAydGRNOi2zmvfFNUf0VXfX1y1JHU5zoR7Iy+AOJwZE9cjQlSBQu6fSCVM2AzgRMPwroqWatl9mToYMlbntxnXuzqibgFG/jwytxQ+q5/DQn5xcar+NYb/UJgLPmdErIy6pN2XVFbbKf/OuoLFzhoTd1Fgeeo2MnvPsQV0Gdc+gw4eBnUwVx6JaG+ovhYzeoBNtcHJZkFl92NmREqZyqC5Ox4VY/0nKl0rMyy6Leaul3tg+VqtMtr344n+O5VeIg==]]></Encrypt>
</xml>


2017-12-22 13:19:14 debug :
------------
String:
account-ticket<xml>
    <AppId><![CDATA[wx7f83e93205d2fd31]]></AppId>
    <Encrypt><![CDATA[Li8BKksMwfERDnTmrcbemY0USajXBj2AOXYtezN6bXKhe+I3TVDjId5zAVoC+e9t7W0M9dj6aMcAe0HxM/65U0rfhQfE4+JJ3uxIRNyR1LdkFisDVRo0Ae1qW4pbcFGCvUCBcFa3A4N5LJ1ngtlI3VmOnGkmu3NiagRUJmqAOxQCb+uWdojJo28TG8jlbp3AqiDxoDa0QIImwX88pOQAR2mAhwMDdtdh+VzJ6E91LXLjX62Vzfz6rNcMoaRn295T7WyQhXIKbUISRI3ttKOX+wQ0bLkubkb2Xse4Ya4HIL9LxlMdSE3R2/RP8pVXDao65Ac9gL+02h6wIU+OKYwevhz/n7LwHU5tkpZt5RfEQKIUVeimneEQCgEnrJmtdaG4lkP/UTYuQ7yZzL/TDzJZxX3t+0IIQgBZjQdcDP4+WsMp4Y0cg+E+hX6YVWmWp2/0b9NjvgN2DtXUd6oyol4Ofw==]]></Encrypt>
</xml>


2017-12-22 13:29:07 debug :
------------
String:
account-ticket<xml>
    <AppId><![CDATA[wx7f83e93205d2fd31]]></AppId>
    <Encrypt><![CDATA[SukJWMMzes/LJElQeZav4CsoLlxCjygXctKdOjtMKssQMc3cMEC2u/slyOskbXw3MAE9K9FgeTZ5/xQ4rNvU9UQ3oJBzhjqxhTJWGDnx/3SoJcUKE68MQiuqq2ctBgGqRmagrJIVal3N4a3SUln2Nlduv6ADtPWaMKLatN63eiOVMETUeOE26gfOpxQ4QsS2J2h5xi8oe59mKDAtyzpAINxszpdY5LasmcS+5PX9cjwZ9jsQadMvzZlPtn5+9zyO3DH2CwkFbMO6ZEU2ii3mo+iG5m0JnI8zopqvId3hmDAR31SZwqPjqBEmgJYKZQBNB7UYBV2ETDGKDs7kQJVbyaNkE3FDrFXSqY0aKohWU/pH2P0vvUFOCUcnDK0VTl/IEdB8n+NXd4CBwhzx8QqvGX0VV4xyU9mEwI4IE/2zwHHeIg9DJTaQflRvSR3l4G5OG90Gr1hwK7AL2750oIDSjA==]]></Encrypt>
</xml>


2017-12-22 13:39:13 debug :
------------
String:
account-ticket<xml>
    <AppId><![CDATA[wx7f83e93205d2fd31]]></AppId>
    <Encrypt><![CDATA[++3d0LA53ga9Dy/jSa4RmFHZILA0DI1cDYyW/6n3OGtizPQNrvn1hIlrX6eByeJb7+Lh8+4O2PPUJrEif/xvpu8cxOZTjqQ4OMMLASSa9Lbz23tOMSEZP1CEHLCvXW9JiKb5faVSxVLgbQZoe6cbXuiXIEdKPBYvFyIFxo8jykAfZGca/oXZiIk21YRsUNrJ+0tIS3jrNC3N/OPb5glo03hW+mED3g1IZBfUwiqTQYtT99aZwTmbWyAHM5V7yb8tpRmEiTC9sJXkjkwhcum+mL5x5fZZTv4nSUfCIou5Qu8KutEsNRmTEr1SAlvKFOdZIQErDXS3OPEcS39DeQAiclDJh4uqynS8jcWRyRW05Ty7Di5Gg0gHeFNKl9DkHPVKuWS2OrpIVsvcZSZPHoGK3O7JeHRPpzJiuU4H7hlM54xaVXQs2IovXTHRo6yaFawNJ25pdsZ8GjZOjJbHRzgjrQ==]]></Encrypt>
</xml>


2017-12-22 13:49:06 debug :
------------
String:
account-ticket<xml>
    <AppId><![CDATA[wx7f83e93205d2fd31]]></AppId>
    <Encrypt><![CDATA[NBfqshcb2pTHkAHqN7ID1HtRnx0GS6dGlUyoc4fz/gBF7fV4zMwLe4nj3dzbqE2IV+tCNz70kSTt0AYJ14EdNlldIg7HdCKjuzHtOQyyMgcrbYbmIL9+272ZlC0pDr7p7NuDn5W/Qgl6qSikfeVXl8Vga7mk/5NyAntlrsiqWEVW+t6sLkYWOeP8TmiFQ9zCuBygsLseVguETpUmFaYwJUrQKJciS1qY4TpdTQs5UUm/KaIAxOcjTj6rxgP10Wcih98jx3wNszN9e7GiGYufqAuZTarJ6+wzsA2U/KRgWo6/Hd1fhifzJTMhlQ5fU3S58cTeZYXsyssZQucxVzn+2wcoGFo5MRIwBZE5/2uRqtksq2vYp2HPOuRPT7R/MehP2WeziJ2Ew/okWG5T9/QN0QiVDJKplyzy314ORFklQXeux4phsq7y4SrDq1sXmPfbcXdxm+mWqzsVrhBWxSgJKw==]]></Encrypt>
</xml>


2017-12-22 13:59:13 debug :
------------
String:
account-ticket<xml>
    <AppId><![CDATA[wx7f83e93205d2fd31]]></AppId>
    <Encrypt><![CDATA[Dwdvwu1+T66YdezLvrVStk1o+Jm8ww3jeLTMY1+iYV+0o+0VSHxPESdUOCb8/qTFgnZoyVi/TBCdlTF940D/KgWLIXiu+EUwJq2o5XXDFdnmLX/xN15r2m1lNdMb2Odz3dNeVC/Ob1UkrBW90sQhot1SILJ7fdoeJzwSAcV2FiSCLWmVxtl2MvfZgD+zYXRtfJ/fqGrwO/8y8pOl26hEYIs+A5Dritzspq/UwdZ7HCmNdh7ywDjP+etU7NqwIII2n+h6tsaf1OkpH/gO3DpxwRNon6tLd/l9Lupj+QXg1iIRhV1SDg2cixXIM6id+oZsp64phf91sIBciz2+OUxPwm4sOt+rNgS+ebUT6OftGYNASliCZnf8p6KwXfFHh36gqr/h7p8Wnbdws4dKd497xm5VOO0k2y/GShYBtFkl4aAT/7R7rATKxqN24Zs3RpWHPllPyLfCkkXYm0sxJ/AUhw==]]></Encrypt>
</xml>


2017-12-22 14:09:24 debug :
------------
String:
account-ticket<xml>
    <AppId><![CDATA[wx7f83e93205d2fd31]]></AppId>
    <Encrypt><![CDATA[F/cQ8KrBmeRRYepEZOsM2S11YWL2We2EHJUx8gp/O8SApHCF9tWikloCFB80VnSGU8qw1lbvE8NLayZ5Qc9jQn/7MR89EbXIBTpwzAWy2ADT5tmi9fI+853XHXTmtK/yd5RnlQFaVc8NM+N6T7nP0xgSyToF/8Wr0lHHYPYqRbWHNw0ka/jDRVtX4SPUtAApGIghkPGK3VtfKq5eVtj/xoWwBmmO5lzsCq4UL8U5HJgjuG215A73qvYM8soVbv2+RdYpPU4Qh/6RX+CPeCvOOmRszPHno2L4gVS0+9XUik9h4KcwKIQPelNYOD8DOxAlKWX+ErshIwyY8nMqc6JWQcEgiSwTZ5Ki6JkH1XEdDs/tET62D59vEaNTHv1FelG8gJKB537Vs4j2Mue/Scxzs3jVVgelJVekSDoTS3H4mNT95FpYaIJH8Pz1cQmpdclKxF20Fps94HXyqXxo8urYbQ==]]></Encrypt>
</xml>


2017-12-22 14:19:06 debug :
------------
String:
account-ticket<xml>
    <AppId><![CDATA[wx7f83e93205d2fd31]]></AppId>
    <Encrypt><![CDATA[6xWrCBq/Ymr+QoOB6u4y3qQjPzVD/7K25kzlSzmgfLPet8X8rw+tqjqdtilILd19HktsG1UZPT1JEFwbHiQadMb8psbpLHBlWlQ7Ju/tk1yUUi2+pNFTz+yyP7ydKwVUDCtTRADoX+SrRMzvJTZiAKGaxpNujCIDnuvivLRvBfVw5aafzOJZOKTnv94f+tYarQuuUcYMoPg1Es0RHL0HAQJbV0Krxgo7RXfsBzGqWnQqf1Gravv2Ix54+6Gu3gpKcb3qIeJioO71dvv9rAwN/6d4ykAKV2eAeOmFMQrg5awu79UQHDTkbkPdgBFLCx3wZGGTqTLIOJatWWz0DPJc85fhlsRVolzAT1E889AfVknL/ysfHQyA95ywJ5GrVmISsGxJcjqEDzNmYALUsiXPiopcgPGRbN3PYmrwQjitKOklb8skiSsPziuxxOzU+sLLynIYC/0BEnFCRjOq+U5JHg==]]></Encrypt>
</xml>


2017-12-22 14:29:19 debug :
------------
String:
account-ticket<xml>
    <AppId><![CDATA[wx7f83e93205d2fd31]]></AppId>
    <Encrypt><![CDATA[ow0v5zdU4Lk2Xt0BDplN8NfAtkNe3UDzdhoJD90wBt67V8Ltb5X1pO36WNajdE+0DdT7fntTO2lKmdyeU22hVnRgkDGPDZl+9pqD5nlPNBPvhtQ9VoW45pbnOn5zf/ncYx82RWnCiVApF5fRYMfBEG91OY4QMozxJMfP9zIO9PmNdw7X3lBRr4BsEykZ+e6VLJRIc1o6R7Z/Fq4hzESFR19xevWZpwggfLJP5uhY8J6v+iQjyqUZoNXfCywOjFjKwU8Zjjdj7MXQKOxjph98psqHnzMnR6ckrmaHf72X5KPQEXsoHXF9e2R/nIjJnp0p626MomqLQzGN1H79Q6vHUFdiecNbzEb0JB4gqzV3nBHVXJhvx2aAeWEoobGqzEaUesjWhPhYPbKBfXf+awVK1B3yunIaylW/ddgWoQaD2vAyEN7ceXoG2glqY8Wfa9Ql6EZpLy7SgLaQ1ZJqTuzL2A==]]></Encrypt>
</xml>


2017-12-22 14:39:15 debug :
------------
String:
account-ticket<xml>
    <AppId><![CDATA[wx7f83e93205d2fd31]]></AppId>
    <Encrypt><![CDATA[jEBCyoLkdPOxhz1NLjUgyUM4D5LXofQLB6ADFdwsGmRgJhJ00d+7E5Z+2RwUSXd4r3L7BF8PzGBP1kKTo8m8MvHVqIJG9MIN181LbYC3xrKIdeUv1FRbeH94KfYQRFD5cIhjRqRxA0TxKPnWK4ff5e/2kIpz81/1PN/CBZIUL+1sYpYhsrs5iLe5ptXZodvbJaI7UY7fVFU5kK1r2mqZzGWmFVo7WO0GdoYgUgCtZDuV6H8I0D6lpoUI/M1kiV6xmcilAJvWwVr6pZ1koAzZSax7PUAA02pyUHhkX/sf5sG/Cz77O8qA9ov0/XBw7X8f0plMFlfk1WVG2GjpcQxYsxvmYUMb5YHDEaBqJNL2FVobdyPapVuF9VUz+LcsWgDz8smzJ46s7sHJc8JIk3aKchbDyZmcOugUDXZwmsfo6RBXJb76Oz9tk/QgXtRcPQIAJc88FRM5WecZhVX7eqBSzQ==]]></Encrypt>
</xml>


2017-12-22 14:49:11 debug :
------------
String:
account-ticket<xml>
    <AppId><![CDATA[wx7f83e93205d2fd31]]></AppId>
    <Encrypt><![CDATA[hHG90+FXpNtrUT32uRZ2CAfzPWQy1GpJcsIxJSZyodKZDiCKdhOHB6QwzOGZjPSPf8229voSij/vPGsGQaMR+UeZLscunVUc4KukxcO6dZza2h5k9j/00E6vdhfXWF/pwDMAcSJRPCY8/60ZvTfa2qF1Yo0eUVmsyuyHG0CKeZx72AaxzR2HwdNcx64no+eqH5Fg+swRmuBAMBnmiDnLaZ/bILg2ChmMSTueBTbhQbTtMaN6NbQ1wmv2MNRLkfaJh2Mto4s2YYd3Jwz1P/4xXBe4pKbvWCKtE9JOMkNLHhLOPZPxJD+BXtSzj0TfB2Mh3xS06blP2JQku/h+sb3+fXJEYB4qnzqdYZ6GODl/5aDGxZS+n/vdQ6u99S6GFT7PO4KkrUuwsNGxklmVeTalspz9xxJ8mSF9nL0GQ44ZK66M8qHBMLPBbyGaZGv0j0/LNWzgBwKhGonL0h2pMGjpMw==]]></Encrypt>
</xml>


2017-12-22 14:59:08 debug :
------------
String:
account-ticket<xml>
    <AppId><![CDATA[wx7f83e93205d2fd31]]></AppId>
    <Encrypt><![CDATA[E/7GeqA4Q45MLadHuytdPQXKpN+cMb6Nq+g0yNMZ20phxGeZS/lN1KpwOxQ37nbdr3pKN2Z7jpnmTkqsgyrMS14k+C6PAHlZ5P/VSW5+4TlOJbUb7ZROuS6o327jq4lgSEfHzEmlCF7TQ+3TtiFP1j6hexJWRJ3hRjNBosjgpRUWk41eiuC7TeNxoRa1YvilVWI1qLWV5Uf9ASst3xfIhsdP7399L4H7sNLOMPhQ3e+ambtDj+Q8Ioh7X5zRfKpFHu3K1P5J2909OJSB5FPXYFtpmTbR8IlIMBaD5w5+xnXtAV9JExyQnDLHNC/He3lyiJZoy/veIbrg9+ayhunmLDxgc5gij4SSxTbP/sHiccp4uXLtgwTLEX+XR5e591liurYtRPo6/Dsu3SRlTWueVlNfK2YSUYTFW9I2rjyMFkIheaoZKD3d/deDid4LxUf2yUH7lvXNyttLKQ3lHNq+PA==]]></Encrypt>
</xml>


2017-12-22 15:09:18 debug :
------------
String:
account-ticket<xml>
    <AppId><![CDATA[wx7f83e93205d2fd31]]></AppId>
    <Encrypt><![CDATA[vd4Y01i3laRUUU3BCoO3yAEMx3W/RwNC1s+yKgeNtEUL/LJ7Nm7dqbMQsCzGLIF0MqX7/BCN97Td06L8vj8nsUTaZwnBsicjir1+T7WkhIIyTjYIpyoiQiBlRuCFKSsUqHV4+tdLsVAgBepnZrHEEXQz6AtXiVnRznDLqV9DC9H9kl2yOmDzwt7RApeXnsXvil+IyeOmZWq7CKxGRXGNf5fO1Jn88Of6Zc4cJZrdYq9vuuPsf/I6X3pCQ+eWNqYo/wbc3JUWftnLKKcpAn/XvSBK815oDJtzd46JP4mX+oTp4CBfwk5k0AZB/qrgY9Bf3eDEE0qEaJBKTobj9SRX/GsehQ21ohIp6/JdXz89IU1YYWNSBHqf1YPRBoe1GWOqyPodM6U3goCk+MrRYeDcUTLF17vqYaMDkvpNWlbmcp9DP4mA/+IFDogVaAEi/F6rbHjJjm2gTgJixvnoDIvs7Q==]]></Encrypt>
</xml>


2017-12-22 15:19:18 debug :
------------
String:
account-ticket<xml>
    <AppId><![CDATA[wx7f83e93205d2fd31]]></AppId>
    <Encrypt><![CDATA[nBuyO3v3kikokGhp+IKT328fRjNf+AVmUFBtx38pBgmpPm3z42y4wqWjfZUQj164+2hVBLDAnXtEYbe4Tg0nejbnvSX/WHEPGcm1boXr49xxJBIFmD5w2Y1YOuSkmuqFDtWd4lArxWPnaEIrVpSTR1liu7A7Y52b2qlMsNODA9N7VBjrPCP8H3ZZVIAoBZcDn8xViXZTnMyW7+NedmlVfPgu57g5yMXpmg2Ypcg09GZjr5DFvhfE8lIhFWiDpiAGYP4E9vkbT5xpht72tmG9ptnvQdNE77ZNIB1WxjJXzGCrnQK/sJOx2BHnM2eUF6cyQ3KXarJPxT9Uj/EgbLdR1Z5n7q5fVfqtdl7TvuNo6N0tCINbcLKmYXVZgng4RV60Ufz8vw6JP6YwVhtZJmdtAg+ZpBAuN9lx0cIpsvUThfwb0a9YKXEZ5in9tG1qFilJyKLE3runBOWWfRaXeZ55jg==]]></Encrypt>
</xml>


2017-12-22 15:29:06 debug :
------------
String:
account-ticket<xml>
    <AppId><![CDATA[wx7f83e93205d2fd31]]></AppId>
    <Encrypt><![CDATA[EBfkTg1quCBtlZ0d9FqaupaHRrABzmTdaAq3AjulgXuuQrnPgwMStlyRpPcIFIEcJAw1GLJ2nwa/nNGWkGscoGH+8sIh1sllfwxOIBpwvLfp+5PFSAl+iKT+tiorsNeEu1wrUcofHFeijrG78HNYOUihJDdLfGQ1qLBY9LShtkllIlPAZmgPXagj1gPSDF3e0z/xkfcfD6IhFyz0uy1BAtCbVLk04J1JneayORqtsOKa0zDcgDGwCWVTt59ACM8/vwuhJJSC5/DsWfvgOFHt+iH9ZA7f3406tqWPR7+a6NRuCGd53eaU9tjHhx1pdEO0ZUyQJ/d7a4QpL9Uv82bpAE3vAbyINVNU1ZPDBNNjZ+KJ+AVlnJ80myU8DUWZPJ1vtFYIqT74VhJUszealMhH8fIETTuQfdOifI1n+m8vTqpERS1UNwQv4UE+Ly867BMpsNA5WhI4vZZbLNNsq6Vdeg==]]></Encrypt>
</xml>


2017-12-22 15:39:17 debug :
------------
String:
account-ticket<xml>
    <AppId><![CDATA[wx7f83e93205d2fd31]]></AppId>
    <Encrypt><![CDATA[lZLcUrA91vqbOGZmE1JR1GLJEFs9P1gbV0koaJH40mtZlyz1S5nEaG4V+rQ7+cH5Ewn3t28R9UWPB7xOq5Jt8sDNUhJBShYjnzK857meNJKlG89uUGb2QlghnaDztThJt3g57YYM3RlbugnmuEkgG3Y+BnEaRUnVReQmcRmOmyuLUxbkEOcXKQLNN4ZShpAOZkBrARVe1APxSP3TPNwQNFTNxukGxZ3orVhjCkz3zEOF2G5lRuB9NVuxOBsAaCAZLsg/6Jhg9IcsdisZh8bTKoYVwO4EFSfV7UjQRQBRqZlaMxc++Eo3qu2agRT6gg+wZhl0GpzhwEsrh4wzo2iR1g3VVyMDxi2WT0Tb0M0xY1Gzxm0tmLGMzAXOpkjWr2WAaLwsjfo1mrOkM3KgPfyMF12UWC1A9ItqmDQiM3bGe2V+bQvvtHmjV3NVUms/5fuoPV0C94fM3IejmYD3FuQKJw==]]></Encrypt>
</xml>


2017-12-22 15:49:15 debug :
------------
String:
account-ticket<xml>
    <AppId><![CDATA[wx7f83e93205d2fd31]]></AppId>
    <Encrypt><![CDATA[UNL45RUfR8PvdV5/ZSMG6flaNajhNWpVaxI66RnxZDtT91/a6c+QuJskgYry3fmal1VpBHX6+LurHFYnWoa0mIyL4eXP+8IXzGWw8Pm9LJVe1cw1VIeAUacgKAHfaRoJ+1m2RtPEdYgcrG2ynfOYXmrY0vYQnwfP3C34geSutp3RYtrqSYzkhto7kaqZSdNOGLqKfvBk20XtLhCBLWPUvGwWNdHnanctFe6mMo5mK+smGJdVSBchD+YzFOISrN+mjrR2JS9yAwUQVGRers1f0WJV/RJdsYwrSfg98m1zn4YSz3lzpC9LY8521WeyTytRAfqFd11ryZqOEgtSOcW4uej/PYuRwNVFwFI2nIIKTKLDg3duP7HlEnUmEVJhtPNaf+gu1qHpJUGXAMCKON3Mqfb/ZlPwub8uZcIEYWFh/0n0xaDYyd4aF2SufjU74karxFiR2W7Y8shMrlkGgVE5hA==]]></Encrypt>
</xml>


2017-12-22 15:59:10 debug :
------------
String:
account-ticket<xml>
    <AppId><![CDATA[wx7f83e93205d2fd31]]></AppId>
    <Encrypt><![CDATA[U2XhZQpXM8NKl/AdeffO+Fd260qamaNiJwuvwC4lHOfcCtAEaDoRgng5L9CjD8+4DgalXPcWon7CMgo5ZFLIJoqLYKkAEH6ZLUaZgf9Yks2SA9oM0BEMwN8EIrK8fxrnBRGA2bIxHF0ap91auqNOu34jJLMH5ClXqykuuEbiiLFq5vd1f4wNAcSmwNjN70KutCQuPUY/FdtePmsgYEhmNK+G0lWWGZ3GPAXOnJg982fn4IiJw87He+gWDa4gLisVIVLBLMXoGXVcDF0kWzvAvXwUn8m2xJ0jIhLhB3vIqS2x8eSXQXkhF0Csa4Xgd8angKXYOHzlcqeVsWXJ+75rRxy36nr/OTaiUoG4mghmQGe6WBFqa5tEo7fiqvgdx+/cEgfbF5PQnqkbiOM4PcZfUU/DVVgWfZmAz0n6efFdTeee3B8wRLYOWJChrj1FicWWJW9G8Sxk7SlE5ekuykWlbQ==]]></Encrypt>
</xml>


2017-12-22 16:09:25 debug :
------------
String:
account-ticket<xml>
    <AppId><![CDATA[wx7f83e93205d2fd31]]></AppId>
    <Encrypt><![CDATA[PHk7Y1kipZq/i/lT79Cz2+lYMo3KJehvglreXHkxTlnDLaEG9d/XOLgCjaECk3kLzIeLsTtLqLkJEPYj0BnOPOXcTf5xqMSFNuaZQQ3dBrGa3I2v0iDkT8LpdY/8o9twa6rIU1SaT8azQxrYsOd0DhihzEVERQ0tirRvSgqH0uuFiOyUiqTRQPbbIfYURyjfpO/7CRT0XnD6CpPScu7gBL12k/LNOblGigYsdDHAWQvm6LfpANHYdHpqtlJQBpvaTdNlCoXRLvOzOXfOqhun5i+2StLnDg8cewuDikH5KGJEFO3JqNMtMk4zcyIMfIU642k+a0IrhfMupGRScoq4X/mvsgjArJJGtvqw9Ft8mmwRgJqWEL+wFypUAY4XkYCIBrRvtA9wS/1wVGBgdhH6hakohAZ5QYAFvj1HMLB4zuMRG5fDbLTdKXK+3zXRbJCl5M9foxuUGm966C76ZL8H6A==]]></Encrypt>
</xml>


2017-12-22 16:19:22 debug :
------------
String:
account-ticket<xml>
    <AppId><![CDATA[wx7f83e93205d2fd31]]></AppId>
    <Encrypt><![CDATA[GJvJA+dOgFwedbe9t5X8sSMWfL807dUfl3oyyCPQMYczD+5cgsEoBuc3yHLxo87gJCPQ+UxiUZdnv0dfQbywb/IWGWakB3A8m6xodiNe3zF+CWAQXF6Aq56776MUg1RzrNlBXouYJytc/eYuq6OPZzkHrmYqvZHoY1Cm+0GgaWX0tE+tZoHByJA2vEmcRwfVjmeO2HjphNr16mqsBXvj1WUadKiaKbj39Im0pEBhHOxUQL8hpCxqCVdDp/7rCpSnRaicgdd+Zk5Jjhj6ZV++sGRRO0RHybJhm4wpVyuHr4V7OpCIlSq1pSLmdO97TpU2oLiG+A1UiGRgwXR/5PCYDaOXCG0rYy3YC92DBeRDnCUKeZppRHxmQwNZ6HeWMv5pWgAQXb/CZ4m3oD9MDwNgoe+SJGLg/+XPzZbbQB8kFSyMCu/hB0sxbDxpJ9pkWz6yJuCMfu6l7WfJ+CtIUeeiRQ==]]></Encrypt>
</xml>


2017-12-22 16:29:20 debug :
------------
String:
account-ticket<xml>
    <AppId><![CDATA[wx7f83e93205d2fd31]]></AppId>
    <Encrypt><![CDATA[noz72spIdcKqF8mtPNqyr/HjwSqtS5DRh5ofaqQgUV5Cu/WPilu4oMYewAUER0UeNR8q1Osm+f0AwIKvh/R8ihtoV9Xl+R0iwo2xhtst5x4/8SA/5leAILwVVauoaosQhOtPahavlSoi7EHlMpgTQXHBnCUMgsjARpUemCAfC8niJwdJJpx5ZzLt6IWCmFmr3gIiMKyYg22L6R7R89U4/Uymwb52k7bC22Y7sdMshFDI/b2mcrYrB5AXAfizQykfbg0efonc0t3Fjn3crCn7AX2gNPVt3afwtM+3LsdF8WFhQM0T3X32oQyczWSg429Snd0T1pIHxhZJOnwv4KRfrUi7f58x3aBQjgOWmGK/jf3vjar2/r/4/uSlEH0wpS+cmdXVunSYEgQhPj/fgs8zxRAmzKIvv4C2mv/ag4UB+/tq3BoDMcbbxDUP+d9lJec/E8GQkZXJouKoA4QmP3oBog==]]></Encrypt>
</xml>


2017-12-22 16:39:23 debug :
------------
String:
account-ticket<xml>
    <AppId><![CDATA[wx7f83e93205d2fd31]]></AppId>
    <Encrypt><![CDATA[m7dnvhJykailx5JWmwdX85Plfhy/7YZdE5tkoWLoPzdJiummkmvVtfrpSBhn2UMq5SlTlpmWyfGTGBsYyH+uZmynghaIb7QXfrXUUJy+8TXF08/J15poz8KsZ1w2Vem2vFUBX8BgQrRTa8n+u+gxwxBcsqUeKyMKfxN+Dvq7matAGy/jmSvQeX5ei+sjdXu/Q3JfgN4UvWcLOD9xDxhXOejPZQFWwbQPVDjT1Mjg9izglE6HmFsTRAn6zt53Jlz9FV70h4IojkA4RYbxqyE96ndWAjyh+Z7ExweG/zY1m/ULXcN037NdWQ+97//K+BW0ULiZXAJ8SnFSHf5ULtPDgEF9xozxnwZSbgUD+1fQMV+a5Gbk47eWDuG+EdbiwcRut4Jt4nAklswNlNKeHlpLtCc3zReiHlimtEP64henE+jOkzyrQhmpbE+Xop7VHQ74uFKVNW+4Ntne8ADM2+yXUg==]]></Encrypt>
</xml>


2017-12-22 16:49:18 debug :
------------
String:
account-ticket<xml>
    <AppId><![CDATA[wx7f83e93205d2fd31]]></AppId>
    <Encrypt><![CDATA[tgqL+qqzLe+QnrRxg3J4QVhFLHAyS3nbNf/ysuyuc10qETW0WLFjCAJei2vj15m8rhazgSGudulXoxHyiLvMoF8rWxAUqhMzKeW38r+KwvOeyCBIQNhimvAitfpHRyUnnsJ9bS+BEDmr3mP/2t2Rg3oi+9vevkT4jcfqCqiClv2zBouCFYR8uji0bH4xJMEepL1zDTpSAy6O8ivrpkaRsWWw1aParvQps344/J8tXXOzUaJ7cLW9NBetWJ/G+Afzu8KokDXTYuqKlJEQqQe186F4euZNnKdKs/2ftniQC3clJYL5U6eKEi9WRZTArsckVGyaAyWqIXwnbzSuL1ToC2VQf1bdjgJyPEY1dcS7HmBqex9J+CNt+fFYsFCzqFIwOrr32H1Hv75PtuZWOzMt+B700lnLnvTBlpYrbEgHzXKCXuzPx7Q1hHsD8p6MBHjkHZ77wGxgXP+afrlcGQf0cQ==]]></Encrypt>
</xml>


2017-12-22 16:59:23 debug :
------------
String:
account-ticket<xml>
    <AppId><![CDATA[wx7f83e93205d2fd31]]></AppId>
    <Encrypt><![CDATA[vayg+GucFJajh/yUpy7RD+Ajh/jBaNI/zigPwAGnGCKakBk3QQrlbKQvk34Zg3ihN4Q6Mhb7Capz39kARoi50YTXAvJMblTJoEfu3znzaPx5omkQ4iwb6PGaz+dcbx30dDZ5pxLJdX/9xOOOlSQ/I6ZR9G4/CLwsi7SRhR2QKJbnrHwMm0E+yPAlh5AuQDToIfuszYSS3XP92WXGNViiusTEk0vNIXVaCtPUXUEQ8/PmUYX/BINIBt99DDBXEHbdlnWELpmMAaoMBYK6MCODLHAodat3uEmvDm0WVNLFW36PH290UThNC58hf0/Vpm2m3fqnwRcJjMX/JbWbPe38I36NTyj4+l4lRhNMjSQe7o2YHSjG5hncGUinExzwKe5NQI4g/RBwDdPv972Xkv6GWTx7C2CoJ30MvsHFoM8t9bg6tPT5pb1ZCVxPd7vn3eeN2lTD3uKWJdYzA6t+YJ8kbg==]]></Encrypt>
</xml>


2017-12-22 17:09:32 debug :
------------
String:
account-ticket<xml>
    <AppId><![CDATA[wx7f83e93205d2fd31]]></AppId>
    <Encrypt><![CDATA[55L+OG7Yfg5KO2ZOBFVNg6MXTJ+JYnWszsz6Y5jB3zbq6QIjj2pEy1il4+HIdi6Y+WBaExq0O1b6WHRPFFVOuqRv7jbEi76+PtTsf6uNkucciFSwjwcZjO/rIWlI0Je+v2zweGi0ioU/fCNIA0bWEeQrCzJJnQlM0UcRN2V+8xlcxwd8OVLUZC1d49ObW9H5n4Nlmlf3gvgP+5CphvE6MJ0mXkzk9EDEklv+O4yc4IksJMd0zB1njAtUeAc30Xt/Y5X5yua4u+uomnNWq4ogei/moZDpMqAXRkB+hAt/7y1Vv+IxL62yyeh+VO30ntzLFX4iQmGKiURRk5MJ6tALqsYpUmaMo8+RhhZ6j7o+tUez4zX/e6DqdgrVg0nX6krBoGT+Lf8ec1Rmp/+O0+RgxkDhK7PcQ25REVrt5goRcJuLTn/dfzA/cT7YJQBP/vEqsqJccvllgi+3YjhbWmAPmg==]]></Encrypt>
</xml>


2017-12-22 17:19:33 debug :
------------
String:
account-ticket<xml>
    <AppId><![CDATA[wx7f83e93205d2fd31]]></AppId>
    <Encrypt><![CDATA[zzlX6oV0u+bvPFXTQiRPoMxeS2aQpo+9C2js1/PCiXf+9lUh1ACcFgUnNla2XkjfERrajlFefQ4N3+XkV3qcg6hiEp1LYshv+jClDG9k9fw1idaGz2NMckuj2L68AJ8M3Cl5SZ6Jghw1FkXtSj+waIbFs+VI7pkYLGEjSkidu/i9tE8JpHf1C7CGubVJPP9qJe6wmo+5xP2XKTBUBb5PskxHOBSbSp/9iP3f4/UTMCZADZ37p7UGgqlYDMBylFfgDMChxmoMD29NApsnsfv93+j1aKSFpYouThwEIh30y9j6F1K/o4FpxtVsWZmhMxUGMbn4P5mYHN4i28IMDsxUP6a/ikbJBD4zlEYIqM/nC8k2NyxFgBkGuYPaDZaHLtjfAUT88JcVU3+WZolVFVmKNh//IbfwL9RDe/kvmUYNpBj5/2ABDe3k/dRgNkjNBOUQW1TSMq4FHjJQf+32vrGHPg==]]></Encrypt>
</xml>


2017-12-22 17:29:21 debug :
------------
String:
account-ticket<xml>
    <AppId><![CDATA[wx7f83e93205d2fd31]]></AppId>
    <Encrypt><![CDATA[YfqhoP+iiPCWvVTqs2TlaHrlM+wPku8yxSb26fugp7YWmfImriNoFJisMcFtaUaKz8PeYjATT0zXRLcVLpmYgFog1ce/ZeNyMZ99pTx1Vm4kuzX3JDwkjw9uOVIsu99NqKthGLVJPZ0R5HIByWIicu9uIf8d8eefliiw7+m5Np/gS+1yMrG1zgehbAgx0zDKYKKGubTRDoEuT1p7ehXSty3JY9FAdYMM5p05TZWAqVk2AB2MR5s6uXO1QaDzqJezbAK0fi7K5Kks8yobZYI1j3VtGPsOaHzymGRSuJk+pE43jzqD89dzL5JN/emjl/DW54nODA8qka/cPL7nJ7i4YiaNG0rB/Bhl/g9+Z/mswEuBMAf2Dinxa14xzCPOXUbrAUHG43pTxvjm7mZFSRUKHmGCQoEqkGDvZ7h5Ty0wc/K6x9OV9eucMnLL4m1lpdX7oMTs4DRZOSF9Hnrmn+eQYw==]]></Encrypt>
</xml>


2017-12-22 17:39:29 debug :
------------
String:
account-ticket<xml>
    <AppId><![CDATA[wx7f83e93205d2fd31]]></AppId>
    <Encrypt><![CDATA[7BVVrkzc3HNUUhQUMRuwKQ3tW2zJKeR2nnU6GpwJZKQW8HFl/94iDNAg7sT7/fNjgfV4Hhz+Hf1vW6lfGIKWJa9RzTiRz0VE3rsBtrALojLlgFuaP13OnfqiednYtxe3HRCrfGeroc/zu/Ua15B8UxKi28SN+dargNaNnKOjPB9jB1HfzkIrLuuWWoOC0xYTAt+5VXx2F40aKGhO7NluZem969PbFwJ471FE7g4WY9kuKhlvkwULcSLo9HGvZb8gNEpJatJlts7tEyg+4Y1Atgr8uaxbNJFuF8tvtNBKGxSfgAVkl1GkvTcJATjdOiAQodxFZV/dGmEEk1c3zxTjFn3LsyBa77sZ/56vuozKdC9yu+5asCTnv+vbq82lTf1VImxYJ6DNne46qy/+CDBkAmYC4uczptonMDBX0c+KbbXa0Udei/Z9LYFDWszGdvKCxCT6HKTDDWF/1XjLjGDX7w==]]></Encrypt>
</xml>


2017-12-22 17:49:34 debug :
------------
String:
account-ticket<xml>
    <AppId><![CDATA[wx7f83e93205d2fd31]]></AppId>
    <Encrypt><![CDATA[/GZTmpzz9T22sHt+YGmSb+3eKBEJpIpBVJLBmggXAzin+n3bmnGTuL/wZGLTGv4sWg1+8EKmGNBJ58as98fC4FnD1L339lJozlpbT8w0u3XROLQVmRmUWbDa/sOOscEMfmMIZv7zZUh/qQXA/BlgkB3QrNpsqbMYxiARyw8Uijur912g77NQdtezmVLukf1umiCP6+Umt8Arns/8i3JBUzQSXPxYUV2zhA+mRtLDwoF3eC8C+aHjBWRqzfQlz0yaMRpRJeQoGve47DMg/7Py9eX+5UjsDETjP5z9gBsWyEoEmYNokAmXM1sQjggcouoSZSoBNsP83teUXXPe3LqLQOn/KDk7kva4Nx7qFH4NNd1do+xA/KEH/n26FD6XD1okwoMB0Ui+1BDWKUr8AsiaFYlhtmDK1UG5JxnaprP61gXEgeJ/SRfSq+uw9E+EuHiW0ru3Deemc8vv0AmZ7c56dg==]]></Encrypt>
</xml>


2017-12-22 17:59:19 debug :
------------
String:
account-ticket<xml>
    <AppId><![CDATA[wx7f83e93205d2fd31]]></AppId>
    <Encrypt><![CDATA[SAwZuKPB5bK16x+962L3p90ymeu1Jc5Z11Cb73HOgevGQhb9q70rWhSyStz1IYgk0mOatedBNG+iejL5Vlf3PPS3KbNpRh3aPgncukBgHE+Ri2GU5XjPhjlstXGdov3GBU1mfnm4EAhfxowMMWzMkbCZPSu5xbLubp2pBf1OdSiWQDklw0gHO/A3sGAFk7x+Exw6FEI/T+sGbDWqiqnY1R4CiM9YrCkT+3cZ+SH47YMa10Cdbd3hGa+zMPLraq+szlor3ZRNIT/FE4cApkA8KIceNVZG/GuCfKxZxN2Tl/LU1AwOIWajE9DeAs5kSPfqiBhnxUG92szKFpTBk550KYxJctylEMjMiACwAziAlZr0VpgS17gLVen7qXbjvCHltR2U/1vn31XQPrsU599EqkMjrQkBQHDRo4LGFC2/K4gr9rYz6llA2LtDQopC6QDV7X0HdMlqDXQp2OKte73OYw==]]></Encrypt>
</xml>


2017-12-22 18:09:38 debug :
------------
String:
account-ticket<xml>
    <AppId><![CDATA[wx7f83e93205d2fd31]]></AppId>
    <Encrypt><![CDATA[Vg1OOcu0bYT/V6eMcugMac4ohNv3EoxQ3adXEqPdAFsdu+mt37KhZWmUIFdM6nI+WbPTam60gP1nlF2Fk8Mz1ZE4PsJ1U3a5/QCVc7aqouwNZtShO7jhOxpnstjyIh45Jw0A/lr+EUeMKmP3xirbQrJyaGtUeNgL+rCb5f02poIxRUxNfHQ6hEwrYnKx7UcdKIgcRCIxPDpZ3xDoFeayigBQjFDlxcalyRbw9qaQ2czJKPzErUuACFhOPUQRz/nUUXx0Kw7pgdL/UswU3sw63yFr9OoyuvEF1vmF28cWc05+AXXsmc73YNSDJiqxAzhuTlQVGTJ9lzL0/r4j/nhC/suu5HUEiH5EPwcxX0EoEckF9+UgJPmd5GyRo5mf9Rb5Q+rjfBKDWbe2NjFjKgc5XS9Bj1tHhrFiwxPyWqg3xFPYNDHAOsx9AzQbds2dQmyGxcRI8vjgcCzZGxXd4ZBKbQ==]]></Encrypt>
</xml>


2017-12-22 18:19:26 debug :
------------
String:
account-ticket<xml>
    <AppId><![CDATA[wx7f83e93205d2fd31]]></AppId>
    <Encrypt><![CDATA[OpKiLNj/DThBAaMo3CH/bBrCXhQQjL/4FBNvB08E0bGAWhgf0Vo2X7qcgLQs/B8oY4FwsSK4eMaO6iFbyXDLkhccZ3Ja3FFjnI+6LJPBbm50ZhTQF/nX3WQdEHLlGDkbkegAmjNnnN8Lm2Un6FMAXNWD0FOgCfirihYdf6lKOhQEbv+98pyTvls1bPwcmFjdPt4mGA+e8FivcPkJYyo8HX80Y7W3f8gf58H+QrpfczRP3idu96ceQdyBfFsKnzWgYLeLDL5rD6Z34h7OYBRRLNGQEK8C3ANGgUX2qWpYTLXNE37LCUIEt/EaZY2l4GJSqCijekHNyKp9Vk/2ozhd2MAf3PgA8HW58Xq2SLXSUrudNGnPKYK1nlb2E9+V9OaEhKbRmmmpJu/kU6rEwHqx9UaXiy0U94/BMpcJI6L5yJkM3CD7WtPAaFCTs8re7DCBdprzjgk1f+R/sc0QDmbODg==]]></Encrypt>
</xml>


2017-12-22 18:29:40 debug :
------------
String:
account-ticket<xml>
    <AppId><![CDATA[wx7f83e93205d2fd31]]></AppId>
    <Encrypt><![CDATA[RSzvsP7YOnVzXOZsd5kQwoejETrnYbwscXWsXpkpGJN3csnfETa5EaPpsOODkVPFPXMg3r2FqjH+SqrGko2c23Q+KpnL8CZ6TFzXyYA7akUar/FpPhyuUHJ4SNQU3tDBSGS5A3GP4T0ibN0tlwaovjU7TOY7R1Nh9d0gX/cPBRze1Ivx6ENNbf8bISMiOcpPhJPhoKZ7QyyObtOJ4cf7DAwhSa6G41cDMmiCK1JpiRWokYuMthMDP/7DI1KOQMqkgvFRVSwMBEgHAU5LEU7yu9zMxAAWnTJpSpXw/Zk0CRczTXWUCa+/WBUZPgSeXoxCxc8OQPzckdIZpkcQ6JwiYk1x57voee8lqmz9UxSWXbuochLqNg/eE77ipUjUDMZAbTHjyRLU25FRtZpt/xlKz3Oqc1gQ5KOY0uh6a8VzgC5VBVCqDhN73dy9jleUMrSbirYuN4gHTKrsA1yZGhUZ0Q==]]></Encrypt>
</xml>


2017-12-22 18:39:30 debug :
------------
String:
account-ticket<xml>
    <AppId><![CDATA[wx7f83e93205d2fd31]]></AppId>
    <Encrypt><![CDATA[hqWvM9Wl3PDt1JaCN8wePzfrRJz6jfay/C93AtneEC5jqhMw8RHFqORl4u6AUljnxjlHNl7AvIdsSl/07RInLINZJhp+tG2mCv7D4RH5jrvqmDMv5h99/dRoG8s+i00Gu2R8N1zpbzmo5NHRLSbuUPITjB1363SO+zrK6bybFB3dKUzsvv0cavjc6Flta8y3FY50S/7aGMnew2qPplQrzzkRb7M4aXr53J7DTg4T4v+zJ3X9Ttshr9Y7RFSRowtuzX3WWXUR48NklYa9G942iy6/rMlJcFMc1iw4aLTegHKyh3+WHoUu/wSNjFLXa4SXsFFN7ah1UBvQ+xB9bGn20O5H1eMpTOMH6HP4L4HWXgfOcwmQRnqwXMUpmftpxA7hqvpgJRY39MNVFFeZcxC1DVkzAwWUfPAUf7Cit1dR/o1jxjaXU/Dn1om/6zdK1/YMKSx05OrgoZiVHSrJdTUpIQ==]]></Encrypt>
</xml>


2017-12-22 18:49:30 debug :
------------
String:
account-ticket<xml>
    <AppId><![CDATA[wx7f83e93205d2fd31]]></AppId>
    <Encrypt><![CDATA[D/8z93KaG5HtL2DaDBI/cxpBfQcfgMVSwwbv1imfWZrKVPQUNmwKlM0CNA7VPF5zVX234tzkfns86a4ple2NMPckp39rQFhQACxpT3ImA2rq1Q++PFC5Qmvrc7ZPxZjKHUXfDB/iyYrCnl5wNcASeVuRp6cbU3m6Xov7rneIh0va0quIyfIjIXck777CkjKsTSNiRlAiG73HWphBxPhiPgoQvTHpUFv4dG4HN1N17DtnHzCoZX4JJoMAqSbD/v+x4pohWmln0A0ozhq0pkMNdvHg2XzebCQsNV61e6jNiX6/j2Bj651j20djtNL1bV5SpS+OJmBBxyQFTq5+cNMfinFKIV6hv2AUhB0BOJvmLu/Zcv2dUYSuIOiIM/47QI4SlC4SAC2VXR8eyP/vogNK0Mke5fx2KEkb33dMZ1eFi51Mb+Hcwbzx+1vqk6Sv4W4KU/MznaXXjOHhUaiRWsnzfQ==]]></Encrypt>
</xml>


2017-12-22 18:59:25 debug :
------------
String:
account-ticket<xml>
    <AppId><![CDATA[wx7f83e93205d2fd31]]></AppId>
    <Encrypt><![CDATA[qZq0USA56Z/OGa67GTrq3XhtNR5Bc6Ha3X7c+Vl3JbmSVqHz148tDQGc9voRTgGQP25TF2NtqnwXPzMjmdSTVO7RNEXB4GjUaudSXxu78atJM3BT4WKtJKR9+h5LBy3PEqEd0cxOMdjfvYSoDFF6swE3AgXPELoTgp/UyhJzpMWrDvV9rJFhb0FaoQ43Z8tvCLgkQ59PlcoAtCQM0mZaCHQJ01KwrU3P2e/favvsErfQnX3ii74q/WHRWxdZ+H6zLH67AV0RK3qZEI1llTPieo/ciKy5/uPlibxzkCGFPl5Ne0JHl5s6CRYoJsdgXt1E2fCvukQeOxtVobADdlpAFPsaJdOsM2VU1NAfI9GRDZZX6gxZ0YZ6FLi78OHdfZrp1a4EA+wb61YV6Lbpm+BCH3PkgyKOCl2eIp22yFo7sQAJKqqqzRC4CISftaR+ncwLGMNuuoS8Y3N3A8n4RX96jQ==]]></Encrypt>
</xml>


2017-12-22 19:09:37 debug :
------------
String:
account-ticket<xml>
    <AppId><![CDATA[wx7f83e93205d2fd31]]></AppId>
    <Encrypt><![CDATA[OkpX+PRJ8pVmA0LDTg48q/aQZfBMoPZxYmQfPDRLG15pLULukTSdeQPlPfd/Po5NP1gxLPRMGvJFOZE+uFdcNttjnk1AkORUSeJQZoGiGBNK1Cw77KcqEO3nQbFa4GKTxD9Ub89UwN3RAdWG7XfgjayN1qR4UwBiFgY10pSJXTvepsbdX48FjWBHJWE/nC2Nb7Ynjuluyhwnde4J0OefmkYD+zJKsvdoj+OxcByUB7lnqUi/aait4HwuGzrp0MDYoNEr7jB4KIN0l7NGSGdVl2gINHQ/fuzCqI2IoNXXHmRAg3I0FhN3Cic/7ZhgnmqQdcQTOiIRKNaiZIT5weM8xrW3ymiPGy3rqhcxD+xBPcAWo2CShlJW0XFbDAz1EedjyDEgTqmA1VnwczgiKhAP5qwO8Y1LdQcKKBQJ8TBYvm8AWh3L3z9yzR2UfBwzLRMOhqz9ryXMSvojfcWvGozRPA==]]></Encrypt>
</xml>


2017-12-22 19:19:36 debug :
------------
String:
account-ticket<xml>
    <AppId><![CDATA[wx7f83e93205d2fd31]]></AppId>
    <Encrypt><![CDATA[+eIEDVjx25sYHr/R6uf6ShmtZRb2ulkk23W5z3GTtsQYA9hxJ2DnrVjQxUYudcWom3MjetShE+9Qv7YtSBmu83dg171HRR+mux5ce3/zCkM547kBaodr5jZWqQos09qmJIAI7r+ldvLAdV+7bvd203hkAVOFv9p00CXVQUAuFJDo0Gf9ee7CLv0Kamj+L7GAFTP6i3PwGTeGX6b0xbGRzNLSvtmTJ2qqNGrgp/TzsdaU3HbCwqCg3ZS7BNWqLuPI27NS1AzLExVckVzxq5razkcykcnylm4Y3l6EQWRHFilfeaDGBeuc8LQKTJWFsyRC/0VAJBG45/gKWMvtidmG5NoORKR6bv/y463w1xISoyGvTgNEMBARYIV0wj8VPyEgYfAHXuKs919LXH03PZRXHz0ATlnk8tMWefGwrEqqjVxrm76gFQATsAf1eLSneMvQ49zcIjISftSgLm49R2BzJQ==]]></Encrypt>
</xml>


2017-12-22 19:29:29 debug :
------------
String:
account-ticket<xml>
    <AppId><![CDATA[wx7f83e93205d2fd31]]></AppId>
    <Encrypt><![CDATA[8CR/5LdBTF5BlSPFReTWCi2Swn/PTSz3KoqPN8loeEfvSHh/d+2MJBlB9ekoJWNmsiVPiETqWGNdZX/a6lrBIWgNfNKeHFWenTIcB0mLOxIs/Yb5N64VOvHNyZ94Vlcfh0D0LNUY2pqJnCyPoad9HxOy7mMfga5vstuVrkoIwjGSlt21mt/1Vn5uPeyzFvNFDlkYG42cFAJl3wjvLtjhmorwKoVu1sV+eoDl7HJsStYiSqPpU0BuDmUb6BMmkT5V38tkv7t/Oeh4RIqp2ZtanPghPt3PiR6xa7B9M1vmMTXIzDmADB0MMh0I4b+QbVKzTwYJ1rYprjy2X/uFUEDItlrDdjeSn1QTN9lf2bf/io94tD3okiM5OWkafFIPlUthLCfktnY96aYxkqWy9FBBZWgizsgr9p8nObGxggLYmFNJhKW64QSmlaVdZz9hBqL/5sx/C7l8mZ3dvfjodwiG0Q==]]></Encrypt>
</xml>


2017-12-22 19:39:37 debug :
------------
String:
account-ticket<xml>
    <AppId><![CDATA[wx7f83e93205d2fd31]]></AppId>
    <Encrypt><![CDATA[M+Qie+x5ba53EKMHI4l/0DHwDbEKvabKR8Yo984zyaukul+jijDrRyHyLP/oQ9y2rqCtYpPINPG0ZCXEkVGqECo0G5/OdyE+hOb/kyW0+EfwTlqphYpL+8oDTJVJSEAXyVCbSTrUfkEVzcjQDbtdF40gJ0doGIqQ4jwFqTKTuFWwapiXxmKFkVDhD9q7dzlOE4Z58Ux6IoOp7ucYBhcTjR7GwCMm4Dt+fK02NRHFWOEDtCVzUmm8bJ8l9tgqGnz0Hseo6/Xytda9dVlsFJ7L8UFEhAAM/Ngub7OX1JhZBaImO0UBnLD/EnjMU6P2xamBMdZUA6nvgSuo7oS/q+0K6RfaiO5u0y6QU1iq22hVL2k5hZk+MkVAOtb0BKNFezyrFwVJCoFP0mtPCA/a/5GFe4CjruX5rhT82n5rOlPhUsjHuEvcKl9+LrKM6hH0zzFGoDzgr8rcKuyKBxEmzijYZA==]]></Encrypt>
</xml>


2017-12-22 19:49:33 debug :
------------
String:
account-ticket<xml>
    <AppId><![CDATA[wx7f83e93205d2fd31]]></AppId>
    <Encrypt><![CDATA[oPGwiDWPIKObmGyMTY9DOSdysJjKJ9H6wDvytuU6X30vTzVUzaPXirPW9ShUCyT00UYCWq1awLPHNLOhcjIby1c5cIFNBcB/iM6upQw0uDRJUe9Ih6sqfAzI00x6yZFgJN2a0UEAwpizXKqWDABVQ5kBADAYrYf9mzhK+pc/mofEz+EVbQZrVYHGnyodBqA89lhwSDlduAoxdAZn7vxoi/aQTlavLk9lep11UkwUwkKUS4ctTUaNcVflOw5PLDDns0wyniob3UEbMuJlBJF2Hm45caovijJQVd17qIPqzlVyF1kNnHApXfZbrJnJNBKJ1rUG3T/6dphD6eHYBwcmqc9BFCO6aKT76dFFshSXwKVYaEoY8RdXj6Scobre3VeOaeL5zkkCnq+hZ1++mjphhz3TO4p5hBQZ7nn1gLnpMLs1vdB0WSuqriJfHKVGBz+XnfX0Q2h9XBmL9wFkzGPI/A==]]></Encrypt>
</xml>


2017-12-22 19:59:30 debug :
------------
String:
account-ticket<xml>
    <AppId><![CDATA[wx7f83e93205d2fd31]]></AppId>
    <Encrypt><![CDATA[yy0o5/QEi1ABHTruvDlxSl8fVxD6TW5cr9UAqsIAsfb5++YRvUm01o0WQX31VCK+EiTvnI2zJBfT7RZdS35khQeY3VftkctvVbYov1/7G5REmQvSNaWlpRcekws8tJ0ciIi5MeWwlYNqGodp7/B0L+oZfDHrHBNajA/h18daNqgflKI15CboTJiNeFs80N/no9hDWbXSPHfm3vggSNFfpVDnWUgtUxclbv0qNEQXqmeKF2z4u4gHotpP1V91yN1wassfUV+DssqY4UwGXFxReO6uh/TjgvwpvaZD14E1b5unHU6hApNgqoJkkVgTLQB3kvHTXiYWvNG6YZP5GVxGW5EeFi39jxQ/hCrV4W/dLtu1t4WLAThjm//JqYDKiM+fWKPeiMccKA7MN/BmLmXgLQwsJZaFnfdUi4qbrIHQQLuNvtK7vecVfOccz41UXca2fjYb4uRL8+GeyBLdSsymDQ==]]></Encrypt>
</xml>


2017-12-22 20:09:47 debug :
------------
String:
account-ticket<xml>
    <AppId><![CDATA[wx7f83e93205d2fd31]]></AppId>
    <Encrypt><![CDATA[xyAXtQF68v6nIS8NPJxsciqBM/q0igmFxxTMbKGqUwJaMkBMHZi8mNE1BWyzviUVYbHU2ndUwrdx4TYO7w0tKyE5o22ZtcWPidaKjTyIm/vrn5NHhfu3DkE+6eiT8Ahvbrk83cA0qlEumtXnYm6KfxNFPPUPnWYjrMomKzlwij1jnoPYXWV3BB6WtdrBGGwZSLvShwO5O0rQK4Be9Vm7JVQ/WttYLBfpn9ngoXiPjP3zdg4R5GtD10cIS1VR8S0zYQxaGYGjacCjb9axhiXQQw81QP5VudEMLVlEE79BGa9pp9IaWSkrdywprhTDXMIw9ifP/67EGoCwrjV74ZaM6yQOrbmek9lG/8ghoEKE6fpO6LOXBfDL8B/qphKL27ARbAQUTMsNYfeFVL+mW/XO1GFTd9GAkK0I8tuUpigWHhMdpuKTA/JUjeyh8fJM2qHPESKHcK+dk4n+DC43ncqkKQ==]]></Encrypt>
</xml>


2017-12-22 20:19:33 debug :
------------
String:
account-ticket<xml>
    <AppId><![CDATA[wx7f83e93205d2fd31]]></AppId>
    <Encrypt><![CDATA[37kTdaL2fdOb0HePa7tFh3xC6NtxZRsY6Acogx6b0IJRDassVT9MZhYBo7fqXd17jRJsnCikTFXCaXO2bTKqArgqdx6ldi+0anUGHIyMBoCmTumGe+bV4a0wBz/uohmxcNB3kC2uSqMN0UnNyW+7Zj7YR9eAcW8Q34gf2v747N86WBz7q7swRlaq3z07NmSltlVjKd0zUIyTLlVBnxj6svbQfSUO7xzhJm+kYQOyQ5EcjIOKb+417gwbZ5AH+umuNtp+6+3QkPmTAT9mu66yQYHAckK90cHrZsGBRE1c0bhMU5JyrT1I6Im1Ta8JMNiXyznAHlxVAbNZdU5ft7JJ1WTMfSEgm6KgTNDm7BrkN4PZJnIzm6LJc74LoIVz7x2BcOGnMZrnc5c282gXOy+bSOcD/iLac0UNLIe0a5yANO+ZpJEeR1/ejkg9715Ku7OWVImGL9funPnhqsMNI5ThHA==]]></Encrypt>
</xml>


2017-12-22 20:29:41 debug :
------------
String:
account-ticket<xml>
    <AppId><![CDATA[wx7f83e93205d2fd31]]></AppId>
    <Encrypt><![CDATA[QTRaWEbfG9B/dbVoVZhCIEE2SUIZ8WM8TVGdXynx7+irwonxY3XNOQrnk8Jotl+hrP86aC4ZHVIffV3EmzqHft2IWLgMYuOLjAgfNcVI5UolsVnGSQ/UjcOFJ6rFIKqzUTtdgE9Cj6x/hLJ4kJC4xO6vs/zcbHViVPxHTNJmAvzxqCyowU4WOvSGEjNdzKgIrP7Kn9AYlCftH3Dz5BoxPdBAZ1b/rreVsI3/rwQW88LsznQJCN0kr4P2anrAEPJdn2m4f1W+A5AMIu0/E2+I6VTScM0DJO/SZ47HUaXWYZ4sT1GzH7gMMoin6VPJdGER8LglO+UX0g/B7X+x/T/k5Bk/zm314YBdmsVtJ6P0YObhEpFeMLT400fqP7XY75S/31PPyBZFLpJS7JTS/iBVBN1kEBxlnZJZaNBjWQJ6hZB0Olyl8cY04T6ldf4ZznOQat/g7sKqjoNYu0v2IZVAMA==]]></Encrypt>
</xml>


2017-12-22 20:39:31 debug :
------------
String:
account-ticket<xml>
    <AppId><![CDATA[wx7f83e93205d2fd31]]></AppId>
    <Encrypt><![CDATA[WVKSn7n4KyacssMLvjizmuaQrfYdZakF21p05WIatcjg90Ry67lEqamjq5kP2RLwckIGziZT8RZgZwDQljsRxAkX2DA0rrjenjbl5mCwIvhDCjoie1MYydq4cmNqjuVsPYI9cgam+REhuvbrpK6LN6jH01zFwhs3hNhYwVh5RtBMeoq3tdPowe9Ya58An27inJNcQ6NohkNAMbhQ1wP8dPjYnhZaoTN1xwsxbxx+Tayh1lh1PCsb3i2/AXP/5j1JgjSBA4Hte/mFyxgrqaVxJlWYY+/ddKSahjcWTM5BAyPrF7HSC5p5+sCPHZDEp/RahD5h2+foACAm2xh/iAInbeneySZhhtgP7XbfBFAOyRdhh1+bm5WohE3A5LVRd7rnUBrohTaBzLfIH+hLoafHGjlpy1xqGL7fws1RZlRbfrs016ZKT45k3+b2yR1Hbnmj9YCYI5Mt8GL8DBFSFZFlGA==]]></Encrypt>
</xml>


2017-12-22 20:49:33 debug :
------------
String:
account-ticket<xml>
    <AppId><![CDATA[wx7f83e93205d2fd31]]></AppId>
    <Encrypt><![CDATA[YNBnF/XLmN/bRUa+oVCQIJVRnSeBGIAmW9OwigMou7MJjwrgHjLdXuF2gyM3fb3wyBtlm38bxKPIHX+y+PH5wvcAkaUOvIhjfdKOsXf2BlrmVVk/KNFXqaglu9Lk4F3ttYZ8hGdb3q4vkOcPgBei7juXnN+7fRMT29ZO+K83yTvC4W/rKwcJm7SIIxfaGxHXwzRrhp9qQ6atQgZC3RRhq336b1mVnb3pj9seJz/JdR6innpcCihbpauTrrTkCnjhu/TLORDPTAjS81L26+w6MYNouBuzAh4sPuKetJ8C5KYrht/wv1xutP3OwWv7PhshXO8KZC+wpkfRyHp+6xMXb3p8RTP+QBW3jl2/t4sTmearw0GPNMiiEyDUXf++4gHoo9hsi8nhaKOFWCfurIamCXyd8zgY/GmMAEzacdebfHTDXGNV4dMR7H5Py6aC/102Lq9OIXNsdW++Zhbg+ITFiw==]]></Encrypt>
</xml>


2017-12-22 20:59:25 debug :
------------
String:
account-ticket<xml>
    <AppId><![CDATA[wx7f83e93205d2fd31]]></AppId>
    <Encrypt><![CDATA[y+bUOmHBjbWIAu12NQXFFkzWZjW8N5IBfUpygPqc3DlVtGevB+OgRb8LCBVXonsHVJ3JeWkZeQmAte1XOHQV3UF3d5w90k5UcV0CrJmo6sUm/H+SMejR7AoX5+pSyqVt+Y5+Cnnrddf7vuFho8VJ7G/0Q0oFueD4Tudkytt5QebC2JAspQg//OmWELHmFj9qJzG4WZwIOgni6cm2X16Bv5Q89Qu+9/CNg8mm6evgFDr1/Ejoonf8TOiZjqo3PizZmtX4yZF9anb+SWtjKdjssjKV/Rjkr7sEmNViQe8lbBUXYuejCdDR0HHeuy+3sG12+jJ+PxDuYNG5DITyqxhgN438rTGEUjQzRwrdGRJ5qC5vGS/0fJJ9sHhO2bE9hucJLjJi4hsV7mbtC1/ET5avIDpiYSFf+0foK0aRPDAsVABS7H0fNzQifNOSOjhlZ+5bps0UR3/vj/f1BcSdMe5O/g==]]></Encrypt>
</xml>


2017-12-22 21:09:43 debug :
------------
String:
account-ticket<xml>
    <AppId><![CDATA[wx7f83e93205d2fd31]]></AppId>
    <Encrypt><![CDATA[UmPgCw4F5+v6/2qOxR7kU2ack0/gYFTT5RpEktcp1+IEpV0F0MDLpoCcgz4bQqVdy7AhlBD5jEsPz9pcSNWrwV04P1E4w0Y3bD2UpxPZC3iBUzUQJ5ERddyXmCor/dkeHyqFrgUY0dfeUEQEhPo28cjhXSPzubFZbd82gZOPPjLAepXqv6/aAW/gDN16v4vNqRlLzlLg4uVkvyGCxNWSfnG5MGVtgtyhNNBcin7O9lekrY/F+bZoUOiGCG2Vd2ubFow/uqdvdme9JHK+T3GWWcOmbWtQBQyOve/8lLAsMAl6ns7/evUG1GEsz+vHgOm/4rVAZ8/+10p6ZZCAdPlOHawzsDyuXgXMVG48HQmbg8bZRj/VsXsoDuaV3sO34ibwcPSbSJ7EaA1vHWpMrMmfOk8jzzNTX/8VqMpv6baIZGLJD+EakihKpArwt9pQFWgrGi21fXInE3MP7NQJ9tcb0g==]]></Encrypt>
</xml>


2017-12-22 21:19:24 debug :
------------
String:
account-ticket<xml>
    <AppId><![CDATA[wx7f83e93205d2fd31]]></AppId>
    <Encrypt><![CDATA[GtJ/9Ua61jimUUZLAfxzySCrYUuAmcii5mjGX4O2qks0iQiZginlj0A7eH4lb9rU2cJxph62wnnl/EKuwoFM9kivIsTbA4fk/H5NW7Z2rK8xIEzSx23gkqYWJiv0887V9dnn1+D7B6UKJ4N7Qy62VlS7gGiCAdzJkU+dbrUPvxqEOEqcBgMnkOhVGN1EUOMLPXQfrS5wwcT09KKiK7WOaJ9oYk9XwwBcMek2XvCosW9fM2R/dPBlI2DLk3EZElyoAnk2hM3Z5XIXOIOIzJCqOF3h1z8xK7yxiWVbdEZkOo4auvom+hqZmAkwd3kwmG64uc21OFZ20OJNd2smIWCXd/0JB32vatMzos9+x40YuciaGnHs5HcPmCtM/mfFvMM74FzE7nWGXvR8mWhvOukTN5TyWSU9K05EMc/mVK4mGRdPED+WoBUSdU+LPRaJeCi+h5iml6GGq283OR800ftPmw==]]></Encrypt>
</xml>


2017-12-22 21:29:27 debug :
------------
String:
account-ticket<xml>
    <AppId><![CDATA[wx7f83e93205d2fd31]]></AppId>
    <Encrypt><![CDATA[X27oFQqQ1XFMGv75chL0YfPbxLgp3l6hNNnRnmAvCGrU8dZHbckt3V9kCdGx9F0IHcGHbFtRZVHDTpEUeEbpV1fvqSExI8cSwpesRWkRPoD4TwgBk47CB3vEKrtkWTrBx/mFYBIoQpd5fShw6gdpz2N6lQbhgqbCWP6Eb2euF9IgzlNPfc/cq8nFJec7eJdCTA8F3Io/JW8KNRT3lJrzn/Ys4zAfzdL4QXpM485CtEgHWh0MbKF6BfX6BA08mkEC0pLkPPPiw9GiLWHbnOMr2tfY53NOLqZYjTOjb/Z3NG60QdzN0NBtEU3ac3hXWtU9V1qrkX/MqZXhBjdKafqN1+9qyCS+yh8RrpnczEl49UsGKfzzvq/XBbLS7dqQR302zV/Mr+JAIo8+4uIKO9HgSZISa3bBYs9xCn9kS4F34BT+ObiOXwYn+hhTAX0wb1VWTgIlZEN0vYj4JDAlMuA4Vg==]]></Encrypt>
</xml>


2017-12-22 21:39:36 debug :
------------
String:
account-ticket<xml>
    <AppId><![CDATA[wx7f83e93205d2fd31]]></AppId>
    <Encrypt><![CDATA[7ivS6rkvZ+stGvI1PU1rPE4OQ9r/FsrSaDwKzDBZO0dLIJvb+6ziUgD3NkPA/P0OJwAGfgjGtvkquknVR3FecqKE1pOJWro6CYsNj9lJpvW4Dnhlibv+CoVn3SnvMSyv+oc1wi9IbW0Ur3KJiK4ZIbMXfLa2ynTX2NdHJB2jGwtOLnNtOtCmjHxwNeBNd3LHq0HE/ywDhhkji4imY04OouJw1eXHWbrLFFRfeBP7mIi0dC0vbqU31e2+/vJLJsS/7Rycd7ZLgncodp6CogWQ5NDxQ8XEktGegYR6kjdA/7cguu83trPq68W44C+hByTfdjf837INKjwTt4sQbeIhYD8Hcn890ywgVlxSDKIBJeYqRgXfQLayhG6DC+uH2bj7ZY8zEHTH9PKPtBUI2Vqb8htQEg2aUYHlvWYsFlwu406b514A+Aj2FaaQe5hg+s/Ee1x1CwtNBP+LAQQL6dRYOQ==]]></Encrypt>
</xml>


2017-12-22 21:49:22 debug :
------------
String:
account-ticket<xml>
    <AppId><![CDATA[wx7f83e93205d2fd31]]></AppId>
    <Encrypt><![CDATA[3i9C+/sOqCy0e+AdBWlU36w/G0lLzi7xrBsC96fKfx47JkCDjvs+G7u+Jr+JL1dgjxgUKhqD9jk0RWgv8UunDRw7PcEyccNRl0WuezwhTx5lrHICOGvn45nlRMqLxZz9XcZNs40YYYAkpb0QOlg51Jf+CHAeIJHXlWP9GrcCWeOsw/0ZPq9fmYnUHbGynKU7MlV1TTf0bc5sIqq5WWR9cLIU4kLyVPVM1dVhsg7CyMZ2TAXi1Wq49ASEWG3v9DsRWKWlC0brro4Tl5w++bnxoy5nK/WOcJ/BlnStEdNgOInQJW568oWZ4PKhELM8KWC29wPpH2hbRtVqklM0EBlyFS4sKTrzb+KCSYIxMhL7Rz21SoR46q11Kd2gKfQG0fqKeFaiiASxJTd97TSaGpFUeIbKjYbyqVOcMHxRu1TdHjysbjiRXE1rpDlH0xr8ejEQOrSvE19rJp0tM2BOEbir8Q==]]></Encrypt>
</xml>


2017-12-22 21:59:14 debug :
------------
String:
account-ticket<xml>
    <AppId><![CDATA[wx7f83e93205d2fd31]]></AppId>
    <Encrypt><![CDATA[LNZ+GZPBtXmTrPvq+DFM2gh2gjS0Ww48VXtlOJNIIC4KiD/cduIsWnV2DF0Z5F64Yfebu/jWGXTnLlcMuYeCG2gURVudX4erTK5zTre6UObNqRPQN5Mklv1eIJ7TIBJAwazk6qlkMTY3FqWEZPli0XUhXoN5+uD7IB7+t+EdKGVJIj1nqwcYc1OM8qz04jw84o3ef5sky6VdGP4VOxdz5C8oE4Ub8NIyA8Z+YOriKejoJ8YjjTA7wIngeCZ7q+SGo9fOZs+3GM2n0tukNr48V4/Ba9LenZ98dJbVAyzwqqWAUuWoHjYli/lTDWftM9UrIvMNklgjKpDt7LuSn0TsSz6L7Glf6bftjZM0O8Ix+19pH8iR9Ej/0xYvt4b111yt1mwO7dzDHE5pCH+kT0AMYZ2ZOMomwrT7PUa0li/ivYhlz2HV1UO+UGwE6EFk756/tYIJRGJ+vI0IogMl3eRA9w==]]></Encrypt>
</xml>


2017-12-22 22:09:25 debug :
------------
String:
account-ticket<xml>
    <AppId><![CDATA[wx7f83e93205d2fd31]]></AppId>
    <Encrypt><![CDATA[BfIKj9mlgyV9RvsINK11hpJYocHkmcoVP3H0vvTeMS3mxegJNS/2AAKA2ALcTB/Ev+/cKqve3EoIvX98Kz9ALH9Z75J20Ar6ljfK9jQbmuXXhc9YJUuxORipZd4BXqQpQV91HL4NVsEzMByWr2pTNd8DNndVFQ51/yxE4D1eGbfTydhWm0a96LSsgf8NSYWp2jWKxug6ZQJ1igwsouPhDD1Dyc/BARhUPnlomHtekm20m48kdYNIuBsb8trkQ0OvMtZevqCkncoCZRGNr/wTPLLGNdP8Cmrim5kipDhIqr6IE6T9Qd7/7JV2Mz3pkqWNJTxkSUWKwwVK2JZ079U0lKSA/hcbb89+7Uia0Jnql7sh7MRoJkW5JwevzjTrR3u0miuMdL5lvCJO5QylZAwmKXqm7Ulh590aym1dREKrIb+cwTlKfBSmhI6vRZIbKQrWvru9DcqPRTIsisJNnNMVzA==]]></Encrypt>
</xml>


2017-12-22 22:19:14 debug :
------------
String:
account-ticket<xml>
    <AppId><![CDATA[wx7f83e93205d2fd31]]></AppId>
    <Encrypt><![CDATA[wK2k2OiF7/Frn+Z830BXZlf1kQvGzGBN8CTMB10eegaYeKK6zqiOV85c7GAQNOIoLrHDOnTJrdTg9ffs5AbRxm8zcyqn1eVKCE3W2Xt29pmRQH+5Q+S0RaygZ/CksZUCA7K9mwdZRqYfpVHZ+ygKTq3BoxZEsryZG6p1HbWYKQ+EjpsnMUgN1F8l7ZjX8Paq9JBT0FBrzTWO3RL45GBrRhM8Myu+FTcl3ND4AMH/++VDRsEc29PA19Mse/qdKi7qX5yi4sAVQ50xrlJn9WDF9FdD3djVjhOuTkAs5osflaSYTIfdOoZK5Rkng1cvbuSihjLJmT9a9PdV75oEtdzoPytszq+XhErnDtFzQ86hiyD5zqIYirg97xlKb0heVK1DBh8AZ3Bg2LWKnCv1VJkv7Rm2Cau/wjBIaB6ih5ZslmKbJm10tn2NP69OAjmfpB9/bQCS6MpbnJJ1J4SPe6gEnw==]]></Encrypt>
</xml>


2017-12-22 22:29:08 debug :
------------
String:
account-ticket<xml>
    <AppId><![CDATA[wx7f83e93205d2fd31]]></AppId>
    <Encrypt><![CDATA[bILPCngvImUt+rUheJWlOjW0GVAHKN2UOt1zlOoGu1RnjwAGvcGLC+xUuGA0DPxvhJXnzZT5/zEsoTDQj+n9x9Ta6vxoHXdIerGf2GYQO1cFZpycCj8qDr3JNj5Jbb3RFBelinDeZ7XEVmYzv46kxvjMDaK4b6s+pjDny4GgJAOylg5yyZaO1Rcm+nrEZhqw+KarkOWdocLQJRzx5JOHeJ0nj01Vp15eB7Tj/ibFu9GHP1mheVKg3jllRdxxnV43LaZ8kNNEs4w83oPAQx9m8IRVxGsSqygT6M5BJsPBNUS19gUQVLnSbwDohPL0CxTg3UsIxmxZjGeiTHqIm/hQ1UyLUCZ5r3uhYMXKVNHnKBdKzh6kDXLVKLY0sQ8/Y3n58mKDRfcwNDzC521NPFLDAmvJWV46E6zAA8xSAAZHDjBerh1jOhN83oizhMogTdJB5OTK1ZmpTTWOkbVYa3XEJQ==]]></Encrypt>
</xml>


2017-12-22 22:39:14 debug :
------------
String:
account-ticket<xml>
    <AppId><![CDATA[wx7f83e93205d2fd31]]></AppId>
    <Encrypt><![CDATA[9/qsjcoJUwrHgilaSRub67dghBRfZ0QjBvQlb7uoG1sU7+D6mnRs4Awy9JfdHbQgROn3L8kHR9rCfS4K1cAK/8GvR9uPmKTL3ciNUkbJ4t0sOE3Fuy8o2paflonLNVPhn0AJP89ozdRfojMHIrLlKQ8Z9Y9qOl4YCmnbcJRlxfii8Z4gGAFFaRQnaK1OPZDSb7V7y/Ywgd/p84sZndPm3dTmNmBGqsIPdbE9vR5r+3bYcXK5qEWUN50ClvvzhNBqPSptzsjG00RRTXh2F9ewHCs0GhaKVIwnQiv33idjtUb8LLMDSilPtx3g9LE+89ig4N+C/O8A2Snf1MJhNgPFNM8HNxjWjB17gT1SMvzDSGUBI18SaiLplth4/N7c99USL+kcRiYWRf/ca/5qh2U+APo+zCT/NdvrnKE35DWytQ/QaG8Ozs+SmJfVJkeBhKU9V1hSMzi+4J1hhd/O4MrwpQ==]]></Encrypt>
</xml>


2017-12-22 22:48:58 debug :
------------
String:
account-ticket<xml>
    <AppId><![CDATA[wx7f83e93205d2fd31]]></AppId>
    <Encrypt><![CDATA[IRCoQxR/yC61+qaTJEuDZAqU7SVvaFFY7Ezua+4l5x5REFXhqs0uWZGGvszBZHUE4HD2JYkJz7fYIrMWbmeJMukYBs/5z1DWfT9U9PWAUfTgLHkr+YqUf1fUii1RD1QEpndLoysZZqmiDMqurnM/GRmkd6liuhy0xFKH6SmFLnHkK5SsVRC7yEBS1sh2T1tedxkBfgZeZc6gfWkaHiuQoQi2PsEyRMivYHxKzGnn+44n6N2tS0Djez586o1U4NTAiX+AWMHQIb0yHlYgyWqsfX2wzrFpfuLOGvQP5w9XBn9GP92VDzxYxz1ZfFv4U8DqFE1bLhkX9pdVrKDIfdWUCjORz/SJ6QQK3zKbJ8eRjxPPVliNw7p7PwFkZrHuiRMHUYvnaP/jj0Db5YkJeDLqvBw6zU/CG2Y/ATqS/4c+cLFRZX+T1elTdecm24XSGGudGHOcCZ31qBwiccwqGa7hOQ==]]></Encrypt>
</xml>


2017-12-22 22:58:56 debug :
------------
String:
account-ticket<xml>
    <AppId><![CDATA[wx7f83e93205d2fd31]]></AppId>
    <Encrypt><![CDATA[wJybD/T7GRT821wvL/lGwi4FVHk2J2LGST9sSpyyumQNNfSVJK030Wwv+CkJqQPnOlE8X8geB4pj27fEKiqWrkcObh/9JsQiBWYwe7qsLrNZ2XeDACE7LpsYAFD75zOTjxSPRuRDVQKuRxYnccXm6gflMY7mAwlouBg5+8+KAyYrm0iMP5b6/iadZU+EM1X+isQNJfnWCmE40BWBrAL1vBiromUVOEAlMupJFylFDIUtLgE8t/Fy0LxKdVkjNAqPRZOONe0syyZbYZukSjXkGWJG60bUESpyx+r7vgWzFCbCNHYVGOR2jy7PCl2zyWOgQwj7ELXLTzxmrG3OFYNnGOAU64Xng7nLpXVAxeqQbgK8WDBqC/jJG1y9bbrgYPjdz3ppZGJo2q/Va4iz+xchsRLyRdTvinbp65M4yUI7Le2gkAHrlcAJ3Lec15+KcBJ+xb61YMiskIk0TxCEXoPxyw==]]></Encrypt>
</xml>


2017-12-22 23:08:58 debug :
------------
String:
account-ticket<xml>
    <AppId><![CDATA[wx7f83e93205d2fd31]]></AppId>
    <Encrypt><![CDATA[5WqW1Lvv5vbA1lGLl8wySDz6wxR+Qo327Wu5WmQAyQbCRCHiJTsBzIg1wBnAFrWlZXZaJR4H9avm/FlI4PvnDAVEIw9HnraW/duCPHM0OtKDNrjrPA5pni1kblTxLvFR++e07WisVz/bRPZfgzMaZPPSoNdxYT1DYpl7nzeYZLAi7xghMs+ytxEfR5veo4qIdjCh1my0CoPcG7uiq2KhRHqtB/ICjlJcuUBcBnrmhSeOApfHN63GGbls/TwktYyB2iLekV8yu1DuvqQLybDGskPoC5uUSV6k/QPlEMND+V1uchPpHqYYgImaYZd0OlF3x/HK1efWAkCRmyQVSQM9JVk8aEaG9fmUU/qtzsYEzueAeYyZVdLNMqGP4xC/yWF4UWHXFREn18axxK56mmFa6Mv2KjnbAqcvyKgRQQlf195eMsX1TuNbzA/0D4BCmxWhlwYIOAvFKrAcbh446jHC8w==]]></Encrypt>
</xml>


2017-12-22 23:18:52 debug :
------------
String:
account-ticket<xml>
    <AppId><![CDATA[wx7f83e93205d2fd31]]></AppId>
    <Encrypt><![CDATA[YFK46Eqy7FiVRun1Y4E9+7hnMYs0Qh/Dj2lspOu80WyLwZupeOn/63078GL430vWWBTbs1xTL9aAc22svMASkVmHpuvRVSF7p8kUoEjR17kzVUGJrlVKlg/Lvc8MW8K7LLBK0k1uxueXyhavQ9Tp/1GCTt/PFwOPMBhcipCHK9HOhnVK17WcN8fcT6HGG9M+jukYcVBZRdq3BEAOchu+UJwztUjY8iwg3ngzcdqc39TqDK0FynA9MrHMbSP4uxUU/B1Brekwi5eK0hBQd5Dt4eG/H+qkDE9rFGoZQf24NxTHeK3xrhlmqwZ8rvVcAsT9skO89eA0sef/OCDY0kO9r3BNtSZbASKJfSWzaXaOY7a/H//qiv7eziCkT7MHeG2kGl9iXZ04gL98k6mxGRdfCR092VlSeGUVhd25ZjYMsEJcOS2qHOx7hn/O7KFcq06wt/UTlMTGjXJpPtCvO1Q8jg==]]></Encrypt>
</xml>


2017-12-22 23:28:35 debug :
------------
String:
account-ticket<xml>
    <AppId><![CDATA[wx7f83e93205d2fd31]]></AppId>
    <Encrypt><![CDATA[e6QdG9CUsCQue7RQLHLhQJs0EP79nIZ/x+IEfCpu+4wOOJPAg9O8UV3qg6o0+I4b/vZpgKrgNbhK3O/waZOK7VtnqvqFLbQhCoWLNEe+MRPveZxcxaksmsHe5kx5rTzRY1HXVKMLb4IWVu/G3NCqu9CHVJ91gJTbloJ311m0n88wNxRK4jhBketIB4jtOtX2LrBG1JNcO2YgZa/AhGwnG9YLB6kP1Y44JuI+O2uGQK2OuKDev87QLQV9UHWzyOCHO3lLvkgy1+IQ6P819XMRpYEHKjSv/VP2BByxlWicdSO13vPGfF3Thk4Gz3i/Io+gCIs4sKpQ7skvMbip1pO8d5s7FpNEO2IsikM1L+KsB+OPVL+5kl77tqP4zgCDKQPpuFYjjOmf5ANgpXHVszQi/+86Tb5VwYkrEXh69I5NXS+mbkdaDSaphxMFVBULAcED5FtodUJtbH+XVgFOsO3AKA==]]></Encrypt>
</xml>


2017-12-22 23:38:40 debug :
------------
String:
account-ticket<xml>
    <AppId><![CDATA[wx7f83e93205d2fd31]]></AppId>
    <Encrypt><![CDATA[uto6uLoZbtMc96m/ng5vSVa8d5P04fwGeIEUI4Oxrf10GAhKQob43guZKFn8xkrq9HHH9pKo4MslVIM9f+akR3i9yh/fw6Bizg2O1NYJPBJjdd6ka3OxtyB8uFq2gdxmS1WJy/+w3qklZe0BmIy5qEhMdEJBDRgIdezxYh9OczRanCjxBplqGmV21/TDm48pyG+ILsdvgrVZLhDbjpALHDevxc7IM1J+F7m/y7TyuS2Qq8b8bkY6j60QfbdQ8590cPiBScEP/kwCI1VyJisQaXk2pVqBW9tCLNMGKaPFejd/PT8/VjzIqXpnPs1bcpxSi7ysBSI67dcY7Dnx/fOKEtCa689P6i3gvdmdXqI7KsEsk6sK5jNs7GCZRNqu4e5E0n9PFQqWelktfTBSbNKWpL9JfBPGydmb3RSTMikYQve7uY1r4mKPt0OWxtm3DduX8YHamSeuvWhRwmeAaWoYHA==]]></Encrypt>
</xml>


2017-12-22 23:48:32 debug :
------------
String:
account-ticket<xml>
    <AppId><![CDATA[wx7f83e93205d2fd31]]></AppId>
    <Encrypt><![CDATA[gzVelk2OPfKTZWM/fzRf+lH7P72w/642YFbQB4639bB9Y2lgib0+ckSDDdCkPtFauEaTReC77yNwueNZVIULuTETJ639jucn61AT7L/Q+yhzgvPN4tqx8jpmR4WUgIlNitkWdYPSxYgGNJZWFTKuHwIyNPH37nSjnXf70QUgxovflqAwykAcG6fpGzaGpYqSf3OMYFKCWcgy2gTlITzqb1M0C4jcZGyYDRa9ic/5fSo9y4NBJgPTwFk6exKe7LXJJzryXpJkWYFIVDgq4NRidInacmoJiOeCNKdLFkbawDfcAlkXwN0dwE0MgxToZ5H4TxV2qx19f0Thu0O6/Ny134GLYg2B1oft/8kmcmeTqHJY9CGWqyuprGANCl5PZ9RrXqddeJqk0l0rxb58tRkmzcehNm3NAj8E0Ceybjm1mEq3rT7s4SlssUCeZuaemoUwRbjLBw/WrgY7dUgzVts3sw==]]></Encrypt>
</xml>


2017-12-22 23:58:30 debug :
------------
String:
account-ticket<xml>
    <AppId><![CDATA[wx7f83e93205d2fd31]]></AppId>
    <Encrypt><![CDATA[HT7GcaAWFwu/AC8QhNNXoyOlXaQI/lAZK8INlctUBK0YPnYb0hvlYnnujqLUpDcmY49HfyA9bHKdd1Sh39yUsQlEBdt099sYhHhWGAtC0MqCLhNi/7BvtkAc12pToPGs8LSZCR2mFlZXmCemujHGLauGS+4/Gr8y44fOv7h4kK0zSe8bJuY80mhd/8p1AcJv6GmnH+wgr3obqH239/e7+5t2lJD+64yuFwTz69hWoMtIzpibaMYpvQZWwitG8D3DnoK9e4bv2hEDUgBJNfEId86wjQ9J961AEzZc+hdPh606THQSArGxUSWVvPGB0tDMSvUOjIVQ/RnQwieiGRunaxVk2scJeabFFonWag0XPX37fhYIHb7amCn0EyWTDOv6S88pD/Q1x3VupTQ0OHE/gBnTMBFSgb8rUD+LJY8eGfS8VTawY9+0HhF/Rk2agRpa5nCqoZDzkYTDOQyMl0XJ5Q==]]></Encrypt>
</xml>


