2017-12-19 00:08:56 debug :
------------
String:
account-ticket<xml>
    <AppId><![CDATA[wx7f83e93205d2fd31]]></AppId>
    <Encrypt><![CDATA[RJ5gB4jkqpDvxYG71HH2q6a/9MXamh5kEq7x23HCNrO7saaQf9ZD5s+Q+a0BRR7HU5cqfCiw49m+VojmjFJqM2ZiTKN826VLz4/IPuTIce6R1L8ulQWdb/mqpUVbZ123/iEBSazSgmRFOu3yEnE81itgr7wjPtVHqB5uqf2UqzQtymdzruSpZvRO58nxQy6Gj4WlY9PrqnThMKPKo26p1qLfgF205Fp1yknqLaz1U8oO55qwOF37z0DDF4vvO2Ld1rjilNXlWqRczwuVZ2O6fsUOPad3A00gNpkvOwumJTU5dBVozu3pZNIKxcHRIvLTO7qukp1dTj4vXtHjpx5QjUJKOW9C4MByxEwowSIMovZEMeSE8LqWDhrQtCnxdIh/kAjAu919A2ndk3TFUQKiwqMxsZTQYpPPmYgQJuEsx8JcY8HQwv6+X2z6tQyW5KWWP8D8lFtXM95ZMxO01WNmCQ==]]></Encrypt>
</xml>


2017-12-19 00:20:46 debug :
------------
String:
account-ticket<xml>
    <AppId><![CDATA[wx7f83e93205d2fd31]]></AppId>
    <Encrypt><![CDATA[piiSQfN5NmmVfPrx6BlNK/a0JiloELRsjTXOy0QeUwRXzwZpb0zXftB3+hVzP94ZdWrhTwr7Qn6SA4A4+gL6hQrpROFLqT5D85iq2qatnz6NDOuBYQ/K43rmGxsHk5mtxGG8u1u5sjW9yX/lg5nZZmC/i79XL/ceBovTR0ONQ30zU4WUVfLzU645Hp8XBnPz4Uda3m/OkF7dPVCurdCZya22p+zuUdLPIfvcki2C5qSgUW7RSa1ORQ10ahzjOVOqSY2Mo8hXOljuElgo9+C0vsSoYIlUmpaMN9C4A1OHSkbSfcFNzLe6Cq492LSa8sSsiM2cr86LHyUkCuaOJT4hAtikBTTCPlfQ7ZTkaz4c+KMFojY4iqiS8a4PKtBBUOJHgdK4whrmTOQtjgyaNYnSRFBBqz3L0kYNYce2O0VALw9ZwSTKR7vjUo9VkC/b2bdx/J3SeMTIV1p+D4bAZvE8/Q==]]></Encrypt>
</xml>


2017-12-19 00:30:28 debug :
------------
String:
account-ticket<xml>
    <AppId><![CDATA[wx7f83e93205d2fd31]]></AppId>
    <Encrypt><![CDATA[mRjWbv64w8irtBtiphFqcay0nUd597BgVmnmnjT4ABLU4ork4EUdnbtes19+Uq9uC2rmN01J4O7iaRYb7sxn2dIsp0ueUCTqOYNbJfNEHuey/tGZXVrHnkuK6xKVHg7w43f1BQovszfGGQpFBWxVdDrx9R28CSf5F5nGlJ+WaboyV44wPJfYqCwQLm+ksVGFVzhL3qGlAl4NPSA47dpe5N9KO9aD/rugne0pwjk7pdtBgh8gFXhfiaTfqwl0e95af1gZqJIivsvknLn1q/t70ocIG/XqX5r7GsMzge7BDzLiDy0dnmFrC6bzRjwn9gMiOJzMF/bJt26Yran8vTm9M1JcTXArLkrmmW6V2SpidXlJvMX7X0jlyrZJuwAL8l6StciiU8/2aRkaapR44oNApCAE6ETOIrP4Iz2OWj7EhKpMROcT51ZfnkgeqZSBttsHI0mBWLgEwpVZkB89P7eAjQ==]]></Encrypt>
</xml>


2017-12-19 00:40:34 debug :
------------
String:
account-ticket<xml>
    <AppId><![CDATA[wx7f83e93205d2fd31]]></AppId>
    <Encrypt><![CDATA[IpXR9G/mNlFNQmmTiAhaJBD97k1xa3wPEOjTe8NeGnaFNCH7SGDvd+UBrPSZbewFAhc+fzXJgQhkwJoIGN6tgWNxmOJ4SZ0nodacB+8iYDvhsPyMMblwapXe9YkcmtS3ZuWcvsgYTbvzX2fhW9QCearbUvRI5oApX8BGgiRAekw/XpxLLdaaXYtIibkoLRMBv+WO8jHMvuu6uZ5nGCNLV5odOO5tRXCCApcNkRu8Jr7QQsU39f0erJfQ7sz8E3c6+5+d+akU7VTOKwd+nIKPtJKj2B6jkLPcatpVeQ2p//vOLo2sGPCyUSvYvUKUj9jj/ENitwb0a1fRdCW1uZD60uNDzOiQjJQZc9aKmR/csORVct9M5aKgri7EPuTUhr/+EgBDgWQ0Fb07tuGxm89Mf1npebXV4FpjqnsyiFVa8/Hjhw8rfRTzuweDoLQ9/Mry4qgqbuRjG7fguh6FYp78ww==]]></Encrypt>
</xml>


2017-12-19 00:50:54 debug :
------------
String:
account-ticket<xml>
    <AppId><![CDATA[wx7f83e93205d2fd31]]></AppId>
    <Encrypt><![CDATA[XlL1cq+e4OPM39T5OaaO1XCxCKQm1r3GLiBw04x96f9obkxKN/tuQT7VnN1S8GdRI5QEz6K0AtxNXWCmEx1TBXEnYi21NNZ1+lBrbNMIZBC3fQ7Cx8FLX/07rQQ5KXVMqf/4myRR94vux1qCCt/7uiSEZMWX+vHqT3gvHsYV/nffnaCJPtx0BcfPG00IIQZXaOogxGuIwqJw1aTgjTm2f5vupghlFoigAPEPkbbAsWZX5GfEmm0pY/mog4VI4DPBZvzKiiZmAjqupZa3kxSXA3xzxwM+qvl7XLAcdH/EXPI/KAoJ9ABrPqX8aXWX3ssyGTMobYfhlcfwrnUeN9w7Fac4mOhR/Sa6H729e0o0jqecHnW0588lx83kmSX8Tw8yD89mlCtgJdfP+yJioKbOK+UXjtWwPeF8MxNA+Z+cV1b8VCdKzCwS5llR+CvbwQlDzp2E9j+vJvCi+VQXvK0Scg==]]></Encrypt>
</xml>


2017-12-19 01:00:26 debug :
------------
String:
account-ticket<xml>
    <AppId><![CDATA[wx7f83e93205d2fd31]]></AppId>
    <Encrypt><![CDATA[Pw68qD0Sc85Dce/pvl69N0v8ImBTUEPi64eBrmuzbNo0iQDgmuNGuzm8C9y7HRK41nA4d88tFwvr0xGT1tonbrbkp0M65FgH09B13QcJYHi8CR09Myp99uzIB58Nb0DX5AKAS35ItDSfVZH9yxXWmTB1UaA61S+MUCmZfqgxZaD5X6IcmfpS6KCLauWAwQHFx+wB7uNXO79hKAPX70+lTFkcxzMFp2BJwZVca1phuLSgeiuDVsA3AyBgopKlqhhbprs3DX0Y+F4jHsYzW8ZKIezntikVz4uS48wY1pFlOQrteN8VZNNyCM59/iNNEskBGKs3KFzdpgTJ0bZh/wDU4y0fcDKavV9u890vWG5YhydyV1SND/k4ZweMOY5HLtunmZ/mk113itZJ8OsxTtuv03eNul3vYU13naI+DzZiZ3sSaOp4RwXe+HG0iRhIwuHe1INDiC9jM1OoisSJYcgkiQ==]]></Encrypt>
</xml>


2017-12-19 01:11:16 debug :
------------
String:
account-ticket<xml>
    <AppId><![CDATA[wx7f83e93205d2fd31]]></AppId>
    <Encrypt><![CDATA[bwVnmJoUhDl5pAAwKS0LgI/AaHVF/f1bi7GgkFTxzJvga3WKWU2QQcMYZCc5dAnA9MoFqKnmCjy3JFrAS9rmsOHhnyq6rxw2kwMGuKpGdHjnlbrZyT3UxrXWAtSgw3Om1GAh5bZL1IKwmm1TjAEw3u64EV7R32iZ3I8ci/3qC6/kZSa5daoLEbMDbn0Fpe/crMscqgv/EUVKe9IcwoNXXaRVeTr7aYSFDJ1OvGZnOmax4S6hczaep0lLuGQE7nGEMSmtkBMSSMwhPt7TgIlx5DQe9ktp8lUfmLx0A6CxhIoQ7EDD940+eMuiSIiNXBboYmCbI247z1rZlIaEJN9Twhp58A2j8TAiRP+468O+0mdBdzyb/LJ4Gf6GztfI5tqf2NUw4wMa6o/pkAS94w6CeAH1Ft4RmQ7z+qL8+633hvAX7jgYG45w4002q3/DA7tEkRlFuSRpY07d+bleXP0Irw==]]></Encrypt>
</xml>


2017-12-19 01:20:27 debug :
------------
String:
account-ticket<xml>
    <AppId><![CDATA[wx7f83e93205d2fd31]]></AppId>
    <Encrypt><![CDATA[FEASoINH/ijSU6i0DpSyQqDKbMJpDpBfcdBoeGGkZRxUQ2ZV5Y8sruWFtWn7XrBOvp4B8IrDbg5C60xhjfxrBV01jYajs/w88i6a5+JIbG+lRnEJNXk1LK2U1+Ga8ISdc2NJDvz+DdD7i9GtSuXJ/TcpSqmP0nH1CsuGKLlOlT2XklMJ4QzZmoqRqpBr/3Ob8T7j+IBTp2i2aCvbER5Y4J1D/B7dmEjR35P41xwvCWyVbEyq1L/y4geZMkvN5S9WpE1+7R0YR5QyvfVL5GjjYKUVcqobzYF14wPvrTv41OHVch18iMK0GmVM3zV3C5IkPpEbEbZl7UCbcEIxwqvOSp0+6v1oghDoqMSQ8fawVWHQ0Pscux6l6NW5lxyHAi8fG4fVVabYAxnZUXbdA2bwe0p52127IgQZfF90odFBySNh+QFI28CQWAtOamkTJKPXHzVlYFovW0RkHFlXxf3iDg==]]></Encrypt>
</xml>


2017-12-19 01:30:55 debug :
------------
String:
account-ticket<xml>
    <AppId><![CDATA[wx7f83e93205d2fd31]]></AppId>
    <Encrypt><![CDATA[7P38UBeShE99fQ0JHZ9/4nc9v59my7WA8B29bXSzoyueNRTakh5xTkhuj9LqZw+ceyE4LsWoW3+lmDL/HUsVvS8+95wcplHr9x+1XxUWLRX/7HnJ9kd8w7Id1O8E2KLsMhkCjE1oT12ttOLuO4DdjXpiTMg/TX8GWvUK0qRYt/3a1WS27mCSWZZeS2XqoPqdN8XyCdSHraz1ap8NHOgIw/OwKq4NeQRBpwF3LPOtVrZxPDmYWTUhc/eCDs1TGJJj26Z6XxwXXPVb4aEZODvZm7xpsox7y/Y7NiqsNjbCRaMK7HrNVoraHvr3lQPLz9geTMLY70EdNdwlTLl++Fy3b4hySEvvjBl/YdLBg1lmGX1B/k0b2D8Lm4N5Lropo6QwLd0IJYlhM+9u9Svl0zvEPY1roCKFXZoVhcIYAfEFihdIjCpwbnJCFh4b9Io5V6k52ELfqB5+YBpvXbX47oVA8w==]]></Encrypt>
</xml>


2017-12-19 01:40:22 debug :
------------
String:
account-ticket<xml>
    <AppId><![CDATA[wx7f83e93205d2fd31]]></AppId>
    <Encrypt><![CDATA[POM71ixTHjepYBSU2Y7T2bUtpZG8IdNQkSlyct3RX5+Cgcg8nDA/df0iRoMX1/hS6gqHHeRi+N5NIMlV9NChbXsPuxYtSj4bCTvd9jiA7osveAMI5QAQv9JLzAd2BT8TfLzv/kWubwGNEp4BzEcM0YREjsBRrETro3l0hiJNWtrMp25afEiKGqZqFqHYyQY4O2VQJEo6clKzBRQBKfKGxRZeyRaAFvaf+m2uh3yYn0ct8fnEgfsmi53BGLMrQP+DyzGudV3zVOLeuMcueB69eB5qsrNP1t2WI7CXBp5qO91J4XzfkmKguDCAF5vn4KGm7zQpPStwipr/zxwSF+/Gj9gm3RZIUwIaxBYYrejzKD10AyfoS802nB2EuqVH3L4VB0HCSH30RSRQwVVJhmXXSpDGvIGUFg6pcqDAmV7g14N1A6SAJGUDX3AWkO364+BjSL8y7iHKlXz5FC7R8S/v4A==]]></Encrypt>
</xml>


2017-12-19 01:50:51 debug :
------------
String:
account-ticket<xml>
    <AppId><![CDATA[wx7f83e93205d2fd31]]></AppId>
    <Encrypt><![CDATA[a45LSNmVx806gLRQUh2iD8SoqC3hOgKRsAqUjIOiOPHUsAwJUh6EjvYLpgN+ataWS+8laUMIC66xuifpVPAtUp9qEltCRhqKCjloPF2EwItAdiHgf+lyaTlhcHgJfmiFmP72hq0/JxznrTyufNYJxD9xTMAR3KEoryiA349UAm0XspMb2Z/KqUdv+UZ/xLwSqfPixHnOpQZo7VyUiVZvZP9IDctc7jOv+7Ww6hm8jD0Ow5NLogVBBg2WUU79xBYjCiUQG47xCPzAz3V6JbnUW/yWVaHyx8S50lqFMsf6KCM4OirhuMtofeVFRZuBb4Xv3GHmobTfBQYfZJwIjTACV1RZwMum3lOnKSPwlejilzk0lKkp1HmIsLT51er06mMISgG1c12IUa2139mx7BSu9HPAwngQMgVIoqc1HzCSlZqfttHq2Fnk1UfQEE1kUCqdu/4y7wPABEemvl0U7OeR8Q==]]></Encrypt>
</xml>


2017-12-19 02:00:20 debug :
------------
String:
account-ticket<xml>
    <AppId><![CDATA[wx7f83e93205d2fd31]]></AppId>
    <Encrypt><![CDATA[8nci+Ni6c1PTb8VJlKUJg3RLgG//xbVau5iWbRUn3NrfNwgsPf+OKH9VAO7q9sS0/RKswqbiWjofVFGoquWyVnEJeV7qPRhLmd0fTbWuO/0zOGN/VHE92jS74xOXSnUzkGDoAEJ6gUTW9lpMZArAkmSXNlXuKCI0E4Ichrt2sm0UIlfrN4htRpthENA2/M2Omqlkq22FjgaBAzooIm2wSVWe+T3H1qmJRUUFCxRQUp+YNtVn4faVIiJwpuBfa8yjCYxHToxORvFVwB+L0ce+gAVECeIzu+t2LBwFdBK1BV0NZ5RqyJjKKqX/JoFGiQXO9As2RIdg7mmq1c7iteVoZ7uFm69zT4wMTFzoiWuI5nZ4lIHXtKoK/D7UApOrlVXaO9R9E/l9T30vGiMAvC7MLm6UJumU1eKaVbNTUdkgV2nxYy3Q5VlRhQwbiUxstkP8lZX2HybewY0WzrP/zryuOw==]]></Encrypt>
</xml>


2017-12-19 02:11:10 debug :
------------
String:
account-ticket<xml>
    <AppId><![CDATA[wx7f83e93205d2fd31]]></AppId>
    <Encrypt><![CDATA[aW1rvlQKJ2Jqn0WpV+B/CEwX/PtBJulpO3xs92H9sTekjFWUqy2gBUCS2RBnv1merrHD9Gtna2R+V+eJyMRh7TxP4TIOgD7GxGOztgX78ocvRv/tBabcfXGsDtfXPXNHOSihN4KAaz8eU6D3Liq/JzOqWFhRgkoeMbEoDqHtOa+X5FLCUL6izjsCPiiFac38AiKqvrJ6ornSFtaQiLJZILX9tsL1xq/0ZXiTxF51/xmDAQztGxQLfQ4CzxrOrpbvLn+Qt+6q/Ys2MbvvXZsgIbafdt5iw/9WJ2ElqfSqZsJY3YuO3OCOg84K4HbyD5/AbwiPXuIoEa415O/dySECc4+Q/RNLIPHGX7qdQcOhWLTMEnPSWWCVb4LbnNsseoMM/xetsoi1V4XGwOHlfS49aTJbq88B20gVJYPyXhfhUGPc3b2uoQRH+qChBkg4J6+0nBgYvnPkiFB0+T9CYcKNTQ==]]></Encrypt>
</xml>


2017-12-19 02:20:32 debug :
------------
String:
account-ticket<xml>
    <AppId><![CDATA[wx7f83e93205d2fd31]]></AppId>
    <Encrypt><![CDATA[wWactbY6BnT6bExjwN0u39nuJAUiIgssBsVGqZfX1QbvJnEKv5YZrMENpMvRpa3LpjIrOdsT+AjVuocWZky/plIsyLlp1KytFw42/1e+7DWkxaZONT6O8JAh75T80vnoWgMPKPTBdReuk7fnoZjuxGQtAjfbR+81jJBJf8lcLW2ck0FjAEy4W8elaKDxpLukrXNzlF8vjnH0SmkB+svBJ2uoc/Q8oMQbTp+x/TjIAMAIvK7bPKSVAz5+fpK5JzkZvCmkSpDvtfnimJeLmNcdfyyKSuN2wFJT6Chh3xkSa8TDrZg63X8J6gKtt8JdYzlHaVaC2IiAGMhGgw+SwvmmPJYCMhPPr6UzvSHSaq00zMA6psoXJXO6ndH2xaABX8wbgZWflJRFEWt/8VqMUWf6L9PsAQdVqmNSZ9N5f0zgz1JihOQZJF0FClSoUv1rQdED/6zpAwOGWtzO+14sFf+T7w==]]></Encrypt>
</xml>


2017-12-19 02:30:17 debug :
------------
String:
account-ticket<xml>
    <AppId><![CDATA[wx7f83e93205d2fd31]]></AppId>
    <Encrypt><![CDATA[3kPQ9nEQASMRMCmy0WvqEElTo+ciJHNwbC7j2kfDM8VQja3L/H8gE1PLD2i8ap6hfVmABGBBETSq/vIospw9cgZTYi3k2RMyJliCw7lnR2wrUs04ZD36L/OadcpEm6GOYsK1KSTP/9CucBv51T9aDAg6eZquXntco7msRqLkgPBpmOo5prpDK5FWp7SNBLj69DYnlNSIkiF4sYHnIA4lSOJZCQRUUNikJlFBa3/9Hr6ICz03hsy51naO+Hg/DaWQ6WCqTAojlIO6dm81+5MX/o6vol96r+ep4LD6GjfvY2SutsG9s13Ekqukbo0O3A0dVnVQKgAQH0kM+fPiTSoN0/FmnDYRSxZMp/RVfy7L4KYnBsLYJ6DLYVXiwqtheZJcyE/4AupuDpU4WtLQZ3KohPqcoLeA+qV0DdkdY2wbdhEzfPw5aTyWu4sVPTV+D6/GoV4AFNyo8g1SHa4G4qGAgw==]]></Encrypt>
</xml>


2017-12-19 02:40:29 debug :
------------
String:
account-ticket<xml>
    <AppId><![CDATA[wx7f83e93205d2fd31]]></AppId>
    <Encrypt><![CDATA[E5WwUy0fmcGkHZPo4lokgdC0GiiRVyJ2f4wZymk+nfss6MbAzdBOgqHI1KYd6phIr56MLWVoyRapeQ9dt7mBK+kld/Jlyg1neTaZnZPAfQKI26OzH8UFmZUc+wKcwMl9445ukPijRc3brE8Twh2B7DEj5te5QxkaEvi4X97CA7euG+rqpOXDP87DRfSVdIHZueLL/I9E5x7XnFzUuQV2QOF3qWae/mpiya6oRcE+w2B25P5doUlPIcf19F+1Ra05pgHtZGerpg0YHjb/2EhSkZFWofqA6UkfvckakD/XWsvc4vHGRCYA16nQb89rl7eQQ//svHZB98Ij6wPV7fOyE5AbwZLZPRRI9+17Nmy3PdqlUcAqH/3LffUyqA727KCTJkE53nWzsdkDavO8RJw8KprsZ0mpoxVMM/+ijOmla7KHbJVbA/UrYtOShnkUGRqi5j1rrAqWtuASzMgVLWaaVg==]]></Encrypt>
</xml>


2017-12-19 02:50:30 debug :
------------
String:
account-ticket<xml>
    <AppId><![CDATA[wx7f83e93205d2fd31]]></AppId>
    <Encrypt><![CDATA[mKCFLch2spa9/TgHxnBoU+IuPJA/pZ5dmUK5yfjLHn5kiZq2Sazev9McqZ7vvRtouyiWj5bbfIhBJbNH580Ef51IOkiUu2Odm3+G8fab8nsl52x7Jz3whiS3XtRWpeQoHHlHH3QQdzLNSu+DUweyArLNZoX65Mk8s/BFBxyNTXDt9swSTvjisvj6SWKyoOd8TndMjhfa106k5xFgmYf/5cZds2SxUICX8PGUxNI7xitxJhrXGKJAVu6PFPvPtDMDnYH8rowPxvfSZQU4dcELrI1XmUWntg7g5U0umJnclP5vyBjbw7i1p4/PiNxBk3+21IgzK5KQFWlwNc25sLgmewHGGFPJ3HwaEC/sM/hc8s/kegKgC64ALtt02FUapdfLnXXELgg4Jf03qn5gfkSROTj5Te8YkeHketvCxrl4doGR6mioOrHET593u1Yy5FGsvfoGMptLrK6I574HuS7AhQ==]]></Encrypt>
</xml>


2017-12-19 03:00:35 debug :
------------
String:
account-ticket<xml>
    <AppId><![CDATA[wx7f83e93205d2fd31]]></AppId>
    <Encrypt><![CDATA[AKlIjNHTq2i5KBbfQORDnM2hyRkIQ3Z8UZgKKlSwe515LQfJtQZ9sM1K6Zt2GbB/FJtK+9x66M+2QA6mQRw2VW9P1irmmBNipn+rBkyvX14jnzaegs89xzGu9Z3RJlpK9ga+n/eDN93lCHHVHbAm0grm9do4k///nLcLL+d6BYhm55/VD1ivs5TnIsO8FxHfAYwgCCXxUeqIe3xsPmAg4EsrNSjV45M7Je0BMxqpJ6APmwaV36LEv1dPlZFbskWB4yCc0QnlBJpH/lvahMnIIIKJ8XSnYU49xWRYYAli2mw0pPU0PZB/Eqf2NTWQzb7iHUwmntc69+6yClZN9ErVIQ3OlDiYh0MlHMdb7y1Xfp2AXrenOBr/hIt5HfZi+XM+XT+URU6onXvmqzpIkCCfQLBSqvY7mxD2redrLORV+od7+5PI/EwWtJtrGAP3/rfpdhEbdvGgUYb5ko2f52yUIg==]]></Encrypt>
</xml>


2017-12-19 03:10:48 debug :
------------
String:
account-ticket<xml>
    <AppId><![CDATA[wx7f83e93205d2fd31]]></AppId>
    <Encrypt><![CDATA[/Qmq0lRJbc+sDvAUjZhQSO3pZwxHurxj/ZGUzNnRrZlgjoCxA3K/pSJZ8dM21pBciVv50+731TWeaz+QnzN+UvvLNeBWsmnhGnmDQY15JI7hOkXcZhCzCJvsDoatbGn88wdvEW8VjbaWdmWVp6O9WrUnr27zGfF/D7FY1dijENcSbYzN8YNQDKWnHg2Sy3DrQ0l7YogG9YpRaEvB4jCMJ2k/YQOad0RQv6oynsQiHR1BxAfG0TEXB7A9GIoTBHBtVNJVD9cSKbnH3+02at1hxfFuHSM2Gx1cMjhSssPfSHvmi3fCqQRO3R+DJMJbap42mIT1sIMYtsD33PljUm0Z8p8CRAULyWP93k8Zp0S4aBMLPDUEprjbPoRX2IM3QvtwIFcIxCFc9Yz7i9luyOigLnSANhsoNT+kOp5HZ2phi/veEYAc0VuBjM5AAQJ0PD8xuAeo/QZcBMGCUQ1PUgo9Yw==]]></Encrypt>
</xml>


2017-12-19 03:20:32 debug :
------------
String:
account-ticket<xml>
    <AppId><![CDATA[wx7f83e93205d2fd31]]></AppId>
    <Encrypt><![CDATA[c3VrL9pglRXiBxRaq8ttVVYvV1UJ/v+Cw+juws9WFTghaRlwJzkQv4HS0yfwqd7MY4ZsKFnBTJkz1XVC4NHOvotQAt3a2iev1ERhj6yoPE6uXjWIlQxBqnZDGYNXMTUGC9DF9EPEn4CuWvQ31t8Aj/qFu/m/Xdzz/gqtLqQ1Ehi2Qw23H8ae1vicy0LoBYrp2fMFV91+dPzGwnRq5wTdVbkRKcUZJtKY4ToHnbdKL4UT9Q6NwMo2473LNWTW6W8YxH2LtV01w+HLGhJMx8yIySZgpNjDwSfvlCaCV7VR7k9CqAjLM1it7hw0zR/VfywQJClWUWs/yccxX7WuJuowaa/cZ7Wp/tLXkpY+Cue/Cc0vI9o3Gzq0Z9PAZIXWofDdpFTr3+Ae+FI4owDbESz6a+OHe6idhKI5tMqKYCoj4dn71msEdOXQDuU5KJo4B5KzQpDeemJVjRSS+aEqGPKavw==]]></Encrypt>
</xml>


2017-12-19 03:30:31 debug :
------------
String:
account-ticket<xml>
    <AppId><![CDATA[wx7f83e93205d2fd31]]></AppId>
    <Encrypt><![CDATA[XT+jzH71ihtoli3BQnmVa5j0DuDrqhMaP7sL7c/Y9+g0Apy33pJZzVsIUjTKFFlhupyMXekdy8e99m5n0YN7AFcGU0QfSWXZkGET5NSUzdfGgaYgAnIHTKh1+1LpdbAqWPEASu6FyU4zH6187ZpJbPUL9uLggf2u14d9f0S8ej1RFmKZTJjKvdJjZrJsiAmA9RzXrlUYa95H2S4z4TGoXLN1KjXkpz0Dl84XpQ6kSTarAKVIkdYR7X8HOujFhZ57aUGNNX0Pi//lmKSzUCMZFltVxHm8vLYV/xEzSQwX/7KrMR/BVLgFyPkgfP8bUjUeiu7qasPFhNX3bXJhLBk6robuYfXSmkQi8YSrN1cU47srajYDvNoBeQxMsCwIfutHJZggnGL/qIJ48q0t0eFmA/O1SkC831HUqWxOSMOtf6Ss/1NgfthWVgCyVG3AAXrdWEmpJHEtn06u3g1zEQI8Yg==]]></Encrypt>
</xml>


2017-12-19 03:40:33 debug :
------------
String:
account-ticket<xml>
    <AppId><![CDATA[wx7f83e93205d2fd31]]></AppId>
    <Encrypt><![CDATA[VPAAZJK/FVyC6sMPFkoSjXlZdURkVEfoEh0+GgOT0PCYdf5U6VeS/1N2tok5wkn9VvgAWSf+mIJOPAhif6z26oR8E8pz9MJozZbaqWXGrIYZ/rXF7+zm2HPIWn41qcFjrcFzGV5v5p/D9J3k29FPq6vefRg63rCu60HNa+ZmjuqLqaTZhMQQ7rwIwHMCfZGah4I0FkAQeCg74aZuohRcjArxzUaWPtmbeF38gn5nfsxvK1JXsJIzpmTBZFfdky02KFYnYFbyrNhcJIB4zS8g8l2nxe/247+T7LAr2hLp7QhmC5brkcV8xIZtkuoY9IgyFzNyi/OASPhtSBGIxRomHmAt44pX8OHnQVyZ0lvJ/bT6iEAXR2LPNQfJJEkALHwvSKRLF9slqJkunQT3nL6BbnwMAyvW1UDByaF0DUP2zAGGv8VlFaZRGU16HqZDhH/PPOqOXl1SmZLtRM1xEpljPQ==]]></Encrypt>
</xml>


2017-12-19 03:50:33 debug :
------------
String:
account-ticket<xml>
    <AppId><![CDATA[wx7f83e93205d2fd31]]></AppId>
    <Encrypt><![CDATA[0n5XVgKp43UO/SpkzNSAzh279w15i1u/NbCM/UCLmu/6UynJJEPT8ryL0FieA+F9HAhdhM7SX/WyUdG1sKrK59JwPTpM1je8NVPHVQLardWCVD6sPzeBeH6i8edvhOzuR2jrp6Hk5/HiTvAvch8ZRfhgNmIdnKDVlkwtirUcfsNKYVdglML/Xrvj+lPmd0hccKtAiWKfFIsETC7U7EI5QbBKdk5QkGBgMq3ElNPoW1wmRL8CU1PQwyvsbvkzecGzjq0PO4ao2cUPQ6Q2bX0SdTSY+hjNnwmcKSpq+7P0QXGdMmDj2r4uNjhm+LO+kl1MHw9T6fr72CSxctuRu9zwUdtWZcw6iTSUfPX+gp+k91aWt+oMVFhIpGDqzUbyuVwoc8Kh1QmQMx1sTsfXhldYTnKaRwDPZ1cD4ZCdN9WH3FfyZH+y6D/VDGeG3IHZVikpDYjLkFdJmXkkHgGINjjttg==]]></Encrypt>
</xml>


2017-12-19 04:00:31 debug :
------------
String:
account-ticket<xml>
    <AppId><![CDATA[wx7f83e93205d2fd31]]></AppId>
    <Encrypt><![CDATA[OH6EZLUxFZux3+FupfokDdWJpktgSGfgRTvCjR4tN57zGaclXKG2MToCBB+5NVVukyXCcpHcYCbmsVfssktVqu82si8X0WNJ92LXA0a0w3p0Q+oWSboMt1kNLZy3+/7Wjr1ZMnKOtOviWOLadE+vQB8GuinR798iBHe51CR4awVdoWyLbjSVIBzjMsOU5R/e3F4tZLYSSXvzrL86xjDPHeeaV38b0zO9J5i4b/fjXvTDfS7KAC7CmajzJq//Pad5bh1SgUfhXUkkP0CPdbHpoXB13TAyueYSEPz/2WXZed1z2lpXhFChq420MP+SxQuNU+nwvmXwdqsOLjAEFwnjrbbB/IBCvDbMsYf79xvwacnk9DdTHv0F8uJRQ2atxowuPhuTi3mH/FG73LSLCk8HhghZKXxHAssIuuXoceW+V3cUgJaNjOw7L2Z8wOe7azZ6KSq8ldRnxDbUsXvOBHnDPA==]]></Encrypt>
</xml>


2017-12-19 04:10:43 debug :
------------
String:
account-ticket<xml>
    <AppId><![CDATA[wx7f83e93205d2fd31]]></AppId>
    <Encrypt><![CDATA[pGNIFoa/tCp1C/S6G7cowEGy4gPG1+vsrY5SuNXFOCeWzLxiBpsap38Vazb0ekT6+fwcCofGI/pjxULKlW37qiQMafInCdjBUh25tIgbLWqeuq1B+c0HVj0O0F6cy+rLNfDJFg4BYxxlG2L2P4GhefarFHBIxNbCeUNYYbvYWYxs7tF+0F3x3U3SxeUNRGK8sIqAUmzIztzQZ9nr6xY60Jw8BuPSydkNwCCRJQ+JDJxkqwZYlqdwSEJGZdgYnPOaUAJlrWZegPUrbZNiOMCuyPVaQjgehSNNPUErLdYKXEOA0nkbgk7ShWvhIZNPi1F7zrgLqulP1clTEhsXJYdUjpCJS3ohYgDJzMJEI5mkQsIEOwJ31iVz6W0zXXynPaakfkwjZrem7+fcBmCXqkwdS6Lp8NDOcf7yThWT00USAjUSFtfvQRBoDF5Nm5k2GM5RjnANWcRKzQBuQRCxiO6GLg==]]></Encrypt>
</xml>


2017-12-19 04:20:34 debug :
------------
String:
account-ticket<xml>
    <AppId><![CDATA[wx7f83e93205d2fd31]]></AppId>
    <Encrypt><![CDATA[v6UbU9pLvv+gI/FwvwEG1cMlf3w5g9mqN0ht+DZXTgs7LS8pjTie09WYxcMSmjUu756Ps4LyqRbKN/01CmRqIsSOf0iC5tc94MV117TLuI8kwOzrVpvaPUC+biHt1gBcQuIJ9ez4vAM2lLMv2zQkPv0lMurHsR0/GsjfpOnMILdv/8Gvv/VOWvHd2ofGzSFaOM14XnWZjDmhfxEJyKgNsrcvIpsJPvNkS1ohZvo2K3IPwKxEzJBlPr5qT349zOa31GsAIOk7xf7ut0Fx3I9cztETBHTlsBgaw89IqzpRLnIO/e9xTn76fCLTS85OZIPqFkWKNla6c3r9l6StAQtl0V3T7AiCeyxTC2twqwoLXRQVP+7wRMADPphlscGeK/rV81WN+oKeMwhJogZdGgt19auEsRiXD524IRtcJbsws8sJgon3r69u3fcWNKmUB4Occ5Q3ZBDCRkffppFn5eWXBQ==]]></Encrypt>
</xml>


2017-12-19 04:30:27 debug :
------------
String:
account-ticket<xml>
    <AppId><![CDATA[wx7f83e93205d2fd31]]></AppId>
    <Encrypt><![CDATA[kJD+0MChPSQCJQ6DPHkg7zZEFFT4+GpvoJcP65jBxwzHy6NBX+S057JW4Y5GcGrZmq4ombWUfE5dlcqsS730SXl9SJA9EKC1QI2m/LncjELkTTYerjPideDyp+Qh+9Ic1KFQYbEzArvu//6wm/XqNUo1d8E9LDPY6xWCzV3hksPUTLDWol6XdRiDsBU1gWjvtxY+3KA38jt4vLLA6McS69xK78ZL+Z7LJ6rCFgLg4IBvPw1QrTfcHTrlRLQVszB8gQ3E/cNrAnnRbGK930JYKmSkjKSL6IQTCtLUaRgyvLrwC3eiafshFvFu0YQ+fqgGEOGqE18ZOFY1ngq8g2hwdLJoMQ5Ko3FqfQIrY5xkrj+9RfFKMxbi+puoBZC+qTg436DA3re6uh75E0+DciJVM1jbhXDfIMra5+YucrztdbBEVE9fHHteX8dGg3EoUZrJX3nXD0dcilVHfn6ZGpPOfA==]]></Encrypt>
</xml>


2017-12-19 04:40:32 debug :
------------
String:
account-ticket<xml>
    <AppId><![CDATA[wx7f83e93205d2fd31]]></AppId>
    <Encrypt><![CDATA[VFeWbcrqo4mmO0JaJLHMQYdO4M5RDNQhR10cAcPbOVRNjZVgFmGE79nUbBVwqpqR+C2AvVmoZU548xSZxn34sOAs7+/bDYxEnxXDBXSPjKnFdaZ2TlvBjZSIjVYFtQCrsqIylKauvJDCLXnwU+wo1Mi3ZMQnP56Yx7bOr5twfkmmqgh9fTHP3GcxHMKuKpW6So//wSkwTJUzN3CBhGa8nRj8RBSkbykRzUV9J5BBiidNK3NB2/Awn965Rnr+LwE9D+2dXuHscGsZiWHgii94AJ4nW3/9kZ/r+xddJsmTrBTIbWUoacPiLB3NfAXYkIQksjvQeJ6MvDV5i7LGIy0kQqk1o9GAK+sq5Spi/3nAST3zk6N0OJUu+d5nsQlPyO+XpWCVsX57TXf7UltB/2OVkHYJrbeL+B0fU6bXUOyXeOsvlSTzSCCgLAorQ9JsHVLH3vTF/4Gt3/MGRFkUmmowBA==]]></Encrypt>
</xml>


2017-12-19 04:50:23 debug :
------------
String:
account-ticket<xml>
    <AppId><![CDATA[wx7f83e93205d2fd31]]></AppId>
    <Encrypt><![CDATA[AhxeRfw8F2p1zxmz+HFv6YiijP1T6GjjFVKwywIXp1O1f8N4dLwMZIKCDv6TcUXcc6qUs4CtTn5MqZAE6XjZtWdwybav328f+7/MpI1ZMxJUL2l3+f5mM6+vgz6KeCnf69XhlBuHm0xNBoyHgbtQMe79Iq/PJ+/mzDuyx6BYJoAUn0X95V1wmid0Eg/PViv9YtpE84xY2Il3A0Dl51C+38p6oSpRzdQ1incufHWoEufat7mOltGkOl/SAXjdi1XXrSd9K8qjclWt3Ma23JcgoaO0gFzXPTcWvPP3uLs4g2GVR+8XeoROSkwpkzik+gXe+4o7uRYe8j0mZOdHs19jjnkcNG6iZBDhr2j46GVhb+FYoTEbJJ7FG/fDIp40hhRjJhTVcnb0PSq5gUKPpzrSWXriBh8R5GovoMoZJ4WSu5KmxuEiKNwf0WtK+W+hKP3mXOkXAqZb6qjlAG7hf6YigQ==]]></Encrypt>
</xml>


2017-12-19 05:00:32 debug :
------------
String:
account-ticket<xml>
    <AppId><![CDATA[wx7f83e93205d2fd31]]></AppId>
    <Encrypt><![CDATA[q8tlxRAVyB05lkz2JEKsWAyHHnVJevuVpwr6iARHwDcmz9fmIGPVefb5ENJQl4j9cfgP0OOOmdSHrWR3TjVsrw+bkOVEYOBnnI2mNOo/kopVNI2jGEmzB5SKhJgsWeqO+mft6LZpJ+TbFyZjx2EbFHHpf8kVwoLj3M7DA9GjfjnYTgOSHbAg4lObHwET2Z9n6mWzfn7BqV6wLrbWd9CAYKulp1QNmvGuJmEBugvUs3FwhR1Jrwti6jnZO2gKncP5CMgGAhui5RrzgmdpLLDrrJUEfwHddlcVhkB8un59ykAL37uXyFo9dWENrtfLN/di5/LaMVx0lBTHZc9g1UdQNe2j1gLY2kxqGxzhjI2RpfmUDoKX52kXvF2Qz0SYk7YpRJw8dsf17/03Jj1vOk7TKYqqiCirBMjw+7YvwwrLKfuxtI9hVjyEl4ZrsgGRZNYcDiiLEJ+4GE9ObkEmlQXiAQ==]]></Encrypt>
</xml>


2017-12-19 05:10:33 debug :
------------
String:
account-ticket<xml>
    <AppId><![CDATA[wx7f83e93205d2fd31]]></AppId>
    <Encrypt><![CDATA[05F17H4J+SzEnaMC6Nv+6nn7pYJh07i8w1tMOyJ0BEY0Ldj6yjr6AqGlLx3z9L63iRpY5f1VbP7m53Iw7vx9j+Big0TXjvm9DYEQpOAKV7n8Euw+Qo22w+IX/trUfc389LEpZaJPV4P+Kp/Ic7idHLZV7/yOQLRzcGsdODDVAJxfVBpIsBd0tiYeNtLltZLlpLPvSM3NwmLq3myVDrYtUmVu4WWkKnEo2HG2JMogOjW3gmOob5EphN+ZAqwxziJRN4HgB4Hvl/PCKP1q1HoCCd/BxwHESPV+Z+v3PEjtc2dDnc2X8tS3m5xuHlTtpQONXttP0pqhz2B8Aj5I5/C9wEtUryPtT87hEElW9I+FexqAnpgCCWJUsrLPJtUPrdlxtlgzoY24LhaArPSqVUI0vgeBYa1xI/QkRaWIciumMTfzAMq5hSs7qtIGj3G2vgbSvfpKYozGHrBLTO2EHbh4+g==]]></Encrypt>
</xml>


2017-12-19 05:20:32 debug :
------------
String:
account-ticket<xml>
    <AppId><![CDATA[wx7f83e93205d2fd31]]></AppId>
    <Encrypt><![CDATA[YR0R1+fhStT07vohy5/1k1rBu1Mxbzm1U4cRBsqoJbkrQ/0EYZw/5Uor0uStjqyZXK3zcIIMvqNx22P+Cde7V62VRVgjDbJnEwxMost5TuUml/9hJGhFKcBHn7CCj921K+Vz5Hj2Jch1ASRoHklrWWgiWdvpYTMiRmYmtQ3jzzhUdTLdq/97Zr19Mx7GStbs4fJ9Q0PKwDKYgdR9SJPf63NIwu3paTcUknESorKDt9TVabrNQwZvHXh4z6rBFpX1O8moD/UfJsudL5rHuwx8gHxX0O0brOrylcNni6ZCl/ZIPUUKCBQJOaJ/q6ij0xVWihDmXiN+MVWTYkGr5eFMMInlr6QO51bP3XVRF9pkmISGzkzp9DTB0yfRZ97QgmVm2DSRa3phN9N+ipsqZsqZcL9eLsVxlvR/TbF908smG+VfpW/0vwW47AO0XJpAWvgq8MMhAvDO9EkjJu0ccx+SMg==]]></Encrypt>
</xml>


2017-12-19 05:30:28 debug :
------------
String:
account-ticket<xml>
    <AppId><![CDATA[wx7f83e93205d2fd31]]></AppId>
    <Encrypt><![CDATA[FtDRypslCUvQEKgG+klUhWWo34rLWo5x5M9M6RuTZr0cy3LQWcDLiFqLl0LFxOFgq/bqhG3/pSGVBn8UDZgLgeJi2hm8A9hgO0YoTzSxEptUkv5nq2v4O1FEWjU3uylehcqKtP6SBLoDeEky+jwbgjERl4wyFaD9hFib1mTwc1o0TmIzJauyrFbsKnT5JbddgGsHJbPqdEpDBFKqxuh7zX99tJWlNC2TFZap+uVOTtrCpZNsiau98z+3nIo7OK0HP/4QBqohMgiNIBVVU08mXyNRuQQ2DFjgNMmbazVSSXrudfVsjnUCwt0JWqFsTDBxjQ3iXbSNApEGr5yfPRaACfC1SqjiUyaeIp15mLXPoJogyM7J7+Y9ugeW5bVOZ1za6K9RAKmwr28V6AVu0JX7GtTRrZQ8azIPznmpDJt2yQa+whpaJ98gqn6cG5+NlNQE9nfBbLZSVSzUf7BMfVktfw==]]></Encrypt>
</xml>


2017-12-19 05:40:22 debug :
------------
String:
account-ticket<xml>
    <AppId><![CDATA[wx7f83e93205d2fd31]]></AppId>
    <Encrypt><![CDATA[norvthOQH4NPjjZ3RQCVMfuDpa2LOmpID2bwy4V9C6EchZqBkvENcbPviSvK/JnBocjX3HDB5ybqS4qS8n414iPMmLsbaMC7l5mPS9CWqZ0lhTNkw6hK233I9npc4U0offkIsKca43wFb7DwGXOaAzC9YE3jWawoaYaOKzxCt04PEm0b9JpxY2BzRj3vT1tTFrTsDlH7Dm2FuTb85cn2gSoAdDw12bQ4WlDtUMljxpYDgAzkg4Xn94Csl0T9wlLJmpt9xp1dfb528Bw2bUazrSZtaoaUF+cc/6692rQZ2y2MOTaUQ8AVnpVgVz0RKFRrEUG2qdcSMvKAidHoyP7gKEm+8PPu6iKYN3IPLAXB1tsBslhk8NlJFNA3zj75Hq1YYd0YayYWU2m3q5St5NDyhNzaaD1XGhRykkbsp0wrgEF/EHsDAStjxS3qkVGwsKKcMgXxAFvYwDlKhruk85OFfA==]]></Encrypt>
</xml>


2017-12-19 05:50:30 debug :
------------
String:
account-ticket<xml>
    <AppId><![CDATA[wx7f83e93205d2fd31]]></AppId>
    <Encrypt><![CDATA[UmXxECtIcOL3GWeeqLg8BC+K8UpqovTslEykQuF4cI+yhAZ8zyl3MgZyJRp7AwSgpDkz7+RHKI8JkBRKoY/9kezN9dfxUVLiJ2ZjxDB65JnSsactT4Fv4YoB5OQiADY/Q/LnruomDR2k8/mfQ7q0aV7bmSmOg75eaDEa7E1PT1sAAlsVIWrTF3Ev1uBNWgdTuEy1WXvEEb0PNnweJtJhIMoSGyED/vGEbTHLP5wH3r2vCayfFX/+hfP9uFr4eT9bz1H+FpaufaQD4AERBTqTV8sb6MfybrOTeEyKTXXe5DDWF8mozpkTQtjr6keVA4YVTpwRhO+KOV1+ydOLSpY6UqXE8s39TqcDGatcKivdxs5G9zOJjqz3c1InRhOPa7YRw8p5T7t8akmthwjl4Rjf6OR2O74Znxh7c1flak+al/eHkWNgrCP1iVWZjc1y3TK0Hu+rlPXUYdP359E9xZyEQg==]]></Encrypt>
</xml>


2017-12-19 06:00:24 debug :
------------
String:
account-ticket<xml>
    <AppId><![CDATA[wx7f83e93205d2fd31]]></AppId>
    <Encrypt><![CDATA[bDioAoxtaMHs1DopaCxkYHp8/1gHRUM2MvoGhKXTTSSjB3r60GIvWX5D5gL9hCMXbq4axINeSBSsIulbMW3aI8V154/h4yidegunjCNPaE4YWEY5J+8JJDWxSwnxTKfC5J27N7fAYZ1IkVjeWfrUrQNqxA+Iu38IJzfzP/5NX0M8JbWr+x8YSmc6GZCjTH0Bfqac7xlZ3CtEFf6NJ+5sB6rz3dFbkVtei/Xay4Ywbf5zHV1bUgfB3BesKAFL3aaYU6n6YKJKY5yFe4oiHfNAlHxStkXwKbf52pNVulo/jeaEwNZhDHXwIRriMo7gIn/Kx7D7SVTy3lXlsoGnkc5APFsLl5bHzAHyHbv5K3FjQUvCBOwGQAUBC9QD6E/EjwAJgSzUcfPQ/wKZFNoGDYAF5lviC0ajnIhCqAEMhKNO4TsD/0iimM9Z5Y7G74uLL3fARH7KaeUtJvfPVN3SyL3eNg==]]></Encrypt>
</xml>


2017-12-19 06:10:35 debug :
------------
String:
account-ticket<xml>
    <AppId><![CDATA[wx7f83e93205d2fd31]]></AppId>
    <Encrypt><![CDATA[iJDt8JSOFtoswPPXwaolNmXWFFItKVxmNaQwO+WBs67Pf9bk3wmm3oc+h5xBexwWOwsL+OKGuRzDJOW0z7dGf6cZVlifoS/zTlkvCgQ3jY7vMlCpY34cIwX8MlBycVJttiPl7iH0WWxgTQA8KL6Cd+71VdEWP2GsFdLPbTp4Po5GncfRba7PltDbzGXoYqUWDyLApYf16864j6n4Hf8Xvk+2V6NGRTVF/SfhqR3p0bohNtUx+8w1HbtYhWpGwrkGeKSu6jPwFD6WOzqu02TW3hAGZBZ8wLiQiKk8NizVjG7RN4UmGQEbSemW2WYoJK2PY6LVZaWl8niITA74tDkrRiyg5LFYdtPS2DHkCNswcyMm0hOPCSFEN3pl+Nh13nMfrC0gDQvBloG3gzz1V4yfvZ+q2dRnw7U0MNQWeIYJZgB4FXgwtQbDhnyu82RZlaioc1Fxz7MATvPBTG74/+QQRw==]]></Encrypt>
</xml>


2017-12-19 06:20:17 debug :
------------
String:
account-ticket<xml>
    <AppId><![CDATA[wx7f83e93205d2fd31]]></AppId>
    <Encrypt><![CDATA[LYRX0Mcnv/TCnZKlIV1TMUqhP7iCxvGF/3ZIBvwfqwWKPmPUo9DpEP9qjCKb/vsXJ8PsO4IktmhpJ7wizlSa2033Fxi0tqCpJ1sJ4DNsABGChEEn1WfF00rW55g/91+c607zIUC/hbaD4GjSQA5+J0qqM+5gJgyZtwmuPHZLwKEjjNSVeP34jBdo0iUAxXoeS7zPcyZxBvi/KrS9tnppvVQpeF/l73jGbBHUHxmuE2XfPovfCSLgadE4DxX1LsE3h8ZhU1/cp3k7D7lMWJIhagTS8WPHujq8lIglt0vdhV08aoQnlvfz5Nap30rb8Lfsy7YWs+Udez5gMJ70QwpSQMD6q/j5RQtl0em2dL7y6gdOjI64TGmi9zU7e/B7S+0nSkc4WZKg14CXFB18ger1FGuYZMxJL3TWw80nlvkYiWq8njS05GlN9J4reFLm1JxYYNz90QySCdxjmEJw5Q8xvA==]]></Encrypt>
</xml>


2017-12-19 06:30:25 debug :
------------
String:
account-ticket<xml>
    <AppId><![CDATA[wx7f83e93205d2fd31]]></AppId>
    <Encrypt><![CDATA[Y+cHxE0c7rL9D8osU2XmN27yGKE7Ac9eARPOunh4/7pPpbpzHpbV0Aq15aALRYK0K6y+EuHLxzhz+EG2ZsXTfcVhI/STby3K09cWYy8U5WPrgpl0vkEyHa2YrillVeE0NdGugNmeGWnbcY1oPC4rJ3CkYr7JyUk9XXt064lTEavWlvsHDILFHe8Q9kGKgpC24YDljgXIrHuaQDibPNmJyy86cq17QnE8y3jPtCHR8KSQaq71YKgSOAX/5ltNozV/v30YEk6EoayX/hj7A8Pc+7JURmNgLzDIG3Mo73eJLLH5RwYfNBWQko0gJa6rZqDLXvhmDGpb0M+DxHWQM+Fbt5vKlYpWoyV/nJ42JplIO0OnjtJ3u8urXSW8gmWd6Tnm2lP634NELpEwgccgQ8aviF5g7CAasbVNUzDX5G1cv6B6wL3Nk3VAZUuV1bfHTCTSn9/SnO85OBbjxc0OOMpoJw==]]></Encrypt>
</xml>


2017-12-19 06:40:19 debug :
------------
String:
account-ticket<xml>
    <AppId><![CDATA[wx7f83e93205d2fd31]]></AppId>
    <Encrypt><![CDATA[MJ31dMzEBrZwiFaD4VBRtSuuKQbJ0yAtlWCzfVtiBYcJQkSVPHQSHPF8gynSxtoFlTi8MI3iKOgayYQbZ8roc+bzqsK6nk7FEhEfGqKZKHG2pQBh0isHgdSU5cSDl44+Dg9tioO0An3ON4FTrNAY6dGqEmUuMKjd2zZMehw0O+61yZUZPRKnR/V+mfTi1UvX3NDiRtU58D1ZgJ+cm7+tO7VBGl2qn1rxe214Aqe3/ahN0xgGZu5hLhVhzDxIovReXYuJHB9HrpL6GCrDNkBBNfK+G36eIRNF1/WtMFQOoYboqwm0sYC1lElny6WU/yO0EScijGw6vS/g08KWSFqqjHxDsaEHu7GSdr4Gdi6SpPQXDBJzijuphSiUVPUUXMiBTnP1ndQ/3AqQli5WUWj19LGELXziM34z/AZ02XizZ/BtvMYP5W3v0W0xssGhMZ5EEhmZdrunSPlG+xXd+d4SEw==]]></Encrypt>
</xml>


2017-12-19 06:50:23 debug :
------------
String:
account-ticket<xml>
    <AppId><![CDATA[wx7f83e93205d2fd31]]></AppId>
    <Encrypt><![CDATA[RuDpd9WlvdDAlWlZNQNc4dL6Gw0SV/wsfJfpVotdN2YhwY9REEPvJ6YfKdqsx8WFJ7hq1BYlb8GhhX4RSPtDxDgJQ/QBMNtTxB69mnyMXSHJp/Vb9IGFQuLJT7jKdUUYcOiRNY/QsRkFsDv1lXFXVezfq8/lfVvmVr3jYE34mSy34hwBhfFRN5OVvdFVN3YxcSL5dctgM2KAm6/xdqtl+85CEZKUlk48bQw+nYU1gj3uPcbeuy2Qab7sG8bbPgX5gq6v3f7G+DfXgJzb6OWmmMm6YdLyzKxFmRnw1dJmBELmrD7TIFbvmL9ZeI50I/Z+eP7RrkF2yPDh3clQH9obOsfik2omtfO9ABTWsl2yeXogrYFVBTgEfbfywRHiOz+RoTnGCM/5HVvEbxuhShiyW3hH19B3YLBWF21gy6lCZ5MbUv6Kcg9EjbqnYd9/O8y/1pZv4DESJME3jdyeDRbi1Q==]]></Encrypt>
</xml>


2017-12-19 07:00:28 debug :
------------
String:
account-ticket<xml>
    <AppId><![CDATA[wx7f83e93205d2fd31]]></AppId>
    <Encrypt><![CDATA[ZgUKWqY/OSQgWKlXIoY5imKSMSujh0kX+5SP5a7ekRyxsA0DB/ZlaEl7tbDw0fdUSJW/SwjOwdT6HDZkmB1JCOAq4a+iKF+76OdMIueUvnaELY+fgyy5AUPueEWj5d73OYSWi7CluO6wGb0hmpP/s1VLrvovuCBt3/1PGBZEzyDJuqR39Zjfh0ytTJa+KB917dP1LO++lA34CTlNzwPQDqTSwkWYDXAP5EXxdsBheEoF9Hf2V34C++l1Q3P/QtosR+QNEv61bs38LaTcmPnaGdRDLZvkVnDQecRtSCyWGMUYwj847bKnmMCFcrwbi64vFqacySep4d/8U3M7E+c08PXijsgA/ecdaxW40mtc69s6uiREnZi86l8Oj/LIGUpspmVf2Reu6PRuCxAP+sAgV7O3XI/Sd+hnf0y0UTXROOIgack2WK/5xk47KBjzYvJlUxwRcttZNBazHurSCbxxJw==]]></Encrypt>
</xml>


2017-12-19 07:10:35 debug :
------------
String:
account-ticket<xml>
    <AppId><![CDATA[wx7f83e93205d2fd31]]></AppId>
    <Encrypt><![CDATA[u9hPVU+KM7NrNR7ZvatnBx4jzxoOYcIzEMokV/PHVWhLIg7p5IFvCmiycLPAb1baPC9fI+ld4ws0tqoARVl562NcN3EuvriYMTM4Zgj9LGfV9MozywIrB1q5KfU5/AxAKyjv6ybj6I8d5xquwnaGivLfC4xI94gNP1wPPr/AzY01rlYbALqxP2wqPmh1iehtgAAAiw53EmUZ5I1gGt3lis6SQQMYsETN3ReuA8yFnzLf+COVziMsGxX1OPuA1no9XH0Mv91KkVg1hDM4WnyDXKj+wIjquhk1FgN100hWnLrboYeUprvfe4X3sbqRJg7pYhYNaVGNwRQIIDurE7DZshLloat5nkMO+nvMS6l00zeaqOBK0uza9Ps1Bt2igaFMknLTtQigNIyfz4nCSZMnE16XPBdV8ic7zSCHhqpkhhI8WtHR25Svsjl7DJYl0Jr9bYTiMzQZVxiSnpKMMnH3nQ==]]></Encrypt>
</xml>


2017-12-19 07:20:34 debug :
------------
String:
account-ticket<xml>
    <AppId><![CDATA[wx7f83e93205d2fd31]]></AppId>
    <Encrypt><![CDATA[E7u4wUIYzaBEu8eG6CU+oQjAYjccjz2H3aTcqk034l37calp1XxCD711/xqcUURto3LfJAJ9YKV+NfSXxunoghAqKZdLPb4e/B8/6+FlW4D0H+c3cU2GLe26WfFlaDjrgHTk/hndXcg7/RIw29pQQnA7HrG4mdpGgl3M32WX7EiwHNbGk1wu2pLu4R32e6HGlTLqML6W7uSF5EbhqRgL+tAcZJ8GuHJHKmQDa4UaXx0xVyDu5wgqZaOH68mBrL55GerpdyB+M9O34FCdZI951JAm05oWicRS1MRl5aQBM1SOeNTDsL3HJXNwywo3URdniSC8FrtJO93CzBCmsVVfuHrTA1DWg8BG1O+U19ZtIjzt/pnoT8TJPWODjr3Lyngw1gaimV1lk6U9CMRHk/Zc4DGI/VCWD/VsrJMfAy97kbmNwDLO82HUCfhNCEzSNZt0M72/IqFYN85Xqw7//5v9eA==]]></Encrypt>
</xml>


2017-12-19 07:30:29 debug :
------------
String:
account-ticket<xml>
    <AppId><![CDATA[wx7f83e93205d2fd31]]></AppId>
    <Encrypt><![CDATA[PJO9TLLcUhZPTAfyvkRAWZXLPJ+iMxVupQ0xTtUtp+SJ+srw3ykHHITjFtr0IHhBqJd76/kKgjL4URaxV7D4eY5k46IaA1Y1MHchYObWmpFox1dDCfPtDXttkT6G5au/lR2wFUYRq1Ln1AesxGOvCmxFdqAGfwoud1Q5eLYm0wUqiC8DdzgpeoGjHYuTl4sI5AnOe7SmQktEt9KFOr5xPMPMiwWRpMXexe1Oebw+vAFK6EN/T831OtAHf1P0tI8wolFDEHqWFjcZN6X+XOYPRUkhkdwMZRZ1NM2Flg4BoGIzkjbujejLDSprO/fP22v82zA0FanJyOqgE89N/CqKCHs+qmVAC5yLRkxh1x3yVgASy7nWFW1ztwUELtX1bWTK2ceWrPU9KWjxHyr6pqmcvxYywDaLYZ5MZxVNt5m3/isfJrNcnJ2URTziLSff3ciHcQL8G21VgDtV4azqiU+IOA==]]></Encrypt>
</xml>


2017-12-19 07:40:32 debug :
------------
String:
account-ticket<xml>
    <AppId><![CDATA[wx7f83e93205d2fd31]]></AppId>
    <Encrypt><![CDATA[n69RVT1mrRBHGwm0Eji2caO1P13H+Vf2P0jfTvF5j3y3IkaALRGuRRDjUEDYWbnTeD5ElB4X/5uSqaYzMI+8CcVKq5mVhrn58uTs2E5eNVKhYtaYSHJNLDw+ZthyNlBCHeuvUtZdzErgXC1rzLAN9Jrmlr4TEsjcqzEZYw8QMAJ+y688n8Hr8xujxb4X7HDGi3Balu9smuSWiik5bgKdH2a7UURRYyNy3o7llknxatr5jtNtXlfqiYodJ8QjYl1Wk4U/s2dEAm7rue0FFgadtz4uO14OIdnejrmyYm79yQBEO2gwRprp9NN2QkgNFj83jOE93OkBy3dTgXMpiRidlwMHMesz80zINQWpU47jSfadN/jnIogkgjU114ustSaIcwKvU3LQ18UDkxXynVpAzoQreeOMYMzNxQldxHJfB56Vzey3d1wLzpIrG+UbwMCiQN9leUVjZWdulfl/g9ZVmQ==]]></Encrypt>
</xml>


2017-12-19 07:50:29 debug :
------------
String:
account-ticket<xml>
    <AppId><![CDATA[wx7f83e93205d2fd31]]></AppId>
    <Encrypt><![CDATA[QkYQIhRf5HoUZUuLG0KkAdYNyZQOSBomcBY3/MrAQPNqiMlhYPdkzNh96VWcN/81yXrLC6Bv2WtWm7312vKt4wlCewonfqF3fdyezKX6/JZSqFMxrHIcjuxPDETlJ8JILXO+q8nkd+Vb2B1AXnb9UrvPso+LZvGO0smJA0O+aTQKbmCHKzz+3cGEFBBH9EeFryJhHwbWjDAsMtRKbtcOUI5tmwfP4842CkVXfYddb8zgdU3ohOhvk8JUQG71cEu/XX+50N9bTxKlSLQ/vt3O/Yg3QuYXDzrNlhfyuR0g10ZyfuYxgrX3tXHzZV3Uvvn14yEu22yw62u/J3e5zVbNQdKxBap1LtEp+TK7ZXi29ocI9jRNaXaXJy1PlfSHrkzDtmuJYY46C+QErwV5xN0IRjQu0+T7b9ASNR8Wr/HKuQch4rO+5bR8nl18QgZtmw2bBGsFS+RjrXCI8cil6sWdVQ==]]></Encrypt>
</xml>


2017-12-19 08:00:35 debug :
------------
String:
account-ticket<xml>
    <AppId><![CDATA[wx7f83e93205d2fd31]]></AppId>
    <Encrypt><![CDATA[Nwqs3nnlHDwp94r/3lEptJLOZgXzq/JRkGSRqjhyamtoEoUEHd9JHDJKFQtUKpFKd+VIULCV0P3oHT078R3m4x6RffFaFtRw+2YmjbATrp9qzIFNU56gxFL83ObRMK0Og1Tc8fFuNs6FKsXBgPXwSd1ph8cc3zl/fMIdAF0uMo2yrP4pgFW1XaCx/ESUVO9UrwEJoKFQ4tUeonSFjG4GXS6cknStaKgdWgbNNwRV/TY5lZ8/J4KesiSQK/MG7sQdNiLvohqji4jQdW04bChNJgyifssCSgnI6w8/mMWSifTivTf3DesOwHFoFcCOvwuI+X0Nihyul5fopJp/1bq5I1oZNwljuNadIgJssKbgSw1FqSvMr2ilVQThBc5Hj5syiYHCFMNq/37rJSrauhGngDE8UpmZihTYCM8KPZWWUBmPzjG3XChHa6P83pouZnozWBu9JWkPyHOYRwjgar5BBQ==]]></Encrypt>
</xml>


2017-12-19 08:10:22 debug :
------------
String:
account-ticket<xml>
    <AppId><![CDATA[wx7f83e93205d2fd31]]></AppId>
    <Encrypt><![CDATA[8WEMpTSUMoXl9hk9AAJ7ZpSGPa43+GNhgK+eitho5S/RmLx3vmYbLpdILrZ+h96HPMAYzKh6h8502iVquAG3/FYwsX4a1c+/lFblXmG9kUu0JTXpf6Wxm1VeYo0abf8ctNNRP7PNC5Yd27p4erqXg2GBydiMI9j/cBO1y2Ll7chbjqAhSPNnIyxGSJw6myPykNSQS/aKSm+tVWWC+CwODbjP7Jlh7UaaZL8Va3oHyVP1i3nccdtkFew1x/AE5gRz+JOxcAqMMUKT91rhH79Dbj6S6/pSsnFecA0xoVlksllPvXE//ZqzcYDANGRGhc6C6iJULnRY+7/n6kuG9lYhMqieHKac9D7CiHXAlN6hsa5sfZHkuDzqGkB9yDzwdkhxxTziAhSnR23i8LRKOGHdJJd6FgdjOmus+nv0Y/xxZv/1ZInsnrNKBDOFJMDWBxItdEDO7k1wjL/R1vc7fk9B7Q==]]></Encrypt>
</xml>


2017-12-19 08:20:38 debug :
------------
String:
account-ticket<xml>
    <AppId><![CDATA[wx7f83e93205d2fd31]]></AppId>
    <Encrypt><![CDATA[Uxgw3qxAGQiPrf14w4EfQaG1YJdOdAYwCtivt5xqsRPrt8VIfgAiKM5t+x+brFMBDW6zEAOKsgYnkFJxEeUcm0KMiT33f9OfXWA/BCJWcT+jJM6yfAfclQXhI27IEyKoo2mW44gTWF7kTVhULeVYDeTTHIaFFU+IGVghSSDjc6x2qEDoSgW+/fnyfhhfVHfirTFOuSI6qNUCGn2fY+hhMVJdtmEyCfyQpK/499sgsghOwqoYSU71nG5aOCsFsMw5FLU2geBGYSxVtzXl10U+9M3Qj4DRAozksc6oJanDNLpEX9B29cYr2/tX2hDjMR8OwEatY9zZky1bowDHM8stzhyRK9UB5fLL3V5KudnX71B7Z9ELpz1MGT+TtAAa7MP8jXy7FT6sLtWX20w5uUc/ijPiOejiO/6Ffm0j0m/8pTLvwDdeuz0sQXqPHRILT0kmTppsUAuHJKdq5ViGQcr24Q==]]></Encrypt>
</xml>


2017-12-19 08:30:40 debug :
------------
String:
account-ticket<xml>
    <AppId><![CDATA[wx7f83e93205d2fd31]]></AppId>
    <Encrypt><![CDATA[tEvgRuiAzqI48nC2aIV50cqhpQXlDRj0Yp0lKlUXtTOhWBG3p1T9lRnzcYjhfeLMCoS3o5QcHdhAus1grJn8QgcxcU7K0ShfxP2NQjW001P2cFe7Yl7k6qXXdqstrfwG3SqPSxhKoEnY9zL53zDOEgMCuOKmQAMNOUzfJ5wsHdrfrj/6GD+uRWNXIrjSw0d7Sx/8gepEDc9JgChzWceOZmJvF5vrkfJB9d+onOUj40rTP0N4MklpfClTVFz0QweCC/dT9s436AN2v0u2JVyKqsg7tNS1vPAzMQtVYjFoOwG9ZgRLTrACJvHhau0KIt3GBWKub7mWQUXkSwgwxcoe/FoBPplU9ik4OdhH+DW2x8xYE/kX1jhXLxWFQSKJD23jIJn59r6kqUUdG1CaIEL4d9i621HiVJtd8OHoaRDMNygQni+EXIhoabg/ZRiyKEn1Pnb8Q3mcT2fB8f7AiJNcXw==]]></Encrypt>
</xml>


2017-12-19 08:40:43 debug :
------------
String:
account-ticket<xml>
    <AppId><![CDATA[wx7f83e93205d2fd31]]></AppId>
    <Encrypt><![CDATA[tCWfvxk/zaNhbWxy/usRHd7THNUazUsCGt/NipzCgaeePahNnvL6sMOBxhhkpndlkrCB7fEgCv3GMNnneDad/TIIIdYv5q2+aJS14F8oZtyy+lOAZ1x6dFPQYyL0BD4oPidpWaXG+rw1p4wQHP0nVfwXpJXLICfabKGuQBPY/TDvQHMVhnJ724aAK+qHDq/u6OcLji1CqE7esR5yzMLt33jBWYI+rT/qGDTZm0qbcvGqlRXCE7SxUcBDf672LI4jx0qkubBmzIPf9dccndNMHbwuTdjjrt5enxPHCJR5twdXhEizu6lgQekg52OQickfk3u98xV9IGUk/uBRxStJcVVV6j20+jzz6fcVAqZ1FBbdXbibj050o9mZOaZGeNecRUeTb4rQKAQbnMmu3B9DeyNU252jYCE79JrBXWrjbPPshGi7yaYVqJfnrPKcao08yt/p4lrGJRK2ApLsO7m2Vg==]]></Encrypt>
</xml>


2017-12-19 08:50:44 debug :
------------
String:
account-ticket<xml>
    <AppId><![CDATA[wx7f83e93205d2fd31]]></AppId>
    <Encrypt><![CDATA[cF40RdtoblhN8+L7QPEsrswgQPCljFh8W2vaJH5bFZope+Hrl0ZDb/oH3ocjUY8yEoshiARgQDk6Pb6rBJFtq+ja5fMUzwbwSJI/0EVsxpxtj72ZjWoPl6hh7neMxa+9VWLO2I/A78oQ1iTK7hmlqvUYGJr4Lq94G/v+7bvmEUBTuj4x2WwMqbKtoTW7MlLyc60t2aUmLXjuyhl4U35urN+XOG97BVDejKTl56OqF6WoXJSuoOLzx6NLEVs7+bOjJW/xczA6sYVacYnfFhbtgrKBZHcJMYO8cRVeDJWPJ6dKBk+mKcJp114IazGlqN2NDu2g8rUYZuwYoSwqrT35Jb3vCJIy1egbx4TRGB4jrD2E5hy4C6Kf79GNqTasrkZ9tvFYQqM2nBIR3ode6did9d/VEYLNRSCmMwNnGW0k3dgSmeZqarlp3GwLSI/PO3j3FwSpXfugyJ/yGQGdL9Fs1g==]]></Encrypt>
</xml>


2017-12-19 09:00:46 debug :
------------
String:
account-ticket<xml>
    <AppId><![CDATA[wx7f83e93205d2fd31]]></AppId>
    <Encrypt><![CDATA[HQl6kDphRs77kyZAvxuH8HmWSBvnPFipTAgZWu8WfB7Wd3zFjuzp2Wwf8Cf8eZUJ3Owp1/cycexQtf7KU+WEg62dvZ+F/bNdF4Zj6/fiWM4Jt+jbi9ydF2yZuVQ4GWTwMTEDMX/EOaO3GQWdmHyCwWGP9U2z38YVpw3VDPQvovVlrfjnKp8uW7yE6kX8q/JtFcIbBxzUXQLnPSAx3oEYqbZVblL4XU5HPdkIsKtfOoKFf0NyCOP30k+tksE24gGW4JMN2kChC18lyhgT333r8MmSxNgkyzXg0dKjEgPBaHWEPCGTPhX6fxS2EK5idErnVgkOAmN4vFFl9B2esXHHdJmMdDhjaU6rV1om37ppr/QM1CrJgWSelrE//kAd2HcwijU8lYU1arnjj7VNg+Tq6/4RZ/D6IbA1Lhbf2o3TJDQIPPX3SjACps0NHLirO6s9rzZVvP85D3z/UH3E0jrGBQ==]]></Encrypt>
</xml>


2017-12-19 09:10:56 debug :
------------
String:
account-ticket<xml>
    <AppId><![CDATA[wx7f83e93205d2fd31]]></AppId>
    <Encrypt><![CDATA[hRnuyDlxesdaWPvoy3UcXfTfbGz2rBqpOVrz8s6R1tEH94+2cfGPk8TQfVDc4Q4Ez7c2OyrzGYfqL+aPbUYqZMXFnCj/fOKZNWad0ri/hjreMhO4VW/ct549qvUR8z7zCqe5jrpstPSf2z9s4nLU9xQ7/LIbFSBnCofVLV08y12lA6i8oQVIYFLBWG3rYg7mS415fthIf2Dly0U0l+jg1ne9DI1XbUyHsvV9KLZSKAGhu052hkWCFobZ9dhzTAF9X5DdJHPSIpbeF1yWsPvElxGBrLqOkWimQNO7hWT3Etr7ZDyJ7HwvpPIKy3INCTKqmgh2jocjjuKU3kmXp0I8CD+yaHwHjH2U1paoaw9w/0SHZWzxzIHIPLYA0tHBxtNYrJ3zzCfghx3w9oj1iaAQDnuNCd7IYmCkJv6PC7UGLFZQHpPfiZ6EyGmpbfB1RzF1xSXEUomiAvEmT7GtP81S0Q==]]></Encrypt>
</xml>


2017-12-19 09:21:02 debug :
------------
String:
account-ticket<xml>
    <AppId><![CDATA[wx7f83e93205d2fd31]]></AppId>
    <Encrypt><![CDATA[2bczOGEU62refnZqdcGgwrg65HVF7LXLvsVX37nfWxFh9G8uvS2fjwj88z8rq1C8Foy2RYQwVRujMZQJMbpwkQ6j7htHtmgYTuBbQlTJHwJkKqkG60Gxdcu26KTXFkECFyle6lE+Ghb3gHxqln94TyoIYO7pGRzQvebQH4H9vb21eaVJGVxrTul9Bv515LjQViwrDpw1Y5xozeMlcOIgqnmOu33iGNXNTxAn9pBU5J98I/SDm63QSxSdAatB4FSYakkTdDHQw0pBvcGgaLjvZCr7yOq2y2YoJtFeClNPOB7tq26d23FSoVH0Vb72G5qC0S9Z6BzVvE3Jqpv2R2ktdfNZhysqdlZpT7fnYp1VEE9NjpqVjjUJaXDxOPsw5HdzcHvgKbQQHQNE10gJuWRKaAMLpSTA3QKFxtUVZmBVOlJc9yQSkwrr/NaOkraKSPzWWDYWmKL+g0zFM2Yway34QQ==]]></Encrypt>
</xml>


2017-12-19 09:31:05 debug :
------------
String:
account-ticket<xml>
    <AppId><![CDATA[wx7f83e93205d2fd31]]></AppId>
    <Encrypt><![CDATA[qpnxmZNUwZYT3f389wW/mhD7Et5VuMFPGdvBxgfuq1XZVFr9W8gGDfeYOCTEuw6aSZbJF4pYPkE/bWzHr+Fn7+NIKP4Af56gZX/dmolnMGBd8p2qlInD8DPiigJZ2h9q+xf/kwXLFRiSCRpW7sO5sJHYZjJVDWLpSuklWwMxHRJmcS7a50fnmPi1+8CdRbYEcgBUQ+5UrUif5n+xFzs+5H7D79HeJZzfQaxzYl2jWOXqha/nfh27XNy7upl5FiIN7G9eVG57XVO8HirLIvMGF0Rkbwa3FUZqQD2nkFI8GdZUTaX7mkrfvnqtBZYwO6KOnypWCVV1U1DQTsHOtyatBpOKF6qFlCSkjgMQK3rEz481vpqtMBh4R+WA9rO1dOf+oEtrXYNPsleG9YovIxsYRP4dXprTYbqaO/rpn3wickMLj1upz3rFAnMM3/CR23MuRbTuj4VX7yVzVsCqka5VuQ==]]></Encrypt>
</xml>


2017-12-19 09:41:04 debug :
------------
String:
account-ticket<xml>
    <AppId><![CDATA[wx7f83e93205d2fd31]]></AppId>
    <Encrypt><![CDATA[bwtx2+Z6ktpO0D7r7TbYNGQKcpxs3vAeKfDnyMoy9zvIgV75XY9RMfCofL4TvG2OBXzTaWu22S+quQJBi9FZrleZoJvhBP54DY8Q46Zv760XnrFjlHDgm6onfn9ruKJshfP4OjpzTfABkTj2DS0nJLYGa4Us3PbjC5R7U3mxa7jKvAYf50S6XPQpCT29v1VRd3sJHm4jUxJ7SwIIa969bacK9ouYv+dGWS7LzalzQ70t08qmDxeLAOkDQC9+vadSa8JFBDaAm/WU/FUvMgzNF/a4wJF2YGBSEbOb1CTnHUpu6Q1EqSoFlD+tbA0vlEg2a2mpzVUaEMtUVPdjkhh4dPIrR0xrB5tvFiKU5zH/w4zEyyzqzZs4RZuBbslC1A6gDrxuc9dLi+ESxy+M1hW1dtDfmk17r5j2XzqqOFvSb1pliu+PF4hbPsiWAhEU/HrgUYVwYhYpLfCSvqbS9qWe2g==]]></Encrypt>
</xml>


2017-12-19 09:51:11 debug :
------------
String:
account-ticket<xml>
    <AppId><![CDATA[wx7f83e93205d2fd31]]></AppId>
    <Encrypt><![CDATA[F7Gd2ONkPNhtbFX0aooMrYTYxG/1yPlylQHeSd0452dON48kWAjlwuRB5DqriZxhUNuYS8ocrXat34d943f+I0AwWwKa8/91tMAvhgTB4WbLh3dhzUhokGxkVCTpY0qMDAGlufYgy2j0suXkdAZ/infBPtPoQE6giCcs/TPi9uSfo2KV73w12BYk3dEhEU3JPqQW4WbJvygSTTnVSonl+TM4Y1HAruQPe33jkW4D9a2gNbP7YqXJqtoxMShEm6ydu9lL8Z4wig0XW12Gka6cn63W9eiDWyb4WMdO+T5Ls5RaXP7aQvUugxuEsX1nyzDiJ4dWDKkbdfW6zeKR3CtX1xEqAOk0vFou6ut6c9Gz7MlFPnLAiwt4t3WvqQQa6lakttS31lXBJb4EXSgK64gIaNuB3meUYlnjSQffoYxznjX2r4XlgqJsGdD7vweC4Bx33ts453ozmbhb9DRSkrchVQ==]]></Encrypt>
</xml>


2017-12-19 10:01:06 debug :
------------
String:
account-ticket<xml>
    <AppId><![CDATA[wx7f83e93205d2fd31]]></AppId>
    <Encrypt><![CDATA[mTWg95zG7M1RRqUbkcZ5syv7/iuUYmMn/awIh4L4M6753VL2i/rI/yQoMS4S7nHHnsYJS4Z+41LRRtdcc6GIk082pRMO2C3QzDJ55RM+pT2bBpiZzUpyFgD3906huTO10mPQw+E3nDz4x96DfbiquMbg5AOcvsUXUlefM4f4ojwrxUv0CD4SLr7AlBG42H96htebtuFFnNEzKNSH+onVbwJUyxmrTV1YBP/geZwr+h800WGKiimDW9aM9Ru4pUP37HQhWG90Nmv7YfJi31NN+uL0OiqlkgaZ68d21piJhleMax6hekm0kE3AtwqdoagMmXd6hLGx0Jn6VLT5huJ9Lx8Tcwev/19CjlhqLhkYZCF83NasQZGlWThI695E+FuCnCfzbrLM4ExoXs+GtGh6sUiRFDnOlVT7GzQKu+FQFMUfJipCxzBVOCwJq2lfqNVeOLeqAFpYgj5cxF8mLx29hg==]]></Encrypt>
</xml>


2017-12-19 10:11:12 debug :
------------
String:
account-ticket<xml>
    <AppId><![CDATA[wx7f83e93205d2fd31]]></AppId>
    <Encrypt><![CDATA[nnRKkSO60rxcqiDUaaU36WU3ZAJXFp4kAgjduQ2yj473vodksUBFOfnF2V0d6ES4b+6X6ohACHWAWHaNWiKwAqixOwAA9vn7dw3y98SUBNReQTgLIB5+oplInv7GaSvvJ286+c7de3NRZDeQGi5fEWETOnMsVSmfvvaehrhmZUQVqCs9e7hrR77BJv1451IrYKi+FQcOiJh2Q+9lHynKNUcC/hjx12mcj7HOWj3KvxKrFltwsFC5Rezd4UQAZIRH+44spVWTk0rdkRvr3Prhy16zAY+d2Nvw+vpkQKTLTGbZbNdL1L8qicXUKmQVBDpMPWEwJ4D92z2XLocl1qvhd38y8YLAq0uqve9LwSAfn0FfVDRXuWGFLCdC5oqd3y4FJzJzR3K8tsigBm5CngDrPBh8+mJGYtdxXRra3lF9l20AaKuSHYJChKEzYhJmu1ZIFgvsoDn73MIkG9FjzJhK7g==]]></Encrypt>
</xml>


2017-12-19 10:21:09 debug :
------------
String:
account-ticket<xml>
    <AppId><![CDATA[wx7f83e93205d2fd31]]></AppId>
    <Encrypt><![CDATA[zHQTM9zMEnetMBpptJjBX/Sxjva32o4HCsFDOM712lyDSGL4QcUa81Tuiz+94VyQGpL0IHZNkDx4g2yXQhb/gMp59jpzrhXSxNOTWPGzftzT92J7vD+rI01A9GUZ3P9bvtmgdVltYcmV5lEmCq/wMPbw4aH7zBHiGJpo7bbXn1afpTVyRYngODOjP5ynhxlm1dvjqP9HRbss3ubmATuun70FGA57XGttEDHV5QZ9nh7ELvJatGP55aYEy0NptHdb3jb+y4UnxYiOKUvAzfQoaRdHsFiFCcrFkGASphdKrxjF3v+BVMqEfi4oHAlkqgK9no5Co7yrWZlTRJMnvIuA9gvzZ2Yaml1yMoxY5jDzCtezMFyhjccmKptLWh1G3IUW51DoQQVCvQlSAoFFewy9aCdQb/tZFz2gmJzd/JrvCuqMG9UcBI1Ujqtl14c2pUSELkJfoot93IqVar6aOdVn3A==]]></Encrypt>
</xml>


2017-12-19 10:31:03 debug :
------------
String:
account-ticket<xml>
    <AppId><![CDATA[wx7f83e93205d2fd31]]></AppId>
    <Encrypt><![CDATA[nYR68m2q1v9R12E3HPQxcK+jo7EqrTrbPTCVY5Ckg7+wIk7ua2BDmp6kPSThxiB5H24Q8IRmoZaB3K/OaF8opt5RpiInAOwbNZJtgnPqw+p5idkRBPCDT84aNLkjq0fvA7tAhOqGMLyNeCEeCaqZs3Wj9ukyAxwd6HM5Px5NQGJ7gxL9ni8j8CNdVB5iUg7aLKNAZ6qtLHVxX9DDtmtFB4vxblhoLXHzLUj/wHFIAhDMdBh9TuKKS1NghDB5abtM8PUiCTMga9NAlHTEtj9deR8jwmMMnLpA8bgOyaufeNDcna7zVjGvq/9ffOTMBdD0mrn/KjYPza/NlzfgStOXqySXG9vBSTbTeJef+HVx4NMy2ZXOx+jI4zMudNsGxjJHJoFO7U42sgrT61y+iYO95S6AipCfhpKA1p26c1f/iIxLzd0rExUPu94stMy2GsjRxH+uIf2wc5caVh1sz89GSQ==]]></Encrypt>
</xml>


2017-12-19 10:41:01 debug :
------------
String:
account-ticket<xml>
    <AppId><![CDATA[wx7f83e93205d2fd31]]></AppId>
    <Encrypt><![CDATA[Z7/KogBd8ajtw2dR5PgAS4/TWdy94kfKjjELf1vijBCJL7BzuJrSQryuCBcFszuqvcqnrPb3geXTRqscY8nlIZEbGt9mmVOZTvLOrakzblSeJA9Ocd1RAsRXWYVwPnupV9bGLe9bZpuFdeGhYAB14jpUwvKVh4UNg+uCYox3vqr+zJP6qmayzAbc5OlYUG58Cv84fGBkHZpI6tEb2BvdrFGEW4RucAeo3Ubqp0hjmcu360am/Ynge2BTFWuwOKrtbfnEM0y5HDsqxYhZADZjsAJThK6syuZ/qd2+FTNorfdg4aax+6Y+WiCHvHlncG+1+/rjNsEARJy1Zbj0otLk3mzRsoJnyTIOhtJZIgRCzvL7KsvfUBngy4cYPNUse9t/DxyPGdJr/uBxY6snB5whNPyrEsy/psd+UxN1Y8MdGhdvEyLoiO0VlyogJZ5JPCrTP8H/qG35M+tHHXcG6yU36w==]]></Encrypt>
</xml>


2017-12-19 10:50:56 debug :
------------
String:
account-ticket<xml>
    <AppId><![CDATA[wx7f83e93205d2fd31]]></AppId>
    <Encrypt><![CDATA[bo0QwtmQx9RsK026WaHq2qtZOixP+gLbBp8KVZbhZIf8YWWOIYOmI6qtr95dlmAHIgylTe7d/xPCzF4YJw9CNF63NXLYZhyLyLm3wuyCEujTv6HhHMSk5zfNxAbiJ5MJHOQu6m7tah4regVjM8fFzn4guTob1bFpTSkiUgB3dqNAXx2fnNaPkxiu+H3d8qJhCUHQZz7a4t6pCMlsjDaq8udWawk7UY29qztQhbJ6xISp1s+K4XCA3hDbtIzbpqCD3w6HBynhl4p7lojrHkJjeZxpT/kRt24IihqLoWPiF9X4O/2nyAM1bbBCJmnXYWwCwcDNkvbiVfGReKIhmU8fE6JgDaP6cA0wnGAHbjSNhXUCpsRxcRiUrsxK3GoqHORKTe3tai41uIcyTIw8EXvRh5XrckOb08qJHMPKRQfYA3jQdH1pTdkgqR3GHYqQYcuh14zqfbr9iosXjJ4i7zdtXg==]]></Encrypt>
</xml>


2017-12-19 11:00:53 debug :
------------
String:
account-ticket<xml>
    <AppId><![CDATA[wx7f83e93205d2fd31]]></AppId>
    <Encrypt><![CDATA[GfHzU4qm6k1h2ghj5ZfMmQ1ZTKmiriA7EoMClsB0qAZHk6LyjC9okao/dbXuQWjLG6iSDL3Al2P9lX/ZhysShK5l3enx3LFUZB1HsMuBlnI+qXgfGOFLqP8mQ9D2pAJZF2u0C0J6EYtP71loxLfALGyTPX0I3KpOjYaeajVIjPXnCZ0c7bFZB7sAuk/sL0Cbhf4UJq38IP8Rdu60FyuaiRcuFpcE8XQ+x3/XiByMHAT//pH5m/aMbtIB6Nj3CB6yYxgfLikIOQzWzJo4w1PC9vhFpy2dq+K7478c9uF9xkxVbQ9fMzqU8tH0wjkkfwYHHNDO9KGgeSIGF8UfzuDmlaO8Ci98bIrBIgalztwC3fY8UKc2CWnUAawxpMQB9vdgRkiT8sXmjmY40wlt+hwvyGgx709K1BXlgITlk6EtL9QiKMDQbP3ZFjssfzx7Xmdj4Pu9aXhpBBgT/VNj3gygkw==]]></Encrypt>
</xml>


2017-12-19 11:11:07 debug :
------------
String:
account-ticket<xml>
    <AppId><![CDATA[wx7f83e93205d2fd31]]></AppId>
    <Encrypt><![CDATA[roZRuC6GpXICAE0nwmmZGlh15KsV9vkBFCtPDvSRVLyB3mgcuZRGGGl+FXHaOQmNbn9H6Zq0AZWu6pseBgbgvdLJVDXGWwM3EA+GS9MIlj0EEUXMdkKAo7fAhj3qFZTu7Wk8JBsJ5iM1jF2vOYV9OR/BqenE+OeZO/l3KoaFguG59bRmRgNEeYHzREr1d71bSVL8YBWjsMifCHn+l+amw8k0ensNdReWLduXM6cx1QwmyN3q4Lept5EekEuj783wkERUAWqxV+isjZ9hLwl7WWavw168bjpySioXefj7aBzx8Tj8YQbzvxc9/0MMUXPWZjEy8MzBUa0PkyEx2AxYEoPFVssasrk9xuN7wLbd8HOlLfHuyhBgsgSbS5kvdKnSygPaPV/RjZWUQpgldMtOz5DRVT1+/f5q9bZ9qjF0nTxVmcKFi0LTUACjpQF/7nwhqjdQqcYgusmPT/ESI3yARA==]]></Encrypt>
</xml>


2017-12-19 11:21:08 debug :
------------
String:
account-ticket<xml>
    <AppId><![CDATA[wx7f83e93205d2fd31]]></AppId>
    <Encrypt><![CDATA[xEGJjE8qnrROKJbvPp9tLW1paPvW0QIhmW0h6n/D5ZY3/+coMX716Nv3ouEkHm+oPLtMcaA7W55azOos3y6zLOasWBhIl9WZfd4hefQLoR0zNw+QacujrlK7hJBz9AL8iozkEzH+B7vf/S9+A9ROH/7edyGIFZTK6fE0T/90ddkBahO24tSQkUC/J9qhqbeQTwxBEWwP9wGXsGsWnHKnoU/6Pt0UKQImMLCZS0haidrFfjBEYRUu0gFwENyWHNYrhd3U/dnZC0XNg+CmmrTVu3cVX37kwNLFtHbD1RF5ijGaxl5Qlm1Bw7CYjvDC38FQwiRX29BM411G/UcEyP/5OYG2pT3V3ADjotp9V5knT5h8KZVyp1fkVOxod4j9okwVXRke+V2kXSTx93JTGmqaejb0MyI/Cy7BzAyw7c52lhIUWDJJBKoXDyvjE35AV4OaT/N7QZ2sKq/0Wf6c2x8mFQ==]]></Encrypt>
</xml>


2017-12-19 11:31:08 debug :
------------
String:
account-ticket<xml>
    <AppId><![CDATA[wx7f83e93205d2fd31]]></AppId>
    <Encrypt><![CDATA[EZuqPKV/cOdxu1SxfKjJCRvfrCAx19uF4pgbStW1gRJdy6XA7J7XKZslWssoV8FZVa4Kvzn29aBGbErgf8r/AmbOhipr+go8K3oistLHLjLH9LwcRJPBje0y6TuxB2hv6oAxNRXHK+tt4MmA/WzdgFLerPWbMHdkDSBNRKRPpoqil6GsesgSGLhjsrrDB31nEHlAZr/mP51Xds3sW3MM1kKXYCEDVtJpdOdKGCHPSAftP9a9dcm+8yq7taaXYWTVZMCflOdVvJZuxhGi677YO1N/H1kkYMlvFqnYBs5baRwh4NE7cKyUJ5AiaHnhhMkPzi+OvnUfF3cGx5PVIDap02GH9KoyMofUVHuxi0yUXCIEshK+F/qmhq088gD5LkuHcQnofEtaooLwLgs+G5dPDmle1uOzdo5qC0XPwIy810fmM37x1r402S3bvNqcFD/ohG4N6yp3NEQxWemYEcICOA==]]></Encrypt>
</xml>


2017-12-19 11:41:06 debug :
------------
String:
account-ticket<xml>
    <AppId><![CDATA[wx7f83e93205d2fd31]]></AppId>
    <Encrypt><![CDATA[ChzHoPeQJ6//j21mylqvIUcNz2ceLbDV5oNiRGYzkqgH6Qbc2oNDvA5fQCgG9PUa0Ye83+78le3KW8baIS5xrXXRztNadkaeIJDfwWmGlXSFmN8Yw1pJOk22BbXk/pa+4kAfkDRim6U7u5sjrUdd5bfTL3myBP7PsyjA5bsww82XB+zfBPy//ajPQPxWfzNeYBIbrtkOkH+uJfoJrXgo56P61hFX4WWTQIjoV93D+eYZ8lPGAe3kKb0Aw/6fdy5TzyJimhBYPR1ufKzXpYWbQTXf3neMo8vk/KxOefyaqfk6Belgv05n0lBSzIRQNGLzVjSDiC4N54PT2yLhje9L8KnD/+k7bY1urlzRedRvU357BnQq7Qc5nb6E5fG59fe9vHKVaUOpJ0pHWRChwdTyT3w6UUEdMB/cTpmmXLUWyCPf+IK1hHEq8MxUcyv055Jax3nwWPSsQuEzKrChf38h2Q==]]></Encrypt>
</xml>


2017-12-19 11:51:04 debug :
------------
String:
account-ticket<xml>
    <AppId><![CDATA[wx7f83e93205d2fd31]]></AppId>
    <Encrypt><![CDATA[CDSlhnFtIua1DW1W5CX6devKSKDwJ56q9YichjSbC7ahlkyn2fpsk4DrXrzvCyoseqQXGhWurA/kd45qcS6Xvu2ZBKt6l03nzo/azBjAgJudS6X+St0McXnr0lo9Zu4LnGFZi+nktkTfW4Prdia2B5NmSdjCDGjBUqSHSIqGdY1VMCTrIdpgdRrMDwqR98YCBVqCdZvbOUVInNNuGuA/3/YDdd9sA6rueAt9M03H/tn76fTsh5MpR+dQBRqNo08qZQ9wm3XizGPOSs8o0FNb1s6uEyhedAJ/8NSv6MQfnYSs0GWthmdHc4L/sHdpn4OaC9a1UqvUlTRHd8AsyrfgPzoCGpkXtGeyR3pu5rIY9RByN8Iwpy3rAp1McWJ9YCmO0qWcF1fu1vSzqAyr5EFtTH1FqwddB6nOFTBADzJTxoyMERHZYZdQu6LAy91NedHmzX7ea1gzRf7P+WZnKluN6Q==]]></Encrypt>
</xml>


2017-12-19 12:01:00 debug :
------------
String:
account-ticket<xml>
    <AppId><![CDATA[wx7f83e93205d2fd31]]></AppId>
    <Encrypt><![CDATA[hCnH/nVfg4iYKTYHzxj5oOROJLhgFmLgDHMHWafrg1ugzqO0AQKGqMae6iaTO/8AhhUKPOxkmDeGx6sJIncGwXLMtCRxqo02NxZBxS8H0h0kXp1XnoikesGx+v8hEql5XfmXAc0GttX5JBVNBreMx868mKk3kZekMROSM96gJBw0/4+BO4T7tW8hMeCPZAugkkLejvCC9fpB7WXMAA50OndkS2uUAqaS5Ol+3se80vdU8G+EoNibo16gv3CgsMIG3CYt3NoCS6uTCtONurlDK/eyXn+0DtZG2GQdUnrX+WF3UrrQ6DU8LNTvULoob9fHxrQkvr67oXtK8uzbHdEoWTfqD24xqRV4MOsoIhLkfu6cM9E1wisWPJ4lmDogcJdBag/7HtxHw0VxFJ+NRvJ2+taxjHy7fXCzP/ESSXFZ4UBALiZDks0VEAzg39BmtXIYd9OpZXuCSn8+dWgwD4B8gQ==]]></Encrypt>
</xml>


2017-12-19 12:11:09 debug :
------------
String:
account-ticket<xml>
    <AppId><![CDATA[wx7f83e93205d2fd31]]></AppId>
    <Encrypt><![CDATA[dhsjv/2tCJII4JewY+a0XbUFhW2XFjB0M5P9TpsbkqM2EW/BPhduT37QMtlE0XA40osFqvXSnwr/Jm2eZhq+XAtaapf4+Qa7gPRSWbFUhTX/cf+MvUIRPnYyYlNl0B77uDuxgIlHvuSNWKJqKFx2IP54ML4C1n+lolOg6mmTRrVMPI5coJnjo3RZsE0iydiLAHWQSptnU5+EaQc2gAupAFdtzQPTqnP3zu2hWUdDd6V3EUjSMu9xEk/LNoR7oH7eCoL96OwCSfwmzZ0FtEM6Ng9YelIVEvD3YhzxS13cYkAQXoHxzwYs3xHIlJ6Qx/bB8C4zGru4frS8ZdEOuCVtdS4jsrk43g5btPcn/AbrHPzqiTEqleQvjTgXOwzzfCyJx9DPDbzpv7cAxSM58mwMDVvYuBYXoTOp/ThUQxZ+Cp6rVzuIwPC034hkYZUHCG8mMRKtMT4R/mAuZFBt61B5Vw==]]></Encrypt>
</xml>


2017-12-19 12:20:59 debug :
------------
String:
account-ticket<xml>
    <AppId><![CDATA[wx7f83e93205d2fd31]]></AppId>
    <Encrypt><![CDATA[xYMiEkCInv/RpXogxABjVvop3f6ZBQGSYhiW8KVI0LVdDX5IqS173hJzKIAmkjuPjcgMWX2Kxt9ALfgGSGSNpYof4dMAMIvqnd4ozxBoEx13v7w1xTIDIVcBrtIFkyUAEPetp7QGAipkc8tD0XadEGA/K12b+IY4bvTidWxbbCHyFPI2NtEhHBAJ1gFlj4oJW4g8PN2TpoAFEGGGi1YJxEp9X/YJg+eVPDeqU9xUiAkSxs2lzkLJw8qxINBjHximqEgzCus79Qz0q2sMiOfGoty2E6Yehy5Zr3Zkea+l9SYbhND/7Z0qU6fB2nmw7yqO0JJuCEkFULCJ38/T327S4Dv8a/JRV8+kdKt4yKCDxhFRJ7cQ05MbUFdjc/GB1OW1bRDlX3ZTGEvqY+gnFQI1mqJGJoxc3UvG1e0e/g1EQmQxwwAlK9JzVpNYJwTOOjJ08QOeRs1dQJi2bLyDExsGGg==]]></Encrypt>
</xml>


2017-12-19 12:30:57 debug :
------------
String:
account-ticket<xml>
    <AppId><![CDATA[wx7f83e93205d2fd31]]></AppId>
    <Encrypt><![CDATA[cKjlSLLL+48zWZ+RcpHRORn7SH0fvVoNFG/I4TwUAiBZXzB3vCvgKM7a9w5rYEtB6wGx8nNNOZ275h9lLAT6JGRJ7yVQUsbAg6HEUDCPUI4FelE80sT3RC9RdHsilQ4HVjXquiTCsh9AqKtOd/x0IU0ebD5Mr1qZJoCl9Y+VyelrWyXQye6XU/8wWcDG5hnwex8GwHLmnaja2zGkY7fRV/XTgBCxzS1kCU3dJyYX7tLEUJDjXuJ0Qr5OmNUpW9YFjX2sisMuPcKHwl4+CNPPY0f7ARuRuraynEATXgQ0cYQruiSi7BaMXw90wDu+pSGthTXgTaOv8UI6/vsGlCcVkPxRcZZOzj2+IHl7W/CrZbEKm1MJ/a8535oYFTFAfBRldRgFFxsBotLuEhaMXlGH0Jc566wUzGrR7sFZWzQS+QV0+XxHvQqekeUPoeufXQUvYvbfnQtihrz2nsskdDecow==]]></Encrypt>
</xml>


2017-12-19 12:41:05 debug :
------------
String:
account-ticket<xml>
    <AppId><![CDATA[wx7f83e93205d2fd31]]></AppId>
    <Encrypt><![CDATA[2jkUELxVuBG8/rUftLWAxqzTNba46HkOyipSxBzEi7X+4OJRxtHwe3DEk+J8ssUfyDU8aZmoM56UUqrY98U4gYRJNQNgnPZIhW9FO684lmBCyJvwSu3ncM2l7GWlAnBez7lohohZOsHBKP0999EE1hxTr3yNA8AunehrsDJBSMmRs3Z75sI1jeUXZ1LmEQ3ZWHWKpVRRpW5axQArRlxEkUxcrg2N88Zhd1qWvxExVPWClY3SE/Na7bcAPMtHKv83R8VZBESaEt3Gsw6oxQUUTfRaRQTgR9n+J8sMf3IgzMKld07i3yuhld4EwyBXDBcLtRbn5sbcHpUygcF9UodaNciqDCF7QCZYkR+HH4c11HtZAzXapUt+KhqF/lYvhzn0PFy4FcBs0PAhXusWJ+Sxq5aLe85EIyOL1CfYgPev2u/1+WpVXXJ4ihuQq2ZGQNMZn8Dd1csmfDhMh1Md+uWDJQ==]]></Encrypt>
</xml>


2017-12-19 12:51:01 debug :
------------
String:
account-ticket<xml>
    <AppId><![CDATA[wx7f83e93205d2fd31]]></AppId>
    <Encrypt><![CDATA[9FPHcgMbBjDN33K8prRmqeYhP2znY2XWBJ9ANRXQ1dFuZBFYQl3lXtyOSiiMDTZRaFKbTk2ztUY8TLRH57wA/n9m0gY/jjevvC/IQnRnowgA8s5rM/Qy+GHmROq2GjHuoQ5s9QQeT+Hnkh2dbJt12tLWa2yvuuE1xps+cp7R1+S3xz1dQJBqJ8XREW5l/T9lXJ3mamteYH+lxDnxAsORIRaE3+ZoJFmRiRg46Wr3fRNCSh0ISzLJMQ00Kp4yIA23cCihfRlNHzIfb0LIaDJ41eMsoXORfWLq51EhtPEiCcrIlsEOsj9G6w5Owwsg5KRRk+LMqeAoMEUWE88JgFIr4x2o6UPfd9DMLXH9gxf0WxVRtouFNT7o1wNAYiv4/zUTfR87ytq5Y9Kta6IKiq/50MepgUdoo0W4JdVdZ9pyPvOLdwOMKY5iqCzcGfdWiuiZefHrnbKmo+ZmRoeFl50WDA==]]></Encrypt>
</xml>


2017-12-19 13:00:58 debug :
------------
String:
account-ticket<xml>
    <AppId><![CDATA[wx7f83e93205d2fd31]]></AppId>
    <Encrypt><![CDATA[CI9tN18hl71GwRVY1gEy1AFkdvr3YIG74hHa0QhdTri2YTWLHxhK7PlmgOp1ztkWfaOoXIAv4cBuw5s4XHS2oTNJ1p8m0qBESjhW++zxmljarsjnmJt/ywKQigHamwcLJ0JRg1NcwIBqAxEW6oQBBh/tPeAQuYfFIGJcDznLdR0iwyPN8VnafBRdB0P5soip/ZyrsEKI8ujDD03CVsZj2xsmMfE5sXXHi4L+0fdSYKic5Sz7eqOtEF8oxqDzkUylvLN07S6emPNcSkaXyTXIjUfoQh4Xbvv8zvs7m3EB43LCkVlAVlcJr0HLhabTZTNAbj/y38u+xLlcuR3kKyZVzADiTeYC10bpuVxFW2b9F0iIEeF8DqM9K6xicLLiBME9Oj6HhTdKl4KNXZeYVi3/HcXBGnIEg2A9IkU7FzwLvrTxBnARlPaNIn9+6uXD8j6QzCTMiSdkb7ZFuszPNmiI9g==]]></Encrypt>
</xml>


2017-12-19 13:11:05 debug :
------------
String:
account-ticket<xml>
    <AppId><![CDATA[wx7f83e93205d2fd31]]></AppId>
    <Encrypt><![CDATA[9Wrqq1UjZwY3Pdmb9v4NFyv23N7Qz7PQDC/INeMu0iQXMZ87pNyepdThc9nGra8eF0ZmxWBZBTlALwe/PN8/ATP1c7zVOM5pmdj4xuc4ftn02CRr5lTclkykbDrp1gvgjcATXhY07gEvkBc1iY+4QMd0IbIrt1DnHuf7KsmwSc1HXiND4Gh6z/K9wFgdKeW9pNEa1MYlhO3ycx0NrpvX+O46EAW84fPs1OuFz0uM0fK2rWkTZyaV2zyjkVCOFd4YG3SHNY7n/hqibIeuAr0i7wtVqAyzfTJ0hmc0Yu50G9p/PWcU5w3b9k5kpwDoE2POouGztNI8rV1JlO4HruapSTdnTgm9Vxnhry9JaKjXzj3p+1RoV2FdZhr58G/TEWCiG4LwriHb2FEV8zGdW1QGbh6l9Yxrh9VWCDeb819r/nczyA9VDxLtd6zUQ+xdvfTtRQptzsoXwGy+aN8Bv4mYsA==]]></Encrypt>
</xml>


2017-12-19 13:20:55 debug :
------------
String:
account-ticket<xml>
    <AppId><![CDATA[wx7f83e93205d2fd31]]></AppId>
    <Encrypt><![CDATA[3ESJVtL+Q798Py6VYAh2HQQfnfvylpgqM+RfHcbTmbmauFyspfE1A91JjPte8sSRliVY0RW9y/CKPTBJks7V5HpPiC2X0qODS8U74v8EROCfZvUWRZYFyYYAnNs7BhX+PR17D9ZOUr/KwD6w6vE2SAZSyvXayIob1l9yxSfgVhr9kXnhQfomZdWlwvJeEuiVxLiZ07ySq+PjLfECJZ4S3g5u6z+ZGyWmBMjSse+gCapEYdDSoazNCK1xL8bPgjfMSiOYBi/km3zDNO0aW0ogta7ddSTJcludgbDXbei8D3GJ4tV9G1IxqWamxzNaHrf+KndBCzlr/5sV53PayNwRS3WfC6A+Y1BgMXWrKfucsKp5lvv7W1uB/GQ3/GwRJaPNmrtbW5JjHEu7W9IUbheiyZ9HzwmpAtyh4Sd8mm+71qrWiQJrUDK7S+OpiO65JElh5je1d55LPj1h3Euqt9IS9Q==]]></Encrypt>
</xml>


2017-12-19 13:30:56 debug :
------------
String:
account-ticket<xml>
    <AppId><![CDATA[wx7f83e93205d2fd31]]></AppId>
    <Encrypt><![CDATA[SBQbyEleijXooM5TM38jzKnE6r2KqtIl+doL96RxlODw/lnLR8T20V6SG2b0TCobjR8mX4J/j9FgTYTKhirxfBULpAIJkXEVwCNz+OhL2vNf3RUWSpu3a6Br30Voq813HWzHj5yda+WLqsv16dvIrZXhxDhNlreehs3MNn8M5xRdMd6OeI2rgU32xZfbP2B59iuP/cSoWQ834jOi3794J9UwiyviMNe+0B2gSQBOpIoOxtaoB/xsHkWYLw61z/dWLklbf/nxQixHxfpq639L3gSTtaGVjg+F6o2XE/jeQnaSiTCDok2ajfdF2Cb7tj/C13mvDBv3Yijo1xU+/GwqeX5BWzMkqyQQ2lHxTTFMsh1us0KQM0ZYQf/Eb+/6HLUINzD2DD47a6tQW3c9lwHnTkcqFzm5468FP2Ehd5q+lnxsWNBAQE6ZTIgXjjOYVGoDp+M4ob/wt6ih9t1a5WCbDA==]]></Encrypt>
</xml>


2017-12-19 13:40:57 debug :
------------
String:
account-ticket<xml>
    <AppId><![CDATA[wx7f83e93205d2fd31]]></AppId>
    <Encrypt><![CDATA[dE5EPE2MX8tE1jFpjdpWrYmWOd+/Wab3TXCRePurR0opVwNqrRHdPcrrcf9qSL4jMCcPRxq2UlfTkJsx5pzO7p9bDz97JDQD6n/zrehwbVR7Qw0fotMZoDnGTDWQMb4isInCiaCR5K3KAYeOlifVugTOEQ0MUj+Enq0x22HYcElNn7eKCAFf3k66Zxq8mpqf7goQPGJLCddaxWHDO6GzP8n8xX/YAlVlkE+hOh2ZYkM1AIzMzggwozBYi3yOeR42SiqVzKkz1UR48EStDL4NfZlqwfw2c8Vo5BbzGIDf6mD0bkTWECtdQA43kSk/jcjMHKWJDkLNl8az2+UIkFO9f6GaiSaWLN1yV9mRwOw158pTWBupfqvKdy9PMhlE1ZAzLMRQs7tt0SfTSblKvstN5aZn0LseenJZjp4CQKpEAxEXOGc1awzKwEBqw0ZadvpT9IjL3bPH++il2MG6ZaDqoQ==]]></Encrypt>
</xml>


2017-12-19 13:50:59 debug :
------------
String:
account-ticket<xml>
    <AppId><![CDATA[wx7f83e93205d2fd31]]></AppId>
    <Encrypt><![CDATA[6m2sYfGiV0Yvn9nKuCptaZh8HTkOR2JuBXPhVgk2iCsqKy8zxIQVgbACVG6ZBYX+dm6qLAz9iSpMpgGm+KxK9mUINBuKB1YtKD8HMuA4ek0Im45Ler7ZFVVMcDuq1PkX7YkDJSYkZe/2iBWzG5Pf1dQglA52YahZcq9l2swemWxJ3A+5X1Et51cE60JFW33VXakgw8gXY7+FZFtocPovRMPduq9Taw/K37fPoQHVHEocPCL0plbKmOxpndY1XhwvmTSarnmp3JwTQ8spcKT6Ov8kAn9fKkyohR5Z1cD/GOdsqB3Qjqgff32M6FhxjHgbvIH5ATiJO9vX5CDhvTSy9uGX7/X8XJhVAT0UrHEGramgsXRamxXTOA74q8cOl3zn/mVcGrkNftHzCL7tysuUuE1aI27B6bPp5MTiOvgCe9gy5UxVCc2PFk3lwiwwLg1dBu0pxJ506iy/3C2/zTfeqg==]]></Encrypt>
</xml>


2017-12-19 14:01:00 debug :
------------
String:
account-ticket<xml>
    <AppId><![CDATA[wx7f83e93205d2fd31]]></AppId>
    <Encrypt><![CDATA[zGWyfwkD43SN3mm2czuLye7cqXR4rOSL50kYOb2hLiGzIpBeOlZQbLf/MGlmc1VEdrKeka4RQ1mfj2iFQwj37cdQaWidxrvuCVqlktsF/LMllyv3iynu2LFqlo+lZ6uuVhqzqs19mQHh9o/uY5IuxPf9LAIniA4KFrK1qKT8LlYOe4zraOPfZYd8mw9eTmO9re0MsRzrq7oCdfbbQD2kI/8Mg50HYKEK9ZOaHN+IoDWEs49wDMUHbKJIgkImH3lZ+AZf1KKb/Agzp8hK+RBZ9JK9mBR58g0RUTlGgrLs7ON45qpFsELKbQCiGd7dZ64u2f+F9Pv1w2BDZnCdxyVY5mxl8hqMavf/95OD1g+GWZaWwPyYDSmC3DjCGeQHxlqyL+2lw5Vjq2i1/qBia4at02cWyNJ0P011ohW8GcpGxTci68gwxrxAL8gUgpOn3NUus8xHZEIcp13C87M37rv4Ew==]]></Encrypt>
</xml>


2017-12-19 14:11:05 debug :
------------
String:
account-ticket<xml>
    <AppId><![CDATA[wx7f83e93205d2fd31]]></AppId>
    <Encrypt><![CDATA[SY/wzvBghlTmvBqLdGKc8RA+VwoNuQD7mPXT3Y0mDzgRBMeJRDODRGgp+dfvdFXvxO94pZLIYh4Mh48QkO2qeo18hPqKWDx3m5rbfT2bqGwQlkUjoqIg4ayvhpDDE9178KgaBVj6nIqP3RbVo1y99Io8UglGy86HYw9cRuB99Kib0pzUceiw5ZkrnAuTw4scjZnal48IWbcq5voCyMIX3L7bjO0ck+ydpZqgTfqZFOlgwg5BZQ4/dU5HLJouvx6HWcsW682dG8YQ/5RdGBG5LJuLTp66g/9NwuoSFLNiSHCw8RfdWBbr090ngNyZx7qpkBVf0vzLPHUZwEu0cli7bahi/Bw+pIQdfnAMfywCbKhh+2N+AvF5EMXyI0Ly5JZ4fvKfCt67k8UuKDuRnACQt0cVGmCQbzplUL6K1DaSxBM3PQR1zp36vJOv2qgEfIIFkFWg+lqcD61cXkHjSGy48g==]]></Encrypt>
</xml>


2017-12-19 14:20:56 debug :
------------
String:
account-ticket<xml>
    <AppId><![CDATA[wx7f83e93205d2fd31]]></AppId>
    <Encrypt><![CDATA[LsHBbtxREdidMINaTuAvh7Enu9QjSWtnEb9pvKeezbZAIh5epya4gSmNG+4MpfvigT7czc3L8IBMffCfZ4ZzoHE+lNchXZuPEvO/opgJmVw8dH3UAPdPHqJo9UyBC9Q2bQEdyhgb/h97k6fI2o5zRLejkPvjBsuNPwhXg8QGsN40BBQF5n9Jwn232oEDNBtQh1T5QY/APmry1cLALJkormApaXmSSH+c7ZhPabPhGuHpmhZFr7PQJtpmB8d/u0hZh3VI2ifWdo87D523i2zSAWZCgXRhKez6znBZGPGioAnSktHZgEWXFnEfPXDqFcsLiviVu5SdiaEEdDF2P03UzzUo/MoPoaJo7JsOy4GJdAuGNdezl93queiSYCMSpZ0RBShgIgvNFfQXdNHc87ghPyV7lTDJSuSiPHJjfSzbIgq/f1HTpu8dK/GolhzY/D03OSatexI5ChcoHOqpXUceXg==]]></Encrypt>
</xml>


2017-12-19 14:30:58 debug :
------------
String:
account-ticket<xml>
    <AppId><![CDATA[wx7f83e93205d2fd31]]></AppId>
    <Encrypt><![CDATA[Q+9pc3NSit93bagKMits9pLlTk3Cfqax09JiGu3q5679R7ZX2WIj81cCp2a6UmgORj+tmMbGTGzBRgX/diju6MKLWjEHQwcy1hJ6Rv8OVSHEPYBwV5lisO/fmNHfewV9OknjbqkqM+Cur1Pr7RPbYNbH2BLrF2uTScnHd5Z5kDh/5l0E/RdsAC6iBJzXlZiPy72/MpMfLO5qEJtS3lzkqnTz4G6KFR7cErBzRntTpAH/fLKgCP2B0kzaNXHQa522Z0UQz4AmoQI4blQP11NWO9b4C5Q/oV8N3RBN1gohEjO9o0U/sug+DarKbfxDrpSyz+RMyJdZ+ULsMM8KXIqX5sVC4JYTsfwqFarNPExtAV8zd4iVMmJTGq4SBueBGVZq4fIUUgzoJ18gaFKDA9I4Gc2seg9dc2ZB0LcVDVlihNLkRAJOAgRf32Mu8XRgJ3nW+QUfUu1Dba6FxjeuLsX25g==]]></Encrypt>
</xml>


2017-12-19 14:41:00 debug :
------------
String:
account-ticket<xml>
    <AppId><![CDATA[wx7f83e93205d2fd31]]></AppId>
    <Encrypt><![CDATA[oxIrfGE55P7dHXkUVJJUbS2EIWNV+HDXk2PFsmSYvi2AEuNBWtDejsnLKNL4tUVN1b8QXhPZ3eqax0TSXQxhNxwxx2xNjsDBY2SulQowOb7vo7MV5Eh/FFOXk3Pzvrh2tnN/Yap1I4UGoqbtm7mUQMlxox5dWHLmtXtBL0D1uonZIQHrfZ/pRmIp/Zje3hwd3tHnKRxlFKWJIp5gj/9+/NYDKMDx13JBTGpFjleHySLxnOQdTYojIgFgNd1N4enl3k9xKZt71uVAVypMmjyJMQPS3wLfwiTxnoAwBYh9hqNztnadXqqSTfvUD7QnrE40kNUuJWabTo5sn/4TubN3Q5hFrSQLnS5L6bTbYgMTHdpl/5g7JXtf55vh5AUVnZ+EFZS/ll3uqbqNY8nvZyIgbD+1nEAVPf4QvLu2v0zF+bOzTKjqCUuKL9ylzb0cXjxL0FA5noVPRKcYSsPAK1E0yQ==]]></Encrypt>
</xml>


2017-12-19 14:50:55 debug :
------------
String:
account-ticket<xml>
    <AppId><![CDATA[wx7f83e93205d2fd31]]></AppId>
    <Encrypt><![CDATA[sBkmFZuK/7+ZlhByClkOVx0/ZrnUB8msbGvlZjLPC77/gV3eNaoQa+I5YOwx7STWumxkclXxRSDK2nN+l2kjiLnkv4EiHyUnlRcEPFuzaFHashlqsDwdBynDbxnqoG6/yxva46IjniT5cdR3thywJFvDb2CkUISvZvHUbXc/Qyr1VA4/V7fAG7wlt6TwP2oXZDidm1LSWKhSWUo4FeFwY3fgWgNLeEyTF5Efr6iYUPl0+arbcyZ+86Ne9q9fY11g6UtPsYlMzNTvv5Vpvlnh3nQW6ADq83E3qX8tqKDLNIdk89Iw48q3BDDytdMDJ3nIoKFSd8BpeF15mz6nepDuhh6T8q1KERJZwGyGJ++deDwYZpVS3swLr2VZ//BAQuO03DoOVblyGuWTvqgDEWDhI5HvFHuT4Dk4GMc9Uv3OUNGt5xGf5wb/MSTz8PMXX2vzQd2hruvlVcgTxurbCdM6ng==]]></Encrypt>
</xml>


2017-12-19 15:01:02 debug :
------------
String:
account-ticket<xml>
    <AppId><![CDATA[wx7f83e93205d2fd31]]></AppId>
    <Encrypt><![CDATA[7fUqj+0I5KuRKUQKJbBmy9g0tsHeDMdv8fof4KlMEFO4957rcvJ01r72f3ChiCJTTkcPcn4m0zjbL1+wkjBvlgTQzBVrmM4tyaZl4P6CEfjcXs/EO6Wwxgh9YeVANcBDnEFJskC9AFBpqwBdwOlW4ZOFBarGxUME6C9CyhTFTDHuqWpJT/oHaALSc8pXj4QKwNK/+R59yR6JYMcc2Pda/kGXqD4eP5sp+RPW+BgJLpdFA7SUdkwgJtnZH1EpQWAhSGTNvpz9xISs0yCAVIO+AgR1e1DSu7PMY7Au9F+ECeycDcbQh00DuHefLeM5Xh6c0+9HnFFUzUafKg+64ArFVMXAxy8lN/qucW8TfKvDCuFWD/Qeh9g0gFCgmYp0f1tuGDTlXmGcAmcN43GLfUUUoZWT7lOvj4+OJQIPgIGFZtmlLDv8Domj7RYl3DucQiUck3q6A61Xa6NqEbAUFtpboA==]]></Encrypt>
</xml>


2017-12-19 15:11:06 debug :
------------
String:
account-ticket<xml>
    <AppId><![CDATA[wx7f83e93205d2fd31]]></AppId>
    <Encrypt><![CDATA[n85hztBd+nKXeNYVYvIGHIHVV6jDmO4QAmVu+Cj9jlJTF7x/dzw7y6G0Xo+0MXFPWr1Ly94uMlkFeroRSY2zV8DOqknwU4CYCuClYitNsu1e9fH/MiwgtXDCQ9aYIsBYsmScQZo+Cp3+ysrJcxxvg6dby5ywLm1jioTIeL2dHLXPI6jNsJEnl1w4opt6yNPC4ujWE8CxUWKpBad6ERGoPbf/g3eOKXPp8UEqcyP+ChK0AJs121WJYBFapTF1IG08CJU1H8KTnoMVMAynAAz5X4DjpLlSxI2s1EvOseZqkOSSq+6w4putbhM4uYIU/gqldvRpi13V1qlt7R7+OZkQJdzOlOcUckF84mmTTuek8X9mB3UX/+xGYeF86gHg2N6ql8NtId+fs40Vf+LuHwufQ8oH85ZakCjk0xN8YZGx11s9qLvmfpGYl7wPbFJRoCp/4FNbdvOYqVIkVcm2ize7Tg==]]></Encrypt>
</xml>


2017-12-19 15:20:59 debug :
------------
String:
account-ticket<xml>
    <AppId><![CDATA[wx7f83e93205d2fd31]]></AppId>
    <Encrypt><![CDATA[536sNPIltNXxSUsGJue1GEDZ4g+BZOoEi5zQGbv4OWAbccPMqt65zYIbSkT+0VMnhpkm9Ba43OWuikmBFFq1IYWU/uslsChXw2Pzxo+vQcBRzIDqQgLfZj38X6pnwrfx3g9BpvQxVzEB/3NxieXKeZDTLCeXr4zJSUqTcAVLdk1xXITcLpA6bg/SkDUQRcabhkckAL7b5g+OEYAPPZpR/9JNxaVpF0KzVe4Dkrv2+m7uwT3Spzvl4F9zt+7tUFbzcSbWpQMlqumvwoXfQ9tBELimByzA4K8dtPLe+4J1JDzz1QxuBJ4Fs8ROLIwf2e/G7G8BIK1wbPqgGfu9LW7HjT6+nRr41TJ4Tkun6daKfLtAJyeT3SNI0+DANG0d8aUwDB5pOKIb+CNxJRDU2AKBPRxniZvr3pzKUYQHJOHI9cYRUVBjfskV8AmYC9Fdt/SHJgbVfoLl/+fm7ZJNIaZr8g==]]></Encrypt>
</xml>


2017-12-19 15:31:01 debug :
------------
String:
account-ticket<xml>
    <AppId><![CDATA[wx7f83e93205d2fd31]]></AppId>
    <Encrypt><![CDATA[caQdkehL224J8Pi0xp1u98guuBsd0ORxM+gACQ3ffsgCf73ex0gw2pq0ZAGqJorQYD/WSh5vs4T7HfTq0JK2foAsOo5QwAKrW6UNLIZEgIrx0jcIXhQpaaxigm8C0mr8AesEvsDqYwBSlRg7LwXHS1ZmULP9T1JKbzFsYIwHw3AjkSFJlcvcdwbHQV8dj788XI3M7UTtdLQ8pV/u6V8lh4LiY5ZENaIDNBeWhpo/deMkiTSuvU3Zi5uhiawIdshcMczcTKhd+v5NWtYW2EMWpgaxBrKUyFYilevo2N3YhiI7714sG44EGLSeJh0pnaVrDCMn9db9o1uzVFnpxAhzdfCf+dVaOLBPeIDUGLA8jje3Y8orrkeHu/nDh+ihd45Le04cUbKwdQr3u+1dzC6i0wujfGrrSZzslNMgyufqxSx8M5VnF6y0Nru+2HI6StP+JD3qfsNZ+PpWE120lny0qg==]]></Encrypt>
</xml>


2017-12-19 15:41:02 debug :
------------
String:
account-ticket<xml>
    <AppId><![CDATA[wx7f83e93205d2fd31]]></AppId>
    <Encrypt><![CDATA[8fYOZJ6i7LRv5MamFTDv5bCM5w5D3wVjphfkrcOuLgFwP6afra2xibTweIYtHhth8qO/u2NASStRUEROuKzxWak2DHyYQafDE5K0bHKgU/ihANgnOgLkoktrC1VxfMCUmc0G6mhgs38kJ4GfE/+thiwVguMfYadkS8mAc5OmycnVLEokL1beawcX/tLw1Mc2m2J3xMOs8GZAZArr66Davuq9ddw0Tgs2Nt9OmIg3wVtWlm7kP8P1Wub+KvGpRd27l405TPnyk6h4Qz2LYIOQy1vuwW7jToUFnyIho/bctXKWVA3RLdMq+UWxYjc8k4dEHLX/gC0x0yEOoIugQWDcG+WLtPcgNEw2YFEEZB/M7YGc4aJE1vmCV/77CoD9RFkovZnSMI8YvWk1dCPyF6BdTDKbr0yntAdo47itHIXIpRPDgyhNVWF75SwALz27mkEZB0W97CyWVD6JUAYxtiz0Ww==]]></Encrypt>
</xml>


2017-12-19 15:50:59 debug :
------------
String:
account-ticket<xml>
    <AppId><![CDATA[wx7f83e93205d2fd31]]></AppId>
    <Encrypt><![CDATA[fobbaJQj6Y0nBtbnMNu0/yMgS8EKBpH0hHHCrJBjGA/KiQx9waxdrawVjvgk2ncvdbky0BYImLkriXKbshYFkh0+jSmOUj5ui3ezOCgUiDDllzTBKQtSS9/mhYBosjl88E7yX7waCooXfsAMY9XwcHB5Wm9N4Ds6Vf0ixLQsN7vLQvktNxHx0CsN2/n+Uj7hkHjZwS7uMnP1/PUS5Al9EbXLIIrn7BNNpiUstyepehIbG7SLT6ix5Di8iWEhQekvO0hRkLvzcQzVvpduQsPP4IZgKrT1ObLF59LCsVc0oq758ZG8LZZUBm6wPrqGwtqvyssp4kzCYAmFGCphTVk6cf0/2anqKFvnYmKCbeN1nEVt3vXTBa4r3WWIAl8t1K9Q7/P8qMg0/FKFhCwuVluJkGOV92xwudHKwdEYnRnp1fKnizX+m5nXb72o5GmUXxVCHG3n1WGcI2KKfG9JSMbJbw==]]></Encrypt>
</xml>


2017-12-19 16:00:55 debug :
------------
String:
account-ticket<xml>
    <AppId><![CDATA[wx7f83e93205d2fd31]]></AppId>
    <Encrypt><![CDATA[y9+n5gsYghop7yMvnFZy2Ldheh5IkDoxtmkAW1vjaMv28mOrnXXJlRRqHyTcYkst6HDmR3U/0iNGuG3jEJtJRFntpusaLTRqc+aZK5zPX7unS60vzILVhXoDzQo/qkeBTwM9kuEtkAkrUynQf01LjKuRdTICP7L3bQ18YFZgUrfs0fguw9xuRS2n7ovnwjEp/6Rbr07vjr6Vp/qlEzQ18Cy+x0wjA/uVg6FnaJbq66+2Bg68DSK1x7BsP7D2pnhNkIkO7V3LmiuzO7uU+qwO1fpgcudtt9mF+yWMph+FfUiMFvAudiXQ1/ZUl0EDdbCuLq4uc28Ncuroh/Kc2RLv0s+MkjbegpO+tvWt+4ERoJ8S7J5ZENfCxwjEZNSDkoO6OB4Kb9zVx5BAUCU1hVYd3HTxvQXndKxhBkiFN/lGxfKnjnr21h+eSCbJ6chDXSvcQrQx4lpfHYXbzN66VFudaQ==]]></Encrypt>
</xml>


2017-12-19 16:11:08 debug :
------------
String:
account-ticket<xml>
    <AppId><![CDATA[wx7f83e93205d2fd31]]></AppId>
    <Encrypt><![CDATA[hflfN6YCyQnpbRKmCkKs4MC+8WBUtJUBy3BCwP3VZwtKKjwIlI+W78DfSVRKtD0LwqxT3sik3dyuOiTZczhtLFHhIBWzfxny14neqfO5qAralo+sScpVIIiHsUUfUzyQ5Tbp3+aZCweS+QHP95tVMf2PJ47ZtlWTluWJ2i94nlPTCcASrrD872XzMIqg80T3bEJCXXsJWtt8Abh7DFgV1WUTIVRbNPBSfc2tYyR24Xfv5AHQSEPTy1KtBMuYCzqPFINdPCaqUH47hDS4a4qm4BhM1w3JzYvKZGsNGKa4HFYp9fMmOvc7j7J+yuy9eMgeyapWPzxVq7RyJVMCQ2UBjodIXlpYAZtJ0NQ7Qga7JbCAjGWbS1olwmI6RCP8uDDYQiFsG7imZ/Ii+uF5hrQi9H4nkZWJBf3r6N493hpB8aJ7MgoMu1C1JsYlOzXviUOIsTGtBBFhXgK8JAWzrLc0Pw==]]></Encrypt>
</xml>


2017-12-19 16:21:05 debug :
------------
String:
account-ticket<xml>
    <AppId><![CDATA[wx7f83e93205d2fd31]]></AppId>
    <Encrypt><![CDATA[nDtnkaP0IeFqmTdlRRGQRpEi/C+dTo1A9cNZkYJVcbS0U+cx8ZQrDYR4e9pYr1/cPSmhDL7ygu3AI6KVzNG6/8XZpGO6tWBLa2o1/xQDRVwuxeuRoR9csvrGLApMrNDjqLjuNIjaUOHHWawTMO4xijnsHH5nbIuhSonVzzXdepAFZDkEU6+Ng9RCtjy2Al+7kuxk1d/UKV/nUbBe/MTMGXyUxryTim7dT+mREmpeRiojgKX1ZJw6IIW/Rxov16glV3Xh9kgh2J4Y9W80VVvpHRWHsnTVrURNLE80+achClxuuv5GOkoAoVUPrYc0qLE9GKeYWrpNfV+uVihJE/rXPofZu0dt9KMHdqkiPSxlEbb2pvoWQqpL6kBSZnDc/g7oSBCRa3uE1AT5GVkhftt4wNNbAbgJNyY4/QsZmpaDlYjspYwD7xLCrwDvYB/c8jNcse6DWMNVqGfrKzM1A5h8Dg==]]></Encrypt>
</xml>


2017-12-19 16:31:06 debug :
------------
String:
account-ticket<xml>
    <AppId><![CDATA[wx7f83e93205d2fd31]]></AppId>
    <Encrypt><![CDATA[kieG3VWtOsN0eNYwEYGevgzM8xPfXTkZfROUeHdpltHKn1CaxiRf3VBL8j6p/U9ONsnFXggmrz4/LFjg9UJQeNXMQY+VQzJz89lQJ8bINMvaeCLpoqiQP7IC/PW+DyMc0wqAvQx2Ggpqq0XnF5gjPjx7UIcDrNGyWKMPm6h4JcM+aO9p0uVSH/r2DWGP6KetewWngfSjxth2p2rgz2t05OkaauiKdysazgJ+1+YdLFYQyfotmEN4JjzXF8peqRcbRVymBo4fPz7vbiLL6tbl/4r4IP1KMkQlUzCLs3CAUjiaU6U3S2CgrCQv+HKk7v+IUWwx8njfIhFjWbIakTgS5BmC3BrKiz36AIMDjGv/llgCbE53aj8Ji88KRGQJsSgzR+fARyLTXBLVdGFltNu/dlG5Yd5haJOx287vy/tObxNRinfD2eV41pJ7kdtjo+ZprkLw7QGFOin1SeBRRi+/7g==]]></Encrypt>
</xml>


2017-12-19 16:41:04 debug :
------------
String:
account-ticket<xml>
    <AppId><![CDATA[wx7f83e93205d2fd31]]></AppId>
    <Encrypt><![CDATA[Ld3lOiD79QLvrr1MsZNh8+r2B56lTTVUgbokeDOu0I4w1Ib1QKQ3uQV74mOcfPW9+3F8vMBJSEZNJojbOgayDA8fcdZFF/ZTvAWxis0dnvO80dZQ+gw6xk8xrM8lezLGX6di4XLTDvAGHpCsldIC5B1BRQ8fyar6QmNIgnsnG6BaoXfKY7FYBAB5IHDa2oOWH5RS70DGxohheGFAQeJK21eopL5tykxGRoHYHa6EY5q1bNnPIL5h/ukuA+vXLdUEVZZjoTqfmGdH1G+EsYeelZXoUvw7nwq65lQwo2d54wMmrpY5jyEn+WTEpgav4QGVeENjBLOaxB2gxessypLJswOsX69yG8Jm3l2hfQnb1b4ku/hR7WRNIGh9eG13Xt8dFv7Y60tgs+ZTdQqsweyoR930www5SWE8vtnsXaDKnPy75IwvQ3Cea07ZHSvbzVi3eRbiEv9ZAJ7foHCkwwqf0w==]]></Encrypt>
</xml>


2017-12-19 16:50:55 debug :
------------
String:
account-ticket<xml>
    <AppId><![CDATA[wx7f83e93205d2fd31]]></AppId>
    <Encrypt><![CDATA[yag9wa1jgPoLN0tpaWiR1qXkO0yDQ+17tw5q2EI86akNQwDIMfq93GLlfEVFfpbLjIPoG0S8iU8eWWSQrCBIVlgmX9PJsE+MoxKBBzYbyzoTSVcbEobmdpRJLvR0f/yzdAnKkzTTuv9h8/8MOz42NkEDYrUQtUylJX0yv1sLsdIPLDcTpaqSwcwM7a1OvmE9pZvavwKPAs+TqAhG+ij6lt4SJoN5KfwfGic5DHLn6yjWsdk7xxZ6rKgWQ5SaKl6ZGfhunLS6G9hnZzhVA/YiaJ8EWBGH+FYilwDbgmxkQ43H/k0q7axPKNnkc4eZW8uVhJhhas0xn+a3Wf5DPayJw3zp1TmISgtxq9t5hji3xrlTQeVNbZUjFzlzd5J4yba+x3anvDQhfSBd8EooYCZNwYODUeDTRx7oqe94en9179DuyF573fFQUR6T6xNBeUnYxdwBNn4f1UOJlzEXnJ+H2g==]]></Encrypt>
</xml>


2017-12-19 16:59:17 debug :
------------
String:
account-ticket<xml>
    <AppId><![CDATA[wx7f83e93205d2fd31]]></AppId>
    <Encrypt><![CDATA[pxnlg/6uEWofOrzbM02QjZMHnMpr5LXYAgG1T3SeVxpUGfUTVxZKDGZhMQIo9yLsuW3Z+CQ/5DX1r+EOG2FnyHzElqDP/o0jsK202sf5i5/fWZiUlYIVkckLPONrw4HMhTnFrmwIPa/v02/PDxNRBocUdDzLC4Zer/5WEw7RVs1/UVwB/XKH6qi+VgznqKuq+XphA3HsiZZWYVi0SvTm3AVcdh31Axd8s59Yg3vRXQ+32VzBJPDEdoqIEN5I5Ot1R+gr1lPm5ldTfcCTKHXEUAya3xmLGbf9/YycTZ+VNJ6hhLmeWnTyW6kKdt7bZuHuIoeZ1Rn/5qPNuVMStIFPFD4eqED9jqsn06gqrEN1DBSzj3timwv7wpuhAoREGxf7WQGsARZSU+1w3PjLp0gj+ZQti67ta7DlS2ZDZDt9PXiy15zycCuyHObMJMZuSe5vM04eifY9nLnV0k15cPe59A==]]></Encrypt>
</xml>


2017-12-19 17:09:20 debug :
------------
String:
account-ticket<xml>
    <AppId><![CDATA[wx7f83e93205d2fd31]]></AppId>
    <Encrypt><![CDATA[LV1pfsLNvBLLtB/WciJqZCyCr32SYkXqbQJ1M9Mnj4mJBFjZs5cyqIE9pxiZkNtZPNLpkXW6m5bH/rql+jnaTgiHQJys8cR4iRr5m5Zih4umOXjZfupKAGYcATRPyz/z0lFUeh200TGTkQjAIeElvQ4giW0KxflI2dQNE9IEIqY1gDZ8lHfU3MW5yx77KgRTF+dFdGVBtyQnPeK1TN0PFdsCf9LxYpgbNwoZJtMBmYokuKID7H+ne5yYaBfECGkbCnoM4YKxG31dxp6P+af8c6grNtTrChqVI6djEL5X49bIY0KzC5YZYrlkWFrR+87Gq4vyc5q30bJ0bycXA4BaHw5xQY+NffqkpCKBaILlGWAj/e11vt4RB7JsS7dU8LCbZ/Z6v9r1cT09981oFYMYPXtqHx0xLxrwR0v8/mG11li2T0gSKNweExFc+sldnWB1LwHl7y7Wi0mwpdZc1bvpTw==]]></Encrypt>
</xml>


2017-12-19 17:19:14 debug :
------------
String:
account-ticket<xml>
    <AppId><![CDATA[wx7f83e93205d2fd31]]></AppId>
    <Encrypt><![CDATA[U7g+q+n0rKiq/EJ7rqIxkwDMhPEF2IstVUKTLt4Sc1vVwoKYtlbtjb+4RHzUVnFdtUcRjVGGrstq2F34la3zfyz7TC95wXN/DoF2E9lZh7fF0bNfwzHxNPYfui2y1yLx5bqWdUv1sxWVsAMApKvEIpFinbJaIXfnX8nIoPLyCJhhWYRi0UrJKAmhYFuu64WvJUKSqtNtMx+sFFntOsVSOdAEaFo3xZ5Gzu+lybdesVgu113WBFcEFvIHSsLT7Ucya4wrfdeW2Z9Y8EEs2IWEqoJE9QCg+7x73SlrKjHRr6Ue9sRtRIuV3j+e48gvaJq8LGJ9ehceef1FFQmY6SJptsB6TiY60gmcFSjpI7oMNuGIdQh2/OL6R0PgVzup6/Oei+fPLXAsSTwsV8DrKSsJj6TEiYEI65rC8cKbtahMke7PakDLrlpTWVrwwkZal5cevtI82hRFoQICtFiEp83iTw==]]></Encrypt>
</xml>


2017-12-19 17:29:18 debug :
------------
String:
account-ticket<xml>
    <AppId><![CDATA[wx7f83e93205d2fd31]]></AppId>
    <Encrypt><![CDATA[v9AroB+/nZKlXfwN50P35z4B1azayPRuizECDklqQaOt0ITHS9N6mKo2xisO32xbzBlh/7L1YvgOsJkbaO0AMJZAipUCSzFlyOYUHTDkJd/sp7BFJGDgTC3zfbMjlDoUUxZLoVm2lygAW18C1qZlxN+IUy/4QMuFQXyoMWfJOtxWBVjRToFa0j0REPUbBnldyXafws6V8kM1BapAdjUM3cqLK9JbzzFMXwofZnY5bhfgwvJA5ylltF39vP0FcD/fkaXIa9yWZiO3ngZ5ymiaxeFZIEQ+Tg8X7NgqtQrfIUcLPg3qy0rbyOjwTx0Ch7vDGyV5UedAeDnXb1fxUhj9agFbPO8TX+/2/IISdV5BGrz3pEPgZq26hwmo7X5y1oqipa9DPf75sQvDI75QtAumVlD+KTL2lfs+e6545AhhGMIWc5q90tfAWcBG4PGFYzLzpluZANm4Qk7E26g1J9vVVw==]]></Encrypt>
</xml>


2017-12-19 17:39:28 debug :
------------
String:
account-ticket<xml>
    <AppId><![CDATA[wx7f83e93205d2fd31]]></AppId>
    <Encrypt><![CDATA[uaxuvp+jeAzwxrFAhyO4amm2NgEz1O5vhyyHQy0uCt9eBmtUMMuUuTqISjnDtiq+O0PeKN3N6k8lzyU5wpFBcxQpj4pGzVY4nEAejpABO6M4izuhP+gzi8jKA2jSyNwQW7n1lrXXTQOHHTleiiOumDpDEjZpP/BqGZ1v9NPUqyZxZxpxUCyx1enh4qKQvOacpZBxT/OUMdHFCEWm6fTRlylAMhqHRMrrgufAQuNRoB7BMCFOGO1pGGuFiKzuLAU+HqSw7HZKFS9QIF5ZEL9AmHmHcWFb7FmQqWfrT6RffPKjL1OYZBW1msRksWsl1He/iVM+UU/idyQE+N6caSpiScDOz8idsfcT7P6+FHHmCTbqIecC5iAIfTRgiFz9qe/VjCYX54hCzn/AXXrN8uEo3ikkSbG9bKL/pEe7WmBD0WtO/nNjrR4mf64L4v07qkAs3uJd/Y8kt1lSvrUDFqCL0w==]]></Encrypt>
</xml>


2017-12-19 17:49:16 debug :
------------
String:
account-ticket<xml>
    <AppId><![CDATA[wx7f83e93205d2fd31]]></AppId>
    <Encrypt><![CDATA[uUbnrA7PkpinaGZMtnkHDsQTDtIIsNaTHZ2658ObFA5Ay5RGazaZcQ1I8nmQcctma6XjP5mp8TBBhJ5ZxmBMaroy0Q68/MZ1C7k1P5j+jGz6TWWwxb+T21qn/rvXJwQNxO7i+fBogqPLuK9/4kvapEJqLrKAglvriPHX5P7No0poYaWNj6EvwZY/qJuB2jUmI1pGt9YrWRVVifAr93Tuyfh77YxtUx0QjqEz3ITcXNlRnY9nKkgq/DwjLfWrF+v088wcRgS6VwdpJUwuHauScWqeM8h+P96bOIhn6b9a3IrA/Bj0WZ07Ghv8psotLwBRre2Qz84KvBL/UxJCijV6UywKmcFAGcrwMF3TqYC3aIUZvuU3Zj85MmSLOzi/ly5Rb+BTnWCeftgfSCvdb6DYP0V5MgKfdHuBS1u8DmSPJzHBA6h8+LF6dKf8QK3n+TJqefDVG4LPpmEvloLJ1m5/CA==]]></Encrypt>
</xml>


2017-12-19 17:59:14 debug :
------------
String:
account-ticket<xml>
    <AppId><![CDATA[wx7f83e93205d2fd31]]></AppId>
    <Encrypt><![CDATA[AQNbvTCDXNJZlM/qghy2LebCGuKaGS0QAFgiSbIqu5RiZP0vk7HoZflZnkCm4B/wlaGd87dbmnMnRC5zmBd605ISPnO1SNId9PoL3g8RpAZ3FidOKQWW5dkseIHg7nO+SBRnTxFE/Hu0e5RF3mCyvgXCVHXypx1CorJdwqJNLbky7rYW81BFXE4gBAtOlzgnTlWiWIf6xhe64jUG0g677+1GNyW4mX5P7GBdfdow5ST4AnnxLSmT8L5n4uMFphMmGaxcViLyJUAKfYaZW7angda76gJLtFBTedOi9Tc4HjIAUGaRlgKQekZznNTzoz5A7s91Zclo0KsA+4hJRBivNhVx5b5iQkYCsVpiyeC5fpY49Ukv/3Ok24AwvBUEMkDNs4fAFDtra1kSXxQYNzL2Y605IdkpIvJ1/0npeHlbEJ3Robo3Rbbydw5VSI+YgGNdguwICd+iqYxviRSuCnEZkQ==]]></Encrypt>
</xml>


2017-12-19 18:09:22 debug :
------------
String:
account-ticket<xml>
    <AppId><![CDATA[wx7f83e93205d2fd31]]></AppId>
    <Encrypt><![CDATA[4zpMDRtLrUn2jwr01C4p/Ibq+LGkIs/MPY4TTs6u64zDcIYyo9Agx4zUAxEKQDixvthHon1fnVIwk0obp4X3B9Us9cli+1QJ02YsG8aV95z1apSYL3OPJPIpIjfUvpB7EvW4iSs4h1oMmymozaubUMsFNRBPKnuMPELGOaWcpFNwU2Wnrr0QDezayURqvezoFyVY3lU+suSTkwuysHBcTYSvX5nS40iBofkhLauGshwD7c/b3cdpVM/Ya4vyAcEpCxC1gWicI+ki0qMbG1fbTIgZCozroxulx7OuK4dWr+Vs5xi+64Z6MWqEcey7KuN+O9O3uar6/CGJUwVimEyrYqgxnBUk+ukcnPPLS7wHg5rueeWeZIfHFkiwgTBunmVO4l03uugaxA6ObJ4cB/8cUeNOEi3t/vu48xjDrhyOh4WhjN00ra57xxHgMwOydMwn4cfdgu8F4bi83wWDSrlP1w==]]></Encrypt>
</xml>


2017-12-19 18:19:16 debug :
------------
String:
account-ticket<xml>
    <AppId><![CDATA[wx7f83e93205d2fd31]]></AppId>
    <Encrypt><![CDATA[D8hu+4/TxzJm28kKVWQU8JkOB2NN/uMSQnerlEstus3/5/S2faVG7D7uKin/nP+FIQJ5Emgi9qV00dCBK4cmzjZEEtC9TwNu+fkEmHwUuslvoCtD7FLc0m+NrI5SDU5fDVVAXiTVrvPsrgOI6Z5iBB0aE0mNyIwkpNlWCzEoIx2gG45mqSSWM6kQMbKM/019H7ra0H24nYezgZYY+sPFv+vBm34GyRargyZcaL+6xmVxh19FadqTfulYv1DnaIOBxL2aEu8cl5nxrFOMwQR+OmDVWGDjctY00oKWnT9NAPouTR7Jia+eS/hn1WHdh7inaTKBUtXGzEcqG5lpZP1QKoE8Yud3LIBnYSzGDKMFlNKHqELLdTXFUx/aeAM4V4lbmSEIZZuRDv146ZRDAd7X7jLFwz/g2KTcdBu769HKoa4FG4SA4GioE8JxajwBrcFAr7EFhhTE4mvfthgcH+1/NQ==]]></Encrypt>
</xml>


2017-12-19 18:29:14 debug :
------------
String:
account-ticket<xml>
    <AppId><![CDATA[wx7f83e93205d2fd31]]></AppId>
    <Encrypt><![CDATA[OmKGa6Ffb5OSPK0GO+nN7NWnwLaJHyFVCXvbi64ymPekknzlCN/eGEmEFkN+ajdqjczWIEjmtO75f5g1GYm7rY1/i9sp87RkiPpa7TAMqxeUn8cwBz0HF+sT6EGqLG9kt3qYV70FNCbYIKmZDjaZGBsIxzGMKmVlMZZJU5CZSuoVe8L3G6MgMU8zvWFBqyfNriHZyOG52xh6vOSxspNFiuttVknpm71wH04es4motMBLmmMJE4rPJJGbzx3d8/C9HT+qUtXJlvoBllWEmieqIwliMxhiTPOiGt22/ov2rvIOnOi/HfaMEKqVV2qxVJF2mnQIxx2Z2Im5kIsgYCW9tlVF7j1nR17fJWA6YjiVdJ3vSSTAc5ko4TakOztZyYwBtA39wO9vx6XuwxatiyyWxHzMHKL8agVfo2v+rOwBu9SJKmatis0KAHv+sQxwEmUDmF1qAm+1h0wNDxjD916uHA==]]></Encrypt>
</xml>


2017-12-19 18:39:21 debug :
------------
String:
account-ticket<xml>
    <AppId><![CDATA[wx7f83e93205d2fd31]]></AppId>
    <Encrypt><![CDATA[cemkJtyXNC35/TeTPfd8W0rr4MpIOdb8V8FOAgdKaaZzXzB45iqoefSqLgRFBF5CknPqv6bTUsrn7Lqi7HIgy//9+58kvaiRPxeBJSv9aQk6aPa07ZLNs0Atj6ObDKoMaGvVQMjVwC7ENgpOGD0vTiydm6G0ILJU/UtcdJQHKkGI/AXw8fN91MeW5XwnHIBG9mztM87DG6n+uDHi2i2PE2hZ71KRjqAziLAPSzvvp2HxyTlFJCOoCFegUOYqPYcXR2OFZLgcV9nj19H64WFLwb3gasw25MxHD5MD+zLdwD5nwbxOm9zYhyY9lDBeaOdNvrY6kev7GDAJX8GViypxO/tMQXZwwQJf/2HXm4bFPCeoy8N9wzBRVZJ5tx779KRzlhRTOS7Xqzh5IlAy4sdhC7TEeYAgGI5DvJRkJ67XrBnnjstI1gorXaHHc8bheEARQE1E1bn0ETu1NBurOfVfaw==]]></Encrypt>
</xml>


2017-12-19 18:49:11 debug :
------------
String:
account-ticket<xml>
    <AppId><![CDATA[wx7f83e93205d2fd31]]></AppId>
    <Encrypt><![CDATA[oF7I++1JhX2TDv167mV+iN0yp6og1m8IfQr7lDdEr/3JK8g6nT6kjrpFuEnI1b9R5emp+LNGqkdle0uqQsBXoenX20TPe62Pdu0qjD3//+qv0QUk74bcDh1l4bTHjedby2TIu1pkRETEZwsp8XuLZrXe5GZlnfC8BHXYSGyospy2zJPEC0sz0MjJxUZkiNBlZd6zCLOCI7PwtHlkMf/wiLrj809IevG6o+WQvVMivVssucJFd8E+63H0YIL5gdNNTkpgLdv0eBgYrCR3Lagw6mbK5j3k+XTTG3aTCkn5UEtD38E6YAt/NPPVdm9IOM2uELbK3EFrKCJYG98WjAtwX4g2oOC4I8euYRtj+4t7Q90XkJ4sRwXKiJCRRizCRdCd6eRn+FhzjYZR42+YYqGtnwd6dgIJzpvnKh6AiWKLbQjRcry/9Dyyy1ic4+Zd0WJuwZgyNa0f2e7GDHX79e7UXA==]]></Encrypt>
</xml>


2017-12-19 18:59:15 debug :
------------
String:
account-ticket<xml>
    <AppId><![CDATA[wx7f83e93205d2fd31]]></AppId>
    <Encrypt><![CDATA[J8B9GLxmClLTKoVJ6o8cJpM+M5iSmqxTXqa2Rf0peT067vfyOekPRkD1LT/AKxkR3aYwKL29pOD1gDiUaudPvycgIIViVXGI9+M6OHL8Wf+YFFa8rwyzNtbbZPnXSJbvz+NGogLHcBRU1DMFl4MI2xhQAZJ1VNQawUcze795/e2MkK/q+eAdO/GwCBM9svJNr5ofww1/xtui8bhx9Vfe+HFd/R7NpfxZejDaCzDwGnVfPy5AqGxmx5s1K8SIqABiA0aH0F6hQp3xaqvd6w5t2n7SaBDosOnnPXB0wPo9KxZNwpco+PQEpBJTFniwiUvOWC4A31qosF7mi4v4oIGaheyCmtSqWvEjdMZfKFhsrUwE80xMTbJ84NwJmm1n+7aDmUC8JYBXEsnwO7AFzHwogaN682cjjTMdG+BSoJFrSbF3VCUK40giAgj8S7caJ6slR4U8Rh1ah37ThXxlCvp48A==]]></Encrypt>
</xml>


2017-12-19 19:09:33 debug :
------------
String:
account-ticket<xml>
    <AppId><![CDATA[wx7f83e93205d2fd31]]></AppId>
    <Encrypt><![CDATA[Fas2rmWbIWU/QjRnCVp/oXjiWIPlX/TOVSOXS247VEg6ct4WCsXkOqU8lena5/axKUIfO1CcUwocwP07LBC24NrcDq09S9bQhWjKho8avSm2RopJe8xmfZTJzxBWPaRZLcxE96TVOaoXEIqcMHXFJKg0Nj0bR4S/n2Ysd/vIu6E0+i/6nMfUeIem0OB7KmwRxLOqPCgGxbLBbxZA9dqXi4OoIsI4RkVhwqLo/TrjSezG+CMbavsq4sqY1YKzHETmqWDivn4sVV89fK4+r+4QLQpnxQ4LqudZmi7R/yA0AJJ+czmnXfc2voFsgJ0G4KYgIRU1jm7kMv3xWyRZnXPxe5zwxmlfuKeaPeWQteZn3uBh79dPRBBrYeEvieT8uRKHrgNEIlPR1tqEmlWjLhMXWsRNlYdK1cWmL5zA3Gxhb0Son8Pm1+VBv7V3sEi5kK/+M+o8yIK5Gdt/KDxNZt/Lcw==]]></Encrypt>
</xml>


2017-12-19 19:19:23 debug :
------------
String:
account-ticket<xml>
    <AppId><![CDATA[wx7f83e93205d2fd31]]></AppId>
    <Encrypt><![CDATA[atFDHLVaoyVUGr8vJlkQtUbSvUYIZzFqw5bt0fK9U2MIEp4uaCh4qZXZE1NCCKfSl4Epdd3UicYVbJ3VFVLwmdho8Zjr1fLrEdjYpHKMypsiLPDHzP7dk8/CXy2J5wX4zrxIdgpenJAcLnnJSsIpC9OoYY8OQYcBrBEVYKEvLAxpEOEd7ZGlJvoSf97nfuInegXZfx54xqxviXqehcWjfU8c/G/lLrG+cdBxSzzk66yo9crel6sNLihA6AkGW5HX1zdX1XCNqR58JteGBXAPbAWdE4+P2cdXaiX+UktgJ75madS5Y3bbKHREKqPY5RvpqjXxr0u/y0JVuPCfMSb84POGJ7dqGE3YFS+K6BGwZyuMap288sDk2ZbZ4X2iAYUwD0LQIfdr3Lxr3xV6TP0F8vGuay8sWPLD0MqfbEXtRRRTChmx7it535WHqTnYc0nZGCck/Rqld9kWeTIeclfVOw==]]></Encrypt>
</xml>


2017-12-19 19:29:29 debug :
------------
String:
account-ticket<xml>
    <AppId><![CDATA[wx7f83e93205d2fd31]]></AppId>
    <Encrypt><![CDATA[I0vUxBS4hOaH1MvmQSHnYESDpdMBgMtm1LMlXaC4vTCvtnKEIS6+yn+KZVys2p9W2tjHZedRjg5i6zYYeNhQCQ0awLSCXISC9GJK3FL25pGL7fjcJVopVWckdx08B1q91pTv4RIjj6cuZPYy3IZOXUdrQCIBcXFSOf7ivPwBWJ1J40x5izKxTuImUb2GNGKm2wAT5ciS8BrrAD+qDr+yiRJMe1jBph+5pGvews5c/qyzwzcmqATLe5MckqDFqcxu+zDeqj9GA5p4iEV2JML+e4v8YSPlREOOk4xw8Y7+kuDe0FnTVmRRL3votdq2/kqD8gY+QxDJElHvE9c9WHLVkmZVENtlpXjksTdQpTz0PMn/PRaPtRNS2mqNHyVhERcmRZRTDer9VyPfN25pp2yDC0OMguk4wW/ITtMUIl308U7xAB08j0L8fIxND1emT/1RoUdG3IYj3HdP3RGGV029iQ==]]></Encrypt>
</xml>


2017-12-19 19:39:23 debug :
------------
String:
account-ticket<xml>
    <AppId><![CDATA[wx7f83e93205d2fd31]]></AppId>
    <Encrypt><![CDATA[3zqgPY6DhXk/Z+AJhfXH0WNHvLxSreFm2/8yOs+JRi7n738RoEoWft9oe+amebEav2Xg2v80TfPUu57W+9EKv3m+SxuD7cj41/CnelBnuRBs3MmBvah+M8UaxG8ufbAWm/2DvDwmV4tUVQqCoxXZRsBkNgxa2jzqiniqSUSJ05VTAsScoC5HmoZFZFnfXNsyUnEggIquopgcyNknxhMA7mC4QibYGczQI7YePZxS0CNiOkL6KC2W2g08m6nd92Vb0S/Oktb4QIJ8zrJPivz3CO/jQN31jRB4UfcwLh+9GkBOvQqH7167AjH9eiI/yWswUuV8gr2TfHJX5zoTb3JKx2JIQLuYDE450CJQiyJPMrtuMnbNec4MoeNE7jjVs+mI+RVXElPQPiGu9z5SxLOnYVErWCDNDAeDaudOktSvGfVSi11AYxIL4lqegvoUfqFeq6XEmjJDRKOaCnwW0d1IrQ==]]></Encrypt>
</xml>


2017-12-19 19:49:27 debug :
------------
String:
account-ticket<xml>
    <AppId><![CDATA[wx7f83e93205d2fd31]]></AppId>
    <Encrypt><![CDATA[9r0yGaRMTv08kJ+6QfgV4a7BsU1u99VWt0Dn7RQo/K0PhrCBvAtDnXY0ywFs9GW5KdSswYiEVP8T6OxCZ004aBUhfCs9ITSYvfwDoYebM3UBNi9pasJumfos/uWRa0CeSDC3ze56eOPNhTDXorq+SjQuuQbAxZrIiBpG2kVLWf26bb1b0xPT3FbzOxne/gGdY/omEO5ku4sJ1VbhQK8oUoao8V363iky7uELz/JFEfm8mAogfGxE09/dYTnEk4wrsaYNgFCZwYSiLe1X5XYJ2FIB681Ei6DW0R1WN60q8LljvfG83NNVg0afqB55mPGUvjgBMxlS1540W+tPodF3CyFGwTIJXOrZ+GFqYmwmclUwUWHRA4KexYEEffK9g1949MgCTIRW5Ac0GNwJT93pAHxOJ1kI4Sw9uUFLwA+LkBHAEjQif7X7TrsAVHaDKxji9QryuY/o+Nuf7jkzw3mj9w==]]></Encrypt>
</xml>


2017-12-19 19:59:16 debug :
------------
String:
account-ticket<xml>
    <AppId><![CDATA[wx7f83e93205d2fd31]]></AppId>
    <Encrypt><![CDATA[LC37R1+GwgUB6B/ixu96OEvQTmFmeErNAp6Jkz/QcVIDaTOgaAOZSomebXJC8SuH/BeTAKJhWQq8QT7545glfW+fLE12T3l6sb4yYTgS6LZi9Gyym38Dhl1Te7wSBHvpPsFjRC05/mjeHHKuRI/WToYt/gOh4dsjQKiulPFcGJvEvJRRTNia/2uqQM/qApvYWiiTXYtEN+QCfqcW3ZaarcXuf4XXIt1mVnQg4XxUM0V9+IUG2aRw2z3zXXvs24zeMSnYHeCOhasQyRzy1II7Y3m1n+ZDrOodcc/kOxnCKG8mrXyLiBSUlhFUuP5Vtr3zbq7owSSCq77kNqQTaYbl9mU3MxkVr6sJ7IEumNDCMNYB8H8fRN2EnFjKP3MkKpoaUXVe41yzZ3E2sH+T5fxi/S4jUP2w62umLpmfIbdaKGewkbSRYhL0rJFpcAsqIQ/Z46MG+RmnONwCmnXbTlAvFw==]]></Encrypt>
</xml>


2017-12-19 20:09:31 debug :
------------
String:
account-ticket<xml>
    <AppId><![CDATA[wx7f83e93205d2fd31]]></AppId>
    <Encrypt><![CDATA[+bVRypZVqRY3gURzQY6D1G9+w1odetarbYqGGcqhAZKOGYzcUo+N7/Y0Eg/duIdrLVJv7EDcZREirjY0bf81BzhxF66tL/eSWtn1saX8woGNDnekkYboIFXIo+3UkBnNmlgYqT/6cScYJziaJDWsKGeDCH1M/5HgIptXJsma4F2kM0yHSsledNCu96F1xCV66UbUYu25iCkKj9WOWVMrdyvzTLn1Dgs7msL8iXDUJ+9eN12Pr9NIK1Dwm+Qk2j+YlTW7K8tUN7R6BVRd0+tLsjCdsvvLz51y9MuY9eTHC/0zhabzcbLezvbdozYsPdFR+LE+qBlxqxmRo/tTsyYw6JgluN9BjcNem9luCRpp/lpTCLUP1AONQo+GL3FJqf7WVHu1reIes13oGD/eTwDNTCOupGzWnmA7kBD9/QCNdEowuqbQYvmT9wchuHeANE9vrNWmIUUAODFa2hq9v8/43g==]]></Encrypt>
</xml>


2017-12-19 20:19:22 debug :
------------
String:
account-ticket<xml>
    <AppId><![CDATA[wx7f83e93205d2fd31]]></AppId>
    <Encrypt><![CDATA[G/L3SQYmLGwlx21MFNiV4JC+xc7t+PL4ozL4M+7DTwg7CnLDeWceTatcg2H6Ilv23FKkhpXmPLIhu5qRyZJzu5gdqWwQXrPgIEmMJjGBd6sN1unXtLDz9cSuqw1a9OH8lnQg31Lz7DV80lGQ9SBoO3cmWLrnplae5sxzkie3I86fwvPOEiNhlVne8r0qMnYd5qqm7WFH1a3k1MwdqYAiyP9XIbV7QnyHfrEK5EhaKkH1YY7bEhg/prUgafAHQ4ggleuVFXJ3TXdIAK4dmq6/qVp6vRrA8+H2T7RMSraEp4Uw2F+hniXL3TOSZh1aYi9Q6WkS3IUy9O45qAqTmhab1SYOTQ/oESZVIpSq1nzYAKcNAmIA/pCdAOo42twTxig503isGITtO2+VWI+v6GFAYegz8KwnNOzPemvKfwAsxi5YiWBd33aq58UJBH/ze2EgPVN4SNOvBPpkHHhSJnzH3w==]]></Encrypt>
</xml>


2017-12-19 20:29:27 debug :
------------
String:
account-ticket<xml>
    <AppId><![CDATA[wx7f83e93205d2fd31]]></AppId>
    <Encrypt><![CDATA[F1Cfbs78300KkQmBRyFl0Y/jPIWnLRIObY3Fe5iqjqvM6rNMnDLZD8xg7SM/qhkSHHBtge9bZhfN7naRC445NaSpSw8+YYxfj0nD6C/E4rVuXACFy0vJmjEpXfl7Mnjwrwe1Z3Qd0bWg6dTfIyV5UuYytLHcCuBCUmDDDLRNOoamy5lp2GKAdGov/7ga5Ibexs9adquqPSh/qRfaVSIscj6lvwZ3H67dYTskjeCeRKydOY8Zlu4w10gmlTASxIfKJAZ1Te0PB8SpF60+QORkn5LZ2BJycQkqiJFlW1fiumFQZ5zQfJ1k4/fs9feLZcBsGQNT6E+JqgLSUGNnI62Iar75Kzgi9dZc0ifQvCKiSRKsxsAIrkTiEXQL5pO9oPEcfOyGpwD0xwYaFJoRJVypzBMnpByC3U5RP8sIX1+7uCsANs/xGlXaSIIhlmlMalHXLkombHC2xSzpDnKmMYT2GQ==]]></Encrypt>
</xml>


2017-12-19 20:39:33 debug :
------------
String:
account-ticket<xml>
    <AppId><![CDATA[wx7f83e93205d2fd31]]></AppId>
    <Encrypt><![CDATA[rny1zWt8lo1DnbDodOdzcGIgSQzrHDcMWeFIofMLZxE9BF5b7kqX089t+y9qxLLIF0FpnZjHNUhda8qGSZ2XU5hMuC6m6roRGOhzFHiMinAubocyzWbOOnSOgGgI4HLmMffJRRn8jOww/U34pnECUa0HqJSnxD0NNyxkYVtoRRovSwUQLf9jb/lHHCZ3Do2W2U1mPWB6aC5m1vBI32ppFuPAFSIndPSejRxOLJZ8L08SAXeWRM6r/9Tmp0mQV5V4KiI1wTqZo/CI5SvZJDhD6dD2HDoXfHvzv5J9A550St2+1fJ4+pNVouLuZUZ2ZLIdSOG4hp2H0RIhuk3152Y/K9+pBz93Yi/hxucVvg5pqom51t55gc2T/mK2dLK89IBXwNi6oDEEOoHbExW+c5A3NbwqWO1M/q4b6Hbnkjx9yll9ev3gAocer5KASwr3wy6TKSB94Qn4THW3/Ckv6/hWxA==]]></Encrypt>
</xml>


2017-12-19 20:49:23 debug :
------------
String:
account-ticket<xml>
    <AppId><![CDATA[wx7f83e93205d2fd31]]></AppId>
    <Encrypt><![CDATA[3ayqn87c5K6mP8adc7YYxJRVEZ15QhNFZnkXQaMnsuPJH0wKGlzGfxdSkKQQXaIv7UbZa6pKNh8jh33m75CM6SGljhyjNnrmc93hGuHyjzV8Sq7D/7aN/XWMhb5/e/x+9wkbE8PHu0tjz2Uq4AVwFo8g/Zrb7rjD+WGddRKr0WyHl4zklWflpkkYGIDy3m6LU1yYLUdYq4GjLPeCN/MXiZi1/JeTgK1b/i4Vabkn7VEYnov5o0h70iotK7ILldHrP3KrFIspNtdMEEY33vMHAtyMbJRCgChofU49PlhOXFSJNlYhjzeIVtWmrBWxfmjSWRBJJoXv48f0j0+BpXx8MfTSftxUfqO+crDbzkzn2qGwKjGGJXPFdrAzCId5czvLbbTWXPblS1iKF+ol+C3YuTqWAV3ExzfQVUrqIwqmiRFGSKy4YsqBuFeW/qjWSMKSiK8mzukrgY07pSSbx6jVOQ==]]></Encrypt>
</xml>


2017-12-19 20:59:16 debug :
------------
String:
account-ticket<xml>
    <AppId><![CDATA[wx7f83e93205d2fd31]]></AppId>
    <Encrypt><![CDATA[T6AsUidV0FcrRgAL6Lru75TCiBNrl9p9EWaogzVFPYlNBog2YDV/nM8W0t/qsHfA3dXyOpIXIzXmT4Hjy/rTAdKaJicqqGRWFjBt4BqoJxoygcLEjQmp7ESVVZMNF01yin8oF2xDUxr2l6+hsJcuQXKPXl/+0k/4GdhZGjQL5QKpOYXIwlqcATxqtCzEWvr5m3ffqwNoNR7bzfyqVOZ5zoJ1iZ1vLtxNIGWdWOrgYSFcqR2hWhhYdQeRKDfyB0e+HW6I2zDkh5rnqEQG98/HKvji6to+nyWcnWfud13OQPS+bjAQ87k4I9uLomAtU/Qw0EtMfXw1caBF4m7nvT9FGCaoC0ftRZ9j7YXBTcV2tBg/dk0Ht0fTnpRQdPhMAcD/B1g2Nf5d+0KwgCa0p6knmgbcvjDmMu58KI1rsDYRnJc3RrJJscufTwOVxUAfQ4+yUOS8IeyrYiUOw4xkvC6Ahg==]]></Encrypt>
</xml>


2017-12-19 21:09:25 debug :
------------
String:
account-ticket<xml>
    <AppId><![CDATA[wx7f83e93205d2fd31]]></AppId>
    <Encrypt><![CDATA[8SnXiDLTV/6oGcis79GN0yxU92WwgLqY2hUnjaBfZm00uZ8e5YC21q40fYnR94GAAKXQdlUtWkU3rka/2A9SLRsKY7wLTtuAMmUgyA8cJepTwpitZGl6Q3c9re67KKT2qb96NWiLrh4/nDKWBa96wTPYvcSf/aXG+leYcN7eSJoSbgVmzrhAOWix0reH7Wz+mqEdfA0vNLKyYdQlWKU1RhOAG79KWGG+Hn9f8waxnWGesJmALmDEbotc/f7JiUpHaQSkIGykp/TW766OE0tevOA2qaY/YC+wVPkagSbr86MjaW1nqTFGjL+DZxn5+mJ4qPL8f/m11oi8blkbrKJN8BW/E4pSv2F+krj2gZ21Mwg8meuBJmuajngVYEQO5qJK0vEnQQ70mHdWK8G9UrLcUICosd2aPanSZ8Cg1Jkp1zRdUXvW14bfjEJNpYDksq4vjz3+/IrMpm9Fm3CF8hqM2w==]]></Encrypt>
</xml>


2017-12-19 21:19:19 debug :
------------
String:
account-ticket<xml>
    <AppId><![CDATA[wx7f83e93205d2fd31]]></AppId>
    <Encrypt><![CDATA[Hhe0KHQlztt7ERtQfhhCono+9+AWdSl8XHmQPTK3gLjQ7Z/hB0/rAxEjhxQN7lmtVw9MxCas0TedlNA8arSGtPMfD5mbrAS3yyHALjIJrdpECCq6X8psAXjo5tMpFblnhWMYRecwFYhOOURyj/gFBG+hRwbDjVZ6LktgEKsDusJx2IwhRdkxTwrbl6TqiGaC7+HwGHvClYFGsd0CnGjEQuIlG3JFOYTAxqXEZJUxmL8SDW8H2wW3qeKU6fQoC6H0Q6Yk5eqs6nASzGy2dPrHIxu1H8xjINIgDoNZQ8Q+yO7MecbS979SOlVguZy5VGGA53Ztl17Yf7Yi0HblhDol5o5/TKS/T3uzBpEeLH/7kXWlEqqM/HEbkC6B/hstJGAYRW7FlwlRaXnh0J2Vw1GoPqh+icmcuu/PAC1N0XG0otCFKCiUFPgVWvVm+Uwrq07vyX8n/EQKb3OPDHQI7Me36Q==]]></Encrypt>
</xml>


2017-12-19 21:29:21 debug :
------------
String:
account-ticket<xml>
    <AppId><![CDATA[wx7f83e93205d2fd31]]></AppId>
    <Encrypt><![CDATA[jMaKAJrXqHIq6fsGXuLuV6ahJ0g00/x9iOZ2IyBZO0elLGx00Y/M2cTcUEtL6kxKQObfk5DQGkOZ8QCuLJcFv+rJBid579WgUPaU+AM6jAbRFAIipyl5Dqzw0K9R8B77zR+6MaISTEdO9AYHMk5IviqhB8Y37PD4YzSfma0uf2ve7gCKZUN5Vc8Rb2LDlAxsSq/vwjFRgGJELBrLV2UnBURUzufMD7J5yJ3VYDiPqiKF0hbbRoJ5MArbYyYesELS3I8LikPKIH5MS9i36QbguZtMhgzOahLKx1PgTuqkQcceWY71fyLjt1GBAHUA3ResunoTi9rqwSEn76zzzLXG9UK5cAW7LQwAmd4yHrU/h4vQwr11jTxMzQgJMDBPywFZfJ4TK28PtEVI9WMdLEAJqPSMVeero19/t4yHGjAWMpJsErOavc5lhSk7BMmqDcOx+Xw7Hg4z+ySyUZJlmaPFSA==]]></Encrypt>
</xml>


2017-12-19 21:39:21 debug :
------------
String:
account-ticket<xml>
    <AppId><![CDATA[wx7f83e93205d2fd31]]></AppId>
    <Encrypt><![CDATA[OZy7amBk13ZYUdSKwLpHX+yJN277K655dT/7qKfFikk9gVB4C7WgPwYtVIuhdFWMtEsJuh24iG15p4Ah7vdV47gDDVrfCMkNzUpagRM/Oc39+A6Zk8S0fMEXS7dKvacplwVzNWRcKc1WGNQbVBv5bDsh1DItxQBkKoMu5IkKgXaGHeww41jgXnYznOx1Z11oHl18AQLMGskPPytCb+x9LwNk9EcvnwC/1fD57Px1f5gd2vsik2frzoYz2dC6Wo8XZOm/eAt84+xD5VLFBD6BlOO66x45l6dfECTugyG87ngRJ5AaPaEI4asL+6jmjNRHWXOWhCqua6BJwbUCBmZbAPzjG5vwp2GTzCw7hpKJIuZ7M/rhzYZH67TqY1WcSM4WNSvwDEjo9STuFvgmFctzg/46EpsL1BJgscUP3XAk3QrNKCp/6e7uCq5qSWHNXYyB6Co5NW8NgYqmeFU46hjTtg==]]></Encrypt>
</xml>


2017-12-19 21:49:22 debug :
------------
String:
account-ticket<xml>
    <AppId><![CDATA[wx7f83e93205d2fd31]]></AppId>
    <Encrypt><![CDATA[nLneq3MeNvarPIVOQkrGcVM5aWZgWk4Dsk9ttbTc6b0ex/QPtRTyNFlVf9Lcf315gD2eweCSIOeHYjsOrSO7+KUPNI4Te4WRM6fP4IM2KWd4hwkYK6sYe1cvIc47w6X8JzrTGSG+3WIZw0NVXL+1joVeYw3TYxCeCs1bJZS0e9Xv2aryq6bb5jgY66g6s/TFbzJiok/2APuTr0S+RAq1JN6+xwkGa9PG/+iftVc8QeR8kHX87RYsScN1vKQws1UCN5xIFNzbVSMwbX20Am9QLLp4gFrfzU4XPxhM+mBwDHIos7G3qztqX52FeLlTfyk6p9t4n9gm2anrLfAtbEIIf+bitsrZca7qENpE4DrJ4Itd4T22RtX4vJN+0sYKIOvL/7p/W6bt7sHIhJpwCktTpkkRckwZ4diJWKMrM9A2oJBZSkTDdF9Gv3OlE1wWA2VYjPt7TfgmX3iTe4kUsjgvYw==]]></Encrypt>
</xml>


2017-12-19 21:59:23 debug :
------------
String:
account-ticket<xml>
    <AppId><![CDATA[wx7f83e93205d2fd31]]></AppId>
    <Encrypt><![CDATA[yifnfG7//4ZoK8rL8WHoJD75CO+dfslWtIBmn9vgz63rMJgIB+aOiGCBGGvlYcfgk+aju7HVWjpN+txioTBs+MAzva8E7iFt66/XUt+fnoI2jixEMGb1AsvFAUXlfoGlFqywWLNtr0yklBZCmxLZ3/PQybKoM/G3D88ipo9pO6F/A8gqVtRzhITW4fcL7nGEMxdts5icbn2fvfK4XIekxuRhuQkx6RXvvGPTZs/TbS6QBN9otvLm34yfRo21noRsQ2R2dpz6itctDMbKXUA6jbKWxSZaLtMPsykeg8/xSvS6RjvakFj+noyZkkg1UabiKxaAy8UDCh0vyi6esJyhBWO9RDtzmEcBQVvf2KS+93mIrGR2G4z1UsVbDmo0PBmSpKJikkXIZZQQQEY6tcUvXAU+Je7LaAK2XN46Iqm4QkRP88hpHQaaP2WsEKYhvr2kTOkxDsfuI4s+VThslfRscQ==]]></Encrypt>
</xml>


2017-12-19 22:09:21 debug :
------------
String:
account-ticket<xml>
    <AppId><![CDATA[wx7f83e93205d2fd31]]></AppId>
    <Encrypt><![CDATA[jomy0JGTk3UI4N4CdtymxbNu/qHCuxIhwp+T6n5py5KCsP3Kqfc7rLU0M1v18hJVZA5hEfSmQrUrbJuY0+5XTdHJhXhjKd1f4snSxIszSyJlz1EURT2B4W9RlRYgmBn/FJmC4eojhMT5rR1ql/dtXydeWygm/vSUJLzou8P8Mzd8sP+7trWV1TSkEgFb2sZKOArGaFhdeHRbcIPNJpg5CBfDi+diWhLFrC2KwnI53XEDLbyFctvge+X2D8DOFf4H2oLTqAukdmJRjG/v3/dnIMvpP4N0BTn9p89Z6zQTuPQVxBEVtVBnKXqJW/aT7A95lbOHxToSqSlxhclZYYdf8ZHMrjc+sPc+ck2XREfs2Hvc4MwKAwTfL7uGFse+f83UpXOLnonvubNML/FP0PUbqNbMMQP5sMODOx3+rxzSI4iIKUDOQHqZPz7cx16H3kUOSU3AwXJvVQrlNGixoSEUag==]]></Encrypt>
</xml>


2017-12-19 22:19:09 debug :
------------
String:
account-ticket<xml>
    <AppId><![CDATA[wx7f83e93205d2fd31]]></AppId>
    <Encrypt><![CDATA[AB5sMAumLSAa/YY/y78aPF5CFk5tSFOFEhXQ8FfJZ54Fjx8OnvhZQ1usnlQZy9MKxeWOf3yXrJ/+sOtX9ZIBc5ln+yues+FonNWAG3cCZInGnV5QZZfFcYNFXUgWd53F8lnG47rW0bOC5Yi9yOWBxU8Lx1HYSwZZd+Nm+SGRFhgJdf7MRaAOBnqb9tM9IKznHV30OadOA6KZxd7XJIv2PmtX45ilQAO6lKBqnkmzV6ekJzrQwUTsmw3hCr4tkx4xbWQe9MK4ueWpXXF4qYMCdQ5lWHuZNw7Z0J/I2EvclBgbb4lX0j9mqa4rNJJs4YULrtk3n4/Fsh7ThjVCvTjoicca8herZChhnCRn3RVfGWIpZLfDcxAgzOYIfRIQ/C/f5PHSkl7lN3UBIGhs59hr2QbaClaN7sdgpvm41fticBwVgCN7XAdfjVwOZr1mvD4/lBFByzSCP5b2+HksiI3CtQ==]]></Encrypt>
</xml>


2017-12-19 22:29:10 debug :
------------
String:
account-ticket<xml>
    <AppId><![CDATA[wx7f83e93205d2fd31]]></AppId>
    <Encrypt><![CDATA[uYfCsr+76aFYIoDHnsFuCG0gPyGZMitTtaI+p61+idauDg8rVkRuVSFuBzwPuvttKBLrVczuFTXQ43EPSC0YPsNXgnhjTb/lDtvDR4PlS8BYat7LJHyMnBgAYvG0hFtJKa8/BUFWrzTtJU4oqfggLJeHByWpCq09Daaaf8WNmN6eTvGT73C7j2H+NQtvmp/F765xc6NGN54zwf6ZSWcvkbbaPzkd9lIuR7Vkh5Zn3k7KWxmrSk9xcVLWaOBpYaeGBEy+9T5ZWxHURX/j68pM9MbSxbg1QmPKjT+1qvAjTzDDUgJn2Qs1OwCEXCT5Y/uA8qUs1EabKs3YPkbnDWCnaB04JeTo9KM2g1prCl6sBOcb7mGplYYbBCnzDHHkc3ln2CIzoogqru90CGKGzsRiX8eo4buT6vNjMbNIbcjnXzloOabKwKm1odlzKY3Gq9T1U1004rdSHLmSk5gyA5eAIg==]]></Encrypt>
</xml>


2017-12-19 22:39:18 debug :
------------
String:
account-ticket<xml>
    <AppId><![CDATA[wx7f83e93205d2fd31]]></AppId>
    <Encrypt><![CDATA[6rNW3idj0Oo8PwjxGzjiddPnatXcUTf6zZVm7X0eHSTDE5Oge6jjZYnViN7o8iyPPFiJkAHVqvWt2PeTt/tfshJFmohpV4W+MGDN0W8akIHavzNEmLhrhAZQUXMhqoore1RiKTvcQ9i42uEFm96rl/84kOhBcSBnI/ebp3NiTAwzUKDPMy23eBWA9wiTEQyy9FkGvIkHSpjfSaQ3/xdkwHHsBtGScGD56CHljHG1A1/wF+5p7S6qfPRbPWIYvX7X9rcxqFuCLDWCQwf2/t3Ib4+GAVwRszmP5CEyjNEDhBsoaNKGmHmVZXm60o8diydR4C50yREm9s8UdnS9G2xU4BxJmDNFQes++J68fdwweLKuxHjxEYghhoP0sGper1fAiyfZP/B7i47YQlQiYcIF/jV8YPeoF+WopJaNTVfScM8fdRFKmtBxP+D1fN39HvwWim97gx1yj2pjkaQaRHdH1w==]]></Encrypt>
</xml>


2017-12-19 22:49:02 debug :
------------
String:
account-ticket<xml>
    <AppId><![CDATA[wx7f83e93205d2fd31]]></AppId>
    <Encrypt><![CDATA[Vw1rcq5ExXF3mMVbSc7ZtIkbAgG6RwC9sz5h1YslEv7Go5UkCD1QFC2uHfasi8wHWYwaYx72pxiD0H79xNj7RomZ/EzmDJ4xDSV6MLZZsfbyZRM636SyW+rWz5Yt074lSiIDsfyHKck6CQBDdJA8pIUJDfA6K5piwzk846A1b0xhLk+fBUrwxuzC7qeB1ZLkAk37oHrXruX+GgqgzNBogwxw3kuAZ8IHNu4jCglbHQW7MLvB+cCIoqIX7WMFkEFODDr1CbLUkMhy90cMcFKpufJxWx5LTqk98VaZSNU0alZ73NLp+FtrLZB/GcuNFr+ZIkewZRumt/Gq2/HWyMnCi+f9NrmmGkbB6jTjdu3d3oQexqYb7vYaMBp4WXzoJfS3Zv5vM7/iz4y0dECo6DhQdDfpKqxTvNlHtuhWcrMg1jGKwGENh6KY1a3CZLHZ+QjO5lpVmLmL4wKdOm1GGMPTIQ==]]></Encrypt>
</xml>


2017-12-19 22:59:01 debug :
------------
String:
account-ticket<xml>
    <AppId><![CDATA[wx7f83e93205d2fd31]]></AppId>
    <Encrypt><![CDATA[gpaXwL1cOZ4Pq/911hzlXGTjW3kWx19x1CJlCwYEqVohRPeL11HoKliq3Vy/r6Hve5okkfYvC6C0NlArqngaAergP5NX4b7W555Qt9ERkpxyn80ISbC0KRRXNOvp4HbiEb6unSQpdbeqLobt9Hmwqb3eFXKm7oFIEazZ0NpiX20dhDF+zhTXhpXHxys0CpaAvY2pxVIN8Nzdk1wmvvQvwrH6RSmjfv4zErsqhNx7evBvU7ZbehtrP2LXUrMoX1C7plM5zZ/SrKCcWKNG+cLLGDsmIj9HLsvD0VtkbDlJn0SZw+3q6MtGxqm4VniBNps+0q/1awqgE7nlSzEpXr2wPLJYmO+WrzIUvbNqyUDxVJzRounm6hF24PikVfczk0kUUUrb21rQIX4rbdPKQvnR9lb1q137VEZRPmWID+/Y/Yj8CWTWEak8J6ozc8CaPGUUfuNP1UTdvjygerZfKDmV/Q==]]></Encrypt>
</xml>


2017-12-19 23:09:02 debug :
------------
String:
account-ticket<xml>
    <AppId><![CDATA[wx7f83e93205d2fd31]]></AppId>
    <Encrypt><![CDATA[02qeMFEhMAMJx+Jvcs5ghPgmUx6NDCaZq9DGPC762nuMAcVArVa7zA8DzMw36H5p8ExHDjDHw7OW38kZ3+ipTminYtpuwcq9Xykmt6bap51Ac8O2I+JB/GAroHziLOq+vNcL6UMj6iG9m0v4RYK4uxh6UNA8VkVQmJBJe5U6x/fguJ3k2A/Coef2n4iaPURMg0VdeyWVALH/SewHfZ6Ic0iHKUl8AaXWenzSj6F81vBYtW7ERmpdyfkJPs/xnNYYPObpWZ9tUMjnfeVYbEGzkmlAES+99vqzpMvJPzl8ccgoZjEPBDYwkWzYXluQz9rbrR8CvySJv+KO98DLgS1glUsbb+Ik1LeUUTYEUO0/vBJm6ZCdu5XSRMMtgOFn8qCtiAg6Ewq8u0Lv9XL3JJuwzB2oj0KiQn55vn+uQe12pkMNIOmc/BCpCi86UbRWnRi/i1wUxPa3q4qEo56FCSsIQw==]]></Encrypt>
</xml>


2017-12-19 23:18:52 debug :
------------
String:
account-ticket<xml>
    <AppId><![CDATA[wx7f83e93205d2fd31]]></AppId>
    <Encrypt><![CDATA[0fAfcEUOKUBmkT15RXegD4AFM9/eicEXlUsOOiEdss3iAwdEQiOuXX+wCb1PRuEN9aNnhMHNuwxDIHXryfgJUmyYDHTgGkTWEC5lwlDPc9Lp4qlrCyqW4xn9QYIYGzD9Ig5ALpadHW6cM9d18kvSV8u7pyBi9d+wPo7G0PAiKzx0DWjm/eilSm8sLYqiwKMI1id+eFdSCG5llmpw2vFtoq1CI/uEAiM8ikY2i42Y4s2ThbVHZ+rQKXtOTwhrzOI9NUl3oY2F+8hpmYt/e+rGGawgwMQoYAUPXOLSdmwyqr6Ve1COzHOzqYZCxVjKqeyyz96ET3n2aAwnCyh+SaXmDBUJqArcN1djsAnDQ8s0+iD+z0GAnpefPPCY1lS/I2lVdn+pgOlY6igXXDqPQBnQvY/pFhKge3OQmXwuDMu+vnVhdnmHtxID1WtHBIjLqUpbupjA8w1E4cbUxld+G6Hh+g==]]></Encrypt>
</xml>


2017-12-19 23:28:48 debug :
------------
String:
account-ticket<xml>
    <AppId><![CDATA[wx7f83e93205d2fd31]]></AppId>
    <Encrypt><![CDATA[mPkbWri3fa3GDFnJfQoLvjTI5UBvniLHojz1GiMf/oAE0E3q10mAVE8kQeam/Bwq97/KRgKpq60rSQCOib38sAM9cXI6H1JsHYR3ueI3uuHQJrf869x3vqgIPX07YX9+ugNdOujCHGUQZ/qi9vWjaJJhYb9g3PIrE3X4QYKo7kFwM+Vh66wWOJHn0ZJcrFru3+JEcMrELE/MfDP7B/eneEyIuqeWovewd6UP3a7MI7G4zKlCES6Yzb7jR3jlci+hSm/6qOZkxHi/Dr+GT3Fm7BQ2mac9gE28BVWXhovX3MTcddJ/RcCtSg+D2hU/nOdZoae9Fl5Qg/nsIQDAEzcIa86SRzETD6wYyzycG8F1rODMU4jQKNLLiy9R47myMM1ldd3ywIhsDsLGPQt2/GsUPZQ3AEY58dVfY6DoooBo8g73Aetq5zIiVb6tOMhenddh3BlABqWHbNZ4xTKWMBQddA==]]></Encrypt>
</xml>


2017-12-19 23:38:49 debug :
------------
String:
account-ticket<xml>
    <AppId><![CDATA[wx7f83e93205d2fd31]]></AppId>
    <Encrypt><![CDATA[nVibrltWWWvKd4J+ojnbOdvLPpC34aHeMVOis+m9MoK54Z6uuf4Oepx5Alv/iJpeVUArbCrGShxzA28PPcngh0knUVkUhJXmhQHgTSBa8Acr+bqHcsBozlf/DrL/MpyFQB+LkzvyQI2TyIoQLos1bMrHUKGvWosH2MB0ucpw7svh3Q/LpSMIgO+Zl9vMDBHsNRgS5zqEhYfXoDSbMcjVQHlQR3mhXUeS2naBHqgj9UL9SYCoLHwb4v4pUdp6IEQj3E96NIFBDCqYqOz6ORDKHUmFjJl+CczIgDk+vS2jLhFnm3p6ly4kQba5wJybFuWYA4hbDAL824GhIi3kB0KI3qm3kP+1m/LzgAp3TyKisjJMxNV2M9eKQG2sYkSr57qMpGem4jMklQCToCeH1UcftypAd/1VgVmToyGskVzbuukbWgEbBTVDle0PuC5jtkop0oHFsGqZ79xLwQoGmaBI/g==]]></Encrypt>
</xml>


2017-12-19 23:48:38 debug :
------------
String:
account-ticket<xml>
    <AppId><![CDATA[wx7f83e93205d2fd31]]></AppId>
    <Encrypt><![CDATA[w1fnKkqTDaix8rUyE7zj+hyO82imvKwcoOkv6oIkEeSRlj+v5ZUOypyW5TalKngb72kwtGEUTQH7LsSrUlZ6vSv7UqnPXW21gdGcC3URGnKlXEwYjw2WhQGErjaiOgyKXvw1rsbYkqv64LtMAcFHFZyZqZGKtHrvqBS/Ykvzgv/FTEZ8Qt3AiNeGN6Rp41L5RkTpO3sS/giBVeYU9ZcJOHDE7+trYrfrvpB3htdvEApCQuRvvRpf0of6qNTqMJmmGmrm6uaPoVWbmOwmEcbhPeMhaB9VZo5w/riYdm8UbcPFtDAxxsBUPR3QeI7xucmdkHuuwSA3SdF2EbSrL0cwY6d97hVlTW7kYZAS3wOwMdJw5rdagWIaHZ5PABudxFG14FTTt03rbjCJydxQ97Ev56qZzrc6oxVvDGNCpy2LKEUbivpTUQM2Lufeje3s5JfAYSZt9V4WW2nKsSTk1+OrDw==]]></Encrypt>
</xml>


2017-12-19 23:58:27 debug :
------------
String:
account-ticket<xml>
    <AppId><![CDATA[wx7f83e93205d2fd31]]></AppId>
    <Encrypt><![CDATA[OdQS6SuhBmkKIVAD4lot4FPDkf1yYDZwkIQ46hEdmrznxRO5b3DANwJw39Zotc1oQvp96gX4ierwjOFuh9xkFbSVtUmby5U/gyaRmlxEKf2loS9kDpZy8+xeWcluyfkpUIZNa+pvs2X3/N2PDjy4efTSnij0IR+cufAzLDoaSKB1FojHfAjpVIkKDtkoWh9vNnoVtWjS1KWdQ2nW1I1TU8mFhNOzbkq1luZzQPGhZDuPLkq/wcKS3eDiWwKJgZm35kmfLs6CIGbPGuq59evO0SDL2SZ8CIokl0kIDNSlHXiRBNraZwAm4bb0OVHQernx9x+dMmbi3D4n+X2ZHw3Mco5XA/xI9dvcDa+DvARnTeBcIyEgAQkr2DjSDkWjHE+/tQMDmPJeBXxTHzvaDwm5//cxKeEWDdJvGqQTL8WSP8OHAmiKt2uUNRzFWgCMRebzAmZYCYcftuwqqseR24cMjw==]]></Encrypt>
</xml>


