2017-12-28 00:08:45 debug :
------------
String:
account-ticket<xml>
    <AppId><![CDATA[wx7f83e93205d2fd31]]></AppId>
    <Encrypt><![CDATA[FsiYwfCqczfM7LJ6ubYNsFt3QZSk2mfiiB5agoDyqIrcEICf1PgunGd/YW2ap1RopTbO+RNUd/zDS7zRfk7grWJECyElLAKGVZBSPr1OVExZQJAPbuWKNOvoozszW8ZHuyz76tZcxzqfb8Kk4ZV2F52p5oSCYbORMsaNUpjVUl4NCmQeRgA0gxyOMLPKsHNfTH5O4gIgIRggokbK2UlaUN4qQ6mjwh+UwmWcg/5vOti8UhYq6Z4cMHi9C7ukSECfipIOvIiSsNxLOiVh7o8Pcui0XxTXFdcbbP1X9KCIZn2gDdBHpEwCrVLitG2mJqIlwzc1q9uBvVR8ktrDJL58MDbgtaTXyD3VvQp37lm69KX+OLKU9QTld+gIwQSLRv8vfIjs01S3E9GEMorjZAsRfiKO8lj6eHE5iSE7/wh94LIvq81zFyPlxArQn4JzyqImPuYhVtBk+LhlZemRpdRixQ==]]></Encrypt>
</xml>


2017-12-28 00:21:07 debug :
------------
String:
account-ticket<xml>
    <AppId><![CDATA[wx7f83e93205d2fd31]]></AppId>
    <Encrypt><![CDATA[D8KibqInKn3lTPMp9SG70zRNumYfwzMnlfv1TnSg+RAPOAY65UTG1CL6GP1Xgxzzs1wOC/hELMlD661ib9ujMy1a7ffNaDhI6o/NDALzxhfxs6iErF6vm85mjxmTknHMA0LJOAkiUSyT4KF5r2NWOs9oiiaNdoGrzA1RSXEobBNMsR3X4KmyjTj+buYs9NDtWhGYJ+nckLKNrWOR+5ZxvYuCSM0tsDjTV6FHTYOqlz8zfr3l5i5mcBTdAJX+X+4Yz/UQvIpfa4TeyLg3nVRWwARV3OAZDvVDT8e6ayCteVOHLPHjhHp/JxiwwpYknJb91BNFtFTecljpJVcse0G1COCI08tWogGXbxiVML2kHvLJVD39/w2wqsZKqlFjMWV2PmYLaPORKOSPXTEdwREN8xOzblIAUMg2qlILsh6oTXVQqYqhMJ2PvES1y0zKI7aCvCH6JLsGyOF73/4/LYzQSA==]]></Encrypt>
</xml>


2017-12-28 00:29:11 debug :
------------
String:
account-ticket<xml>
    <AppId><![CDATA[wx7f83e93205d2fd31]]></AppId>
    <Encrypt><![CDATA[0KPlHVN/RLzL16gBfZ2fLPh1aq+SSlqTR39jQ1XmD0KSkjdZ6QxL1xKS5VTCftG5BTcYb7Nbzia8k22jmTdCuHaDBFKVoFl5E4rQ7Og2KJaMrIlEgmbda5nC87/+S5r//vVRXepRLGRTdeZYmq8lVQxGOFLuoofakSwQXLQS5tkqy42hdbClG5bRx8J0m9EeHXtBEKDzpKD44XUYO5r7+mHwnVFPd68wNIwxuFXvRsHN0zJRlL/uirtNH5gIBcGWQUn1i/b8p7GGZf0vS9P3SIxNYOxGhZRdLnZm3irkuNFsiG9ZsTzCC1tQZWXVdkutGpjmkieDOjQkM8Q0SxhsbLZq+P76uoxBJM3WcetT2qazdQuHOKtETnAvrhgawYrMI2dJ0aShL6iBOp1phEujVoCwtIDpa/IcDfcQ/d8G6mIbFxZFNdTfF5DAzt2qKChKRLymqLg0DVxCFbrB59SSjQ==]]></Encrypt>
</xml>


2017-12-28 00:41:12 debug :
------------
String:
account-ticket<xml>
    <AppId><![CDATA[wx7f83e93205d2fd31]]></AppId>
    <Encrypt><![CDATA[ZDdRyAYRsWyCJQDQh2ny7NtwIlJbL32tfLdrgjwz1E6a8uskstW2bKWLjsVfvQfZEpat4Rc34D30g8hfEUx0Untfv0J3LrJ4/GUpaJ6FxPC440UYLJFsz/bfY7Mb4+iF4P4bC2JgS+kgdxdj/kADWY1HA7kYs+hDqpEQxgy+kUJQb9OvlGRzIIhlnJ/5xzlpwWMvhVzddXV8NFt74rBBK0bJjZFiuuIjT9q2NMrmS34Ct71fThZl8YNLzfXD1JiJG6KSPoGaHHAO2sQ14m+ajMx821ShUJw1bwVK4UpesU+ciaos2oSJFb7SG8WsoYlCpk4bV1Gg2yR+eu2p2Xc/gVz6dkbXf2nkiYDnHRcZMQRLgs4HnIptGVmxJ3r2fLlKrPN/4RKxqVa/bbnoCrFLHQFD+w7rGqHups8X1UJZ77MyPAIwQnG+ppc4TjizqFIUYI5grL0apmo8sRpwNjVvqQ==]]></Encrypt>
</xml>


2017-12-28 00:48:58 debug :
------------
String:
account-ticket<xml>
    <AppId><![CDATA[wx7f83e93205d2fd31]]></AppId>
    <Encrypt><![CDATA[1XeXXvnFcK2PLDnyL4zKUtvLZLqC5m9upOJHVnZFEmkxHXgTPB9dEbDtKHFlIIEkAzMG24oOnShQFUgJ0N8K0RYZ28wa5Iqmfn+J9rTHjQ5DHe0/9IUebWH4tdgV9/mmMyrvxwB0O4hvs31lpv2TSYrdqcr9Dlu1JbeuZo5Myh+1sYbvF+/PE6u7LljqNXL/Z714y66iKD6HvvFIkwEhGGuviHOawqRbxES8fjwmS6Hp/arlsm/8+1gruKDZWDkIw0gR24Rq6DBew/XsyspyqR/AdVDKCWE1dJkUUjs4YmCTt84w8/SLP0i1DEFfBD/Uc5PGjKegX9PgkaYwEy1+9oHrtyiU44rbg9y6dBvKD2+3Rieal2dw/iEruj4A816OSD2CEpocRlCDRnaIO+zlXTi4JZXIY+Ayu9yU0JWTNAr5icTjBtivBcuzKLMrPN26j/9HPCQst2dGOuiH5Jg9ug==]]></Encrypt>
</xml>


2017-12-28 00:58:53 debug :
------------
String:
account-ticket<xml>
    <AppId><![CDATA[wx7f83e93205d2fd31]]></AppId>
    <Encrypt><![CDATA[EtUggzwUE5413Ch2VEufJ8XsI7oeiR2xQwlJMxL2/BJ7lE5nL/c6pNT2F85tLhtOKLqLqa6hem88wgSK1WT3Uij/EOldCW/xNkNWG43SUtIfa4JXTMoY7Hr8Aw3BYqTGpurr5s94kXQ+MkI3X10+1SRe4LZUER4g1aNGzAHTdTuXW6YAddJ9sBwCG4OoftF+XrwSYhz2KxkR50V/cLk1zxC8ZpQfk/CXogYLDV2JZUnuRTmkmBuaM+dZXKfy1w9wFAQphsq+SJXlPjU+IN2zrESkl4KA7Z3tV/iWmB0KVa3pXAFK/kaFDKB9twKljqsd+ll+ZWi7K9V/RVlP9Fg7e/z55cC87B8MynGqIpWv+kIWC84yoxi91reyK8tlrbKI4alUdZB0fj0usmWjzGYEzjylFDeUvhEJhUQnOCPu/9XMH01Xw8V7F+007ee//pi+SIdqHmloTojt3Tj8UKtaqg==]]></Encrypt>
</xml>


2017-12-28 01:09:04 debug :
------------
String:
account-ticket<xml>
    <AppId><![CDATA[wx7f83e93205d2fd31]]></AppId>
    <Encrypt><![CDATA[ed6qTxHmhceqcr4sdWW7WZmLnEpF8w8ZJEtxBkk6IBXYpj7kK3z2ovBsNTfsod2eK403ScrJLosUS/R1/j1MS1aamvslwUQ6EurZwWA8Sa9CI3WIh4uFmrc0zGnxDpdseH3+yvfwD/7VNdjYy9GQoZ5eQVDXT9m9UGR2Mj40+4u3UTcuwzhWD76VLsni2azRwgDNKvFZP++6Wmm/bSxbG/I9legDFGkx2Up4xMg/sN+03SooZTYEaWXYkM5VfMox7gHz6Pdhy/mNB3tdCWHFzxQpVEsWdv/c846/Ik/7OuGE9A2liUbyNqwOl9v+JPNowLIOnKaDs8ZT2DaGgRl58AhFDV4rEF0Bh7hnbSuo1vggDPaDRkl5MTixTlRt+VgBmBLllHuvt+po0qVFNTPA8m+DawPkHyfpGcgYlIFE/bRayzWPNBTERALVIVzUfg86z5gehLk5u0hxZXSlWTDMyA==]]></Encrypt>
</xml>


2017-12-28 01:18:43 debug :
------------
String:
account-ticket<xml>
    <AppId><![CDATA[wx7f83e93205d2fd31]]></AppId>
    <Encrypt><![CDATA[EHq/J6y8XH7X3Fi71H8eZXlIsHVqn/kBin4uEDn2/Yh9Hm1GrYYGxMOkZQzN8w5b5Sq+UXSnEJCdj/Le0BF/tuQzGBZIkzcmSODSCf2022uGwToK5bXGfmF9TH3T70BoZgfFeh221zAS+kiGFH0EksbGWEmXL4qyRtLF4lg9Fver8MPnDZnX3D2W4XQ1SvD2aCxup/EAI8dxXSKFA+XaPW5+P2YC+fNlBacwOInV8WA7I3gIiYjIlEnQ0DVBgwXSlyEXOG/kexRHOst2HG2/Za0nE2/Pr89LcZaNqsMQTFZ66jk0KPfKSfxaRWKMpWPJ7ptPeTp08V6bYlOj1ygBpExPhLklSAXXZHYc3iMZwbn7/lplABmU7qmUGjY3kCOQ5mt/hManVRAu+YcNhX1b50KBHRwOM3SmhK17a862CZqJt3qrM7q9zfs3WXEm8OiAScXxIyXem48v+VMETWxFkQ==]]></Encrypt>
</xml>


2017-12-28 01:30:34 debug :
------------
String:
account-ticket<xml>
    <AppId><![CDATA[wx7f83e93205d2fd31]]></AppId>
    <Encrypt><![CDATA[u6Os0EGXfJP9kRjlf/f/l9WDGYUpBIt4kkwYEsHfHxQ59V4H0otuRYq39Rcntlre2grUPYjKa9DUCHa6bdLQddPVZhh7Fsb/HQB9viz2QIG/S/5euDISKFzyMWPrpBUYIwulwlsALRnFSXRVuN8DF5O2jbc6hxLvKHSmwjdn87ZqMoKC8x/HFr+OHgIo/7ipYaUYhka+ht1U8g5TnD4n+4/b65I/H/D7X6vrAwsHk9b8ic+FWuigntxxsdc12A4WN6qJkAOvxqJuvnbLTDNiLyK1rc+nWSjhiHgJTyNN4Su8TLgHyztvux3d2O5f7gp5IzLefL38vE8qX69KQPdBez98KTWFwdBjCj5ODBC+Y+0u8YvE4S4QV5+wPQqNLcgNuChpG4cLuLwvXC7Pa4/KEK4Ho/FatXm3rT0u85o27LO/4v1ypMpdRCkBv/X1F87lwkNmbvhyOrGIAwjJqAdmSg==]]></Encrypt>
</xml>


2017-12-28 01:38:36 debug :
------------
String:
account-ticket<xml>
    <AppId><![CDATA[wx7f83e93205d2fd31]]></AppId>
    <Encrypt><![CDATA[74RoZcQqkYrR47HULL9coV577oAtCAQuzrRsg9g7rgpcJ3FQJqBa2vsr5A4WH3MsV29LqS8xYECY76EeyhHXXofwUS3r21v9E3MzslEotxNmkLevM3VRHVbWbEHt5dJs6aa/4iAetde7xIcxNohW93nQkyDvvqSV/1NTgwxmdkr9tdfCzf9vsAlDKdMS42zVM9yF2sPKyi+J5EQ+UfymPu/nRfd9fz8O9d7zizeb1Xg0hyxaXUbTUTKyixyc9AtCuhfPaQ+QBjG+aiaOcL2tHtYg+PgbBZ54lHncXesTBe3XT728JGEV9cagcchh4Dk8VE+saY+0848HmELxb0ejK2Px9wfsK3iDciYFzY77zbjKTD/8GGmD9683uvlRxMjNgFUxGZGa3BBrcV1l6aZr1l50SGudR0jaVbBaku0pxHB3SXUApjSc8MDgvc47ewqHmk4tpL6VRUB1NVrIIIHR3g==]]></Encrypt>
</xml>


2017-12-28 01:50:27 debug :
------------
String:
account-ticket<xml>
    <AppId><![CDATA[wx7f83e93205d2fd31]]></AppId>
    <Encrypt><![CDATA[QWIq1dX+hJfIUAEISg0svZFOCAW6HHs1M+6HeA8EvePt8HkrBtLHL4BDjY5CRtvrtup91YPbUV741ivhYyt+Pn9Kx431lC1sQP+Dd0zfIWLabspD8F1lNL8yEFUItJ9y/jjGmQq9+szXpz3e9BJPDZEvNzIHHpBS7Lal18cZ/9bG+WpGdEPiFvLvIVRgpgDCUvVN2t1I14XLd5urUCIEjBVoZPlO6pA64mHN8LV9AXX3Ls+BNWldo0osBbZmasuxrjhFd7eSBDVJUEEOnISkd7mMjxU3KWIw9uHeY+FJM0OJPRqy43myAIfe7ysaWDudIeoDvlAw5V+6fpZUcIXxszA+BXR2N9Nahlj4evQGyHeBc3XLs3P9ElWJeE3k21ctHtvowNzJBbanchhhjcNXOqcdVyNGXzYPjKgyVb/2bIEd7d9abpOtFcN3mEfrfryTa6OYPVx2isHyRZo7rNAmHA==]]></Encrypt>
</xml>


2017-12-28 01:58:37 debug :
------------
String:
account-ticket<xml>
    <AppId><![CDATA[wx7f83e93205d2fd31]]></AppId>
    <Encrypt><![CDATA[xNIYgafqgxYE49zS54RUc52lThUhWN7Wfd1Wj85tzMibYFNUpnMRjNbNcLDqL7yDB+5dhfMMchUwPwg7mD5TT1l+Lnu+0yGJg2gCBgBGAK2tXnxv2IVWuGO15d1KplCVenrt1idl3uODt9AtPi9/NDTcll2TL/tHkvFzV9Z72KEdFQMLs7aVMteBGCWVkXRT7PXMkfS9uf/r4Hf9Vn1NMV+vktGLgr3+dx/eyfoHrwKogWumBhl6gip8buPA2YpyRUEEN5xvx9xfLsjwrH4efEVWqZt1jg8fUScW//zIvJNLD9di+FhkV/zMVSGMAkKsWRTmuQzyS/x1hYcngL038b1ia1qiCljROPgT9/qe6GBezjk73iLuHvt7/VYAi7veSw02+9DlzjfEwMmT1NRQYibL4v3DLjDENb1vHeXqkYc6UAgXFdGiY4u+4MVfLDHUYxGbJGtfkq9J9sx7vMerlQ==]]></Encrypt>
</xml>


2017-12-28 02:10:44 debug :
------------
String:
account-ticket<xml>
    <AppId><![CDATA[wx7f83e93205d2fd31]]></AppId>
    <Encrypt><![CDATA[rVbJR6Hy5imBbD/rGjWrntes7uptotSAbkNVysyWrVerbq+H/NXJ9SauhdG3dwzcHRWa3z8Ph8bHMri3WFOT9Mfydzuxkcf30XVziJzCKqQTrmoyRXtkBRMc9DMTIoyKaL9IszpKFpRK+LYPQ4/U7vy5PvfeuC/glyPUV59YdGvDPG6Wyln5eAYWxAxvruwZPFnNTiSE3taxMiM0x6zizL7psyqmvHMQrT4onbpK+vE7oTeEPuxSwn8TGBt3R3g1yP7NVWEmre6DFrj4cSzTB0PF8VJ+w+tVq4bO394gcG4JuGkmNx4Dd8l58RpsxOyvlzEu0vHpdQcH/AXyCVTEnGfKuM86uR07YSy7YHjbMYm76H1d1wr2AVuOYsgAvaVVZlkSsCu3yPZKfIl2Zk2/+KHZtOfcofsF11poKPKYjaKSWYDesqOxwpOp1qun+h4YGKC6DgSAKD/HNewC7ao4Ag==]]></Encrypt>
</xml>


2017-12-28 02:20:12 debug :
------------
String:
account-ticket<xml>
    <AppId><![CDATA[wx7f83e93205d2fd31]]></AppId>
    <Encrypt><![CDATA[O5zo1gtoEew2evfh0bk8U9AWUVVm3N7Yv3Tb/DXAHoJ9qlVTrDbuYKmnCf7oJPVcYj2lXvdGxtxEmfdDulSaDwTw8AEl+mL/fUgQzl73cRm1PJDxa8PiLmf15yXlmJ3up9gXmvCrWavIz9j60eDo9jP1HkVfjDs0lY/NbNgQdxQWoFXdY2j9KQqlQPA1PVAlh6ItGnmwCp7E9mZnGC0sO1Dj35DnHucYLMAT/8HYKdNPWPfYGxDAFxyaPB8aFuqzdXwdflYS08cW2frlF8iR7dvye/YRSW3FLQaMGc8NB/aRLz7rE2Z6mD4qj1yFSvdDj2NF7hROvsl0+pHKLAr1TCj62u0WmRkXpmM5SgryNpxjq3SlxDbaJ1cUQEy45c/CVaZjbmeTgJm4tIOLbsFMHsh2AXA2xO5PLScrmSHfMfhtOjkRc28wUAk1GVrbCihtlQaprLh9M28pYPQTZjDRoQ==]]></Encrypt>
</xml>


2017-12-28 02:30:07 debug :
------------
String:
account-ticket<xml>
    <AppId><![CDATA[wx7f83e93205d2fd31]]></AppId>
    <Encrypt><![CDATA[8iU4oRv4vYXzSOPd6aiHEaHfWVahEJRu/vvP0jRjDw1DKFJ4Okn/9zOCnolplk37+tIKbuhc9Fk+w1WuFawx7aXJsDVjx3R0nF2q8yRgsdnySsw2j+G/x5NDPsllyGYVUgHDGsR1t/YUmxytS5L9tluql7hZrIiB/Z+9o7hbcs5DTFtbj1DGZ2Zp5+Kw2bEks3uhx3qm8vLYWB7t7Co3oMqd/Vc7dZEX5N/kBf3OMToophalli9UgzNuX9njn7zt09XCwcOmfWgruJrpowH49LUrDFXYbG4MUrzYHH47LED/wM/7iQ9T+3h0P5RSnL1MuouPkW9I+ZwzuhEFsfc4ujCbjYtRVBW+JRcy+VXoJLJvwPm1B35X34c8sT/aaD0WJRaKcq6jHexLa7utTjcjhDbhUU//+PqJQgZKWpVieCxp54U6ix/Ot6YB1u2HKL95QiogAo1ooNPZYnSYDeiOyw==]]></Encrypt>
</xml>


2017-12-28 02:40:06 debug :
------------
String:
account-ticket<xml>
    <AppId><![CDATA[wx7f83e93205d2fd31]]></AppId>
    <Encrypt><![CDATA[tBfeQHBFyS64hW1JxbwYmjF6I6mGtNQW/UsFyxC5ObIIxrYSZivP5n5OKJAuu6ZeuhSY+NzfphCm4GFDgXMaPeQrP3u4w5wy+wSOgujPKjrnOvQ/xfaSoSJRUpVi+df8bEpmtoZh11fYfWQKOnpsKt78fiV4wnHOnQkS2mOBuYi2WfxB/VmPAJFsBh051/AOIadU7E71Bn1TJ1ZYoKNArYu6GnuxKx8k3jnLj9ypa9Y9aRO5GkZgH11qVX8E6S3XlLnmk9rKM0pMvOIFJvTZBPm6NZxotUN35ueercp+JbZHFNXeo/PUYtAcefP1Ozq6yzxB7ek+FARVp2FTqdJBrwdO/kw999b+fOd+iLJ6Ck+w/oY1xoNhheOxlQCDm/q3vPrmFXsJdFDAivq986BReU59ucYvF4QY8lys1oKjxDUKTDPKDiDI/EkZM9YDWwxZJOjjUwTpK6B4tROlwzF+MA==]]></Encrypt>
</xml>


2017-12-28 02:50:04 debug :
------------
String:
account-ticket<xml>
    <AppId><![CDATA[wx7f83e93205d2fd31]]></AppId>
    <Encrypt><![CDATA[2nRByZQzdcHHXRbvxLkMPTRPxVvPHya04rkZiXoZ0nq673HLxPjUCxueWaK8Fn+3lyYmNtS/55wo1EZnnTdmUTWZF+jEoD2/NOcbJ/Pzu6fvPeE7FGowEnAPg66zJsZJdDzoPu7gWTwZewLdLlVYxaPG0GG7c+7v1oLM9bF4y2MN7c0aR0Z35zsXc11iKCDf5yhh5Dacv71tPRXnrrd0vKnwistdzEBHgw1WoE8URH94dJAd+8+I2/h1V/gDqXFd7Fa2/V0MrhpgZTYVXmC/o/cjcGnwhEU/nz4fxPEjFqAy8S6m19FkuoKVmmR1Gu9ofCWD/ugUm69FV+fwCeBapIOuG5/lMPEGftyF4g/cs1Ge/javCfkADA5ewUxuha6XkYEITXbu3jwbfLs0fXFtneat4rqrh0aRXy254z7auZia05RN9TnSEEJwdxr1/flb8684RZqgsrTKkesot6YVHg==]]></Encrypt>
</xml>


2017-12-28 03:00:13 debug :
------------
String:
account-ticket<xml>
    <AppId><![CDATA[wx7f83e93205d2fd31]]></AppId>
    <Encrypt><![CDATA[Db7i9TA4cjMn+VpKYDnzssB64PmTCynClCTGY/4eOHvWBsCgl/W3nOCJjpZq/TD8qO82p61JHTd6apLsWj/vh2YmoswrKUlTobsbLUHTCorSBLijDkurSpT+2VXJpU/F9BwE06uxLAsdrgDuZG/FAKnk7muXHOMLJDCrDzWIS2a5YKvmZ5D5IY38ib+2kO5GW7qn3Z7xRugdM7SGJwIOz9gq91xmI5H+DO9i9KYZ+cMnyd0nNNiinjAv6TNKDgThZnlH/uVV6eAbm+faDeFcJ0ZJLYtCMH8vc/dccE7ImaBkkwv/u7NZcW3Q7X9yTL2ODntOYZzk6znwj2X+RJnvkzqkr2D7gSDemsqDmXsGlmWlJCkwjFRA5WYngvOlcwsXq/DhKZEmw71246m+a8CagIzF+w2zxnqAgKHrmkBE2DyqdfvrV9G/0oyF1GK026YX3Uok5f2/wGbNGpvv643xug==]]></Encrypt>
</xml>


2017-12-28 03:10:24 debug :
------------
String:
account-ticket<xml>
    <AppId><![CDATA[wx7f83e93205d2fd31]]></AppId>
    <Encrypt><![CDATA[4gsAjean4GUhgbiVBP3CkXNzztcKbPepa6U01I+qmOfKggeLHJaThx/2KelbzRNvw4RSS+XwvFLgIUD8XbwhQchxLlwS/dOq8OTjpAqYJpKgvNi0oAsY5MeED13rEYC4/XGrsowD2E0dbB8lvVPUWqae8I7tjIC4SomV2WOwV4kLS4mQ7nbNgzqFE69bGcT5zHuWtkIxAzCF/jwFA7GXEbxqI77KCTCiDvRpIoEDem4RD919tBnon2fetfahyratTAdVUJNO5HnKpEVNlQEFGpmPst5+W05LcP9nYFz13h24o1SkGPqS6vwB+5PX6JiCkcDRCg8nO5GJdWJFRyIkMNwY6ZZpys7nf/9+LT8nKh9vHElpkwzB01QYkaNlFBJc9TNNjwaKZTn8auz4YTjeNk7ydBVHZlD0USCp0BlUnvhqmWeZVzyFPygCAWm9YloHcm1sFq7g+PPXQmm3XVa4+Q==]]></Encrypt>
</xml>


2017-12-28 03:20:02 debug :
------------
String:
account-ticket<xml>
    <AppId><![CDATA[wx7f83e93205d2fd31]]></AppId>
    <Encrypt><![CDATA[GgvHzx/eTsZMFG+CHgMIyowe3zNr8fDI/4kzZKHsjynwawwjP58se/JGxrG9Tybiu2h3T7dBtgWo+YXx3UKh0k052dDE0NscNUsQRq5SWERGqDjft40lIwcdDFO0Bku4Q4H6QMko87ywfX4p1TNd341LhtsVxIiA3ABmgtMj3h9mAho9WKlmqhkTwIz8c5Hm0/ldoJ3SrKbU91mGbXVWYK25W5+UpPIYWwZ/EOlLCGfnalv2no0tKWoLjO5LTkQnM1xRNmB4sfxph7Hz5gpkmT+EVe3m24UYl8F0RdXIKx+rNZt1kol+I5I0u6kGRPUsInGN05r4wPH7m8x8L4ipRIAyvV2lFBM0NiVYr2BY2c8Nz9rG6TBd3Kwdgt5gEVaD79IowJ3e33IhN08SzJb93FDFQnEpohuSntezl1wdjh4ewghglX3XSaeBEgYQYHbolQyjeCxDwgT2neb3Yeqf1w==]]></Encrypt>
</xml>


2017-12-28 03:29:56 debug :
------------
String:
account-ticket<xml>
    <AppId><![CDATA[wx7f83e93205d2fd31]]></AppId>
    <Encrypt><![CDATA[oHK11vGj0KTEo7Z2u2ET56Btg1ZQHogezGc0/r0K7SrVgmiE0Kvt/dWyieNArBVQIyyBMlSdeHJwwi4vU/zDiJ23IY2BYsaiqcRz0ObGQ29bs0H5UhX/vzr+4JctJ4TUpgoFGuooccEMgN7urwVtLF6CYF9GPkHp23DIDgZclfP2h/mPMCuMtDW3GjQFP03nWXUuITgKOaFJOpqHMBNsASD745Oy7lQbstnbkmU+YuPuwoB4L0cZcD+ViSv7bzLWBBchzNdUzL7To3Z1CqMKeEARfoYW5F+LnmORzqRkNkUwTRlDUVwbO31kq1aB4vuHllQym+lRtviynE/U/smt2MnC+h7buAjiVUOVmSZzH4VJ/5nkTpmlHh/fz+59gPBjOru1VLL5NXNLAxIac6RmHGoraYTD52T1Rkw8+0HYcJO9NMMS+vxMr6IooifmRfx6JDC7UNHfIiVFR51LULXdRg==]]></Encrypt>
</xml>


2017-12-28 03:39:57 debug :
------------
String:
account-ticket<xml>
    <AppId><![CDATA[wx7f83e93205d2fd31]]></AppId>
    <Encrypt><![CDATA[i11Uxq6j0zhczr7iYIebwLb0QocllJUQwar7DAoiNjYtpEoO7tGtWLWr9NHKZcKY6HkOtmXLWsTPpadTiBYPIeuCvp7StjjDOSSrlg7prbMN2BYorOa34eMIeGVyC90dlWJZh2lPJ9CAr7E2esRgC010VfcOFT2kMaEQpn/XYlM8GnMOGSpg8S8RBO9PoMvFFzaG85V9CmFIFSo9NSg29+kSHGnBjbgvSNKVmnangJommrR66OznOH6iN2yddp41mD9OuFL1XXaZ7XQ1Yuy263WnOhSl3Tub1oj9f+xu8ANBT67K0JltrLZmtxmk9XywqSx2ydPhskzuePnugh8NNHPj1GjNA5ozvkReUtPPxCSbCxTr/6fJuCLaPonL8bEA+DPQklrbRMJobrxyhMnIl1bWZtXLYduhI5yULv5r8thHLPCgBo2zBtgVkGp5CRlYfiGYz48XY+HRLyn+nAT96A==]]></Encrypt>
</xml>


2017-12-28 03:49:59 debug :
------------
String:
account-ticket<xml>
    <AppId><![CDATA[wx7f83e93205d2fd31]]></AppId>
    <Encrypt><![CDATA[x5UEpqE8694rWh6FD7aZ9NhNe7ldUhF2zjEmpYYV/YYPirFnDU3Pu6Xa6891jL14DXBaXoILclZfyirIlLzFnvH1GVNnsgsujQh5CZNgv+STiMxDWpFQzgtiarxTHj2ywXFtyU+FTTgkNhsyvhCYmFRpB34pGyAH7XtSuFbt9RtS7AXPjJE25Y+oRXJ/kpEn3G7gMB1g2m2hJCgYNmD7+qkeo5ruMhDsy+tG+dOmzWFZHZ98aG759H4C3cGEdCt+9XBNv5T+B2lc/KyyyKnJSb/plFOEsqS0ZRgsNu00iCLzAd/8J1pHB0v5clmYblXcZWMTi88lR4DemS0FMud+0kZZJQw5BKn2ydrKIuKir8u/RnLEecTFFDRWjb4BG0qSRUxO6zz2B9v2a2iF1jDW941G8fOJlgc2kFzOkDLzl2ZB4qcr24NuuyhgWcALG0BrJMX37YqmiHXnBq/zb/XbCw==]]></Encrypt>
</xml>


2017-12-28 03:59:55 debug :
------------
String:
account-ticket<xml>
    <AppId><![CDATA[wx7f83e93205d2fd31]]></AppId>
    <Encrypt><![CDATA[Z4Lq/4z8nQbVDxhwhzYL0GAj7bL2Mvpt0A7cjD6v81XupeegePyfYsyer9RmzCtx/nl7oK6FwgTGgCh1PanFv7wfnV45Eo++niaYbDW9qHuMItNwoDXjZGxFuTBVNLzlO7eEDGZStNl+v98D1P7dgvpWKHwxPaDKVON5vcjbEC0EhWULve85xu0Z2gsi6AnYq/Xk5BvfnMXPlAhG+Ems7uxwwfRRhk07LnxRbJySfa8/TmoipkisqTDXkAsUA/0Gs+HE0+UrHmvJWqa4RO5tI90Vkt9Yr1khCBS6saniaCnQoGDNDMigjDwnN8wFs871XZV7I+g3CYiR/5KawVIgnSydqfriTZVTjRMx5DMYHb6+HJ3c2zmi/Q06OXkSfHHqbjykF67w0kAsRIkgCykzPXACYp9Obr+evdKEp/VgQijZobs+2kXJWPnHxstR7CVXvTuLxp8xBdXJ24+bgdDtYg==]]></Encrypt>
</xml>


2017-12-28 04:10:20 debug :
------------
String:
account-ticket<xml>
    <AppId><![CDATA[wx7f83e93205d2fd31]]></AppId>
    <Encrypt><![CDATA[InBtwkIYkXPhvTLgrucd47SnP7LYSaeBf2IDQLwKG2IVmrhjJD94PyABWQKgPU7QN6iB9pG7tam17st8HveOsZ6ZrxmSvwx9nyW0mJM/ztI/eTV/78VvpLyFYluTvY68nhdv3ezyAmcnK9BNhISFAwP9TqhuL+hPAGwyTWipDnCzqi38ogL7gmoI6WhkZLAIYrsDUpljBfovgeO2zg84IQDSJlt03oCmcRn1xefp+Y6DtPELixh38cAH3g5uLX2ILscPgIN2yJmRSm1l/4YDiICYeQAk9HdRiCMCRA8JSZGqisMBn3i1qDizMmBJjesK+59twsOCGAazFQBSpkdslJbSr/MBpeRnSSyT9dtVNFhw0Adi3nN8u8RR5PlcATWkCjz2YrKJdYzszBYsaNUQ1A+DvGKjlrZGiVbx3yH4wDVzUY46oN4YYOuKtXmbzbBjrquawCOoYn0gVU4ATZoU2g==]]></Encrypt>
</xml>


2017-12-28 04:19:59 debug :
------------
String:
account-ticket<xml>
    <AppId><![CDATA[wx7f83e93205d2fd31]]></AppId>
    <Encrypt><![CDATA[2xMks4H7g2OP7Olu9SdZeS/3BEQM9z0keBjiVFry4uimT894j6JL401vVbm0xWzmr57g+2CqE/y4m5amcD+BffL3AKChFSqk/f0wxRnZOGEGiT69XtERQTJoBUyVZKV6PyJKqszFtCcdy26VaiDXcD2Hml1b7EZNUYu2otAMxa79LzzKCF8ndvLE/r0+nnghZkclF9Cu8zA2s3/SJT/aCO9xYuJ+T4VN0+lA5CVPgDlmgJ4523+k9r93NXp6AHV+VTgMy0I2cHy3xmUGDTBcKkkGJTTd3EWSJ2TcndnVo7pSf2RKpLiscSW9Rdteaj1kirhmQtOyr1DNTuOMQrE7tS5UC20/iSetuB3jrr0pZyKLaFzJf7F1Dt9JCV69w1WYOMzqQz7tl06LxiXqTvQPFn6b32CS6uJsgKioh7g7m+Di1x2iCeJlJV5YQ6oP/fSsJArTf4L26Vi2LM5IcGlgJQ==]]></Encrypt>
</xml>


2017-12-28 04:30:02 debug :
------------
String:
account-ticket<xml>
    <AppId><![CDATA[wx7f83e93205d2fd31]]></AppId>
    <Encrypt><![CDATA[mWROnrb/Og3mhsYjRcnlkFdY9jz0l/pxNImbHFRWD21aahQvdOo1jJSIFozSw9z+IvTg2Is+Npcc+JIrfIrIDShfuXC8053C9d6hlfV5vfDTyv/6b7ZYgzXZbsx7iyPEm0PDDC3qjid5kEOqCg5vwNhKcHou5ROfc91yYC30uMiSY0dgf8X8iaNoIQrCI51E1BE/mA+CquAtVID+exdrj6gMVtkkqvW+WF3lBRpot1zMnA4vm37swXdhZKEPf78efJG8iSiFrg1pLP+nfROtdfdbt9LOH8sBEbxY8O0T1tX2AITSuKb+gI2+cBwSUC/o87Y0IrqWmyFnYdNEelnUZSYu9yqUiwJVu6uTQngUBeSRJbQ/wRrGOTUcFgze10jbu7siJIUrvVsRmY3hLcnarnxxwI9lDZXzXeFLxag3ue5zoDD+du03DMWjzkMf4EqmSF8CusVjv8Yrnv93QIAeJw==]]></Encrypt>
</xml>


2017-12-28 04:40:07 debug :
------------
String:
account-ticket<xml>
    <AppId><![CDATA[wx7f83e93205d2fd31]]></AppId>
    <Encrypt><![CDATA[S1YQ8le+r5hfbbRM6BRbO/qxRHOh1fWFILLyk4Y2xn4ViJNjl413yxDJL2zBcVcea6vuvu79phu14LiefYRLerlUcglIDPWL4KnZGmDhRCHXqXEixR7wHPCa4jEm7+IZmT4PtqnfYGmeSTn6iSkEkIIh+gLAGPMflxPzdFbtQcI4+fLZcZPJjRhu0/nhLnY4Apq6CNx7vutw3c0QaDDO4kVNvyEtd1OEDt6V1Ze0Dy21hHgtVBESAsmdn1wFmxyMhvfjBeu8Jh02xMlW5K0w0qt6P/DqNBT2tPtxqftJuinbLcaAk1bT/B0WFixEwbRjbea9LOFAG+Gw8fpFXY7ozS7ADpVVztWazWHCYBV1zXdZx2j68IInXMUVlK2NbrCXM5/TM8Z5ALnt+EzRKrg0Nx8ATCwYHtoeVjx2A2UQ995DKDJ5e3aiAsVVDaD2WALzdmpb2KYnec2macKHwOvwBw==]]></Encrypt>
</xml>


2017-12-28 04:50:05 debug :
------------
String:
account-ticket<xml>
    <AppId><![CDATA[wx7f83e93205d2fd31]]></AppId>
    <Encrypt><![CDATA[rtzRxAn+Lbeh7RcgrVRHdaWiB/x27WySv7DZ4E+vFyJMAiPwj3oWK9yngcXn05X4yLeVMR+wZ4zAuZxOhbS0GpwvDamp85irj/rVfRGAe6q7F675PK7KY10XTIOwnXhK/QcWcVzsySKqTRTnkeKOvQIulGD0CrSB+9Q+k8/RXzMZHi/UssMRkLhGBC2NEu+GYdazKwUvENcY4D8ub5aWDfsiirhcCR6OZ++6CEOnonTVp9GkSOBypaovvg8HCLB5Sa2g1ndCHajN6PwHNa7UL42303FiyaiZbtnQw+Xive/HQ9kaMQjYmz4seFq2GdDu/c9KALN8tQ3DkpHWaVeOxUhMZk+gh/royhTXtwvpCSk/zdcnEP0vv5/UYw7eDHfUs0fsAyUlJXOHLbXY6tb/cOCAqQPhseferFutOlNpuhGMOxF51eQFGNzkB7QjWXJC9pv3RLwo20LwPkLGk4DiAA==]]></Encrypt>
</xml>


2017-12-28 05:00:07 debug :
------------
String:
account-ticket<xml>
    <AppId><![CDATA[wx7f83e93205d2fd31]]></AppId>
    <Encrypt><![CDATA[ugBXBC83IbNNTAOWcC74y9b6XzfPwjDfz5dT1iUJ5BbD51ohTt7ay+eAUL1A37RO2KY1G3pWVzuc97Tfr5O3wDt6jkPTkEzsknmU5z7q6eV88ZlM5SmN8yOiaoo46zi2jr0XHYNPpRnVy00kaPzxEMQ2vH9fSPlwdBApQOh7r2Zr/Umnc5J0IctRsQj2gsrj6r8RqTM95/XWo1imlwxKH056sLdS62xCRwdbi3TghiQXzf5iu3tiD7y5HENV5e808TCCIeEY0SFTNOvPkSnU/mVq45sVyWShnD8/NJDjCqKyqqgdCgaChzaqu8IJ95aZNuqKBUOwJkz18SFpOEtCZ0zk3zOHFQMKBNz2z2jaBLkD4NxjYuuPlxbz2vniJF3Xcsoseqk4cpEJYAfB3OFjTcxWRssGyyt9gWHJxebElOKaOEThx7GLkhmqx0RQ8IdSS1uXBtefGs8YdLelOUmyDA==]]></Encrypt>
</xml>


2017-12-28 05:10:14 debug :
------------
String:
account-ticket<xml>
    <AppId><![CDATA[wx7f83e93205d2fd31]]></AppId>
    <Encrypt><![CDATA[lb/xLZKECmqnJ3b8gDqItqKYRXO6jufCiKUsfpNYdfRpDpCs8QFBi9IrGKu2D/CGg1LCmIcZJCyqrhFzMepg0zWC3FweH6VFtbbDGL0oBmnbUc3kOTxS08cnc5GPDes5b3UfyttD2e374XmgkXDpqkDo4HNzbchHGd8vlmTbNRc+DML+4SIj8nFCYmaUlBKrAS+JntVnnKdnz+bhwdWMFv1bjt4jQOAt4H0spQVmhpQTagFyJizPQWQiFz+2kOfHG7VrDEGZaE67OsylO4tgLMtN/+eHBQsZTM1BQcZO9Mxmym2n97NLr5NIgxDLJUZY1r9MDY/HWkRH6uh8/K4+Q9e++FfQJaVAlyxvTinbx/shY7yTzA7Jptnfyj/tF7YQMu0we1v+IBeXiyqD8fV0N/L/SB+faGIbZDoNOseb/FK91FF8Zl9LkNIIsodCUUzYmx0iz646q7KHVyA/csPXWQ==]]></Encrypt>
</xml>


2017-12-28 05:20:01 debug :
------------
String:
account-ticket<xml>
    <AppId><![CDATA[wx7f83e93205d2fd31]]></AppId>
    <Encrypt><![CDATA[2bI1CodOVd2b66l9r8oOGtGxBOdf3rew4rxjZULzHbiYneKGiGDZMPjJbGgIknEO+JGjDD32VVUJo3HoB3lCRNTy0A9iNyWFpvcmVNrSxX59S/VBkygujNXQVIdg6rDDeWaxrNolkhe9zKhDvlAy+b970kRtp7yBFNxAdhemVYcCMgySYX+CmWum52tscklRpS3F0qtjwZSdAOBvY2YWHb/2AYCH1S64nnIwzVKoQWA5wNdb/FT0ESZ0d5J6nv1isINpq1CwFttqozzUvpeXxzAudIM4lziGUXS1A2Nc6jopCJfbonGZCAjab5SxYsluUuKF+dVFWLx/pQs4RPwMZHnOnLqoYlSn7YYktYkmuRf2MZED0pnHHCVpp/lEnhCMBcfOpCJvgCPeyQWBf8wK3Xt2GVuDFZZZeUyi9QM/gqH2HvXluHIr6or4APWj2u3TZWgXOXdsNp9ZF0GWXT259g==]]></Encrypt>
</xml>


2017-12-28 05:30:03 debug :
------------
String:
account-ticket<xml>
    <AppId><![CDATA[wx7f83e93205d2fd31]]></AppId>
    <Encrypt><![CDATA[eri5zPUByw715O7vkKR1+HgBsTMBU7ZHnimCGgXS7ko20PUb3CL7d1a0sKx3aJXlr0Z6lBu8/enH72QwK2sonlASwERLWRZyh76VKU/Sx2uPMLmIjK6RLRYDp5vTiYiWEin3RylpCBWD78pverVAkS+p6yo7SGfpr7jOA7oL8jygebP6c+9Kxh6p8aQ7O3WZhA13xbefxdAxRSrGULHtFuXWm1l7XWjt66GjgEgQnn8c4/HKPsSi0Tqyn/SYVsQIMgosl496UJwVo8qHFd7Wv/yp91pY3NaYXonI9l9k5F7U2sPMAagz2DoKsVw0b+s/ZZqFQkiZ9h4StFUNwuYMgbmaILAxvSc++b3IA4NgODbKka072CAdmFvGjJFwozlHFZSHEOqCFh7P2kydpm7CajCYq+IjdNyKqfT2LoGWvSLkZYuXIHKfziojFtHuK6eyBuuwkr6v+ipTEMAZ3fxyOA==]]></Encrypt>
</xml>


2017-12-28 05:39:51 debug :
------------
String:
account-ticket<xml>
    <AppId><![CDATA[wx7f83e93205d2fd31]]></AppId>
    <Encrypt><![CDATA[yo4m4+mPEQ4A10rZ3tH6kU0YhNQ1TgJia9tn0dcGS1WPK9Ub1uVlZEEwsR7kYBti64894iX/7f8/UMmzyqrtyELU4hFq05uq7mUuV8Q0GgtVPxs/SXrJ/kf9mwGvwIWsc1q1oUD7BwR96ULZQgGcF/TBhrlOg1lcmlrN7JPP2c3rbSNXkpn1/TxXzwUrOOUzsLWiRHMV9w4PjxLGfqcEyrmtyve0R3mWFDBKbyuRBxFXa8eeziCVJhlOHgJ0NMXCWcJIeBO3ic9py+Xu4zGYde1wc/3T4eJ7iC1Mf15Sqsj8EOLUDoisOO/8MV/NRXqTvIfKcGWntwugjBWeps28BM6G95Mgmv5ErGb5YD0KkBH8IUKmvaGSpSqojwNZwKaXmS3yQqDUUZHO0oZwZcM/IGgO+gplzliWvPH54Zm5UB/cwG2+eG8O7Aixt0ygx+IS9GJyDcLqaCt+P+nW8ol0ww==]]></Encrypt>
</xml>


2017-12-28 05:50:03 debug :
------------
String:
account-ticket<xml>
    <AppId><![CDATA[wx7f83e93205d2fd31]]></AppId>
    <Encrypt><![CDATA[Y0cfDwpOta7zhjIJKWT43by7s62rgCcWAcKVZkvgrQFi0pLZNm0KKQ8Ff+nNqPMQna37rygFJdlmzpanK4dCshsoorTG3Yhukxukd0b6iVzvY7y/fRcD3k+Pya4uyDgWfNNi4W43eJ20CMWoanMRqJbzaLiDln9S9rGE8BDTjqp8Lkp+hXdFcbA3dd3rLKB9MzuoVhKIR+0nIzTLB/pgqk2M1se4TL8KuVL2M6Qla6xtUFrQbJtOuJtsYQhuW9Sy9WO9d5YJ3pm3Rq/bH0cxnOOM6RIuz6ZWT5TcX7c/ft8yChXw2Ewp00H/XhIiiJzcN9lVDTK5LCUt8Ks34oJYgCzczdFNo/DUfC2BIc/QXWkSklCqy7ovcxJ3H56htTa1P8qhNVxL+S70LXUMqMGusO7/oMKXqR6yJ8DJ+coebvhz2p0cY1x8eCwssF3gUYTUwlmsLpUwUgE04RObOdYI/Q==]]></Encrypt>
</xml>


2017-12-28 05:59:57 debug :
------------
String:
account-ticket<xml>
    <AppId><![CDATA[wx7f83e93205d2fd31]]></AppId>
    <Encrypt><![CDATA[n3HY2YKpitqY/Glx7w7Mg8hFyo42/SqW7IE57R2ovmkPBClfQYtGGOSqVFI7jouGxMxPa6JblVa9xlqJYFoSGhPVcyg5WaW/f2XkqXgQA1ejTGedJBg9Ly/62Te0nDBkOk43YwD76XtWiRfmzqu1tPF1K2BOPETM84Nx1Gz3aZNWFsMbwqg8i55NO2lwj00fagtuogFtXC+JCLq3jmALygmUpaMuzsUu9GGXlAB6hYMj3ISEvch/WeRw6n7qUv7D6zJL76vEV96v53GW5rtyt61qmydBvOctf/Rw1/6tnJdUh5tqhB9HZ9g2uoHTT7TxY6uH4JrVpkI/FDdvhd8Ir2hzEQcaPJ/xUBD8MbsXinvqsS8S7Ju83lKAWjeXDHb9R5rpu91bR5uU1afgEl4cDaV/IwS7AH7e2yVj2XY7lPmOWxxWQ0tRsGo4vssMn108fxwvWfSTsl8X/KCZ2lX9Tg==]]></Encrypt>
</xml>


2017-12-28 06:08:31 debug :
------------
String:
account-ticket<xml>
    <AppId><![CDATA[wx7f83e93205d2fd31]]></AppId>
    <Encrypt><![CDATA[Hc/AzqdWqOyw+yquhgaV1txd05F8vD3Xpb+3GfKV5VKRvV9hHHkFPS5aLUKT9E9NMUQEGKC9P751OQVWgEWPufROqUuEQSKFGJH1J3/cylJrqrUo2tgmzY+UM7GBZi2w2tpPKgH6let3Lv8oga1ht5ifa7au7CMNSUpStD3jQB4ygjIkYkyBLqFPdmY52BwbuvTGh5wfPMyIDUMGYRui80eIQA/54aF0vvu7aNJ1KbmX3C39QGT5tj127+szX8VQCxaZ1UaZdZn7T7HFeFLaPsgUJt4BqgHCoFIQGkEh7a35WUNAazCp9l8RX9xJDPxSsQB89R+qu92aaa3o2rJHrLGvnZAvWENluT/W8n6JiM0CnRTOBfqw8+acqgZacVXGbq8T570njOlzPmvm+HVRKGxXSSlxSLDcXRMxPOfBt/jWpyaFgh3SGnwwfXfseKDTIt1Y1l+ZPH88pioEGpsSGA==]]></Encrypt>
</xml>


2017-12-28 06:18:04 debug :
------------
String:
account-ticket<xml>
    <AppId><![CDATA[wx7f83e93205d2fd31]]></AppId>
    <Encrypt><![CDATA[eZDyDCqahA0amTDdlJyqswddkKObdKKJhbXMs2ti4B/ncPyFPzLb1wTHAhyv5HWdNrJ1Oc3/+JpTNFVOTNpe3QDw2JZij32rXHTRJg4vpK74b5p2leqH+FVgB41oAmY36kmFPu0HxYiuk6k6sKbenoTR8gMSCJ5vLm1KWfVwj+4POAo9kcaZlQqvxZpjaNAi+47h687xusjagfFYo4HIBtVjnKb+CizK7ttknYbVmjDpBkL0GlDwfnBvINYVHFtrC7GWXILQJ3hJiB1o+byFA4pO37FYfm6hbExXZBqkQCWgksTvGb0y20JNnndXW/LWdr3LVep9c4Rk8BBBxtaQGlAhTbvEqhrey0OAQIEogjXAi8gYLhc70m03+XU4zUB9cEb8ltIf4qEK7X/h0gx/E4cs55y4DXQ4T+wMNV+ycCXx7oVqUzNri2M5H81ZLdsh9uEOQlMsbK5QPZ1NZHzOaA==]]></Encrypt>
</xml>


2017-12-28 06:30:02 debug :
------------
String:
account-ticket<xml>
    <AppId><![CDATA[wx7f83e93205d2fd31]]></AppId>
    <Encrypt><![CDATA[5w87Wl8DSV1y4u2dPwrMxNWVMTG3/BVq8iVea3jslU9FkYvrqHpRfmJPprTdjpIu5pJ2VC9Ze3j6wXNHqdqGFHqv7c6vFg/ltAxgCtnjIR+63YIfRedXZubpFYBmsPYQopSJRJo5DKNXfV93rT+c3pz/nTAscExGKkW/ZusuYLk5chutUrGXD8FqBnG7XYkOA+7TbA17AcUnw6q9teq2fSPHLv1sliga3p68uPdnC1zxPuXXhgYOt9hAoNNbIqLIvoPhGzQmIriv/Tht8qgnrxe1AOvV/PKBDISEMT9xzyzFpGqoRKU7uEI6IWwnKSjZXLg49CIFA9j7Py9ywWG2Ivao6cdVbZfhWqkS4TEZ/TNHUjtJtVZV1Pgm2ku1xMwgIOlyyBFGEmcreNTLwNwuZehu1AofGFvmZzKEIyWnRlHp7MSiCjOgLp8UMcy4uCB1xRPvqihWxSjp16IseI+rFg==]]></Encrypt>
</xml>


2017-12-28 06:40:05 debug :
------------
String:
account-ticket<xml>
    <AppId><![CDATA[wx7f83e93205d2fd31]]></AppId>
    <Encrypt><![CDATA[N2mefkf9PaXFw3XV36QvN22XFYLe/Xytnu83M41p7QmWAlkUr5wmHKwlf19PmveL8UrqzdxUYBCNulZfJHeUwI7+6m5eXJgsYIOwYhhINx9fUZFPMi3cYFrJuSZtz8AzAVYb6OFipTTRe6BijtI+IOmTEkoULE9xDjminphSbvGbteUnzPYEkhUWIJ1NCutIPGjak6NwYqFnVTkd4WgyaPkloALkYfN9KukQD8fhP49Fuy/pTdhtfpdmns1zVvSnbf/9tVmZJVsKSrjsJaZkFs1IkPe/emBnIaalJy7z1gyTzEz8mhvhB5Mi8IZ7OlAshInHg3FyAp1L81shXGRct3g8QZBMspZ27qcgkWfjSI7jnQzFq5NzvRIIgQ04AzP3Dp76A0P1TnxqzmlRjJ+yLD1o8ZhA2dQ4F0c71KX70TU59ddMMXK+EzpHknKPi+0Dq/Fdt59fQCTSZnH5I9i/uQ==]]></Encrypt>
</xml>


2017-12-28 06:50:00 debug :
------------
String:
account-ticket<xml>
    <AppId><![CDATA[wx7f83e93205d2fd31]]></AppId>
    <Encrypt><![CDATA[le6ysOjbaIqTJmnaA/sjqM1HmbQ49tqDUyP/Y72as6Py4GjXotwDpyzmjp4od1/YaXwE2e0o0oRhxiGv+XuEto6UHetRxXUi2KEnvO7Yrrcc2MLlF61Yfruhj3g3vYbeycAUKi1SvFy4ird1hDmK5C1CdSC0KCqWMyEwxxQzAHaWDNLdeWM6EHf9IWkNUffI1rLW9l596x9sxYNXKok+4+jeP9rrq7n9X//tMRMWHc5Pm6SnbSvXBLPp0flH5PRpMkkY5U5/+UiZqNg9B3/n/DxmBPlN4jMCJW4s+Q1C+tDs3aQ7IM4diRcJMfZjw/LCafrMUnimwBnAxzCGMPoeJ9iT/nDr9kvn4lNDeADf9jx3zL0i6py95N1roMIuxHZUyc/asIcHCx6VXWrkqfmWuPnruJ8kUpNOJHecWGG7nsOSO7LYiQfSSIPEd6YhYrakDAS01fLeYYARurRig3EGiw==]]></Encrypt>
</xml>


2017-12-28 07:00:07 debug :
------------
String:
account-ticket<xml>
    <AppId><![CDATA[wx7f83e93205d2fd31]]></AppId>
    <Encrypt><![CDATA[frnKtod0EWXPutqA9VO8nJ1ToW8bm0gqWEZAYKNO359dO7rtM+yqz/KZHtgeuuCb3R0qMfktv1Etwr4dA6CICu6lRo2FPSDgJ4t197gaNUAR3b4Con+bz1bNZa43YHvJJRRc9ViTLLoj6/yRgJIxTDOO5I0TKg9GTNk2AicGkym7A31cyPYJh/K0UopqBnJaXmn4YdZexbRPMAeZl+vPfmtGOVNI+wSWnX3YPlJchPGgBKCTq90a+pMpZO8SI0NgC5CxbRTp2JMAC+LSmBOqVzj/8lz+ArzOwsmLhXMU3epaNbP8nn6wTYJZY5TKCZLo4yGZyFh1aLn45dgkaF1fya/O01Bnv1MHjLoOz635iHl+Q2zbr3mAuxAYYM87ahfFvGS0iVxJHyQJYvIuLPWWSMLBk1SYlzXp7qX7s8JOicaSWzeexarC5VJ81Emd25oH72rBoQ297AretBOlZA61YQ==]]></Encrypt>
</xml>


2017-12-28 07:10:13 debug :
------------
String:
account-ticket<xml>
    <AppId><![CDATA[wx7f83e93205d2fd31]]></AppId>
    <Encrypt><![CDATA[fRJjGmaRdwePyFPs4+VfLQhZv0XU+jhSr26qRgwaDJ4QEPNFEY3FlFUgYaFbG+WHX7d1FjNTVduff/8hMVEEonUCrCCZs451ultAZQ7/pddfSe1iph0F6Nc2HrDYfGl+1iERj4JdhXygczIrUOBTkgHAsfnLxaar9ZUFYvlqNhKgZYkWCFCQXt0fZBxS908jE1K0hwVP6BMMcMXrtpEXM3G79zx6ZuI2sg1oLXUoXg8mLvnc8a6WY9c4ZEp99Fpa5Sv4kI08o/OIa3yPuOX4J8/TDN235IO6+vvh3cX6ruAn6AsHZnn5pN/+uFgbVdbL9zY9xe5yLDAOhqYUYiEETWWu0HpAAJ/lxrXCN7I1owCEKW2kBZ1L8goUlz8lanagpX0ezufZTYhaEZQDXdKCoptjWxXNw4287thRUJHwWUhzsAXf2VP6NUAiu6+8Q+NEbdMwGgYjaiHYHjTcOKCNiA==]]></Encrypt>
</xml>


2017-12-28 07:20:07 debug :
------------
String:
account-ticket<xml>
    <AppId><![CDATA[wx7f83e93205d2fd31]]></AppId>
    <Encrypt><![CDATA[T/h6kk2UT973k1uGj4fzseChfv3D4zlbmCShEKTHyGbSa3miMabhSoiOmY7w6pX0tknA7qSnGia1oiVFszZhsYxqeMfUSNUQaaNUwAYALSXEIfg/bzTCUeuBEWwjtVb2J4zLsC+1dTBUF6RPKpvpB4Wl8XpkaHHjirB0IU3Gr6Ts3oRZ993xl5vuLCgIPn8JfUFn8acWMo7nKF0ElI+1TIEZpnaDeIYw56fOpR1X81n55yll0GRwJSX819H1XlD5XJAW9xZVLbaM76saC79WFuLBGq9fA4po+Je2IzHYQ2uEaCbAWYIuk4bDObJyN7pB7HOl7eKXXiLrkI+XijNRqMpEL5Xaw1JLTZxREVHBi6gBN/Jq6GBh6ATXkHz2RyAb4Mrdri/3EDrF2Hzg6WypGDBvRJI9G83pjV1CsAbY7juXDPQ46EuH5iMO1kiL4TGEoh4jBkJprW8Vw5S5KO3cUg==]]></Encrypt>
</xml>


2017-12-28 07:30:10 debug :
------------
String:
account-ticket<xml>
    <AppId><![CDATA[wx7f83e93205d2fd31]]></AppId>
    <Encrypt><![CDATA[TPYTD0F4M9t23oAzm6tEQ9bH7+Aictfgpp8BR40ltInE5gG5m3OuTdO2dd39AodLRfaA2+pqVacQuGMNETIBtWsyyhrAEIrStP2ZAjP0Id9jFAnL59IVqv0wHRSszz3bkXoBW/ewXxRDzDi0m9OvYD598TA/vaYRukTOyD5A6vrldg+juJITggf9srCoJh8QextXi2HQipW+jzo03wODQgUDAaauCyXmElLLRkJplrsaoTRgnaTVE11zcYlilIlIy9/Enpf2K1enAVz0by6K6+HPeBDW2wJ4AZxmXxmI67v5GA+yHId7LIFm1AofpZZnP/ec/TxoAYABjhT9wtV6U9/wyRgokDoqX71xE1Wt8WdhxdMqAxrp5j5KtSNHq3VleKsLXyPvgCOXbLFsUo4/X55xN+zgSA5H6Z/GCqFCAPxDtDYfnIkRonXF1BLOCbYrL2XUHppwSH5QV8nkiRQ/Bg==]]></Encrypt>
</xml>


2017-12-28 07:40:15 debug :
------------
String:
account-ticket<xml>
    <AppId><![CDATA[wx7f83e93205d2fd31]]></AppId>
    <Encrypt><![CDATA[rSmDp0boQ0e37nJqzIQQWFCdS/fbBB2vJ/wQUmTVQNznCdbDWO+eDtsa7zG25D8WXK1mvmPJ6aPkHgtMRvk19nHg3V2zhMWQQmRtnmyu3NT9lc8nWAioaL4FtZMPU1lrjbwZxQv3FDB08B2UXgvJBnkTqPwk5U3OGeEf8nWPfj8hMhuRwbXu55gbvySsmJOn6Y3k3aJ23c8DZQUqkcw6eyP+sCVLmzbjiphmmBxqhuNyv46nPx/tBbFORXfIBzQaPWz44uf1qhXgeZewkkWDTVcMUBeML3yrArbC3O8cxxDHWe8WR7gK+uDhmZ2QoXnYcSnSnVX534Oc2Xn7qwGMG3Bqz47fMGyucY70iKKgaDwpghFd3eRGfkEmzCM3NMASXbE6W3CQOkcysGWuwVg3HziTuiD2XOAGAO8vOOy5UOk7kr2xu5/2Ed/RyhAnI5ZlpwtxB2HJO6D0rEWR5P3YdQ==]]></Encrypt>
</xml>


2017-12-28 07:50:12 debug :
------------
String:
account-ticket<xml>
    <AppId><![CDATA[wx7f83e93205d2fd31]]></AppId>
    <Encrypt><![CDATA[TApgazGb4VLILntUUiihC/DWY59muCAzgO1ObeUog1gQmfISv9JlRJvkMpKal02aDY0HGeLLJMUe4eU7lUgn6hlxvNEB2CN6MGb6B9pwD9RFodKVsorrqGsobASh78ZS/vUA+Kn4jUiakZc3T3QKazD0OCQ2TnExDJFJjXO1RdUvH9jDCQY0mfmjZD6ozwc0bIhpl4KQMMaDcVKgX41tKoAgyXTBeXyt3ojailEzlPz4pK7L+nnDZZ8ztsKxsylg7III8HIHeFiDyRJbmCGn9cooWm1IhoO2h9pEDAiACHR/e0HkyZAfYzAO1xFyY7kfPbhiTzoLshl29Qj1qWhy0fwU/LflvH1sSOtjzogDDQzNDd6ZyPu18r+j/taedGYmy4EwNeI2aODulesk38eHnMz9uMR+czIhCws7bRgo92Iv7ei9Rqd8ugclfq6/PljDp2pt4s5Mw1eALlmJXOERFQ==]]></Encrypt>
</xml>


2017-12-28 08:00:19 debug :
------------
String:
account-ticket<xml>
    <AppId><![CDATA[wx7f83e93205d2fd31]]></AppId>
    <Encrypt><![CDATA[z4wwT7NtiyjTjWLg3G/R+d36RbFcBXUu2WN8MblHDUd4PbBl1em2Pbc24eGbecBRhY14lKSV32rqGo0DXc+U0OUV50t8mIuQbya+sSBSzal7LU0gGEkYaG3bD74V4QL1D2jqpMtKCKn3i9eSqPuRyE0BRrgSRBNB/3SVXCFxhyBUT4IT1NBCuGVn1RjSQNM2B7s6cOoMSvD+mwapOaKD4cw+BJ/YPpmqI47uuqSOe4LEabUKsfxeaKJIgQmw2fFJgiTeoPZpTj7Bff1RpEy6CQX1g6Ck/JsIRBV7N13GMxkLMxNbFf8dxzxxXuNBZi8UNrxBuL6HfQcOfPO80KV+u8gXIAfPhtadiP1bS/gl4jsJWP6HN9z6MzCEldgYDp+jA//+AstGjNRmox8mTcNqKzrERKul9oJoCNbpNNKRVj5Qfj/o6/VFlrmdL8dos+xFMjRPSCc36qV0ty/KHFHVww==]]></Encrypt>
</xml>


2017-12-28 08:10:27 debug :
------------
String:
account-ticket<xml>
    <AppId><![CDATA[wx7f83e93205d2fd31]]></AppId>
    <Encrypt><![CDATA[FdYkHRrK1qxIDL/UCTcMaX0oxUOQIt8joL+qWmH9N4h0BtR7nXsOEbRoRye/WMpMxB1CRWEvrfkoyjEyBFOwH5JZHZ9l7NXQp3noRdcK1LQHqNt+9XME4T7ayYkzd/iDenKr8infI6LVSwPIjak000QvdKPr7N/9GUVw3Lk2EgcrDcfxQsRE2uCNjalxBs79tSkIcB82Vgrlg5ShJ/EC+Avv7uMRAaAx5754E4jhrZu5puYK9hBlsHtRBk7hRTbUQCqh03B+tn5CeDQGecGbCuXUEBJLO93O2vYTvyZiDbzlWTmAr2NmPm8q4DBaZkht1O/d+g2hKwpYJp3KOc6HvuepW9ItoEqL+Z7AiN1STl9PGqfb/dtIC/fVm2YeRijejW+VBu1iHYnXQJsBkHfhREY5RB+stUak0b2vnsRxDKuB84gqjgNDIdEKxQlned0FchxM0tHvEmz1+X9W+ut9dA==]]></Encrypt>
</xml>


2017-12-28 08:20:27 debug :
------------
String:
account-ticket<xml>
    <AppId><![CDATA[wx7f83e93205d2fd31]]></AppId>
    <Encrypt><![CDATA[nwOO2+b6mbtSHnQ2myaLqYuXrJLmoxvlFr01v1frKEKw/HPV4pg3D8ocdTgEid+U2G1HHh79K7HxPIOY01o+Ba7/qhWp6qv5KbW+JA5TjzUTO8L/lpXd10SMiHH+lkem61dEPsYidBP+ICgSCbEmJVi4lyBrJnpNKZDwuuojWLyCGLtBVIDeZveAFwvDASPT2LjDHERzrWH5lEA42Ai8okoBPCjyN5GBhJkSayL6xCn9vLnNCaGv0RNpkEg3HwNnN1mURi2fTwPLtHKPZbo6HBlj0K/WMUOxIL8qU4sKHklL24KWgkrS5jjILS+8Bzr0gyWzeyAsdcf9GzW/I95gaZqOi+ZmuODG9nJeLhCo/qsmFgLBbi0FxZ36LTnPSES2Nyw8xEGkpyZ9q16wLlnN4VzrhYGLS4/XgMvFaEl+TPibvaBLGSgxQH4HGNS3DcxsXzj0IvD7CpF8EaUH+uSLYw==]]></Encrypt>
</xml>


2017-12-28 08:30:26 debug :
------------
String:
account-ticket<xml>
    <AppId><![CDATA[wx7f83e93205d2fd31]]></AppId>
    <Encrypt><![CDATA[52Hl6VxDKhR+htkqWKptUzt7ifV4dZ+O43BUdK/Gl1+fTsqegC61hQsM8f+kKZ+ORKnK58wopmhce+a2OlBCQ1m/u3GKCBYCSdhkvjs3EeVg94kB0S8iF/2w+j381devrWOIbOJH7XV2I9s0eMbfO9R0Z3Kl1no797gd0n7nNMhCUv2lrpgskd3eWli1r65sj8aAMKZwFeVSz5Zogz7JAGhulLWUJQwJ6t8hPeSQZDGdaOAOz1q25YueIEbgWZxiI99Kc+I7OCbikTPULG857s7JZpCqW5vrOld3NWBve8iCfZMcF5gO8MR1wJ8DRIRlW/8hfgAEM2tOZzebNOh5Sx8s5otMtULr89zmy8G2rqITmIneMBA7wZLfhiU4AnW9N5CrNUmVJiHTGkhfO3ESgh/AgFZB6CPuHc6a9R+4l6NPhZ+LXJNQ+NOmfz2SvdTgIcAfe11YZl9LY2BscMNfrg==]]></Encrypt>
</xml>


2017-12-28 08:40:31 debug :
------------
String:
account-ticket<xml>
    <AppId><![CDATA[wx7f83e93205d2fd31]]></AppId>
    <Encrypt><![CDATA[wwby7rYIoghJYRksVB1TKBRm5gF8mfFE8WJXaElufY1HSSEKJWqE4w65qNOZ8xt61xshXXabStHeW0ZtfRppAKDwW1dLVRVAQxwDBOSgHb/+U2cdkaw3gM801hzQOn0VwbWVvxwR2wvih2hA2o6OE7CksJiZ6HY18ixWKO5fPjWlNSroXyKZKYTOlzqEervyfd7TJUUoY/AOUk7jOVpEzdkK+WI6j9T7LcC/0NdzlqxZQwvl7htXdKHh/j3jj0ws2r0+0nHZBEzNNpJwSGVQF5rPgDupduEx19uYufxo73U/LVaVvPYF/cuo77uEQe5mxdlm5g37HfjsjFX6kb/Ghh7lG7+KD9Y1IM10jiYsQX9KzuwCXkWVeVW0oEq3uDdfKapRAvWIwBkkcwBPnARo1EVnc8n9c5rvenXi8aLm86c/wxKvk0ffkKCQ0MVeaPncDSjjt0EwLJirkhf352/yVg==]]></Encrypt>
</xml>


2017-12-28 08:50:33 debug :
------------
String:
account-ticket<xml>
    <AppId><![CDATA[wx7f83e93205d2fd31]]></AppId>
    <Encrypt><![CDATA[js17l/tAi/AW669jMmCZJo89f7TbU8yokQSTbKBnkSiNmjWlQxJ0+3hX2BAVwiN0hWolIFPuMeYEsYlIF98b0Xz39LypRtVdTJVIuXsqzaFw5ANN98hOvTov/ihCH9gYL/kA1xKQOA5KYDEcYbgo2A3gdJ9t1Uv2/+YTJmpfnW9himpAMslqPz/Q4vQfJgboccgEhau0BHdw9G+NzyUOmYvtDjTksKh1isHlrFp6Ey4V9SpRTniJtb2khLIN6NwvXki1rcLyfEJmLBQ1FdNY+eZ8SBj853Sl8lSBy+uFdm/pR1d5xBkmiakF3ldqqxHh4W5vhmnFNcBjhBXPfwHuxs5QdeUn4WHnG25glplCA7aoAaPrBq3ZP8VwPXAQ+MXicdpPvC69gn8ukUkrwqSp/t9GxDHXBr3cRc3R/WNhR3ua5/5N15GQUPDpNVmeG/ctdwc/qFJED2Ao25oQPYyLgA==]]></Encrypt>
</xml>


2017-12-28 09:00:36 debug :
------------
String:
account-ticket<xml>
    <AppId><![CDATA[wx7f83e93205d2fd31]]></AppId>
    <Encrypt><![CDATA[BAJHSdb8LV2eSEb2Da9W6b0LhlzFU+G0BXaMIWYWgn6KLX1I6cbbCSrcM99xx52j7xudtanycgRGA9/+pJEfX5tst1T/S/YS3T1IWKVg1nKXlCVQEaV+3fDFD76adK/BmGKqlZGKN9PLhNG/oVu0BOVLtQBfour5s0ZQuMd7/xABzheS4Wk7/zdyZTGHpPle/OICjOIalCnIZ7ycavz9f9KIaWwG4CKjvdNPr8TZyEgVNS5mYI3BMapZ8BRO0eiPM66Q5hD0H698C3LhDgPB70e0kToQuhAgdHlGTqUPlB3bvK3W6/FvYFu11MUY2LLaC58nghLQ4TGJN0m3L1Mzj1EbEgRMKB1YuHJdlDWxWcMuvJr5pHD/BYqrbiqPxZa2BkPukU1w/s4+0y12w+uP1BVEBDUmRBZeSMsGiK2U7h9Qdg9xxbIVVJUBU5sqxDTCdvuWk/JnO9atJul0Bblijw==]]></Encrypt>
</xml>


2017-12-28 09:10:53 debug :
------------
String:
account-ticket<xml>
    <AppId><![CDATA[wx7f83e93205d2fd31]]></AppId>
    <Encrypt><![CDATA[zf2gjT5M2+EZ0vkw4IEJ/pMee8DXy6IO4UayoVO5xL9uY2vx73nM9vdXbvEqgpT5rcoeEDPJR39cni6+e61VNHcIjeHeccfh7CHrZAHq/I2j2UNf6YvfedCt/xMLsaRjYEvlbrWdvr65Zo4CLSthnjhN63XAyfQYocxtncSDQz1QCOssmndW++YlrleKXHeMt7lDk9J/d9KMTo1c2CtXPai2NXgY0XfIFC3te3Wt9VM9/Q2cLo4/LSdSgI2S6u/Dhdn3LapVDw6MBYXOYk4CtchR0HJ64WUTjjqUc5FJ9e8owDRNOu7SUeJblt6kczlITr4+m3zLS7CItoeaqeuZZcSo6wMhecYnV0uDrY1nBEOqRXGl8Zvknnv7YwafgM9Gvb5Px+v9Q8bOfsMhxSrjS0P+dqvb+mnqltH7o7dGDAWgZSjNPILB8GjCvwi23WRET/vEikOXa+rBTtbtUmyb6w==]]></Encrypt>
</xml>


2017-12-28 09:20:52 debug :
------------
String:
account-ticket<xml>
    <AppId><![CDATA[wx7f83e93205d2fd31]]></AppId>
    <Encrypt><![CDATA[ZKubryDZDw++j7YEzIEqMqNXy+G/+NE7AphmELMbILh9VHxbMGRUKBjyG5rduECA9MibZqY8oh5qwAH5sYEND1YbknEIgI76pAeKzJOux9BHgnDdZsvQZOBe/9DQt03bVDxdkXxZpr5oessNbrnNcwJyERGsGtK9xk84RQW5Sl8skg7otLqU71rQurkRYVOcSVMxjeqZkQGT1ULBB6E8FbGvac922+esJHAOjFrvWjz8EiZgBVO2ARyuqW3r8kWiHaDshm5mnfyIgblH/rSBqXHMuZeRiOgtDEmM1UvR8TC1OQkYtLuRfNl5Kj2u8u+okLrZeAbqPuQSknU8PDPx3KPDbptUagGipsAPcMPNsRC+hNOG2YLS7wpXDBG20OYXCDbdnCFJKh+ItaGwlNgKvrghe0vrJdNeIPYbj0fkVbqx52tfIrWwmHpKnFEr9Si3NEjao0s0TGqb9FhPINWUxQ==]]></Encrypt>
</xml>


2017-12-28 09:30:51 debug :
------------
String:
account-ticket<xml>
    <AppId><![CDATA[wx7f83e93205d2fd31]]></AppId>
    <Encrypt><![CDATA[qAsnnXYglLFzNdnLlfX9v7YwUeAjKjMZ8xKZPYaBQrWj5IOz9oF4km3keC7kAIQvHKa1wNihBhsrdYfW7fsKvWxtnl/FkZ0Azcmf8Kx2N9GvjA2ljRHteUXjrsNokrUB/HVCKaj+KLt/6kcS5gEP15JuWOk0o0ADtvhC/OrmmY5EMtSI/77f8KKBmV2gLtlcnbF4KQE5bfPVgGhdZfL/dWj/oLcwkpz1kfwS3fP9LCHGL46EqiYb1LQFBJ0soL9ejBAlcWTP/c9Xm/MCt828HkkcFg+Bs6KbZrfXuNgQNqLc3bZ4UifyjqmwpZ15/EuAotA62jQ/XzYLifll8iwzVY7pwenSmciNowog3lEnsdOvNOZSRKeRSVfU5PLW8xu3B8rj2biSaEXfBNkMSuRWMW362X0mdRdQBvSfC+P642klVJlfDcwAPSaKGtbUV7aiygJ94Byow4dWBA6fHmsQaQ==]]></Encrypt>
</xml>


2017-12-28 09:40:58 debug :
------------
String:
account-ticket<xml>
    <AppId><![CDATA[wx7f83e93205d2fd31]]></AppId>
    <Encrypt><![CDATA[uq63h1Aztm2oBaamZIZaGwTik6YC3VQTp1Ex5bDkEqpK34r26VwZEf5F1iVFcopd10AukUV8/wwllNeeSKfsSFIB7sKLGh9E/W+nbZZrRedXQWcdA7V9bc0p1jLKUjFqSMAjF8xvtCb5DbRjVVNnLgDNplkC2chpUbPxDp1aHLFMZBT+r6D0uyrM9QsZF7+AoNdxA6v0ZvDdCJAQT7t5n5tEeBbxfzoSdqU/mrxLnjdAysnMw3bGniRHZbB4weJvr+OV4Cp9mFZp8SSJdswlFW3aYk2f5Xx6sewqSrnBzXRaV9fRBU/bcHIrj9Cxkzm0krEwqJkdl3YK//fq3BQWuXl9gJIunBOsUhKWGT/U/Zstm7iwSepHdzTvyuDEg0yT3bKELmui1xmxTt6Y/jXeviwM4BRJ0U6HIyIscWFYMQ/0G5+7ke2w6ZJAPrE5bS+VOsHaU8XbaqcJf2hSRKyNPw==]]></Encrypt>
</xml>


2017-12-28 09:50:55 debug :
------------
String:
account-ticket<xml>
    <AppId><![CDATA[wx7f83e93205d2fd31]]></AppId>
    <Encrypt><![CDATA[h3Hfbn/ljCXoMQ1BuA48YHIMXNVbvjZ4rMtoXnVnqHGApWBfcKpgwoaUc4oiKgqw+FynsRo23SH0FTX+kOhO9cUmGe8qk003T633cYpLodAgtaC6LPd8FT6vMkK1VpyJnlE2joqjGST91Hl0mm+wcQCF1eC0Vt4+KP81mENJH/ZuXjlQO/uJLnshCZNRJEcNRmm0rx08mLBdNzkBmAQ1nXB6mAAwn57FQ9Rrzd+58G/C6Ilx2jw+VrlvEeMs2n8GCJRDFAaXxNQFS7omLweRNaBTuZYWbtnlrYOpGdIwHsKmGf/62o83fzy1UNNbeekpMBUWl/VHjxwVR9NwbAhMTYOeZPB2q71oxtgfWDXyHJ8m6ix0xne5SnkqGcRf9+xXfXQCwBL4l14s772YosuC8LsQQp8U4TC9tO9OuTUPOWE3Q8kg+T6hwleGwit4vG4dmZrKz2NcJeo1awkU9pQeYQ==]]></Encrypt>
</xml>


2017-12-28 10:00:57 debug :
------------
String:
account-ticket<xml>
    <AppId><![CDATA[wx7f83e93205d2fd31]]></AppId>
    <Encrypt><![CDATA[7w6AJSLfbXIXIXGFYFLWNQiPhiJqVB3Ij8jEQ0K4Yj4D0K0Wxg37EAo2VtZ+GDBpJnKkT3QwDyh24eLEWTUMLOVCvzs7B/1yFybyh17rgvNce5Pl7D8UpKAVQaJlFlSDfVCIsS03qScieWjg6ywUySdTad1wFY1cErzfgx7GEtG1SxmqcwvAwg/c/aHxJSRgOL45aSZTY4p/8Vk8e3Ss1e4XZSOKUtQDLijjutNrZEnSSW7ZAgisxcGGJzDNXNHwVqFK90EMCgvUd4FP4pk8/ZR8ppV7wIy2jfGtcZpy/KU90cZZUC7AB5jfeNyvPQq5xMTn4q2yGeuEAJA50vlHKHOd5eZQ/z5SeQRvcP1OT+Z/uVEuiFSli3QZsSMuzKbNZpMnzDVDa0CjlBHQQt/uFT4OubX66tBE4hKR/RkMjujjQYZnjgXmgFP396K1DXKNni5bRaLYeB+HVg2z+GUHQQ==]]></Encrypt>
</xml>


2017-12-28 10:11:11 debug :
------------
String:
account-ticket<xml>
    <AppId><![CDATA[wx7f83e93205d2fd31]]></AppId>
    <Encrypt><![CDATA[j8jc/LPbXp23sFyBlWvbR+SQhwVCt0xCB6BNcE2kJGdKpYWt9ZEEh3dsBAMuman9nNJkEmYD5uUDBAgMHmwrEH5a6lUO9ykRqZtLXa4iu71ItsWi52lI8gmaks1fz9BJLHe5AwwHPtVZLEAlLUm08HoDWpqPObJgI4Uo7p2xEsM4rH3Sh3nuIqz4KVjszfsaLQzSdCpFaBgmYfg6ZDZ8Radd03iQVwTubnPzZpKrx9BiLKofMmSwaECduUWtgyEZTPJyzRl5aLql8uTm39ekZJfiygy7ITOnMqPtv1tPbdVLyBO8QLptxo8obR3pJsSsCRo9g3/inEfmvde+N7EKHyUiFcr2GsYtgSZTOpQ5o3KrKxpXmV9xxpza1c4RWEkb7DO9YGJGOdWr823kJYJ8gBwyPyddVNOzCSKas1IroncPlzWPVEg25pIYi9ovpkbHWA0EQP2OBHLjUSEhnnTz4g==]]></Encrypt>
</xml>


2017-12-28 10:21:03 debug :
------------
String:
account-ticket<xml>
    <AppId><![CDATA[wx7f83e93205d2fd31]]></AppId>
    <Encrypt><![CDATA[lqhBqzZJhXqWoAX6XD9dKBZOqWy9CJcyOOAZ37l6l+5QQf3NNSEzbAoaAhhQqf7iiEzeMqZG4YH0hRaX9MOxXxyUqgrc8fuQxxFrEsFRwHqbZuS4bmIgVWhssxDRcErYAt2WAS+jlFjIOcsBQGirGN/umz4+qngFJfFKrln3AVLt42QqZGQX6RVY0hZhU22541dft+xS4XXoO7AAPtHrAzQWOiRn/R1RvBzGNLLCp6IMRhbCBMJyAaM2kCIJrx5NwApGFTLZNvtudZMEDgEDY2NWVjr+f7slmn9nWJ9F2SV5lMDcvTRtao3wPmOypgtX6YWUYPDJCAaK6JU1i1qmH2+hkZkducQkzm8Oq4NZKxOyAgQBUr+t4AOywgsoIsGrjRcpdm2YQZXuHRsTATsP33FYM5COHRTM2Eypk9rX0QDiUfAkrdwwlll1sW234UScDr3sN4M2quuNaSyZa+vcpA==]]></Encrypt>
</xml>


2017-12-28 10:31:08 debug :
------------
String:
account-ticket<xml>
    <AppId><![CDATA[wx7f83e93205d2fd31]]></AppId>
    <Encrypt><![CDATA[SMSrfcOELD1Kuk6uY0swT0koVdphu9MhVeQ1YLf1OJQ2vSrFxP0rIU+wDDWtAZ7f+RbOrvtl/LJRZW0Ze8tY+BmPJx+4s6ioUHTSj0Htvl8C9pl5h7hLXJqb1W/jKgFu0ZFmwX9lbTvi9Yn380t+5r5EWMH4cJaXME27f6N/0kKPqhIYMztp/tMFJefFq3TL+qYI9FAjPt0EKRtXnHJIISOVf2kOaPcXT4odCkByMElaxnVu39wdBGYaNhwet6uBHLFqceDvMwF+pKfme6XI7ILvjSldKr+UmT2FNI7NrDDmF9WlyLFoSQuT5Vj055qdevrxfJJkQ8foSHv41v6GgZGyMoacbaFspjl7qkAZFiHebSp5fdOCs6EVxaprtmPXyi3CZltT1YkNYR3Dhay+V63A6pF8MZLTODWZSHLsyhc5vvzHOF6NkUa1kXURLu3TMk+zkNr/6r88mI3Fh852Wg==]]></Encrypt>
</xml>


2017-12-28 10:41:12 debug :
------------
String:
account-ticket<xml>
    <AppId><![CDATA[wx7f83e93205d2fd31]]></AppId>
    <Encrypt><![CDATA[wg0i4R2RNI81F/Stb4Rlg3CVGDLpg3phdNPlsSHr6Pe0glU+qzzm11dq3fC4T6NnmU0rhhF5mJ5cWr8IuvgS5W+Cb6Ef5foI20mY8XXSNto0zzp6ahJlnmPi5eNTVoUIYEbVx6IANUX2A7q1AIlJP3/53fFBDZe7Mk8T2jgSMbEOo4GjrRb5dJfIFGaJXtK+fgnuAsBMQPgx3b7xnTmHq0RQW0VwaMJZmfZqu41KcTVi2Vc9H/Hq0k4gomCuld3PvoEXVwwMomi/yrhLDAqhrDaSZufH5lhS/zwdE49ajT1cg8yO30xe9L9CZ+xTDGxGhGZ3WIOnHgP05p0iSgHHDUNi00AgrHeSeUOXLAU9mmPP6hmvOXDwgWLXhz7fNhwmE7sxGifpOwuhI9JY9FtQH2GB0yq/zccoH5iXgd9M3sg9+Tnp+y43cG0H+5j5Scw1PYH0X6SnqeRnR/Sx32KZpg==]]></Encrypt>
</xml>


2017-12-28 10:51:07 debug :
------------
String:
account-ticket<xml>
    <AppId><![CDATA[wx7f83e93205d2fd31]]></AppId>
    <Encrypt><![CDATA[v47AMNGQrQQyswC7/61lusy1J0+7qv6oH3udfo1dCNPX2wg7lfel3lfYd3qpL2dgWU+QrP8l4BGg99kThTXBQ7w4JD4Nxyd2HOAvSMkLtWoDux7gjbdfkg0EqeyAcRagjKgZuOc1EfqAMmHIyh5VWGFKpf0GH/HzGTZ4f15AyQqPNP3jQB8HUSpjGwx/E16JADaIM+SR+0t27rg4iKxojbPONSr5tzyBDX+HhURrhISTpyvK42990jNfxtrK+i6Y0PbjZI7YS67pFZtYFzytGingN0uPdFWkFJDeSvPQHzkqV7he4/A40SQ4KXMqoVMbPnfostXGvK66dsTg1p0phkdn08W7OSLJKXEhhiMjZNdgvQDiKvzWWdL4Mg8WIlq9sfZU/8g8JVjPBhcRjg8HrVDpdp1QKVcob74woNnAntvAbK3ybtNVvZ7DROC1lTxoywnIlfmVC+ixVP0uVvyEdQ==]]></Encrypt>
</xml>


2017-12-28 11:01:09 debug :
------------
String:
account-ticket<xml>
    <AppId><![CDATA[wx7f83e93205d2fd31]]></AppId>
    <Encrypt><![CDATA[6/r2DtU9y0ZVRFr/tIF+EeWkavHiZUKs4Ee3m1mnegHifdTlJqLIVBbGd02/0YvVNeBb+gQ3xra3Z98obuZEMXi0k1WeIn2WxYeqY/cmH/DrelC50U67kVs91P8pwvxsuDwuE2s8hmCfDFDc2gYYm6+5o2BboM7a809DI1PA9hUfYHmgYxtJCZVAzXO3FCmXYRqsFoAJSC7EJT+qoaN8xsiNvddoK6DD/TgFZ/0kBM9JlMQOLbgMTdAJXkD+BBNJEt3/rywvEb/QnMNhsj8VPTi06+/iwzYtcmA12w9wDz+dlBqs4YeJo4Eom6hlEglCb3kRuMhhsPMno6MSIWEL2InsfDvrQC53qY1WncTBAhpu5hyM/JQApClzENX3c939sBAPOhHZzc8uwpqaaIEJJPYwQ/9iDJ0BhhL+PO6ccEdCYyPLNVGCB1dAdYQofR3H+pa0PP7mbZM0Gb2/NX7b/A==]]></Encrypt>
</xml>


2017-12-28 11:11:12 debug :
------------
String:
account-ticket<xml>
    <AppId><![CDATA[wx7f83e93205d2fd31]]></AppId>
    <Encrypt><![CDATA[Yd6Ffbci3L76Rp8xyNNIGfHi1yEaHXU/5yHQdasuG8KHzMm1SPeSgomdSJV62fVDhQTS7x/yXtd7ym2BOAGXtIQrv+qQoH67CypOtRNM+dY3lWc4bcqh1A64IgST4BvoVFc8//AX3Z+BjWE2LSiT4XvQQ3P+hZfpylDUJdrhoWerUL6mDGLogpNLs7AkooxIlMe0BhQ8fPOl88WcdJ/kLUU5FsbDX0iqUUch85JFRVKqOpYINtDNRVbjxIndWfrqIPiI7ud2P71Db4PeqQ/rN2faQBdH1rL8l0hvSJwpZdqNTt6bjW07gquWbDR/EA4SMF6UTV/mrsQUZSIz8yG2nbLKLvzTzN+FAk3+RwhIl5yC6uP021lpKI632ob5Cki7VLIzECrph9PXbOTFpEYNWCwBcWHGtcmQvlWF1+AxFPV7qaOWCGXII+uFr1cBGJABXhDfPXZaTJfU+EYow2aRXw==]]></Encrypt>
</xml>


2017-12-28 11:21:06 debug :
------------
String:
account-ticket<xml>
    <AppId><![CDATA[wx7f83e93205d2fd31]]></AppId>
    <Encrypt><![CDATA[5ZkMZd19JiphL7US89J7Xnx3VTGZ3eYPAwp9i27ABmxD/HFcTdNIQIldDn26blrc9o3AWhP04JxwN90mroknkaElNkfT4sMAMW1QewsQnHekFqhRAdTJ9kvK1FOVJqmsbyipYctEyVm7LI5DybBZzUiE5z+ly1LNyBlIXf9sSKn0TKpmGhYHItqisXcWyX9SUVWovDgjN7jNJ8mt9KggNtF/8pcRoqILdKXhmiOvvxF/RJBE0UJvqSJNQbl3yI9TKQfbObe5Z2Lc8VxaTV0ym3RhRBPEVff0mnnvweMdx2dO38lBtQUx95D+hTOFu0tFpw+4pXAuL12tnit8wwwM9E2YXJrvx/dqSuj81XLZd/dccKXwo2QsAlIw3ym2lDk0PtdRX37CwoTigKyGvbvSygrvFTi++VtHvUO6zj+0LcGfdBvWNelv2NUDvDk4a0fU26ws0mZs6/QIQs6TNbS38w==]]></Encrypt>
</xml>


2017-12-28 11:31:01 debug :
------------
String:
account-ticket<xml>
    <AppId><![CDATA[wx7f83e93205d2fd31]]></AppId>
    <Encrypt><![CDATA[KHwgKzQoct1wn1W+qRUu35tjciw4nMV35d142OyAf/uR769L9OMtVy25CRdQjp06FnegyV3UOjPyQ0MSNzkRrm1GIaVHb3QPkTIKC/r+ZbcIFCLIEDDBtcmZdulfyVBvmo0RR1NmrBDDEeQaHUIOYMPyAbwMVWY0FNKRAT39B/u3Q00A51ypucHbfB+ovYHx+aPiKAqDkwcrk5RFJ1ygpJTZsHdlDvh8L1pK5ETBlvuEp7zv8l4X8Kc3pNM5Pc+NPGitbW+qciATBZUrVj1TvTD3+aHs54EiAb13cRl0ZSJ++/8ixAFlLnuTumfS1FmpqePA/52MZgbZtOBZt//j0x06VwOrseP4hFSxMMbGFxJTtSb3Yqc4Oj5MfIlhPQi+Q3mjM4T/baPmm0nA8kuxdCzNukVncDB60CyCVB1ocnAn1JjDUM2S3PNYUoiyPPNxhDDyxQaAsvr/hzl3wwvkaQ==]]></Encrypt>
</xml>


2017-12-28 11:41:07 debug :
------------
String:
account-ticket<xml>
    <AppId><![CDATA[wx7f83e93205d2fd31]]></AppId>
    <Encrypt><![CDATA[3X4feO10M2kavvf9dR3ZDY9PjgG+DbqRqmZMPPNXXjWKUffOd5CnQFXkxBP7TIZJG1Er8oQ3VL2E7O0bGtahKR0NgrZX5ezlKQcx+Y54vFM7yvusIGf1Cr9mO8xV9OEf7DWWC0pUkPewm7T1aqhg8D2aaI21UiSe9XuHKPTliJm7aa7QGewj+H6crwQtpHLjagNk6g3EhaJVXwA5KK5HzLQPsIqlTuySPyG4yVwHniDWKC+Wu9gMxKUMWRqANJWuxfcdAbg+PyGFg45iX+/azBVRtRLIgZo+UX0YmfosuzzCOix5zUUzQVavL/fqrSNDWMrOTVU9BjBpILASfrY/dNvNcuVYv+mQNo0/AIJVY6sgJ/DJMGRzSoSWu+hHmdqAUWmQ8Wlie7g4RENmYgWYfIFs6TIF/wLhkndkEACqH67hwQGZ8m+6foNY1wOt0VDr+6LzGckEYw6m+9ElRQU86w==]]></Encrypt>
</xml>


2017-12-28 11:51:05 debug :
------------
String:
account-ticket<xml>
    <AppId><![CDATA[wx7f83e93205d2fd31]]></AppId>
    <Encrypt><![CDATA[JjfiUO5WU60zw64nlW04taJxs6N8jcQnmC+wzXlb+O8e1mUfGLDgFcGN7XG/hVcJxf5QMCTar0Lwwk39iEyMYsRRrtbtywkfLRfd3huo+KcJA+LeVcdEBDGOb72vgjI9kRMoBYdIJrlpSOzrDCteRclyIi4Y+c+Qe3K7wcaGOnqIiH5b6a+YJNIllwoXdom9dVUtU9PwgUDXJALsmlwftydsn/NYDyczQeCwf+IgSB9Y9QG6q7oZe9QtuCc01YE/wDIugjgTF++aQh8zv4/xuxsVdUTkmkBXySWESIPbIvW6bHMZIo8zhm2aX1w4C+nrXIyE8B+yOMhyV6WSaE2k7Dpn7SZ6YYylhPfH9yR7cN/NhCcYafHLCTzdnN4uq8Yro4oYtMxWCRqIeFaMXBBM9Ufnjt9UlaYlj6A5MOiBOYY1LSylEdXFCFg8Le4MeAH+Dn5asA8mzVf+izwphJdylw==]]></Encrypt>
</xml>


2017-12-28 12:01:04 debug :
------------
String:
account-ticket<xml>
    <AppId><![CDATA[wx7f83e93205d2fd31]]></AppId>
    <Encrypt><![CDATA[r4kDMLr9d4Pwtkk8T/lYjvlT9uxtEjIhG65EjftyAXjzGUG88sw6cT2Z+tbZU9Pg3j5jA4eHYxDsuSz/aQ6tgBRXcnz3DaAG0Q1ZJtYvo+bDwMW3Xhk7HZXKFiFWP5pCkiNRTS/+2syXHWxBcc6Kt2eyS+kBNItJcQOjlkfMaPtJSGbbRImRomQdobCg5D/kwew7577oCZhxwS0WUvvT/LYaG5chIX6KNMk6Cn/3l+WxTpA28w0LfqAJAysEreExA8Ts6/9giqOgCTMcbKbKDkDYv9uyEvjgFOltBUxprEJ5W/Pn/hdhNgWH/fwp5BGH/94YJbPUtkeTbKH50BQQOaw5g7w2ALXBBg/MsVv78Dal4MvldbEcJKBKmV8sQ8XAfQyiQrpuMYCNlIXqOWq7TQOn19BUhSrhoN+x7LWZ+cTUhC8z0ljG3+7o3cS5TOVOtP+0XvATLp1htN+iwHCZRQ==]]></Encrypt>
</xml>


2017-12-28 12:11:14 debug :
------------
String:
account-ticket<xml>
    <AppId><![CDATA[wx7f83e93205d2fd31]]></AppId>
    <Encrypt><![CDATA[L9QPaamxnNMwTaWgQTwzlOlxziy2jyxCUmEIxTeYlcebZOR83ObJDPKElspfvKH6UaJitpb2nJCM7QMDAAe5f6pcbb6hh+zAggIX2+t0yrV96/F1QNDNKZR/vxQa5CQ4B5yak7oBYEi5ONhlhAKCl/NKQqU7gVInyKBlnihyRlMcf+Pk4DUDgUkpdgh5zpokbY71vQnoQT1RyK+Hix4KjhUhPHvdhceTOPWwxv5fIo4OcG98GaZCCIupLJb9mIxIoe4XtlfVa3NqGGfrITHR9csAONRBqugID2VgXz/ysd1Pkve3FVIzDhzxgQun0Yc5xz/NVQmT0Vjbr6KwVOFz6b4oGnSb1+F6HnlE5m7rYGYFYiCFhtQCGNrUTqWM9rMNsZPNirD5LK6tGgexIUoubXGFAcN7ZeMFwEBdHGMStgtrKb9cx7CgSfSJhGDtLrPYDh2pfMcRwwrkMW5KZ1CntA==]]></Encrypt>
</xml>


2017-12-28 12:19:30 debug :
------------
String:
account-ticket<xml>
    <AppId><![CDATA[wx7f83e93205d2fd31]]></AppId>
    <Encrypt><![CDATA[HglMeRoIUQ+akhgCli0lx6QNPwWKVse6GJdwj42Jf/O+peLRix2fgKLwHeFs9CEjxb1QaOAjIk2ikah54AzIIrKsT0QiZpl63y3U5FwW8mRU7TA4QTvSQaKuP50HVwqhy3DkRMB6QuzMOJKU33gX7+EIxKGJS1uGslU1kJXcKgfIAYGH5p5Tnp0ealK7RmltZjI1o71F7HXqVQVhUpNJMyob50+7KyhRMA53sfPdEOsv4yhTkP8k7qfl0GBOCEYyfyGBr9ePl+NHDBfkFu5/KRWi6OqgK/mdln5g9WJmQuHHm8DKCchYUnkot21AngSbTgg4ReQ7ABd492imgfvioaJL7ncI+c0kibPJHdzKKONb8fplc/QhtKRfQ4ZIvFTGWu+yexkPB2j2L25uFT51Q6e4WiMe246UvuZxSlK1GmFHDPoz0Vw0Wt0z8gRYa4JncVkGc+oa/Ex3FfDdoR2OFA==]]></Encrypt>
</xml>


2017-12-28 12:29:28 debug :
------------
String:
account-ticket<xml>
    <AppId><![CDATA[wx7f83e93205d2fd31]]></AppId>
    <Encrypt><![CDATA[9O4sCUcanHclivwxgu0rJqNGBXVdxtREplFYu/kF0I9XXdO96INYL4HCxlamgn82w54jM+EQV3LRxWKAH5CfpNYhbQNsoriIAE/u337A9G2tY4nRmRbTWa1navNdEjTk3nFFp0NPh6mXDmJTWhosMU10G1I56GwXGjpQQZSig43xJmxfzyK8+xtbe+D7yDFN5h7ON9j2/gMltGYxZtCV0ZbNUbuRvXU5jNo8BcZDjavbPI6MRNaPYKHvra6+a97kDu2Z7TXx4rggosPr2b4SzBvaPOw/IAQjsvhrqc1oJADgpj7YXAwZfx7OBV1wnPgcnu+3DUR8e30WU9rsrKArHJcVBy+mqNlH8/plcNnSlCb2S5hHL+sHE3S7X0Mq5JffuikcFp7eT20gTOduhab26w7IEmQ3bo6HXwdBLR20PO4KMUR5HnUH9TE+zG94phpOldu3ywtuG2W4t4fAxCywjQ==]]></Encrypt>
</xml>


2017-12-28 12:39:28 debug :
------------
String:
account-ticket<xml>
    <AppId><![CDATA[wx7f83e93205d2fd31]]></AppId>
    <Encrypt><![CDATA[5r2/DskLfigR5J5Ox+rVfR9jCzu1kBCHh8nlVYUb169MRHm+FRaYedgELC1xZ6lXpfLXJj2AxwaO7QGNaiG8S+lPO6pKk7ihqof5i8JxO975DBPxlofQcV4OhXO+iYdYB2mHhJTi4LtyWTCpP2x1p2FOQv5y0Hj5aDjFALRPgb2B0Ppy1UN8fpi7eLP+Ro3/HhYPAhSNXbqLl3Mnxl4JX2cJ4mXHVTk4EMlI7iHJnCsg8P861KYb/ld3RpuBij1BJOcw5slQfLprXPY1U+mJNCVrqxYQ0b4AwR5iPtD0KgFdnN58RZdfmvSTmJs+7OtMh3qHl070Fq6GAbV5orL819G2pLnmZRTLS7/hVfAiXomYv+t7MLJTSMrxQOHw4AGsbV9VRbEhn6NQ8nOhZe1AlC8SsbJX1YcxjnOdJjV8XFAsblAO+eQNC07QqNwDA/SAunzU9JuUy3QUWm6U0JWaow==]]></Encrypt>
</xml>


2017-12-28 12:49:22 debug :
------------
String:
account-ticket<xml>
    <AppId><![CDATA[wx7f83e93205d2fd31]]></AppId>
    <Encrypt><![CDATA[jgtfKJBmpvPcOcT7e2UKL6q8SWk3rqKXgs5mCMzchiRTA0I3vbSmLdtDnOc/T1qcfJ+/5O0J7obvjQNiCRrazncs6mEZTW2u59Ry2wo1I/kIFNx+dvC8vj+HdIJAiZ+mtqgYImPo44QG1VsyF7HX4otqfX8v42E9FqmnuSsddRBEtppg0iQIpYsnKut/galZTDJkFYxoLnzYhhkY1P9/eeDXcVaDLPPSk2uYUcY3cq/mS6jTskfMwbCmHDpdAOm/T2pfL4pvC52O+LLktmujBFeg//0Q/mRFwYFKQUBciHGGt6XVwPevgKHxq3422sDo4tDvcJkch7kTFHGIMUtxIK6S6rpbUWWzfkTaxYg/Cgm9sjHWyGVQZgHf5dIxVBteg6PCA96eBnNBCgjcLnp1ujmRxD78xjDKSLeud6AaOY7eKLTS7fVepQqWOtciPvptiZTz0+rsRFoYTLy383oG8g==]]></Encrypt>
</xml>


2017-12-28 13:26:45 debug :
------------
String:
account-ticket<xml>
    <AppId><![CDATA[wx7f83e93205d2fd31]]></AppId>
    <Encrypt><![CDATA[ZQ5JpUzl+TjoQcaqv6Ky5oYKDWgrX2MGaPMdnCculPoMv+8C8Dx4ULgbqP/mh2upw3D2PXO/PLmSJ2BPtbMcDZ9saDhU2YXU6pL3CDIesM3Q1JeOPHqta2LYim8+1dsYYITu2UJAs8E0stCn/10csSXyQf39MTXgLuh5bcKEzsDXkXri0sj/M25Bczo4rfCEPJr6AVU9geVzeoYkAKxJsDpC/dJUPFchnpd0qT0OQBXkSFq17bNISKDBs46OXkQyqarJdRI2wGQEf//eXacOBmocb921DCMSh9/zpmoyQS5sf1/2XB3DoML8iykDMm9AQZzystyheyslAUOWVfYuUJUvAi1G+h5Wf2vR2c6Xfx2rmdIhaEUHaI5wXHMytiiK5BaKJ32DAdxy9IWi10cv1FOuUQmYLF57dlZILmDNRvv16zMxm1zuPmGpcM/kULQSdhivRHl40xWqhuRfjpinrA==]]></Encrypt>
</xml>


2017-12-28 13:47:08 debug :
------------
String:
account-ticket<xml>
    <AppId><![CDATA[wx7f83e93205d2fd31]]></AppId>
    <Encrypt><![CDATA[0HTnQAqSmFM/7g6cXh0IzCaeSdtY+uMf6HfX5kgUdu5H+DYAj9hLM4QoBDrxbNmb8xt98qZkvpI+j2F2KPmRhpUsNHKI/eIwloFbkgUvXcudLY9Jb0MOjdhg4JG1yquGAG8e9a3zKzvb6rD1qW6yjoLcpBHUQ5ogQVgPkm4wFxc0IIGVlGc7DsLuxALhjDNNFo81I0oMogwP1STSisX2ZI2gDpb7kEm+BWxFN3jAS21rAgIs+UtO3h5/vvDmLU7GKCVvOvsjIc8f0E+Hh58LooaTzj3UEBkO4JEatYFDZErGl4j6yoy8GmYAW0hmQFR/4G6Na8k9nGzBRhqwaJMn+iZu7tIzQImaiqrEypJsrN9Ji44r0dH8sWlLn56PcB2bFN9MOzALJ9UXNVZzKjOdhZlt6zdbNeMG9qD9ceUGWIqY1ROLxf73NHh6NSe8Vps/LsDRr78y7NyPxGVF3mI2sQ==]]></Encrypt>
</xml>


2017-12-28 13:49:15 debug :
------------
String:
account-ticket<xml>
    <AppId><![CDATA[wx7f83e93205d2fd31]]></AppId>
    <Encrypt><![CDATA[lNHFN6FDeemzTxKuzX4QoBDtsejmyH5taMuv/HUgLhdZt/IK1E1J0YH3rfmwISKuht8aISzFe2vnJAoIVERDk0erFypowTM6G5IPqS9VZxL+Hj0q7m5f9pMtSKHCG5aPf7ud7b41x/rH9+Yt6wNpzE8GUscY6U7mpSUw3Ls21nAOwfXfCF3PMKv3/EeipzC8DJx0jnw/rBsjWHOFuNQ2MyHRgt64V5NBPJR0Sr2zNDkIBSmV46NtHP55WTA23bDj+f+xHXNPGXjPFj6pBvBOS0G2CbL8JVraBoGHETyL5gt4pKy9bKU0RIOzc+7oJH5ugLdN5/4JOTNoOBKZ3KLldMc1vc9yZttGWV/4jnj1yVSTpCLim536aj2K0BioqQKo0Z7xN/HbVn+oZbgOC1u8Qi/WetlIqzKJfuA5C+5Ewzxm5OMtRshcE/61bKbfolw/EsviTdPWzkBOZAbi45GwXw==]]></Encrypt>
</xml>


2017-12-28 13:59:25 debug :
------------
String:
account-ticket<xml>
    <AppId><![CDATA[wx7f83e93205d2fd31]]></AppId>
    <Encrypt><![CDATA[LagGHyX7rdA+RL3TYvVuYiPG110+Ga0hoEjsKJkW7XARK/W+HET3W6QsR2gdCe/sOGqoqUK/Y/olJbSZnSIquATtA3KJgVQk0gffM0h86HFiQd11GRYTU2VE1eEyEB6MUuE6yynVyR7c7DcVbvb5xGTvrp1/UuxshNxiBnBKFeflRDq5XKcNETOf+t45KRIqwOvjMj2LRdKN6MbqZUClKvVpHyGiWZf14Js42wTPCOBGoZXiH/fJxU46gXnTSbzQNB1E5WiPVkFwQd9/huywS5v/o3Y5ykzUcAEGVBIwMIYrAhMm6DfstBJ/Fr4ji5sggzmgp8QFysnQCzYt9o2V6aPmc/W7VYl3ka76rzTDJ8wlKkTeQ0AjhG88tJtijAGe/qOwLIjGcElW8OTBYfbElQA4NrvMKWUejtC4aeDD1XVy457pLc/EyEzgCnV/9wP505F0JPETaQUHz2FDSczq0g==]]></Encrypt>
</xml>


2017-12-28 14:09:36 debug :
------------
String:
account-ticket<xml>
    <AppId><![CDATA[wx7f83e93205d2fd31]]></AppId>
    <Encrypt><![CDATA[5om766lel0htS7LAxI90pgeKmnP87aVdOW8NKeqtkHlHn9e6iqSee+GjxetkV77kBDB0jP/kDg7ZInnIsPkEsaaJLCvAUasWH7wTLjq1Fb18BHXpB3kcqO+Qio0s3P+lyUDSn+ArvqPrPtzqNHYwES9kndyxjNaMX7j2Pr/aIWDeBUc71dvGR/A0NjKUWXw6IFRflVeONP69LjSpAxaOxt5ZnNKKN+ccGHnl9SIc6+SewbMM6AtObilTc+wPRV3GmK8rCRadRt9gugLGM7qL9rxOpX03fd7x31i1Jh8QYbZGrmGd8KClUMqNEKTiNAm9cQraItdG8nWJL0ohw5JRLRNIuC/xjtbdGr7hh3Qn+lkpG3gq5KOq7OMkC7QWZZ6xnIiQkjcv9VHYhPqM5jRorhyI1hfgpbJ8cpMHkixU2eNh9ny5atp6yMgwKh4BDsdfOE3qW6bE9G2jaOMm/Z6eXw==]]></Encrypt>
</xml>


2017-12-28 14:19:29 debug :
------------
String:
account-ticket<xml>
    <AppId><![CDATA[wx7f83e93205d2fd31]]></AppId>
    <Encrypt><![CDATA[V9SPDvOLi7Zegk5ApAqbBGnkcrTuQRw0/UDuwWAQDe17TCLpR7YjSUtTpcqDyhdz4D4mJXKNfzExbjaWJITt2nYYPF1qX9hZ5Ye3fdlNRhu5s2sMmZT3ePQPTDfrCVpU1Xj2WIcclt3451LT+iZ+CB60zDaj8KoFH3ciRVbLeKEHfQdqIptfHni20z2TZZ1zh3+IVND/hnVKvFaMLvH72WwzP/BV5A2/2PwGpUTa7hHGtRQxHQEAqBxNMhUmrOfIM0G4J/ViDIYcV7W6VtFT2nzj8AP147YA5W1G7mVH1Xglq1Hml0IbS9jW2AMUpvaMtUNLsvnbV/9K6WayNscXVnz3cFjKHGsnCnloIh8NvEY/so1iX8qXACQ7i1v+qC2TWD58eA6C/BEJgqa45WURHln9UcA66W8cbATk7ieQNnYzA+keVTz7Ovojxz3epxvdLh8wLsQRXkixlWq1S4kHag==]]></Encrypt>
</xml>


2017-12-28 14:29:18 debug :
------------
String:
account-ticket<xml>
    <AppId><![CDATA[wx7f83e93205d2fd31]]></AppId>
    <Encrypt><![CDATA[cumskb1DW3TYTesYWOsQ+mV9wBCcDSumHt85SCoVwi7+AIm5dnjxCrmFAgOPWHWGlvEP8yYJIIhPfHQklXiJX8utU/ex82FPJYY2fFLMrTqUGNjm7ZQYBE8hW4dIaOuojeTPLVC5K9miTR+q8Z9WRfP2FcKQL8SFsVa9PoR2OhvynelLtrxU/fe3auHv1Qp9Bw8oOBSNX799QfnJPtPlIpIYXtiRvp7ybz58kyQujI86YlYcuzEX/mIYQ5gCKV5IgSVqF+8HM/4KdxbePuDYNXxf+wjTF9jRjkqeLjBoLCOf+JgVJu6uXN8HqoFVQ+d0lIyX3DPapXvwIXpW+Dsdudol1mCbgRBkbiShY+uiUaVjmfs6sQYr6xBf7jRnNiStm43+D+JLCsP46rohKqFy+mSqCGNq/zyVOoVeClnO9qvfLwjPVS98PZOtChoyHhG7LAEvmmvN2cSkQ2A8bB0xWw==]]></Encrypt>
</xml>


2017-12-28 14:39:30 debug :
------------
String:
account-ticket<xml>
    <AppId><![CDATA[wx7f83e93205d2fd31]]></AppId>
    <Encrypt><![CDATA[iFD666AhxYhY2VQswGdIuY6imWt9Rf1p6XtBiTMsmiAFA863vvMlhJ7Mx7PUyzM07tyMKwrMZs7u1x5+r1tGjLCUmsPqfg1Y/BKccUy7Lx0vWOCzS8Svfauw4nzXlCINy2nLYOGQ/pz6W+SZveRLpZgQ/i5g0buXZbynjcS+tkbWqK2RFL1pDbwsK+4SsEotQTasgLqSnL5Az4hkRj0/HNviiPXEA+04CTVWxoJq3azcD5lWi1cwMPO2vV73ho14gaxUHqVtackSecBgKuxb/Gbfnuh20k6+tUKvdBM26ps5YOQD3p0+dTaPS4mWMLAkEntlThCt/Exzrfn/RjAjP2ZNEOhT/y5d3qvhF9diLRQ7MRZZLkUo/NpSHXqYtItYcYzofxJww4+U0fzSoyu1CvptV5CnmyFbmbQZoMPYQPXecC2Xq58yGnaUx0urfPExwRKmXZhnXZUondOmhIAUTw==]]></Encrypt>
</xml>


2017-12-28 14:49:21 debug :
------------
String:
account-ticket<xml>
    <AppId><![CDATA[wx7f83e93205d2fd31]]></AppId>
    <Encrypt><![CDATA[gBst4xvgTzdYZbGvohpDbIeSgRqFGOVRfunHPyOH974m6ugte9ED312+H0oRzgoeH9I0x1deg+7WdNl2dPoJ6Pt6s9tzyBJT5YUnWRZiiz3BDIxbvK7BQVjDeMkVngtjOHlpSsTRyLBuJWEDiZYZPU8eBHO2yE8smXelLgwAX/4RVzZ80lZoLsNKi2BZGmlzSbOty6iXlO2LNXkOJMLSqjSVgDjID4p9jY7quZtrjV6xUDsZu6A7AuFH92rU5d47zY7q13WvoZMwcMyiGIRApZlOInHrR1Q2Bdwnie1RrGOaeOkvBFEmcslhBZxJjstVqvgk5ClnosscGYjFBmOfRLJFGgwfLdgsd/0OUEJo0FM+bst0CmEOs4wg0pXV3Js9UbCQJoW+oX3G1iHu4ZjniaRiT5P0SBfkJQFOXUVuR0I/faiZWspKZioCPbV6Tyfl5KLCJvXnGHW6JG2aUYfG3Q==]]></Encrypt>
</xml>


2017-12-28 14:59:23 debug :
------------
String:
account-ticket<xml>
    <AppId><![CDATA[wx7f83e93205d2fd31]]></AppId>
    <Encrypt><![CDATA[zA+OhD0I4SntL9X+T7Fm4+jQBn6cHZLKHvJRWCfokkRbvD8QLmM3hJQxWSA02LHyRo1EiLaRpE4fnz7panJtNw2tdoYLn+gblWb0FiqSlfBYgneQPIotKpqTlWQQMYcjGgp2F04dvO/MzCPpnl042qAaQFRJtRxJG1rbROlb1pnN0S0NVnNNWqMQDCyryL+RjHww/S+cGaUspvFRrtDgKqkEjj03twcYJT3AZpjh30tBGHDpQYuFnwRIbTcCJwJ9lpiPyEK2eT73MtKNO2MQb7sxnaF11m5tQwEHjX6SEpXghWPn7VPlss6kJPeMwIF4+N0xuTwgHuQgj5JDJpfNflJJcj8SVj++n594NMIHM4Yo9gL3IQlLtYcF708zRoZIUN37QNvXjJ0a6hut3ENkN8O8PzqQ49PIzBWqyyLOWuYxG1z816sJfL7k9o7MS9PaLnrPnbUdFM6CXZ5FJch2oA==]]></Encrypt>
</xml>


2017-12-28 15:09:27 debug :
------------
String:
account-ticket<xml>
    <AppId><![CDATA[wx7f83e93205d2fd31]]></AppId>
    <Encrypt><![CDATA[tdFFipp6pVWjYr4adc9ITeE3tTNtz10xsQb+iNYc6OKTLjjQ43gFfwh52jW/PK/tqqdnm+eCQbJQ9iKqRHPZ+MSVeg7dWkDv6T0cm3DDF6QJCChdEMvU36Xvu1VktVtix7i0FM6EYn1g3y71kqK9bl4kAlLv06q+fvyFSU2kjBQxT+wJyXxZozdBAQmfwYcm3pqPhhiLOCJyQNtIHLGdxkwQg8kecwM5jIWus2bXzM0vpC6C7bvKSV6sKjEvCsG+rZuyQ4p9n3FYXOg+26BWu0pvkPzi0iILJAVgQV65At2EobP1l5D//1rYh0lx5CMuOHMqj53Dneb3QsaenJR6BO0DSgm/HpoI1m1iH0tEGMbHt0yOP7bqOCkTuq+18M3/fj+fRYsplOD6gTedL/ul/DaZnLalDQEbd48cmHyE6FMTeDwUJGqpjLwMJ7h+JEV9km0W2+8EeWWYBOxBQgAnKA==]]></Encrypt>
</xml>


2017-12-28 15:19:20 debug :
------------
String:
account-ticket<xml>
    <AppId><![CDATA[wx7f83e93205d2fd31]]></AppId>
    <Encrypt><![CDATA[HgkOScozAfZwK2zDjpkd88fDtpKbR7gh/+e/ir5Dzc06OJapLAfIeMRhOrQgXGZDaVeqPeagLe7/X5TWlTGRV9rfF3NS+z4Pr9DncpMplMK1pOmKHK2uhKMaGWoPX00F2YGdC30+BihuYavhC5B6O0EEmRrP909zWfPMxzKICYTz3PJhVtE6MZ8VfmWkzt+iMKpBOtmrP6cjZdUmbbtHImOTfvvU/alHW4bC+nBgqtp/ifvRzWzUQGfVbw4HGm+ZQ1rJD0CQDv5wPRBH7w2a3ukQ/BVR2W8bkcA84S80lG/ujd0hCYpTx+AWvscHvnNFzsvr0TxEPBVJIt2U/b+S1DRfHuAexv7E0j5lLWab8DNUHF0cWAx7MsZ+gYzmUbKk3U1ZiD5SYNICdWH4Uez3ly1jHy4v1vat0v6CSPBoXkNlWKvqMwGbB3TR6zQU5YsEn3DJwcpCeItfBjqiaEHTyA==]]></Encrypt>
</xml>


2017-12-28 15:29:19 debug :
------------
String:
account-ticket<xml>
    <AppId><![CDATA[wx7f83e93205d2fd31]]></AppId>
    <Encrypt><![CDATA[lmZrUw5xDl6K4sdRLqN7EWR112KVkmxDryp5WViJQQLIVJsvZIsNmb1yaA3M7PmDGcHLP2XmDhBeXmThIXQcVaCh1f0947yhBQruQoHFnSF/JBr7hYvlxs4ZtBVpeQDUQuSYsF8igE0uEkOPBsJFXFN6M7TfVEwM7ZjVzBFs3PrkswDq0YFRPGNdvNHiLgwCRlEF0NKXa35jpu8hqPGiKbkocbigbB9HgqxsZYLbl3vpSqf6SHhpvXtqrvn5+f1xeygseSjlwM8Z0HTHu+wzUXxavQhDTAVhdq2vbfGFkxjwNW2JMimBIAaI4j6I2GNTdRG718fvAgzdw58Y8fC5xb4b0MY956vIuu6SsvmXKWD0tpXUxXqj2eXF3w4LCuYRg182GlZGXYBp8KjljF52R/urt4IxRAQ5C4ofXjq7AUfI0ciozcx0A00V0x62WGbvg/aQ75Lp30dhZn5iPC1p/Q==]]></Encrypt>
</xml>


2017-12-28 15:39:29 debug :
------------
String:
account-ticket<xml>
    <AppId><![CDATA[wx7f83e93205d2fd31]]></AppId>
    <Encrypt><![CDATA[ZB9Pjy+pyvlvOd5KfXinj/KPHO4aKld5qD+MK2pWekx6HuaAE8r/3sOiSM/uRrSKzFo7s/HDxprpDlDRm0kHVS5UxResO/nYd7JFA3P7eVD8JT0aKStLv+FPbK6JaqfLRJvOiUqaxPreSUrdm2oNcGmROImzHsbNMqsDrnJz4vnDf8D1OVuL3xcqvQNCNKudbovJhKF3uv15ymL//cwx+7K0E9BCVnE3JfECHpqo58jjQb/FNTQ0zPl+kGOo+n27OEqCB/1W6iCfNHFtvJh0bkMQAEKc9do3deEMgNaO0H2taroYi/n/rFODyiEauQv2k086oSypwd0WpBL/b3CSePVBk+z3OiZBbkInAZqbNoPBrzADRd4a6mSJxbm82woVooETxY68y0HwlzmO96zJ/6P0uf4tQyDaqyUfJpvYcWKTWmrN7eq3JyMcad2x+BZIOqYSfE8ENq9m7wt8mJxerw==]]></Encrypt>
</xml>


2017-12-28 15:49:25 debug :
------------
String:
account-ticket<xml>
    <AppId><![CDATA[wx7f83e93205d2fd31]]></AppId>
    <Encrypt><![CDATA[/uuqBXtqZfW51EsmZP2TbQT20fPIgpUUvMhZKXvyK3GwGB37NIwHSnyhqMAm5fIIwXC5qrLDk7GR6J6avVt40Ho4nWEoMYral4LhwoBJmiJggYkPotlYgSJPBELO7nF7iQgB5nzMtmOU/zcp9lX0L5all3qMehxTpkFbBEjeajbiGLX2ktNEPlMaWf519MRe1vtFZVFKRlovzao59ZRgTIY36c63r0r7yyh7NRLXz+Mf0VuQotplLkswNeUrHeXaSLQHUvXvOKWEQixtEgt9eTFdIjp9zo2co2VMCm2nBezMP3ev4MivOi20+BqQEIUf1ngnCXjgtr8wUd9zrJyN7P1TtYzOeuLToilMSciO6I4hcvzrN2F3eS1loNcbf5EidPUxPCWyCbxrX6XmEGqJlxlLJPYAMo0SA+w47WhKOc3TVwvhm2zyFAzrskGVztj9scS/Q4btM7Tnc7zU3RS3+w==]]></Encrypt>
</xml>


2017-12-28 15:59:24 debug :
------------
String:
account-ticket<xml>
    <AppId><![CDATA[wx7f83e93205d2fd31]]></AppId>
    <Encrypt><![CDATA[VmAbKPvxYWR2xsMKJHigWBYUcyhckveFb5lDIiCYR0NxbDZgqfVXN9Qn8jG+Ko1u+ffw6t/EOTjdgL0bhDSeZoPfH045VaA8wYASfWMA4ZXr9qkJOaLAK5zePpWEi5xiFSOEAb7h0Hc4DrFZvWCzn7He4526Fi8kNWFkCApZGwcUBKxEfhaQYNo/4clQ16HdC5Nr4uPTluFgxgTz7kLMRN4WP2qrjZCtXG+P00QFuXusn8xvOm8n72IpHfm/8CzTSdJtWKbsVn8zc5vXZzGLAROLYoI5rIztA04Bzbp790Kh6/R1J/maVCK5x5nrJLUedXGztlFx4shZndTI1lyahoboJ9Bz5HoA1p+H1DuW+1FFGwm+OJFAFUrhwrXp7XgBVNZniWvJkGRs0V6TLPCn2xAwHJTpXncNAwXFrunayRhcC8PafuR2HxhTykDxvKiLLM4R01QoWG3PBuA1djwc0w==]]></Encrypt>
</xml>


2017-12-28 16:09:31 debug :
------------
String:
account-ticket<xml>
    <AppId><![CDATA[wx7f83e93205d2fd31]]></AppId>
    <Encrypt><![CDATA[oBhRCKtnPLaZ1byGEeydoNNUFoqzN98ddxVRmVnWATt3o2+EUZi/HXIFdQqFPJtifUass2ZzJ6yzNcBGVfLRzU8fzJ7WYH2nwOTPO7aDjc08eHOj/T373cIiv/PByMWSdeiTLPOKHPRp2atICyZbMPngFVdZe8MPaii5SDuwirYMb/UTky64tNemiZa/qujLMEkcoSQSh4kJluN72iVKxDkgE13u+ClfzacGktF/4Ondwx9Egys2UO/k1gFnp+A/RaB1GyOkGCFElEkW0NsT3Kvo5oAbsFxM++H7VFm9sVk8n65CNkME86dgnw635MLHsP3gcw/k0BYe36Zij3W5bvBcbdjnZP7CJ5V/bh+jbG7vC8dejD6w44twELepmLhSC+qOjkxF6rT3oSDj2qiae5oL1Heb7pDeUZ47PsIf6BlyM6jRwj95xGJBx6jVVkekiYkc9QAhHgKsSKz12cdWUw==]]></Encrypt>
</xml>


2017-12-28 16:19:24 debug :
------------
String:
account-ticket<xml>
    <AppId><![CDATA[wx7f83e93205d2fd31]]></AppId>
    <Encrypt><![CDATA[9npnP0n+cA7X4Lhx9+WtCQDKgOCxcWxjXxcPsakgJn5N6djI3LlPRls4m+lwO/+Pz9D4qGSkJT8JC30Lc1gPycv4y3fbFxYa0G5N5tkiBUd11Kn6lHz47/yQQYdlSPhDln3v/DBO1IbbZ+TLgeZu5fW0KTen8E1dGlJc5azbGyWOBtwk/cZ7AKUy/GxrVzx5aEh+oxsoKCEgeBgYj5maNJBb7ESN3Tx3ehuqRdI679/GnY9ozq1XnHFjvaCC17E83IlmCD/oYqLmCayN6PRdvcht5hpQwKEiwMnxrG1k8gjrarB0JKflystgixZCVM3+vN5/ifxOQHXhZeqiJpJcvwaYOCa8hTyDdnKTh31NechuzbhHM91yPXYpBjqFJpD7ijOuA5ogd4stBgJpdY+7rIjVt5feQPCXoK26nEQAL/ElspHKcvHLN5ixnRFgWb541Zveh3eehQZ0gE0i1g3q0Q==]]></Encrypt>
</xml>


2017-12-28 16:29:36 debug :
------------
String:
account-ticket<xml>
    <AppId><![CDATA[wx7f83e93205d2fd31]]></AppId>
    <Encrypt><![CDATA[S5Ce106EGYTYSQzEQRl7rFAFLiY+Nmc6bM9NXkp5HRrasxuan0gAs3dSMy2i8nBdj5kb2RC54+MkpctNtQshI7SnSA6dzEAO2XRUl6KfxY4gzxN4oKgXVRlWfhYXuZiFAqSlkc7jbJwzBOAGwtbxV4Y/zCLZd8R7655wpHQe3+7A8rybGDtgu6lJphrniJgEG9gmE09zLbW3/c+nEApnmlQ9Eg/6dKWf+f89tfPmUvEVoR64liExXL1jh8BfGc25BLCXr3eqPHh43RFu+Dk/ZqNuJKtBUkahwdDK8TgvA4GImX0Assmvju+3d60t6SHWa90DCO6vu8UjG2GO4Sjq+6ODvdUYcWETf0vvPRRYB41eQ6MGfFORtVeTGF2f2EzxcsG6gLA2Bs2sgHF3KSySiGABHDOsvVaCxO+SuzxQFzvWnCSYf7O4+KWKWdIbseMO2o+wjNWGJXuR6w0FtZiCbQ==]]></Encrypt>
</xml>


2017-12-28 16:39:34 debug :
------------
String:
account-ticket<xml>
    <AppId><![CDATA[wx7f83e93205d2fd31]]></AppId>
    <Encrypt><![CDATA[ddPIYLnnRgvsrEEz6aEYdZhyXw0QcNaO1Pw3Du+DDFJe1XbBeDRjkVls2YhrLRmUK3/eGgbrYei03sWQjrw8SHKmZiTU/LkJL9SVZum8r6huaj22hTRsc0wjYdxwXpfdMvOIvUfdiqSAM8bMkmGKRWgFxDGmhn/CC0X76G7KLoVR4wMKPwmDN5LZKKPP6yPea4K+J8O0WrlChiERoOjRSj9W1PnTNmhsYTriTdOWurR6AbbkJMfaBHpc/clNU0sjA9+8h43ebcy7gZsh9q1XVE1qDv0YwdrqnGnqVYo+dNK2VGhQodWcbRjJPBbCSpio4NIdZ/fpfe5snOVwlLJ2Jbo5q1zGwr7H7xitT0vwmQrHCi83cWBgKVZLCjGjsCnYpQwHVT9dYEoQwxsstYVT3eDTX0lOInNHCifmYXJhVRD6tvDPO24RGDT1JBp8Y5bXFqbpIHOzm5f3n8RwkVPa0A==]]></Encrypt>
</xml>


2017-12-28 16:49:34 debug :
------------
String:
account-ticket<xml>
    <AppId><![CDATA[wx7f83e93205d2fd31]]></AppId>
    <Encrypt><![CDATA[Bzevqi63nyHd7H8SpU8J4oUyGHifpzsNpSHamBqh+WQST7hHOgIdWptLzYTP7RGWxCnvM20EaneU32EbmaEaxQeSkNSjAizsscD2ze/GmTcT+ZfahvzR5s49KRiUlgCud8j9UNh7HfjuSDg0wjJHyFNX20mejliiupExNK+qB1/Iz+dWh68KHdg4NK8z9a6kcAyfZcuCaOw8oafd3U5BINFOrCZPar4p4X5oYK92uZoLjxA/tLwO7sx3NOU33wf4kZ6eJ2ROLZ2r9qSqr/RBEX0Ij6X7P3NSNib9+OzlFeVjfR6oqhQRmJhBlMzT36IkBezqlqZJsjkHzQqqgqHeexGJJrieOSHtBWyY7leazrHWpmgQJ3IZnZro1de4+yguVwulAq9eDGpWMmAoI4vhGHuOfL8eE4ISawzyiXbX38qktNBlP8yLolwAnsWJKm+tfWdSmviVDTRiHF8MgGeskg==]]></Encrypt>
</xml>


2017-12-28 16:59:33 debug :
------------
String:
account-ticket<xml>
    <AppId><![CDATA[wx7f83e93205d2fd31]]></AppId>
    <Encrypt><![CDATA[HiX+l+1MQJjZ7q2GAclLNE6SHfFPBSs074SXq7OTdlLM2V6ktBNyNAbYm0PK3YnyrA6z2k1brrZHXqTZBv3WcQdWnbjdBfk3ab+HfL0A9EVikotgrG9/DbmZPydSCgk8fbGGIGIspUKkO4svOcCkib8w9ARe1ta5N2/UzYVd1hoWaGGSatAw9wkV/bJbLOGIMj+Pc20aqXfqMfDQjP++of5krpHTyqpaQV1y5MwiyaMM35mnzve0LkiUvAqo3XIWH7AfyOmifTjMS2bHOBIByJh1bTqRgb0khVyO/JSRsHBCwIHqg10+TYl0JidTyhAIbcQAiu31y0RBHtcrqOmslCYJjG76osvw+dPh9MArI9EnTPatp20SNkf8ehC0nhBg8j4N6Tl95NC1AeWI/sLTGWZycZyuI2hN8aum4bga0HIWuziI/VnLnt/EqNSpw8GVHiehXPIaQkEXZ/gGcqow1g==]]></Encrypt>
</xml>


2017-12-28 17:09:33 debug :
------------
String:
account-ticket<xml>
    <AppId><![CDATA[wx7f83e93205d2fd31]]></AppId>
    <Encrypt><![CDATA[E7OJ74INsKzcC1HvJ47/YtWTHK2o1m9wxbZy98oytCxOSpRm9dCtomKdwR/RL1+xS14UZD17WcMU0o1NCxhFf9BHvJGcfH/R+QHT+IzxuNEt2qNtqzvLxutoxgmKL0ML8F89ziaKv6RlF2V8cFOgJtC4pI1UpoO7Emc1PdNw5VG6Vs5tJU5qwf1GmbyEcTY7p/h2SlthJjZ0/uzwoJCNDL6Gmpx3d8ivAB+aguEf+RS7djBea+ZsL1SSxWyDH9b77sXU9ucoARZ2qov2sXVK02FUx3/rcYGHx26TxUV3hQPrH++ErSyh9fSmHDKrpENmqVCYcz4jvBco+akNL5RG4raqog9ZMavQNWBv97yrgoGkcpQ7T+cvaR+3ihmkwsT3hRAnr2PPye6yp8RrJjn9H3oaE3KWhgmEFOtq6mRmkUp0Fx+47oCzcnrN04MUEA6d3zCUQzusdZAnAPVuqQTnHQ==]]></Encrypt>
</xml>


2017-12-28 17:19:46 debug :
------------
String:
account-ticket<xml>
    <AppId><![CDATA[wx7f83e93205d2fd31]]></AppId>
    <Encrypt><![CDATA[t0v4jpZKLJ9H4wCIP8w/LqQYGenedfEciIcpdiZgC06NmfFNNu49wscCBuSH5HfW7CkHF+aqEiolgHtF/7V71eVZbFmVHc2ZcLTC/tzIh/eyPwh97NSAuCl5z9SiLs+clKui/WzBPBtx06lNN2vM9OjyDYRuOv27eapsG+72ySIPrA9K8fi/lSfy7dWFaU5oQbCB6NRNmqCjvrnRsUd0zBZlnrUR9EOQD88ldzvOR5yxsfdcnAePzhbRJcBWovQcQkEEkkgNrlo35iEfkBCmCLvRsYXvE4sO+TG7c2+/795Hda5kGJr3QFaz25j0+Omb1cSCwRjcO8SHTisFx79CcTIH+cXSLpMqIpwqFPeEdXDleo9TVzM/uAlXZbWnZ4+oKIKIBDFJIfmLTwKG+beMY29e8wsXXL0cWf3yBSrCjxPK+TWrT/ULsOXucW5WJuofbfeiUeMYDX7cjVeLgS2NiQ==]]></Encrypt>
</xml>


2017-12-28 17:29:41 debug :
------------
String:
account-ticket<xml>
    <AppId><![CDATA[wx7f83e93205d2fd31]]></AppId>
    <Encrypt><![CDATA[OvsaKCJtWiQzTJWup/qYaty1vb7c7MwEZbjmi+jCLe2adhT/QXGM/L/4tLiq5Rx1tNsnvaff1yVxvvFTRkCsy6hIBFhx66+PLN3S/FgjIMhRoQAu2QoA5TCM0joIpgVH6jVien4vyED04G0/eoATMy0/kCH63t44E+g5EaGefZoOLopRnOvrO+Xfch/Rrk58i3095QWahlGy7eFfFg21ZIwYi5yfjs+ZS9/2WN+TYBQX0diAY5bpBqrs4VBovZ28jDN0Mu6f4aQ+fw1F+EWRo3l9iYjv/VkgZSEt72lrGG3FXr3yjdrEkVULvriE7Gyp4DecGQddY5KRSa27jlqiHrHrXjjJbNPM60ZSM1BvG6dDuBFyHurUWefiyFEGTXdaG9K5wR2p5+4V6qc6uYkihlP7n+URd3KvFujQCd9ZMuSRd/UpsYyHXdDCLILXPCKRPzZXwWGEs1DJc7DhMMUtag==]]></Encrypt>
</xml>


2017-12-28 17:39:36 debug :
------------
String:
account-ticket<xml>
    <AppId><![CDATA[wx7f83e93205d2fd31]]></AppId>
    <Encrypt><![CDATA[FqOUerTIpG/r4Tu2rh7sZtXwYh25biAp26A6kZdjh/rtjaCJxgvJWcJRFkuVexUB5rFyFaXhcT2MlVrUbkSUmBSk9T7QEI6q7eBuZUaA+Lr9Gp+CkYJtyBujCOJrJt+lyahdcICei9COWH6xg0B0dvlHg2gpuU6M13jT/jbPgJACQr9SbtgG4c0ow5pXr4Tg3B8sK9mP1MEAj5eoFcLsOpvvCbuxO2WuR2Y+IxV6fWuB0lUEUawbpXRa3yQ8z6t+px+7NVqcFlBQvUq8vmyia0F+l5zxqI2MI/4DcD6eSyl50mMaCJP6hIHZgOLmBlPDIE8W38VdGCLEi9IwBNq2BSXICDz72w0HnFKtTQ2uJcn4OdVqlqYbcr8p9EdcDEmEDmAu37aJkaUvM61UutSGEP+CzaEZ434jZic1Zq89AKHqBBkm/HZNX3vaMbzcum3+9+v+dFJMwEt7+ErQtRnejQ==]]></Encrypt>
</xml>


2017-12-28 17:49:37 debug :
------------
String:
account-ticket<xml>
    <AppId><![CDATA[wx7f83e93205d2fd31]]></AppId>
    <Encrypt><![CDATA[iGD43I9IR+2W5YjDenv1K8MjXuz1A+VABFoOuWEPgPoIIScyOgcQCT7Yl9a8px5hPf1tUJacxOCWB2sIfzxM4Q/zc11UV14TgOUUrIq0iz31BgDtHPyNuhr1sd304W+qhznOHYOQBxXsVz429OGbWrpFGhT+T6dzxh6y0ZcX9jmOkf7WgJkE6vVXq0hmrWL5zagE5fSz0O/V5PhvKcanaFZ0iZyx3T8V7UCJ6Q2fMWYUd3LM5pHPq5WLNqA9FPaG+NWZXazimA5lHgSRMswYyhim6vh40xAGxgc7KeDhHuNzqmEnRG6M6qDurfK9v5JwTQNY8an7XElVkFw7N66iSPCGEkZjpTcrrBywtf9p/Jvp5kWPIGVLxVt6gWxoHNtyPiUnF0A/L7aPlGwRunwoNQEzaco1d/109Ak9SL7TsSA4WkMs9DKQcNmeT5AEjFi//NJqJESMTgxrWzVx9YJp7w==]]></Encrypt>
</xml>


2017-12-28 17:59:40 debug :
------------
String:
account-ticket<xml>
    <AppId><![CDATA[wx7f83e93205d2fd31]]></AppId>
    <Encrypt><![CDATA[AA6S2LcXHAT92NQobQtJsZlsG4THKOnypt5asfaA3z2/6Q0fQ9DDSp0GsnMotFGetpjBlB840igh/7hUDk6MzEzdDldm07ZUr+zQBnp+ICxg9yODrzw/vsYPeOcdmiLTKZi1ffNIwlVdgOd1jaDO+AWTbLdPxoHyTugH2hubWSgl72HFgGnFNaaTW2MJIB6YmQ+EE/rMYsroYLMB6jR2aUj5F5xUVs1WnhJHcwKO5H7XY/8DyWMk05MpA2laEgD4nO622xGdq4Y/0xm/ev3YMxIjkXR7N207JF/odUT3KbxX8ZkVC8w9uSDoo9JPwwcwNhGgHR2CxEmKmflPL/t46VWFgDfMB9LXFrpK8yhbyky/6h2PBuE81gl2aA59MJBRchBUdG40nkOSccTk8dNP5rG3rdqkywehjBHE2x05liLyBDykq51MyHbn9JaG9mADBXcQ3sDPNCGyrtnL8M4kBw==]]></Encrypt>
</xml>


2017-12-28 18:09:50 debug :
------------
String:
account-ticket<xml>
    <AppId><![CDATA[wx7f83e93205d2fd31]]></AppId>
    <Encrypt><![CDATA[JZSa/wfeNIXAje+NfREm8YY3CJg/mjfN1C3aV/xAD9HEjVSR5q/GM0SOmane2BUx4/C6tsn2prgTJKXS8WNnlAva3acv1mJvcirgSFHgjT2idUlZ2CJY8dWnZAW39X0Kirx7o8ibz8MesUWquSVk70O/gO6KxSht7Mf+ukFc3Ke6jtJG1XSKRISmtrmcwzK3LoWZBLsIF7pxer43kLRiyW+VCjx+RvI1XGPbrgJPMQ8YkHikzxf/33UEPhmmcMSfGdZ2TtXUNRwvzUmSDnp7/RoOjdcAuTEvqBnvuqte890mgcOUHnpr5Vs+nze7ULpyyPS+7PUib/oNNf7sq8k87IuEy6K2DsL8FCeBJq4dxaZJgeP3ZddbB72fKO4O2lRuuI0C/rmMI6QnOS1CzB5/mJ2RXsJlMiFZDhnzJJNoWuyLquPalNTmkSiM7exxrex00vxWfVzOnGROHG1+oFQZ+w==]]></Encrypt>
</xml>


2017-12-28 18:21:06 debug :
------------
String:
account-ticket<xml>
    <AppId><![CDATA[wx7f83e93205d2fd31]]></AppId>
    <Encrypt><![CDATA[0mTx5OWQmd47ASWCh+C6GQl8ODR/XAJIzaDVQzNlG6mq47PbxrsdRqNN09RkDK+pNXCeQGG20z3Z28hoqtnFWjSFqAlVQCZRG8lis3+thkcVZ8TnbJR/9FvIImN7SfeuR/ObZE7m17hWz6zoIOGv2Zw0RyfWSQw3pVgW60JjCLI5hVAcM63pbpSbI6xVaJKioY5lT0vImiK/a4Ep7QMQLhOGd/lB6hUEesWwEw878oEiXJzVcw2KvHFhPwCKeawGM1S6AE6BTH0dE/X+4i9Fc2Tpo3XCGiMIJrTPtZt9Jb6/PYpdDbMMk9Te2QVSZ23MBrdxuXPteTBR+osaoLQWKrTf6jOjZaBX1yhp13Zxgd5K51nUvm9fe8dZh1FzjsUklnuwNt3m5XEbAGABpqEVaSHFD6efr8SOL0JbEQNeyeYeEw3I0A5+PxxF0udX3lDBbHRef6Orhnike+KxhcnT5A==]]></Encrypt>
</xml>


2017-12-28 18:29:29 debug :
------------
String:
account-ticket<xml>
    <AppId><![CDATA[wx7f83e93205d2fd31]]></AppId>
    <Encrypt><![CDATA[CC+GUPrxDF5ZwYkYla+5Un4xSR0FLSO0awAPlKpIogHlCp1PpGb2fkK75dAB1yc7GpJ6H5AplD4NfojbgZAFsiFlTpTN6w0Y4SagMNQ5DVE7IHbYSM/kjfvqOAexnDTJqg3pGdp81ogziIbBQ0XcHdlGB828zGq27euppvhe0ti+j2aaBwPjGBvby7tuujajdS8X2gZs0f86BtORfOy26puIXh2Cy59xA+3uQc8eEfGRToVfvj/Nxf5ENDtalxnz8ptXrgINdj3p7Ou+1TKu4hsxv7QN+WguI2hckECGR1HOV0YLPBQzGmIr6xgeaUvAYKJARGiU1HGT7L8nO/fiZjKShCfvUFYlc322P3gtafM9lSAdaAbd1zdELbeDzrIkrCKer+a1bcg9UiEioxm0P8UhcyJQz/nRYSS1VaqzCHQUkHV22vz3iOVbCmqSuARV/Lrn81MYZRCdqXE23JW2UQ==]]></Encrypt>
</xml>


2017-12-28 18:39:43 debug :
------------
String:
account-ticket<xml>
    <AppId><![CDATA[wx7f83e93205d2fd31]]></AppId>
    <Encrypt><![CDATA[vqVU3VfBH2xkgUqIDsFjQBIC5gjipB8dzHXGKxJ92Jxp3fnwxpKFcHIoU+8xTActVpdL66zpZPtQl7KjXYQlI0Snz1TOH0LnPlaNgM6H2XRiR8VYrCoCyuG20shbQ3ZOTnW3m5/SYGjiuE3gdaGV47+cPGM0/mHBYPncHmFUZ1QJOpo823BR25oR8In3PxOtMFdyXm+1SoMq0M1me0F9hcPYh2uTUyrWdjt+3zBqVDc7KZXSjOkTK3ihRp3eCeh0nTF1pqobFi0HjtqpSEFecQqafHrpCpqJN/QHwDgVWXhum+11Lht1ptLMlTjtUQN7dlvyJM6mXZe+W4Tipmke3l1NOtgbWaE29vBz5kwfBia5mACmLfymSd/AvZOdVIifB29Qq0ivamjn48KlV9uwdh1bg3FazslMc4eMLNichlERCQisHu4F61FaTbOo6L4F0gFLIqxv52UZvbNyVYAtAA==]]></Encrypt>
</xml>


2017-12-28 18:49:35 debug :
------------
String:
account-ticket<xml>
    <AppId><![CDATA[wx7f83e93205d2fd31]]></AppId>
    <Encrypt><![CDATA[Sv6DTObgIVbwy+aAvx3yDzBVWoEkUPZ9QV34rIPlTn0Yqrj78Q6nFVmzCbaHsRVze5sqg1+zas6q0lALIZXvQMGGROxGwFEBYUyWvd4wQxUBPU18Vo0CiuU4WnjRnfqbpAUe5OSNhoGse+ZjF00WqzpaEM9+vkDpXQ7CUUU46h8xh0psr4FsnmLTqWE/hxPMby1YfRsBYaP996q7uE09Iq4+40hyciKZIG4CHziN5A1eChKHZ0E+PRCKqRozXbHEfFIRzgGs1xytNxGLJ56aKL6GCa080Bp5d8NItk+2nhZHVrD/ujqTvhvW7FW8jgsCODs3VK807Hn/zbOGvNc5v4hHQpF2vVggqxrHwVfVxh9NPP25sgdAO98MDouKnBjcArdoApnx3fLfx+8HGfJhw0jbZmepAFKcrsvJWq1sCLtmTo6QR++9PL3ApkzT409nTCB+/+wAVpcinxic/X7pUQ==]]></Encrypt>
</xml>


2017-12-28 18:59:35 debug :
------------
String:
account-ticket<xml>
    <AppId><![CDATA[wx7f83e93205d2fd31]]></AppId>
    <Encrypt><![CDATA[AAJQDhKgO2/j0sBqCrr8o7XK95NmW5X+1l2tbUoMc/Pc0dNkoafP2AmtbJCo9aeQAcThQsYkhKP5jioI1ZRn4YVWvr5cULpekUVi3fpcySj+jRpPlTm0uxfFENRZZeP/+uXyTjAJFmkjv/YW/ft2vZ9nP4T2HMgFJt6WX9OCBJTJ8cZ+Kfa7FyR+AcgfsnMqIORy1QwseToNS1MToe0rWHdZ12GBWzh9FI/fuTj4VwWUK0hjBo8nKQQokCB+WUJ+rtZnzLr3u6RA+MoBgWjeoXi6DoieO8xJB69Yn0VfjbI2ysdMJQmGR6RMXRtiUE7O7PuD9tPkiBE53gT9A2fQAgJB3FfEt1hNdNr9Zp4bnpWHcZj/wKJCshskOJyoV/LpU1mNET6qvr1oNNfWUSuYsF1wQuAMEu8xuNnqe96EUcku5nvY/Mg6nq9ZCZCoUagh8Ck8uHmogvHtb3LtYRXd/w==]]></Encrypt>
</xml>


2017-12-28 19:09:40 debug :
------------
String:
account-ticket<xml>
    <AppId><![CDATA[wx7f83e93205d2fd31]]></AppId>
    <Encrypt><![CDATA[4BS0rSoLXJv3wZ2bJLmXJuIsW5SEhTQwOzvepZU9v/Ui3Uu7irIbz/HD9jR1pYdtBW94BnHUikKRhmjIGT+BluFoT7r+nQ/3fq5dN+23Gz+yvOjnq97s7W79m8NisTGP/S5WOIowrkhUWFncUl655VvyLtqkNtC0pU8odWctGdXkXo494Hs6ulDwb6Q8nESD1SCrb/U/t7m40kzPDuNvfr2m3pQfO2OqAcg+602q2p5K2LhbcAvHJSQCeb4BeZ7Li+qG/9VNzl+l4IPaWC3Kyf5oXrzXF3mIqQu5rE38tm4pb20fR25CoxDaGrr+0qavn9DYlKf166V5+n+wPBYOVcXmHO7ek0w+CAjzXb9D8rhixcoIkDkpw8mvyLT2KzhdR387Tte4Qt/VTGWQ0Cupjfl/JJKrMmrjfrT13AbjRezVjrGfarcLja5j5I7f5wje6oM9N6KO85fulGXd9qmkbg==]]></Encrypt>
</xml>


2017-12-28 19:19:33 debug :
------------
String:
account-ticket<xml>
    <AppId><![CDATA[wx7f83e93205d2fd31]]></AppId>
    <Encrypt><![CDATA[DOZlWfPZeum2YevX0mgvCQck1qQsDY5+d6/xnZUg384SR+F0VVeceAur8X84v+VeE4IODHMF39JjgMfyipyOqtL9jhFHqdph4LiKPOOa+TpodDQizZd3hABlcOZfQLlo9Eq9ae2JJk+48FCX9oYlhvFZHcg6/brU+dEFD2eLY1TNwtxC6xqFlDjIVxieYgyHpbTsA/wGnTHkEIo1OjZ4S121P+SUvfewiP7QLvK3hZbZgYP72mYSGx06WVVvD8D43GFLDyVf9RIYSZdaJnN9cUvhipZY+EpfYG9jRFUPhzyNzVDfzI4829MeeByDS8MEjDeV+2gpb3xXNQ1sNIwhRRy0YehQ2HCIqhrZL17bIVHRgXtzVNBMqpXm0282xpqBOlDCaytGwV8BhxIUSBchmjuItVx08RJxbqN3H/VBZfLE+lCXVNcoSBwJZFwxsG8F7kswjwORh+ebmhtpKYkB+w==]]></Encrypt>
</xml>


2017-12-28 19:29:33 debug :
------------
String:
account-ticket<xml>
    <AppId><![CDATA[wx7f83e93205d2fd31]]></AppId>
    <Encrypt><![CDATA[t5ThO1PqGtWqz3pZf0+LVRmgdMjDoi9cKf1pdeK/JB5L//1Bvg/PnqEQpI7YeASIDqRjEblIvXWw3NTbjsiTEhAPJ7t7itBPTv6aI+83CZ57M4dAn+jDBuseNHji2WPGVG5tYO3qe4gvWmU5tRVSfR3wOvf5NPy8L75WSXpcGb9qlpiWMlFJ4iH+i71tG1+wkrjz0NE1FNsvF4iOhGLVaEQXDDWSPNPAV951lQ0Go0M8pOJ1BJ2FaswuOCRhWfLB4i6N5u7tSG263SSiBu1pp8DHusMb0suvfwQDzHcPj9MUY1g0jwylr2zhZsqU9k7yoXs1oX6+fLHIlHTplcOViZ9yw68SYZBLXVsDIFR4kWiKt5brRI8WzbtRndISt1M8dA5dFEQf13dGGlC2nr3qvex/UISpbpv5+NLYz0N1frOBzj+JpuQNknULndAnol3D6/cVs8bqBOnm/pJynES/ow==]]></Encrypt>
</xml>


2017-12-28 19:39:56 debug :
------------
String:
account-ticket<xml>
    <AppId><![CDATA[wx7f83e93205d2fd31]]></AppId>
    <Encrypt><![CDATA[ihc7r2VTFnD2t4Mh70loFfSYbZI8y9COaFbJI5dNIVmfoe7Ocmt2kga1VsndOWPwYwC2Ebd3oNM4Yju1ZmziKYZ3ACYcWYVogBZ0HcLEtNXpwMoZ3caZxYWGml45sZiyH7+adZjVs8A8JAGe6BEqBQ3kd6Arl1aAT/BEAaN5q0a6wjQUaibX0b7/3TSu1th8Gn7c3pH5MjYczcE0Mw27RlVJ83n8bHJ014wUgYFEKQw8gzG1YkEkiWyXmmTWj6Q/f4egGX7FuFWQ14H/Tbrs2jouHbOb8avUfiXT6lHhB6MnjsNX0MXxPX/3+cGhAk4ZYB/RmmvLhecDjZM67iMzrG0DuYN1e6vTffjodce0eM3j2DUbLyVkz2Q61JjJgqeXjFl6gJydny4G8QLhdO7CZ2FCqO4G0JutvyXb2rFX1KR7SysU3xGJp3myoHFJD306+3zgN0ZqGJVUtczQR2+P+Q==]]></Encrypt>
</xml>


2017-12-28 19:51:09 debug :
------------
String:
account-ticket<xml>
    <AppId><![CDATA[wx7f83e93205d2fd31]]></AppId>
    <Encrypt><![CDATA[sMBtlnf8kZdylVcZ4wvJp7OjnrSDAFPqqYnT3b893eJwl5aRHHSCRQJRZ266qjzQW2son4G5xZUfcHr824qgSLvdp0W58Fz0XLZiFOzOt6ZZ/SdoXunc1qbZPmKxgbg7zC3QYOjrkNctT5Pfs9MugCDbDpnbSc1TVImH8sT74knpi0m6ijfJifziYbZ4/4ahfYwPC4cZS7trPMXwOzkMogcNx3wl0GZsHAnfY9ekg2aSvXDg/YLVaBvt6hllRrxYN7yJ6e3m1LRDJYJYqGJdE4dk9LA5FyyIDYpSLlvMtzmp4vWJrhz0bGB4TcDpt9BjvYgIWPqHijJ8LFzQ27cMMsfHGoF5UyQRYShbSLeSbItURTBxHmzMcphS5cfNFcjX5G+Huzb1XwjrmkLecv99akTX6OWskRBgfrKBYTQggQHShtScYWxRIPeiN0f9xFY17e8zMwSZoF0EwpmOFr0Ezw==]]></Encrypt>
</xml>


2017-12-28 19:59:38 debug :
------------
String:
account-ticket<xml>
    <AppId><![CDATA[wx7f83e93205d2fd31]]></AppId>
    <Encrypt><![CDATA[dK8QXeCPu3rOtX51kNQtwCsql98k29GjgS2h6JR5jJFQnFxPLP4HYTuMKAJhmlZ757JAbgYZ22Ecp15an5fFELS1DvN3KQYpB2ev5Np1ctuFYSGh29j768evu469skqaqWtZgV8dSliWEhfdxTdLZRT5wWJ7wDiPMbnT7LWPldQMZ+BbM2K8CFcshCzSVaBjZ1jN0VqaESF9843Y25JhMBdAiazz1cSVrLgAW1qNhIHF7J2HnjlSZRpyZhXJSFlHncLVVmZ/RaAohNAXQJ5i8iL55+733UTiAhx2KLb9Ve7bYXiEKng0Z69Bwi4cPCwBmbZHKozY6MMyR1GmQw0xZcCv6WRSURNI/jWPKjgT3mxYVCMZbZ8NSl4O6SfLwE8wjfnkXXZi0k8Q+8J4Z+hFevteIwpytOrTVRSTlyB9cvN+4YdaMiQTZ5XT2e2XZn7/6LVHqZlRjKQy2VMQ6DjLRw==]]></Encrypt>
</xml>


2017-12-28 20:10:02 debug :
------------
String:
account-ticket<xml>
    <AppId><![CDATA[wx7f83e93205d2fd31]]></AppId>
    <Encrypt><![CDATA[sTZhUyvYe4ZPsR59rmuOSLussSNaNtJeRUOBU6W6Dkd0KaNGtbi3lGTPMQMUZ4l95RoRpApsSMcZ7v/APwGsrRFHVu2pDL/4pVg7a+HxardFioFyZC+dbAXh6K0KZZaY6Vj+gtff6Ez0fFtV8uN9hsleTJf9CaH7W/6Qz39kLqeFn4Jd4Hh8fj8MCMwBs2nihE9Oifdj34ExMctPGfNNjvy8VEjGt//EkCOsVEnLZmkuY0eR0KYqMEwWktx8daDg5hYFRuD723JpKXX8gbJ8hdW8x+fYRCXWldZMg4D4VCiEH+XKr4tCcz3DbpHHkV3KG4PZwYExK5wxtBUFF8+IU2IXaIk/4XEW/oVDKzXdvjlgKIGAX7R/G+57c6ZPFH0IDrLxhx6Sf1mCNr5w9KndhJiKfn0KlJReP9KaTlPlhswS3Bq/c5hH3xX4Us4ZyjQVBU4hZyeiDRc9pkfc3zrXzA==]]></Encrypt>
</xml>


2017-12-28 20:19:40 debug :
------------
String:
account-ticket<xml>
    <AppId><![CDATA[wx7f83e93205d2fd31]]></AppId>
    <Encrypt><![CDATA[Z5GbHsBICg6vp2oAXPWhQraLFmyig2Btk9rQCmXjXQ5RAEjBfgYVqYYYgls9gk2tNtEUe1OXehYz03rZP/P/GBhOueGPBwBXoCS5DV5sN/VPxxQ2I3edWvVGIiJs/BLSgl/zfGAM+izv/9Epr9S/uAbqr8xb74AN6S3/GeNhTLiaWR5U0ZeBD6KWgNpJrqHhcJdhakBwW8Zy3CL6aJ1Aa0ErX3Fv5CTj41IMI2lKZmwhkY1Ns2P22AB9gsfOF43sIrAp+JhjpsIQx2DOD535BOi8Lftwd3G/icKpPRWPWwgA5W3NcaL2lga/zjSQ2ci+pmRr3GlkB5yXF9DpNGsnf22HRB6gLoMVmVCQ2N0OE2ev31T8x27Fd5lCRL0dJnQMFaK9WBFtxvmNFavPgH59aFXeqlJLwdyJRYRqpK709YqyY+QwG4NTgNNClDPYGaMdmw3p0svoHlhJVf6UpjmLYg==]]></Encrypt>
</xml>


2017-12-28 20:29:48 debug :
------------
String:
account-ticket<xml>
    <AppId><![CDATA[wx7f83e93205d2fd31]]></AppId>
    <Encrypt><![CDATA[vW0f8xLrvnCazR+m7e9w0sqbx7MQrV+Hd0kpZoIGJ7Xw3ETFVMuT6TxoVwtsaxlVMC4lruM/P6bvxpEWqaLaDpga5j4onNckUjJCCAoCUycDbdN6HE4b9MdUD2DnTd7kvlnWyZKIIKHEGMi/zhs2PChYSHH0m4p3IXspxnWH5P1smoNTaECe94idtHRRp3ARtbqfk+XVQTldslXv7BY9NyudI80KOAjiC6E/7D0z8giP43N8Nw/fGNpQKIZMkvT8sBR02+1WrI70jkAqbsXVMbXYJua8dQ0cOxqqEpmA9gDGRO6Xh/7MVo8ha1h2pT+b+PIu00vks8Q7DkXukKypSFrCUoyJwE2PuBjBDJiHWJtYe3zRyF29wp8DMPQdBC5vKz9cHI8OyKuDGyRi9tICQDzFWbmc/Wv8cPzuGMUo00HxlF5zF/OOzhEyekJhmw+AhFcQpvTkBrLqFoSIYGb/7Q==]]></Encrypt>
</xml>


2017-12-28 20:39:53 debug :
------------
String:
account-ticket<xml>
    <AppId><![CDATA[wx7f83e93205d2fd31]]></AppId>
    <Encrypt><![CDATA[vlXz0T66Ch1Du5VnK8YuoK5Ahe/2L65AdWg7wCwL3uwflnaV7HHcli80oLCLe1Mf6URNIv++h8OSDK8Z7MHNL8JRY+2eWLgNxb9DZguuXsivIQO+UtKJMygqdMUkvtdyn+ZYh6a6qFwXeSFS+PILMHSfGdlrGs/9axx3FCEmynh+R9AePRgom5sx2HE1u7nwoQJqtK76yo0y2TC8QGv95Gk7XbuzmvHk+mvXqvdURWLtZQuh6CsBfBsecrClHKpXZG++6cL/In9aXPWxWOs22ECrhWi0JvpeLldnJ8fZeQlLo4BlSWuhvL57sxQdMiGQhtrCz53ejLQaFxlXr5WwFpTtim8zL3SSkvw9gIzFWybk3+RMsXnhJpqVhF/AskJ0zXovuF/1VAkq+SzCTxd6wadCDrANt7q41+0olYZ0NYsRLV42q7JFe7Zu+QenEHWwNSqB+KZOqCQhvRWj0QRzPA==]]></Encrypt>
</xml>


2017-12-28 20:51:18 debug :
------------
String:
account-ticket<xml>
    <AppId><![CDATA[wx7f83e93205d2fd31]]></AppId>
    <Encrypt><![CDATA[r4ArFOSU+R3a5JJlQt543cCyA5Kf1aXyD67Y70oLqHDtluaO5y8U9d2o/MhtI7VT5Xq67eJcswJR2LTiOsqh0OYxr1OMEibJjVDvsUTdRdHop5d7rA80E3yqj24xK1jz8bJDuMWvvG9UcGDPpRdZsnMcLcMTKnr1J3OX18HQwt+TMm22svZ9uAJkwlAwcEY08XcQCvJm+dvIcXbc2hoVRzi7Tx+lQmTAmSiNRA5crn7UiSMX8EdrJ+5CE7D7iel9ucnFlUPkmoiO+x8MQhMUEXo8HyRlZX9iBV9f8T6VzFVJJSp25H3CXaIyei6JAR8hHitjYZELU/oxhVEFFEy0fMjEyCS5JCoYwNc2RxZdw81XMjjnBWw84oY6WV/dupaQG7m+nKnnESRG3gDzMTBOq5dmKNXgCYCffYVF7OIBlK7gGve5ggZhnF0YF7IC1wl5QHoZzcP8APeqATX6JUqyhw==]]></Encrypt>
</xml>


2017-12-28 20:59:39 debug :
------------
String:
account-ticket<xml>
    <AppId><![CDATA[wx7f83e93205d2fd31]]></AppId>
    <Encrypt><![CDATA[Ed7PS6KJPziv1184fuNDrdDb4XRWWTRjOpfISQxF9TEcBdv/tZp0qFXM78ky4o3wahobxOFDQXppnhRlgWF51vLjlPGrNv1YuGFquhWZruWhBLr+6nrTkEVYfhmdT1LdBUwXE3+RzYtutahtmEv7BryqGUo6bANgdfgWL1TraZ2jMZcpHWAMT3+7krT1cLEf8NcTQN05GO6+8YVJqCys1NfqDkyzaWrNCYprw8A6Ph2SijvA11xtD9rWrtd+Od/HEzLqNqdgKyLu0QabgamRgCYhaEJY+1MCHsApXK+RYnGuiqfuAylv0tQTDqgSbhpZje3wimca1RfmcEhAfsyaxF9ocWKBx7oCy06emFaemZAJsMqfbDX+Bd/3ZlhT3JrjxlD611X2OeVvKUOSMqu76Nr1dcFKLML7TXEglaRiSrunGKXWutT5Cwr2kOZuh5NbIvtM2h01Z5jHgcGMg88c9Q==]]></Encrypt>
</xml>


2017-12-28 21:10:00 debug :
------------
String:
account-ticket<xml>
    <AppId><![CDATA[wx7f83e93205d2fd31]]></AppId>
    <Encrypt><![CDATA[cHjmMO5jMrUTOX3DxO2Ni0S/m4dRn+4VmZ3yEk7rSEdEkXcB2Q8+vzThf+du7Yw1yqFQvBKSulUjH0jG3zfBO26CRqGUokLbA07HmgRRJjXSYg/VzHHFoA8rDT+3/FHLuyZBbhQ1wrEE2eT2BEuR8mv0341Fh06uVOYm+2FH/lDLE3wVEgboXa0cvuJUbrFpN/U0XPrRxmyGTiRwoyLYCBREFYEACieaGChQHk8Ym3cKiFu6z/93oN9G7JaX5w3fIujxmi+YIKlcRZLCZURn4skMPiJ1SP3Krhe4qSxK7OQFM9EvwaQb2SMxGSSnUrJHjOzw5XfX9bwZmCDhQVpCbCmjFrB8NPhcN6H+MKGBoAyHgs539d75XbnQvvauangbWlF1kYgeN4oXakU0SWwlI/Pyg/LjgHp7QC1so4PlA2zpz7nFYOsv/iipqyQmlv43Yqb23epg0IWGaNcPNhs0dg==]]></Encrypt>
</xml>


2017-12-28 21:21:10 debug :
------------
String:
account-ticket<xml>
    <AppId><![CDATA[wx7f83e93205d2fd31]]></AppId>
    <Encrypt><![CDATA[zaS718dBLcscKLu6G11hGTAjYpwrud3nGC7vM/L57DTZNARAeNCltJdzHATro8F31E4a2unc7lIyO3pDrsBGb7q7Jur2SQw/1un3rDfDpHtNf1aVWB457Bh7fucZXvAwOcIKsKUMUSUm8HmOZlNbVgCWHBQgayiqilILvq8b/EoSFtLJ+dwOV4VQBLyKX8po02kiOZydMsLy9cbpagTPgHiGkFKnzCvbWoa1OtTYcOnvfUep1Y8p+5Yv7uo3WJDDYkyU4FPAergcGsf7znyWx/W6txQcXmWq7ZinoTG6+M2ThPCCpKAPwhaKTDDpnu1kpTXPu+h2b/fSEY1AsiJYXrUuXjs8iFy/72wZZc3G71np3loiyYxZbaT1Vh/bMSNpYcQ4qzHLAEyaYG9D72cscxy6tEldCFY0VMz/gYWH4zcyg3XiLrQ5GUOyFKAof2+kMMtG9wkTcKqGlsKKf+GrGQ==]]></Encrypt>
</xml>


2017-12-28 21:29:34 debug :
------------
String:
account-ticket<xml>
    <AppId><![CDATA[wx7f83e93205d2fd31]]></AppId>
    <Encrypt><![CDATA[U9WlYc5n4FAzf+sezUEY3TYzp7Mz7xIb/aKcCluFmnqQeMmZJvxrtbbLKgq6owcphCYAwKyEHcGBgEDCTgBmdzkhYhi1PzDbEHRRsOhcwyT/g95Rb+Ne4zXWECpTTOaIKUFWnr6/7d1SbZeZe6/0yu1o/HK/7dX5XYX1/HxUEmapBIYq9ishMQYQU0/L+Kd3vPyKBtcM8sjukCI9vBOZVdcQApL+hCtf24piSHj5rigmr4h6e8l4xlyOmC463sVFhEiLERr50uf42LmmxWNf2u5a35s/dYD8tclUdk5fKnq0cz24DoJqnRMly2xxcRNX/1JE+JAbCWcc3MxEwVlgeaSKjlf0CAwj157R3k4TtgtEbBT/mUL4XNsvqa7lghoLGYI0tLgXLwLWF0vQ2y/zrWKTQekuYpG2cXxH2BagBRUtrS9kFCacHjeDUBFMIeDVH5xmTIXvbZSOP8PDR4aTXw==]]></Encrypt>
</xml>


2017-12-28 21:39:45 debug :
------------
String:
account-ticket<xml>
    <AppId><![CDATA[wx7f83e93205d2fd31]]></AppId>
    <Encrypt><![CDATA[Dqv88fuRmPMMeVc6ercNJ8vMOQkUl8To6qjT2FQw3TBgYjOKqD0V4ieS/iQP+Wp1YlZ+jpRcLu1ejvmZi04HlMGWLR7UdKqcM/iYNKwcI3RCh/OKzbhgvF4spqWqu1nE+q1Izvjce88IVRGz5CQNTvZXK9fuVUZY7i2iipadpNSi5I14O/W9J98+KKzTALWukXiayb0EbYdtzFIJ8Yo3AfR3cwzS4BvR3b0ReAfC5kXKbCSTjmwpLxWmRfjF1RmPZQOeiMd9fmlT6XPcyflPIkdgE9djbPMN9vHdTnWmDY/p7ERVkPgSB96PJrPl04/fIwfbFy2OtDEcSPFzWxSre5EZqBemJDOsEYc4NDCddyXhzUeSpgA/cimtknA9ZUnmvBHarZsgzhaMwxGnmGhWFxX0jOp79KW52GyOlbObacQY8KI0VoI7mpNuyBiujx4cYzJMK4QzOrUMZs0BkNoAsA==]]></Encrypt>
</xml>


2017-12-28 21:49:27 debug :
------------
String:
account-ticket<xml>
    <AppId><![CDATA[wx7f83e93205d2fd31]]></AppId>
    <Encrypt><![CDATA[Ds+5pzSCL7D+xCI02XtXwvgp1nJWpHJgOjTAEGQR8O6ox9b48Cf2L24P5lFcQfiAYSrs/BL+T1INfFa9vFcDxMPQzUMoMwM8YBHLFrvCibrB/xjgtqyKXkxEwGLm2/UKY/3udoYIarFu2qYXyDcsALN8QDOSsO7+np4u3fMLds5TAGy5VBZflyVZjovPtUCSYCHHEsjLo/MS5cfpJ8d9PcS/uQzbCbhA61Ur0B4OYkoZqJ1NYFQcGJ5PS5OiXXOlDuc8MdZcIYRunhnQ7UpIEvtaagBQYx2/RFsZ8IHnkxeeA103ssybJUh1vDgLruYUM0T2HklxNva+hvsx0oWAczIoutnFaX0GBdSnJA+MySRoCn8FjzNswgQTpzuosDk88Uj6VkRvidmUfEKp64c9TrVc1DDXuXlQck4xfl5PDa4VK7XKODizNzP9cJqGC3UW+xkyfYdoBSDUE3koao76dw==]]></Encrypt>
</xml>


2017-12-28 21:59:33 debug :
------------
String:
account-ticket<xml>
    <AppId><![CDATA[wx7f83e93205d2fd31]]></AppId>
    <Encrypt><![CDATA[tuxDxfT/0CY6U8nd+yeDWArEK3RIpore2XH3mY2vAGKJpABDg0WyAxOcT5/2rOaHmTGUiSA11sP89uogfX/jHMAqBSbQfnsuxglbHdkOvWcq4hRW/y73Q2zFkQ+jX31JxUJBZUitQhxEFzPkSXmbFf9n+Jz3UdnZcilWLlbQ4WrCzeectJdJzMrntIug8r1bWb8yxNLRYEZMb7LTbM/O+1WoHCdoEwZgDK9qcptCHK58+0ujUKtpJKSwJMvfOPMZwv/N7N3Y6K/ex/G5+kOviNcIs69wMHlPnC26W0Z83qBsyoasJ5zy/oVbDee7732SguhShxqL8+wFcY8hkqB2pPK58A8q0Sdn8s2eN5cDNRmmaxflx11oFAA8RROGRYPrzWR7g8vu651Sgvtxwe4Dbl+H0Eo0B2ugRuesyFYw8hgzr6OOOzAlhW3FoAezoTLw3J1XHlOFpygur2+PZn3INw==]]></Encrypt>
</xml>


2017-12-28 22:09:32 debug :
------------
String:
account-ticket<xml>
    <AppId><![CDATA[wx7f83e93205d2fd31]]></AppId>
    <Encrypt><![CDATA[R42e/tE6PZeOV+Ablv0e74Fhxd5tCcADQCFd899wGuUqL5Gi4E12o8mH6en1JVfjGgPnnpbViO5OdwZG0FUt1mJ5U1vboaQwzVgzoNlT1+PwOJfK60srLgrnBcCgDD095HH/7ZwjlO5zLvf4MaAp9KwJ07iVu0tNiYIlzEF/ZzspJYNzwB/A4k5IaxxgKn6J5zcJThzSfQOxRFSGpcfTwmVwI3iHzHPCExHn44lYzY0laFPk+wq/l5qsFH2+SM0sjptuO/HmpiL0HbjlLNKymxRqYgkVYoc80f5LwyGx14LmEvHLFQLZS8rzsVsTCm3j43DYzp0S7NFaRMy3FsKyMHM5FgMmyHFRMTm7rMFxrUNGr9ZCROfG2O+Zx0iXUvIzzRicOgeLgUYSmHrnfRNeKGAX/G6N4o2bDMfKWU3Rn9LyO1ck5kuOb3cIt+mf5vpxRJ27ICmXSUlUF0z+NwO6mg==]]></Encrypt>
</xml>


2017-12-28 22:19:18 debug :
------------
String:
account-ticket<xml>
    <AppId><![CDATA[wx7f83e93205d2fd31]]></AppId>
    <Encrypt><![CDATA[qo6zE2AVXuOf/vyeXf8abXioGIBUEdUJQt6+Yw3njdeHUiTIVrPD9lLDoCsMVcv0nVmPcuy35nONuGhsvI8ORlxjK1I55DEgZnL0gPNdysBEXveVD5ViS0vmzwqOAHlk07M8hO8sfpxLZ5lbZCgScLwHNcTOZXdH4PTpSYZCVhh4e2PxdWEfjMr3fGfRMOyL2h6jUTmGCiVgWAjBULElO4bVcfcR61vVDfNLiFfhRTX+FnI3HGgpz+IMoxmKBR4XUkgpRLoZpy6ZI7X71GwsfbJKJmMvb1UZ5uBoOd0wULsbkA54RxVlozIet49K9ScQUkbmwF6kHvFJeKS/tosGkZpvuKKmkvkjYYgQHppfSXb6MxUVmUoNnjIRyQu75OlBhWpzhCPFyqKPzEe9CygkPn+y+ce6YES86k/e/AGwHeBvSXCWP6j5HbmoF+j5t+a7vd4prz1Mt9dpWefR6ERNOg==]]></Encrypt>
</xml>


2017-12-28 22:29:10 debug :
------------
String:
account-ticket<xml>
    <AppId><![CDATA[wx7f83e93205d2fd31]]></AppId>
    <Encrypt><![CDATA[owO3ZdRL/lQuwIVOSdDd9xzCz2ueJheEp1to8NnGRdNCxda+WdxjOn7SLYaTEry4eAQgmoVzv4ewwHmhAnq4C3SPShveXdW1zmcpBS+LaLMZys9f3TUMmtOyMAB2dQvPpNf9h7/wlZDCOTQpEKxeg96oWzYriSug5gsqklrI6dna2LPxveeL6Xc+zwGTvI69ohvd3EGR9gGscH3RnEpeplBRy312OhbEfBRfFQlwGJ0sYqTrcIvwkSWqlV7rLcU7UI1JwM1+XNd1H/+LX4Dl1o755apJZ+WQvtILJvfQGL1y59u/eT1efFfwG3wSBKOJxTkE8Df205pwwgaXRs9sCJZ1rEZsyejvOP6Xe1goSzoMyKV2nRsC5MlrabzObZEQT4ySR0Iz9Ktq02FzPyrKgXYC0l+LOShIM49juAgZT8zvgRJf2jC1vUQCETRS3MaLZnhxzYw7235RJvuNLnQRoA==]]></Encrypt>
</xml>


2017-12-28 22:39:15 debug :
------------
String:
account-ticket<xml>
    <AppId><![CDATA[wx7f83e93205d2fd31]]></AppId>
    <Encrypt><![CDATA[kjIf0SnCHzePoTQL9G0ClIs2yUIAHA3GOaCwVwMfWZn1tazUbViuVQZuXOhem6zkBMbzlym5BA8TVsbgqfydpAvlJeG9Ggrm5zOEx8rH/AoiPcPqbGcpW11//serIDFtoBFtXNqNRU5pLcmxxSWHHA8xZMoQ3J94UsvzGvMkXVhvSCcFFuB5RX7FvD/1z0d/tt0vYszUBKxw37f8aVIJ2dogOHkVknHHeo5oq527cshfnd1kFrFiuwGErvMlI5jn+g9sWBdzNwR0AERypRzZZSYJ4skg2INtfwXgCJfg8luDTUg3e+Bc5ErYMdplTATG6ZSeXSMobXWHYpq6R9oS23XfJyPy9IpBBfQTel6Ul3CI6HGxhCz9SXn932N7eNNoKiYWM4xWqQrvSmPYtB6t3LEF5p6tvct+EBl3pIbwoKg77Pif0Z2+l+qH8ykT3AC6I1pl71M97X34xAgFMbnHxw==]]></Encrypt>
</xml>


2017-12-28 22:49:04 debug :
------------
String:
account-ticket<xml>
    <AppId><![CDATA[wx7f83e93205d2fd31]]></AppId>
    <Encrypt><![CDATA[aYMekm3rnJvLqh9M+AGW68x68oWGOSFXYJWh1jmFEZmsBf9uoqpPfDiJinppAiiEfAI+EuCu8UVY58ARwC1wSeibqpSjgn2PCE7tfPxhzwVp13PkHxZ9b3h+RpXLfZbna3DC8jn6GdqXdzr5Vw40S0K77kcSD+NigLA071SvknT3Cwtv4bk8OLLDmwtyqTuIMfqfYcSR/SJ7Hrzct/kwh3J9Q2+979YzTRZuLoj0jfbz3Yhi7DLnPh7DAR4eqsBpY5UUmXD1UxkbununpnvBIYsAhFT0GO5g+yJkmfxnqxmao29kmQdO6PruKzqNc8xD5RGfXhM7SWjme1uVr6i90Tvd0hzu9jxFgJ+QUB35rAG7aJ+gRDHwUl6MzT3dGjF2C+w7+aKupAjm1sFbVAJiP0helSlSYfqScrT1gzS5yD2dg/tNHjsWPGraVIiAPr9Jfi/Sj/1gENrBWDjuTKgAkQ==]]></Encrypt>
</xml>


2017-12-28 22:58:56 debug :
------------
String:
account-ticket<xml>
    <AppId><![CDATA[wx7f83e93205d2fd31]]></AppId>
    <Encrypt><![CDATA[JArrMyIaJqqaTOl6d7wHofnd4aflFhl+6cg3Bs/9nHhlxgOZsfoXMjYYAI34q9oAPGvCE+gCIaV6Un/wNvD089bNDmM0fSRLYhxY7yEGW8glEgVC5JZ7KdxRH6ZssSbIiSVw0xp8dXIMfOLrdelZIbwKwYcmR0L7CS3b7+ewwYjaQQYho6CU+AGRGmAIhBGhHweRny37JJqzPuz7K11Vtyivhw0+ftQRKJWATcGwDY1EVw+lSHMlaQ1z+YPyIl6/K1ujjFE9+l2jtvX912cUjS4ZOB7sztVZaGQeC7HKNwlIj7rWhAD+/nLi88K0TbdOitIOjDShHXV4qX9SY5x+cygr1O98aoWk6LOwyLrxEzALhwItyyIKDJY1U7N3yhQmRJWXKcE4252pdWVGpXFcQey1mFuzdcYMnnZzL/07CBOGdfl8v1uzxHKyNdNzXVOLt3J8nWttlbYZijAwQRjjGQ==]]></Encrypt>
</xml>


2017-12-28 23:08:56 debug :
------------
String:
account-ticket<xml>
    <AppId><![CDATA[wx7f83e93205d2fd31]]></AppId>
    <Encrypt><![CDATA[Ls3nVllX/RkwEw6rEk/A49tavmkqueWZYN36yKszobJSdH/Uq+LlvYQ57Gal3MuLvYj/ItoZMsHyPUKH/T59CnkFX/w4tpLpcQOqG09cq/1l17LCzoCPCGlbPxK3a964JN2IhMLiQoDZaypUJ/BAJkt2p0SF5YuL2h+iPOqx2aXhClxAGukCOW2pOGFFYsWXKkM7pu0bnup8G5XOm9+Al+dWjnkj4MOo+4+45yu9103jTNmxfgwreGG9OPvNvmnM7AEOigUpaQHFKJhmu4a+L5IHaftUNFXjJaJkg+M0JO5vrj+/YVsu1ii0Gom2xT8a8tnN4qjzDsahIRk06FKxO+iAAk7liwVae4Xoe3QUnRcPIK+mVEC32hmHFxeKwSQVMSgnkluCgunYs1mV1JkP4/ejDpzG9991yBl3Lu9C3vASOF+Jr0nF1fyOFNIW+xpdw1l9ed/H1+WIz5lkVOdh2g==]]></Encrypt>
</xml>


2017-12-28 23:18:49 debug :
------------
String:
account-ticket<xml>
    <AppId><![CDATA[wx7f83e93205d2fd31]]></AppId>
    <Encrypt><![CDATA[TCtBaeLuhsk1uBzeByoMXYlb0Qd3DnRAHohlciekYj2WUX+sa2xj6o01ThEg12rru+EfRN4yW6vTYzFCh6lOt2OXX5AGl5czcTdOqa7i38GTe5yWf7oUg3bSo7ULbMMZLxSlPE1VpWYjPF0Q+OA2721bRXZKiIURXJdLmD3E3ExPpmziSALpxprWW+bRWF8isUeydvMppidGlmXbd6QioFVGoL4gONK2sfo4YDG14z1qomJFmMf1byAybxUE89sWtbzNiEpIzw8h+yoF02B+mcM05E61/LPdDFmQOCaDvvNxHY3Q0OKcLzNfi7yc1dzqIJ24BhmHtcorIu7bdUBSvScWSubbOqOPuP11L+hhom2rSl8wX7j7HSVYlTEmjZIqU3wRMAh7sUfYq+bOXAaPrSkQGftM9acmRY8fAnKSGghxe9ZDV4bLhe/2/lt3jA1cZVtZNw3R9CBWq+2TBpa/CA==]]></Encrypt>
</xml>


2017-12-28 23:28:39 debug :
------------
String:
account-ticket<xml>
    <AppId><![CDATA[wx7f83e93205d2fd31]]></AppId>
    <Encrypt><![CDATA[+BW/cfeeH+/BShQ+0CF0SU/sDn3g9fJ4KIZJsbQmz8N+mRNryNwwgxZXND7Wi4Ro4rmGm+t7eXGN4g+JryJ2zsFFwFV9oKa633f9RTNaVGsOiEWrNRHU/InMUT93EG4qy3kLBN4zgvvGToHRVel8JYOCmxSeIg8m5NQHRSD1Atl8EOIexlrmI5DHmbeua0QvvxMc8sE5wVJXtJmG3XvR61Sd70I5hDYG26liuA8N6poi2vHghE0zRXCZSqCyDpmQL/E8nwMfg5TTplL3GzXW/aeDJyAM77tbshizE6IWLAbpiB/T7hr3oBFplceQrzv/JwSaajMtIWMPoAcIsXrwzWjEPMof526uVinDFrnsGi63bTh9jFnw8dAm7Zi0efgsLCS6a/CYQnPEOMlZvceOVr2ppOqeOwzy6p2wLJfjrYT+OOI+hM1syx9C5tN1lcFDuklWvOeCyG8129Uo6IQrdw==]]></Encrypt>
</xml>


2017-12-28 23:38:45 debug :
------------
String:
account-ticket<xml>
    <AppId><![CDATA[wx7f83e93205d2fd31]]></AppId>
    <Encrypt><![CDATA[pIQgqoYVc9ErGlOeafZx39uqp+eVoXe7R84WTxcSku/xNVCNzoENwVx2piFBrfTLjnzZtNtZaNfszow+v2y9LDeeCsM71ydrDuWRDk2hmO0LLh9CAL++p3HNCh4Q/GFHIH2tdHX8xmXZvkPaG6aNgAWcsFuR+kvVeOuO8q0kyVa9YxiCvOEg7v/yYhGudgkkMyzbLa5OzkbfRitd16id4ll9QR1oglgU8eqWHru4Na7MTyH6V96Qvt3Ygti1tfdaZZHHn7TOS5h1QNVwZHZX7Xpe0Lj/tkD5vRXzf/yZWZd1DoeqNZCxQVmOphVN8yhPPkq5AjWiHeOfslpmXuKF5G58txkxB2KBmeW6hlwntUD9lrCTs8Pq8/K6EO8eiFAr99zGpS6TA4U3BCPf+4nZiNkxnAo/VTjQE3mAuI6QOa7cJUm461TFR+2FpAyqoZv+3dZ03Wchm+pP6JGXDA3bfw==]]></Encrypt>
</xml>


2017-12-28 23:48:21 debug :
------------
String:
account-ticket<xml>
    <AppId><![CDATA[wx7f83e93205d2fd31]]></AppId>
    <Encrypt><![CDATA[JZ5u02Pm1RNZTxnUVbHotch5o/xFGjESX/ASNnp+g2eEKSyrf+UZLWXfGyyEgN9Qn3zM6fdPG4hecn8Or3b0RgNH819v2eSLOnMJz9L+hA/FQjwc8R6urxtr5XOkKTzoE8SmatiJlh0HrMYeM2FuuBvFOQz8bqxwhaEvDu1nTu15aWbnQEmRTxxsZhnZOOx6hilvK70NOPIUJL8d0p/KpNRAputV5rrkOscb5XJPaKLIMVqCVUVDC4AxALMpLm+Yf1m0sSbVu0l5pG8uu5qpJTZZkDXolUEWhRHBvWQRFtgCWnuidX10LPQhn31uLEckVPeZ9ZARKyMM9vgSpny5euBsztQ+l4BzyUM0UGXuUn7lpZKEOocT4isy64vh8z6KqCxnuo+RRKLww544hX75p4wZyxniKoqvbdJCMEDUbqLtiVli7QB4nOeu9XxGZ4K7f0YCywUI8RQLETnFH5VqIQ==]]></Encrypt>
</xml>


2017-12-28 23:58:34 debug :
------------
String:
account-ticket<xml>
    <AppId><![CDATA[wx7f83e93205d2fd31]]></AppId>
    <Encrypt><![CDATA[sJS5u228yHaazZluGRkhDwW8+eJpea2CrmhuPdoPtBCAgjHaQgehTNab66aZnf4z+JUZ5XBFTI1sYYtvguOfEfPNQmEdu/gmwYrYkYIDfavhKEmw4wB9Wz9kQFduzJBbeYykEnj0f3f8UzBv0z+cdoL2tJBWSi1wBnNwDwDKLRF06lNccWXqR0uUNnWyf/xIK+4SpNZtA1SIoDyc8P99vK4rYl4ssDPVvtxjYmFr2FanRv+7XetXBFb3bmj0kAhGtilQQexdU6pVv8Az6leLQgbKxUBAA2IO+f5iZoXfg3qYiodeGAr44JEbTcv1CD1T+PzY7QTC7E5kzmz0ErWTbTSDXEyhHjRsDd++eA+TsG5i1BqPhg/J5Vtg2h7mYCz7KE0md7wNoJ4vYD5xFNMcBRdEC1edGAMpYzEoIVF1NuA7FEuDq4m1upWkbq8EZ+T3wQIe7zPWx7Vq3RooMwcsNQ==]]></Encrypt>
</xml>


