2017-12-26 00:08:46 debug :
------------
String:
account-ticket<xml>
    <AppId><![CDATA[wx7f83e93205d2fd31]]></AppId>
    <Encrypt><![CDATA[1cbTzUbTL5OQKdCSDOW+mpTI1zgjYmfsknX7zktNa45I6yALajJi5BUS/dJVCngYfUpMjd1r7K7gfAZSKqbzXcCJn04VKucj3WV54KX3rFmC194Of0hzveQH+eumMuIyip2vYTHlg6Hbuphv9gHJ1lLnvjuThj9Hntb8t+QaPYsCptHbSkJyktNVBnEUMsKFSWwYl8TsIlIGWsdyIo290kuAv/E2bIOScwZX1r0qkrexwUI4eUyDfEPNW7Z0X2GjMoPfRa/xrW26JjFyikk3uMAp/MYDDwzHe2HD0a8chpKVFtx/DRCMF6/5X6jcSutdDfuM5uwOMBrdz8THs30dwSX0f6pTxWm1Paa3sBHiNG7dR6ojk6QOp7qwdKjhHf9HVVa8zqMryRcQwasbpvZk2SDE0IloQ2C+9Vb9Iz3ngRy2z9sHpeV01KbGB3xIlzr2tii2CvTgnrYeleHpvUN8uw==]]></Encrypt>
</xml>


2017-12-26 00:20:42 debug :
------------
String:
account-ticket<xml>
    <AppId><![CDATA[wx7f83e93205d2fd31]]></AppId>
    <Encrypt><![CDATA[NBgiKXAioxSM0ErxL+K9JDZhOpL8ZjHHPhT4tBIqMbmlviBK1nN3IOUu8sBEeojOiX1eK8A49XNZlfQ/jFPVqGFZ/jCicM3iLhsl8MlW76D9OjQcPMipOmZtHAtAiRFXpPUaO3v5UYKsPAFCom7h/+IICwJ4ic1dVw/dBLlDTJ5sVvmBoMX34AseWZeSTCRYDKDEnM8xrqFCP/bhXFvI/OymB1U9ZuFxYBTmDSNGbxK3I+5KE/och3IqIKm2jvWT+jt4zBCVAAPuv4WIrMawI6ixsIrhtwC51hpGeUo/x+b20aFGyZ9YnXBJSUUCBpgOM3UnRpNqdAFx1TnpXMzaPtJWuV0KV9oIxydYD7ymFxIceO/RPQeFT3qmIS2tdvypEDbwCrx2kPQ4ORZDKRS7BeO8V+/cDTRKu656oPU9Aa5qWxytlTzk3wANAzYqKLXI3Yzet2wAc2vunCL0aUZo1g==]]></Encrypt>
</xml>


2017-12-26 00:28:35 debug :
------------
String:
account-ticket<xml>
    <AppId><![CDATA[wx7f83e93205d2fd31]]></AppId>
    <Encrypt><![CDATA[HE3ygS8vHGX/ublZ0l1xJgcHVPf2ZlvnNSxEe3NC+FLysCS/WVgePRve178cUPHOzc1a578Hf95tkaQBlK4I/1PSZUMT0u/AEToL5G/AV7QSWsxroglzC1eWvSj6/W+GwZC0iI7hy9azZxi5Ju0irgWAgJfYN7buTbivyJqxHfkYw7LDrOMNidzwBsqo7jdpxMEDwCPchrC52LM5f4G/83AS0Zs1iaSM1tIeYsGKtQEGaMWGfZc9bTO/LwCLRR0NBpFEGgTwYdiphKplu12+C/IEJGTWjI+HfViV5Y0G0nNVWBPRSIVUkgKuVQqp19txJTJF9TRGYFss2JmtaYpQY8l8J/2rB7WB6LBIS4wEpawPYsz4+gh1ju3+FF2rM/ymGrceuxq0oMm0iYQleiUGrifUISKbLfeajgsS/pn0m4r2re/T/YvBwxhwoHqxmw9PtJnw16BffPVhfL0Oe8gk3g==]]></Encrypt>
</xml>


2017-12-26 00:40:36 debug :
------------
String:
account-ticket<xml>
    <AppId><![CDATA[wx7f83e93205d2fd31]]></AppId>
    <Encrypt><![CDATA[h0RUcJbjmE1HXyxrGcVvJssis6JLHVDkjND0uiSYKb0wDA8FvrbcqViSyYwbxL/pGPXyPIZYQpzkN72ZA526qLVT6QBkCDgoynNAF8VuOApeE9Rx2A30tWaeDJ7qGCxwKOyaBlG0bG9lXjeNg2h9ZY61yba6pLtZ/x/Ot8EAUxfDfjb1zE5MTAjpXgRxLbm5MDLQ/NrJ25Iot9kvuNuZX1mlyZ1PtV0HrU5OmrmDWjG4OCyB08S3Mq1neE/jdJN5sbKG1Z/Rveu9yYKXpd59QHoN8sXzR77NpQtiVSTYIFjVo5ndTD3lTCENLns/mnTnljKxDAdaxq6BDvH5bKpejBN3htzJ/jpzoBjSbFbqLXCF6jhM1bCOaB7qPDhOVkM1SB0g+uDdzcgXFxyLfPeqtDeYD6SHouK4uRVgpm3lLrf9BKzgs6fijs6KWfztsRUP1kuI3KTnj4//gKhACIz5mg==]]></Encrypt>
</xml>


2017-12-26 00:48:35 debug :
------------
String:
account-ticket<xml>
    <AppId><![CDATA[wx7f83e93205d2fd31]]></AppId>
    <Encrypt><![CDATA[Qt7tlm6Yr7oaV3YEt9H51+Vla5ag44eSrxXoN4HCj8MQuSN6h9n3a+GKO4BRp2VPmFFvpgkuFVp0yt0KdXNDxhf3A1rjmprWVsvat6tk53NmVc/NLYlYU4fBE3t1X50dWSZnAuQygwfBiY2IsUPC6MzrOZW9PmXZ7iwI6U7wa8bbvCVmdS0NyMerD7RMG2WVDJqwmQmkDPd8VsPtQAzARlbwMjZA0nzgXWoE6aKOAsHFO0334P4/NRywe1dAoKdEC1hGWTLXZKicq9WQq0xdKK/B2/s0UE6d47+kEO189QowvPDW3LARM24BUgHfq0xRfWorzkIMA7RCuhs8zHQPTgciLpFTbIsXGm+y1WZkti6jKiuxo+RgYDGmxfvpfezmOyL53y4Cg57jZ2BvArWa0Bt0euqLmVphw2mt+En97JJQhRNodAQUxN9VEmT4r/5msLT7KDchlcfO3PaZ+1sgIQ==]]></Encrypt>
</xml>


2017-12-26 01:00:38 debug :
------------
String:
account-ticket<xml>
    <AppId><![CDATA[wx7f83e93205d2fd31]]></AppId>
    <Encrypt><![CDATA[9VU0KgjspDECsU0IeqOhoSmizkNpG9SWQUs5CLC7ojPE2Sfelb07eZS73dQKIBLF4U702Dhd+2qRTpAYtrJGepQbOkfOLaQQJExS04Fa37TfKshcuY/oc0VNSm1fyPZvg+MrPVXzS4Ma+86TP9l+d38xMH8Af7VYTacWjBLjb3OUDEVA3jOerzr0SfTdXlBVUJKi2mWRJIiXb6wiHaxlTYotTF8X0NS1eP9m1CYs6QSUwIZbHHBsvZ4Sum+TRd10QVsZ069xVgD+J3aGpDI2ZhCA44AIQf3dhAg7AhF0VDXnFjVVwfxhpVn83tnu40lRNsC14WMdNDIq2iYX9BFyS/o6IXicqJk294DjsyecYQju9yx9bfP2gZZ9lqSgtS0uvH381xxaqZvOYNUMiZJEuuaTEwsyBUXc9UFbkXupokJZLJKK57e20q5PbMVny5DfySGEIVujuh40YfZk8qUmnw==]]></Encrypt>
</xml>


2017-12-26 01:08:54 debug :
------------
String:
account-ticket<xml>
    <AppId><![CDATA[wx7f83e93205d2fd31]]></AppId>
    <Encrypt><![CDATA[ruZIqCpoQyfOLLQNHBFiErHaRLeG+3nSVM/WC3q5JrsUXTX3hUeMChy3x0266DvEa3vnm/lZUAgmp7xdvB/0O4o4L0+9afzrq/JpLxpOFRaisekcH/OJXdW5e0oOsB263bYvayYJg7R/bprTx+yolhBwtyYtiS8YJ4Kh9VCX1KLzAMcS9ET5S8WnJaWdBVqO8q00j27psJd0fY6EgwV4kFHflEfr75XEGVYKgSuYbwb+XTvrR5toIGqyvsWRuaAxarBvNcpIOJ8ay7fa8h4QKqRsD81LA2ncgmu+yqLfU23xXtRXBY7I6FaDy6WCzJlAShkWi7W38zS6+d1XvmTeYCgxt8ntkWqjPdGVjiFF/l4iUVGkQt1Ltk4fmgTiza3QDbK52Vx1eNSvCor+UszTRA854eU9rfcupK0B+jyh1VuiwUGRJSWgzYSQlzx9mI5MEbC7HCq8PifbIK2ANmALbQ==]]></Encrypt>
</xml>


2017-12-26 01:20:40 debug :
------------
String:
account-ticket<xml>
    <AppId><![CDATA[wx7f83e93205d2fd31]]></AppId>
    <Encrypt><![CDATA[xlLLnitHPu4TH++89yt0zAWbwv08yfA2lkZCI5wrqdPOR3Xd04RSVMQ/mCi2pFwdJzte+/OiP22BQhTVcNeywrW6o3OG31mv11rvT7A+7kC0r/+yzIJdDg6aZxAjjOvnsZOi7SGVosTPgIWP58KkkhEdUtZSnZ8TekA40mWVXk3tqSO6PvWGL7pZamj3ZYcQiLABfOEG9gjMy8ARrVXUHrzVHDducPENjoRDVUsL2Eh1twH5XIEU0ziSyztlMNDQW3GHDFa5p9ZQIh2G2s5L04aRlYP8xe16X67mwUyMZvczyDvb/s63/TstXsf5HC7TP6yqvfn6/EHAyC5w17Q6mMp+9x/oXoVbHkwnQPcG/93LkTnSen89QkShWRts0Iz9WLG+9rILFRMuSEky/TVvsey2LU8+3io3OE/99/OtxradGHYEF94Mu7a0+qh9Smk/K9EFWEToSJezJISEEEz9Eg==]]></Encrypt>
</xml>


2017-12-26 01:28:36 debug :
------------
String:
account-ticket<xml>
    <AppId><![CDATA[wx7f83e93205d2fd31]]></AppId>
    <Encrypt><![CDATA[RRiT9eBAtxnwsqtjq46xXVsqky8fzFdpwMNlnMd6msMcOHxN2Ihji6HVorUpDzylXQBHwj4ib9BHoIM9pqwjJj9NyoSwrjNTN8pp4nfqhbFaEtupnbLXaGmfNBCRlz/J3NaYyOgrfhn5P2W/rgPNIwoqomwdJPjyjE+cZpgdDjAhCQV0FXkY0mwuxKPYMsHEjoVAx5nCBN+j9elvwgOdxUGiqqp93LRtjUiDLYkMr9CvUa4pdC+K4D+Sbw0/WhjW2lr/6z57dFzgw44Qi47ScZDR1sefMetIRjEAZQDTgA5a1KJDf1RJTVAfamouZDY9dZoEk5f+jeSGAor8BvP82R0ivTRnJf7OlyIaV9xD4vouZG+BlYpkYqdzckcI45n9urD5hHBfnaX9T1wlqnmmh1LKxTzD5d+U9OR9yPKj1k3DM3RzF1JnvAZ2aaK9YMEsatsY7doRqvNCJ7b8kYwGXg==]]></Encrypt>
</xml>


2017-12-26 01:40:30 debug :
------------
String:
account-ticket<xml>
    <AppId><![CDATA[wx7f83e93205d2fd31]]></AppId>
    <Encrypt><![CDATA[IGfcFLNdjHXe7+pj2SejPnaPyLOr+9dsapLmGyQiRSEdsljnewFDwFsJX+Mf7vr5AehrnkNuhpOsM+rwMP+c/98gVBYrDQea1diVC9X8b9xHUTtPui+4AgtFxN9Sstc40/C8K7e50cClXh/N130o1ymyPOgErEtWJ6vjCbb6D+EgcrazWPV1MUOmhsGgu6bNttJC+t9NLPOH6nDTI0woBUm8hOw924IbiFenMdVUu7MX/dMIWpAZ0hdfOpEqFfqfnORbr2M7xbyNtfh/H+AJvaYG+P4KhlAAyjVYdmPTbPWQeSE/RTqzheSrn0jtWBFFPzGPVDhANBq3eBT7OTJUoVuzKoz5poSP6wEXNy54sCkgHDmliCUdmJMb1xeCrNAa/biyziGkrG3itOS5+IlxkarG+y4hWKB/uklTGG0iBCNYkMLpZlaBGykhI4FheTMSNUK/sxg1CMrD9LfRqQGzRQ==]]></Encrypt>
</xml>


2017-12-26 01:48:35 debug :
------------
String:
account-ticket<xml>
    <AppId><![CDATA[wx7f83e93205d2fd31]]></AppId>
    <Encrypt><![CDATA[/l0Nec3ENgfsF7ZPubfStuV45TONKircseJgf9ZUziTnYEJnkbYXtnsvqitXs4jtDFE4EhokNOrZ0fJRkOzh48aS4yvJ6YC6cureZR+J7oYbZs3X5wzlMuuDqoHPJ16dKLMy5Ac61by6Hj+qszXzloHzGtsjMVZ2W/LGHndbRCNI5ayvNlhjaHMQWHZ9djtiuYkr1aWpGZ3ev6j5vwXQVDbmspORuaeEGDVdZs0HWQ6ESj0XdbvCr+VhmlFKAQDbWzkQhXjbDPpmaoHo/o0N+Jj7yzo29aXpJkP/1Ij1JoS/IsJIkHAiiSD14DAYcIxTnnwJqxjXXlqzEjgYHq+/17lr3K2Ub63cdEAhksUsEfjjCxqUTzSsavEdCmOKA3Wc82Hji25NV+DAs8Dd9VXfF9Hvf9kRbcBQyHWSJKmXLoFng8o56dCTaLFIdle7f0DGgbjB3c2pcMFHr8HkTt34mQ==]]></Encrypt>
</xml>


2017-12-26 02:00:23 debug :
------------
String:
account-ticket<xml>
    <AppId><![CDATA[wx7f83e93205d2fd31]]></AppId>
    <Encrypt><![CDATA[CSNx5i/a7XCaM1noWAD8/idqYxQ8TIjbZ1RTk7AxcbZ8yahaAhG/f0GQngrOSmTFJyHniROl8+CwIZs+Rw1JE02zIiCmbRNxp0YQo5ESnESlwrrMZdyoadjPWNeIxGq6qtxxoM0gdRWU70SgaiWQartgkPNWEncXpjETtXlh3GpcJnOHi98kgXI/CmPQdCO01PlLrdzO4ByJxjqaYbfo4zb2ZqoZEwuzjUm8V75JbATiQjUBN0xLnViORc25/IDIgkxAq+etRSeL2ic1uUR6liBuiRfKOh6ANEi91zXgKAvYtV2rdpkdQf/eTuTJVaoIzFpjC/uAX0ydjsaQpeoz9POxERWqX7DeeB5HY0FNEoustDB1hch5quvlQBZHynKBWTaVAGqDfdHlELWYqVdPWnYeUv8RjqK59i5dcib4ebOOzRnhKrqHx/LC5OLqbeBclD9rGbDVQdROojsmjdwEcw==]]></Encrypt>
</xml>


2017-12-26 02:10:56 debug :
------------
String:
account-ticket<xml>
    <AppId><![CDATA[wx7f83e93205d2fd31]]></AppId>
    <Encrypt><![CDATA[qMCHnX24VJZaIi62ZfqEF+CAtRptqUPZcUnQInySyp4z+1jykdTCj7TL14tdXps83e3HN7XqevMty5YiUVUo0ub5lq+0plF18ohEiYVTfvcvIlHHjlWfDoi3zCGpS3CDgIMchs7tvH1vA0ZUey8rSPDxpW44W3J7KY+Ya1BtBvmP0lJjwB2GWUS8R4ySeR3YVRz7YyAl+HP86k/0XwvKJteaqURxnp3yyKHazr1EMcHSjyRNMSQwimFqg/8y0puUuXasGcLbxHNRiK2jSyNy4+IK7Ioz0lvPBU4ZD/yi6jhbHnttY8Lr0U/J79wJvdR1OtRDQzbGiTnzJH3eBRi6xZXG2LfrWHbO1T8skBq77fVj6+HwGpyRqyRcbDQ8g/7fPqtjPdXg8bCR/ljm0V8hwI7rQ02C3TwrOfO49RoUUJBXQdT4emYDAg2SxK+JVe69XgPbx82LkFDwT1vH4CfqqA==]]></Encrypt>
</xml>


2017-12-26 02:18:16 debug :
------------
String:
account-ticket<xml>
    <AppId><![CDATA[wx7f83e93205d2fd31]]></AppId>
    <Encrypt><![CDATA[R54suBWM3SJUb4jxUzxekWqVfWHIC4S6Qbgwehd/grILbUYnCFBksfy7lcWWUzyajj4Hxo1VFuAGztXQPubLzrxiT+8w8B021zWje+JIn7YRcI0+n8SM2bwkNa3Nfg0zTk8mCpQ1+iiAYAOZd4D502a+FcQcMWrwonWdAriLb/CHiT7tJbODMtSbiTkXbo77Qo+EJ26bp2tkILzDPEDtjtSY9rZ+L2UyyNcap/QnFlVabZQH3zWgmQHtkqc2V0r6dIvKu4CfjrQFP+8BMaZ/8MU01IGxYhnXP/0DbmeKc8px0abGSNQp7X9xs76M+3xm+wzYhatL6afApbPMkXI0BRmLd6v8lP/yFn2hn5dkyLOtte7gbLPQGezBhUu0ju63nFEUAiryKZEwHsE7iZ0rj61vr4C8ZN7Aiyz4uDDCAHFCCYbLMpgq+HOiLDnGwZCqLPyk42pTGnF7HxyK+qj5Bw==]]></Encrypt>
</xml>


2017-12-26 02:28:34 debug :
------------
String:
account-ticket<xml>
    <AppId><![CDATA[wx7f83e93205d2fd31]]></AppId>
    <Encrypt><![CDATA[jQXe4k1teeyoiFpE1vB6IdpBDHWpCwaDi/T6C2dHovLBh2sn7iSlJ+lme5QBGPVwzpOgAcjk08K04xHRfUwBV06sXHMxfwINn3ex5uEZGURjH/XiFVyRcYQrM+NJsrcDvm9zmHC39GK9hdQ20rT90Sqgu8KeXsE8H0VlamjMABQqFHWW7gXrjLZ7JlqB76yOWlGQTz9eoc4Y+ADt/NDK3voQAOvqHEje0oxiHwEZEq/ZxmZ1NPujtLFCihIQYtmVxY1WClqIRTr9CkMxftkN226VTAWjomjTQybHuUsr9nrTY+s+7PawfqgMGz71/+wlQW+9rgiac329POYkx7L7CaULx+RQUrhyGtQyYwX3dJ9B9mwlKs02+Cb1AAGnumNclDF7PvBSjMBaz4tYxkzPvEDKZ4pTQ1x8AdVp2yW+0l7gP9ybh0kKoWA+uYiLp0uBFtMMMRedgS7Ur+GL0MNccQ==]]></Encrypt>
</xml>


2017-12-26 02:40:44 debug :
------------
String:
account-ticket<xml>
    <AppId><![CDATA[wx7f83e93205d2fd31]]></AppId>
    <Encrypt><![CDATA[qEmdz7UntG6K4rHtVqrmj1iCQtHylhU9aM+H7+/m/zI4PLcNLB/SZ7EpRfhK2S/bU9LoSLHzroDrwqWRYCIcqIfhy7dqBubSsaOXAaLN9B8T5HS8F/4TPqEIKrhIIfDo958MViaj9Rw4XIvV5lnR6h6QWdIHzbnzhFOhXTSH0ukflNqYJpht3zAxTTBMqlAipQMF2WjFCHu1WELJWR9ycPhd/lAH1Ad0XcvainpAxq8212TqIy58S7SHb+mFmg4LO1HvN7geK2XkJA5EzzdD3GZT3DY+ZekrYnv2udGN/b3O5n8HTyALHuZLBYGBl4xxmowqJpvhQkowpG0Z9KBgn25XRNLGiv1GYniwfvzZjNycwH5LKfnCpl31qN6A5tZanSl84jze+ihIkL3kidj1L+X+8b93y9i+2vsXBdt8cUglHSvFzXeveXDvtJ7xreYRbp1JI0frfWVnCc3EEYqYcg==]]></Encrypt>
</xml>


2017-12-26 02:48:35 debug :
------------
String:
account-ticket<xml>
    <AppId><![CDATA[wx7f83e93205d2fd31]]></AppId>
    <Encrypt><![CDATA[SRot/KzAxjYkMdS0BPtwe2FcJsyZ+zSwr6/wxaWjv7D6CbymDx0bL25AmxOO73TYGiWK/yLqUAyavGAoQ9otNspdRe44wa/odBrH9ztEpC5CVFOSsUaz1WO4cVrgOlzoxVKf5jVKpCQbv8X+Gzbb/9boadxDlaoP/PtMvOsqg23ZDoGtKurZxMdrI+I/+TN6xaPPOz7ALzqJi1g13aq/H7ivsOTY+nz3k6ZqyO+X7oXFgnPWqrzi8pg9KaHKFFHnd5N19o4+bRX/atoomM7RM7PufIo9nJ+hhhLOXZAFOPczWiKdiBhyh1WQ404h/6dUFR8WP/sLMGLTB0HPQJtgGSUZXsjvyOrhBbdP8/0xtkOxas6adfC9O+khdXd7Eg7AAlU0JOH29tKdrdQaJMhNv51mIS1ihFx5PYwsC6i03KLlK0LKsPQNPxiyfTp2Q8ZYsix8glSJ4oqU97NtAJFzUg==]]></Encrypt>
</xml>


2017-12-26 03:00:47 debug :
------------
String:
account-ticket<xml>
    <AppId><![CDATA[wx7f83e93205d2fd31]]></AppId>
    <Encrypt><![CDATA[+le8g64+Wj05p4uGC2I/Ia/eAw8nbJumM1+1k6EpyXh8UcyIMU7CE2CkM2oJPBJSr6vkrgvMod3/LsFniq9EabuYzOP7HFPEgULzTP/7kuyJVaCRL9EyyOi/wrfLaVARN44m9QdI8axqEgXDG0qlNKUP8bqEfRBPeEk5cIauQyw00aFqk4fXJqghZQrLiClitxMrDGngZMjX9bPL/Z+cvkmSCDouGo3tKaXkJu8WRfigT4BG44Cug8/WL5cKctpp6/ml7G9zeiX3tKwNjzVNwDlPle8N518/yFNcsh3HA7Vp1lZtsOG15lj1hrEtOPW2kVVm2fWSqmbfiFpAVC3ZL6iRv5X3BK1ijJWmjVH1nHKfyZIAVsEs+D0KVxBZBWg80TSkDYjZeLttMb3ZcxkOWF06JMr00as97i97l8BfLl9TG0r2lfPLNgJVCWk9tcAyJmIHvAf8n5GQcpScOu5h1Q==]]></Encrypt>
</xml>


2017-12-26 03:08:55 debug :
------------
String:
account-ticket<xml>
    <AppId><![CDATA[wx7f83e93205d2fd31]]></AppId>
    <Encrypt><![CDATA[uSYwe64+ZaWtID2Gqv3DKZLayS79c2bOS99E1tCe8Qyq5PvhoTNw5UBfoEovPCiUc9cGu7Gmpvgvf+q8IcSvo39OTERWJI98CYbyL5wTVGReOeyeJvJzpaMlUuyg+iwpLN7WMs3wzt4ZO/Lui/sUkeH05YpL+E7/WXI2peI6OVtqAIEwQ8oBFcaAnQbuyo+nFvm6LaSRawQKiv9QkVdSYdU/TlQSv5hzF2HpVNVcrhPMMYv/GhV2BUZmFNKHOtDPHDVr0RpjScZDVp4dO1fZneBDiqnKy9LJuAq1rPSkVCSa4iIPJ+KfgNCDnETND0C6av+9VTpyrBTMphdfKJ6JdpbxpzazA/vi/rEl5BDEVAgJ7tGBJtOEYidiqeczZ/0RBmFd1dyjqHtfCfihKBt/pt+pjZHeB9wxxIsKWZVgk2i08CUoV/vIZmE7d0l4b0uJUSKLSUHm6RgloUid6RK01A==]]></Encrypt>
</xml>


2017-12-26 03:18:48 debug :
------------
String:
account-ticket<xml>
    <AppId><![CDATA[wx7f83e93205d2fd31]]></AppId>
    <Encrypt><![CDATA[5wKVpOVR/IXzytLNt3/oCodiAtriEU4vMMnynPyuzSAPvH0O8Q+oT3cPSWGfyp+lhPNTcKMewrNozofeZ2wi0CyBeYl/QUuSbrqo9qQSa9byO8iDdKsineRGCdf/U8C4mtUAL7MJ+8WDml1u9nWvmqmTdX43ClIxbFywEBOKcIClWvrBFzj1Zi0Bq44vaLEmpqiWrqN3eBNiupUQJE2aZHpwVgRZA8Qzd7H5ZBpZQK+9Ui8SVDgdKKnRld/l3/WSfyNUKo10LHv5Y2vC07B3alO6dEOPIjuOzd6d5peU6Gc+0JVLvKDEThQfJwcb+fgJLTKcLued7qMrPed2ar4zsSTLRgwhVllMG171oCSZUM8t7W6Ab3QVjWid9+5PAp6Ha0jR/ZwDIziLZZD/vCrmAoe5az0FkHCUEwQFkg5510aok7hx119q9cMby1NUQ/GytzXv5STD0qopMJ0qBRExNg==]]></Encrypt>
</xml>


2017-12-26 03:28:31 debug :
------------
String:
account-ticket<xml>
    <AppId><![CDATA[wx7f83e93205d2fd31]]></AppId>
    <Encrypt><![CDATA[2cCW7+v8Oo3jCjRCdFMbSSwJY+CU6pLjZHuotxk7/V0IfLyRTLZHFFsA7lzXxwtuYYLQyumi/+St/rilydyQ2kuRkrhqsx2rQaaHtr4mObQSZudOE2N2CgpmQrRsgQqElheSRa5mJiWhUSSztzoOu5mUyyiQkjXHce0lYQfG+0xgDYQ64LWyXdH6LJ7WjLv4ZmilpfVU2ihZoQxa3xe8iMSYFeKHZyzCLkDOsKRtACaQouARDPyiVWt+d65khstHf3LgKyO6XZuqh7/agyyE1tV+wB6ux1dcKPzCVHd4THxQznTQu6d0aKM6wA/xhnb2y5QV+qTo6zUWobqL5DMGVSpB2c1QcExP4kZwjK4VyghDK3zMTpCd66jWObTqIZjwqP3nR13j26u5nRDT+r6QZ5hhzLR00/OU2+IDYpGx9W0hRJkVFAHX55/pJ76u30vHGHJ3H6kZxG+kHoxVYnIkGQ==]]></Encrypt>
</xml>


2017-12-26 03:40:43 debug :
------------
String:
account-ticket<xml>
    <AppId><![CDATA[wx7f83e93205d2fd31]]></AppId>
    <Encrypt><![CDATA[XNR0tasBatCfYI6oOffW8rUToykJqdVtUTkFhnO1ymR7yy0JSHzcZinAPkItf4yvx3VMS8W7+VW5pL2dMCSDcMXWWM0XJ1wiCud31DpyS+rOitFd255542tS64LcBnxOb6t504KSk8XECVD6Mi+ZCUVFSGVfPrqLmYSOyfrqBaMq2fmoyWFw66/mtbWvTH6nnCgozWPJNx59BqAKSrqXtb40JuJCLqEJN9PQ02VeagG4x1Wi+8aGMvb4Cy1adtW8ooZcDnUUa0z7lQ1U7AzwEf4d0bM3qMMt8kd6DMSCvpCbW5Ior9UuHToaDiwUUvUod+IpPRYrZf0+KHGLA6+4FZ6mSB3F3yhOVLu3/l7itxXU2SE+wkwos6doj30IFKOm8+NeKG3vIBC+5WlMo5pyPb/otkI/0lQjAZ7pRtwXmp3PcHl6xDUSNlth+a8qqnZcchgV18ZrKiIx22iVBixa/A==]]></Encrypt>
</xml>


2017-12-26 03:48:29 debug :
------------
String:
account-ticket<xml>
    <AppId><![CDATA[wx7f83e93205d2fd31]]></AppId>
    <Encrypt><![CDATA[w0RnOIc0ZOt9JmnlV6YHLe3zLuG7RQfxf1TnWBrtvjEnc6tI9BqIPK99jbW3F5/wvEplA2tWF9T2A8sAZGHuXFtqT3RTsekUsT1rz3vaTw987eLRJbD+5VUK3G/dwLfDasIkJa2bctuptiDoVAGdjZwAUrrEiSAwdzmupB48yacCyYgbnGFF1E4FINeiumIRb754yN0U7pq8Wd0LrluGm3m2164dp77znjr0S+Or+Q1cHXTgtiZusf+BSZ9evDtURHtCJnYmJU6Mt+uNlU9qXlQZqV8lXhKfDztPnWa46lccMXfm14dQ0HoMdYNLX75GkKStTvC4xu9flN3gWMuELCq+nooiY51c72AzsqfHe5n7dMHj9PRbOkIv6G1A6jJAdzDF3ufyBOlC1Mt/oEMK7Xn5Ak87aDXvZVsLtpYzDINIzYP75+yx7eZHRu+Li2KDEyJeNDSAw7R3dO5dfSpQww==]]></Encrypt>
</xml>


2017-12-26 04:00:29 debug :
------------
String:
account-ticket<xml>
    <AppId><![CDATA[wx7f83e93205d2fd31]]></AppId>
    <Encrypt><![CDATA[Ua/dCmsMX8w1yDbFAId/ReLbURaW9dp64yVB6AR1Z6NCDLcQB9oY+5NCrIxXioinlvjF2AnETR5ivgLad5t+xj7WGlHfVDfWsYjuMDeIX82xJx+mHQioxRZ4hJpM2WyZJW+F2trWh+NWzZPQW8Z4GaJYC4tEiR7zjagbF1HV3vmNBRFPBbFyHLPJcvQWIFjDSvVx4LfMcqIJWHKoITMwv6Pgjnd5AqHaHV80F+eQHDetozyWNFKmEA//+eFo9VzFWqo/gBcivFwoMbyJQe9xeNUde+P+QuhuJgmr+vlzcJ7++dBkCqMqpUTaVQ6qZjgESCJ+2WRepMbNL39RDHnoG4PxmfUDR42EljSROofrunj9l3F/ExjosUlFrlYwlvKO1O1FnjU6+kInFyrJS4hNsUk5OBKoIPHMYborM2wTjSrLA1ioAJAoLeNioA1wmrCYFY1nUlPFH2nxe6fUuNMh+Q==]]></Encrypt>
</xml>


2017-12-26 04:08:45 debug :
------------
String:
account-ticket<xml>
    <AppId><![CDATA[wx7f83e93205d2fd31]]></AppId>
    <Encrypt><![CDATA[HomRGsp50se6lG9fTILLthbqYhJK9IIVQJDnru1ZKJwNfUQTGtHXpXe2MPB5M9u6QLVb/854rKsKrtaTbE1yi0Yy1ZvF1txZDBBvtDKw1BAlWYvRrH7aNBKTo+G3szsLdCav+4oGiu2c+Hwt7MZVVi9fCcg7t8DVLaRSLqevjJrBQMnR+SBFnr2iSPIuJzBmZSCgxg9uT4kYuDIQawMQbxWxv7Dx0sTkEXxX/kE1rDPVBK6Spz6CLzEIiglU7W+pyfyNgNKpefmbiIOsF1HuPd7bJhN9H6KWIPC3HkQ+gwOnq4sDC02vScM12YxkeXMnM32Adp5fL2naY3bsZps1srRD6+JZzXr4HP2U0r/vfXYJtVq5EnV9OJtAyUjbD24Rn70XyjMPqsGLDPLQsX7w9CeRdC8ctndn1OAJJRnxpozj0pK9cWziTcWajBJO3lTO9BcVx93p4Re6P3DgXac0Ng==]]></Encrypt>
</xml>


2017-12-26 04:20:39 debug :
------------
String:
account-ticket<xml>
    <AppId><![CDATA[wx7f83e93205d2fd31]]></AppId>
    <Encrypt><![CDATA[y8bpU+JCOWtQ7ShbnkogzsgtnC7BCHnVBdCmiTp5x4tXcPSLiCcYMbLQ4uA88KKd71a0ksmrEjFOPFq8Dk8nTvWtaICtZgzYWBUdwNMIVZJ1m8yv8Af8fTljJQEk9MzosytJzo9jTtbY7KhHVPq6qApcqTEcj0w54k3qYqbvi9SChmHefiB60O6k3cvZHGBM3ELOoMFa+5xipJlpfQt9859/DCPhoANI7YjDzf3p7yWkOD2CWOsEOHzISB22RXWLUSTwpePwtL7lneEjTjQc9pnK5gb/e+iagAuJKLymlVHuQA4zkculjGUHrz7hZ684V+tFLygYDdf2zXYMlRAeDLT6PqxHWb0bAEsIpClDxRyQtZycA6tucY1TPLhhux7OpNL92k3Qc/Lmgw+XsmKy3INVvAAi3bHDT32HZgA9zg90dkfzOl2qGwkrfoKvAz0Y1kJhrBAmHHHaqzQcRwTk4g==]]></Encrypt>
</xml>


2017-12-26 04:28:34 debug :
------------
String:
account-ticket<xml>
    <AppId><![CDATA[wx7f83e93205d2fd31]]></AppId>
    <Encrypt><![CDATA[Q0Od/lg+OO+n57miTMl6dFD+dWfJMqy1mLp8eCujFiCn0766fmj3W0aFFeAR+lTANn0hnMCBDlvqLjq7c0wHyuiC58cV9Cq3wfSSMww+8Cd20sY8CZCGmhwInQaQNOq1mwE/uhtNhq80eiO2h9R5UHZAr0C2UK3SKKCsUzHo0kFJB+B7SJtj1VmMj0eEWebNDLY0Fy8T09LA5Cn3F/FEP32j00e1uiKuzn0R2Do7u1P/Fzan6DMqPk5yuk1gqGpAgKAju7SsScW+KQqQzmA9YMASGxwxKO1oI9tc2Xzo5L9g8znZGpFH0X0ht4AbdJxwlojDntlfmNbBBPM9RgHub2l5SwTz86Ly8H6fEkWl7i8nvATwdWjLQEJL2AASXynNGkljJo2xaIlfsRNhb0DoeM9WK6q13kLeAXl5TnFKejUlPYYZoELMCSOAVkVPBYOju9MytAqF1CQDD/2S3GPjXA==]]></Encrypt>
</xml>


2017-12-26 04:40:33 debug :
------------
String:
account-ticket<xml>
    <AppId><![CDATA[wx7f83e93205d2fd31]]></AppId>
    <Encrypt><![CDATA[ksRPPHv7MwRRWdXN9yHIma5t5omrqIbbT8KGes9uPYN8vaG3Mt/M0JUT5mAoqsLosxGDiBaD5RoQdq29MRbat3qtIoaIAJczOYvZWpeDT0moPO7+RTqIqKYmYs/VyadMmDYE2E4IXTjYhr8VuQdyl76T3v5U61/meT0C1IwBG84AhHmb7TdzTt3/bL7EatyDBxRlMC1IDy5yfqDVfWiw3K1dHg6WOHvDmSk4n01PPQbq4b0lb8DkttyhN3QVMDB02Kq5J6pcbEwu4xwrxU+wbFHUY3JE8xYboh3p/A3zAfo+KtyU+5WImdhHv7jD1Sw67Dj2Ed4fHlA5Xw5xqSzqTbV8N3jevQo7Z5NOsy3v8mYG+Bbpsv1oYabbxAmYGFIEeba8mlUNaPYvhWDO8jMs6zD8LpEAecJTsZxaKtJGHJuPU3EnaV1bCICi6yfytt5lIlhjCSYMThrSMYjJlVahfg==]]></Encrypt>
</xml>


2017-12-26 04:48:37 debug :
------------
String:
account-ticket<xml>
    <AppId><![CDATA[wx7f83e93205d2fd31]]></AppId>
    <Encrypt><![CDATA[kA7wDFyDlJM7mUV8eamAbWRuPdOXEr+W0xEA+RmdTvrKcXh/Vb/3jQG6Ukwx6k0FyzBTKFGN1qlVkSbxshgq3jwdP4jG3L/No3UtSFlch2gWsSMFDwNrOR+Yrq90hkntXUcAUDo7+8/RbV5zIYGygRGDCmSV2gMrAMIUCnenbfvTcxrUSA4+sS98fyDFYiSLn9EXAsN7O+4+bCmNvxQ8P+uUbxunemmNttfEmzjLid2aHfpq81iGqXKyRectNtHy19fjNqs1NKaUPTPhcSXxOVweeCTC1fxpKnrOzenQkIRz5tyyjNRL7C6KbRBLmJP2218fLqAZCUayyC98iLXpV+OymNk236sgPrRouGs9Avebeb34axj7eIb+pzYZtb9tRuaW65jTTM+Nz1oM9MnPenU8Z/DIy4B7bJRiaAN9InVA/Js/VjJcockSL7Ad6k4YPSgc1VLQnZL+VHBXWjGdng==]]></Encrypt>
</xml>


2017-12-26 04:58:47 debug :
------------
String:
account-ticket<xml>
    <AppId><![CDATA[wx7f83e93205d2fd31]]></AppId>
    <Encrypt><![CDATA[81cW+kjV0bXj55PKeIAcZfdTU8ouTBzDTeFL0hEcbqRri0WN5qiYagFEIQ9OXVVnBvSAtaqdZ/djCQT8xJDAKLtwnniXqopr+N5HKWVOKtw4YOL75br0sgtW+iensoPuPmfGGwh3Tnlqc4ccRwtDpm4rAWXbD2ksEa644rdOTJizUurOb25Z9vL7W8JlAwBlbd+N8iSgLOITS1Z3hrHmzc8KUMwWPoS13MvzqSOy7zLsaGRWDGLSx+0N1VibQxchi7WpBlPJNOBnewpWZRWoIykeKliQRmauZSQc+Ot+dX6gxE/uIwPBDD9H4kVsuQqkcSQTGAh4YgO21VBPRHOUcCMN7l08CqlMYK8Kw13HzAlshtyj/ZRM44yWLP+MjRSYN7JbHkzSXWnjSwnKhkR8rmm5n4QQv5482lsxRoNVKukOeEWYk08gveG/UfGCir2uTVsUGor/0pqvIBgADEmd+A==]]></Encrypt>
</xml>


2017-12-26 05:10:37 debug :
------------
String:
account-ticket<xml>
    <AppId><![CDATA[wx7f83e93205d2fd31]]></AppId>
    <Encrypt><![CDATA[kaCx+RYgFgqar5qzNzpzwV3cT+Vi+5HIHIHS7clY0Qql2nrHyAr9M7bkwMNPY91N6d0eGowXMDqLWFQzhh4hnrP2hY2HOdw5q2V18u+k4uYTQXe5Fnp5J4dAXPTApwzqA3l/C+O1t47Iv8IhK1RVOBPvSeFJCEYZzrDs2ZR3nHNIr0zSIqCrtatTxrEoIO+fk7OC8akyB+ZMR/NffcPERt70w+6tux77NGk60l35iP1k/QbwHnQJ9B41ECzbX/oKHaWhQvVN1RCu7YPHnr6LxnvhSrqepoD0ck5M7/Znz1mzUZjgUwkzU6HqDVY3D4DmkW2qQ925HrY3MAMIGpaIk4KFMd7vNEGUjweDNHUVxIh2qwInhhcRs1MCBU3CNP6CnR7sYfytTOUEf50T2QKduRzWCCC/ZpmeS8MNe8/vd0ea/zwMTj9uJnb9Y9SauD35gq+sp6DrNK+SBcNP2KgD1Q==]]></Encrypt>
</xml>


2017-12-26 05:18:29 debug :
------------
String:
account-ticket<xml>
    <AppId><![CDATA[wx7f83e93205d2fd31]]></AppId>
    <Encrypt><![CDATA[GDEonEPOorsQmL7RNZPV4E5E9T5oKeT+ur4Vnch4ym3CqgLgCJJ/GB2l73xG3sbFUpj8Vq3S9fwjHMZ7JvOTzJYTvn7/aTJulEbzJ6tzDPwdFL7Frd1v/ArdPJElMXUWEPKByyQdM0nxKUzUis+/qW/UwgAlwMXlH4EOnnzEi10lUyWOLzvfWgXqFDOJv/QQXAdlYpfxj+3UEmfF6loRhtRl383b9ehNDbL4G1G0JcKhunMPjogzuKqr2mZh8HXd3XNfCAMQNfxNo8SOECYkD23NXKK/5OohT38lPaS54dWHz2vB1QwFQNqGCBOYi5iOC90w/nUEdnqLPSva+fdGXKwrnBdeu0VA2xqFqATWfz1B8XsuW0fYVlLBuHwZtZ8/lVD3VgaGWrSIOMh5K0FB4WkT++qOEKYEvCalJLPbZEU7cM4rXQmQ9JLVq56OKnxT8wvmQhms/EsDvIGmJ92k7Q==]]></Encrypt>
</xml>


2017-12-26 05:28:36 debug :
------------
String:
account-ticket<xml>
    <AppId><![CDATA[wx7f83e93205d2fd31]]></AppId>
    <Encrypt><![CDATA[3lMpOc/RMlPiJ1P0MfUt8YExtZr0+IPOxALjBVhNkiQ/D57pVROM9fO638puK6UIa7pcr5GflXxyZ7A3sWpAaxERMvY2OneFCelgytxaGAd74SZhDDuR6XAkq9DPKqQALpx6/w5s3rX8R/G/VdENE0sG5uvKLNtiPpdtoZFObtTb7jl5sqTGfx3ybvlWihjZRPJvsuZ/AX/5UYPECpYq0zOC/23zBXzQokvAL5hvW8Udl1uzDCuNQ7ROqXDlZa54LIkogLc6fGgRotHF6G6ea/IihUF+XVTzxSdY2paZWRBrdW+bvHSxTsjQZE3llaVZaewUDTACiijB3e3p3KNX/tmkYjWZ5M6GHGa3Y79gUsZyLCMFtwtcYHF79EKQgOxExwI9aFsKhZkgwbGDz3I3ROiML83Jpm0G3yy771cBO6+cUNY712c0NvTry7yZFL9w1T2yAZdv8frIvucrqAgdUw==]]></Encrypt>
</xml>


2017-12-26 05:40:28 debug :
------------
String:
account-ticket<xml>
    <AppId><![CDATA[wx7f83e93205d2fd31]]></AppId>
    <Encrypt><![CDATA[wfSihm7i3n6SvvcTm95vCcys2SKxCd9pPay3TTyQ7/9t5/GRw7RX2j2SYzT1EPD+HoSgOfD95bJQxemQKhHB6wRcZwfy+aO7Hu9Q4Lk/+AG8mcnq1TCbX1bj4N9CQiI5CTQL9Sxcpr1vPcgDzVVNA1MZ0q+P8kffjh1FQZvtW8M/YbKGY+kAr7bPy2NmsQteb3lNdXYPLr+lMoiAoD8PuvHyMMO96yWTRozw+xyFZky9nXDwBSV6nm0ZSDxSvsuwa9s4lPh4f956cRuc2xx35XtG+km9HhNifEtNGrZ11G1kBfHI1E5liMpygJxh/hTVNy0MfR4/xsufJDMGxBWIz/d07ZC8YXJ/0bVjTquTZMOVOeye6vjAYL1/WKEslkimuGu3ojDc93vS8kbJmrJSNGsWu6LGPDGJhsl9sMi860dpsUQK1N4K4UpAm/fLPw5Fs4xnohpEFG0lQp9Uy0buRA==]]></Encrypt>
</xml>


2017-12-26 05:48:46 debug :
------------
String:
account-ticket<xml>
    <AppId><![CDATA[wx7f83e93205d2fd31]]></AppId>
    <Encrypt><![CDATA[jlEjpR2rYSeqb5m/9V4z0E5c8/9HfD3WznBJhqeqZg2K3s0O9FlAd9EpOeBCCxNpA4+n4y8mfiraZtUenMEXybgLOyCkjeBtHzZ5sVu8zruEoNOitvY7DAV2O/anaJ3+7iaHV1pncRR+K0FOOGxHhYSd9ISLsr2/KmMluAYOzRKL+qS9W7hf3MLxJJ9+fSgcOXwnHmTuZhnJ4dFe1ksm+vWzo/sSOU0kcTVAynO+DtnBNs2YDP6X9TPVWbcKjEERvjJdezgHcD+Hvp3GxlvtiCYCPbSCTCcOX2vdUCYQci73fZLFRaYcRxlAzMNXrwOub1IExYav3Rnbx7pNOmF9L6vLA6ROHNk+jcjhglBszCTIZCHMNfb3ArDJwQxsKKdIlksPJnuHY9To9fGlK+aHM5r3BN1dzCAcZH2bDX6YIiYVMgYiQGw0uNEYMOBYLXluOTabXQ7y0KflROTKsml//A==]]></Encrypt>
</xml>


2017-12-26 06:00:18 debug :
------------
String:
account-ticket<xml>
    <AppId><![CDATA[wx7f83e93205d2fd31]]></AppId>
    <Encrypt><![CDATA[e996u4cTRQiEde+IytcyFY/bXq62OGq0EJkkgpFCSML38d3br30E6GcStJHZ0gpRzJ5/bi+4YVuE5guT1DRMGupbSbtOuDGB/gEdv+Wf4q0YjZhZUwogP7r0k0+EEKOiCrZ2CVYvnzLE+ckBAvU5nOIW6KRfDIXmkSH+MlPGLeHjuWRl7CPO++KzT5gnV/HwLnsxVYui6/aUBPrDWCE57pIDyiTw1ku0NvRBxuNUlfB4YJcSC4NEvOmR8qVzBpZcQqZ0Xzwax4+1dYRHrSU+HbqeUph7TLvzKUCgQq6a6IiLDtkNx9P/+lfVekf/oxtVHj1fGKgBHm4a8FYEuDzEf35oVuQyWgpVEPWI2tPH1MePPDNyNjTLroklujzHHgLIt5wQ1iV0hGyJ6BedEM4hGenyzlp+9/paiu5LO0exP8UFF6yaAbsUXO2M/pGPsoBvp6B8f2xd3hva9+Vldd+J6A==]]></Encrypt>
</xml>


2017-12-26 06:08:54 debug :
------------
String:
account-ticket<xml>
    <AppId><![CDATA[wx7f83e93205d2fd31]]></AppId>
    <Encrypt><![CDATA[7hVDdUvwvIxN9G0cv4aFJYtAWOmfZZecmbxojWYb4P4zVD/QyYRN0tqI+jwuSPY8rBwZNeoRXlMP+XTGVBa451HC3KQnTHKiZgBkVpqNAnSoqa2fWZaeEPIpWUaL8Fw8ihoAOuookxXRJEwcO53NQdQfOLW0kIEcO/Dl4741rzBTf1Pv/0EbdOPzf8ukzUWzfMoyQQbTzr4QRK2r/dTOI8oYV8jkdmwKplRyiBVBoYAP4TnnosWBzdupxMN1RU+nmLTj4BBqVnl9hwoJcYo7qDwe3aO01Pvnz8SS3GZY+jnmFUxwnVlwv3t7JQ48w4YUiL85q/ixRNaxedUXcL5SizrDy090g2g3Ekef8jw2MHCDXcOf7dVGX+BMxJqy5hgiXkVI5Ez74ifrBlRnB7g3b2Hs4l9bjbn2aYR2Y6x51qmfuW9+wh4aYYHwexj9fONHbQBf8OtISmfzGEUae6kanA==]]></Encrypt>
</xml>


2017-12-26 06:20:19 debug :
------------
String:
account-ticket<xml>
    <AppId><![CDATA[wx7f83e93205d2fd31]]></AppId>
    <Encrypt><![CDATA[vVmSJENPgKU4gdowja2s8y+H6u8T4D4qIr5b2zjNq6DOHwiYZy4qo2BsiCm3rvulhzLz1WkscPT2Cmd5up56lLFUftqSH/bgGiwOq3whcIKUrisL1KSz2m/lU0VKfnAhax+sjQDL2IK6Yuc+Vfk6kasAmqV1nZ62QMq8C3tGi27Gv+DRvz/biWU8oa+1oR7li1U5AXRO1/30Yy9f9lwP7MOMpPz3TQl9VNJGDAyU8+9OMeZv7oyqQ34pd4KxY2p+CjEQu6olCG0gpOxHXMgd5AeySe3i7qhDbdFkcAyK1gYschr15PanikwA5HlZGbLGrwgZEq5rhgnHC5hSESZ3cp4UaY0v9UHIUfgYxpvjdDENYFH0GYdVOft/ophkAJevlioBlL4xSR+Nuh39vbJKp+dzv2H0n+AnJoDTQ9GTLFpJklmBpY0RmCjG8PueQLXOY9jPkbo7vqXv5q3fbC9acw==]]></Encrypt>
</xml>


2017-12-26 06:28:37 debug :
------------
String:
account-ticket<xml>
    <AppId><![CDATA[wx7f83e93205d2fd31]]></AppId>
    <Encrypt><![CDATA[Tv46LT+3G7pM0JI4SreEpXDU6VaxeHidiFUNG80tOiyEg4MeACLfal3V18VID0djREAxWOTyZt4TymfNHMFT16qOK21ggtrhwm0fKw02/zU7K+BDazQ2Dtp6TCekqiCcvHpImD4YslGBlY6QaLX8lvg24YWSKOUPKexel7xlAI+gsDs+lvAJgtdzf4PoXUjThk6/vC3gp9DJwbiS3kx0Y0ih5k2zF7OBHXKtN7N1hh+lIFrcxdVOsZ8fmoVFS4O2HsvUv6ScUMJUj0Czx1soiz/Sb8L2BpMhuN2pHVIZA+idg8zmkRXj7bupMNTaqGiNC30huuhC88n/6itQ+pWk8QCj9k2beg56e4LMwaj92A9F8q0ragK1iw7vzOigxBYQMrDQRLZIhLy6ypJf51xnxjQ7wWGu2HDRmJv5m+71C9tDWRtidNh82E3zxUvcZHXvuMa0zjaDC05anKuLAAFkqA==]]></Encrypt>
</xml>


2017-12-26 06:40:19 debug :
------------
String:
account-ticket<xml>
    <AppId><![CDATA[wx7f83e93205d2fd31]]></AppId>
    <Encrypt><![CDATA[gfRiMUab7DJe39B6f4itGs8CzTugoIUMMFNWiccgndxhbCJlN2ZPqIfyg4M6m64gSlty3TdSs6yLJfO6c8Fo8OnLY2xanL2fagi42JnH5YWLRSuzDdORYbJPXdkrYYVE+qYhzey7H6yaxZFB3LXTuh3yyaYIdQ0r541Jk6w9YvSw3MV257Bkrr7cnUJVRouN8Ewq49D/z4RtXv3JPt/E74NjBaw8fSH9NOV7v7Pe4TdSElhYPrjJQu7CXhlZGfh6eXKCkqnnBF6Jdw89KaLiRvvtc6bn0zShDXPI5b7rczftTMDb5YW+BKilvuNfZMAd1GR16C2hP5HXQdzjS1py7BnIuhb/OEqNYK9koh1Va1xbNOoJlNrhJZ1FQskeQFl9jF80pCSefIrLSOwC7Uk1dESwWYxjBCVXypAogjL4z9H0qeTYp3kc+7Krig5v9T7d8E6QR7WZCEcB1uMml4ht8Q==]]></Encrypt>
</xml>


2017-12-26 06:48:46 debug :
------------
String:
account-ticket<xml>
    <AppId><![CDATA[wx7f83e93205d2fd31]]></AppId>
    <Encrypt><![CDATA[vON5CfvK0pRPfm83VNzfGP/AUwMOzxVB2CiVev5RhR/6nmZ3XAMy5FyKeOqo4j2Uu7HRVZKacgT4QgLYDrCS4gIGGxnyCUNLlrDtitGqVJuj5TAbm+vs69Z7Wg/ywxdEDG4OluTfdGvEMEN+3dS7gBDPwU4XhoAlqxy5lXt0NGUYdEUHMKZN7SzbkI+X8Liy0VdSXcW1+GLs2Jbv/6z+gXYafu3FgWrcudZLZTU7FR5n3JyZCKZnZNGveZFjWhAKPCf7f6I3/5qaSVvpmcT/Gf+iG/5qa5atCdQLLJ10SDZqF41FmslEjsTTAO0iV2wIo8tvZWOUNqlBGqmeM26Y+1mo0yLD9nq34KD1lcxUEASNXDkTE2PUkWm4vURy4kOZIE1dznvGK3PDewH5efEWbWQhRr7Lj5aJeU5Dx0cl9j3O4AANXL8x/m/wAqIKGHpfiR8Mayw2gJFgQvAqXykNxQ==]]></Encrypt>
</xml>


2017-12-26 06:58:46 debug :
------------
String:
account-ticket<xml>
    <AppId><![CDATA[wx7f83e93205d2fd31]]></AppId>
    <Encrypt><![CDATA[YNiOVQrlQYOdSkp51vUO5AKdrWu3UsnIuEwAh8EOTMCnWXyddVrfw8Gx6XMCojTgh42Iba9ATHiCWP8sKo//ldjxTUkpMPaY/xwBqAEhSzlpyQu88DnLOMP8gNqRtaxAzr1U9OUwiK+w/gn7V34LbZhcWn6tlB5S44yPeIHUUbCvd84KQujOKYFzZpuZnl725iEuWwFkFKz3N+5PKcAFvLQF8k1KVYph2NsfkmsuZTdb499ybZ3ncW6Wg/elmVxWqzyRs/CCZ36hSuf+a+7LXbF1jVqL5Hn5v8TcNZ4VPZjq0L9VBjxo3PuvEpFNN+kVKN+xaeJk+Mq/esnhZ8hUcD0+YUIsPAaMWfE6cBkO2/xoejdTpcTKBT89/tNNKRQTC3ij8eLw7uupnle4j2LNyrOPEwz3fMb/PKFad/wllX4bEXLQmGEcVZEdzCz/KFCEMnyqoQMeXBfig7s/k9Pe5w==]]></Encrypt>
</xml>


2017-12-26 07:10:38 debug :
------------
String:
account-ticket<xml>
    <AppId><![CDATA[wx7f83e93205d2fd31]]></AppId>
    <Encrypt><![CDATA[7XX4Lnp9SXqmkBmTB+xn6BNHIHNNiPmQxtGwnn0IgXXUuKWBCRytab9hSYJc4HmAPQ5OnFzJLHXgVbBXHyGfLOwRdnneG/8IjhRgj45nyUr1uaKzFp/MuVK3fjdAH/y9Twq0G4zw7c5bORuEpumPO3XhP6boOI+0UnrwBzLHYoQACrv9HEvfFie769zO55Av2VlAlz/RvNbHraofJlqZbuR7zLCvtUbLnhJmJQAWqnWqejgy2HXaqy2GqnWZClqoT+sOVjXQC9OCGg6m+Cv0snYrmpLtYLQ9HDf9gYBlHwKto5dLrFJKGxgWtnT2xGgF5wWuV1rgwYHIQzYR/SxjiPHaIX3R9i7lIW5q1//4yjzJHD213R+SImDz9BUQh0LcHbrE2TAhAd5w4St2GlGV5wc54rWr9gJyBgYqhAUOnyZqjp1amebz0nnnY0XV8nH2gQOJ11Y+8MCDOk9T+VzmjA==]]></Encrypt>
</xml>


2017-12-26 07:18:43 debug :
------------
String:
account-ticket<xml>
    <AppId><![CDATA[wx7f83e93205d2fd31]]></AppId>
    <Encrypt><![CDATA[Y66ctAz7rn2Zd/tsTLlAtpBA9a2P1Uy1Z50JYSScuG1IE4edHJuPul7Ptq2Eqx/RekgRxgKT9OU0zdiF5HT4skSzRZnQFF/BAQ+/NnS9t811y4dxJ2UIxYTfqymqrRSMvTvIWD4zRHEzlMX2YjYFomKci4H+ZX0oaBCQw5jUjyQUn5i5gOggqUeLeWKrsUUyFVA+w960YFqpNC0GansIa4ZZoiFGt4kzJgsCPpGt8aGLyKtfyqqXPjlT3VuipVBVk8SpDgXG2uGeQeBI/uNKWMzMb3phZrI5e0OpBbJhJUtdbJJuR52NMFLrgklAc6ZxLAUetIr+MMemWN7AVkhwKUm5J5r6ftrpnvG5sTqRpQiTZVbzYpA5oBdfgPEB9RZWJNKafyAf6tyZTMrI6QlB671725AbHQhlPv9ftdaiqpBsCTibaxVwDBsprx6IRD+IcVjI8z4roDWspb+irsa6jQ==]]></Encrypt>
</xml>


2017-12-26 07:30:38 debug :
------------
String:
account-ticket<xml>
    <AppId><![CDATA[wx7f83e93205d2fd31]]></AppId>
    <Encrypt><![CDATA[3kJasuITsW+wfiyQ/1AeA5vqxB4rZ4JSi6nKTa1txg/iAXVa/7SRmmKxdUGYbjMPk3AbfWbTXLRmbU/fMC7D953c2g4sA4CgmzvENMt+tzm0Umq8E2/BgI2YaSO0SgdlVy5MViPV43wAo58gohR34pZDa3b5tCBbj9kaMPG3PoPmX8cx4IglLATBooIqCWIVVODGk8v88XtBGCHWvyQPRSWQDGQQee7LiskNS/r3NIaRkP2i8Z00WeGjxlcBCYCQr/T/AFrQ+/GTCjyFXQNbUMFsXtnerwZNp+2ybbAbjRm2zWQoZ85k3JWGJqld/k+UmSfygrlpAGGNVlHmEKIwWzNAj5R7E6FfEFYabILk4+azZHqWVikQgpuB9kJd8lfN1gu1f26uYdiYwTTxWcAOAwE6mBSa2Sjs6nswcePitK2I47Cv++nL0GMD3l08exsPDjNT6azkeLMcI60oz8Zetg==]]></Encrypt>
</xml>


2017-12-26 07:38:55 debug :
------------
String:
account-ticket<xml>
    <AppId><![CDATA[wx7f83e93205d2fd31]]></AppId>
    <Encrypt><![CDATA[UMVouMJNm7JwiK6Hsnm6Zi3a0jhHDyvg9s6+nsEK9VALJ/0C5pAVyg/f864d5wXNTjxlbBZCu0yLr6WBsAtjinC5bA2LBHDwYsIjrgOrgm0+8IqU/2Gnqz45gBWOFHmlPNVjaPchHoGHaD894jyVw5y/2QPn9e0R4yatmkCZRBi/62fOPG4/ZVte0zBlmsWlqOfiZ7bMIXoIPdF8i1TSNHrCVM3/0T58fk4qWD7H/d5VwNodpqWO7Xp2jwbVGcmVW2Z8T66+wPWBLvR7WW104caJJEiQAFEiwrE2EN7w2xEk0Kr7eGsH5zj+r+CkEZMW6ezVqFPQ4hicbap/l5bqoXcNCMKhZY1G0yDVVf9zvy34gJ2iZlxj4mjU8p4iZuX6CloeyPHU5JqBgi+d/oc15wieaoN2g9Wbmj6SahcJAFOXS+2jInEc1sjS2XKt7kXbZPaMMhDEOTOIUKha2/Oi8A==]]></Encrypt>
</xml>


2017-12-26 07:48:48 debug :
------------
String:
account-ticket<xml>
    <AppId><![CDATA[wx7f83e93205d2fd31]]></AppId>
    <Encrypt><![CDATA[/vzPQS+EINN3GQHMjtuphaHY1C5R6Sy14QEzrP0ylSxuvr0VqTx49jZyiyhFVE+1Pc4WSHIRbQQ56dgwZPf1GmIZVQgZw//weCaPbCDpavISK9481kxX/e2Q2Z4kEmqZzu8ZITlEZ1aapyfjhfFCkHPV1KA4PSY/2GMCsIbZxPcpG1eiEIdv0eXpg0V1QfLtOX5mgjekJ8tJ64EpjS02EV0sNBoujlwKpeORKth5UPw+5fQlOqPAaMnTemdGdR50a6HFy71LaKYZ2/yut+NNq6xgeVSUdX5mky5Zl2ZqXZvqV/FCm6eLVCv+DBdv7kGfL7AbFkqHVeWtRlqIohLMdF+QtdQiy7P6XP4oor/8/iE3Og16odNsMGGq1e4FpOSYd4fA/dKPE7TbEhEDD1fMe0raF9K8GHFpshB09B6C4xjAVMP7iwnC6ToK+c8BZiCgvWaEhjHPlACuxKefDDUtGw==]]></Encrypt>
</xml>


2017-12-26 08:00:29 debug :
------------
String:
account-ticket<xml>
    <AppId><![CDATA[wx7f83e93205d2fd31]]></AppId>
    <Encrypt><![CDATA[1Q51Bg1BS6dlM2c8pPaGb9sFdsFHs2VfHg9SG1d31lusrkUkJcgk2OeTZ1iRGfubAL7UcZfyrZINipR0H/YVhTqtVUwidKQ1Xy73WGyXf4arszaBkORI6/Az/K1GcPwwD66z8bgudkc78Vh1SCl1Gn00+AvPUN489mUSdHkEwb/uRtcRDqICJxAbNSTdDGk8FhiuwFfEHzzZIuaq7K9Y5CEHEFnlW1mTJYKfYPhRLhS3lJSAjbkCJ01Dzj5LQOewNIvGt5vNATlUKzDCQQ78CZ/sDCpHojssn0h5mrrLXFCJ19mWvExW5khTcCIwhbpP/6EO1A3ktgyE6XqGjLknJHiz39v99yw0KzLv6ywme8Pm1WFsu305G+6i52smYfE5RYGMfHGBdOEesempPZaXWF5lb2h/qY0NLdEiy8NMdtwkT4aRl2ZkGLtSrgB07xP/mYMu3pwQSCM3IrOAHzCoBA==]]></Encrypt>
</xml>


2017-12-26 08:09:10 debug :
------------
String:
account-ticket<xml>
    <AppId><![CDATA[wx7f83e93205d2fd31]]></AppId>
    <Encrypt><![CDATA[Fk4j0D1+lPV82FPxSSGwQrSoHiYMcGz/nlr2ZI0bRGa41wHRANyFSozQPueSHfS0LexPlUDzTd00FOKEKzZ/IdNABBJWG1D+ZcFBpgZNIB+t0DFv+GERKvK8TBumzWb78O98HLMkAWnL7WgzfFUnNZ0+77CbroJ1Y5OHMFfCyGZIsBa2RGQ3uSRwYDBRxsjAa+skC9fCMHZg6YHNr1xuAC1qV6AGKqpCZDamlSB6ULJzaMuYDaX1NOr5JrFrzLQysK9+Y6iCNlorGP2nahvdhxj0KX9RYpjd5o+VW+3u4TV4GkblVQ61WKi/D8YIWJGAIiplHjiKHdulXStj7iTv1L0dugxeQuZDnv2nKJF9kA4XYv/mmhDG0+vS3gLBbm47wAj45Xubpj1fgtyHqmfKxNXz/7xq3BjHHfc+1QODQY09xR8RyHbWmtGh9m8FBgqN3tsGqcGR5N5T7nEZNt9c1g==]]></Encrypt>
</xml>


2017-12-26 08:20:39 debug :
------------
String:
account-ticket<xml>
    <AppId><![CDATA[wx7f83e93205d2fd31]]></AppId>
    <Encrypt><![CDATA[h8QsKxrJ9YoBM2FoNtyuNS6kriINa++T0zTUp2KqByiA4Bgp9TsZ/3vF8iz8W6NOYHJuxkHCSPyc3EgQQg/yGwjFFw9NyodKRQbK3mQHbQumadZ/7wq9c6MtcpyyHPxWY4H0ST7in8tlYwyKc5fRoYHLSOa/NukYq7S1zUPzmIRxZD65zjcXvlp/IZI5rSVwIwREV/flOTS+gz5125OGWzbw5UTGiouJn6waFXgBqcR0tWiumIDPF3ccUXGmpm30c2lbr1QpLxFy8K1KgOmbQaYW/RFheUFG6FD7qbDLBd5ehJ5y39DONJzTeEPGLijTTWBWxO3EntQ00gXtz7UXBiMpFtIxLOj9O6oII5serHxiqoHc+z/Ubjlj9nsvAHNoIrzGSEEoC8IFgplerQfBQbLnRIdBQuicllQMa5r9vLNxsfjuhmKN2PNM+qeTmp9Fe+DA6mLTsmsmz5uLZN7qLw==]]></Encrypt>
</xml>


2017-12-26 08:29:03 debug :
------------
String:
account-ticket<xml>
    <AppId><![CDATA[wx7f83e93205d2fd31]]></AppId>
    <Encrypt><![CDATA[qKlUuECvHcMT87drjBiNAqBYZmU7iOD4ScysDZQQV0pGfPs3puRT5VVdaetEDeNiq8ueV7mBrxTXzmWsrw7zyb0feDUqjQMKFGbQu3d1zsBbvQ+a8DFkvLTrnYCj6zJa0TEIwVqMf4fhLKkxfPgbktZujGKqDfe+hYcHsWXwMDgLbX9YDK1MvHBi7oSyfRP4UzGqBiTyB9/LoZpbdFsmBfZJsm2xhDTu2OJ1I9bYOXnPdnMO6WmJ6R+HyPbIs1b2CpWIhE2NiZ1m1TdYkBilHTbrNG22dXrgZYHrq5H2B5o4gr8lUKEIw0HEiB8Mw24f7GyUjn4qf/mlftQwhCZnThyrRxvePTWUKkc74TdJraFOVrGghhACnHQB+SxkuzCfESe/GWiI/x9H3BBe8fEN3sTM+8RwIwDv9YLk39bxBFpBHgfruW2DlmXvoHoNvTKoFnNl2FekursTD/inMlu8FQ==]]></Encrypt>
</xml>


2017-12-26 08:39:12 debug :
------------
String:
account-ticket<xml>
    <AppId><![CDATA[wx7f83e93205d2fd31]]></AppId>
    <Encrypt><![CDATA[9X4KXcTPVO54UAkNAsuy2zq6Vr5hpV2NqRBq3tmlkmzfzrpJocQVKE8frWC2GT8VuD8yy5zXG9DeChWkMFY/bPRmmEmt4jawtyfBO0fy/LCD6VQh/lHVQ1Gjl3rB4DWkDxBfVvFT1qh2GkCZTNLNTzHQVJTAy2eQW+n9s0mCp5uv/FD6fsoXkRFoNyNi/nPqgMt3fbVzUjx0ysFpVsTkmSWihFvImJ0wPrtG0OBurb2JNRRcQ9qYLRR2XAJXKTRJSOTpUu+2BGvzmqlJfzMwA3244YVypNHFjIMVq1jtHA6ZsIPHiBVwaUnAI3/qGkDruz/9oEfUinCvZaM8/UMOFtrEj5p1wTsrB2RMOvzyvPQ/HfIUXwxJISLQjPQVqPVIdoZJ2ttAi0tWJjELNnqqXUXQGaBqhBzIs9O1zQh8VcRlFsn7QssAl+SDfWOrAB2cq1Tlivw0M/fEv5TmPQvj4Q==]]></Encrypt>
</xml>


2017-12-26 08:49:13 debug :
------------
String:
account-ticket<xml>
    <AppId><![CDATA[wx7f83e93205d2fd31]]></AppId>
    <Encrypt><![CDATA[2YC93rHby+ySQ88sXTN6a3MjZdi7dzSCDokiPsmewmvkaH4Q1y4cZBsitypHFGCUomj+2AII/x75Rswl7os4iYhfDpAPgd/0wrhI8Jh18loRNqVY9kIxAcC1X/aMMRg6IRd/GpXvsKidPWaQu0+sx+p/AwPPzx+wgeb9S+NS8SZXaS5YUw/wUF1Xc3ymNQIABqz36URBk+rin8ZRncG366IXC/J/4go01tE0MY3VUIDZ0qM4OeIPVSqxChxleLYndItBH4HTuPfVfZLXPZ4lQ/cCWtsrm/8RQ7tXlnVpULCJNLOcX7L1gQSpvElRvwQrnj/dNHJFZcBGxgXIIQxUi1DSEFhmhsEDsayJZtsicbD0xeBnySKHi427ciSKc3LG8P/wYzV5fkbOtwVWAX3gbdKuqdGpn6lw/slDFpQqpTQ1vvLIIvHIM7j/4JuxFhCdgO61n3R0hhW93Gagqjy3sw==]]></Encrypt>
</xml>


2017-12-26 09:00:53 debug :
------------
String:
account-ticket<xml>
    <AppId><![CDATA[wx7f83e93205d2fd31]]></AppId>
    <Encrypt><![CDATA[mRLCBUpGHilCB3XUFbzTWRVJkKfmgmdDOTbr659uxxIKhYW+909Mrs4ukGLIShzZY8HA/2dWSafeImWB4eW0eWK3xbAr30bxq1MJD2pYbeOwZv2B/MI/eaHTnMWj5ScpIx9TwiIDUmy/liQrFYqWKgvD2jgOTbWXmPpTfQEuaS3SGa40Abpv/otqyQi5PhMCy+6L02Ncb67e24qKO8SyhRUpymnrDQwIAW8lXIPfQ+ulB9KuRekU3DRzfZw6rvQMHvfWI3gfs3eAIIrun3yzRwVwbn0EdyQGetei3NWa0XYTpIktmNihJVyzPBEs6EXU5XyzpJ9xHogQh7Zz7oT7yLKxUESImBQFCMl3WWkilnlclJX2jilWs6N2PrnAArOHU3RBTkOdfm8PkjjjTCF70DBFg3VkoidNyhVk440HNQntV/sXP0/k2CPMEptITkjpCExRAGAOzj+WDtxgKeUy6w==]]></Encrypt>
</xml>


2017-12-26 09:09:23 debug :
------------
String:
account-ticket<xml>
    <AppId><![CDATA[wx7f83e93205d2fd31]]></AppId>
    <Encrypt><![CDATA[nUiWOShS4tEdOG+zz6vERAgLT05Yy3mcAR+UL+55DymDQCF2l7HdcoiatrjrDjBbpKUuuOTFfpKQpikIHfnInRpxAe8gCSV6SVUlRqJqewRJchZ+pnz2u/Q4+ZuKvPj4qgZ9OQfx1VRwa9B8/yD8t425w3MsPLt9VYyVQm02jazvlSzkSI1lHz4J2S2EhTkgHH0sDq7/GCtJ1LaWe+S8jbOJY1URA081BkX7vr4Q1NUt0ce4RdJitDsGcVug4wnSFWBkjGhN+sQ0T20DgUx0izhwifn1VdcIcI07D77g+/FbVPIBS6++IigtwTSTt3QzcV4ZgP2NQ+IEE6fyF/Na5QLnkBIpyKyRyzu8Xp3sWd3sfJw4ppwOL/zoY7SZxGw++NBZczk0asUWKfZ6mdk4kaHVyod+VJOms/JWqaiKJrn3b6/eNwHGvlSVe4NU3kLxkOZMaNQGbl4alj5t3d31yw==]]></Encrypt>
</xml>


2017-12-26 09:21:14 debug :
------------
String:
account-ticket<xml>
    <AppId><![CDATA[wx7f83e93205d2fd31]]></AppId>
    <Encrypt><![CDATA[D1Waq9ODefPD6XKFXIRBxUQI/YKxo4wYiv54Jb0bi4qj7QvXiQVG9W6xEC+cBjv30frpulUE8L054xSs7NY0NjSTrVf1OtIbvLHGQ2VCEmtr2aBLaUB88W8Kcx+gDNqs/Xtz6i+S2gOt44m46y7TUf0VRNP0KQQB6LMS6O2TmpSoIzQ2LhpWvpXzI1KQY/gYHHqWR7UwcdVgbZ2gs6m5TIHEbHlsS8JE8uVnf5BU9qzM2o15yZHae8WF3hwLCsFCmoiGUxv3rLLk3Da+Me8oE/zsSQjy1u3qczcVIYdkNmoNe79r8aakrIl4+EF0Y4XOQgrRuNH2aBhjDrZz+OY8c0PS0Ow1ybhGeiZpAzYTvMAY+Gcxg9gcNyFhWTSnKDdhrWak8hLs+5XDk+F4WJWh/tl4w1HlzkklCjrxjBDFknfpcomb9BV9fLxs7hXwoSj8fKRBcMEM0IlpjvDyCmWmxA==]]></Encrypt>
</xml>


2017-12-26 09:29:27 debug :
------------
String:
account-ticket<xml>
    <AppId><![CDATA[wx7f83e93205d2fd31]]></AppId>
    <Encrypt><![CDATA[Bb/vhUjc8DaTi7Xvyz+BZBGaPWv4/dewG7eMHQ9f0qPY8BtiDjkzmLBjnjM2bn5nlse5l7FZ6dQmJ1kt3OoAXsp+AokXRLxwjlya58VMFQeYFcVEtuCbpp3HdYF7JeaUO0m9ns8ITelBJcMdtqq/G+wMlMCE0Kau4m+p76W6ClN5a5h6/t5Xsl9NwhGg6tAzDVurWV5Ti6vBU4zDdysrtJRf5NkeGzInBfZvhhFJrDcgndMYjQBOlY7XRr6G3/TC7WzeJPsm+7BuNDa91G5ziGLbRXwDfH5g9z6D6u+dA/7YqFfA7N7/cQ0xSohobSglBF6sHrOk2it07AgeOP2696YpNfim+mbTS1EgRJkiMuJsIQZs8c8ADLCyIEzmgVgLYv1fFK0bWzHs4zcUMfBxGTj7Lf104Qmn+KbTXm+IzzbDuJl8hFEhIZmzC+aUQwQxa0t0FVTtQynN4wh1/pdsjw==]]></Encrypt>
</xml>


2017-12-26 09:41:17 debug :
------------
String:
account-ticket<xml>
    <AppId><![CDATA[wx7f83e93205d2fd31]]></AppId>
    <Encrypt><![CDATA[17SSnrM2Yyej/HCHl/xfUShbM+9L9rCM/5qQhbOQy+0IYMVEezbs5Z+O8NlldEmqkE03VurNpjFig8iNSf1DTSQGuct3TNBbYy8UQA5TTwfy4X8SQ+VAIWcWT2dK9NqZAFFLR7Mo7geaEsU3Jkog2bgdtml68G+KXLniQOKLMPT1dhLbjB2i8VaE7VHFBGkq971FAAVpu3WSixWe7rfTzWUynQuEDbfW31wGRK8inelkPycxX8Og7a1tzxeaGUMrOIThGFq/IHbwOpD+C3jFg/oM9NLyERfdQTJ5gWVEZ1Vuz9T3xuwpv+PfJ/oDdl+iFQb3MutQZFGQZs1477uyQ+0Q6ciif0knpEJsIHMSgdgT7BQAyQJjgJZYoSSVmPzjdWjbpPkQ4mtk5iVVq+eGkNkbUwDNnaC6Zt79LMf3VO1L+egOjp7qjXocTC4swuPfYz0OxdbYSvNL2FNQNQCw/w==]]></Encrypt>
</xml>


2017-12-26 09:49:29 debug :
------------
String:
account-ticket<xml>
    <AppId><![CDATA[wx7f83e93205d2fd31]]></AppId>
    <Encrypt><![CDATA[PP1XY259lzp9wGTJxy3fG8HZujjGuRJrGfiRUZwOBGcd8r+FpruetBvvqshVxho/64SO+s5O6eUCgHXChr1z0Cu+zW9pO+LgF7cfTKpbBN8jihvp/bfYQvNcWYOVVTwFV9WgobU1AGT3g+RDS3pJx4dhu81AtUrhuO7juSrWzAl6ZQUw1CxwJuUh9lLKl4X5Mvdoa3kGozmk4mc9wNauQT+NmDVixpokuzXkLP7M02lP8yuI37cZmk87zY2Lt+VHFTElTHcbZP28ayOhHcmDcSuO63TBEG5OD7hIO1Y+yEDWHWoB6MasBtMzdZmeOxjSdweiPL4WUo9ju7YjpCKO+DMR5BcFAhzUJn6jlnCkCN28Um0qTqbCUBEh6Vi1bBFdjIHPPYbJGQ3hlOiUeXXp6f12rdOq2mdLe4qwdARA4I7Y0A5N3tnSi1Rk0Di/BsjHxUguMwukBdmcCNXJdlHYwA==]]></Encrypt>
</xml>


2017-12-26 10:01:24 debug :
------------
String:
account-ticket<xml>
    <AppId><![CDATA[wx7f83e93205d2fd31]]></AppId>
    <Encrypt><![CDATA[REMPDJOhWLiS6aFXOuUHNRFUY7weeri97O86sPbPSW48d2jG6MLfpI/AcUqQNia3ujx/OnO6lTswz5SBKGtYsQGO5sqVQydPMXopSgJNPthSr5AI1IAaJTLs1ArIueJWjWyMN9Y2Z84PfG03ElRycHJsEUu2ms+SPeNyTN5h3t5qrD7iGjFYt/v1in286Cg8DzpL+gvGGLu4RmgScZ5c+pfGyoKN8Kw9VV/XRINP1ZMMD22YYpV6QL2cqEow9CcjYyhy/FrVHQgWcraGxefvk1nslZeusomXzCPnt+tMNOzD7zgj+yQbEcJcfBBSR5GntueVhlw/zA2DPmy/G3cfc/QcbJmX0NKUpV4IOjuGsrxT41kZhdhgUQcpFXRy28juo+8yAAidV1MdfWpmg0MO7AnNGsQhMRHNG7x836HAtNQUrEorNCCwLiVmesJNM3lqHXw12g5sWwp2jcYabf5sAg==]]></Encrypt>
</xml>


2017-12-26 10:09:48 debug :
------------
String:
account-ticket<xml>
    <AppId><![CDATA[wx7f83e93205d2fd31]]></AppId>
    <Encrypt><![CDATA[WaaRWppWNgVAnW+UFCqAQUOuunkZxSdTPYLZY0CH7VF1E6Gz3wdRifVDfVlVNMCgzTVpG7Qlk1kGVUkrljI+/SqTDWkneCImcGIc79JWnByjtnYoH2Xgs2Y+/BPn8wsZWdGmpq2MjLqZ1Kdo+2uvQnGCEVkrYQgczFjXuz2XpojIJ/BRQl+dXPxyDkOktSCv+pHa5IHsYmZF+Wx7hhnnSZfYX+l9jfeKXKXMsu537DB3dYdsvNMkC49iXZegGMnW3L9IIzWjDPYk1Ehf2rcVg/ahAefITlTwWi0lsWBUGLXwAsLWHwN7TNxXB1iBdGQ9yWkz5KJDLFzyR0HvKrd+tx1IMxKYWNl+QGJwg63nVdom796owv3i57qJN8r2E4jYoDUaKuMwq9Bvv6o2DxdDAt9k+rJerkVs0F8iwppB1zzyManKHicUKFgOYMm66/qyxQnSwgx8LmCD57aj3DmLtg==]]></Encrypt>
</xml>


2017-12-26 10:21:21 debug :
------------
String:
account-ticket<xml>
    <AppId><![CDATA[wx7f83e93205d2fd31]]></AppId>
    <Encrypt><![CDATA[zAMCmxc63dUBbQEZBioKBnjuvZuqYhd0DBiThpbffLy/FDEpGLLL/8tGS0mvI3Xxh3WTnuoHYp8K5f3OUhbXWpqboy98mWUBbIiYxpNeJEyNVsc5aphym5G7uFW70YKWaKZ0XV/uvYoC1v4y6peSan0/9WBd7QjHoEuhYKX+UhOlD6Sg6TJ0H1AozJRAzM4TDoJSsfuJX1mcuqz2qq9ThAhI5gffodUmo7vq7NPqlbKNRVATf8T5JItGqdlO2mhx+3KA3JBtbmud7RkWgSU1Ql6KwbnravheuQ9B5y8MSaQl2U68lEhxBvm/JVDZU0/RoPqBkGw2cYZ+WkQDFJtPZ1H71heS7sKaDLrHF/FajJb7gGQG4ohmkiuDnjzVu8SLLl55e37MAkhf+j5b9NYKVVkgXoK4Vt+XqFOgPljq9aNGfAcBBi3AgUqRV+ADZkzR6xRYQJlS9Uf/ZHqs1CsOCg==]]></Encrypt>
</xml>


2017-12-26 10:29:35 debug :
------------
String:
account-ticket<xml>
    <AppId><![CDATA[wx7f83e93205d2fd31]]></AppId>
    <Encrypt><![CDATA[1lYYr+kOtbQDLNWedT2FPcWmzXFrZTA14Z88RzcDdYhg3j0Ia99vGtjQaGt+rPoDjwmJs6vaEbxA2tqDGu07X8mR1bZT58rDrjdkVlIjYHrhPcZGTtVwzRYLWR66LTg0CVNpZDB1lyDnkfwPhKSG/FJq9aJmZNRS9nv/8iW6z2LTbk5uRAgatK8BhcDoLjHgMha/wKEQ8e5RBsxoOwmqRf72p6xyHYyyC0UipeiqvEahDOpJBsWwrp81pa+mriz5KuCjo6hoao9vDsfAuwGZkArG+mGDtUx75eF86apaSd1xcFNLLTpIyrFf0jbdOms8hw3HOWXpRhuwIMJpXWgNeMUIT9bx092gW/YXsJh4XxEBvNOqg98dzc9tIUfEcThFlw8xZIfP4I7CHeQbp7xtdorLQlST+8SVQXcbZBMHp/oBeWa9VOH848P/IypbjIwX8Y4XTaKzspeDuaCn+x32fQ==]]></Encrypt>
</xml>


2017-12-26 10:41:38 debug :
------------
String:
account-ticket<xml>
    <AppId><![CDATA[wx7f83e93205d2fd31]]></AppId>
    <Encrypt><![CDATA[CWsGfwJna/UEIsHbHIqp4g9Pqe2sQSZJkvMPOs90ZrsE8BxfDaBIArItS8j7kgGvCW4sSI6EI10PTtlHLDRX+B1+8qkoXF63DOe6DY/+iWZKgFrBwWzxo7g2o4R0feBlWmJQm53cbTzUA0rvwLlKzoBnCY6knx0ljNPpvVmt+yzqTCXi/bko86nPLnk77nn7kt/B/K9OaMFDCelgM5AwxyjQ5q3wEX+csnvC64uyUv5s28+oQ2YuJv+bek4NkGEt5sZ5rGuh97I+QeZZlZ9dXvXMfWZxwXhjUHB5llmY9PInWyNLkkUljNiJo+BOiyHrcN6ox9VJYHhTHqhXIb6c/A8/dFTG9FVDTFePKcTiFjhqi3w29eikFZ7pBoEt/sT46cOTg8a8wVbOnGPkZ5c0xHLlT/5RKXMpcjyfpxpoL3ulpZLuM30B1BJOTnsaeFNOTB4/OhpsC8hJgtKtQhVjkQ==]]></Encrypt>
</xml>


2017-12-26 10:49:42 debug :
------------
String:
account-ticket<xml>
    <AppId><![CDATA[wx7f83e93205d2fd31]]></AppId>
    <Encrypt><![CDATA[UY4S0A/wZVp07BvDA6JAYik1HcMoF65r1SfKB3CgVEYHZfX4oC88TjxYxd8TI+n/e7njTZ05HeNVmFEPtU0CA9KnzP64ZmWArxMBTAPPhxyp75mkUPMErKVPm8JjSWz9hxB+yPil3Qm1fVDUrB1sAWaAdXAIj9szrqmAly0OToJ9IVs4zpCQc5YEmurzvMo5Q1bpAgF5LHT8HdR0UhC44ANyJp28p6IKX9JtoweQcUROOR3PIG/mScUNWLQD7V6L5cQAELflQhII8zEXwUT6c3pSC+SGCUuLpPMnBcMup836C1SK6oEuhpaWuQtuBZyhuGoJRkXKziG1Zn7TTR7KKLJUkz+tUTG//v5DIwuLw7qeQ8aUhyo6mXRyl5Si1fzJv3ZKkVLg3nsz1/c2rs1iuc6TTbDCyo+idnefwN5oSYc6kMi5P4UFes4JvNLkn4Qhnivsba7I4T7SNzS1GY+yIA==]]></Encrypt>
</xml>


2017-12-26 10:59:56 debug :
------------
String:
account-ticket<xml>
    <AppId><![CDATA[wx7f83e93205d2fd31]]></AppId>
    <Encrypt><![CDATA[YKXK4jxkIxLi5FFQzkw86NNUb2P+mhTO12WyPvwCjhS9eQLFY3WnMlq6jl0va/lWV43JnmDJUe11Hi8pLcxg1RwkSLombJRUEHcZi71aUmsXZqAYJ4QCiSIuZSDFGc85qigGH1WGVuNjn5Om7fy2atrgEWgQLXRewhu+GiAMuZ4JwoOgutDvhL28dPWTtdIF3F7krMY0Dbi4rsZ2+ZeQRBbWEAl865+/kgv/+U565gGwl7ah9XM+4fW4xO6mPvyJsnN61at4QNA9hX6wZFQR6wNe6U+XzH0gLlbYaGo2S+ZNa/d2/R0uflTWQnam26CPfP1Vkwx8bQOgOx71SlHR4okTnLgWpYFCgCLNNAtiCmdfWiDcL0ONilAcsWf94ZaeMN5mIjvf1m7XWDbkqNQOqh6R91ORC1tnq8LesBx4OyHugOBAPe1hPh9H6J6is8MoMDtdAa17z2nnnNkIIIuOfA==]]></Encrypt>
</xml>


2017-12-26 11:09:48 debug :
------------
String:
account-ticket<xml>
    <AppId><![CDATA[wx7f83e93205d2fd31]]></AppId>
    <Encrypt><![CDATA[TAndOxOgwuBpz0973VZPuXu8Uzg4miK/GEFC9LIll+i7fbgy2ZzIjIL7s7dORT8BZjBRXDp1X7ESpiiVqcXMsGmeoyUNBIfJBsMVPYWKz46NcAZrEs9bAp82jxn96l5rs5vIS/Ir+/y0uo0Tec39lRmIuGST8fBMJRL4Psofog4Q/lV4XSPES09mTeelfMbjTgZdITVQPFBhjLH+BF1OAOYTERtyiECI7NJlh3cOCjgctno/WYWgX4Em4RyGhwwOmXavpNRQ5qzYHxOOl6Qxcfjnffnoi2csGZ3y1RoWgOb5FC5vlSoU78m9OGQwbISiQyXum9Myt4jy2sWLoxKakugpYeV54nJBPgD3fMVfbkK6tW2ICjOGmzVzqcs6aaOHoCRaGLgJDzUh8jRvXD+ikGXamiWQL5IyfFetYgRSCqkizR+c/H/uMe7bbYAbDe52OAOikkzVUIOeTVHoY1WZUg==]]></Encrypt>
</xml>


2017-12-26 11:21:19 debug :
------------
String:
account-ticket<xml>
    <AppId><![CDATA[wx7f83e93205d2fd31]]></AppId>
    <Encrypt><![CDATA[4AQ8GF7NrDEIBS3LFbGEfSa3gi/3KwctTYzfN7qU7Vw3AfqaQ/+nwBz8puyTq7KzpSQ+MUWraBzSkHi6UrySaXxPo6qrb9G9I8ueltR2RNDnWYBMt5EIcGad3ntkXYqV8ofQvjiAN9gqDI/kgOEaH7hJhw1TQbzA6eAcrmxSJtaxAJSuLpe03Jqiqx19X3r/JHVba9uyGM+QpQSJhlLCwcaBbNp925WAhpoU+RxjJcBwT3flt1KnyKng6iXrZu1EPCr8Dw7APD4noobQtE9lEBXVlMEsEmmSDVw1SwSm7nHpOz6yj+EI/dR07C0WgRyC8izWEtY5tT8N1IvUHTAhU1wXFZ2Jc72+79JEdGMxfIaSW9rNa6UeQQEHxcqIHTQLSWQOn/7p/uzhnVImo7qBnvgaGA4/vkukjQVMfHLX9HzxuagijgZZ3988+Oca3JATLPjf9AsbPQROO2Cfw50inA==]]></Encrypt>
</xml>


2017-12-26 11:29:34 debug :
------------
String:
account-ticket<xml>
    <AppId><![CDATA[wx7f83e93205d2fd31]]></AppId>
    <Encrypt><![CDATA[yXvjXboVoa+2g+AKOEUiqF4d9vm/3ybQO+enW6AyvXDnk8lp2IP7qpXgvEUkBgJgcIN7gy2+fBLg/vBydCpA4A1wtK1McFge3R60bsFScTy0kbjICRdS/ZiqO4+Eq7K7iyB+BHE8/Z1alICQXfrkTGMsYMpr2Retukpqklbpz4bWgQlkVIR6uDdM7vSw1zB01AOJkiRlN7cp0voIxaVLwaPD86e7Q8V987qYi5JoYit1wXt7a05v1c99iYDDOrXZXdJWMowT76wY2B7eWFdjR0cJ+F4lzxxbOVy0FpDrf4NRpZfO0Rwch2O6JSTL9SQqQ0duv8UGEnekv+Cx8FJKZgxCIsH0AC0PNoRxjbnmu/BFQ2MLN+A8BZ0vKZ7/LJgVE8R8qmeTxJgb6lJABXgjEa+yGBlb9VWv+QS26YboD1u9ywfDSHSZQXkk6tzqL7LwgmNinI/0qnL0SC63k2889Q==]]></Encrypt>
</xml>


2017-12-26 11:41:16 debug :
------------
String:
account-ticket<xml>
    <AppId><![CDATA[wx7f83e93205d2fd31]]></AppId>
    <Encrypt><![CDATA[A0XqVx16rfSOPruBwLwUaZW0eG6JYCaKhROUhrJdEArfoNZuXaWxHQCLsz2BEHj+Pbk4puqHI05m1qTpA7riokzccBLdWVTAFfNTUDtBnjdrpq66NLfsWPceax5osTDMs7Da5KoA9GaEPJds3g13jWYtZny36lyt4tWXl4YPSEl/fNKSUyQm/FLMNwmZG/Mwm0y3eE0QxzIhkpiMMo7aAwiIWhnmAnpjOK6JT3wj3fOsapIZ68d8VNXTCsrf06XTp/D1BF2KlHGELBpT5nPYntxKOF5bjQf5gmdmrWbk+kvV3wi+ze/NNzTL2Eht/tigxngKzWKXrZ3nYFhRAD0yMIes8WJxB1KG/NX1y/seJeamT4nF4zWhbpYsBQsenGmDjILSgkCepinWVHJmpsEgUo6TekC7l9ZBSsDaB5DS6k3qhahWIR3c2eKSCrkVvtBAzjSKyrlJr8sOgvi4sN0ZRA==]]></Encrypt>
</xml>


2017-12-26 11:49:31 debug :
------------
String:
account-ticket<xml>
    <AppId><![CDATA[wx7f83e93205d2fd31]]></AppId>
    <Encrypt><![CDATA[Y/X8JDv32rVgJAprBft3VNcE0XemAQNmyV8HlVI9NmqqjUt7uvYOQ2X+pwXeztIZmD6QhvcK2h3xjtmeHMlEEBn8qDynS8drAlmYu9ZoZzUgsfDEm78oxE5pe+adlFj8R1m/mblNdcRDUbJ+dH3ZA2H2AuVghuRX8726gDXbcrezt51BX2AxEwvmC+w3PloEcdiqht9RkX4sKBzX0u11pGytEe7WnNtjdfHg37glxXtS2uWW2i/YOTWnht1G5o7s6mH+uH3MKdD/G0gxuWILgGkr6IDxQ/hugZXhw04JPobGZtxNJ7Mj9IWtlWXCJGVVFv27+VRZ/cpAWgfTuknSMBnxQ1kOJRyxkK7HR7i0zy0oGvG7rXgHDXU6NbVlXY2/miNiFnBTNjM1afPdVA1+c8qwNto41A72G/IeFHYnY52+amnPyQ6mKSyVtv0d+b5C112NYiK4g3B0VWU3/gxDDA==]]></Encrypt>
</xml>


2017-12-26 11:59:14 debug :
------------
String:
account-ticket<xml>
    <AppId><![CDATA[wx7f83e93205d2fd31]]></AppId>
    <Encrypt><![CDATA[0mUtFYaw0gq6E0gOPlhMolymkXou1jGTFZFCLyYioY5DCOzXK2SVSQAUdNz3Z6PeOdGLQD9m26aKfCWFI4RYFbXJJXWOCez2jPq79KWb3HzaQSy1K+53cMrdRQRbGLB1vRRGvJvR9M5yU2plAxRDmJKSL9l4LQ7QLx/CGOVGbHtOB0pIU3eEFTG4yq3/X7yxJ8wV/dfySwuT+NSO1l7h5lhqQlyfYSfOoDv7Vqm9gqeASeWRHzYsY9fX3sR2v1cUpDdWY/1uvVrgEOf+9sI9uVxIS/KrmOAv1E5t0dlcQYnnew918D+3eYjLfIo0yWQV7L6uFgqA9RoDISLUhIlV977UnPIfMx/ym1AwvRG+u5eAUBd1UXjNomXREJCkTJ4n1BU3Cdyv4SSejhW/g8GGyiUcfvIADlEt5UeZ5ThxmsdTvYzOn4ZWLFmaF2G7/1OClvtY6/iA02omFcvfZWbOew==]]></Encrypt>
</xml>


2017-12-26 12:09:46 debug :
------------
String:
account-ticket<xml>
    <AppId><![CDATA[wx7f83e93205d2fd31]]></AppId>
    <Encrypt><![CDATA[7HrhRg1M6G3F+1ybTJ52mirVYHnALteiZWfC+RVbg6MRkI3ZRbyasbDGK5ruuOLCy8/C6bdzfXS9bxyj8PqwpqLMiF+Og6yDEkt5gHx2oZecI17l7sW1jetFD1M0+oo11n3yEjuwrsk9rczqZX+kjcE3tVaCKtX+SZPGVilQu+AqquKP2nSU3ViSJbFbu6RSrvNKOaXEBI/GuArtp6dDPYKKXE74IB40DtSL66Sl/1JV7WSLExqMdoev2CVyFXCfm75sCG5eG9KDF7lvEeiUHjFDsYr5QccaLMzhcENUfYqYDdLd+zWP8uWI1rG8ATk9H+iFUGL3QTKZnQn32W5y6M89q3ysZnf9katMAzD+k8e4g3dQtUUjpGQcQURu+3ThkJkXZkar7MBeybYds3Q5anDPkQUWRVtX8h5hf4ox6feK6kphyVwgE7LT2DJ4xYte3jOa/MaUcstJ0QK/yoxgvw==]]></Encrypt>
</xml>


2017-12-26 12:21:17 debug :
------------
String:
account-ticket<xml>
    <AppId><![CDATA[wx7f83e93205d2fd31]]></AppId>
    <Encrypt><![CDATA[Wi08fip1HOQsUJSZpcB3f26MQjiVS+MXbYK202cbbZbvB4wygE3xsmKXEmLWmOx8v7TevxVPBQ07U1Xn3EezQezYa2LbGQjziz/Jos7DzwimeLQruG1QTbPR/pCieuOwhC3todqAfDXcENiETzO5gGrqwD73zFYN0gvaFIpbdcCnqvAE91tftjinKR2viSwFkQKbwuU97WEQo5Q0BYOz9SgGTKSJaUuSMufZdGu9ccMEO0yFEZ3oo6y1LfLtk/XNEKK6CPwwpEw8VF6gx9IphzaeWjWmrXu7uV7K6MPacFp5ZY1p7aaF3HzGPlKHp8D9XfS7l6PEaVq9aoOhS5m3mcdR5I3ozq8DH+EVnai2zFqzfTZpbCOI1c/emC7nFsOdMidAEbsqEIAOoJnjmCwH/UXWZoy5/+WWJy9+onAZrGRZvIJ/18gFjtDutPGv1XwnDVBCb/gf5uoJdGsQwqhA4w==]]></Encrypt>
</xml>


2017-12-26 12:29:28 debug :
------------
String:
account-ticket<xml>
    <AppId><![CDATA[wx7f83e93205d2fd31]]></AppId>
    <Encrypt><![CDATA[R8Qu7sqSule+rxKYwb8SND3u/jZepwxsrmRj4ezMuRmKVLd3AKdJVSol0vjoNydbmKYPgG8adSUQd8JHOLy7yHWFTTMHT9dD2UMug6fO3nf+LSCzqBCx1rsoJdxgCX4I7LfEkSfYQf6KVBKjtXtS19S18dgZjQ+SjVMhyxN02aEIAd7pXiEuCcISyMX261/Uybv/U1K5T2zz3cgZsxUv8GhhCSaLfwRbDul7S+wcuwdZ/WlBNYJKHdIMtq+2+uuXNdoubWWGKynxP0A/6jelYyFmESy50OQDeAeUtojb9E0dxkQ2B1UiHtIhdhTxh8I3/+oWeHXnXWhdSWWLeTDDaV+EWeENGHtygds/jM2EVqNhDht72EKRijpepfJteqXACiiihv8EnZpiiFOekX6hYL0hX1zI9kfcL1vGWe/7dfxIWXBe3jM1Ohc980fJuBf3hqiso1oi16dtpSoChpGSrw==]]></Encrypt>
</xml>


2017-12-26 12:39:34 debug :
------------
String:
account-ticket<xml>
    <AppId><![CDATA[wx7f83e93205d2fd31]]></AppId>
    <Encrypt><![CDATA[cUg4GwKzDXfMcVZ+N7bLlx/TDOk+BjHabesTOATh3y0G/heij/qZQ2f7GN+cyiQF8OwJjOXp8pBBJEtY8VXhPAss8yyt1YKIX5Epqc7gLY8VWGz/8CFTy6WKRzp5U//LhfOQWfKTEnoqEg2rb61HVUTni7QFu01QErVxhj7dFhm4+TKg8j8iJ7QKZKx0V4PAhggYAF+knycPWi7Ge+x8lOQqY2V9/Z0wj2qPM6pv21VBqmxyGhLyOMTgCLcs45szWMW86/LastwTYP2CbDstCcLFusC1ruY3yEBG1/noaCYQmPGc5Qq4ro5GuhbOO7VRQVzb0DJ3ahZZp5CeloOOqBB5vFXWED4STyiAIB8oEJPCc7bZlo7emOfV9TQ8BAdPKSLGPk2m2nNup/tj/X0Ngm2kG/Sme+uZCQgG+nAoupKSwggZXKxVjdcJDQ3AIna/+9m97fWYwDccCElrh4pXZQ==]]></Encrypt>
</xml>


2017-12-26 12:49:32 debug :
------------
String:
account-ticket<xml>
    <AppId><![CDATA[wx7f83e93205d2fd31]]></AppId>
    <Encrypt><![CDATA[koXs33+/T2lq8U/2f8xY6DTN48HukfxOEcDR7azxlpyb9PE6FeEjYYdp5E/I3hV7dhZLSt051YFKy9CGHFfaSyFtF7sXzTBjHRJn18jlBurbhwv7oi/Y44c/HRmBNMKC8PSHrZjiJdGPpAdM4p1micPFIx2m4Uclg/AvI3oanVrCizT5f2mFfF4kJqzNycXFswqtBx7vF94nX44hPEp7k9GPlk5EiZ3F2n6GHH5fxfs76CbebtVDaG50ETp1gaxs1WVHiK+Vf3LhAlGiIXfuFquUVlYAVyiUEmt2iQB55YJfezfqB7gVV1GgQiFnfEJgad9B2sWdbM+Z8+c92w+Mh0d/FhIsP0IeRQ/MbZUh4B7z2lkUh1QAGpeG/wsLdmivgp/057HFhUurv8XaGUpVG0ygTsd7+kLJxo85Anam10MWMBjAYf/FdlaeUFpjz9VO4s/ln4lP+d/j+LI74ljH+Q==]]></Encrypt>
</xml>


2017-12-26 12:59:35 debug :
------------
String:
account-ticket<xml>
    <AppId><![CDATA[wx7f83e93205d2fd31]]></AppId>
    <Encrypt><![CDATA[VUP1owhv4kyGZFTB9UvevJh1rXYDtaJ3ailbn3ByCLIRklcKNvbABL1IUGB400a3G4GNlIT+QNBRNIrLOrb7LnfnBQSUw+4Ryo3nqIf8+s6jM5TqLDyH6goglwub6aOTQfWT2gwolKO6RC0bYES5t/jHitj/sS0CZPmMeVYFtN3JXJYYsjHqBUEeNpd66voMqc3l70CT3K1gPckbs8S++Pec5Lw547vwQ8J369f69PsMVMgg23/AcLwODvrukCq9p4aDIjuRFDyVfPvyRNciEYD73Lz4GO5aemkUsuwTh517mShpLMi91ocV2XUxjqUcm0dyPIT9Uv70TMQvCkSJRMkhkZtwESi2EFZ5N7bGxY9UkJ7+QXcKl6CidbhMZN1qsEVilO1dwJH/2frcdMe7iV75qRk9gGClnx6w2cut6dLuRiUFQt2UojUbgoddn5qP4KTtKEbnsOn8rQBBPNb0RA==]]></Encrypt>
</xml>


2017-12-26 13:09:38 debug :
------------
String:
account-ticket<xml>
    <AppId><![CDATA[wx7f83e93205d2fd31]]></AppId>
    <Encrypt><![CDATA[PbYgvPHUfMeyatp7dkARIKmcovum8HlfSSrM7Ty9MuAzt6kGF86lyBnqmlzOVX3mKAAA7c4Sx5zbawpXPKi1VLHhSJOmJ6RJf+J8Z0y5q7Ka0aMz1RMRcqFCt15LnwHsaIGHzS2vXp3ZOnn/ETU1pU+Qa8o9ALNCgHNGLY2lPEc0TnIBDh3zZAwVF2ndXRQGr7zp654IIyUKnQRIBXIR9PEG57NC+aGV221TivLfNrfi/xU+i+UbFtDeYPlEoXJY6r5rqR8N/1kmoGdD5npEll5EX40fexPbHL4+Im0MC1OAG+NPHY9OepyshYPCewCpCmiH1eRPuVW7Z5FVL8wgAx0Rqa6MdNejLK2mwZZ0wZOSu/+WBWqtOc38HEEgHNKGeWR5rggHJ5CIqhdL8AsEQrvxuzydsxW/TVMWIV0khW/Q2LckdyGei01VixArf9R0BN28T0uMiNEP/Wo3xABqGw==]]></Encrypt>
</xml>


2017-12-26 13:19:09 debug :
------------
String:
account-ticket<xml>
    <AppId><![CDATA[wx7f83e93205d2fd31]]></AppId>
    <Encrypt><![CDATA[s0zXD04EZYw4qpEpFRhPLFCq/xxyxYe7ecLFbqVLZPo1K7RhHAm9JrRZtZhnJX/+dgYO7JO5ckdrQesTnTvrAXR0Ezdr8lP9fOtg0hbUbLMGk97FOf8GlZ0RbWPWykYFGHQ8s9iss7nJ2yUpu9NchCJ1FktrRzswaVReykJdtNdWR4S8/apGQRhXE0TmIbq7/b4xJhjAXfOs3m14YoXA9ZaBeUqC6HrCjf+t0GQxktSUireisPCDYrbyh5OgXBzC8xr/kNfPFZvStZWXh/JK15wpUoP5yAt78p6y24CBmN4dt1vYbIwPrmNprCTFeov/DDgZIOsnvzSCgpfi1/xUnUgI4f8ak8S5oXjceXJzWwIGn2SaMA3I4RabT6DwORE6z7ZMX0PyvWD5B2DhMPhQrDGzovF7hXJdFrayW45p8pNE4ehE0K0hWOuj9cjn7TxoBm8O310Knn4sgiCE8Ms+5Q==]]></Encrypt>
</xml>


2017-12-26 13:29:19 debug :
------------
String:
account-ticket<xml>
    <AppId><![CDATA[wx7f83e93205d2fd31]]></AppId>
    <Encrypt><![CDATA[4an0Sz80msmwBPsWKxFQefQmErcrE2sGDG+9yj1BBcP3Yf/hjoCEU5QFLcCeuXeESwogYOUHrys1GtdVkDH6pFGueNNSbxJ5dulMl5Pq+31kijqXXSb73fL0BrZ5vVHWK+4G4gvkUjqVRo9ceNh7xwDsVG5pJH0v8+WHmGkCY5l4Gt1Dl0M8WE8Jz8AkJEiGDRb7SLs4KpJuTjRUMUSc1JI3hVwNWtnuvZu1IPrifffANS8K5C8IPlXK1/OyM5TMq+eevONIwjaLaWVZXh0VbwiCLVlGRvc4KfPP2Wts3K5/kI6fPrHi+YjygSHIf5/KJt2redA7DZv+8H/5/PGB9rlODEyLUI3S8OWeBdMCcIXD4MXxaQ/LxciW1xcPr4YwLYX9xmcfcT6BQf2vxOQT+dE/pNpCcNRZR/xnxQAE8EM5xzDWWt1q/hNHGx5iBhwAM3O/EN2uKc4ccSqvOa5E0A==]]></Encrypt>
</xml>


2017-12-26 13:39:22 debug :
------------
String:
account-ticket<xml>
    <AppId><![CDATA[wx7f83e93205d2fd31]]></AppId>
    <Encrypt><![CDATA[uLBKGFGSVJ2GIIQkFPv/5VMeyUGc5SHgHUK/fsplub0K64PhJ5AisTVhgiQD83fdoxODeLddGgkkCt/u6t3uDeDSoNXnylh7Da2I3gZ2SZNPg8TOKzE5wO1gC87pereCALiTO9maK+GQml8wyq46P1sMPigjuyhBZyTS5HM4qlZA5fpJdcfSey9IXUD5UtcbeUk6ZMye/EHBXzaajpqNqIxUJ2C2cKwyN6rizn7D8xr+C/wh1dkrtVYyNg/8Rs+sZbCZvFrr0sgRBZj+yOuz75VwNdm5sOhCyTdlfHYrBiivHVI3Kq1S3bQrsQ8jU8BRfIGja0ZETlAYKjVhq1GmKR2FSzV/r9fH4hB09wVFy2ai/ypmOeQjYV1M5Sj+65f+clbbA+wJ5qo0xG0KSJlJ+grjqXIzFqrGeiUif7ht29YBml3Y2vumAUrR1NWwfchiss9tYJhTbMXv58HUgI4Ubw==]]></Encrypt>
</xml>


2017-12-26 13:49:25 debug :
------------
String:
account-ticket<xml>
    <AppId><![CDATA[wx7f83e93205d2fd31]]></AppId>
    <Encrypt><![CDATA[0agzw70cicezkvR89yCuyqvNRqMQvD7ePfIs3lV9UzdF9b2zm/jUeHLAs71y9XdabLFxPhzk+PfN3oZEWe5FXj+Z5bwqNVVL6ny3js1GfBIWSxM5a/+WWXMfmiYU05IYeGwMUBwk9W86k+lWgIXF7E/tf7oBeLKR7E8bHz0j4RuPPezjWF3xig5dWIX4O31aEEiCzneINQWvsMrCWfeua+gQZW1ZaLA3mRyOu0H+2NKzxVxFy0L/Y8pXRYAxEoAXqNlgrGLkrm1BbXpitOOXyxOqUMJTRBBif4BOwLTsPb4nr8pRd04t+dSbECd+7GJDZDv2BE8v7D2TX11S9VRoHiPH8CFc0wa52DyZ+5OCo+toqK4ISG1NxuXWbeP9vKdr+gxcX+CygE3Z6Ekimco2lYq4JTS3Bc73GM4NZkJHd8D1hS6AUvGZniEd6s+cIOxdUKRkjYcOT2PTb00z9qW5+A==]]></Encrypt>
</xml>


2017-12-26 13:59:19 debug :
------------
String:
account-ticket<xml>
    <AppId><![CDATA[wx7f83e93205d2fd31]]></AppId>
    <Encrypt><![CDATA[gu9QK8q3gqRZrMDVqJUjygFGfuXX0FDwVWZutD8oTYjqwXuCu0wso3V8FyAKHR3ZQ9OQnOjehz6pWZ0NPa7Z6LQbpoEeQNrjFkRW+3HsdMnwhsNN/ES/lWK8CGukMVTzyH5MiAJn1VoU+cqy74ENLLLmT1FF+czUFF1OMpcPs+VF7NMirxpixsu3fsCPrnZZU2bBxEnu3B2E62H3iPo893szsfLzN4th7ByVsDh9/9Mx0fXSndZDin93snk3nA0RfSd8loWK4UgJftz9l/gKt1BL0h47REzaEUXShxajSNFfKupRY+lDgaSMcG8hESSce8kTLJgjG7JBt4mg0RnykVSgMMpl4bNv1dQG5jWrwRuuc8cFMBA2GhYXPzoWpz2tG7l18pQ8YqJzB9YiDhfoxKYlwFHRVGtXXvMf6ujoc5MVCPg/Rltjf/3P4Uu16EkVeoPq8+GfbyeCv0eTRFyIpg==]]></Encrypt>
</xml>


2017-12-26 14:09:41 debug :
------------
String:
account-ticket<xml>
    <AppId><![CDATA[wx7f83e93205d2fd31]]></AppId>
    <Encrypt><![CDATA[4VOrwsDAQzQxlErw0/gled6ikyVyccAS6wrjP6c6J+eJ2H+K2mWY+tGZI7XrCr4cDkT/vZD2IaSiRz8TyXOd27+WLafXWkF6d/MZjlGsluvdQAa1HnHVrsg2KhJPoutduAlic7K/gVrHwkGJRrTAybgj3mU5Bk6MPUyB8DkwiP2n+OyQJav5Ctf7SY9vvdAy21uNaJTphSHwE8bPTtY5saTZxNQ9xg43D2Tw2euUjTP4xkZ8D1qwOrpVKH5ssG8jQ14H0DoKkvoqJKI7x85xajfWDw/6QKlIuhQY2D3pt/2hEsreLPrfHltD2imi6QbO5mzoJWb8mOQmbaTPvXSTFiLv9IbZnV57bNvWcygbf2A5KNeFektpkM9RaZqKgn4LXceWpqhbY+Z7r5rhgtpA+NXjh9UlXIFWS9eORKM/e74ZxER9Siy2M5p/xYiUkHrKn8FgSf4n/MTGO0pi4g47Qg==]]></Encrypt>
</xml>


2017-12-26 14:19:25 debug :
------------
String:
account-ticket<xml>
    <AppId><![CDATA[wx7f83e93205d2fd31]]></AppId>
    <Encrypt><![CDATA[/GSk2Zvw0CtleJkE1ZyjWfrFe7Fc55VDPebRSkOSU/UWwtjvvrfHOPhgqqDWP0Td7h/FDuRSDFdLBRmsg4G/UF9GAp7MvjwhAOEMjAxGOrPyB3YytfIpdSHW+EqwoU8joii1NqMB9OhlUZKm6oQh6n9KOvqlq7jYoEFxvvjcoGw70Z34BFCt4oqOvyibZBvyjE8lgPArzVxlRJpKqDJZ3fahIyAWeVKvbg7mOnsKnrU2nQYmr6s9a+92WlMdfTgeNZ7qFGa3g9ym8E9I8IMiDUOmKd12nPGv+O6e8rwlOYVnKer3tQVMrwbq+O1Xrpz5Cek+MgaDhKqrlhqwG8//Ac9V2xIEXEVAVul09NEq8S4BFbVVEud2f+ACKqlAod8A4lAhpoGPBX7Tuw80vj4xHgdWmosE5mDujrCPlNCR8la2+Ir4UrnU0ZfzTuHlDNNkLV//y1BSkgLsal3cwp+1/Q==]]></Encrypt>
</xml>


2017-12-26 14:29:25 debug :
------------
String:
account-ticket<xml>
    <AppId><![CDATA[wx7f83e93205d2fd31]]></AppId>
    <Encrypt><![CDATA[TFga/vBlnE0qe7B0uO8Nq74A5azslqp/n1Ruvvr7RC0c7Pt3Fze+uQeFpnPsLUaoCVZ9HqJg9PbvGNrzWVkEnfZABhDxmEeqQ+fLbMkmqbz+mbWku3DjwFXCFv1QKVBxldRJlVUnG6LQT6WBCnDYkVJAICMp0g6N42YHk6/VN1WCgwywPAygEdJZFqxlHKcxUxIzl1xhrphN9VOmTaoNo5oCdsBwrfVVRdlgze5oXSnj5s+2PTKmQqMuI+0mCfnHAfaYuDaj1EbVnejg0tFzpzNRESjmCm24xzNhGV5JhR5a4Mgc5ipJr7G6CIyd7PCvSbd28mAhHKknHdZUg5xV60BbLBbAurg3Ssk0ZNfSOFy0blKQ9Mym8CWtG2euPR/E6yFKeEpRdpZwBn8nE5rMhEQCmNKuPGUuJLSDrN8PwqmO1OQd7jYl2SBiWxJ1W2Foc5HNJUA+hlHtHkWNUX8vnQ==]]></Encrypt>
</xml>


2017-12-26 14:39:24 debug :
------------
String:
account-ticket<xml>
    <AppId><![CDATA[wx7f83e93205d2fd31]]></AppId>
    <Encrypt><![CDATA[EPUUPC88ET0v1EREfYREG2wgzB5ldX97dHIeqk13lCOlUSNqLlalptFhdxwqxZYP+MlsOWNNYbHNZFUxKQwQcG8BXpSDFwsNkwhGLqM014mMqSKAFT5W6GezV9jyPoC+jO0KcqTzyDGBXYOSi6q/kE1ppEvRNICmkt7n9nM83r+sJ2emTnu2XV6HJOUt4VeVgVfvaforv5OzxhclWhZ1lUlHuu2DK1Gcinlcv8bkWdNHXCZZQsgeLDmRABCKczQS2hAEKeoqUyXQeBi9mFMXMlhMqVWP7gzO6s04Hhbgpqo9wcXWKMgOjncldEd1wYhEz4b9rSgcO4QiqsfWO1XEhx3tmlSzIiZtiRdohrTx9RucMwd5aVNRM+93wkbm4kmiAfgH1CJN39Ndr2QtdpftKdaq3vmnSMIotupZgnQCHib8u4t5Y28hcAErGQRT/GTVudGVU+CXwEaRTafYEeLhGg==]]></Encrypt>
</xml>


2017-12-26 14:49:26 debug :
------------
String:
account-ticket<xml>
    <AppId><![CDATA[wx7f83e93205d2fd31]]></AppId>
    <Encrypt><![CDATA[EaDOs+BXZPVQlleXeGDWeB4eQw+NbUTEKWqCj0DZ8KebwJ6xWSA2DRPMJhjTM51VBLavKniGZRCByAXC9AKfBT1mOSzHWgqTnUd9m5SKCCAJU37yX+X1u+YNrQmKwV/fg8qZyLrfbxsWVUwCe+x+OVNdzN8lSaXnSKhRqyZlrCE/E7JceOW+dYsA/nocCL0nu44t5jVloQfaKS3voIFFzUo/ws6+dCRlPBvqcxxe7yMyGjm8Du5udO2TwcVwrEbijKwmdHf6izuJcWK4y6pRikyEpxU7RqHjag1aOWWGtP1f5Rat7IpgoTtG9Z84WiIBJ8l7ieY6A1MxBrGS3cFkdiW1Ph5BqxOpnHN/AZFQkWfyADvzYIIz4KwJGRAL6W/19eodnIj3xLoCLVcoeEbVLdeqdISNd1zCfDtzjfNcXGmvNFzpmAFVOhb69ZdSZm5M8gjAHnmGt1cLbU8p3DqrRA==]]></Encrypt>
</xml>


2017-12-26 14:59:18 debug :
------------
String:
account-ticket<xml>
    <AppId><![CDATA[wx7f83e93205d2fd31]]></AppId>
    <Encrypt><![CDATA[8XKJdXNbZCR1i6Q5lsCPkgKwHOKOkW6vFo3cUbUdlAi3CwgrEHj9vN1zR7Hcd1B8TGLyY5keLB3tI6itd05YP8NWOI8FYsE8PtNFZBXimisFK3aVZRih3Q63h6xRqahauZ97qN8UKkV0PWX/x9dYh7d/f7twXIa8lhlwTDLd/WahIdpDt4t2Hc2avnzplGB4pdAzae1P44od0U7bfZxwFW5TEIlEcXxMdnop3FNDnNgTEd/P1ZmsUPvGOJRIvYgD4OjjCO/GmLq61XbRIj5plVSqHHlvGrKiuedCjXok8aZgf2N8X4Lb6Tuzf/RxngfqFEdh3ccd5xFKW0YMWwbxf0FwhKKAauutgRwXsHxvzf6hb4DOJdWfaqERebyyiKJkiAEYgsdMXjgHu66oLEVhdS7AogFw+CWAQfRWLZjzFkz4pExcmKcFwH6qyHvHzf+Ic0A4SsGnzd08ADa8AmSpzg==]]></Encrypt>
</xml>


2017-12-26 15:09:34 debug :
------------
String:
account-ticket<xml>
    <AppId><![CDATA[wx7f83e93205d2fd31]]></AppId>
    <Encrypt><![CDATA[lCbzwM11omRqDLodhF2H7QHZLpp2YbZda4qOEyiYwA++hLrR6ArYZ1ygtdwSX2Vh16QBWBkjXudr+SVw2C2KKe09svCXi6viZtM8O3sWe0tS30jJItKSI2Wt8GFnuxCICjhdQMnXEOquvKPbjuXAgpvOHQpwxk6SmYRnBDI35zpmHLGOtA7AiNw1ue/T3P5mxVmZLZLxRFKWzgwjuuMMP8OkSd43YfoKx2+OakU5sBVHBoRwza6gsxchKTU38Uk1UqfFcOmaxexd3sBa6/nDjee1+S2KlwsdJa92bPxn9Q/60UMMuyE4y6X/7iF3zmG57n2/juSGLxSCgVu+7d5twwzSvaIfqW5FRllgzFAObpB7u+g7vG7q8eqc5DfAhVzze2EKfLgiwqlroNXNfIwsJUode7zN4P39l4mbEIo+j933C/qy6ahQiPbNl6EDGiFcPV2CMnxzsCNGvIO71TkqYw==]]></Encrypt>
</xml>


2017-12-26 15:19:25 debug :
------------
String:
account-ticket<xml>
    <AppId><![CDATA[wx7f83e93205d2fd31]]></AppId>
    <Encrypt><![CDATA[UuJTCmEZ43Of9qejY6BVGhGaEtFbeZEObopqrvGPe/VIUGNkAaX1iPu54kSD/oso8w/hb1MUAmXRQ96o1phM/aXoNqwUEjywOF764ZSLM0fSGAU5qHBTqagXvwl89Rj3YTBtotb9EyIWvyF1L1AKzsRm/CnH3e67B1fIB8YDdJ+WLYyd8QZNMd4Hi+gjYHjCFwHddscdAifUAPbPDNdVetanK8dbZI/XvIqC9vGyKbZzAcPruEoWRyliy91PwinS5ozI5E+L/Btz0gjsPp/zaxnSKMhrXi+XhK/G4FTWsCc6zbjg4xfO8AReEhcpGsvrgVk5j7S/3pnHqsF9dOIzUPI2lGhpHQ7VcYPq/8GJYQFq0UKppi2W7pGYESWePycGuaztuHGIFUK+YohI+autMYfiAXcMVnynYjuEw23sV81KweovDLxaVkYU31c4Y6jPTczZPeRGq+NTQ4TsfTpjKw==]]></Encrypt>
</xml>


2017-12-26 15:29:30 debug :
------------
String:
account-ticket<xml>
    <AppId><![CDATA[wx7f83e93205d2fd31]]></AppId>
    <Encrypt><![CDATA[Lc3Y5vbvcLeVRvP7kppQcVZbHwQoLntdPAFQ6GWET4dEH4YALOZRrTn5Ljg/IJxJjQUNppu7tr0Szk1q5ZiseL1lMx0TZ/FURbnNz2tevFHujfwNJmCjo/ipSJ+dF4NEo9seeowbjE6qnCmpjSnQwHS/4S03dXbA4uRkJc25rSJvSZUfHTl0yRpR0B+W/5hshtDRmbBOparyc2JGdZlaoE4s5RKuImxubUE2RjVfER6fbDwt9eJfoeeGvHxyjHqgcEACqgzvqJMFWmcTxpASfuW/NYg22egNKt2P7CexTYj14c5LSg5gS7o6G5TaQjTFgJJ70PN/L2tRNeCCF6f84gkjjL8ruTUAt/l3i2isXwDjmRx/adgt04LonGhEcSc0NcpfJibEka6fy5wWEtuTOVSFuJbdxCKogOajVA8CRpsz5Wvc9Bv0PtnUisp1wZ5d9yjezgaPAGJouNPdvAYaiQ==]]></Encrypt>
</xml>


2017-12-26 15:39:25 debug :
------------
String:
account-ticket<xml>
    <AppId><![CDATA[wx7f83e93205d2fd31]]></AppId>
    <Encrypt><![CDATA[e3bwOfW+NCy1SEb7ZRoZ1LivBHc/kycKOEbGEq4EaL2QMCOc5EA3cSQ40OzVbxgFNG0Ku77Ais1dNUP2y3IsTMrT/atj3v7fBEHSCbey7zVh7HWJaq3M15KPMj6PhaNV/guO1rde2J59Jne28PZBNuiMx+O58Cu6aBKiZt+aMVI7ulATD4peMjVc5cZtVMO0eRGk7+GjmuipL5556ZlZil3PpbGOWXupIglLYeRM/TcC7Hh2p5hrJhFjV2Pl0y4M6K9eKt2BOeZFEUbLKNQA/BclNgTp/87V4amDlbnId6GcjXJ44EZOU0+W7p0Wvfjao58ozz79dvu7AplfRPAS8FDx33WwrH1MuRtsA+RNqKzh5tcqHMP/DH1lP5ZysbHAhSbmoMDSg8YUWYe3XN6OHcem6RRbV1A0zmZM8DSLbjQ8XC6E+vDuFkHiCaKxZK046mFcCVhwGHu8sa/7iMtgTA==]]></Encrypt>
</xml>


2017-12-26 15:49:31 debug :
------------
String:
account-ticket<xml>
    <AppId><![CDATA[wx7f83e93205d2fd31]]></AppId>
    <Encrypt><![CDATA[g/vCi2eAf7InHSLKH9v/lzNhj6QpdQlSZ6A278Pi4VPiuQJm5tQb7iLW1XfywACKQdR//8Ye8MKKbt+Cd/7S2vrZ8RDFFbZwc89UKQ/VYFMlJszbIJZ10KIWc9UUjbnNUdLzgurB3Ax7QDJgTUR3RYr+3Az+27tHiSIFY9BICQnR4c9ah5w/P3XKMxEqnlsHqXasp+Vp9ph43ZdVo6/S97Y+stKMOTNaBjAa0NZnYb4H43hYfqrma3K8KH8X0c3vUOPtBEIySQQEHQ0vpxoK0tIiFomDsJQLSVF9rQpYQM9jaQfs/5FnnY+uSjReMenPBRqU16/O3cv33V1+paRs4vrlKB80w2cNqmMhAxrSTLQ4O2jtbdfhjRJImxPzLRuABSOc8cQn6e4jCP5X+I3Na3vn8lnJ0KlRarmmYSa5f4Lo809LTnNZxtnUCMMvhyXM4500+Xuhtykpf1+WVRHjWA==]]></Encrypt>
</xml>


2017-12-26 15:59:28 debug :
------------
String:
account-ticket<xml>
    <AppId><![CDATA[wx7f83e93205d2fd31]]></AppId>
    <Encrypt><![CDATA[a3fOezi5SNJ9AIoxTYW/AABDnSU0hRYK7qZ5XEg9fG+V3D2LQkGbE2IdhaqH1/CPlh3Rvr/n563Qnqwr02DFEZjUVi6V6hFQxEV9Gx9JSxMyCnyLDXgHeI1GP+pc1TRcC1rpL2CoTs3EOj6HDvj/u2oaWJdnr4uysjCYfpPhUCcBkeAyzEy/wNSEW+aLwarujiw5QAzmJxr4w80tIrYHDeuQP6MJ6cz6UkzIVxucKXwcyoeASf89yb01pdm0eq0+tHtvSlvOd/wbukcNCLbM4iHkxb217le+phr6EiRZrqsuTTZoV4LenPTXI270FaDQfwLpKpqlWtELcAiRIyu0xbSXl8uxvsasvuh5bAhBVL0Hzku7ed6DGNt+kafGAZSYSocKjSYziLis9b0540GWFxbpk513BSvaEomz2ZytYEFQ30POPnDYKm0N4HlZWzYLsZiBTwnS5BOrd4P5ZoGinQ==]]></Encrypt>
</xml>


2017-12-26 16:09:42 debug :
------------
String:
account-ticket<xml>
    <AppId><![CDATA[wx7f83e93205d2fd31]]></AppId>
    <Encrypt><![CDATA[4WxEaMrgyN4poWNq9tZgGujGaLSpJMHM0zZXVypMXEWzenUvafaFwGZ5UHPoZw8Aq+THL22SJZIqBRlsfCDx0tlrv+u5B8ZnXEuqX6l92J3qEOyDCWdmkpTB9Tk2jLxGbcrK/A5MfRwc7F6UwzNvX2a/y8uY5seFd9dlC1+NcJa+jSAv79iTjSsUarKwyoYGx7MJB+ksnCL/QzH/jVILsuCV1IZLMccRZwiC7+Xg6iyMJ7uwAJiljAMC3IM+IUjgo3Ff5itRGCTSDIIovnh0AGFJzfB58g7yNsnc73NpmsRyBO43IP9Sm06pB/xtLHosEdSltPUYvtr69J8ifBYGlwJx4IadPRmHLEIqJrI5v9/R53hlpKbPHZS4PDZ8RZDW0P4TVfxgyz9Zb5/TdcdPqLL6frUrvjhP+n7d/em2v4ugxLF2onNAYjRXvVUGDLFt6yxbIcpqznbVB+SZbcbILg==]]></Encrypt>
</xml>


2017-12-26 16:19:30 debug :
------------
String:
account-ticket<xml>
    <AppId><![CDATA[wx7f83e93205d2fd31]]></AppId>
    <Encrypt><![CDATA[SPBRh06IHbrn3MslfBGgdap1uDhEf2wRUr8+MixX/IFkinXv4nfF/H/bJ9lkx1ExiqgCOPH8G69fNW3ybUf01RiRAjREuddCnnNsYqZJ0SxrLqFqOgdioR8UcGn1rcax9J/Ysdc3TL5CC/NlXokae7e8xXUh4gVQMmzQhhn+qXyYv145KuYb5r4SUY1r1+pN95NH9glF9RMkPl+0TLfYYwOyJqxYi2IU+7uEsHXKRa1dQ6FzK8h0MGpRM+I3cmDrscSQCC0bmN3pVuOrwkUIg1ZXQ/mG4XzZu6PjqSUJwULcVj+9f8+hR8mGRrBwVVdH39V9P9WML+9XKz7sItjKqKvpEDggIbW0XJxxO2/rhnu/Fi5d3yRmini/+Gp3S5MILnmM9W3DG/FlZq7Htg6WAGw4LUX+XzgvoGbh/ZWRTvwEJFD6Q0pjCkzHkc7JfHXlaD5/ZgoQKbLVUjE7Aum4Fg==]]></Encrypt>
</xml>


2017-12-26 16:29:38 debug :
------------
String:
account-ticket<xml>
    <AppId><![CDATA[wx7f83e93205d2fd31]]></AppId>
    <Encrypt><![CDATA[YN5wpl4ZXOyZ3HVqLQpR6PMo7Jqi3+TOdpIFHGPO1NaB8cusg5zPX5UwoWJ6g+aBoLVoaqunQuoYTL1dRrSWbUdV4NLZXkWa3lm2S/5QBQnwEys2GyOc8Xh+5sUwWYIncZ/KjSAjueO1pgqR+wOFtdhvpBpfxkiYJ2C/7raNnQ9zimu0lp7pA3Lr4FEKxIQTwjCObxeT3AeDAif4QjwjETU4FkxG6fiD9tEMP0uKZPQyAHFqbt0tpZWhZmB2t72CHF8W6PvojlyYq5dqKZS7pTdzRU4EXskZ8Z+8FHuTWULnZr1h8RaOA3De2vGv2CR15F2+OuiCmfwDhbrfDmUqgUgQvkKl4tfGdZbRNuJti2/+gXTFXAMoLPmdEpguAP8ojtJLpYwes8CE6Is8y+FAICL/yL5jWepoM/WG0k5XNpbo19491fxhBRGOCFvtUK4AH+CxAPVWntrQT6ysEBQDww==]]></Encrypt>
</xml>


2017-12-26 16:39:20 debug :
------------
String:
account-ticket<xml>
    <AppId><![CDATA[wx7f83e93205d2fd31]]></AppId>
    <Encrypt><![CDATA[jwFIH8MIa67TbXNa7qfoJExk+6EVsaRZ3Q5GDMq3mQkbsUoodcADc5MQcOrmLlyYPtHBveekgAbvd0O4y5pTljOqEt+YqYITHr9JAaHb5A9QUOQe7tSGun5BQW8uc7E3RgKAOVXD7vvMhwUFBvvYrlp2ajWePNo/OKllzY2WGBBcau6iaDPFIrFO3SUebVYR5sMzdTjPPVyrf/dRDYgHE7eFMK4D4vS8ta6kbeQvhiEpjDXKDY8fo77NjeqslWogPDLxoH6AZZESq00xO+U1RhaZzdri1jGbEWX8wagtEeO4Xs/tZvuNvxMyRSPO/fJmSyYlSPnEteX2/yDN9+6HUDiAUbHW+i+Aejtm4qEMgOt8Fu7KJqkffcY1l3ZfzSHySokHN+VanlnoHCDuOHBCkbBzNq+LI9nGK6Ar3eKbdXFYd8/Brd1JqgwUtPddxmxTYfrKoH835eGMtDCVFwj4zQ==]]></Encrypt>
</xml>


2017-12-26 16:49:28 debug :
------------
String:
account-ticket<xml>
    <AppId><![CDATA[wx7f83e93205d2fd31]]></AppId>
    <Encrypt><![CDATA[BauTBtiNsH2797wrdL2Owo0tOEsDpDMFZbPfcjiCfVh16s/ut0ppJ0Qpk4iwtXuX77zZK1DU98TaOL1/8QvnlV7/iPgPEmklWh3mJyCzwKMBvDEhgE3NIGm7UIQ06mxgboq6vK7fbUjBiggdoG+n716ruQqnq4odr5GaJzQXc1QkCw5jmikN/6dLgHYI3iQu7Z1CFGJ5xC7RDItyg/1Iw6fiQlZvS+eRkUu56pd8vsvS2l6pcWIh/s/LEOYle4fcmnNUnBMQZDJKri56k/+418VyNsuOZBXM6BRamRmYGO5s+0AB47gPgu4ZlkS7nNHq68IpqYk4Vb8Lup2fohBnAVVLYjnoKINCr79SENH5dslEh5DX0PMznEPIvGUVXM8hCqwurXK1qBYo5t2XPagMVNJkWAWr6/V40XWV2Lsw6YkmyoHJSSgKwjUGgytP4QDocUwzmlmgmlCPG55WQXoHgg==]]></Encrypt>
</xml>


2017-12-26 16:59:25 debug :
------------
String:
account-ticket<xml>
    <AppId><![CDATA[wx7f83e93205d2fd31]]></AppId>
    <Encrypt><![CDATA[gH5RT1QeoKMwTFwJ08ahCXdc0JjXj/ZYVZRvUgOUzR5m9jt+rvDAEca4ee0qIkSRymfIptYjerlLDU8w57wwJc6dK4yEM076FrGKeLigaUit91A8tg30f22dvzbyR9io+QF2RJj4h2Q3A2qGv9hPPb6Uf0k3H0m9Dlp5Pni337c9FXe4epQ5pFGXlk3EJWe5gbeQNQ6Kd021pT1cUTazR6PTPLf9HrGd9ppYF07/Smy3QEWYnuw2VXyc5OMF1tAQsA1yPnqlQGMEVii8GN26ufWAkQm+Nh0qkL0m3bpw8LQo1tjsN6aWJGjH0wCGz2wYahrfZ4bWC14dpYFmBcqpqUSPHww67dlXniVlI0rWIFcy4HUacqo1Om5En+WQ+oF/x/SwoMHztVlEVNxJUe5ghlGXLgaVJC1BZY/8iiWeCSEfXHpJq/+OSelTO6hl/7CClJZNt0Bd4xS0XanxmhSkFA==]]></Encrypt>
</xml>


2017-12-26 17:09:20 debug :
------------
String:
account-ticket<xml>
    <AppId><![CDATA[wx7f83e93205d2fd31]]></AppId>
    <Encrypt><![CDATA[oiSnabwxRo661Cl2Z4hs6xgsM5QjEXZjQHqUpnbUE0J4S/a3F0D0AJ7VmkI3nDoxDlqAqf+6un2Fim410gU8A1uCL70ei0Q/dGtMm3pBkNc0tQHOR3BKcSM9ge7QN5Fc2rGsxgwHmQJ/N/T27mtYynrE3Ff28ccxq/6sD+9994XStrbSZCr1zhYuUzXT2aNfBxv2ViuLnrmXwc/C9vaxoSB+JWtboe76X2qqU8lecGuFwPqsE6LY4aFrk1XJrpRkHNjOwAtjbBJ5FV1kTpb8fhSVAD0TobPJeCImnrutKBJ8sAMwQiBGKs1XQVojeAbqiEwkjS10Fq8FJEgo8HNBjH4DHZnbHcIs7Y/04oqPvPhNITObsyBfLZkN2OZR1hzqpls7tHCpgrXQt58hHkvmXE8cop1efN3XViAJYwj3Foj4dVPJpjvqgklEOxLxqRRZTYJhJ6HMGLjMnCZEW1FnYg==]]></Encrypt>
</xml>


2017-12-26 17:19:18 debug :
------------
String:
account-ticket<xml>
    <AppId><![CDATA[wx7f83e93205d2fd31]]></AppId>
    <Encrypt><![CDATA[9lMMtFg9Wx28zG7fUAtbdFT5DbTuOnOB8cL7nYnx/qPJL46kJn4Ac0OA92QcfcqzKZGp6ip2Y4bJkm/zQ9YORCGfeYrzk9CLB1y4xD9VBjxZXAvzmmFqgh3UeY3Um2h0CBxnMJszazzKkddD8WnY+Tdot37QXr0qgRS1mq37YjYkWOgUtZlu2qYz13shnGUi61y170y77GrmKB13gWZPCASohLVDN+zfDd4wPuS6gG7hJLAvP2w/dqqw6wzvRJshqDWnFcYdSGiTsHLzSmytuYvoTY+cVMbDr4KADunXNDkn61x7Vxe3o7o9i2F4uZvPWEE0+gTOaUQG7Ig1Gx+zJ+/Bof9w/WtqDx0DW2cszM7r9/fW6mjRF61FvpLwA9AaUsmPDY+36svI825Bo6qwE27kalVIARl3VkX+SLhVpqxNGEEdIVuT0kKDvqwfkPFP0EaqsTyBLVNOJafhr7zvHQ==]]></Encrypt>
</xml>


2017-12-26 17:29:21 debug :
------------
String:
account-ticket<xml>
    <AppId><![CDATA[wx7f83e93205d2fd31]]></AppId>
    <Encrypt><![CDATA[vJr8FwMEnjz6Krp3bk/SlFUnJKTXPgaGcsCPoYNSckheQE/k8OpbrV9zxgz7mezZYBjrvCXiap12gctG+7zutIb/6c6xAw81RT59eGQ0CECeVwL0j2Svc1fA2zhMERChE7ePXQtJwDqP3KRDJCQURiZ1PSCioq38QUnm5O6PqEV91zfbrCjPeSy3Iht0UF3fuc+fSgw+clCmlVzUgt2PEIM8wzTlx0gCn9WkN+c9P3axag7KcF+yEPmETydyXwJjfkBUFfb6OsH9SgNOCeUrBzasnR4PJ74IKNbRp0ARLa8FG9bQugYszFyPj2bXTXFW7yV0bqT8/Ck8i9ulTYt7q55UWOgdHdEgJpvpveFel8rL46DPaowwu6n4eFZLrqs7o0kvwZQBIwrwyuvjidtjWUrIltXt2hahpCnJ9QGQwBl/8Q9TBUehpnalZOqxbh41o9ml2xXGDePomQ1X3oHXyg==]]></Encrypt>
</xml>


2017-12-26 17:39:24 debug :
------------
String:
account-ticket<xml>
    <AppId><![CDATA[wx7f83e93205d2fd31]]></AppId>
    <Encrypt><![CDATA[wMMm4qPSg+3kEje8F9v2U+KpuLfMo99yQvbTld4N7/kE/jlktlH70qGbYwo/wem2kHVX7b1waXTt0WJnC58a3VHjuHMIaP0GZc0WQDHkhqSCWbkROeB1gwws8Unr8fk7eQByVPD+OAs/Q9pnlkI9nQrJoybcGPIrh/dkbff7CLxR0cpjstz5WMWPDwhfWjyHpNRDb+dfdJtrOO74kuZjrLvFnnwXxwCZSfZPE+6qgsjumWBUcFiGRePEVJpeYj0jCCn2EsohgzCj5BVH2N8PMjIjBj3b0HTbavdF3Bxp9JaYGPr68pROamB1+FaUkff7aaFyd0NqCDb+IxlGlmo6Q6VOuIflZFg+N717XmL3NElVxZwOJH/UziXnX4yhnmO7OYlTjMllU2LvttxpuEULHt1MhGHDGp4jPhiPKyRUbDiWEj7rX4aE/cjKdZ406/e57gNpTX22EldoLxxCdYZB/w==]]></Encrypt>
</xml>


2017-12-26 17:49:14 debug :
------------
String:
account-ticket<xml>
    <AppId><![CDATA[wx7f83e93205d2fd31]]></AppId>
    <Encrypt><![CDATA[P6R1bsfgA/VMK1snHF8oC5Ad3MtO8ys1mif3ZEUcumraAE9+DUMFshZxax3wSWDmvmibzOZGVscLb98zGJ/MPjXsiiiiIlrSR+ar955iZ8qfx/mQHEhmpL4BUxDDTfqx8M7niWjAQFVv5I/TBq/OAfwsGI/onSG4fqFuryUqs0WkW/1gHLtibDeaHpBBT3pETnanvU2Hh+wVFMmTWxib8eWLVi1jdcCXFLNdd5npeI5JUe3rI1GAPjrg+IM6G1ZBBXgvG2YWow/tQ0ZlQFhNiYsXcOlllTSAs9qTVMwFb5YCYFndkz9sNPwsMXSJ6SBUqcO333wI/ofSsYT3m8Mfp43tT5QT561csQMN7RFruD5p76q5Pk+CLos6EaVSaKMA+qqmAZocV1GMOJLAgdfLigtJ2GcKV0Ed7m2l0f4K3JUnOPl8M5bIX7zaI0Ijh+Y+iROjCpDWsSnpRrra7/Pm3A==]]></Encrypt>
</xml>


2017-12-26 17:59:18 debug :
------------
String:
account-ticket<xml>
    <AppId><![CDATA[wx7f83e93205d2fd31]]></AppId>
    <Encrypt><![CDATA[pe1f7ZekhLdzBNops0z5basdwmDvC3gTiiLYwB0VF6rgXoHu/QVr7z3SgQhK31vFtTJxsPLaThwMEDJtvGFVLJbSwywqWribe86nh90BNoond99RQd6H6iR10/6h+Kh4jZUbscp3eboHBYtFgGLcikL1IjKJl1+ellFc79oCp6JSkfyBp04Looxf1F6kgmrjhsC6KhRB2GzokXP4PSaa6PzmwxUgg7L0W98lPYu7DQbIxjWMXsZEWN4dlH0kbtxhRLSi1R82iK6JkcWicOMMHxhVFCwd3DQR0pKU+UTaqRjVeLqKRepezdNEYaOu8EeRHeoj/RGezgxbBW/DHb1RUeRooGeAVe+e+3a5QQ7xvW1hT/96Cbb14GUt3AB8AaW0qPFE7Oedwp6cCy/UrP4YkXlsVRJU+SdsXK0Tmf3PM0jLkicwnv6lC3wixyigNa0W8bLzzfd7sAWotkmwGN/kaQ==]]></Encrypt>
</xml>


2017-12-26 18:09:38 debug :
------------
String:
account-ticket<xml>
    <AppId><![CDATA[wx7f83e93205d2fd31]]></AppId>
    <Encrypt><![CDATA[3FH7JG6Or7FabujJyl/Ga1069cJTHFmsGxry+VNZkIEqjhew8a/G/0EdX2qZk1yRo1dpdNOeXMlD1hMK19DtYGkQFJGkDxo/z1azbQD4L4QU4FUaKSYcttVVk4wX/plyp+UVoItfJltP/ChKdwzHDIuygcQQZaqypYpSivZOuWllbTbqOwZrDFOYswzqpSQKvQRqTvEKq1roWedk12kcoH/7yqu+Bv/jPDTlYIutaTXqUQZYQIsf4Tc8hVUd/D5dl2IUa44wk6n315dOswqF9g0N+/l1veV11Z9/iPm5wYHKAnqr2e1Xgk8TyLluHj9WHQ97bqgS8ExgfNt1EGRjVaB+VgGSmMFBWzh7ePLwPZD2zdwSZDUP2Y0PNJ0Y4E807pcYyUoXG5+ZtCm6FdeKRHcRKSjKcLLABpbfbX7vN8GlLkWTtRPr01NLcZfU6UqBcpvxwc92MfqUbN14PcjniQ==]]></Encrypt>
</xml>


2017-12-26 18:19:31 debug :
------------
String:
account-ticket<xml>
    <AppId><![CDATA[wx7f83e93205d2fd31]]></AppId>
    <Encrypt><![CDATA[q5l9ueQbOpeJxd4DBZwCHH8Fuy45wY21uOIfwrGR2zAhxkcNX4iuIvM3Oj88SF5j8kwsTD2FE6SYqOzEVaKSZ7qc7f+dV9Nyczf7fMCDcfW4JOhX5YaFxZ34IwnnAhfqvnwHFXEhygY4WUFDFGjIO0W7BoxkO+eT/jYlfBZVexXcJpYundcsN0fAOy586Ty6XC/We7i085qyG00aBHb3YzxNWwL3K6otSfb80GEgDDHYrE9z+XUmwniBwEKTU/diWmD2IMzpK6M07RjTZylHjYR7X2l+sAOZamCx1x5w9lb2eT3NSt+jLZM/Tlbx/hd1vVb5il7XAf5IGltmDcoyuvoMyLWf+ZnlxArpTFLFHTQDhe9QF6w9JfZp9vvTpM5EALJR5TnrihgzfeKiHzal2e1sOWQ9aScnsoLFJG7TENirdS1BEaT1HRo25tcxPFT6/cK+TqlGIJFIxZSrBKM1rw==]]></Encrypt>
</xml>


2017-12-26 18:29:34 debug :
------------
String:
account-ticket<xml>
    <AppId><![CDATA[wx7f83e93205d2fd31]]></AppId>
    <Encrypt><![CDATA[ah/o8kWwg0PxgK9PvVNnsJFOtkjNUqV9ousgAp3KS4LXNAxFX6t8zTGOzxzQkfoLTchaVAr84w6svfKDvuv9oo2FM46euYKnBTNi8fvyS1dFU0raEWkQGKZsZRoQI7vf/htKAxGAummFSLsNAlA9U53GpwjkyuDjdkQQ9VToJhtwfJ+SBFzw4462CqWH73aDzecljDeYKohTOjwbf0eoiRfilLjqgUv+3n1cc6Or7FDVm4MdaF5hJc0O5n8onlno8PPT3Ue2n6HqLo58FyTJKLQ9zE0IMcN1HNz5GeyAfDStZn7FUWEN/viphOPDa3YriWtctNdfGVrLz2QQrrKLClXLcTLSLGFJVLbBKOdqjqoSbeKZiEeYw6PHGqPKslptQlGEfn7uX7z9euhxxvCDbyO+5/YJz45TF6dcPIB1oksW7Q3JQm8R9c5b2KLI6pAHf20cdIMehKnQF7NCw2g0yg==]]></Encrypt>
</xml>


2017-12-26 18:39:30 debug :
------------
String:
account-ticket<xml>
    <AppId><![CDATA[wx7f83e93205d2fd31]]></AppId>
    <Encrypt><![CDATA[+aEn3so03NByLcei7+8YNh3dQfdc3KwiEZoQBHKSEtqCGNv461F06lRAvU9m+nuC1joQxlOS3LhxvFizIx0N8TPEKLSJB7vs5iwzfWfzolDzBcpQ2ayJAHcOnqVMt20dFkayqnGAuFMldn+OwUfRJ1khOg3HkE4ap302AVZW7cqzWseGmRREHpYPpiePlN9mS+4nkgmC2BJkrm03/gB0klejI98PyrxMamljxGrZFs6TxFqUYYqVPZv6QCMQS8XINtLJGInHkHcN+9jI7F+ogkQbqaTbF63H4wJ6oHW9HvWiWLdCtkoVAj9rMWN7EwOCPYEBhHlqiak3RukjVD8liiyWCyvOpKcOpBa8m4noq5lKgEa7KZOKXoejhpHuymhdRgWRv56oaY9/oo6p8ANHQ3gaMwfqVCP2AqFv7oDa0EqU1FFXox8bO+rmVLR8Cde9XM6IiwLkAolPG7YowABDGg==]]></Encrypt>
</xml>


2017-12-26 18:49:16 debug :
------------
String:
account-ticket<xml>
    <AppId><![CDATA[wx7f83e93205d2fd31]]></AppId>
    <Encrypt><![CDATA[sYU0QeZymIDXJI28OGgeXf28WvU5DFeQwBisngdIJAQLW7rMb9PsLLh/aj6/6q4w8jMReRaXbjqrVxJ+I4e/P67SCMKkQUQpxvJC2ezOLGC8RrMTAVwFDG0kkiPvVM+f2R6rDFWstKbZU5YfzjLeU1LVXDV/WDRTRNcCdg7neydC3RmgXG/5cpAxH8BNcInWdXQTHGQ6QjmcfFmfLcXfQF2U7RGyjcpm0RznK5ePyRJlGmaZFP+C5jcypg2PWdZt166CM0G8duXW8VzJvpVTOpjSBJ5ubZ3GSzeoW52OGpwiEMp85EEAHQQgWsahPZs8v4wYw/hNyMm0CqpooMhZLOwncYW1qpSjC3hd/6BrxO/4FaGD+y6Fyf/Mm96s4PoUuWejGpSg43w3XJts1sXoZZdub9A3vPHd1NIyYZuSzrcYbVi0NJJjPouKIL0El2tb5LmO9Q3+zDRhSodrgdPo1A==]]></Encrypt>
</xml>


2017-12-26 18:59:29 debug :
------------
String:
account-ticket<xml>
    <AppId><![CDATA[wx7f83e93205d2fd31]]></AppId>
    <Encrypt><![CDATA[3fS5aVjBUT1N91F+SGM5EP7cT5WMrMc96ny+yD/Hl1Q5lyK+pIUgDjt7MD7xX2RIM+w9I0GXLOs5V83DFwrjVOAvZeTWXLT0kRoFVC4wEZHOASWZwRSQZZbURgGp+6UKu9nsmOteH6SmyJLO+iUByNNIgpeqwJX5ijHQ4jll29Ud+M1bIm7JtuUO5oM6mOO2cHTR7CapBMb7TzkiXkIGIIyp6eMFj33QwpA5brPt10U2LnplY3c+JTvp0w1Z+RUh9dS/pY3u/IzscRdWcqXn4XsXB254e3MyPRWOAG3VtkKMxTJ0vjzFiqGGsORmoIjCIBnnvh8KCrWL7zpSvUpP3qxGUTfGH5H4r8SxeN4js6t070Bznc5WLgbWQUNhPpMnFSUhNaNMHx9SK+1jgyFufgYD2Z2VPCK5r5eKiBAYnH51MLBOTb5JEpMkhfUqb9iYXLq99Aub/pmWumNIw9F8Kw==]]></Encrypt>
</xml>


2017-12-26 19:09:37 debug :
------------
String:
account-ticket<xml>
    <AppId><![CDATA[wx7f83e93205d2fd31]]></AppId>
    <Encrypt><![CDATA[opwF2pQygHdDDBMuZtFT1JeN0VvYgKeqWRjMYc35YfKd45jgxXTm16aS09oQy9wgAWj1A2HVUy7v9BbW5AA2OU8z417qZIWlb5JzVPXEBKtkc9fL3j+gWgCBYWB58VwcHJTagqn1acdNzfzlTIdc+9uFYLnz5bGsMt0/BqTMrQviVRjrfvT1vgJ5NvktcRux5Rgc/Qi0G7dhxJQvJrBjrbqFmETELDRQPQndPZi+oJPjDWr9Rv1RkjTmzloaNkqfwnTPwk+NPOqyC2npVl1OXogLitkbkEt0nOeonrZ+hQEZex21FhUgStxjJuxQSZd5ivoNblJWKv5CJLDj6idPxXM2JvwiQoApEAm9dJkz1YiYWxXHL/5KYvOX3atfniOvCAhPHzE8BFBGCsg3DdYdgA+20NFYzvnx99sO+iZONXCT3ZYQK2FFfbtMyEMI5NgR1k+eJJU7uFChJFF1MiUNQA==]]></Encrypt>
</xml>


2017-12-26 19:19:38 debug :
------------
String:
account-ticket<xml>
    <AppId><![CDATA[wx7f83e93205d2fd31]]></AppId>
    <Encrypt><![CDATA[BdsnkHb+iE+krZ133fOkRxxI0/1Cas9WzlAbrp7tiKIPp/b762YIiI2aJdiywsgTffE8NMWZHDmZ8krZA6xE+iJVmXSV8B2lVgMPfwyRrH7fuGIBOffUqU2rAk/9qjeYfJgF6zv5oI9ivxq3uL8mFC2Qvk18yaSjMvuP/I1+YB66Ep3m/oz6JoETJQOJzvPNqUP/HC8usGjYU5R2TPNHX2fn2pKP0GDwPj5RTzx65ptG3ttUGK+Dlv4OkO92G3EcdMsRONk4AdUUjIGSOucJ0awGH1I3An1sCv6RfHU6gW7Dww3oUHY0kkPQwF6vCkWgha/RVixLWCzcjIFoHBz5xomPyYr5ULlOjVmNVs0ahUDYFrCSxh9Y/8uvjVQn5kahrN+dmxtIcUD8QMDT8GJPfvEUmm16ZaN22T5LKj5YAqX/nAlx6pqVSDzgN81aaBiZ3ZwGmmXDi8RvtDI4nB0sJQ==]]></Encrypt>
</xml>


2017-12-26 19:29:33 debug :
------------
String:
account-ticket<xml>
    <AppId><![CDATA[wx7f83e93205d2fd31]]></AppId>
    <Encrypt><![CDATA[xe8MiuvCLazG4LEfKLHXZy6vQ8+3LCpjSW0pJP2kKwODS5U4agZ85zRrHm1ndHNenM06UF8BN9YswjG3CjqtjsaCDeaWtdcQQUqHOnJ/QOyovYTUnGKKbF1ViixdETic0nCh/97mP9zsjw/AkoZyUFzjRxWHDhQ7cR2ZiXCgSHtQNiHaPedyyDC5CY9LnmUiZg30NvM/Ri7zdY4JWdPBkpZQIPeaxJAQwjZB9G5cXrvngwTvb0amOo2EmwnLdADPcOvuj9Qd0JntqeUzxbUgjD/D/FTe06EnOEVZa4MgEUCGiuG0pvnKw/mIdmw+Ac0JTpEnX75e3+zipOMSk+VSIm0Gwq2nnb19lz6u1Jmjden8tQgmUE8ymZAJbJxqPwS989c+mTLNiBv0ZYH7ER6f2GbeGyJnQgtBIXcx0Sd2RvwXlzfQSWz50QgiKmt3W/fv/nUv+nTjrJSblfJMdXsDxg==]]></Encrypt>
</xml>


2017-12-26 19:39:36 debug :
------------
String:
account-ticket<xml>
    <AppId><![CDATA[wx7f83e93205d2fd31]]></AppId>
    <Encrypt><![CDATA[ZYQa2FPT5sgu7FVsjniWxzLsUS8fnZtxE87UZp6O+CjCAJgFM74+5b1SjHdl+eNWcnUe/ntMEB2axRxAZFlU6WBLm+IAHWclTaJW+QfABh0Pw7PWwGZA3WHAXxBh1Btgz6yBvPTXwGaIzDhZYp8Ie7yUe19F1rpdYFr3w531lkQUovFbTOwRAmVuoW3NrUqFfPp2xNByof0E6H5hMUqtNJLGbNVWzUfriJmeAroMTN7xl2ye6KisY6W7H8ggZ8QMQi59YUS9bJGngM/WbLyFDN1HTBYymJETZYYjfANzLJ9vuPq7ywAzGAYmBP9wI2TLyZO5KIeRBBWV08n5r3TA6kqwIxeiTN2bgugdV7zEk/2y+Yp22iKs1gkmXRomF9FuT3JwvZ2IflQ3Xxn0C0YKy63gYxdB0WDHhXg7JqmHByjhHkX2ZXvmTBJSJoFggR+ZWnzr1A7qsnJOLVYKUhTcew==]]></Encrypt>
</xml>


2017-12-26 19:49:27 debug :
------------
String:
account-ticket<xml>
    <AppId><![CDATA[wx7f83e93205d2fd31]]></AppId>
    <Encrypt><![CDATA[Ar2Agr1EQqsh4PnwxgrI+5WU634TLHn/d88ECHRVgnFQdAE70gmxjprtXIlrmGOOEkmwbEoabBWZvbdPz6si18q0N54S+5lnUzmA2c8HpcKW8YcQLeV55MHse3F0Ht49lJIPhv1SOdTcmeirImy246aWvy3wGDHZgIqTkhdnK3M+UkShYOr9CRQXV3HVXyJT0zYVAI3dMBI4grQiNiu0x6dzssYrVwzVppNDQgQwM3wWyaBMzHK/QXnd4f/UQ35XObzuONPNjkjZ0OoF2m6eHKEJEFaE8F9JD8Tsco8n6Pza+wvIJbW+suhpYO4Ps/3xlc3zlGOOadDnzWrY5eumGr+H6qPCcV5UfKjnrVlyMjDMTDUbvuoSjZgbJV5QurwvpwmaKNH55bYgl3V8rIlsA9Ys4yQjp83F3H0YzSdfkubmq7soQryFu038xcMA0g+s9W9tsNXZIU/RBm2gJ0ZJnQ==]]></Encrypt>
</xml>


2017-12-26 19:59:23 debug :
------------
String:
account-ticket<xml>
    <AppId><![CDATA[wx7f83e93205d2fd31]]></AppId>
    <Encrypt><![CDATA[PyAZ0sdIo9cW3JZre3DLSx0GsPM/gUhNfMEicpdCz/u/YYBI4xIA1WNJ6SHN9DzDOO0Xr0TCMINWlJpbsu2jkKCh8o0NHbVZKKeNlapYSjtCcWGoJLosp/Lhx91Uc9P7IbHHob8xg6GiwZwyvLfJBAnE1kPZxMuiHa6ou9JQR4YJnVO22eq6aLshtmyRqOorYwFX90SRp7Ok4r0gOssWfDpLyOZkSjHFQmfQ+vptdre/tPffiasCQ7OCdoMsx+jB5ZCsAXToyGwxkIgLoucFtcwOk3Qk74o8B7C+f4csCxL+eomyY91C4bPJ/CiNloQer8lWQlRK8YNi4YqjLfRlRtvtna/TZGIO8Lz1eH5x6W0W+kcudvTlP87hyNjuDf7nwsXAy1YwutOjQApbTAI+Ep4H07vGP+4CIcDkHjZZ5X3SdyLb60rza27kSrJu0akpZ6iun4swFaIMw2o96sAMvw==]]></Encrypt>
</xml>


2017-12-26 20:09:44 debug :
------------
String:
account-ticket<xml>
    <AppId><![CDATA[wx7f83e93205d2fd31]]></AppId>
    <Encrypt><![CDATA[sD5qNzkz8sYXGPxo7aeU0lrxAOBjpD8LlQzWX8peJOkjww+E5Gf/LeyAknAA2gA21q7fKXQh+wHnvUyrqPsIxTM+EXJihrArxivQIy2tO7F2CS3GWLutdFhQc8W5Qm7iCZEj2F6tdw5CaKuBGTkLvtn7MUWzWA2KZXe1wdfTC9f7H7/ODl3ROiA/M54KJMQr1s5OEdpNHc1tz1/89MqJ7JD9gGRW2FAOS1g8ZT309IaCIY685ZPJxTiH4WHC6GpbIqBzOD0jU0EmDAwgiuF8OxZcrhTzwrVJghEUG+2LhX8ogeWcKcMPn/eLHRTCLsa04z0wHnZBUN/q+9HaVGCRN/5pevvFGuucs+sxbohMY18iIru8SMoTivR8zoBnChGd7wBUG52erBgvUNaDX7NT+LYBsJRN6FZBuiTlmg/+1C9dv1hKVUn7y81WGwNUXQ4klcYeTORtap/yRiuq9TSHSg==]]></Encrypt>
</xml>


2017-12-26 20:19:29 debug :
------------
String:
account-ticket<xml>
    <AppId><![CDATA[wx7f83e93205d2fd31]]></AppId>
    <Encrypt><![CDATA[X3zlWMrnRd1s0hWoZD6C0fkAY2YLj3Cb1qj3Ov6IELMvovLemjHTOZE9n82EmV2e3GLk/6jWNUxibUGiDBXBMiFhF65cQWg5uXIchgeH25XXeHuGxs0EC7AHF1NeZx1hkqHURykZtZTTiU/S2zvfta6aDJlfXVBloNCysCzL+VkE724IhtMcK3TWOsK4arN094dYuXUdnkd2fOVwkeR625Iti18KVjsxbItg3tDnEDZBdEvcGwjO+EPX5d/liKcfPJ9GxZaaScUdaXOYEiVbTlcuH1GBtW7eGM41OQrM6d+V5H6eexEqq+T2JV5SNL8X6qKyOvxY5H7uctz9TyXxQ5Qarzgj4qizLlZl+ioSKVVLEhgx8B0ZcypqSoZpTVNFiH5IxphACa4LjBU202ucQRh/znBvCVqX3AA5livqiAejCJU2ehwqMq+K7JmFXR30HbKGgBBP+miUJxocU9xnEA==]]></Encrypt>
</xml>


2017-12-26 20:29:24 debug :
------------
String:
account-ticket<xml>
    <AppId><![CDATA[wx7f83e93205d2fd31]]></AppId>
    <Encrypt><![CDATA[zw6RFPYCV39nDuc/oQe4v2qemqrraWxpUYzJok9yHMA8BzLZwriSRATg2V6eXda6oUyoTJLX9vOz6jL5MrmDdwC0ztLEcZDpuYeiTpGRKVosMuBpzyiRbsi+LTk/QY5m9u56GSgE2eyd4ZGcpCcb82R7pal73qaEHk52dBunwRJB01buQE378USwA21VfzPXduRMo0RUReX8m4oFemwMqZ7d8oFTEG71GhRh8m49jk9halfeu2Xd+k1OIJrHIUz3fN08k/VUf1BV+u2Wk9JArNkN9jnd2+nhEE/GtEd30K11fDijltf1i7SSvJZnY/cfgFlhsi3C8fOoGMnRHc8QJijEsKw34PGmaMj3sGc7BfQJVh38cVvS6Fw3B/aRTTiBsJ6T1oecnxNxvH8nttxQK4G+s9qOc5b1uFxhgzMzlENCEhg35+vMHhHMZo10O4rupzQM6QBdzkKwfKX5Zy6Hvg==]]></Encrypt>
</xml>


2017-12-26 20:39:35 debug :
------------
String:
account-ticket<xml>
    <AppId><![CDATA[wx7f83e93205d2fd31]]></AppId>
    <Encrypt><![CDATA[8jM5jbxh03SjwpZ0Wfj+5uap4j9klKGTP6YRbmjp61cvr8C9eDRyl59MsH0vJVTXicWCqxRRFQVg8OSFAGdKv0NJzTdYqImnCeSSiOrW7HZmBNDdXnSz5MLBygZZEDftcpnFD/GTUu/jI4881C7HH4Izh6qmu7yTDhlo7WY4ejhNyrYbestJbALhSFoUmmY9N94YeLr0pvg7oY9IDoalpFHvwLfE6KfSfwwnGQHVhrty8T/8NxxX9BHpd/yjb2YvOGl9Y7H8XLVQ8TRoNiFgENH42XK0zsrBuAOfbli8zel03MEQplX7pt6WQg5XMfJ4DVC3dPwL1wVf/ubxUo8kH3GduRJJNhuRlLg0i0n6k26s7HJ1NzGPeNgHrAXCQUgWlwDpCyXIGnZY0vzSG+mHqtpKz331hc84SHrhmpVGNmL5+XiRmvmSYfQx30Kp/5KIIFiU8dT53Ol74Mt5byQ10g==]]></Encrypt>
</xml>


2017-12-26 20:49:21 debug :
------------
String:
account-ticket<xml>
    <AppId><![CDATA[wx7f83e93205d2fd31]]></AppId>
    <Encrypt><![CDATA[3XLH39bcr26By0TFqQLaw6XyN5EEoqTDHyWWmrhMQU/6wfw6xUptXaXVrE3a6KPMk065iX/W9Ns2uYhW3IEm9hqOq5enFyX4ByrsBXknLZ8mUqV8A7yoKhujL8kZfhAN9lagLvL64h/5bDCxyS47hxO871F9+VoQwqw9pZZpBmMLaLmPiPd6tSnZav5p3Ztkh9MPaZhUx1vE5g0/pwFoqXXhtpRhDeV7BJ5P3fmL/QvzoQRRyepORj9Ls09NYwtCeuvsIXJsK02SodmSxDb3GcoLLlHHK7aSc8g+WwS95dEVaT9EymbJ3SkRrOX0UTiIN73zaERPEZFodywIN6YoIdSmLCCPuKLEixhjRamzr58iszv3x31fygx8VAEgM3aTeCTL96rveo2kofvmOh5uz4g/jp4L2mSPxaX7RmQ1pDtpixB9E8qk0jYI73uxo7TmOdfqAW8u5S5S7ry4LroWaA==]]></Encrypt>
</xml>


2017-12-26 20:59:19 debug :
------------
String:
account-ticket<xml>
    <AppId><![CDATA[wx7f83e93205d2fd31]]></AppId>
    <Encrypt><![CDATA[gI6D0l6WKn+4288cvLRlUZT+Fn8sllT5AJAxLxluN4JQmEKvOOGEPgTxqeARcf+ETUF7K41aJ0gD1mYNTID4GGzEKtSmshQcdeomIAtxSSXdlnSI4oFRexmsQCqBTB7VplkWxhQ8oWHxksU0QJiC8gZZx+MtEXXxEFLb94/iEj3aw3EA+/vMejvro26Eq5SgBQgEaVo1P4vhS7UMm+FKfS0ySh6LX8V/UrZknAVzRcumltSnMv5iYCwoLzsEapqyn8fyj7w2fISkRBkkvTRwhV5HIEipCO6CgksXqJlDRNHFweHwSyWh5ZiDrs0Y29VZSvz+RMvD80fo4BJ+V8NezWWoub/+uyJxDg3h9iwS+sDQi880ZmwAUQ0W23k/q/No/tj5Vuo3takW9dhM9CaMEscwGvsotSJzAbBKXsWxQAD9GbmduWMnEe63Qsn97DZjTNHqWkABI8Up/rXWyoyk3g==]]></Encrypt>
</xml>


2017-12-26 21:09:31 debug :
------------
String:
account-ticket<xml>
    <AppId><![CDATA[wx7f83e93205d2fd31]]></AppId>
    <Encrypt><![CDATA[r5viNIYwXhgkyHxsHSf/QUN1l2uEM+I66rWwPJAdkdPxsGZu1exSgzDHEkdFBVuPUsNT/Yf9kE/PYcEtIo8sxF1cwI5cUhZe35Y0c65+edxS2vVcKkmwSyEJdbKN0geOhDNL8D9bRetCiHBDXn67YTa9Uzhc1Kc8ytBKlAMxG8TSYUkW5IHJppj/69xpGYtXt1IbZFMXcv2/HUxnC2CO62pJOa9MiG7VpEsm8TPXbUKSquDoZLT7W0ZjgSqyDAfa3873Ou07Te7bXE2aFw62bAB3rq2x+eSxmPQJyznMo7fJcRdgm/eqBagoz+TYqabEQaHYt/pPTMUcVyknEj46vOHTJze/NO3/l0IJo0v75N9B/be+NnRnJDqzIqDovfJanrKB1ceHaDf7zRfVezkUMeEv7kUv4QQpU/Ld2v2cafis47ieVsh8OQ1Oyr2MbOwfiC0pQma7xKMLuQAa9pcnFQ==]]></Encrypt>
</xml>


2017-12-26 21:19:26 debug :
------------
String:
account-ticket<xml>
    <AppId><![CDATA[wx7f83e93205d2fd31]]></AppId>
    <Encrypt><![CDATA[Rb7BF2Zzyc+OWf3xLlEhkL9PEBXSlqAe2MMlVb8ce49QVqspc2uhfDc81I+amd77rxPGaT+4tMyQoebROIpuyf7i1jfedsRPp/abBP7S6xP4LxFxUfoUDcwhZf1XRZ4NWUpAUlPOEGrjnBBL6AaLwUVBIb9bscAeImzTAOvrbey3ZPbtQxNltEHJWJkKPI/xSjo5Wn+/ak6yrVzC8cRgEgbh6jFZ04RFI+QvsbWvjTzYgb6Dbj+gIpW5ET0Tm4VWQNy7+JAPikKOHZ/iGQKNKiIPmk/a0ZQwWehBXlILDknchpSzQ11u6b+a8SCMhI+roNSZ9R4laYC7QjBk6r3h53wxAf6hbOM9pEUrGKC067Fc1PqH4jSB03Fm6cqkgx3HcqWgNFWrwPSHNZI3hT31e66L0/13rc7kMJyogeR3SxGgozsqxEsm6TmGbq1Gc+K9JmVwkw51+1rKhxVJEj69zA==]]></Encrypt>
</xml>


2017-12-26 21:29:15 debug :
------------
String:
account-ticket<xml>
    <AppId><![CDATA[wx7f83e93205d2fd31]]></AppId>
    <Encrypt><![CDATA[V8qxObRqJ0hkyhcw6Vyu+eU90EyGDlBrx7CX96WtfjebCNDpinSNcZmCLkgTxt4o+oNaK81XcgQDGiabLcaw6Y4RXopATFZMT1A4EemfkIGf0S6nlnvf3L7TiPJwEKoauq4ty/2wjQMaqThSVTli4jvu52NATpF2Q2D7wQOhonBs97JvPYB9/ejMkwwxOPbMgxz6s0PxogGxQXOENUaxzDR8W3o8+wqbaGn5JgVtbkWvmjEftgBgc1wVSaWnJiEDa6JuGaFTrvQ03EhLXUbGF+VYhqPSH9rgrhTRZSSDlsfkWFaOIA2BoXhC5AFVsxJE2gOYuX251I4bV/1SsdwG2Hu4Hc/2FuAkbIVfhgiMqaakAlAHEY9a+hm+vq8XN5sUrYLzoWDVwu3p0CpSUHqfM+769TKbOXj5NAfM4yy/LMvKAF6QxYjdFN1UB60Ps3vtqUtehI8Pjm9xoAcqjsnsGg==]]></Encrypt>
</xml>


2017-12-26 21:39:20 debug :
------------
String:
account-ticket<xml>
    <AppId><![CDATA[wx7f83e93205d2fd31]]></AppId>
    <Encrypt><![CDATA[yJWdIsGQ+Vnvy4Fn6Vg3EWVQt+GDZaNvy1Eo9VmxDQM39075kfy9z/pWYQfnhFtiOFUW6vvDnIchT8sLMWseVXb1XMojw3izEyjUiw24FTdFmZs+XbFhZDUPrwkFestKSyi/u7FmC+cBResCuSuK5CuQXUW/ZNyFGV2ZhLQ+s547pSk2YKqyXlRFi6LVQmRP7D4O1d+hcMfwtdDLnTlNvlCzmZTaM2dBUcwWAUHuw6x4kH6IOwfMRLKyDF/XIo1+5BlrX9u3mR/g7BI0hq62j8iihiAcY94fvRDzDsoaSwYQBi1lAekvispTgM0VOJfW4Hr6dsM0sjZp7Hqa3hd4elW+eKMvZg/Y/9rz05hX5t5r1IGo472rtQbZt8P/SqXfPMKUOlsCzeWqeqvFusBJvmttKvj/FrgPzphpUzI23DErHvQHqZhL4zO6/Bee65ghwwZOIhDLfbc5xE2gp26JfA==]]></Encrypt>
</xml>


2017-12-26 21:49:12 debug :
------------
String:
account-ticket<xml>
    <AppId><![CDATA[wx7f83e93205d2fd31]]></AppId>
    <Encrypt><![CDATA[dQ879s4btfFC8QQsI7oLVKQ7i+jsZlAv/aOyK2Crj/BBm0DQ00NulFVykTNRG5LBmqHQgKpWqpb2yMTXCf+90MI4TtjGpJ3tpntB8/rboFbhUb4g+tTm8fC3NHyZJlnsb3/R1He2vGews/w8wV2nDzeaiYbyPAYv/MJk98FmAlgDh5ifMScx3YMnyEzjVHaBnOt9efXTaGsQaaZSmYhQ/i+mvNlHr5/1Y43HJAE1v/djp1jqd20j0P1HnrfxyknFEhAZ7n7c+mZcbT0VOKhxRXuiFrVEKh12pRNGyhl3qUnTrcMuNexOVZgvT7+JaSMzQodMNpo6HEZApDCw+/bzGJ2JDtRi1HairKjiXa5E58BnPUOEr8rbtrpxNV5gS22ZBlsiTtkgmhwi+HLLI9Tnf0JEXvf4PlIicyETi16B6nygc39Oy7Xaz64Mlzfho6+ds2sjWknEVQAKNmdnyZVvAg==]]></Encrypt>
</xml>


2017-12-26 21:59:10 debug :
------------
String:
account-ticket<xml>
    <AppId><![CDATA[wx7f83e93205d2fd31]]></AppId>
    <Encrypt><![CDATA[tXyObISj7pQ7WpwxOhFFUoswxxk16obvWhOfUNzYBpyw8PehPY7IkJEzCkxiOWGQKYNydD7qVLyUB51m6Uzfp0+OnSEWL0YRad4aaQAQbpH5sHGIuX0Uu/5oNnqiEbeeIhoml4qIo8PZ9kgsAqFGr/6I/wUPOfkxEycnwMTYvwt+Y7BAEf32yKE38uURRqGTTnqhFfna+Ca3r2Gll1sef5QZ/JeardEWmZqFgFLIPLhQfv7DCYlQec9aJdz4iwoYg6fEIJfSHni2slSslekfv//toRmn7zz/9mMHjMpOMGDrVXtTF1qwBuWEaQ+fGpefhJ3Vx/u/vVdXAw/BrCM2X2QEieNKn47zTZn63gQbne5A2pUJNczyBIaomOOqVInQgzM6MK9cgqOHfoW5knxOHKrKfhvQGRoVraRtyeUIvAAQ933L7ZbrJr5YWSyjPQKyfboyvGNSYR9WmLpLdXBPtw==]]></Encrypt>
</xml>


2017-12-26 22:09:28 debug :
------------
String:
account-ticket<xml>
    <AppId><![CDATA[wx7f83e93205d2fd31]]></AppId>
    <Encrypt><![CDATA[QxU8xkdXoRYoXGYXJqyWU49Dzqr+zTSSLvivCiK9Re+O+k/gxoCYHx1FoC3hOtS1bC2LDa3Ruru1Uo4igg+60d6Vv13TEExSq1PSj2gnxb7s8YJjt+xuX2UJNLbbH3Zu/RCCQgO8Klo7guHMCtUXYUL/w2GRXebDrECIUBMC1pLXqBWngwpLj3u6WkcHWV3QuATQo3Dhe8y46ojLZP9JUHFKNDh5EqQus14bxNpG263vH/29l43RyFjZagutaEnbmlUMtWegQAcx4Ob1Y5WlEqeClgWG9QoKHkHvz5Ps/+g27bEQkW1rZEAPD6BIGzHxLeYdfPOuWZpFpAGo1TwC/EHNazklKRtw3Ms3wrY0kETRzSAu/AGEA6LcO13yuaQcEbyHHyQXHU8ZihcbrlaDwF6c1+ZrbcKgQ0DX7ZlVFV/gddLgxPNz/9LFZjTFrvySxB+Gb7BntT4ZrRRtnJxzuA==]]></Encrypt>
</xml>


2017-12-26 22:19:03 debug :
------------
String:
account-ticket<xml>
    <AppId><![CDATA[wx7f83e93205d2fd31]]></AppId>
    <Encrypt><![CDATA[dBB2vDIm/5aYriNTygWn+on5sSn5Rlnwe9baJW+wKokzgt5KtIjG9FcH++hNlA4ZbYi4vixMipcsX2Zz0op8oyHSoQ63JxQKs2p4xdyTPlsQq3GtniosTVeTY16vR5nc4rvnnLK2tP/nGpAhY+GvM6x0RuXbyiPSPf36neSAizf1U0q6L+c2B+c7s8xk4vYiXqsBMtnqqaEWaE3CfvlHcM/RAkO75poS0eBJv463jYxZiTDKrapoG40rIS0m5ZblwihLARNEW2DhDzEIhQsUBKKfxW+NJf4ymJHs1F7Bfri9d7l0ytgGyzSwLsf217XZ5dWFLUEDey5TDnEixI3ywYgkEhYPZINbWNwQsF1vz82oSABl4K2DqJISsW/JNl+WKV5gA2HGvVAeRM31/zU4bfi3LNpLl3rFGD9vnNsYx3V3MR1aUttGOnmoOi3RaIWvhD+dDbommVweC4TrWx5Qdg==]]></Encrypt>
</xml>


2017-12-26 22:29:08 debug :
------------
String:
account-ticket<xml>
    <AppId><![CDATA[wx7f83e93205d2fd31]]></AppId>
    <Encrypt><![CDATA[vr8okLIVer3qsRxEtw7lUg77Pk/cF/IrwJTjK7KlNkhVeOoKlyCgsM9I3mj+ulPbz/3DKmQ145PPTD7e+yuFI8rs2lcNg5J6qGYf+xYz0YDwhGqlrTUCweT6tgPfoF6b9Xk4Lfh/iDKLNxs6moHnQyNx0G7zFIjIInXDhCfQxsxfpjKJoL7WSRhkRaOv7w9pSD4j+XDGzdM+uJ2dwgmmxYGDqiuv+x8MpeqUPFoTQIcL6yQn2b5Tj9x2l0zOprQvtPRIFiHX8kVGHR+pihhY0xZD6bibz7yoJThQOdfdCOvVkY7KULeFAybLwNTPvhT7wp1CswXjqwGWRkxRkpxGOSADuFsQymtYKPS6ec/hlM7ChoJ6B2GY9Bqj4W2OnPsHF0wnkNe964R3qTRmk/MBEC034bdEk+HnrXYsMc+DCmxrg+cUccfs7DNdnUzObwL/Y29B1U8lbBTmWt/BduBm8A==]]></Encrypt>
</xml>


2017-12-26 22:39:09 debug :
------------
String:
account-ticket<xml>
    <AppId><![CDATA[wx7f83e93205d2fd31]]></AppId>
    <Encrypt><![CDATA[gicDrnPMvsJvhFReExok4p0JLeQk9KoVz9hngRxDM36hXCo5er5Etmx5UuBI4rCBihtKmGCGaiZRjQBL+1xJNo9Yu78lmsoTZNn1CM8lLnMIvQQtN9U69WGX0k8XnSXnPqLHQw7DURSczliRUfJOKKm3W8hvCZeGkCtEHCQvkFDeSyMya/MUvsHlpry1GF1mn0TgMIRdca90wzhmXjeH3ymk/WiHaj+BcXUGLav4sRxeH4GggzoKnSesZha6mDz1dvzRdfhLrWGJhl4A+2uIvPgfVBnt0CxV2IDB8ZnLxPd61J1M7uAIktto6aAgcOUrzXI9m2LWxGuWwGkV7RkC5o9ZaQYXcsnIvdRdzYD3jyueK/ysMSSMM613bJdpNhQ+UgznGpKn+IlPjaE3DJdfYd5/Pf+hxqv5uEcBBAgXmpiisoJXKUUOAP6a1xy9xF/Qlm8I7ytcpkPVnnSH3koLmw==]]></Encrypt>
</xml>


2017-12-26 22:48:57 debug :
------------
String:
account-ticket<xml>
    <AppId><![CDATA[wx7f83e93205d2fd31]]></AppId>
    <Encrypt><![CDATA[PrtmdT3qpq9d9pofyY6sZcuosmBuzWfXU92egH95QjclNL/HS7C5CQoAHCRyI2rEYugufaJBj+3O7AEDJzEJK6YnDZEaxIU7Ul0XiJmv9MiNBxIyq18cDkf5LDJsaX5n/tkgMl8uxJp/WDSnR6KoAoqtlgV6FWhbkDixODxyroclyIuDqNKhLJljFbnOI7CORLxnvfxjZMQ6hcjg98c1b8OBbhorKXKDoBdrAe7KSYl15PqIm17vtDjbcebwM/ssbOabdP2rFd0jwk+Lopi3SbvMg6DEfM44k/suWkvgFOdB9Va2MSTs8TM25grifP+2skey+FUuJKzpEyfLVTjvY4ZYgqCKgL4b3HG1r2wFyPAuJuVFLXZQXBu4s461ApoHLEC5dMTP/sls+Mwi/T80cybXQO8W+161a4u6PdZPLhOR0z7ZezLPRTBpJDQfiaCsR+XWzWpqAAp1WVlcggOkSg==]]></Encrypt>
</xml>


2017-12-26 22:59:08 debug :
------------
String:
account-ticket<xml>
    <AppId><![CDATA[wx7f83e93205d2fd31]]></AppId>
    <Encrypt><![CDATA[Y9IYZPOqqWVO3Q3XYBo3pubzmogRmkDr6KZRALWVEuhJeXgI8Q5a1R01uiy8Jy+xMhe7kuzFXgo/kruFbmE0ERddLBNTFIcWORQnTRVbRy8I/RX9J3OcqW4RO085e/CA38abkOHs09miZ5cLrzcdhWcj7eW78bwIITJuPkTzb0zzokyVpZjwSpDNiGXUVkTYevucYrLMJ+JqZDaQt33OZr1GxZDU/vTS7eJDJcdDC4cgMSQNnR3NRvlr7DGvqDy/ltWJf1CbIz4P0f5g66vPICOI8tojyTJr/IUyitJzFo9c6vfWL7DJ3ww9T/uZ3XRRM16NSSWS4J35sV6zW3DjV7yEp491P5D2pizgDTsCIUVzXkVYKc8I0sl1xPwMeR+o+5iWLcXW7IFY+lHtc2cs3jdQPXnaqYZrYhhiqvQow3RrjR4F1etuLpnAhmfCO9+Q92+uXsZtgDVe9As6OLJVPQ==]]></Encrypt>
</xml>


2017-12-26 23:08:56 debug :
------------
String:
account-ticket<xml>
    <AppId><![CDATA[wx7f83e93205d2fd31]]></AppId>
    <Encrypt><![CDATA[7+zHtYBUOY7TK/jUhcicd3IRpmkL0TPIPpAPUUh3Zu3Kf2GPeWPcHeRZVFbQjhuxLBL/ER8ZBF3wR87cHuQ5R3XBck4I+nAISWroIxaZKnCNrg9/whVXGfIVP1e50HRbKB/TLnj74MTWSJOztuAOfabg/xe44ldQzmWJiUTFvcRYCGSBegF3XPvHar+pSRnAEfIYA4PttaTCTf3Lf/XlkPlzMebUcjvvYCrFIEmkWMikkxvE568Qloc29drKVxkUw2bErijZkRynk3c1A0UT2t8+KKCN2+CEXjkAUgM5SP99QwjRVgDq9u8MDpEEGowN+MZa86SttVBxWGN3amqr+dM7Oyl4kZhgcVrPvbbLAM5Q2xzgc9Xqviq6uUf8tZUK4pwI++HaeEzP0heolko7iGKAsEmviG8u5RKlbniEBIowexXmTbVvik9eVwRnEfD0l1WrNG5Q0H9DBeMUc6IjZQ==]]></Encrypt>
</xml>


2017-12-26 23:18:44 debug :
------------
String:
account-ticket<xml>
    <AppId><![CDATA[wx7f83e93205d2fd31]]></AppId>
    <Encrypt><![CDATA[PEo/pcedjtUG0MVOH37+F2L+TxItGo9AUNZUM78tRKCka2R37JCSE0DwtrzMw9iDnzIFwd7eP63DECc7vwX+q0gjm/p7W+syWOsKJNddQuxjN/Ae1I0hcGopYaKMjGIMmyAtxqPKjnRfuP0vz95iqZzSGuZhS5clGm6Fmm5+ZzqRPCqMdVNtf8VU9l+erD4s+e8nTSvKTQQ6nCe5o+3Eh3Bih86NvaYctWzF+3zPWesxudxsXmUI+CS68FcvDnHd5qmQg+rdTJVvrZWNWkBWuHjf3uXJF/LWzMGYBKbsxuUgmVftwwIIdgro66Wri11u/RkMcR6YQgUVsg2Mr1kHcvGTPQACSZMWEw5bQ13q2rjYQZgk4UjAGDs0bqRaGm9kfByzS1VI3R6318j4UHm3t8v/Ld+hfxSYqUHnwkQD7C44r3dtSFgoM1nobaot/Y3OJPaIQCLuGkmZQGbPlv/UCQ==]]></Encrypt>
</xml>


2017-12-26 23:28:42 debug :
------------
String:
account-ticket<xml>
    <AppId><![CDATA[wx7f83e93205d2fd31]]></AppId>
    <Encrypt><![CDATA[pbkUR0eLK0qAytfC+nmKlQ9GWLOVNmvafKCGPB9c/fbk8kX8AVVMla/qKtuCcgEqR2tZpHRjbLN7nPxrpioROsISbfMKMyznSej1IxLqFPx2o+sbWgfo2yTam253oe/abMcBUdh58sYv2obhwO3/fExe8X9nYSX2hKAluXFQPtvoFMYedY/DyJ8aPgqAbibMCofj6C4Fqp8H1mxV0KGAC5uAQe9D+noDD4tXuxxQCMOizB9RYea7Z4kEXdbP7t2tB9bhGTux4RfEDsSNQKW/bASGF8Fw0UcNK2oHsU1voh31BnrGXQ9XU1IyohSaFxCNtHSXrg4S8eLhMmcvNmOV4UTgusbn4ix2RLOgpjCHwpV5+MLgqAC+xvU9Sz37W518x+00m5UF6QCspZ6y6C1OodWbolfMxlf6z6Af2Xe4Hy5BnA3/cJS8LwOwwdQ8IvDr6VhcKNqrtoaPC787dZbgEw==]]></Encrypt>
</xml>


2017-12-26 23:38:41 debug :
------------
String:
account-ticket<xml>
    <AppId><![CDATA[wx7f83e93205d2fd31]]></AppId>
    <Encrypt><![CDATA[KD/yxQaZb3bzHvo6kgZIdyGYlHef7Du0BMxzy6FoyMvR2Q4glBPfc9b/FbuBsCOjf9jgcb/lybZJyHjYbctAZEXIB9Dy6lrZYYJNTNklIcHxLl8hZG9BFzde26ed8mGtQeC5CXECkyP5LgCztC9MdPpEOCkPMk+TH3jQDbRjxGl97VIS2OWrRGuzafwRAgHzdqvhXYVBCrMHoSGvS86a+bkKhuCJHCZy/s9J7tGEQ++L6P88xvuCIH+ypOzPs7wq0IwiQ+6XFqG8bYUyXG4dbgH5rgWA6saBE5o6x1NRO4AM+KC4UT4P44G91G4FsKnbD5VBlAxodTfy/0SM0ID2oGtLwfmVDNpLPA1LzyBAjr4sX8ZqmXjES0WQRtde18McUQarYRmDfhAe3DyUtAZ70hfvW/0paP79Lifn1B8qoghovILSqvXjLUtbN2VNTYFN2nouUm3Rqvi4EVZpdGXDiA==]]></Encrypt>
</xml>


2017-12-26 23:48:19 debug :
------------
String:
account-ticket<xml>
    <AppId><![CDATA[wx7f83e93205d2fd31]]></AppId>
    <Encrypt><![CDATA[Mq1iAK6Ujv30hLG5Zs6nGwml+rt0viFQ56cn/H+0cJ495biPdKRnBia0Z3xJ6t47vD1lyrLTwyer9JOv8EDjqc44bjlbmNn+JTss0Alrq4Fj861D/sCnchRy9p+1QeF5U1jrexzK+hV8IXjXJGLc5r1FiYAaZeuibkzANUzERsNr7x3mmIXwripxpBrXXyjF7jphfHYIGMyfnhrDX2enKlM+TKGMGWaP3e08CNkCn8/ELzBlq96YEers13/WgHSwdKfBYVzgYSbbKNmjtC/ETZh2BxuSBvmodpdq+dVoUhqowp8YnnOOPe1TMmd6SudCe2lGz7SMlmsTLgtEy91Mtgoqyxq8J+SrQjnP06krnIL7r1/+d9tA8LB5ChTfOyF6eJ6XegRKTiFfByGa/PxkRLvp5xkXlzJ2LyOzlvVR0jYjaH9AXo+LAew4AqNalLaiFquU7csuZg1cH4qf24KWkg==]]></Encrypt>
</xml>


2017-12-26 23:58:31 debug :
------------
String:
account-ticket<xml>
    <AppId><![CDATA[wx7f83e93205d2fd31]]></AppId>
    <Encrypt><![CDATA[k2Jsw7cNCA7ZVBjI0abY12nVgIKSSHUdR10e9J+6pYZJN5Z9Hi0tdTzmrpp1Phk0rcx+y1UjgIwXpydNW7UcRpydSH58Bk0EP2YaMc9oFGkkZ2wHf3pXPV0hlvIlaZ2J8vBFgMAjVP4591yWjQWDjaqKHspArt9M+XrtsQS/TQIxSoXXw3pFKpXq9pbNEETN5uvuusvbKb4azdqIpfDLhtxuxuyHg27SoEYkZiUhJ/MhIqoyACUk5gRFPj2oOLtun0cf7rWS2ROyFAG/iYD0zGm1TUfGWbXhZTwh56dnCVdChN9Bw+IMcgb+Bo2kuzDTPFTPx1Diz8kYJFLmhlsvdB/m6OIBYWbiFvR3He4d8SxPRv9DViwoa/DZ5X38nnrq7W8lwuxsJ1/skHS/Dh4F00vd+JM/W/a/sun0gwzZxUdolBEO8CS7Zn3qaM5Nwu/7EXnxsmwYSEgThq0FamJv0Q==]]></Encrypt>
</xml>


