2017-12-29 00:08:44 debug :
------------
String:
account-ticket<xml>
    <AppId><![CDATA[wx7f83e93205d2fd31]]></AppId>
    <Encrypt><![CDATA[N5p7sJIXjyGU/zLv/Jl7VOWC3kVGY/1I/i2N3+ZxjeDRAhCRHNJ3Au6NvsFmSMInzkcT7ZPJ98azwXVbXI6mpFJH9HNgjVysiIG3Qkic7GAo4cH/CaNxw3epDuuBYQ3jjzMX5e7FzGYTYJn1iJGbsWqhpTSVClpWVfjSYf1iezkstgUQvPz1+m3KAKbeUMiptjKMHVOW8ZfLejsIa1mLby94qbV+8Gol0u79rgv8UgeExGd18HXNiYrsRcbGuzC2vmsSiQLtNNivzAmIt/1F4ykJdqr2F8dtU+tOfEYAZCEJJVqRKjqaHNIUwqDp6LgtZCUESHixikW/JW7Iqj97zQ7bMcdia6adwc2+i2dldJ8KZ5v1qWVpVSe9ktB4F7dkHt2Btu21X0BPC+fZqrJEyLmssQQzhm/nJU/k7Fw5qRMWW1WYE0IeQx0L3UHAoksAJbvu37REiLIQZplTOYU+7w==]]></Encrypt>
</xml>


2017-12-29 00:22:05 debug :
------------
String:
account-ticket<xml>
    <AppId><![CDATA[wx7f83e93205d2fd31]]></AppId>
    <Encrypt><![CDATA[q8oRaqguPmjUiSeNdBj41Qd8EBMNkoJZdVFzJt0vswfLOTzY7Zzwja81vq8t93qR00hGoFxfOcjQyIOsc/e2sFjnheRRS+2fN4vlnhz7l17gI2/KqrfL/vUTplH7uX+50jpemTlSygYXFCOTM1wm5iJxSqbvgh5Hz88pfI5kOE2yZgsdLc9Z1nCis5pD5qrLncLgO3h8aKxHyCo4fSutXHOmI/ZfQovenpfpuqDXe7pksRNDRRKAUCB9WIECUnqh/b/MKfv/CRfHIqoODf9QtXQrXxM80v1253Qf7+BHfYXuwzTjDspCrVBovLukJrWzjDLN0acqnNxRjxDZ6Cii6dYtJav7rModsyvKs4prEofJ190gkdjgJq+wykoUX2xuikaj6mJzLbO2btzOO5qFa+dJFP7oEIzFD65KclUMp5IsQ8JisHXrzc7E2g7FRiOr29aiox5pRzNCK7kBtIXNHw==]]></Encrypt>
</xml>


2017-12-29 00:29:12 debug :
------------
String:
account-ticket<xml>
    <AppId><![CDATA[wx7f83e93205d2fd31]]></AppId>
    <Encrypt><![CDATA[yWTFgiuynQEc+msDfE+jau5zynzwc4UfU+Cb0+eLq78d8XwYrPqVbA9UAM+WbZ8W0Lv55d2EVJuByrw1AwgQ0T3ycUrqiLwwcYYmaY3mVmM8gVdT6oA3jOYc/iz6sfYi5xauyYLeivlYkAOiUiXtVHwLqCSoaXd65gIWkxt8TKTOvBQmK0Pe2/PtW0qvulLE2TrD3jR3yjnAdsKxGVJBz1Km97zt5ZL3hZ+q8F32YaUi6W7xl4WLepcMsa2Ydi+kpE7kNSN7p/sJ47smT05DIKpjrCFgqMDXu07xtALjhl4KuNL1rzxgik/f3DDU59i0WRUXqkVhL4/3VpF1iPaBM2UMAZnd23F1fuQwFhA68Ckxw0Z7WASX36DhUe9wDgclaxrFZkmjUMoP/u4sTd6FsUWKOtmH3lu/yebV1JIEpWcVO8Xxs3FwKpp5idqtWelWT6CtWAAmbfSocCcc6jbHhw==]]></Encrypt>
</xml>


2017-12-29 00:42:14 debug :
------------
String:
account-ticket<xml>
    <AppId><![CDATA[wx7f83e93205d2fd31]]></AppId>
    <Encrypt><![CDATA[c49ZQEiErH9gph7gmZGsqJTynxqr8RjQztorBzr4bgZzgEmbTdidB3Y1FBerMAl6uRmb5JyRlGalzbxd1UI8NBnVwwq9TKtNTO+sXZDxTBN59YfBkHRfDK81kckbZT2oyannYTLdhFJJWYORlhuLQedd2pCzu2xMIuMwvkQASRDvE5x5BvMkCxRn8tvDFTNe7ro18tCG6kK2yuNRK9ApqCfbHIYMm584qvwycdkoQXgS4opXDjf1dTA9je5FLUl0gFZNMaI3WvrdVUCXfs9EUJCHf1b8mDbNeX0y/KDscU31Bfw0hFiFy1F2AbKDufAvdeOZba4+YS++AzIJbKx3VZtxBrhzvXWdE5MuHJJuWInxOjYqouToIDXMZsXepkBBfKNcG9oriHAuEywmK/BEZkpPlYOWqzPBA79WmRLD1D/6ZF1qBWTzrPYNz1Wrx0Xlg35/Pvh6hzkM5lweJl+jKQ==]]></Encrypt>
</xml>


2017-12-29 00:49:15 debug :
------------
String:
account-ticket<xml>
    <AppId><![CDATA[wx7f83e93205d2fd31]]></AppId>
    <Encrypt><![CDATA[Ku3fK4p7GobthCEk8NQXY+N8/qBXHoTt3nTunI9w3iZ6EC1cf6asXY5clRH55e6E8tf91v30cSzy85HzYItvc1tVhXGONjfblSZgvkubC+OeeR6OuQTZ+ufC1n5fj2XkW9WqZQt+ik2wkhq/vC3wcbaZUgUpMDEEOUWrlo8ggS+6ge1cwZlxraREz90CgydzPoFqv3ab6sjh4PvZKv6GtDo/TFpv73v5xSu+F4N4kkeCG+kq+RMYXJmChiEgA0hfzHKPGOSV0gFiwl+O9oSUq0X8EFGGbtcBrgLTTDZdrV+CpAVeECCPnuo61+6JZhtB8hy16fsteWgrkfEF6C4be2tXqUyBjndRybe7abaVNcZeFqd5yQbs6GrgUnNuSHeiQpvlrvHC2r5tjsGPl1++MIP8W5YEkPZKifNuzvhRDC8qT6lxVFY9Sis9rmDFyLJMxq4dekbD0rN7s3DNVCC5KQ==]]></Encrypt>
</xml>


2017-12-29 00:59:04 debug :
------------
String:
account-ticket<xml>
    <AppId><![CDATA[wx7f83e93205d2fd31]]></AppId>
    <Encrypt><![CDATA[1x9pp2RHgWf7SeVB0wALM2hohh3CvDB7mdXuPR+gLj+ImZ5OWMxkcN2yPxr07TEL0LesMoPKymDbj+ldihaSc+TaIJYvo0EZEs0T1X5UpMxCX2SNS/+7d7TDysXkr8QFdc7yWKmIKDVAOVw7Ne7q8nLNfPqh7Tm4Xgx04gMkl2HyDY3mHEfXl7OBrKqu65eQrSl2PWgzt147rfec7vlcb44S+Rqi+LRyQH69YpnvDAOpxLRnlET25/IkN3blGZY22N/MhZjKdkjiwBtnzNEuV+n4szDNcQ50hrpRYqSdmK+MikK3/QzkQhq0fE/lwddg/0hIQ6EX+mRe3xRoN0xaTXU0wPWRABmjme6TaFkkx3Tic8LWogBmpr6+1sLQEHrsB1G4qryb/9lTJemSECGChVDivc/3VibTRgHEIAnnfS5nUMWoOZCxPyrmqDztmxm5J8yE+xPnWkTYrP1qP6QBFQ==]]></Encrypt>
</xml>


2017-12-29 01:09:17 debug :
------------
String:
account-ticket<xml>
    <AppId><![CDATA[wx7f83e93205d2fd31]]></AppId>
    <Encrypt><![CDATA[FI/sX8p1VYaVHuaQjWxBKopgbZpQ5tHffZ08y1OPNUAcqlve3EAoXeyn28/TUA7CvuPTBA0NO5VOQ0EG0G6qSuz3F+0w59cTrdatj20tY5/eGnwMqvALrj+xGkTaOb9AjBcOIxRnzBiAah+gqeSrbQOcIDAuKjvqpkVmrvmEE83n+M4h8RUCS40yTyisubtwLgT+MKz1m2Gqv3qQtVW1XXiVf6XATELhiOghv5ooNUrNc+fLV8BrWHIYM0doJtG38d9qELCfIOCU7Ort+8SvrgptiA00P95pO0piv1n5KMBQjDDgoHJB6bUdBlHzLA/9MSSAPnw6QJtAuBH8BZ2KoCHjiLBK87bwBJ86uHJT2sByQ1iwep7oG1Lw0JLdJFgpeS1vBgP7R6Csn/rQu52no3NfM0dv8oHUJ8e3Cp9Mps5lB6OfN3zU/jo7/UUzQT6fwmwfiWNg8umH4YGM0VCjJg==]]></Encrypt>
</xml>


2017-12-29 01:18:33 debug :
------------
String:
account-ticket<xml>
    <AppId><![CDATA[wx7f83e93205d2fd31]]></AppId>
    <Encrypt><![CDATA[GYhPouSu4/Y+GvEOLQ7D13uyuA/XVeACtClBAX9cBK6Dwzv32XpxtW7/JJ1dInez1qyGi+suZRh8ZrbevBCBjs1ZaL4rxjGHd6CEHCThhh3SxKtNe8Ip3X7zh6z0PJrTw0gbST6BEXJVYFsOSVMTfNIVHasmzb8AT41NlNqnzUuie2G6hDUO8np1nrdjzcwEc2Z6X4BeNNzAJ/wtLo8SzpKOmbderIcRW5SHUleG2EPrqjeR4B8PNYuuBD0DljikpAxhMp7iNSp0leEVIqMwDe+a9CMYLsuwfWveqPDeEiyndav8VQF1F6d85dgDva9YZQA+UaZw+RFlifRGsJW8AmMRbBsBWNzAFodYGC0JYp+Rxpl6p1KDPsoc1UQZHg+zpohLapfEGHHHCOjKb8ydu/dK6nSdQjiIQwkSpZSN+8Rnkn+Mxva3DQudhpX/vywQiFy7yjGkG4hewwYOda83eQ==]]></Encrypt>
</xml>


2017-12-29 01:32:02 debug :
------------
String:
account-ticket<xml>
    <AppId><![CDATA[wx7f83e93205d2fd31]]></AppId>
    <Encrypt><![CDATA[RM6jk9uxcZjsDD7udPRW801VxahLaBGPPJQGnsMLtxNOgxHRyUPFqY1hqbcJ9Zwu5CZi7E0p8VYyvFPRLCQ6mldKAV+5e3dHN3pOCqjZOeSGePydisWfceeXpiEBaNeXqPZJzltM7KBE7h5gL9M5vZ91dzeQCtuLjwAfRwAQh62+ectt//n4XycbCD/Pcx+purazsxZuM2zH19khOVBqUNq35J6/u/wKBnRX/rRXH+ypIJwnc8rfyv8ujdru2qZGFynl9VQTCuNv6+ws/8byi1SLwD4vxj/rNwqe6QHg0G60RnZzpz1ZpHueA6YvjnJlQ/mI2g0GPeUSnbFOBUGnAgdn1QcakYOwm7F/0woS2+2RXJ+5a+Zr62Fdb2djwnrcka5MO890LDVkEU6boTpWhBYdkYZl0WoCuRCQLLHwe9/8jqxXF6LLjrr0bmba/tOVFf5q+te71T8COfLWxgXVOA==]]></Encrypt>
</xml>


2017-12-29 01:38:39 debug :
------------
String:
account-ticket<xml>
    <AppId><![CDATA[wx7f83e93205d2fd31]]></AppId>
    <Encrypt><![CDATA[ZXnvOrxNU0oSyEsUEoedOM97laPSMXfCjyl2zWMsQ+8KwAnyAR1wnuQOKmRHpQrodzdRYwozdfyxcO+r00u9L6fZyDhkOEY/QlzMlWyp3QF/H/YA+FQ8R+hbzxpZ7HoaSpf73o/jPIkSV+uV4lvvUOw+ISDuxpzT+RBoszhcmMSmZaqRRJKU5I/K/gZ5g+wvEfcGDIBfAGaAU/ZjQBqqID0J+qIr4itfTxpXhlP//gR93J7MeneZJ5SwZ2iULWXuFZ3+xcHX7gc87u06Rc3dRd2hPf+43L1pU5SXkCDopk6sMh9CcSFX6KizRRY2ghaebLQCj2sRIEQFYok2sE/9lObIQbbJk56beaDU3l+QOBxKXVD1+AHcYGyaT7DAQW39n89hESlQXwgQN7hDx00E8s6vw30g+W3MxbK/Ld+qDS7x22PlnTkG82HFgQP9q0AKUFMF2wKJJKzR3KjldEMIKA==]]></Encrypt>
</xml>


2017-12-29 01:48:38 debug :
------------
String:
account-ticket<xml>
    <AppId><![CDATA[wx7f83e93205d2fd31]]></AppId>
    <Encrypt><![CDATA[sW02Rgr3ohc1aI7B2bBuYPOD6pddyhCTY0YKyR9Mo+p9VizaKOq/cTFKg8SmQ5fBaQDFk4SmpyesRtGz7pPIvNDKd62TeltyUmyWifVxAynbuSCUiLW7j8MrLgvFQ61Hql4qagvaLOTwpThAy5wa96tI6A9qo8zoXHgN2fkdcpH0OeAddbH8h/it/3Otse8VFZ8+HkEzFPPnKFI7haK7RcMbqOjSDnjTOm8wMYqRu+VjSGecfaghN/4IDlj1wza3ruUdFWLZVbaadJIXcUVxVE0DGngQ6ReSpewN20Y0C4gG/e3i2pxcbj3WslZJ2UYPaWvsWLgDoZm4aS35JJzBt2IlyfuJRrdK3JHkKBwNFOJj+Mrl0ksH7aVnQQHwfjoRD+KWX2It3inh3YYsqtjtdBLw8xdI1GoKHHWNrTXGNHpdjBrsklcddypV7UpC7cVGtba6YEe7gcendu5DhfNvJA==]]></Encrypt>
</xml>


2017-12-29 01:58:38 debug :
------------
String:
account-ticket<xml>
    <AppId><![CDATA[wx7f83e93205d2fd31]]></AppId>
    <Encrypt><![CDATA[NpxdgG7Px+b+fXrPnbHtq7MoJw0zSGUmzKCX6xGtyQhq9BXO3GbXr/GkyiJgrptxX3ICXvPloOhWfm/8NwUFu599hKF9czT7sFaLIB6gRrRg/WbKiN0/x85gkGOR7IlR2ZAxW4ZR1LYlsxz0V5551kZ3wgep5BEQdnONB0N/oqACU8NS8DLNqokkAeGlB4gfhlEftngjQbb5XLJGGOYh5hXfKzto/mtEiE5U5nmgF2PKHJVruVaDWGwT7rdiz1GEVkwlDzcB33RNHN4XAM9eaBVGZsB24yzrVRGaVqwXFM13lt9lIOc9sK1IRpyLVFzc6n3RVM62LmeH1xUzWqb62eBZ6V78D5+zfKKeFu7enIW7qLqNjr4jp3DQIHMArwUtLEuFjYFzAlke1L4VMvguTSmaNKL5b+dH0XeIXXbcCq4ceBkDw19s2F+MEarfRRz2zU6kTvs9s1M1ndVh1HplKg==]]></Encrypt>
</xml>


2017-12-29 02:12:13 debug :
------------
String:
account-ticket<xml>
    <AppId><![CDATA[wx7f83e93205d2fd31]]></AppId>
    <Encrypt><![CDATA[4/GnYjwjWdXVJe1hdSFl238cGRgxUYCb0OC+rwaw+RZI4qCM5cAUSYpT9XLmRLe88VlziQeXjOJLTyHkJDhGSlm2HfHgHHfxiHNEzSOyfYxSRNkTIvL0EqSWygj9+V1zZGyTLNi7h9WF8/xvcuJAaZsYBXoR3bUYRtuFBmqK/vyBPjqd4Mgz47jRPc+AaTavZn4Ac4dRwf0trAFXdllLUzQCOeZgM869hy345srerfZbFlP1h4eo5Je6Drah3n3RG+SDSGGXqYv25FIJELn2A9Pr1U4PEnO+M8ndfr2xgnSA9BF6zBADfkIg7+6jebB9olEFnH3fII4ju5k4RoMIdIf2w2Wl7U9IyvAFaZsMcsrVhTzxTzC8qEiABDyGHUt2oH2G4HQfFjhk3FlPBUD/Rmpxul4jxfYhCqiesU8BNQj0ZRUecM66/jLD2dGt/RlilJegHaUEoIRoYN8CJS+2Rw==]]></Encrypt>
</xml>


2017-12-29 02:18:18 debug :
------------
String:
account-ticket<xml>
    <AppId><![CDATA[wx7f83e93205d2fd31]]></AppId>
    <Encrypt><![CDATA[n2vrYw/qnpMmR6bTfYr2B8WviJS5V+URD3YX6AXT9YVsWpucooV3VSK3PR5mTiAMpjzdZimxuZkoG/jllFpeZF1VuWnQMyV72AEosQ2HVtYryIr1dNfunVC2Rk/6LFhsi7mwgABuWroQZV06jWYnj/Eqm4pS5vd1KNREmhTVTaAo+MZX0OZH39/VwB6OBKl5oBpa/H3b9VADNGHpltpoyu+ZfGecbZzgv7hjBlfBqGV+lmKusulNGBGTijqSYwJ6SPImJ4+ZTJFXPPzJX7FI3SCl85U4H8ZlbLxfCt41xlossPugrW86O3khtnWiiCwSW8xC+JK70XCEOWVjuWst8gd3vpd09vRag0twT8Pirjf+VPsQSdlaCX86xyMvMZFVPrjWR2zFjtgjFMIc/lsavsWdlgv9K0TiCUWLdYtZB54LQqGy4PIkikerAC7XdU+phjSlEfVoErC0urPBdfWQNA==]]></Encrypt>
</xml>


2017-12-29 02:31:57 debug :
------------
String:
account-ticket<xml>
    <AppId><![CDATA[wx7f83e93205d2fd31]]></AppId>
    <Encrypt><![CDATA[51HKThxExdDK5BdXAYXR4Q0JybJUP0AhX1fZZbfv0lzR8d1J6bKvZIOfUHLUBw6Cc0x3yQpT+HE0sPsYEqNQo0+LDNLT1+hAjHOvWd/WktbyOpXGEsRBveWztOpsaSsbFP3nBN+CItQl7KYO2pS8/zBQ7AkUdQ1JIjSVlhFDxiFp2Q2uIj5fmYrERLU4BT9pMJ6ExMQrCUFmSqo6oKmFN8V6D9osljQlfaPtFeB07iQOVjdoIPZY2hRvaD0AXYgygZY/8FMwhcqnBdB/LsUvlADlphb71YQ/CoHBlFxf8O4FsSdnHdLg2RIy5oEzIlr2W+y/tb6BT6zjtuITELul9614c0srSYPvK9VRB7PKOVQ4L2Cjjubge8xtDvrG5OExapo00d+vcsFsTWOqZnY7rjqujApgs77ur4ckoN2p3lY73wr2TLQ7Px1VREeJLjcSaAmwudEsuf6HYePeBzMm2w==]]></Encrypt>
</xml>


2017-12-29 02:38:20 debug :
------------
String:
account-ticket<xml>
    <AppId><![CDATA[wx7f83e93205d2fd31]]></AppId>
    <Encrypt><![CDATA[klw/tdfXZ9TJ8vzdjR4SQnXLmyK/+FtKfsU1xh6ah+aPJ+RrXMrvXiMsInGlq8u0rRSE5LJp94Jxb/mYWiE7MxqF6lo0ai6xTWyxMB3FKYnVIynFCgl8dbt5MzxpxMMS1GMG5kMKjER9oBtuDvPSbBj7qvOnsPuEAV6OfN9z9dcAv2ZsNeMe1KOpZEuwl5Zl++J+Zz72FurT4QXwSukjPoxuHCTSBjHVVAANZu8TOaj43Hc2qC51hi4/rtCxIUFAwuZaJjuGCXts/1g7oxFDfQd72NVJrAoGXaCsU0aRCeGCiM0tWqhqqdDRfF2KF3yAWEAfwA97WITSuWQkS3k3dnAcB2z/fKKzcHxp3HrbpGBqBxQ5sxE93eMWJC/qiI7NSWHWkeVQJJ5RAce0uuSkgYZjEl+/EafzFkL1So01xAHYLxSr7+VNa31tcDx5E/5PCeY3MpZ3KzTQ3We6O6KBcw==]]></Encrypt>
</xml>


2017-12-29 02:50:31 debug :
------------
String:
account-ticket<xml>
    <AppId><![CDATA[wx7f83e93205d2fd31]]></AppId>
    <Encrypt><![CDATA[lvb+nMNDyquUuu7ltq54D85hX0e1p8aMTBTiYd9ZBXx75hfQhHbYAqxA5FEt17rwQb61jrxgE8RvLBuNnCsqQqOqM9IM7ijIvgJPYvPTej/hZcIz62VGoDqx7Rqc+isy1I4vlVPHNDIKGHbxzFL+foyPvINmpDnTro2x1sRjKY2dg6wQS65XFc8kgtvueTgs0GZvKzmz8tBw+S50DpSbZttUtGJpcZsv5vDC860jkQqqFyO2u0YzJK8bDAbGgSlUDXDKjfhvwAHkmcbJ5hGTVY2EMCKOQtHT0SYBk3qFVHDOEy6ML6jc2lenp471TiWa/84MjEzTL23deR2JswsGwC/dgywqsg8qj2tm8e0QEb9qMPaNRjpXBw2H/qLHQPsLWuRoLA9zKXJfOwAD/5Q/sXEr2PCsSnXtQhGZ86Jm/qMgW86nVwtt00z3P1TLGuDLsLE/q2o3bZU4zGico2201g==]]></Encrypt>
</xml>


2017-12-29 03:00:14 debug :
------------
String:
account-ticket<xml>
    <AppId><![CDATA[wx7f83e93205d2fd31]]></AppId>
    <Encrypt><![CDATA[edRHn+m96HEA8CeKXRgLI0gflMtITQ1jatrVgLsA0kxZHDnrG7slHP0aM5a17B7uh3g5UtSFOVit801Xi0tkKh+tEDfAtIbXMAX9vYTT0gM7aHCRrkw9C3s/zr1PZn7IabHHW7obcqLE5L9X6PM+h9fU2cCuMbYTw64r+NN33NDzz577gurEgsnD32LorBPRkiGuu+KU+AZEvPd4L8TzXWPrKYElDAhwnsMwl/GdYAwk2PTKgOrb61CEcV0RB5oiZClRJUCI3fkZjDgHbyp47wwXosfhXFFPZeXezowW1RznVRCz5z2Q73N6XM9G2aNza6izYRLdi7ZR/H+RsM+Z+9wXaVgPsuzSbtQohx3x7i5RFbHBX+Wu3pDA7p8FpzzqgZTUkY0KCQovU6zu6SuDJz+ctFXYMT7uNyd3ORTC5OqwULl1MeMo6YMWw8uidKAE7A07htsYCya3ipRcVVGiJw==]]></Encrypt>
</xml>


2017-12-29 03:10:31 debug :
------------
String:
account-ticket<xml>
    <AppId><![CDATA[wx7f83e93205d2fd31]]></AppId>
    <Encrypt><![CDATA[oS+/VQBPKVKPpCCrlMXwm9iJ+F6zXTf9OwO0siD0XkSBFrJrDqCdAjL1eqMqTdavt7N9tRIz6OdRzBbwmYclayMnUn9OsA8XgnfWkydsZ6V7iopcSvFPkjSy31wc7Y3Xzz5v9fNybXTTaKDd3m0JCVlv5X1XLH/gbPJEptE/9EZBsMQBBdtDU1A33XfBlgkhBDSvPeEm1GgwHyF6VyTmofoxJBgcFKSLDPpewUZXwqmeiLmKR4+XeTuiSyCE29/kZ7GwWoqYa6QD1c7R+X29ugRux7ViVC1Nxl1u7rrne4Qc1zPYDv1auE5lpmwQSmOM5jb/e67VuErNxXxawt1djvgGmdQtb4uKG1js4qAPFTYd2ZIGZrirABfYIY9CHNBz0IOPxV9SoDhl5t0c88DSRUo5nk4OEn4mepbySF6TyWbTqb0Bz6Adq3HIiFT6Iz3rq2DtHTI7QJV6bv3ABkejWQ==]]></Encrypt>
</xml>


2017-12-29 03:20:06 debug :
------------
String:
account-ticket<xml>
    <AppId><![CDATA[wx7f83e93205d2fd31]]></AppId>
    <Encrypt><![CDATA[a0rQ55Lao0uAXBGXs8J6bFV/nNW2DbEPaX1Dzx1FwflcW4aPGc9JrkRAwyqRXyS52bN95h08txWlfG0Da6jyUMm7Elt2TVGzK01eVovZq6DnO6bv2rIrFQTXdWmeOG1jJGJs2IUrF6HQNb14zvkcUucKHZi6qku4Jb0isnqtVNwYwEFIbFzOAmm7eiAE3lpoHU0B9Quo10G0Wy7ipP4jiH6tVD6IUyXbotPYGGIC75qcUCfVNjCfQvzxcliiIVithAMarE1Iu/C0v4qbXKFFsA/brihxVgB5c0Lmh7WSoiRIBquIC35YQqj0AM+YoPtZ4jdu7wRxIdY3c0sAhYLrvNHOZunyq0Ygep/Ysg0CR6YQwVDjiimkMMyrh6F1jreP0lZN5u3gS/4afLVmhJuAEbYJf1E2m4ZXAxpmp+mS4sfxFg7PxXm4BWhHNClFg+8zXKCcw9dhpHyRso/tDHTPFA==]]></Encrypt>
</xml>


2017-12-29 03:30:04 debug :
------------
String:
account-ticket<xml>
    <AppId><![CDATA[wx7f83e93205d2fd31]]></AppId>
    <Encrypt><![CDATA[T6NpGCfs9ykQhis5bW8dKYA4rF4eftFadI4728YaK6nOO1hNSv9fkU2AiQAprBBzHQew/QcARQfg+gnKchJDepc6BiTK7ud78naxQz4fuuZCEJxxrcyXM35EbIQQa/jYY+dUqQR1dqOx4tcS8MLk9YzyvdQpWvW07wR0iwtRq9KNgu1ZWxYX5en288bTLtsQqXaN1KwwcyfALGesOybtQUsrvU6cjA0Arl6xiTeNLfzRAR/qaSLFrYfrL9bgyhqRx7koOboL96QdOUOEmOEGVU/qFGy7AmwW5OMSN6UYIXWK5khSsDxd7LQwL5KiIvB6WcZgaztWhJgZCWDuK2UxXR0vAPDEqMxHovBBZwueI6BYwVZJw8U6ykmGhopmZKV75hIvhFZY/jDGgpzen6vChuUJY0moTe0ie8v10iYZwfPRucvk1dZl1yZzxige3gSYUSjH1jOfXqHKg1WNTrN5Mg==]]></Encrypt>
</xml>


2017-12-29 03:40:04 debug :
------------
String:
account-ticket<xml>
    <AppId><![CDATA[wx7f83e93205d2fd31]]></AppId>
    <Encrypt><![CDATA[YaVgt2GUu+IC110SqNc4cIdfuNrZprbYfST3I2yrODe2enK9dw3snWg4pkgqIEYFvpas+b08ppV2QuhiVkEcOq5hvLBzWHcI7ZP5OddsAy+f9YXs4nedWgx79MULM7DOhI2slPg8vrnncY+sw8uajQQhYH3FtpYvsfZyVSVPP88+O6q4+W9A6iRyUmFgaZMJ/Ph1U6TPhvxvqkRE6qFPj/dx+0qpWwzBHYHY3yN40D35n2muKvz8MR38Ctwu4y6AJZHfl1Mjf3xebWb1jNyE2+keIF1e+RDXq3TNylM+HXgHoLQNaPQGRBHdcpLxcYTFw+0S/VIyj74NpjCdztCNcfPzM6piVNFiSVwxreo8iAaB0X/84cHTNAYT1GbgKIAJhRn+QLdmFR3GcZ5wgCVyqQWKxrbbVhD6RKCLl52h+zNYi2H93M3H309tVZxGBecoJhLaKRpwmP/rblSsAxmMbA==]]></Encrypt>
</xml>


2017-12-29 03:50:00 debug :
------------
String:
account-ticket<xml>
    <AppId><![CDATA[wx7f83e93205d2fd31]]></AppId>
    <Encrypt><![CDATA[cW7k6LHNnJDXBBExXm35QeoiJ2e7WN2A+zrZy7F8BwIcXF+aLYmXm48yi3n1+MvPPVZnte8ZE9TSCx2098XnzhYTA0j2whEO1TEZRPhQVhd97lh59A7WjpAm9pVLaZ5K8Lx3DFe5QOJhfvSuO9Ca2sDZt0FpvkA4h4Vh8QyFUQMJsQqYuMoKQAwVYNnEDS5nutrhDT9/dpSqpuhiPGCw8O5eloVGFza1jvyST23UNWIfHMdF//LL4vk+CjfHoqV6lzEbOzi3N6QP7jkmBKFc4EzN2qYVdf2BoYen7udVnNcXRzo3lcwP8/Uz0IRGA8WyoqVeHlB4Mrr5/Sz6QfNy9sgDysKbZGIAr1gCbawqTVChqzwc/RTt+Hd8q00fdg/z6kuLf1FhQ+oDDjGl7tyc6RgUqGNvZfUQlPY57nG5fWPpfsVYOmvFAFZmPowY6Paoc67x8qwRDARgMVsXX8Nx7A==]]></Encrypt>
</xml>


2017-12-29 03:59:56 debug :
------------
String:
account-ticket<xml>
    <AppId><![CDATA[wx7f83e93205d2fd31]]></AppId>
    <Encrypt><![CDATA[wh+DkaNLqZEjWIVcEkKj00kh0NhS40sGyaFNH49aUe+di2a4b38fC/ieDkuVTir/WPOhYX+hwVPd1LqxRRNQiO5XAFkDoTy9jGC3qPz0ACv0BE1CiyMe/E6CSSZ4jX702BgXi9ChlPzvQLsWed73M2BNWZjrncnC4WHPWAk4k7BS9bHwpMQNsg3a5tUiUCo9TmeZEFvnnuGFVt5iZPkIuCqUGOmvbDMlcS32BcWjUI+V8dqVeUPF/tO1oiaJF49TtYWWIo6nkM+9hdPyr+/HPbABSNVp4SsdOnoCsERPckE6WR9uIcFxOjCzoT51ysIXI7l083arN6Oncq3H/y70/Zib1RH6772q69knF/iPak4iewKZU9RlEidvELgoJvOt8Avy2GP1ejuba3SIBa8Z2oBcS7ooyYFP8LsR6UZxc78660AjA5jVqKU6GZAlRb8oheWFMqEcgkS2lenP3TX92w==]]></Encrypt>
</xml>


2017-12-29 04:10:22 debug :
------------
String:
account-ticket<xml>
    <AppId><![CDATA[wx7f83e93205d2fd31]]></AppId>
    <Encrypt><![CDATA[K27Ez3PqodtXOcy+MzKfPcFxaz1+eJ9KjPIRR/Oj7LYJ1znDWaszvI22v0q2uSDWDqA/wcup/sItMsz1kb6SNsSbhAd278PphRagO7MJH3nRLHwV5CE4KdEynsrMaXtqcOFZ7ckL0KnIuweKxzNDZKD6vmXp3TDplirwbuHWCR1cSMSK57I3AS5p2OLYqYyzHoeAdv3lAj4zkpJqwijYjT+lIZdayBoacAGwmVAPcN9099LU4CGOQJzupkWvpdoNZc5oXDuGCjjcqZie1TFa2f7tri+3blX5bPMiDJRrxx6GfcFCxWXoKeHbch81CrGaOF+U3QpgU1AGrAH0nyY1gKNvbvToKd07Lwr5vNmOFk6R0eumXzeTbdJAq2RL9ew1wuX7YScjMB30t8UeR0kSxAPVDa+M1NKgA7zKkzJIZQFvsQu9RUuhWdDlSrcK9RRpTJSDrR4HupFYIrw8NQQNcg==]]></Encrypt>
</xml>


2017-12-29 04:19:58 debug :
------------
String:
account-ticket<xml>
    <AppId><![CDATA[wx7f83e93205d2fd31]]></AppId>
    <Encrypt><![CDATA[YxdyXqxOCKIooC+oiIw1XlQaSRlSNWpQfH9Rr4qP3cIyxeeLfyYq9OZ9Ap2b2LqQpM55ZvhvjQLUWSvl+J44yKK9C7IzsZExKRSZdUTqj8jRqHGTe/gBab8/mHqCQdabEjJq+1m8XAQIUnLSgCVYAGpVLJDdb9Z2vWrzv4XqH8Y9ZbhLJx078Itqy7kEy3pq7GpcD2OdtsIyNzTiw6aBPJYZYQc6c03OvFV/UAs5hUukcS6CL8OZ6HTEA425+bmxNMrDJBy0b3tDV8xW+WaizdKe8bRE3FOl3ZJo5nNFDfj+xvwT/yTHZ4S3qYKBUJ7p0tYtzqTJaV/6gXKhkxY1GONZ05Xvxnd8DQziUHuu4gnbYY2icyyzXXh2Ar9LJXqMmng8xNy+Js5RW7uMAyai0mm0qp+1fiNlmmlhoFqyomHGwi2Jr1RdGQp8vdg+of8dHQrOIc1+1/goVcaYLT8G1w==]]></Encrypt>
</xml>


2017-12-29 04:30:04 debug :
------------
String:
account-ticket<xml>
    <AppId><![CDATA[wx7f83e93205d2fd31]]></AppId>
    <Encrypt><![CDATA[Rie0//GeEvI7Qs68ak9WwqaG3xuWCT36x4JScW3ALZ/QuTqzTFdbXEbwDIZlF3whgGNNXod5WgBhwZYFNlfHwatnHXijY19lfrY3d0KDZK89i8VXTQtZ4LjD06fOGO6HLHRSQx//e6yV1cP6TCsG5Jc1tFqkb5sh6HMOxNLI4T3RlevDHgTC+ysaaeoRQmARmm6XT+HNRGe7fJWaO0XCa20mse3gx4ulPDivFTSWBVsac6Z7D1vCE9jK43jWPLR2ZuqTPD7za1g2rIuklWBpoO7mDbInFhMXL1a2ee/9NdJ0Pp8Ln+vMCwIzfIEvfivYWAqALR4wky4nsbGvZeGslCLe9mgXi92so+NIBkjfr09MABq4IdtvCCbDpZHc3mab3RxVZlBa7DfynE5exRvVxhEK4AJ59l7mhiBbnJED+rVf+zyRFVzcTVEUkN0lvctJJw+bPSrPQFSxUWQUkR6lbg==]]></Encrypt>
</xml>


2017-12-29 04:40:10 debug :
------------
String:
account-ticket<xml>
    <AppId><![CDATA[wx7f83e93205d2fd31]]></AppId>
    <Encrypt><![CDATA[htRD0Fr8StErSrw0fSnw/ulogCCsPxGuxMpWD/+F50I4/euk8q0b5f5l5DDxesagtULCznVBvIw41Fgj0+cPl5pU3okZQhoUY9IURM/4smea2KssVwDUuh9xJhxvvEKaA8ElSvMcXA4PjD9f6TJWg0ZfqevNtvlsihjfVOozbBhnTiF4FuTi2fqEEcwieDsJBWUaZHxuqrmUUI1wgYMxHnPWyfI5bpk7rc+gipyBZk9eg0/JpJOVr9W33QtemGVbEB/P+ekQnt0BiYFq1DZ5pfx0H2BccfrEWMsNlrlEOwiJI7xE7qrzww3TjLujQlfHY7cdL6Dedmnbf+mxNuu5acdLdK6iy1EIo97eFgKfE3BejZxUyeLNuqnTgdsbLbXSjOibIe6HYHKC+ywQCEO6+wrIFwJs1k12PcFaebjxngk5+d4BI9bKPJFR/rDkM+RPwp+Oj78z4JGno2rirl9ELQ==]]></Encrypt>
</xml>


2017-12-29 04:49:58 debug :
------------
String:
account-ticket<xml>
    <AppId><![CDATA[wx7f83e93205d2fd31]]></AppId>
    <Encrypt><![CDATA[RtxpX7ZQTbnEIMpK1Vj13gah9F3RW4zzfisB/EXqz6xuCzP8ankvHLKh8sPBc4ull4Upx2Hzku7i5yP6LB3LkiKH/Ms850VYGPbTMPR92r7zDdaeUPtMRyirj6mOjgoB21XZfAdTdyjpPGIe54Bggdmm7LtPd0QhZ2SWn5ZPVZsBD2ch9nYfaAvtSslCAZ+pyM3ek6ANGJDcTJMcDO2DDFhABJZcXrE5Dtocw7LPZIL2S3XFhkSCUEq13zps/XxtUWVv4MzcsnvvNw6kg4WjdVFqZB7ft1rnNC4ncQ2hDq9BTVNQDvmpg8hkOnhznSYEO1lbwznOz7936XIizwKG1IyQhpWaR1RLHaXzzkhRHQ/tNo6wgEzD5vNxEcRmKSDgRBoYyFgfDtEenIVgfOQuZPaPAnXJf2s4mMlm/+OzZc8Pg7aH1vacIzfU8yOunuy9hecWrAEbaMVMfNKiPYs2Pw==]]></Encrypt>
</xml>


2017-12-29 05:00:05 debug :
------------
String:
account-ticket<xml>
    <AppId><![CDATA[wx7f83e93205d2fd31]]></AppId>
    <Encrypt><![CDATA[z1YR68u8xclXaCbLgfjrKZZHbK6tOwqk+Z/d2pg5fmiIHptFlJGzACLQXgOSftx+4UDILZ/vLOvb30JBz6QHfcFHDX1+0Is0gIEQhBrJIMZssOVJ0jdsApZDXixllke0JBDoiBNqSapduLtBv0cLVi3bvE1afZfaatoiGz/IAHag/1RE34r4M2zVI0trpt5pSh3iArbHQ3ylzn/x2F+ThqgQlojIJUp5nZB5JjhVopplis76pOpZDIj1Uy/QFIj1JOGX7KsbkWWe4aPF+tEBB78tHnfr2gu6RzLXkhb9QfuP9Mkgd9N1cQVEaWznKweg1tTFXK4KwlT+v07XARkdT4Y2xSwDd/V674ICJXEAnbb37w/lvLWT2erEPj9ImdQSGaUts7MmQFYWxHLs7kiasllFTCCG3L10pfmCiQwnuHjQA7I7HUG2lZoABfEEN9W3RVZgb6NqvtFuFN9in1bVnw==]]></Encrypt>
</xml>


2017-12-29 05:10:10 debug :
------------
String:
account-ticket<xml>
    <AppId><![CDATA[wx7f83e93205d2fd31]]></AppId>
    <Encrypt><![CDATA[H6WSH1L2gZ8TBWUfyqlEXaxTHMDETrSAn6EkILqCZ4M/T1jqOvWGMa3Mq+tJz8sF+yLAVwQFrCDHP2/yMjcrPSThiGxqTHlm0y3lPCJhBTXd/cNO3F09pobP/xnjjYThu3yk+hoR8zaqBZhBZDASCIYyx4uP0sKjUPeqgZuTTxKI7LTNIFV+Z3y4lfDqKv3Tl3jJgff+4E47ojrT0W8gNRvkPPFN6b70WW/mZdCfD952sWcHWylDVc4ljRWFD9/3H6dCEF+eaFmv2XAuhL5a46cipsq9KIREOmGpX9NuoBVVwHm6NLxaiSJo1CbGTKCiV3rMd4w0Ht1fcrKsOvFbgsXEmK33Ke5wKn3ti1LtjtCOzFVG/Hfs361HghYZWHxIWbO0z++iLh6IAbM7gd+4zfjWMLyOtlHWrEXWznGohV73QlqZbUlQrxVwORqr+272dxnWUZOdJmgBAZt3c/jiQA==]]></Encrypt>
</xml>


2017-12-29 05:20:04 debug :
------------
String:
account-ticket<xml>
    <AppId><![CDATA[wx7f83e93205d2fd31]]></AppId>
    <Encrypt><![CDATA[Ir3aWWUqXdcPqYRRR+r6BoQz8bbODaC59m+XRBx66PvFzItzcAe1TLtK/UGKZFzYnmh+hDK/zK93uo+BeCDbO5XIHy+Tb0+PC2jH/OnLa819kaay68PH7ZILuKRDzJbVjV0Tu/U5Pjcstc9dSlYEFNMMwfvApXGlEKilMkr1qjwoW0z26nYMjKrkRFClfv8fs/8SCvTR7pnAME7KG9vDA8aRS6RD+z/RQkikewKmD1UAeA3sIe84sPkQKYxnkYE8wXHjXTghsLWIfu8piI3xT7oK8LZTzYDmIg6kzXWMSyT3vdmLV0MlCGZIwxp/sdLbGDkRbn9qDiotYv9BsSys96cavIiOXtg3DBlFhb97TY5hgbnJMKrqNtOKvCl1+s/N3FPzPw8TWtdlOl6BqYFAV0yyp9ogQ3vbWPPh+8ik9JJqm3o5rmywIbHQJZGbQDGj7SOsMKe05AjbiMhNT+hIlg==]]></Encrypt>
</xml>


2017-12-29 05:30:00 debug :
------------
String:
account-ticket<xml>
    <AppId><![CDATA[wx7f83e93205d2fd31]]></AppId>
    <Encrypt><![CDATA[Xj/Pr0Uo/Aci9ccao06Jeuk3odSqBJLx1bdv7h/P9cMZNj0MBTiaISlxzMTBfF00itVo+VCGFGsFafHfdX8LfH1ZksZRF6aBDZZ07a3O0UGU5XH/HRukA5w9Nmm4l3eIrxqmPn1BHwCa6icAl8UpTN+gzyHzT6T/PzqUTspmNSbteYzEn8jljB8/IU8rg7H+maepouLgUfOg5wyInhXJQcMFLjPPpc9qreq1JCSP6hWNo+fLJKe0mFpPxvDugu/2kAWZIsnNuqXLaHcrxX128VoR/ml/JhPcVCpxCLipOsSWxjJRoYDJwXdAJfxK27YDUvXcAPKixJ76LE3SJBl5QSRMdQ0HqGZ+npDMRva3kDspUEzkumg7jltStFBc27lUD5VNBE4S00s43DrpVvQlVKgfyN0cK7n4MeVFE7LNH3tFj4G+BuDom+xDToIjsSgx70YqfX7k8LxiF2LiBArKsQ==]]></Encrypt>
</xml>


2017-12-29 05:40:05 debug :
------------
String:
account-ticket<xml>
    <AppId><![CDATA[wx7f83e93205d2fd31]]></AppId>
    <Encrypt><![CDATA[KQGEYEquvj/4LXHUqqV0NMSeIeix8Ff5JZG3eaEgdWir5UC05ZBiH7MGpd8pWXXRHEMhSYFqz4X9aGdNY3bWEIUJl9Q+rIYnOzlqyNFjRsfNZsYRiG2EV8eU353+wZwD/AwV80giElkpDhGLq4IQISiryoEA2sbgblTYi5mMFhz+yde18jsS9cFZuWWIK+opn3tXBAj6WZhJkspl4w1l4cMZ0fsHp4grHEWlu+YcowDFinyfQ3l2xx6LKA65no3otY3IOyckmo/24UHeYnHW7xoZNnWzxZljY/8zu4QAE/eQ8k8Luq3ujF3dD/0O+EZAVzdWUebR8BE3e7houGDltoMEAISEbRjXaMQc0UVJiOilK8sTcU96yodHTlL52ZtuYocLJ8iw4+fTZ1+IooAs5h05nG8pdVesPdroeXxRYw7wYnhatSH28P5isBL6/vgvr9KdR1p1lhCmDW+4aedfrA==]]></Encrypt>
</xml>


2017-12-29 05:49:59 debug :
------------
String:
account-ticket<xml>
    <AppId><![CDATA[wx7f83e93205d2fd31]]></AppId>
    <Encrypt><![CDATA[kd26Jhu+4rEZrAU1UGZPHeZGEpvnOJp4L3GcrUS7D6f4+KTOU25VaCrjIqAuXxrveUtw+qH4YdkODdl2LoXBqJBtQzjGxYYSVM1OBNmA+3BCq3QwCYyv5aYG3iTDsK2BHY+gGM63t+FkZygAyl6pKg9eFLIKGDruwFbFzWtTb3C1UoWenUAXxoaWUP1uiY/QNAoq3WKmxnRK0OjtzCklu6vvz4M2juhaHG0PZZf5Tc2d+Wkf7kA2Q5id9Ed6yOb7rZdPnXndFrrLoTdb3uHgCz6aGGIOXskT2oOba7cKabIU0LBAdmpY0z9DQmoupuBYSd2fSWkNFomy9+yQR9vWPQ3jvUmD+cusZKs2MquYto5HjkRqcizSFrQnrwLamYJPUOSymXKTnSfvKmmPaoKqVAE4amaetrhxLH2Ccf9BjtOhZ5y3+1tj2BZ6222830c5+rldCl9JkXmzdZZ4y0mSgQ==]]></Encrypt>
</xml>


2017-12-29 05:59:58 debug :
------------
String:
account-ticket<xml>
    <AppId><![CDATA[wx7f83e93205d2fd31]]></AppId>
    <Encrypt><![CDATA[pEBhgQa+bYHr+eOe5jPfT2LLvR4g24/M7u3xJvZIcoDA2XQFDwuYazmCwC7JEdIerZILnF+P/o5NscAoLhN33wfnTU8Wu9HdUdDm8Agdql8D8OoVKaO+Y/JC2kP5+NxRTmlFhoLatpwsySJXqPzyKCJ4TtSkRFQOdY2Oo/jFuHx4++8rBIAPYG8mOTsQhq/c7uYwrLW2pZOi1zvNxWXq9WIUmDWTrN7zMkvJWVag1q7ioRFbwZajqT6kbKu68ceITSMm3a9pcCnYNSPQ9BmxC3KdSFZW4unkcTZvkEfqo2DsZc1z7Uw5vlFv4hwIJGUx3fwDhMyDoqGZb145Di5BIcPq+0ewpLmKqUttnCZpwvU2Qy4P0GJD6z05UrFD/LKNTVBuznHmRPQuoJHRb0KvdJIZUCFxSJXct+NUSCIdZO2BSInmQ7RfcImiF9oq00E8s2YJx6a9UEbHWS5vTaiN5A==]]></Encrypt>
</xml>


2017-12-29 06:10:13 debug :
------------
String:
account-ticket<xml>
    <AppId><![CDATA[wx7f83e93205d2fd31]]></AppId>
    <Encrypt><![CDATA[np3qguS6TiaHdefeWLs/hgMUk2I3YB27fbPBzhQE89hTAa6WI5cE/bDchqrQ/3rG8HLQinks3AsRGnuS6ylDD4aQQXDQ4NmMmAWtsbSSUYzucucBL3gJB9DGwMFyNhhHOfXbo91d4XfZXqp81YA/0S+kR2B8duxr9Hg0ueWCsZUfghEscStPnfkO9tJGW0QmtAfnzwOyNZhinAyQf9iZ8Aq+XFqecyR8IuTJpfkYY1EGl2b8RXDmvMSinxJgXvpnWTqzTNhPmXv5adHMo2bdrMBAKvx6brMw+tm1ojk7sr9ki00XB94Xi8MK8TFRphTIFHa+Aa0fCAoilLhyRuk0sLWBcQu42cQ0uOFGaRmelZ753JEX0Jka905lWjXdwk4R46OIbaN8uy47DCQ/5KArJc/vIpadXNTtfMABoOmI4koBRlXi+gxl57Seem9DGs/jCkw+BEwET2YzmcVpPPDHfw==]]></Encrypt>
</xml>


2017-12-29 06:19:57 debug :
------------
String:
account-ticket<xml>
    <AppId><![CDATA[wx7f83e93205d2fd31]]></AppId>
    <Encrypt><![CDATA[Gj/6q5z0XeZoey30qciyCCltH2shGCY7gRO283VWQ2V6nL4Y8j9QUt++EY/ALIt59mdWxUBqy/sgQLiaX9/qmcBR+MVexnOTaVncu9XEStWXd5GRORCS9z+VqdsmEq6MAL5AC8OjPNKFthPrqiEMWrHM38fc3Gwgcyg16s5ETVp1CTBvWLdX4xSjm1mOcHCcfPbl8DxE+ehTzc38yEh350KJWSHX7ShEgdAL89N1LiQBb5wFQbT5wSPRKLupZGEx0giqTJ15mcNz5IHcxQ/7nyhOhKI8Xub0MJtI2ElQTKfQQ/HsAmLXy4gSED840N0xO5GTFA0qYRjTF99llOv/SLHy1/6AKNlbGq+K9f3S2m12A/+LuR3bKkbqmr5cMrPEBwYLs4OQpxzNi/iWR+IRXmiz0M0Eb7znfgMw2Sv4I2wnnUDv3zT3wdj1fQRE8IsiSPdLb96Y/0PJkNcIoTxAOw==]]></Encrypt>
</xml>


2017-12-29 06:30:00 debug :
------------
String:
account-ticket<xml>
    <AppId><![CDATA[wx7f83e93205d2fd31]]></AppId>
    <Encrypt><![CDATA[KAsTOxHr/RaKN9tzmnGIwJo2//05+OzPKbj3adjjV///79PoIIRcAVCFzclquOaNXAN1ypa2orvFz8/1fFygJr83qkQhF3xxQpl1MO4R4N+1puRnVphtI7bO5OBYbukeDtMlgC2WA9SD10pH3cF5d3ipUrYPB2DWatstLKpBqi6lpN2M6ub+8sl+kng/cKXupmH0cHxtLvBY2mow8dx7zmwBO5O4QWq3lPwcxx1cJ93Qb0s5cugGJ0fZdubsTMeyG8AJVe0T1I7+0cjnpsDZ7uxyommbiCsYGsvLIp0szO0ajo3qtj80oJUyySCzpQGexrettvbMA/xOcOnC8yI+oIm8CGEHg6wdJCR76+UI6SFwLnm8MJwJloy+gqrTCk/lU1DGSTMy3zVNLZ1512Mo5RO0zVTNsQKcMfJVr6YzZSePUHHICMxYzxoWe0mm3U2JfYpWWbCPk4TLPJ+F+1/yXQ==]]></Encrypt>
</xml>


2017-12-29 06:40:05 debug :
------------
String:
account-ticket<xml>
    <AppId><![CDATA[wx7f83e93205d2fd31]]></AppId>
    <Encrypt><![CDATA[5HBIOcj8oNFGsHPlttLzZn52T1kwNKCCjaKbaTkN3TpE9hgKo2Ut7pP7C0BEUbT+qZ9PHB1l0dw1DLga8pJrlwiyublDdwaxrqIIja3dFCK0RIQqaSeVA0Eq9TamklMNtyYMKxGn7avf8YuCIfEF7d5Zc/LO9v33QMQn9pklKiXzdqlekwBV+4HtzbFHGfA6PxfDTYXefQR9LjIXinfxbcXbEGH81OPosQClig4cSs9xMhRN6kJitRDctIXWDfvJ3OU53DuDNlRk3YEGLyTHAE9iVOatHqD9fwO6flflRcxDKpP5M5I5EjD3KJbFTGz3j16/FooNOfNmw5mxKxOt+ayYG6+EsPWQpqABaDZaVnxaz1h9pmh/bBltMhhXQVjOjLrwcGjvUIdbkKZdj1D9sQyXwFOECbupyh8LNh8z8UjyMOYyL8alMlK26xB9iBYpFpEyUvj7J1hXfzsEK4WmTg==]]></Encrypt>
</xml>


2017-12-29 06:50:05 debug :
------------
String:
account-ticket<xml>
    <AppId><![CDATA[wx7f83e93205d2fd31]]></AppId>
    <Encrypt><![CDATA[xnZIC49WI2W828uokFUfDAjrfC1IZHcvCgFS6TUyxbxI3i1ZSBMlCMshpozF3Tdocv7wvTOdIHfWfszX4xviz/OZ+pzr2vJ2/1iooN/WHetq8M3A3cNhHc+tI1NcgGjPnOj4q8Y0UBzxXutKLjvQJFJAjTw3zccJ71S2lvZ89twvxhnjEaECtZfhvUQNiYRTgd2KRJTE+b/8pZxneALg0wK8QhvRNGpmJrJJXQBAiv1f5QTgzc+CZ8xuKJquXSJDdVKpa1UTinWRXk3iG35IkNeQtxPYsfL49rCRWSmgdIeVmG2mH0m8+hL2xVmn+CpzN/ZttbaIp2tE3o8YPYCgxSIZ3jqJBDpzz8A08IdHDuvuY2q1YC7o3l0oOgdOIkbWhT0fgrxQLUHJzcDtFWCD59F5QLSGlWWQ39MdqtRo8n6rIwK95jwtuXd2tN22gIhdqlBM9SwVcFUddU8KeA7JwA==]]></Encrypt>
</xml>


2017-12-29 07:00:07 debug :
------------
String:
account-ticket<xml>
    <AppId><![CDATA[wx7f83e93205d2fd31]]></AppId>
    <Encrypt><![CDATA[BKQckfqszOXtqflsXsPXOABzhjSozWyQjF6sW4Lt7e4SncmYnCPNneZ1QhKTwButDK0HxD8ScR0S+r3Op+8PmbqfbY1dMthaAjmpxqahMfQ/JHAmPjBGN5wneVwZcw8jbQssLaW8GKseb1UGrfrmbHImIU+O37NWIYoIx43zVaLRuvbKF7tMDhfjAb2Hz26R+pd6yfZvCcxAyNObAU4sQSpCnKdadi+0i4h2RC3hNdf8XIfZzb/TRQnKe6WG3xxv7cpzaPWXHcvcOMIbWu8FaEGbOim0F0Uq+9bhoSXX9ZJrzz0CrUbzlNWXbSsISF7TSCG7SQ3thnfQ5zQEyLJlWbukKewAR2h+yVlc6VsIFUFR2LgM5lt/LJ+qwPI8nvq5PoFe6fKulpYqJMcTmYSdV2Bpc6/EsmsBbbLHxHtIf2mVp9xCFI9/+OI3Z9zaRFJlQ4ta3TmQfoduqvhCj8G0vA==]]></Encrypt>
</xml>


2017-12-29 07:10:17 debug :
------------
String:
account-ticket<xml>
    <AppId><![CDATA[wx7f83e93205d2fd31]]></AppId>
    <Encrypt><![CDATA[K2cDkf8BonwD+j658bvhaLTOYbQH2IhksuMcKz93dVLOhEiSKksnYbKBQRUrBsbl0H6BnfnKWFAb9cgxDZI0F7rkJg+nNcotmDoCB6tbnAZyYOLfnDOQrVby7AX2durtaOrL9xKglJgHrAGu2HrXdnjQ8pgZ3W0/4VomL/YtAtmOomnk52rifqp5xI9LDapklNxN6NFNfoMfe2pRfvsvrKHLevqpC8W0b0+H+/PDC8jo4aGccv64w0H027FsebBDlaV4awXpUsRHjHXWAVLuEA3JFH9jrOu1ZCunrUA6ENI5UEVd8vGcI8htjJCgWcg7K4ch0nMpw0NlPJnMKzNFFzLRBx34LFNqrYv+yaR0HFXJcjZeeUzAdKQS8e0cvYV1GIEuecOlI41EFlwQ/Dr+tHGvd2dJ3wc2eGFeWIUcqOj2UpCFMQrAlr6ytm1eFMamfZQvW0bAISBK47RzKlnS4g==]]></Encrypt>
</xml>


2017-12-29 07:20:12 debug :
------------
String:
account-ticket<xml>
    <AppId><![CDATA[wx7f83e93205d2fd31]]></AppId>
    <Encrypt><![CDATA[tWBCDH+TmWpThryYS6a+kg+/Df+bqaLgUotX76sxyV7mmLRQvozQcYjcdvgea4aCP4HWVxUdZwMukoKNv/s1mPX3OBGggWAT1p6V+lRizsMG2320FJk8c9SJ0WTpESc0CLxaE3pPP4bJhMHq1aBOLFadC+6rdUJkPidNZeOFfsV7P+9r3CVQoNcZetPxC2MMQRXlKBBsKHXPKgRY1V+Lizgb55bwb99odhhyoxhAMvpEp8BXIYNk+dDewlEAUF4PthwROGvyNxLJe951NGQ5ehFDsvmlNk0lAMlbldXuExeZiaRuhc8t5OraLzfHRF3ZRPyi92TUHuiSg+S/ps7Nqi4dGUePZ0XbjDoig3gJfETXcgMOwx0b+JSR4OpvhRq7CuSTRQ2/+OQWUi/ymoSQLw0fU0kdTpbHcvOpFU5kZpeIG0bSHGE0W7kvKo7Lrw/BE7s2hAkc6W8HZOglY3HCVQ==]]></Encrypt>
</xml>


2017-12-29 07:30:08 debug :
------------
String:
account-ticket<xml>
    <AppId><![CDATA[wx7f83e93205d2fd31]]></AppId>
    <Encrypt><![CDATA[OsTXInVOnnNmmQM5jx9FmvXDLwkOfZMf8T/9pc3yXPb+ujLqsIysmPB42PuH6LHhX8OpRKu0P4XxKzAJxuJ5n89BYjBKAq5Gx/UWU54kZTqXAYEmv+6bAt2Bsr943KM3wmatLc6FC58l8M/q5ZlYZWZvyHYyCSx7ogLWwA19hm2d/nOBupzJuhurK9iG4DD+kbA5PgEUojuSYmERIGt9CQ3y+1WlU59YhFbE0xiKmO2IwHW7xhj1at0h8lgHWJwnEojAcT25uw9VKglojRSVUa3HpO329fCPDNR7vSbTMZ6Kvm+1xy6ubzRkkGLY13XHHfGmeGZyzFSufzu6cobQPSd3kttVMSZdmVsVvT4GqLI1U/otYPnSujkbHwaftAidw9Cq4yNgxRph/KMZSxj9LfFM2TV9bNdjdRF9lZ3HUsNzLlIpQxLKUkzrmnsoGU9xftAmaThTyzLBw+3zghcd6g==]]></Encrypt>
</xml>


2017-12-29 07:40:15 debug :
------------
String:
account-ticket<xml>
    <AppId><![CDATA[wx7f83e93205d2fd31]]></AppId>
    <Encrypt><![CDATA[0kGE5/grYAfNv5zzFUlgUiP61zNcT5PQYUStpJxISrxYqah7kWCBhL6YsFgJTryEXY9Bn9I+BhspS6a6B6pYi6bCTlq+2LMOxLP5jI2fBdPQKJcpXadqIDLjuP7+6V4zrmhS7wSmTWqIqLtf2kEm+q2LjQKeEGbNzAcBlDE187mzWjRrp674u0xOwDBI7p1Op6BnwiuOH0sPHHo6A1qqWIw3HFBSmWNkCWKjFjkIRu90kwUa9hJlXnDxr6hw27yc6r2UlkIgi9yB+Z2bgUCcaGuOxDEP6YlltA7aoUrQTj2J8ngFOKkNhfOW8cDWIf752VABU/WhTaXTlYmf5vWpf+oucj0F1HBqhgsTSML+8kpAmE1u56efA6P/Z2r2/QH9j1QZnYH2iHLOU1vUluMG/ShYqPMd+vQ4j3QtK5SapbxYz1As+GCSvXQsRqre2u1+hvdaotzQR4HhN+bZ5f7rwg==]]></Encrypt>
</xml>


2017-12-29 07:50:17 debug :
------------
String:
account-ticket<xml>
    <AppId><![CDATA[wx7f83e93205d2fd31]]></AppId>
    <Encrypt><![CDATA[rre748hOewmFnWW6vc4PfLOWNmHxofmb2tiJzTZ1Mbx24p9X1/5Nex6cJjBTCkSL26o7tKume054rb9t3sqDa6iN5lkGAXJpck3jsnPlDPykfClDCZ8yFV2TwAIrnEt79qe9rNrGAiMkHlFScvGVtxXojzS0o9AScQJBnyKoWLyAHVzOVLKQ4wPMzKIKOyegBGLKk++h1Jv0sOX/afkcuQAQHjojSL03Ga359ulmio8Vc/b/5wCMKf9v1nyE8/lhotMiGaHUMRaWt1qZhI+RRHbXS6Ch8RoOEAdMdwS7NdLQhUsG/LFdFDPJgzrU/7V2IvUPJet2tss9+cFmnF3Bm2ADMiodLcFOlxJsglNTS88t1F/k6WOitv3gYh3rn2HNi0iwMZBg8VT75hBopAENPCFLJcoA5P0XkZd/ERRXqn0ebfXrPZCJ77zARrBt4GYPQCUsINsRi3s2BSGO/OzsFw==]]></Encrypt>
</xml>


2017-12-29 08:00:15 debug :
------------
String:
account-ticket<xml>
    <AppId><![CDATA[wx7f83e93205d2fd31]]></AppId>
    <Encrypt><![CDATA[QmnF0AwqKqT47ianEhRmMVzD137drfYpmK/HX6m5/9AO8IqtM71w9tlRGmRgzdmjGbGmxkxs9+xC7v5/9uk4QZmKVlfaCvbqEVz4QpBB+UOwel8LWz3U7CQW61hnBncYWvmRXJQovH0rpUinulLPxNRxzZWDtf2nUrNFeFNQSAyhsZRDyFbCoXoZlM/2ZkWbJPhXoZSwESmZhBH07gqFPc69KGtRxs5748gPfgdIZcdzqGZ+4AOlRMDD2bHtaQjRFGm+4Xaah23Jgn9OGje40rCAj40yPm7zRsogLaMX253rGZLklsZj+QLmt2ceLI929x7D61Dhl6+Q39cp2dyQDHLWiCkzRfb0lg8Oprx4b+MBPf0qgTZ3LkXrUlDVmRPSPQx8hJzL6Dq8n9viCeQrZO43mSjFyuTQH3hPNi4wL9buZ/Vf1oTRB5lOd2CUESlaSY+wC6A5xUSNnShQGBoUQw==]]></Encrypt>
</xml>


2017-12-29 08:10:25 debug :
------------
String:
account-ticket<xml>
    <AppId><![CDATA[wx7f83e93205d2fd31]]></AppId>
    <Encrypt><![CDATA[VmR1BvdG4y0UPz3LxYOmM48yfeP+cePCfFQMrTZZJ+Uq6Lg6Jh8zvV3EBU7D/2ejhiKnNhFR62T0b8O+WhEPuOOzqWSxYOBLc28UPJwYNHKBG3B0Hjx2UnqW7OezZ339GW/i2Ag0iQmBjkubjkrQj/6z0TaJzLbNq0ouB2oZhXDzW1FvtUNYya+XWbmXDlSj0YrDrWi89WIg4JcuiTNANT/ia2SzkS9iiyVHxOsamBNBGj1VKZEL30XOddzIsRm3qH02DvR3U0qYKp3S9NMUEX9RIOk9AWoVBqp1rSIai4ZpgawtKfraTSXNNpQrsse4Vje+uPpcLeED6IjhMDZ0dIctAtaPF7FHG0m5ruG1gQ8qaNTu4ac6maSUq9bnH5d7kIj7UXJHe4SFAi3WZz5k9/UsurbHpCoCdcnhXNzas9NuZoKtG8Dl8CYgIAJHWGiMgf321vV1HKiQtRHch3/MYA==]]></Encrypt>
</xml>


2017-12-29 08:20:29 debug :
------------
String:
account-ticket<xml>
    <AppId><![CDATA[wx7f83e93205d2fd31]]></AppId>
    <Encrypt><![CDATA[EgbMaZUmBd5uHf6HYBEDH2WSvZUJECVtgEu3LqGVlv4gPPzJusyWyW49MNx2he7GKBrWt9tlVORlt87WVC1dFncCWjpbIjTAdn2Q4Q9zO52GyL4l3RGUTG+fmv9O7BpCoVu1l0XsKy73K6B5D8BS3x41Mivev739pYQCB1zjDEKzGjeAKBGTr781AkvMqLalivQ8LmpuOUA20TSLYeeadcWqFI7tPbYvA/PHSKc1ac3xbnIM5XeUMcojVWxyvvZ04h1VyWB2fT/ePUJ8D/jtnXdNSnuIa+gOMF9rU5FhZFe6MmY97KWqJ+sricpv70AROPLx3gXPgjUOmKDEvvtXeEZAE/7L+u6VkGBbEFnXXMFlLrbWlcoxCvV/7mioAevbLC+PvYxLP7vKAMIHUWvtj+tnNr60wqZLIqzDj+dxCV1zj/9a6jkcFN6HzvsBfNA/U8xwjtbUysQm95oysctzdg==]]></Encrypt>
</xml>


2017-12-29 08:30:30 debug :
------------
String:
account-ticket<xml>
    <AppId><![CDATA[wx7f83e93205d2fd31]]></AppId>
    <Encrypt><![CDATA[i7fJzgFzLJz0I0XknfWITych4i4JX69SUnMikM5TN+F+z/aRCYCzkbQk3CYEI3GNcE4A38HwS8PqFTTawGxV1pSOxJVrMzIFGUXFYkeXW7PEcvXyA3HZXcm+P1VocHjWI58qSSg7aQyGxYOn3gWee8sNq+mf9heHe+4WcalhW3WxBUzkvOqlwyvIZn8FxsVV7AwclpmH2A456Q8RmkGHc82iqly4bqC9EXmVO193vYxp/5s1S7x9uTLg5af8h+229pyKAqbR/bFIZOGj1qj1zFgojYqy7R6p1+/oivVlnyqrM65yc13Em0S9jKtIlcRtXl2QLkXpwHuIf1zg3CWkLwTAa2tZAvlRTPlijQ7FVULZwfYtfU9D0SjVCIIR5g6LFFTk/zCBAqBa/78sMTC9bKQr5z//rxP4ktWMSXCND+JVN2NWhoi1cQ1Gk6uphGS6W44AjQfSyUEeqNOMMDpaoQ==]]></Encrypt>
</xml>


2017-12-29 08:40:37 debug :
------------
String:
account-ticket<xml>
    <AppId><![CDATA[wx7f83e93205d2fd31]]></AppId>
    <Encrypt><![CDATA[dDZsOmZRDNr4fTRjUswjaPleRlmp0sWeXs+iMR3ORWDMydIMkmevuRS4kKZYOEFqmqP9qhqd8oTOn75vKWL8OHMZ5qad60OqHKvtFSjGj4jdhLKfYPgjyuzsvEi73RBONfPSq5CPgVFuMyPFlWPLKv4bNE8cYfUexi0rxvcAFzku4UCc/rNkWCEZTGa8wlwmGFcUI2F9m8QcXClnVyu7OWbu/jemLCpFqSjNbR5EiexSCfWtFZVd/WUWqieslGrQF6nG49OmtGgEvX8uDT5Yz8Cv+zhS/8Ngx8zZLi6CP3HN6Hv4WtykYiP/ASB+4xF8U52g/9+OxLpxNoalWDZ7PRKBO0VZTv78hsnKqeN0FPnsEgwfHY+1N46g50xyStsf93rwTZZHGH244h9/p2BpWLK6Hr1BC1FtoY2GRPWgykzEaTZ6OLJOJoEfbB1vUaz6tuyGq3k03YVV5tSX5Xtn3w==]]></Encrypt>
</xml>


2017-12-29 08:50:31 debug :
------------
String:
account-ticket<xml>
    <AppId><![CDATA[wx7f83e93205d2fd31]]></AppId>
    <Encrypt><![CDATA[vDNGRcZ3vvCWB/wO6wjx1x5zVvpiogXqX+rrHAsND7MdVfaGGE0n3UeKMRZc81EHxs3zH54GF7aYN7OJWliB+qiT9QBYSRIVIOxITvvnPoXgC3sykmzhoYG8uP/8qj3b5TPCvFQEYaDyvS4g3yxiOEHnnsNYXzSZ0an2pW2Q5/AOl/oX392rpTR81FM6a8xHVY5rTVkJI7ITZ1pYKzOrodbpoZU9qSbLZPv7l3Sl5xx7SWF6kNfW0hKHftAJ7Uvvb1Uan7UmWzuM138QMQPRfPpNl+KfijZaZhGROynIP7qZh/Qracu74/dUy3bCydSmLrF2K6pHr5gsFE2lvP42sgXJXmBpO9siScWZ2/LNoMC4XfCwx65W09qjdFsEYgiz44Drk+KekpL/wduwnvl33sfzCSjaWeF96cMLkRnjCqCsFPEDzuthArDceY1GG4sD/qGvxe5LoCWOXM/6+XFaHQ==]]></Encrypt>
</xml>


2017-12-29 09:00:37 debug :
------------
String:
account-ticket<xml>
    <AppId><![CDATA[wx7f83e93205d2fd31]]></AppId>
    <Encrypt><![CDATA[Vb3+k+yczQtvjZqO8hZj/BSxyVwKHid6twCJI3+y9JaSd2hd5ncyJ4kpSW6TID6VifdE0GlXcqFt9mSpQTdsarGSs0fsrGInT6XLrMMXiAG246SMstX/NHp88yeWlwkWD1/xHmu4aW9gVIwTFFUaMAOqBkUt9iBcXr3s08xMMmQdFp7QzNFfCnEYANnvlJmCqKwXzvaVF4NgacCA8z0hWHy3PWqZlygVb1wNuJC0cW/6pHrdePGFxa3J3l3x5y0hzUQgETo/1p1G9Fsr8yQkYW/Shb1tuXM/ZxMd+3WKgc/0FoayRTSsyHfwDnppHDGQxFdYFdLoGpY9KVKzGGjwZ+KZFBOgl2Ca3novqzuoavWTkLTsjMGjg9rksQdEfBU0+/MLUw4KWHpHZqpuB+l/0Swwdi0nRtg9Dp6sYO6MEUSybbjviz6So+T52iDcjZQR5XzuQ8reYpNR71h9bqtNhg==]]></Encrypt>
</xml>


2017-12-29 09:10:51 debug :
------------
String:
account-ticket<xml>
    <AppId><![CDATA[wx7f83e93205d2fd31]]></AppId>
    <Encrypt><![CDATA[6uZ0/Vo3VkJGTBcnS8nZc2KqyvYnP/nvodm+xjYwoqgCIHtcnEmxvgSTL6SW1qmEtZ5zTn+XXC2rMAW/X+aKH40/r21916bFJTLXvwU33bcqIv3kmz7BTzqe0DGRftVd3nEulukvwpja+/Kng7iVSorM7dgqSsL982yhxNs5Z2JyB5KplCk/D8oztOfYMKq7Esly3V449iYHHOEAyLPc+9ZVtKcEctxqnV77VNGWX5tEIe3+o7tu/cIZFFVMmQbO9GqeybaEtYEljBT5A8UnNg3cNFmstzdzQK6xiiyp76PiIK5y0XwAeWvx9UMKXxtj/DqcYj8LkFvGn8de5kioeeRgeZkZQnN2kzbSX4j1q1wv5L0O0oIp0cJ45+HbPWDVcUi+OKsIaON3fQOBKABwGobVScb9W814R6Dv017asQtSvgbAphaJXdkCAE6oIUl40hSaPQjQ/aPXmc0bqL7pwQ==]]></Encrypt>
</xml>


2017-12-29 09:20:54 debug :
------------
String:
account-ticket<xml>
    <AppId><![CDATA[wx7f83e93205d2fd31]]></AppId>
    <Encrypt><![CDATA[5JJlSUonFTwAc4DncnnqiWUN/dCzKG0iSbMlc+LwW6ZE/Sy3swCAz80YfXpCCdsog/AAxVNjFBLXZe27X6SbVhE9pLO83qs382gVBis+Oo8fKVQ1+knDGiIj9ZyEHqCpCpvi6pEX2YIFXiRO/+8VmXtsIDD++sbPmVMfOZq1xVXleJrIRoEaqQOeqrO1v9lt1aaDlQ7gdXvKqjOVzXjS5Y5ZhqEOSYtIjxvs2XWtdr8qNkaaoutAjRtjC6Uy85lm7Aj2njHbURIB1tH+OJmO+wFdcT+GnAJQnwdVntwBl9m6lwAMkWjkWE03cMHGLgYsHFAn1ji/6lrir+xwgfpXdabskvYnWiQY+fQyI7jKU1d+91PvxSpdMs5Trh9mgsm+nliTlPPhOUeXDqemWK3KkP9rIcFXAv6vmEgZOA5awvG6ogk7WM1v/0H5FoOJkIMKsYxBEhxtDYiofwe7GTk7Ew==]]></Encrypt>
</xml>


2017-12-29 09:30:50 debug :
------------
String:
account-ticket<xml>
    <AppId><![CDATA[wx7f83e93205d2fd31]]></AppId>
    <Encrypt><![CDATA[rzUVvHHY48FkQdo3tTqTNhnDt5n6UM3gHpmhUhzzal1jwr7qnVmxFm28q9wPBBrgyF1Z2pFPzq2K0L00wLhIdcCHTjcqxas0lH8xy9k9ZlA6c321un39BIreYPdilfw0OaRRUFCtT57TOXrnqfrPgLQMPSCLbC3t5sTCUDoyjrk6boiSN4udw+KeMH8G+IolRoSbpqZvn+rz2ebDC3b5MmwR2Yub0EeQ9KagFO0yGewu5BJT+5+DQFpAZ/izrQyW+va0urVdk1pXQnGMXOsWEerLT453L/ddbLxau+l01iCPrOAS4TZssHsFmY3FH5ypR9V56P5wyzH+BZ0EvB4xb+aLIR0Sru383NA6lhwHtNnPxRFZRreH2qLU+GyWtLCZJNwWD9slbiC4H+ZXou04VPHmaNF62lDPxbTKZ18EnAfzz6bjWecs9eUxTrI3Ov79QvYomI/eXiS6ZQ94cS9ZQQ==]]></Encrypt>
</xml>


2017-12-29 09:41:01 debug :
------------
String:
account-ticket<xml>
    <AppId><![CDATA[wx7f83e93205d2fd31]]></AppId>
    <Encrypt><![CDATA[nvPkzslq4ENGhZ5r59GbtsilHBUO+oqD9qJQOLMzJ219LgaABLNc6I7C2cVfjxtAoSKJbaDpPFv6qdS/8P0+JmZATEfCQydwNqbjshkG0fQHSh9sU7fhQNeOcPD4sLagE46wAovih1570Io2Wzr5v4Ksbe23YCE2z7V/I1trFNX2aFUKzV7xPOssFiUXnfdaUh+K6EKEo/jvuwNofgLVF96J8hiKFoPm2+5k/WutU5ER3HJ+Q0yLZeS8cTRAdb2RH6xrXIgG6VBirqC5tY9pZlpmBl87RoXQl51PoEFFn3pzLoo4Ru6QHaBscW5DHtOwzgjuYjn9b87cja1sShgdlUeNc218XqmpwrtC0iLtwxTgc1iMm1wjOEeN2RM4G9SNAsm52aXykP9HBiTQEOixpA6jJcf9yXFQ4SDWRkiQTS0dJmyLvW6v0mqGmg7iMbTOwPLJMDyDi/zKX7KalqxZkA==]]></Encrypt>
</xml>


2017-12-29 09:50:56 debug :
------------
String:
account-ticket<xml>
    <AppId><![CDATA[wx7f83e93205d2fd31]]></AppId>
    <Encrypt><![CDATA[DPm6FCMPTLTiXSTLwag+7wQQhuLAQR8nP5Fkiln7WEl9vQh8qYQN9TDOZe87k2yD4cEnhqvErt1zPImwvocN4SVCdOlQ/8Ni80n5NS25H+efZ0eG/I8+TkW/9la1btuk6715kNkONB2y0sA/7F24RHKyKSvzhRZfufKP8ppd9DVkvuWvCnuzuos7ckmKNJtaeAzX85F0qwpAOO18oEg9m+oELbbSX5aebqhrylFu9fulLAvEdCVOHVa0NK+zPXo9AV4uqIsk0ZNszX3B/hJeSKxZIb2AJrRdo24J0JxxH748yXcIdMOWuZS6mK+nejyot3ALpRIhVpsXarnEnMDv3+TNIi8TTdG+KdnYyIYQlqKNkJXX0RzzJT4knTSwCdRgxKVa0fGomSir1USJMXRa+O+ernfVDQA+mJvSvQwbEzLcV21vpseqh0eNrhxl+QxxN63z4rF1Ab/XyYKDdUxGhg==]]></Encrypt>
</xml>


2017-12-29 10:00:59 debug :
------------
String:
account-ticket<xml>
    <AppId><![CDATA[wx7f83e93205d2fd31]]></AppId>
    <Encrypt><![CDATA[rhYB9zcsZ6VipObZV74ZYmE+AA6bQSTtcHXl4EitWeqs7+iLvl491OlC6H6GVaf9Ei5JstXSGG39mx5wXisDpjOe0DKJAACvSgXodzE7XWljs1z91Wk99i3HH0iX4OS/6TX9OYphGvTUV6p0PcLjyHz6l6FSK5en53AoF64Y9BxXY+buHpcov6hrAxhhY8gRgIIZRAW+xz1DH8qDThkJeXkDR1/hz50yNKgUYNosMykOWo1LHM0I/dDdIpqO/8zlbpOUB8gpnyDTBTSZ1tCm8rAYNQRCB1X49UUIH2K/GVkKMXm5ynETk9KTDUA34PeLZb4IU/nr+rFXba583Jo1ZDAVCs7h5H9JqKq0sAwsYFJMTUKWuiKBfJXrkJFbxPrpM6iEXs9RsRZbZLlIXhrrHPL5b+xdOSAHpkzT6tXoo4o6IzEds5BJpMSW0SjBH/nfC6mUWJn4q1z9CWlGPWsCQw==]]></Encrypt>
</xml>


2017-12-29 10:11:10 debug :
------------
String:
account-ticket<xml>
    <AppId><![CDATA[wx7f83e93205d2fd31]]></AppId>
    <Encrypt><![CDATA[KHOgER6iTkTHJP3ZqxzwQYHGe1px7Eh5tUNDulWUrXa1BZukY7jn6VrPoo0Hi8PVmp88rmSnudi04LsV4cAU4wBZG873ONAjsh2RkS2uYyAJKnHbVWbEDVwakhjmFetPnmGpmFgjF0kX3bKrdN2Afcxp8enXE80XXcbyenhYZPhG0XpB43rpLpSTC8eoE79GryKMyA7ch0hRnWmKH8AbooL1tHQIdFVKHmCRh7jkmZ6Z1ZwUbVi8pJPB84pw2YAHu2yGWmfBz3XSdj91SUzp/qRchG2l9Fslrwm8jXXha/KQgfx7yzFe6/rjfgHRZRFmUMi1059otTYujeiK7K541gcNfdMrNJ9yUZT6AgC8oQn1HoZo664uOS1ib6N5EpxmwFLW4nVai5C62rKrejXKmR+/8qR6s8h7+hTMft5F7BUr1Qm6kfBlai/yXJr8Swyd4BOTczsA+BLjVEnAtlwPOg==]]></Encrypt>
</xml>


2017-12-29 10:21:02 debug :
------------
String:
account-ticket<xml>
    <AppId><![CDATA[wx7f83e93205d2fd31]]></AppId>
    <Encrypt><![CDATA[yFF2TDEb31kweadmsFETefESveJuBBcfNDdftQRIw1L9XaHnSqQC9rP27smcrB+PKKfEw5K3hKm2AlKUeUkyclMfMyrM0qjdKa0n8GHcKMFYX1rNARF3iRfa5BGXriqdBITirzcs8ZB+wxQiVy3P7ePBoBiW+ywBKyB9LW7BW6epZ0Tdpz0Z6DWxqhj6Cj8eBNtU9wUa9f1gawrc6ZuR5n408JjLbtSEhOcfklBXBs+FfB322tvbslcK/MDos5xN3/NXD4IVcsa4BD/6ProOP4w12FT9wnJbNtoEx8wAhEfd2hG/zf3hXvAq5zMDIWRYhej6XWo4vTY0NEtnyuNF/vYjIhopI2uTGnn3xFzQdoIoPLQCZv9NOobL9uA29e0LhEIQ38jpvXM8NjKuIAqmvVw2yWhPOqI2mQPbdD4FGhehSU+ijk9VzKC5M/I8IUGx7bCj0XXGHzTo5ksK3x+68g==]]></Encrypt>
</xml>


2017-12-29 10:31:11 debug :
------------
String:
account-ticket<xml>
    <AppId><![CDATA[wx7f83e93205d2fd31]]></AppId>
    <Encrypt><![CDATA[GfP2BgarZwZd3A6gugIADbhvFOwGMqvuWCRUF1BRJZwPdcnuTqu6c6zIym1HiL9oO4q04PV33OSA+C+WHD/r/bqV9/hXUDHALeIHlyAk7sFjeStOJzu6KH8tugW17YSHJXMkIEaNJokl8+NQGF+LAsbvgRM/2rWCly7xK6kdwFaRL3pWOsKgqYwZrFEO9estGg1xjv4X3aZDhBjHhRqwO49OCVJVsT/0k5dVlxDvOn9CbShM8McRhF5hEPpEJF9sGNuZzyFpZPXBzo0kj9LENSkHDjd1MKSmlsDm2yZa8H0/KYSlUd095s6BkWEOGIrb5FZcYUg9NoxbuK7JSZz2TPN2mOFnRuE4js89n5/bIeBnba8NQOV67Uu9Qwk6zvwsuDpbLxbIESv9f5rAEKjhIjPhORdVu8gaTzYLSxGnqP9DrQfl9TJAteeo8hINALD3gCtiKmBRojOScwwM4Sazjg==]]></Encrypt>
</xml>


2017-12-29 10:41:18 debug :
------------
String:
account-ticket<xml>
    <AppId><![CDATA[wx7f83e93205d2fd31]]></AppId>
    <Encrypt><![CDATA[kBmDRcoj3LIVPZUOCr05RsJtBIxxyFwLtFk4K+XHF+81u1HlbYiSVzbWfUBzQadgqwd9H5CRnVXw5xj+kKZDcja/n/yLRJFIDFwF/vZt73IJ09Hrn5ePdI1T/bPPTgZJbupGqycDIaH7hVfpwHCOedjBwgCdidLifr2Z/rnwG1Wt4NZiDPkh5vq83XSyQB77N74g9/BqUIllbXSjYHxiSSUKLYMOIwT5MynNmCm4LtIAogF60s6gd5x7QSFFBgILlv8Bhfgs/BwrPofpadOWeFtPC+9mGLbnnu8a4xmpPFzF6TU8qfFxL6VxtLZumJjcPzttlhGq+K9BhUmmfXvWSY/3GbbsDG6Whkm21K+4SbwVwQ+dyDPMBx26VKR2PGQaBy/5UC5A8JjK+m9MRoOxe7k1D/nmZLnbPKrnsFAnM0fDhNXNqL7I20xqZoPQCvAYo1N774brO95hBYhpUQGfcA==]]></Encrypt>
</xml>


2017-12-29 10:49:42 debug :
------------
String:
account-ticket<xml>
    <AppId><![CDATA[wx7f83e93205d2fd31]]></AppId>
    <Encrypt><![CDATA[RsHuE0QapW2MPXLTjWw+4/E2GGhnz7y7MOvJCbmYlo0ojjzo7SmrccSBZccAF4vwmDMMa/GqOBQTVzujqvnXNKZcbrbZjYqgCMvj1xzXxtN6FKG5fZgSzDOaKuq6QM76xz7uOhENuB6QKqO+iJQn0lwsMdRPsZ+X9LS4YdWV3lVi+4GwUs/1MIpUNIh9AFRtRw6frxfDOzlz0REPNKGBHX3f6QauLFIyzmk9W+C2RCEYDVBK6cswVikz8ZCxRxHMePW8lkeboiVSjwSwGwTxAgrWDsYiyZN8/tTMG9f9Y2v/s40/no23F3bQQWTsF7t0E8duBXjtXQkCJZSOeOzNzL9hVpaQ9KsBGhd2r51PcVGBrwlgX2yfwzQr0jEAFOJFfwuGbm94ZulFUjHravqSic4JGZpCxFQ34dnYOa9zxtRAxG4IHd46K0DqNogGsuxVZetssSGpaH+MN1SjJan+8Q==]]></Encrypt>
</xml>


2017-12-29 10:59:37 debug :
------------
String:
account-ticket<xml>
    <AppId><![CDATA[wx7f83e93205d2fd31]]></AppId>
    <Encrypt><![CDATA[+5aDdXaIBxCLRJfWpFv7mD0d2E4715tbNcI/mT3Ysg1SiXecq3FnptI2ID9E2TMZ1fK+c+2iycqaeCyg6IjqhnxNuA230k4qfK2aV0zhqWqaMMFa272Rryu6k7FIiLIp2yS2XtAgZ2ZMZm42qwvsTZzZD1HE42SH+IS5gnWJyo7NQ0WOiiD0w1Zz0WaKTl0Wg2OSSg7B7XGE6onw3/Ab9C2yJnGxlpDgmQLlCAPY538XY9L+XZt6e/SZUxKURc25C7hHohDYeFMdy7IewwAhdHRlNJsUQxdaRCF2qJOxAUJi39hjwfFULloOHXACzX6wOdsNARLX1kd9Alrx0iJYV/4xt/juRbhqNuRGT7DDGaZ5s1fsWidNfgvOPkDpAdfM9zdTLtSUcJp0DWcSrF/Zj0hLHx7SWT395yzXEhTwK0mSJ7jYM9PhsgeMRCcRc4j88kMhnksDd/KzexjynnZKLA==]]></Encrypt>
</xml>


2017-12-29 11:09:50 debug :
------------
String:
account-ticket<xml>
    <AppId><![CDATA[wx7f83e93205d2fd31]]></AppId>
    <Encrypt><![CDATA[X5fZQLd/tKRjhUsas6DYDXDepviFUR3VTgPhsFVbi3dpwgwFOl5Gk5cAWQ5Q/um3A3HoEZOeQETV71avHRyM5zNbQmV/aa9w6anmgrzqcuGNJbrECu03yYtyMkruEPJZMnTeT6A7r2VWtstD8Mb6NYtl8QcEgcw2NnA504dkn/F5m2OVseeVYQJo/zDvF2NHks/4nigIyO6lcbBhPKjtPsM7FXWf22knf+7N9aeYjwHiFl/Mwu76M7AeO3l2O951wYEhLm6YaJ9w4CMtav3AspKm4Y9hbdqZJAtSiYPguxcwy6k3H+BYa1y7PdrZiXLD31XbjQuAJbxF33ZqqN9DOxU1K3HqjbQApcpVsx8EnM+p8E3qGAzw4RGJMUS3tINv8co4vfAuv7rob0HcdCXJI68eohDXFok6T0VuuGzUazQtL+l1xH02dFYaWG2tOJqJ72WNW28v9Vj+0BKB1HS0Pw==]]></Encrypt>
</xml>


2017-12-29 11:21:16 debug :
------------
String:
account-ticket<xml>
    <AppId><![CDATA[wx7f83e93205d2fd31]]></AppId>
    <Encrypt><![CDATA[Rn33YpJ5Gv/P7NuSh7HqZw0U6qOJGXDgvhOH8TUYW77LsueYH470KCwfH6ea8mzz4ax5+QNWKLaqbcs3ZEID1e0FK2eVqs7/DrXm6KtBUPTn1LWdF1wn4PVGXz2D8HbZaCJRmdF4cJMfZ/S6QjfcGfgZrNKysLJTi9JigSIo/4e8UFez1n/EwsP+EHPHxuhcqztlydL4G1ae9KlDG7sNhd8mzIbH4cu3KOJZJwPmf9tnM3gBzDIMNixEKdmBcn5xHxTpaTBnqoTMQWD6Vo/bBC24ydmTRFJ0yoXviGArluq7Ceau7MqKNr7V3tr3uvxAFXwMYcMgKBHy9chHfhc8tVIzv2VM8PMfI8b8WBxpufxCpzvR5yugbXkmmlhDiHRHkTdX+SH0OZnC1ve8taeFFjARsJxN9SaWCKOLHREEQ4GPkXkAy5Lyl6oBFFyBNviC9ycKfLI5JxyGfhKGxEPs/A==]]></Encrypt>
</xml>


2017-12-29 11:29:37 debug :
------------
String:
account-ticket<xml>
    <AppId><![CDATA[wx7f83e93205d2fd31]]></AppId>
    <Encrypt><![CDATA[Z8Lp2cKJPXXkc+lBX+6NPmxXEly4M17CFe36fg7XslG1kQFYkZBXVaAqDogwCTRdvwsUS41f5riIBhIrjUjpr7On6uvHZrEneKovBJroVZUt4nTBNxQ+PJhZqsYxewUnwle/Y4N7hsswBvNhwbadrflDVjE654Ok/vBY3lD8LZteajUCbbWGXwcaLvsOWlfsgcf52YNxEqik0/dxkknyzpAGM9ryLlRzKBoEyz386YpZ843UjLArqGPZUuERqFF3ivHnv7PVILc24/nwb4XLKzHwnDpGJULb5/LFRLNk0VXZKK9Onv604vpMSlR3syx4gvV2L1z2xw+XP7grUv6NoQCiqpIbk1DeYA5SIvH0SxPdNHhby3KR/TlFdQHzkaTxJWHogw1UO71kl8K8t/ShqC0/nVhW94e05V1qcvaJiLMep8hgrGywfJe1DnTtHlTBJKJuIuQ99VCVp5MvMgwlsg==]]></Encrypt>
</xml>


2017-12-29 11:39:39 debug :
------------
String:
account-ticket<xml>
    <AppId><![CDATA[wx7f83e93205d2fd31]]></AppId>
    <Encrypt><![CDATA[OAkQfiC8cglE0vLIXBml8/qA8imk7nmWyj/tu+lbnJ4H2fnPARMBBtBuZgfPttLKKENQHDfM4FasrkgahABzP0qzszRYftL1shdo1Qi1Sgwnpg0pJk1tQl69C+x1X1SdBec00dXFGARQs1fyURKZICptBgCe0+XU2iwcTA1DAAie7Fun/pcYya7haBVRrFGV67fiJhFhZ7h1Yx3jqwWjFzPplfEVXh680rAU+0BpYmISQ5NEXLpqDZNZ0rr1KMVY9BRAafO6JqkShyFEeGh2H4Q21H7NDvjJH296miY3+3ioFJ+zt9voODx4YcGNw+jS23/UBiGgMXfwSOHwK2B1BEMIRsEObuguNY4g6NLGU0a5KoPTYdtSMLe5K5cXee8qoWd7rmOd/+zOQM05VcuIDrgtEnWWkbXJZL+QusWiGnYnuFG1h21rvrVpTUEDd+2pb2JRqHx7naasL9txH18r6A==]]></Encrypt>
</xml>


2017-12-29 11:49:30 debug :
------------
String:
account-ticket<xml>
    <AppId><![CDATA[wx7f83e93205d2fd31]]></AppId>
    <Encrypt><![CDATA[wo1QS+3QM6pDWksJwDC4YsyihCE9jtcOZ7YZKFgdG9zP0qoV1BKGBpm+F/OzQxDYsjOX71JedUwLYsvsgggH6xs+LPv6UaAUC48Si1WEJIPadm0SvusqlqjXxLaJdAlJCCuGOj4Wn8RLgLBjoedoWp7O1vKIG5rIEe90MUXVwoogS1/NNdqQnuHgYVau6rEX7xBGCvsOc2HEelAfmK9lYIadbaV6Vnxrqz+b67CgNPKJ/znRnKm1P0PMT2dlXdEAvf3KDvskbgAJEqtaitFxHteddJkhtR2QT4dTWgXEro5sQQPd5r1kx55TFLQi0mCGtyqYWqv+y1maMtha3fcNAr1z0anU/BCUSFVGCsceybMXcv1CqCpLmtDhEJ1GdumV+uy5fieoaPlftbuvQqteU7UR/Xpe6lRmUcxv/hXWQyk9AP/wetBKVHCTQkf5GnGyR7s9l2818C0DZp+jv39kaA==]]></Encrypt>
</xml>


2017-12-29 11:59:14 debug :
------------
String:
account-ticket<xml>
    <AppId><![CDATA[wx7f83e93205d2fd31]]></AppId>
    <Encrypt><![CDATA[EhtsS4wJFdKGIiZmBvGQ+6pSUA2UJn1AE1oyDbBiobhisOj34x0TVdwf8LnaLPgjHnSefu0w90TYOAu926QNM15/LWtqHrHeHzUaI6Hcs+ryyyt1we8yB8J3e2PnDQUJVdIGBbIYv8JS86e1IMc4k+QrCkA9sWPRfKKB3nhPGmOc1eszdmDcWzpajn3fAH81biBhnzYIXBkMVdKhna+loHVD5+JHQzMRMBzuCP2dy6UartozidvIO3wzKEdnymG0sPjSTdx6FdmLa2vbfBmlEnSskmVCyRonCn/gZfbd/cLQgv1fhLMslY5d5jAJhZdORTz20RCD4D9HhDOgbuKerruZOeaRCsvB3RPlEZk8nTefsN0rQWnvoejMpXyNdzpxyLG5nF6D68uJOpNYDw9m7PFCcnQf+onQgMzFPgb8LSzcbP06s7nZ57BLnUMKbDKKrVW3/6I1jRCrSRzVnhaU4w==]]></Encrypt>
</xml>


2017-12-29 12:09:46 debug :
------------
String:
account-ticket<xml>
    <AppId><![CDATA[wx7f83e93205d2fd31]]></AppId>
    <Encrypt><![CDATA[/KGlV0QCiVSt5DaYhdyYbGoFDbzrH8N6FD72qYRaXL9lsA+EXunC5RDnKJiyDWGLOpRyt7NSdIJ/DJJ0DEOQ860Evtnrq+VmXy4q4qK04ZvVV0NgCM4WA90QGGte5QE0qeA0VyDpHw/+566b71V9uOeZLiGKIPzNaiaAh6K+SApUE71CNttLXOBFFh8cATcS/EbMsi7H3GL/d1Wv0hbsNqL3Hf8UErO/JJ1Xg15U17nmMaN+FJqNRqTke7hzASN/IjyoTpbAcJ7kTF11WbVJRu3jQ+8btqXxXuryL+RFXuGhQZaFY6O3MGiPjhwdlgG5QhKCGPdNE7xNiXA6ejMIZ1W1mSHzgNxFUvPyZ53i/1jmYmpM2voYCMqJycWLktK1nVTPblec2f6CY/OaTSo2dX9B+rR2ZBr+SA7Qfj+vI8vth8irTum9P/g/YDRG/AfF+Rl4qOFqEdgE5b28b3bFEA==]]></Encrypt>
</xml>


2017-12-29 12:19:25 debug :
------------
String:
account-ticket<xml>
    <AppId><![CDATA[wx7f83e93205d2fd31]]></AppId>
    <Encrypt><![CDATA[MLSIzrZTGZ29tnGOYyH9XB4cjg1oK6Pj9cI06bkJB7kFu+eWoyJURn5A7n/vM9GphMBse37pBQrukq2T2pqsiSbGRVtbuUo+fwk2kyPvGTPuEahAcO7LRHJLAp7fFv9z3upNz3sGAwE9ibrNpwgRdvGipGkU79EFIwDt4kZWGYK5koHGxOHjMUgq9Mwx8T+FogXNduKmR0Hl6zJ+m+oaxZ1tlWfIGGqzJmCYFuQfTytdBRoh+FSl0Me9tpUYVqRwK27f0KBSOyLvsh45rpbCMxW5YJtG6pgIW4CbLG3a2y/f4eJrMwDXZzmpEAYsEnVVNlRSVmAa08E3ed9zbOAhh9hLIgDuSREBdJyKEL+OYvPy/VlbRJD/t4gNxmURpz9Iovl4OtsPI1fq9WC7tbzjuIVYh6CL8dP2qy+t+Z6orL4Nru7T4uT1XuCBwAv2tcaoV5q6TEX0Ee4WhWD/jUBCvA==]]></Encrypt>
</xml>


2017-12-29 12:29:38 debug :
------------
String:
account-ticket<xml>
    <AppId><![CDATA[wx7f83e93205d2fd31]]></AppId>
    <Encrypt><![CDATA[TpwvEsRsHfmTrorzQMp9mpIvDvQTablomPQWhX7PrLFgtzAQEhZGcmsMkhyP1S58hTtjyadmYOuLpK5Q10rS7O+BdBLTOjiT9c3wFV1sWiOdRlFTvx2c3kS8wfF7o1MUNjpR+vbNtbk4LohwjrQTE0asav8MmQwBE0Bza2vMFZPui4idKIW9OyLF98KA/ab3v1aYkUCzO7SxaQXfvU+LnoDlpqAL7LiYVjrbuntepMOkf9dFpy1H6NVI9aH/tlSXMbv22ZS58SCcDJ+Ju6FvMzVSh6/JV5St/HeTrXD3WCXEeuM8nJqFfyFraXeR8en5LtjDHvisGFeJ2r9j+T75lqx+/Vwd2sLLa0oMdrZQmWYNpuSaCNvGASW+F1c+9Itm6Cw6mD7xGAlbPpKyPRZdfBXrH5uOx4A0Zw5lb99EbX1UKw0hrHWFNeHsP1cdXV/L3vj2aj1YUr0PO8NtoHJXug==]]></Encrypt>
</xml>


2017-12-29 12:39:28 debug :
------------
String:
account-ticket<xml>
    <AppId><![CDATA[wx7f83e93205d2fd31]]></AppId>
    <Encrypt><![CDATA[VUMEkcyDoIzCgXY6KyKE8D0ThRuFfg+3+Rjwg4MLfJ/04z0bARLwFH1vJ7dnVft7KmvTWTyaaGDa97N+gdOAdrSPzrKk9Z1IBpyP8ejD5R9vaXG+GKhlrYLh2jsyz4gNYhmKvtlyR1WlU2bo/5lj8xPRJphIa9w2y5U/YPtpo23y349PA9syLLCL0LvNvgo6j3PzowmpbuerW2RAFBZGtFio5VfFPxOs89rof9bzeVx3YAc+yXwcC8ZWOeAggkmFhHRi+akFkYRPKWDHuEpD7eURH16a7RTag89EW+cGeUgPP9oFu2YOKAn9zqATOHKh7YDNnQijrQJqhRZoqYzjAyAPPXV/B9dXR9+p7HbC3rQEqqFTrfIzH92pDN60tDBju97yrae9FL/8Bepf1VfnC5fK+fECRPnTPfdhdSh6keNRt1k38gt8hIdZ+8kQ40UWICT/WR4lv+fy4qdbtBF4rg==]]></Encrypt>
</xml>


2017-12-29 12:49:28 debug :
------------
String:
account-ticket<xml>
    <AppId><![CDATA[wx7f83e93205d2fd31]]></AppId>
    <Encrypt><![CDATA[vTPzQdvLwOJA+KgETqYiAUU07j0SJ2SqNVKELAakLSRkc7RJVMzhtJlbr6nfkY717ZHrQwD+BrlOXnZhT/yxdnhnuWJtg3qdMs9F/fP0bqlcchu2U4ym00DAX18ZJl1i+HVB4icG5oVqvFw/AQoEn+9Gz0yCKpdz78ivDOnqaTCnpkAweIorX2Ea6v0DCxL7YS2M9i8N0aC25x16Pae0JXl8V4852c9K6kE2UCx6S733hQTOllQU+4Oukpz3L5a7E5ChkbRKmFGoUESfB7CWzGYQ2bnde2VHiPHrekNymfqccNeYWF6mbYfchM3Txizl3E/Ke+SfxysjzaBVzLjSXBllv0OAibVhy7vQYOrJrMdr1zLWe4GcEtHpll+JmwVBO4WXci+bVIS4wvcao+0PRPi7hZkyaIWWstQriCHvuZz6PNpTHK+1P94ncvCwiU3N4QwqSntcfIAJRmyDNNs2BA==]]></Encrypt>
</xml>


2017-12-29 12:59:31 debug :
------------
String:
account-ticket<xml>
    <AppId><![CDATA[wx7f83e93205d2fd31]]></AppId>
    <Encrypt><![CDATA[SCNaMbAdUMe46y4GC0e/O7x6jJt24DedCN1n6RDFajSoWukOOaL6wx2ay+RfxuyKkgvW+cqFJZmeFc2ORFB64KLGvfGNYk0WGFC0IJaLyJrmplhxIs0e6iCynVV7MuzXgn848EKMuI96R5A0o9o4MQzcWxGOXg648lO+QvNxpQUGG28SpKJ/8dFQLDllc0GiDmHWWN3PsoCmsFkWzaMBfJF61IF3CNUPGW2Z02aglzgGaWwrQxgFB0WQTU7IE/4cHoUqEYuS6Vc0mFJLplqZ+J1nIV7hPVCMggQx44w5SIXlujb3Sg3gm7dBLWjYR6f/8gsykCmAsbW8UVW75y2ZWPIjWWTHuSUyeIjtnnA4m8+h4CYxCr7b08/HjBfSUPoErps5F5fAaRHyMIhJwxZIVe6qKx/XMZoGxy110ulCayHQxwTYN1lbO0y7JpwdRXrYjIAxfB6Anl9yh/xMd4tvBQ==]]></Encrypt>
</xml>


2017-12-29 13:09:45 debug :
------------
String:
account-ticket<xml>
    <AppId><![CDATA[wx7f83e93205d2fd31]]></AppId>
    <Encrypt><![CDATA[wLccizxtf0Sq4kXJiNwWXheFUYP35kcjQRjOTFPsrD3Lfz8LHRvmTYbeIy9IELXU7VKBvPYhSlNlqoQk6WgfrPIOGpbw4VBPiXW+F+1enQBHOKBP1rHgnNQuHGfd7QRliFtUmSUkVz3ZLbzv+igxt34mRHp5+qpGalFtdCn6pUVn2/Zd5N2qBvwfQIfu2NE2jBG5zfsn1nLn4zO96kVKMHkm9r5D3kGIOGykWnDnJP1l93ABG34TRLkeRxeYpCrsbK+au+WC2DX+EdHED1kojwQVVsTtcnRyCXkbDkq945Zg6JmnjaRZIMswVE8mib/6i05ENcq6GYHqvXqEpNf0P5G++va5Kid04jcgm7bdiLrzajQembWoRIUeYuL8AwNng3D/OZ3cDWs3nga9APIJPvJOgG6R0B+JM5LmumGV2UYIw8Hb4v38V08TUq54MwPAjsJ5qX/PEjUreV0FRMizkg==]]></Encrypt>
</xml>


2017-12-29 13:19:31 debug :
------------
String:
account-ticket<xml>
    <AppId><![CDATA[wx7f83e93205d2fd31]]></AppId>
    <Encrypt><![CDATA[a9ELFJRWpoYVXsWPl3o6vvAfOM0pT1Fhj9vEc+t21feNL36h/N7wwPFQESkuDzvoWxd6VI9swahE/jU0xt2zd6+LN9RSiGxxTyz7sV9i5CgyOia01UiNEEujKigG9BaT9w9w5fMVC+jhe6HGrdXURTw60QWd2PSlgl6WNpOp2UUxfVlnGdQDKzbQWHKmglVCwUOhtH+M7OMghyCLDw8VRBo1mZ7FR0xgMhk36ItHXAOJ8l/vSpGFmpKYhq0prUJcoeCE3OJtkdqpCJrx8TXcbiNfyquEF1rkHlFDsgQMHZ79p3tRZ62mBIRaoF/RdambTw3pz7RFJeceTtG/fagUoyZClxea13+XQIsPZPyk4ACKpOkLlteaddokVChFGl2Y2nEM5ltw6ig7+Gyym1s3ElBPYJjn+Ib+pX2+ai65DxVy2LpWVOPQ22QekgZ+up6GO8LaoSB9Ckgt4GKd7Om6+g==]]></Encrypt>
</xml>


2017-12-29 13:29:30 debug :
------------
String:
account-ticket<xml>
    <AppId><![CDATA[wx7f83e93205d2fd31]]></AppId>
    <Encrypt><![CDATA[V6JU6zUhTBIG415/Io4W6jQXzIaRvRfChycX1iyYSn0blNSteH64mod/LbKFF0FuqGZkpOYJ5gEoP+95BCqf7QhnXg6WOU2CeyApGcu0prDExEG0vGz3CHIucAX/XC5gMdctBAi20UBcX5gaSuYDEOL/rIK/RAVm6ANxSaAOPky6T6qxXqZfrxH7tIqFdhWLDOBbRLFYPzSVBTjCCfaHtzplJHsGmf9kxyCnd9x6PR/lNEcAgnx+kHeT+wHQxQM/zN+ZUjZ1cnHkGtG9AZGh+rDB6K5pFSgtpMx0qydABfac39cZEHYhPtfXt878Ri/qZvcBvpgY7FWM4ctksMbzOaDoE6ZiQTTwbUcNPJ+naYpy6iyUg5Jv0RDPBLBQy+mm+UuBtV/o1v+VNahZvFXn3i9GpFp7o26PfR6P1nGYIDPuuyMeAnMQXvqdJ2T5j/IQ3zMaZCPKNi7pHhI3a7q3Dw==]]></Encrypt>
</xml>


2017-12-29 13:39:20 debug :
------------
String:
account-ticket<xml>
    <AppId><![CDATA[wx7f83e93205d2fd31]]></AppId>
    <Encrypt><![CDATA[QqeOXDs/mSlDDb16twghEuxv83Pkl/0wvy1cq3ycOevmWXgdg6sN5ITQQt3fURGKJE7pfA1K4hcgEnwG5nhUSTkNlgScaTPw4qL2IFwPm1y6nkqlMQd7jYWTIJhFNNzUKZt+ppTZ92oxPLcnICCdI4uTIpjecE9LDIq/LO0iPBRvWO8yZYXDEZ6c9yrI5GhcuxiwV7AEog9S2qjrxZi0M65mYNCKHJSBDtdgXDs91BREW63C1yE2KxPgqfyGgk7lFcXetpgrp3uHOh64X6ptxHO2PtjNLEgXFUjmAtfrJ3ilZ8pmooYALCHIsH/z7ClWnFM4bMsF/iP6VFcGLgjSFC8wbkP11uKGLDxAVBLqut47OYezBvHfKi2p/9L6XZpkS1WC6yR5QG/j3MPm8JK/LCeIMp1wiZ3oqrNpVbtwom7LxHiVRzgWv2HdY8YwLJLbQZ6mACa1py83i+e7NlCmzA==]]></Encrypt>
</xml>


2017-12-29 13:49:24 debug :
------------
String:
account-ticket<xml>
    <AppId><![CDATA[wx7f83e93205d2fd31]]></AppId>
    <Encrypt><![CDATA[6Q8nyFsvuakTBrtWSpMgsG7XLU0K2rtxSKEtV9uHPcl1BhFSLOXG7w5lLrrddX9HxCBhHppyz4DtyADxgkxDuZjZVHArIT+A/gw+jLGBPpBbZXKk1ipCWL5F/B4mmi4nXdkeSatQddQm8H8WpfEqnbW7EB6wXozRwiSZg5B67YGVe/9VNg4qabrXk9dxigUwt4lOtMPsLGAnZDbEiQdP3BYIOIMPc1D010hVBoW1yF9li67RsswCpab5EgYRC5H7xlrsSV1b49PU4N3NHTSCqpsA7pwh0ZBYBZLftm/ODg27LMX9bKXfVXc4+4sj0EUCYMb5j4smmQVWOBT2EHdd+Z1KhPAqVvMYOvsd5lROVLb8d0gEv2mTX33ZyuGcdvaOa9j5Wb+CIja2kfM8s3MPWisLbMsZlY7S46oDwuiTRV32lmcBrXpfwCv+qPALWQIf3tUjug7pJEG21Lx7DyTWcg==]]></Encrypt>
</xml>


2017-12-29 13:59:18 debug :
------------
String:
account-ticket<xml>
    <AppId><![CDATA[wx7f83e93205d2fd31]]></AppId>
    <Encrypt><![CDATA[bsZt2Lc0hb+FJmInIuG0hflr2QQqr591ctEAkwGcWCzCTCYywBHTcqkdgGE4jpvqVmyncWSVkd3lTEO99lux73flhagvESgWlCHWVZ7CH8dXJTNu4bVc8wRrVQabLSizPjhpn9B9oCEgjif01ZlRhEF8ACeJp0AZFnOT3Q1wf0ESZxEPRHafnXoDsto9MWm/oFL6ZAtwR9jvlzpPyWXqpL2cVgDwfIY4LUz9t3ZsvQjZs0/MSfHLJlQ2FdAZUfM0hulrg96DsPVF1wfsijDS7j+KBmExioYBszZsbaRtXzxWgJPEgdZQyie9OpmWkqO5JGAdNY7il+TULn624O6py0A0dl+Bk+43fs/cMbl1txAORy1bs8PXaLYbY9ESbKIHKhqNQgkGDjaWdxpthFnG35Ed8rCUQ+bOeY4ooobwMq4/RFYeCrmxqYvbb/MGOeoOFsuZkMO5RWAkoyk+9Qmmkw==]]></Encrypt>
</xml>


2017-12-29 14:09:34 debug :
------------
String:
account-ticket<xml>
    <AppId><![CDATA[wx7f83e93205d2fd31]]></AppId>
    <Encrypt><![CDATA[t3tzdiO0j50/588xayP4GXpV9kGpLpUIhynPZVLmNNRN4RfoKu3uDIZ0cwySJTmDR69pIWx054pJPnSrtJ2yIkwpXyUMrJy6VLeuYEtxGkVdCPSBYgb92vkgQ5R/0k8SSB5MudmM4fG9AJ+66cwDKnKnr2Q015QN5mbvWUfRQObvFNno0FM4si3gXE2XqGFhkM197IGB9vA7hoPp4Fvq8Ji3K4IJpUqpdyixsDEIutq9zrxpVQA+818dSy5q0NqRKRZY6snihlPeT0+2+wNDiH+YGfaXM3pwqgjhMLzAsXIoBx5hk8NDrUiRgcR97dXqedrQtabUtBK4Ulwq11u6nqKbSkc6qO6RIYkCbpoqgfW88D2yeCTBG9EDpE+a0PndpQE0M14fOwhYm/rFjKvWmOF2n+HNpyCd11tVDkNzHWnMKE84zlC+m1y9vkFMeZlE5oL9jpaS8Pe0DfWCdimj9Q==]]></Encrypt>
</xml>


2017-12-29 14:19:31 debug :
------------
String:
account-ticket<xml>
    <AppId><![CDATA[wx7f83e93205d2fd31]]></AppId>
    <Encrypt><![CDATA[cVoeNueLu3v/vnrI/YDDWER6GwolCsKq/qjeZrxF4ApdgNyuJkU12Sg/G6NNd49pY5ML3lchxLaEOtpo7sUE34DxPPejdx2LOpYgcJGq6VXJRi6Qkl4/Xe4vFmcKOohqSMO7MtR3KX28hEfpua+ogJWR6k2XJ90MeNHzu+38h5TsnnIm6hnm0cnur8MK6kc8WASwNjod19XhJ+BvST/SEf+YReZMW4BPhfR0bE4Z7QfYAuYsMn8i5moNTnaGmQYWncXb3LM6MCQUa7IvQFAzZuH+oRe47STUgSIstIlerox/fW7ID68utRTmslZ+bm0Pev8IMgoh3VheQU/LPDM1+rvopdSwkLfWsqqRpvySsahWKngEX+nU64j+fmHoiCIULOoeVanC3k1UQIpAzzqIlZ5sUR5Fw9OQi0x0RtizelYZcjCwZtOZj9OVa+eY6w2lpp3/O3C8NInPH/839CWfwA==]]></Encrypt>
</xml>


2017-12-29 14:29:24 debug :
------------
String:
account-ticket<xml>
    <AppId><![CDATA[wx7f83e93205d2fd31]]></AppId>
    <Encrypt><![CDATA[W1Nvn+4ibKUaRFWM81/n6KfoRxsoRWlSCYoDl1URsIqF1M8+2vwvRn307shNCc3ZZ4l5+CjhOg4lI8RLW1zm41yzMCl2TEetZehcVtwaAdxUm8JCSQCaJOmGK1wDp1u4vrevVN/8ffGsHMUe661Sjo6acHKVghkzjpruo1sr6u51GIsPd/DjRaI575EnAaM9yOddnjvcs+R9EIvUk7vNsAs58ICPfa9OIL3Qg1/sog5CJ35PyBwZ7SYP7+iyDanVK2sNjHlfq/99lup9fOnIw4YI/+9I2ceeMp34JG7M9iG4holfCyQvfKRGSHcKjJx/CUJRrqrDOByE6dHdlTz31i6RIhkK4vHpyDjdeydDZTx7y3AqnLYVUhrnEvpvWnn6SCAES522bx0VCsyc1U5W69S/KNL0feq99QkfMaIuHDKSvR4jE81gzO5YGugTdFh6hk0/PtFI/4N8kzaXVLZFYA==]]></Encrypt>
</xml>


2017-12-29 14:39:26 debug :
------------
String:
account-ticket<xml>
    <AppId><![CDATA[wx7f83e93205d2fd31]]></AppId>
    <Encrypt><![CDATA[gzOD43NUBdF8kwpmhz+VR/mxflwpeaxojyfvOnzeIFEcxSASYSnzx26TkUQpQTYt0dSFDCCmJSoQTJFxFZ1SCg2SgY6OnsHGZP8dV/x9dNXAwxDR0Q/nuUyDnQb9pHQVmr2JdXQL0ls2TxOdVWuNX4++2PRZaWr5Dqh/1WpUF3uzHAEPZKd5vc3aJ8aIS4uT73rQ51rxkE0NhnmfFtMe4G1jFQW9uePf4y7SMiqj17pmTipSNP1ynALwe+7TpOVMy2UaaQcYrEtCQ4833XNU6YrT1D9h0QDQmcEO3rgxkJ57i33DZZh0hzb/9Ok3cUHgomaoODL6NhVROdr3PV1ktJhpXdTuQpT64w6V9DVXuRoPocZkkManLi/qXO+4Ule7BGrA6jRUiVZnnJWgY+MX5BtlS5aN8Tylw25GJ3xcFyp/E/IIsrIHSNaUyAGh8DjGyszEBQwLWHgQ/FxZ/h0UNg==]]></Encrypt>
</xml>


2017-12-29 14:49:26 debug :
------------
String:
account-ticket<xml>
    <AppId><![CDATA[wx7f83e93205d2fd31]]></AppId>
    <Encrypt><![CDATA[l2wBKOoiUy+8R2+glWElRvojTkd1ISiVfbKsgHFDuBvSy+iFaOCjH6GcwwFnuZpi9Z2m9B3yXscZguad1Y9CJyh6HgKB3i0yXyg1iOgOrJt3ttWBmVqHdqCZxUOn8GP2mmvhu/cao4xm1Lpe+ErwSToujuKg8bDym+CHrq2hkq86yap1lXrqBYJ3BuW99hbnwxXJIGs56aZI5roMYWn9HAlquFW4tR9bKCf21qYC1wyoUWJrTgb8oPU6Ym/Ljcv4ep2X7nLawV/qjOxa7qnElPQAl40hZXEj+ziO2J2y4jl+A7PKcMOr6NNF+wZmcU+G7CeL8gNFq6cxEl8QrTcPmNJVk01iO8X6GMc2tmR6rOnIZf6cW/ykimrmTmrC1pP4+iOjI4En/K5ntDVobcQKvbiU32zEly1WyelZTrjCTaZ3xcckTfNVDI/42Qn4+yoVkaOBCJVrCvNNBd+/3Q78Lg==]]></Encrypt>
</xml>


2017-12-29 14:59:21 debug :
------------
String:
account-ticket<xml>
    <AppId><![CDATA[wx7f83e93205d2fd31]]></AppId>
    <Encrypt><![CDATA[GU7d7pYtdxFBVBG4P9xCH45YNBPVaDxkPBa0d4sS2p5CvTLhMjOViEy/ZAi/5GLNa5UEHaVr1lAigIvaAOobaA8u8reFdiiMDgF6y+Ck8KOFpMndeHJ66itjCIeEaRTByCu/mbh7nJS7crnQgZqxg9oh506l5lVNI6MC48LMVw/BOTUMc0EEOg9KVPhTNkvz2vMEPIcDFD9V+wsUgmGboM3SBfjpLLW6wQaqbVQRUVPTMXAbt58o7UYd8W8+RUbFPTSnIy8MjU1PkoLDEk206JCGDKtb3waXdw4l6hk/UxVg9uQVbO4kunJGHbQjO+qUiA262Pjn0xV1GRjsotn7Du00LSvf74D0RSmwmt8UBdG+o1lOGIaHPo8KbrddAKvIno892X9oxETIcdI3+FvbVWDxekg05q94zM0rgleQoJst4lxaqFz3636q6zZ3T736Yok/tiRUovD3nBQXT4nUmg==]]></Encrypt>
</xml>


2017-12-29 15:09:37 debug :
------------
String:
account-ticket<xml>
    <AppId><![CDATA[wx7f83e93205d2fd31]]></AppId>
    <Encrypt><![CDATA[Sw8GJjwNrqcDRm+6d9vGHDwUis7TNBiem7NE8etcvPPXgWDVtHU0FoJzPls9r+c85cTsxhyQ/TfghrgI0CdijC/yTzr3KmbCoQ9WT6JONnAVgsjAmJIgHdfRHNJ3L/WN2l5oLEovIFq3dYduJCHvWFU7ns7vBklnm7fNAOetAK1m9ctwifWw2P4ZsgCQO8lvfXG7rjCKq3CgZ71wmykT31jQtKPGhsmVO7UmTDQGiyp7r3y52RhxLIcPBMr40feAUZIezZblpitirqmcy6UK2fB7Sr6nPTd1TnGjvidv9IWNCRxhaudZqpb0wlVd9cI5oyyd3UxjfM93x+bNtzxl2GqKfs88z0+dmrz+SLpkg13Mitv4K0riXCgn6i/5pkKbz9MmCKuioFDPnqFdR/LbTtXe+5DiV80MFIlHqmvwxNgx6kfQ3DVSfHQt0gm1tftFH3b1Szn/Xisv+hX5Onr9Eg==]]></Encrypt>
</xml>


2017-12-29 15:19:30 debug :
------------
String:
account-ticket<xml>
    <AppId><![CDATA[wx7f83e93205d2fd31]]></AppId>
    <Encrypt><![CDATA[7xS1PqpMresWf53uylwvNs7Fsl3qp3PQ3AFafoGdI+XcBMmEwvlPj5rSG00DPcQ+G2qRYJjk4sGDF+qGGwUrW6P6QoMFQWpfB+oGrNbvZd8zM/KJFA1Z6LcrLyKG+D4qofvoszr8A8+DZJV2H5MaQnmwlW0TF7hvME16vjdv/2UCEe9GYgEST7W84iXT7FJIpJAeKRgTFpzbmhylv2MK5Isq0SWY/9vY9hDCWq8pSfwyDVO7d1Do9C+iQDlaFWTFDyiEoJ0wxE/2jbsh1PV86/qH3nYRN1vdZh2H9q6Lv24F2VVGJylpwP+jqWkzqSemjGwPwRP7H37ogOtp5kSmYwYRYwakOU+Z9tOgplcJtbD6YtqL39QXrGbn1HsuetbtNK4agBNJ07UUVxmUwoUr711GiJSX0ILacUUg9zMMd8kBA2XqdRO1lTjqoJ6ZnEOkBrsNAP/C3CAWY7/7DsQb9g==]]></Encrypt>
</xml>


2017-12-29 15:29:29 debug :
------------
String:
account-ticket<xml>
    <AppId><![CDATA[wx7f83e93205d2fd31]]></AppId>
    <Encrypt><![CDATA[XZGdAxkxr7SjmUfjUDoIgdlBIXtnSSoj7oWOTDQSXvwKCGUjghiiq9BaQPOgQnFm2S6Lfv00ew79okcvjj4YXN6wcA7yuE6w1wNWhlQ/9MUxZSHSZE1ldfnxR8PnoMom+/RQ72qEVEE+e4O5rgPeFEE7Wp+A2pysrnyDRAC7zV56IwRYUebXJIDhajQpP6oqiZTErP68B4DPsccyBNDhq8pHGh8WugNc2dC7zJsUp3ZvahNY4hhv5r67pIclB71XiLccLO7wQy6kqXbx+tM5rjwQcKBHOHl6L23/u0KKdB69MXA/Tce1cA7Ng5t9InC6Djn3Ed9sBZJHrBQkxi6lkIzcoUtFqgiuBmPUaA+pUNaAQZKGBISc/rmZsftSsMExRnlAV6NKnE/b+bhaoY2r4trjnS0cB+S+ooXU94sNIkY1HksK+suHgBkC+zb0VyWK59ak6VxVeBscQzW/ISU9dg==]]></Encrypt>
</xml>


2017-12-29 15:39:33 debug :
------------
String:
account-ticket<xml>
    <AppId><![CDATA[wx7f83e93205d2fd31]]></AppId>
    <Encrypt><![CDATA[XR2JHdp2CVhvVtDrm4WfW1VuZqM3JleRvKztqls7ykq12yYad0/45xlYYcoQdz5za0sO0JsCyL4FKsH9sfNiu5d8Qt3YAy5o3NJ/hvLTa3scvaSYIM8FeU8fp+oY4GhgKz7KEisk3LePMXjiqcuiyA6mRn+RoAqbH1l7MN6A4EkyiceE6RIyvvcaNyl0FT94eKIu9c54HK8sqX5G5e+C9qUuE/Vvm5rFXPToyAeYYlrJdf0eYOcDaddNGz1JsN93nFPh2/shPTSOTGeq0Q6IMi6BwJG6UZdcfhCNwX8b1dgPCltYvbjuMckwiVv8vdFlOnaJnHzQgkCkuDR1Z76X/79HkeRKyzcxyVBqnrESqGG6uGQXCuSYNiu1x0KfRrZ2803lM4rEiettDmBgiUIKc6rifwx6KIWlbHsjvbOXv/VcjM3KCe/AtlHt3ROvL5g5t4vYD/038DuXpoXs0m5jHA==]]></Encrypt>
</xml>


2017-12-29 15:49:34 debug :
------------
String:
account-ticket<xml>
    <AppId><![CDATA[wx7f83e93205d2fd31]]></AppId>
    <Encrypt><![CDATA[DiFJUwg2le7ofB2uLbqb2q8rTkADM1FDIykslnndf2XAzlI3ty4s/mItcmSoo73i7hWKWc4y0Wb00n/1+2JwmwlzLvGPkV5RiPb7i/I0zBcHHkJUGLo0rV0PqlFYhbwtC3MAicEgdhQ2Tky92LJKtdmgHvMoQFM4VxirmV84Qtne/lJe8TkAhUKMbK88Y5vfy/Rbpvb9oKNFfzFE8OLJhT0SXznvximsr/KRnDscAbKVwOexRXruUC4X+Si3Ily3hOEDehitcjYGRAf0Znj2QigSV+10nblMyYrGsX6/VvhcNR6rD4ym8sBQSEDavVASfX6qR5H9VupHCE8Ag8BeuoB2uHbizwglmZ4pTMYCSvzAHlkbNNHJhTyEk/fnZXlYdrrI6PsLaUPmL+OS2vJzeKqaNwJIWAZWEermydGu8+VBObzg68SPSv3MpDt60yOd4liKPjiUkWSogbq8YrzwMg==]]></Encrypt>
</xml>


2017-12-29 15:59:23 debug :
------------
String:
account-ticket<xml>
    <AppId><![CDATA[wx7f83e93205d2fd31]]></AppId>
    <Encrypt><![CDATA[7HFByGT08EBHAnhoyWEg6qUM9cuoh1fhaH6frBhPswPW6D7iY0Ds7/edVf0mPztM/qLFtdUGv9ekPnp86JZMb5mU2/tzSWX0KUclSGPNiKsXGYNfvdOlJMTkikO1KUah5+qB0epmtF2jKT0N4PprayVJnUM6aIbb0giIybsxSYrUk/UwchI1ovlffeS+hAENvHOSbehwoFL0Nhjx5es8TxNQ9eTukjjC5gTwzV/DK96a9I2w/UKH+4HUtcgS3OJpocJHjwV5mGm2fmBsQAU1GLjuKW/tGb4Yk65C9AfnWsapxA6yqXfkh3spfMTYk+GHT8VZjY3TfIokDRKJ0IJ7O/VBOBprhYL9M4qybLvBmzOwNbSkrhvqnKCENAWJ1CnwSVY8oafYQDVKPFFqToy7bbA52mpnnMJEL8OA6+SB8Ac5lKK/bNzgjAKYXUGnA0+d815kZZ0I7a0E1l3lo9Q7DA==]]></Encrypt>
</xml>


2017-12-29 16:09:37 debug :
------------
String:
account-ticket<xml>
    <AppId><![CDATA[wx7f83e93205d2fd31]]></AppId>
    <Encrypt><![CDATA[KXIv5J9xJ4H5Fvx5n+HSN80cfpPnZOHJk1ymzCC0pe19RoJChI+qkb8yIKpbZCp8eBuSNrZv1CjwdPdH2O8Wk40f7ikEDYsLOLc0pU6WyGsrrPX7EXWVXECv6ohFdSSSfVqR97Wz+ZpcTblgZomz0gHzSSk3Sxaf3UB+iiTDMDFglVWvMY+ajX3pReHojuSkVRJnwowSz/5bbUvAoaaATGoktLPxQyfmV1Nct5OfjI87DvP5FaS8EAb6jD12L9NxdZRuBHp6cjLEa8PNkIu5LIml8lEwb9BJQza4vSkdqtIHwtk9EyvJG/uFu7TzW0/0GnTebT09ExWjcAjD4JFpBbpyV5EsRtQmpBoAF4bj284ZfAVbChLaPjs2n3mnQqtK7WLUUF/J8JFnRFiCWAiDAVhVXfDgUMAAPVxsHzNS/ylCsDn94MufSBYYWrrBln6fTIdT6o12cGJpOzQ9r1viKA==]]></Encrypt>
</xml>


2017-12-29 16:19:22 debug :
------------
String:
account-ticket<xml>
    <AppId><![CDATA[wx7f83e93205d2fd31]]></AppId>
    <Encrypt><![CDATA[qkHOOjlgYNFbY1g2WQRSY6U64+BXabuMBrZxvWiKEge3ODdlp2r/4wsimo4A/IQrcS08nTDY7wggga4rXhj8o2yD2Xjx8uiuTcM5swPwkirxuoHqqGzDUc17LuRRjgY81EGqlhLxu8e/+AuGOh7EwkgtJNjwsGt8wruPlJlF8H95SYYxVSFhaZjPa2Z82c7UhZWXSgxwNJAmX2Xb2QXDU5+2D5mCEkHwbv3xmW8iz3U5NDKwVe0w3NT26b7UWKZKl2UOuNx8KcEQ7OpdK3Ko81larEL6ZnAgBXOTTdPI0mWcSj7meE3i2hNFO29T0Y0Ufz+ne10qmQEY8fbTskgHp3VDFDjhiEB2PxpZjCltX0XEKQhn+fewcEyoAzG6nwrjxeZvFdxbE4oQ0awz9kdaruePby/iL0BMRrtfsqvQl3Z46hvyVq7b1cM5l9kyQePePoPmw0UqpCJyJaiofLfclA==]]></Encrypt>
</xml>


2017-12-29 16:29:32 debug :
------------
String:
account-ticket<xml>
    <AppId><![CDATA[wx7f83e93205d2fd31]]></AppId>
    <Encrypt><![CDATA[L1TNi7sY3y2ecod6HiK5iMkoM45UKzwlERXK863dflh1ztiaHtukzd1zT/DsGz20HdnPgGkRLh9NME84kmvswVfOO7X5clRMNYsTD2QVXifUo966JPJn6f2gXkubEEFVv0O6GwHsEqDTA6VI2P2db/PbWvOWxgk6lCMlODOr8jTwBNxb2bCIJ42o33mhuY1WiNoc+bQP/hOC7vw+MeHt3VHnbo6Hxuf/uD1OIlMOgy902LtYcs1fiIuPFP6UZTkctXcdDebT8BqCpjnELuG0IFS9Bx1lZzIXvu5ElosTOqPsqVph4WVDREXmIdEu/j3xwHL5TDlg3/X+P9D4cWxJhhs/C9l48YtdGA2ZnLpkg4tEHuBMX/sAFopCkJC/RATS5iPcHqHH4awSnacJ+rTHoTTg2PAd8Ha5+P7hXY+TkghYCIIasgennH1bKio96F3u3HexbOO4N12urp+s1xxjiQ==]]></Encrypt>
</xml>


2017-12-29 16:39:38 debug :
------------
String:
account-ticket<xml>
    <AppId><![CDATA[wx7f83e93205d2fd31]]></AppId>
    <Encrypt><![CDATA[/Fn2mUVd60o7DyFmvQcLmQ0eHjmN9G+IFLzfmxHv3tOiQr5w1dh4ezdMW+Ca5m/cIK6HmCNpPKUy4Qx9xEsvxoRmma8eXqxVCn0zNVh17Qa1HK8eQKuMXH+6JxC2IdUBBIlW/6vA7hdh8XvdgQWEZfEJ05+ymPNPc6qkugeEEMSyc6aDn5oBsfWtg94PFryadPEa9Ln9qO9gdlwFoDf6HOa6DGonUBprMVdUZra4hCuxkRVEgfsNQdCNooSQQplXL18/Kvf3GhxydXHCf/BayFEcmyh/7ZPMpYacM/ohDALfc4BwEaL1CYV8vw7Id0Og1A5JvorZ0ICeJ3JLXxzAcaFwtNaM35u6tIdljxMiW19JDal+QI6TPWlczDRVak/Y0rQGXR7wEmapYiaXdlVFCjAQlo+kjDBf6OXHcV71j86k837JXq4sjKyoIDGKMaLTwlqkeqADGd/Xnyx3v1pZJA==]]></Encrypt>
</xml>


2017-12-29 16:49:29 debug :
------------
String:
account-ticket<xml>
    <AppId><![CDATA[wx7f83e93205d2fd31]]></AppId>
    <Encrypt><![CDATA[SF5L0pYRN5B/HIAC5NMb1YoEspMj395UQhtiJ7W+PcPcmeZs8htWyC1jxvdyQhXqM7/wVZSTJbz4Mg+7cFcQVlQiXuAOFOfViTx3ZKw6D6Mo0rMM2ImPHQDliKT1cjobhdxpNXlQGaaS1HcVS0Jx/8nQfBWneDLUGpcN6sxMi8+jPqGcp3IQ8PBmm75TVPV0yKlO1OektbUFbW3nrqh4/X4o8QzJwcCIuQhkCo/F7sOKQIXccK9L/L0OEdT52GMXVkgurNRDBRM1h1t3AN0UIgKR8GaDtRUb3crXM70Q3l9/0fuFvn+CkTXCA2IAC2qHiQLG2asQdkWQEA2S4vPzEOgFgxtFkKrfhzUnLYYjxmt8RG0l3Zn7TlShlnJgDStpGuyr8GW29D8iqHsNPHD4NGGqb76KtCD72seOvtJ7RcPgc1nG6gjRFVSMI05/9aSnlGnTZUV2iV8Bx/slWgEmBQ==]]></Encrypt>
</xml>


2017-12-29 16:59:39 debug :
------------
String:
account-ticket<xml>
    <AppId><![CDATA[wx7f83e93205d2fd31]]></AppId>
    <Encrypt><![CDATA[IoXyMhplj9dxOmYCX8VhdBL7DJLPpY6LjUJ4YKwmYt9dwybnoJ2KX4FIvAlah4u/rYJfOuoXgcEr296tH9rxhq5NiYwLQppD+1gITt37eCi/hJEJ+vieB53SIKoW9xJpf9V6RDjZ1HPYrzXKeWeBsSFMH8x3ffS/T3nD6mNRVwwDv4IZ6ClH57AornYMCM5LkxDduqHWXgkUY+mjAFMQXQixjLyytgcuvEGdscRllLnJqwp5BtzG8OmrbAbFm/D5u4isTZKCKls3wHJBRlbTP6oAhASomLn/D9sdERcjr6svAHouU5VAaCkcppLL1SkqsLhQFVDWR88aIVYzR05AN8bZOnxgM0zodoO+Qi9OdG3vGj4j79IrrK89R++XJsvkNBxK/fNuI1aBAE0H7LRAWK6ZdEqsSi/C3jFmWNTslc9fXkbZaTV4+TDfhxxbB5f0lweo9MBjgPr+rdpQ1uTBgg==]]></Encrypt>
</xml>


2017-12-29 17:09:54 debug :
------------
String:
account-ticket<xml>
    <AppId><![CDATA[wx7f83e93205d2fd31]]></AppId>
    <Encrypt><![CDATA[rfXKppanI4/7sl6Zz6UYLnyHMTCGlQ457wj/DOUjuuKmheiRe0LOnDe4lmqKdpCQ2LyLEklnyrl8X9N1PjqQVf+Tq70DzfXsNJaPGjATllRd3mfkUWid3oeslZm5V7RZQsH8CGwl28FKVrMxl/9eqvhSDZ4rPTd3nfXsWrQCze6mHiLqMSjKojJhQh4st21UWO+LGQ/5BUv4gHj2TvYm+GNkHXbNkwqHY0g18cy14cd3y/YJptkL4RafDKFja8mqdSk4y6uMiasbk0totSae51ZK0gKVWCAzf2sw8ojTPxVGzf0/U4laSJvJFhq1vsIfPhBpDiRJrKweLwY1eY1pr8PI+ISsk3S6xaWNFph+nAj3aL4moPclRhpHPyam/JfCjcvB0UZ88ST+Cg/dmZOn8FwDJWEhsjDBqsE9VhuYFaJGbfGvXO3hfX7nbTTn//8l4JZFdIc6OKJTmHPxYuqYvg==]]></Encrypt>
</xml>


2017-12-29 17:19:35 debug :
------------
String:
account-ticket<xml>
    <AppId><![CDATA[wx7f83e93205d2fd31]]></AppId>
    <Encrypt><![CDATA[KaGKUpZJnMfxoJGgN1OkjRHkkb16LskYNYkKyLBWfNV5hvyEnpZdJvIyF5+4qwkJ4/CUiAROlJnoMQmbLT4Ov9EVLSZv4Fjyk7fR+yJDpLlIBHzmPt/xzSRnfsKN0TBDQUJ/VlCb1uZlzuOB+x1uVhiVUopzozoGyuxFYnZfxiSRh1gERL0Li3Chm9WrbvnQovOFI7gQjBaSAZZJgYDs75IUpLcbtZA6UgOdYlyG0JVNWUIeLKuVlQgqqU+ZZtbamEyqTXa3bH9JTBwK0H+SOoOkIjEQ0KqHYWLunZoeLRXMc0e8skBw3tzFfwodueCrBdEVB34XeWplz4Ji4IANusOHiYw1EuxrUzg2051DMkazu2q2s4URkhzvXpkcFFTp+feC3OhIZGn+VJbzAMP+iPA60YVayGgs8nLmwnXOMh/tXx/0LwTHR/ILkwr6MCDEwhChN8HZsckVLLUpMURLAg==]]></Encrypt>
</xml>


2017-12-29 17:29:50 debug :
------------
String:
account-ticket<xml>
    <AppId><![CDATA[wx7f83e93205d2fd31]]></AppId>
    <Encrypt><![CDATA[OvjBRi8wyoCSaVL9YnDJCCvYBYoduZVewEuk8eg4xa3r/QZbwxbG2RoIda8i/SbhrLTDNPA/iGx/j1mHjaGPZx+v+222q140/MJnH0XApXor4vkl5LGe7p/J2p7MU5ElO/Wq6ybj+YcovOWYJZ01MMdWafV1w4z1PXd2+YC9L5QDj+Bee7EnePKk4Kx/e+Xza88Bsz1exf92liWSDMMroODmuvPR3vJFIAlQ0Fi+VM2cp6XzQPLtzm4vppx6+Dg1UQhK3P2pxZ/r86Lsq/C+HEBLiDH1Vg6sh/6FYpYWb5qn+ZhpQCfJPFcSpZnjJXTDPRGOwb0+zzwMTuD7yxoRQ/daN8x6ox3C/tP59gA/tccreTGkqbZuo538nKtg48fa94GQ50RsvZJKm+fO1gzU+ZhYUJZGk02s+HEfIarLEiDYlleNsxKB3ui0zYw4VTU7G43pxPEgjKw2xEG7YdWzhQ==]]></Encrypt>
</xml>


2017-12-29 17:41:22 debug :
------------
String:
account-ticket<xml>
    <AppId><![CDATA[wx7f83e93205d2fd31]]></AppId>
    <Encrypt><![CDATA[wrd/nSI3SmzBIRjASyWxbhoPLaKbNPUY/ZRcWO5BDG2xoBjQfy1EC2W3gDDZBRXWwOVd0FCNc3GSHf767jZcKfJr9Gdro1PloUy+yGFGqCCy1ViWumzvvdFCra6jfB91dZlIFWMYUiR8BYkxNAqb9NtKElm+5/fwGOZDg601UQKbcaqOYhKxMbfpE6Ng7t5T0i2KBCaz/LnBtAvbg+Jmi0YeQIfhhWlvgYWxLKp66rRRAgToRSB1m1aL8xwWNYOPOCuAXcSIwT2ZdnGomw21F18eCUHgN8LaJNz2VUTRpQuk5/cDFXPJJ61oICkqslnxjjky8Oim8Y4UKx5fqaYnY0wkzJryHT1EUTj5AvjA4u0/nLzi0q2f3kpW+ELM3y6v+J0jAxMzg6tQgTkTGgce4eijatu561MTt30xzpHkChBbRYS9Zr6rKVPfhi6uPkq+/rKE0Mh1ClsTyk8ft0CeFQ==]]></Encrypt>
</xml>


2017-12-29 17:49:50 debug :
------------
String:
account-ticket<xml>
    <AppId><![CDATA[wx7f83e93205d2fd31]]></AppId>
    <Encrypt><![CDATA[0LYXNebgDjRmEXBi6+ZZvdbwBD54w3jWmDCKqA1Cjxj52Zndx20KfKWjffA6BIrZwRqS2c36NHjDk6lnSAAS7dvG5NPTDhbrd7msCnVDJJ9catCh0CDuxYsSnaqxyRMhI13FqZiuot9IEpwUtjBpzaaXQrU+TLbeFuAYwV0e4lG/cWdE4elWUDEJfRzEOBBmbzqix0O9wkHTScWrrQs34uwsmx7v1HPLJw73THTSq0ivG/ZduRBpZEfjxPWNoH040fdUc3gRgAwBa81DdMfQEI9AMTqsdDRSRkZArjWXbna1nU1+PSKqjfsVCaxsTACHqsqvmtjs5Ag/k5guxcCLfYfcx99u6oRix3HHyYuU0kWd8kxwNDlEhmzGiDJQMXuIF8v+rmR81yXtuqcQXbBRvM8W7nI2oSmQjSzebtvbg0jc/Qu3FBP7xzsZrhlCqpFbX3qHFEeTHHeu6RFTaP2DkA==]]></Encrypt>
</xml>


2017-12-29 17:59:40 debug :
------------
String:
account-ticket<xml>
    <AppId><![CDATA[wx7f83e93205d2fd31]]></AppId>
    <Encrypt><![CDATA[SZ8lq0zBLVOp3gv+R/qGmRv9dS7q9/eF4btHY64DCfhcCLmXt2w3y53gRi8eojwhYwCaADd0IFAiykcPA2/EkZxN6SYtBUXvz2eh+86TDnu3qMR/OE5cADI1JVije4msz6Nn0juW9QbElWlkuiT6zIEbpV/Li25Z1PoEhVKDgzZG3lB33T6Ea/YLHqfzIgJgV8RSwX9RI5qS5GEzVd4VFyI8fgNBYbYeOj13eBd0iu1mLveb5WgqerE6I1bWDfJrIW6D1SmDgphc8s3mSqmvS3EdAnJMnmiMMRHFU6s4aE06LubFhFGRdOScKU69CJF9N6AHa4U6udNSZHchqZaQdQIt0R1mBneobZCFYueItoa7u6Ld3YSlrBwUotyMoL3m+tDKJH0S3TP1sOe26CkcsNXwpElKF3aP8uHoXMiFNnJtKvXaLPv7tPPI83wVbwYFB5zSYt5dDNItlulVWHzT8g==]]></Encrypt>
</xml>


2017-12-29 18:09:59 debug :
------------
String:
account-ticket<xml>
    <AppId><![CDATA[wx7f83e93205d2fd31]]></AppId>
    <Encrypt><![CDATA[uug1Mj04HiuE0KELP5L2eqZtSF92Oc6Myji17FA/x6jY5zTeTfisHBYGm+97X2F3YobGNHzOsBQM6ji8v1/q8Y/4zyu1kK7IYGWeJnYm4vJ7snXnV+cf3sSw/iCgF9fcBoR+LNR+K8a3ILyuSkIySIU1zGYfSi3J+ZWxvaLT9SCZ3ZI5ULLTBhVg2P8nkgLE0rO9SwbCrPzCUH+izeoL2B/EN3TyYFLGSElhoahHpOv6cnV0rU6eyR7ZYNHpK9FUrJ9T6i8M2IZJwnbiIP7XrDmHVY1BFcl9QdFQ0H4k1Bmr4H1xr5gRiJJI/a0HEuKT2/3w8ffPi8ae94P6Ts7Q9Nk4pFd2L62VOB2LhSGR+3ErHfgTHiBTYd5hGTsyYe79mgYaEjvLN5Gos3Y0C0NlzNJ8RrVoopAYPXWO0X7Np1ajueSQpLmIDOS494WYlsrLyMXiHb5Wk8q7WhqWPxBA4g==]]></Encrypt>
</xml>


2017-12-29 18:21:32 debug :
------------
String:
account-ticket<xml>
    <AppId><![CDATA[wx7f83e93205d2fd31]]></AppId>
    <Encrypt><![CDATA[DJiEyOI1GKOMVscdd4+CCjmlXqzqXiaQ9SA4+rhUw2bjg9v4gRJRf6ct3aPEegA/7fto4ka1or2zJpxpJSaHR0bkzzdc7JuMbkA7f74YXUCVR1gwkS3xE9gK0qpSgWzSxkNmG2QJqSUsC1BGjkdfTT06xE7RYTPW9bvFRxZtw+YhrgiBeMvo8szfhXeRM9qSp69TVY+2CVg6xjXlEhB7q10Ylt1FHCaPkZbUm8wVIKyVV8/LTU7V2Jxk0pmKDhP9HcGGCUaK5zZwOpNzrsyQyEECuv23tZvyf6/IXTZOYHIz2fY+SvkBL1kGvB/Qtrosz2fuz6PKAzhNV1dE33tpVzPvbwJQuRjgBxxTzmUYeVzwKp1X6e2A1LQOZmMGNYzAsBvV3k3+WK2TuEQowmAxM8X8WKvlcikJ0dH1BnJRyL4hPu8ndDpBhc54Kl2JRl/nIgeWEQgbvrcXhb4nxhFi4A==]]></Encrypt>
</xml>


2017-12-29 18:29:59 debug :
------------
String:
account-ticket<xml>
    <AppId><![CDATA[wx7f83e93205d2fd31]]></AppId>
    <Encrypt><![CDATA[/OiZM2aOZssbykBDAn/FDhAAjaKfVD7J/srf+8NNTQ9Bb5VHjztX74PVBVeYSjD/ckrvSjZ6nOvGPZkHZNUXMDjw8/lK/IxIBchMQE7LDjQUC0ugl3y/dQuQ9j+Ihrt/enHsh9lQmLnnKBiMXoHm2vgRjRNU6Av3cxFEqjJcYp4yiwVR03H1A1clFbONzOAIc7hOOr/Uk/vj/L/BNKZVmQ/Bc4a5y7PcI3DL5+ONUp8YDGIcXOoWbrDZU0SoVarKI2l4lGBCPJ3EWy5JhgjiPJVM33OrI5z3aCuq9L5U2zTgLDpuSLMO74Yc0CPYbt31A7I8K8twLEwG95b32X+fQq6GkSc4mud4TxOApkYDaFRZq0RLJVfQvx3S+j/+Muy4RYMdVe4FvHiEwBp1+pRARNl+M+gF/C6iILdASudpbq8NldPPd9ziqhS9kWm8jjP4DPzwr7ql7u/PAjoM4UGOhQ==]]></Encrypt>
</xml>


2017-12-29 18:41:37 debug :
------------
String:
account-ticket<xml>
    <AppId><![CDATA[wx7f83e93205d2fd31]]></AppId>
    <Encrypt><![CDATA[lkyCM6bNsU4fWyo9G5UIeHf0tdaicLYOqH/MvGG8MRGZDtelo3+IlMgdPxpKnEhg/3wGdADz/KzVPa8IfAPPxDazhAYu5F8JH/whGvMEi1S5M4NnhV1SEaq1BKFuzD/a+gGD8cXCUp4L3bQGOAQzA4MJMLWkhAP7J/IA9iY8T7J1iv+4bqbApSSwfmKWQc4zLhPSN09g9ylZhmA2bsW1Xq66JYe5/TIQaFFnzlSqZHdP5szu8mxfEZygKV/WJ+XKv8FTF1chOLWQgPPfD7CEzXWjj71BAVGbXFFK6SQNeGEdcGxWpLFdkPHLRFXMgpRupmQWAYANGFl1EfcWKXKDqiOINaUIIgnmOOWEKYxWdhJMQ9yGZMFHWVrACWyISRgVQO7fxH1XFDvFND56OEep9Hw7XF4RhrH372VakPeTdOBdZEH1v8Y+pDfYc/YszOHxfh7ikbJyZDZFru2X4TMi9Q==]]></Encrypt>
</xml>


2017-12-29 18:49:48 debug :
------------
String:
account-ticket<xml>
    <AppId><![CDATA[wx7f83e93205d2fd31]]></AppId>
    <Encrypt><![CDATA[k7Reg6+xP6V0RZ9xflKWyAmxUEhV+jcm0vx7Z3zzaG1YLdOHfR9Iw3A/68MPc7WACyhaeiqFAE+pV31Ol8Z73VXNFNFphbMSuyss3kx1JONaRfSTwQ4wIsiBGsI56JNiB6M02H37NZQQYzdbopUc0J6vpNRvHuhTpPfHW+QOOoPbq3y4ST27ZwUAapmGY9IA91/MSNzIUbnX6bSEWi5LtazCcy5oi8LILwTHUv4h07dzyycpIWFxpIK4E9OGkoqvFzE7OpUdsY/Vs5t5X3ud3OsOxdSLS8SzXiTQKImipdVHMgfMQ4bxsiufSG21aCL9A9TZybtnnMagt6F2GPE9AhdXwu586oQclDslnOjUfQgDQj4dUArbmmUgHImWzEpYRJgcmtrA7CszGDDhHRYgHgK8p/m9utEt+EFcx+b7d1dRAK/fhRDXgwFVXbc/e+0/Drip8eSO5xdTLYnEiuqSKg==]]></Encrypt>
</xml>


2017-12-29 18:59:29 debug :
------------
String:
account-ticket<xml>
    <AppId><![CDATA[wx7f83e93205d2fd31]]></AppId>
    <Encrypt><![CDATA[vBWIAffueH5RMYVpnZwqHQLyu83N50d4SKgFi1SgjLwrLHrlBTahOUGptS/X4wlhHxI86OZSalxbBX9JxI+S4YW+esfMK9E/S40JiC7VQYR16LSOjZQPP9x8ARV2I7gOd1uV9J9KP0C7wM6nN6me5ZzRRGic2RRKK61LkIb0ynqbQHduL5UEPJC1ceJ2Xjrv7VkiwAv/8eBCTWVcWmMZuQPn8sZuHsZZBWQ0HkGq//5dLTkvcS4Ikc3k2DLyZqBovVFEVhJaWb2QQLFpfhuo6AmnuWu37mRoiiBnlpgPyEq0/CB21nNhTIxYJiMg0zhQrwQaFvkfiDjtBRFPv1Tzf6eq7crwHTzKogNhxTaJ1jKk6TbCqGjl+fURPClcAt+VC1HEgFN+J08GJTfIm/wWEwiWqZOwq2RqEr7Paltry48uqwvWVUdwqVvg2WVS3rtzuuwGH9FwOWDv71tMXFoIFw==]]></Encrypt>
</xml>


2017-12-29 19:09:54 debug :
------------
String:
account-ticket<xml>
    <AppId><![CDATA[wx7f83e93205d2fd31]]></AppId>
    <Encrypt><![CDATA[jqOuWlv/9XXJEyKLP6ChpsMB3zEHtwq0NlerJ9+RxiycTRLR9lWkUMsRa5hWUIklsaqWg8Anbxg04Y2m7kW94pMFzsOiMipdednLXtFO+MBJqIqJ8Gys2xBs1uaPYUYosUA91ccSiZI+5dBPJoT56zccmyvBwOwuMt4wbX7PLNkCXZSmQYFPCiUzOsKTS9+Z5ebDQBSPuFt3nJRx9IGAXOQwBPKStwHSOwJQ+3b8JzKvK07fT9FOknlPbEN6CuEcmf2wx81itPRd51hBJ4bHCxudzhX2juUjr8Az9SV55ebEyWt4pcmwMPzP0zsCpOwP4MFunifSuZT/8tRiMSrBd4brkIqRnBjKA1YoV/yjIFyq477xkVI1aQEloAP7vbylWXuuGLrH9aohWcuhJND35NQTBVPy1xGwg9oWtomuwhbnif25X9Y23TdA56toiLjZazrTGtHCrqviZbuuoXMy1Q==]]></Encrypt>
</xml>


2017-12-29 19:21:23 debug :
------------
String:
account-ticket<xml>
    <AppId><![CDATA[wx7f83e93205d2fd31]]></AppId>
    <Encrypt><![CDATA[nv/q0keEJx4VuTJMqjRCSOiDR+GxGX3JNlyR9VtbKwr+yKhpD1ffoBqrbe1X9Z5WjlwJj+bQ3tGWlxWAlg6geJOHItG8acPUZ9wcLohUMMJ2w9TYZrUqK3TTRUunh8fCMPjcY+rbNJXdjlgkaIzTYM3WDnZfdf2rVo8NivHJgL/vgI9TbOGhiRvqUWd1zYcQDMcCGk/+emzt35dqkN0V2YoChh4NwCwbXw/V5+NZrL9tk0JTN3wLMjjVT8UkP10hBmGHy+u2x03icd82ZofY2eHi7NBtwyxFqYmjgvxt4EyCsio8qEJSqMazjGcpHJ2OIU9g4AXP8zWOfAlrKaME8+maDJ9l92judAzhZaOUC/KTHwOBWRwj9KK5d+FYOcYKdoRGWNRo/p8EncPp47OCQngTZ1eOJreZzfAJsIVGgTYJtn8tQQrPdAY7OYG+BVUVcVfb8xErgkbSWQDZJXxzBQ==]]></Encrypt>
</xml>


2017-12-29 19:29:55 debug :
------------
String:
account-ticket<xml>
    <AppId><![CDATA[wx7f83e93205d2fd31]]></AppId>
    <Encrypt><![CDATA[tzwtzr+y6x8EztvbjvkxJYbR+M6GmqsndlcpJmWOVO3dZrb8hAMqibsPfpAlgdRB5ielcKAyR7WoCmjpTebAxyVVUeY2UrLRNxniOdHq/Q5gPd4XuXGLAzmgqF0bOEezJ2ojgu7gaHj0wDTIJUbWKw57Pn9Ybf2oSslPK3RnrsQzmLWhw0F0EFEWDFz0UhYsEQphtJZchkIVDNKkWMjcvxqA6a7pL2f7jJd5GuM/LslPEkl8Q3VQ4KssmwiDIW+RXKg1dqswisUuNuj7/z4xH+IL129wFVFiFxAVU/CDcm58outA9Z1X55KAXxLiuIyIZ3UEewOrH1BcXuG3N5ipDGvuqTe5O9PGCXlbL4gUsr/VkSVjTUB4VxaOGMlig3KzEaSNf33Z7g/n0qhl1xREZ/Wr6TmfVuqRmppYEKfF1tQfTik8P7XJX160EPTnfnZ7Nmbha3BVfKkO38d1LR74rw==]]></Encrypt>
</xml>


2017-12-29 19:41:26 debug :
------------
String:
account-ticket<xml>
    <AppId><![CDATA[wx7f83e93205d2fd31]]></AppId>
    <Encrypt><![CDATA[jMwJEgTYGCHHK35zPpY9RljgygfqLg9UhMPNQgfCFOMTdwKcjwwKKkDg/taSugP/77OSd8bsK/OL9ffs0LDQ10ZwJV1KUnkh00WsMsmReYk1R89ozRa4lOS4ztxnkQ1m+RXuTluN0eSDgyQoYtW+4G2EUozkKywO7SfmcZ2Dp7zdRKVf9Q6g96Rwbskbrit2CKOuvCKBnAJi+3MbaTp6Vh/txypx0G8beqEki6jkX9fWRqNubDlte0FaXtNtxt7eGPE4VMmvzfrLejp0LkOcTXU+4BNurxj/cCccfyp6gSmpOq9Nao2ighuB6qO6GF8XYCIX3+EiVa8fu+vYhA3cbBe0jRbSxS2pUFCObL4Wedz6JykywXSxPKQ9jAwC3Hv66ATvSeVM4yi27M57Hf+8v4mJhkt3bYgZne1xKWwfPcl0mrMixE7sI6C9/ySdK9Ko6tcGSrdUPRxn3ZwVGIj8Tw==]]></Encrypt>
</xml>


2017-12-29 19:49:56 debug :
------------
String:
account-ticket<xml>
    <AppId><![CDATA[wx7f83e93205d2fd31]]></AppId>
    <Encrypt><![CDATA[zfe0jDy20r6CKRxTwLxbcOqTbNh14wNpT5tHHcK9vyZ4VXTgQyt2VxVUXuSC+0w8x7pEoeUWvydfUXIlc1SAtw4GJgr84nU2+BqnBDAonf69TsC4pY0C9+N2IFQt0/N7pebCCim6d1d9hlgrBluF5DBnBC8Rkv1fNsMBF7/2ff46HF2l9db2rMemhkcYZAZKzxhYxHfrX/pSXFv10tMrmrNTzlsbo3UyIi5PHVAKmFecCEnf4VdQSbx3eE3gWe5MeuRCjOGfFpwQTeBWJOYxbvDGIKVQBWnMa+jOLl9A8g1nFfOAkREdTcNherbYpPchWpdqnRzUcAtGk7ijkhT3iicWrah0zDnxUct2cdcF0/ihjkCLThvcFCq5IJeeXQfW3T87Ak8PWqql2R4GkCbrJMAqeFHkWIcsVBDdv4r3H4v1Qozx4UB7SfXDsGY2U0QYaRY6nUu4MhVolOTMQ1ti2A==]]></Encrypt>
</xml>


2017-12-29 20:01:25 debug :
------------
String:
account-ticket<xml>
    <AppId><![CDATA[wx7f83e93205d2fd31]]></AppId>
    <Encrypt><![CDATA[tbscqyZUciLkw3AuwWaMyYYhQSOKYXSI5lYrsGgvmZYCPeET98QUYCOv+umL03cBD7GBbiu93cD/+E6YR5H6gJHy+zYb22avJV8nuNKzpGd4dKqBPjDtaGhU6c6u5YJo0Ue+ZfVxt8cm0x2hpEl5o/n64t7Sx46FFpgaWmx5gj3XmSYck2+VRF2pZva54TjjYao4TKYIbQtNw0JSkt25S8kackKq6+uhWOTujrOrJzacpQGLnsvRjeZeB131DqdfO/dKW86KLpGeJ756QiaQmDd5a2123mfXkuCgLy3H0wnfg2kWLWE1ptm4/eFNawEsvyRJxwWrgmRtGBGd/JO62Pq6hcos9LqbmsBTl7xJktul6DvLDDkgebo2oVSUy80VnLelZxw3Tvn+fnDJLho1p0qLQWXBta2V/Z6IsNUOtbAEbEC0FVphfP0midUv3UDFdbBvInJ7h12dVXvXc0kHxQ==]]></Encrypt>
</xml>


2017-12-29 20:10:06 debug :
------------
String:
account-ticket<xml>
    <AppId><![CDATA[wx7f83e93205d2fd31]]></AppId>
    <Encrypt><![CDATA[SwitJ+QP0XKADezwb8LoSBkDp/j2j3G5hQgXXIcCnszFaBFqwQVcHkSJTOfBEVqg4bWl2Pxy0dv6mEVU1Xy7V11PjLIC1rAAdosYcSbZ2+7mW7P9HRZTdVLQVpXX9FCxDS5+89HqE5p8OPdvaVDbqoa4aMH/VVZf/Rhb1aWOdmIhJisFQiYMlvQjugWsOtw1njIiF+gok46a/v2l5sh6QWNghHmn+ZnNkEiFW4ESXNqYQ1pNOKh9Si1KTvaBk0PNHnTWQ1ITwuzhAGYbVb0Nr2YFUaY6tvCavARzxwfGm2behImfEwQuWU5K6eaaVGV1qI94Kd+QG18asYe4SX6Z/50iOG/jKNx6+a5J/Jzt5+dUq/95Pz4htLUYvGGDqB49gsp2kgw64VdCeFDKToppl94/M5JTrabpt6gAaxaIdrychBpOLNPw8zD+uU7QvrKvYWQKZlyHkUI7e/EkwcJmNw==]]></Encrypt>
</xml>


2017-12-29 20:21:23 debug :
------------
String:
account-ticket<xml>
    <AppId><![CDATA[wx7f83e93205d2fd31]]></AppId>
    <Encrypt><![CDATA[QM3HMx/UYXfdLko+womuE/ZUdkyCi1aO25f15sml8fmy/DpjL6gL1S7/1PwcfC455WH2FU2RTDEqJ0HAeuyGUMS4iomoBggRPp6Y5BakP5rXayOhOk3MZd6rSQgT1uFWMD2xlFulq02EGLElc/3COJflgBuPbhM9YhLAmajDho4PXzaYCZb/jwWwaYBRJfwLMvVdg5snnTZHLP2i7EkVMszaSNoOXToW7REJ/xMmIkhrCiedwmpm9IZ453fkPA49AG1wx/vXK1gYVbHS+6jJmp7hfDn7zvBjOUQEaOvzLO6Uw5GtwMHEGaFrEZ7Ls+uCGnMJ6VUzbCFbLdytHvfiLA5JTPDmabcuMTONEhnxoU8/8GLUX9ymojbELSsGQZVf2jk+cx4IFh02nCj2/xn9cuD/yFpxmGwiCHMnyAP4t148J/yLgiZz4+74SuxnALCe79eWbAxqIcdTmJ6hmVM4GA==]]></Encrypt>
</xml>


2017-12-29 20:29:41 debug :
------------
String:
account-ticket<xml>
    <AppId><![CDATA[wx7f83e93205d2fd31]]></AppId>
    <Encrypt><![CDATA[ECUWNeGehXdaj6gTY/xMXKtJRBlDfjS9xOg+E8bJNi22EEDiMuQMJ7cST2riOix+9xrmqXRNkvP0M41shnXp16eg7GTnmFEYKsPK/KfHOHshj150fdYMrWXnTRljObuTwz29CcdgP6JChS+ltolsx9mg3dVa9+9YXpNlos6p6p2WjHZ6rXdYNpUfUdKBhSR6dYBwyfo1+wJ28ZJvmhFFMYj799TVw7aJxzt071hE+EuB2bLBPTgUMMuFEk8uTYWk74fC2fkiE8n5PT8kwYkjqwzhek7QsaiyjlR7mS4a7bCytsmMTYmNBlk5wznILnZX5QKsg9HaXoo+Br1bk4nKDIeyO1iTH+OL9h+6AdCnp1GxEFsdyepztXUfvcZFDqzv5qA5LpBiRggaHG6KqwS59JVlKbuxRy7Mpw59XrPrwmjxw/VakkOFVyKvMiJ1YicCDlCUGMq5RJ8Ya4E21pZxQg==]]></Encrypt>
</xml>


2017-12-29 20:39:50 debug :
------------
String:
account-ticket<xml>
    <AppId><![CDATA[wx7f83e93205d2fd31]]></AppId>
    <Encrypt><![CDATA[Tnutqb0V+jr5KRBO0hSX3Cp5g5J0/zWzYbU4Ou8UQvvKUpr6ItSrp4qIeZJ7CZ0WB0haCLNOCso1sdpLpprgmK1vkSLDruePMcwFL1LNKYbPbiVnDCth1zuhiIeVQqTSDV65kmdiGqTC7RzfvTRTBysvN8G2ZTbep/lD0d66D8JzxjtF7JIKYEBX+AdYXjmVMU2w+UFtbbF0+BPZdFNysFZzhuf3pu4fRfb3aagO1qyeZ6OV7o8eosSo4hbPDERXCyD969fzbcpSQgkyX1eWdFZ+Gi/1HuNOfOSUE8xccrAwyLELrk4JrW2SRSXcN3ZjCrOtVSVjOXNzP1a6WZl0vWMuTMoxf8vNfVueKUGSmQz5GSwzuabQz+cfDhQA4HoG99+eAy1RExkFquK7VwIs9tLRya5gOrthAgUDxNxecpAcaeIMlErzYUA3jiDhLvAjIYtV87VGvVh7o8aUB5wfbw==]]></Encrypt>
</xml>


2017-12-29 20:51:21 debug :
------------
String:
account-ticket<xml>
    <AppId><![CDATA[wx7f83e93205d2fd31]]></AppId>
    <Encrypt><![CDATA[04aVYhvf39T68FShe3OYkJzWBZPuPSEr4eJk5mAX5v3+91Go9bCBlBc+7xu32icgWnO9Z6IA914wNbe9xc0+CaUF/iLTqzVIev0lsnRGcb6o7AsbydGVgi2UERSzA9JZxxqSlTH3qpR37oHlS5EQ29N82A5MjWeCXDVAs15DXIiXjqmtHR6nrgn6btnHg5t34hfR8RASfFX/OjenGLFgAEhwSQa893AlJEI2Bo6uDb3KWl1aV5/lGotDSMv/VyyjP4wB5Xzs9NpA0DN8NgX9h+WXBd84me2avu0YTVnmxb4VQw6dLFHcDchj6BGATirwZov4bb57FBz2nzls71yHE4Nn2KBdqG0MlmEugb6l1cDWDOq2bMyA71zyiFvPiA6iBBSE44PbW3d5qXQVzvi7mkV1KenN8PN2puAZ/mM7dYG2fxPZ9ueIC2CCK6xNKwkF+mHPJagWqIVxgi3FvsIG+w==]]></Encrypt>
</xml>


2017-12-29 20:59:38 debug :
------------
String:
account-ticket<xml>
    <AppId><![CDATA[wx7f83e93205d2fd31]]></AppId>
    <Encrypt><![CDATA[0j4aZfbtIpv3PkAXbgf52tAIn/5so4UvcHF5RE74KTnWQGDfUOI+ynjR8kicd2USvEVpglL+3kRgiIZ2SuF/1RBeF3hnoxaAe13MMevpdxI/53CotENjTYFRtd3HJk5FCcEGk0b8S9VSdyzBPP5O69jUVECUbubrRFar6AxolGiQUk7hx8nEZUun+o4WXSZzcVlrviinJfyYHaEZ+nGiI4vZUCSa2Kks64td6CiEgXm5999I9xb5CtL7YQiov0Acha/eOz/x4p69AaL1MBTxStQrTx5fCcnw6txtWhYWp2JPUXi4VZJ5q+QmMDrzZtvXN/M4vyDlrxoFyOSWL04CTOOpIxzK9jvay7yMsMolJx/rbNZH8gOYxas19nrWHFfBk+BjpOAgM4CojlNSyglQxhnBwsZuaZctK16w7hfemqFkcfbqsF1zlXW1Z3Skc0Au8LH5sG+0dxZlCDGam9vwSg==]]></Encrypt>
</xml>


2017-12-29 21:09:54 debug :
------------
String:
account-ticket<xml>
    <AppId><![CDATA[wx7f83e93205d2fd31]]></AppId>
    <Encrypt><![CDATA[RMF5TnHrpJyOyPb9YrQVOwvEe65sE4lcPt3j0s/H+djbzBsIcGYzRVUrSItgbJShMX85OLNyLYZmQRSIarsuHHB2zHwpcbc9ayVG2AW1eSi2kRZITWsPevFaIMnBddB+jGu0qGtDZJt0OTW2DBOmF3GcB/EhPRqK4WiOH9TZ83P2/i0vPQF8MD/ioEJ4hW0Um4P5Gy5og4pKXIDJK/o1MALxBRUa45hWeyPgCCMsx661/4SF003BG+CawifanPEMyXi+cwUezTUWXoLZnpZgdOv3VDeVcmLOs0US8roovE72wzYQXo+yTolPYGnZyTgkVCyRmaTjVUF5Ar0WLHef+rhNCW5vJlIAVBPKs4HFZ+SEptxXbIidnIMOUW6rMpDO2Y+ZLEulmnUsxxfMHSU0bXZpMLTr3BGgDTM4in+KoBHwaOCAaYA/9WUKXOGnARBuIz9nChb85ZYkIW/UhpkjoA==]]></Encrypt>
</xml>


2017-12-29 21:21:18 debug :
------------
String:
account-ticket<xml>
    <AppId><![CDATA[wx7f83e93205d2fd31]]></AppId>
    <Encrypt><![CDATA[dz+0s5jAxhVYE9S3rwAOJrnJZ669Yy2vGvy+gwzkDgGq9NLDrVrsUdeY1gjmm2fU/IWsd4eazZuvnC5l89VWYnNUGcg5Zqlji3KwU8zLkdwI9e3O0Z5el6lUCbxLhjFWhehsWlLFImjR2ZFeComDr66LETg722g1ULlPpMCTOrYH/UYV6WOovgN2TD0fqwBV+MqCk2kG0X7G+rBL+wT5JmLM9NJBmXAM/aqqv4Fy69+IqQhTwO//B0LoVDumNVrfxfdMFYSMClNJpikRHdlPJT/eIeisgyFaFiMCdqXD4arpsEs4nXEC1anEEZQF+/HmqW5VWI4RQJCXbQHkbeR78sutZ7be0h1tRR9O9R12z+9nTY4aCposIt6jajyVgKcXTJrfJbH4qhOSQ1Yvow5RhWym7mni9lPHLOzYnspY7gWQDhvdZuDsSG29exk+6jJei9vwTWIqaOJpr394xjM45g==]]></Encrypt>
</xml>


2017-12-29 21:29:42 debug :
------------
String:
account-ticket<xml>
    <AppId><![CDATA[wx7f83e93205d2fd31]]></AppId>
    <Encrypt><![CDATA[QcM/ZkuN6NymseTlU8NF+Ca1rMJHf6/3EbAgJov8aXfSOjEgvrKo1bmcsilWNTddaWMhupbYVOzcnm7SxHqL2dgK2auFPYEvYxZiQCa0TiY62k+6ZRHBWEswIGuFspz8idiC16/ula8bPkQEYE8v3pL6Flqj8lfeQ6Jlr44rWpvQdITYz0fGBk+EFiKMzawkfmB1+dAO+5vGiLN5m/bVk8YDet0mRsO2+vAqvQr021PNwa4KDsipzveD5LVUoYGzGOjqGHLKVUxGQGqsootLx0CU6d6W6pHay/icnn4zq8uXR4zDDJjCuGPi/qQceuMCAJtDFvmX9ZJyLYpE/ukI6Y7N1VOTHhai0MnmeY9Dzntt7/sN4MXUILzyY7zGb82x5EVCXj12YaXgNuzZuDm7L5e+iWitSZU60MnVT0nAQ9DcARIJP4ziiMPvtDmDDh76zjt4SSF9r7w/dd2aDK64VQ==]]></Encrypt>
</xml>


2017-12-29 21:39:41 debug :
------------
String:
account-ticket<xml>
    <AppId><![CDATA[wx7f83e93205d2fd31]]></AppId>
    <Encrypt><![CDATA[Tuo6g3NitxqfUec2AWsvUlINDpqs2B13Bl0c/S6VL650BywYIVoFGFrgsUda4XRd9iWtkrxIcfyBvpXXOktvnM7Nw8ACeF/mo3A1NGl2gPI6mpXRCU/drCW83ZOI6x6YV74Yb/EA0gdmwPInKbUI/RAyQWF3njv+eQY+9DtCcSBJjYP2Is4um1PTAxViEv+QRuwHVFzAaCVdVC9ks/m5mLHuYMYfLLcbX46FeYC3k0vDPhcU6jeJhlg408YfhyxptcCknfSX3pFud4od3QcNlk74COHjmz30M+McCdtv1f+fl6hb6111l8arK4pDegIaE+fH5KLYedwGnACLW4iRYNY0Uzg2b2W6Tj3xeyl+Zgq5Pwe7yrOw9op+YExcq72xXYp85kyYBdyQDAX4fgxbYih5ZVvfbY82N2WNYBo2sTJtx7zzFWtTxu89XdF8FF+9ph09dRt28K6AeVIW25Uc3Q==]]></Encrypt>
</xml>


2017-12-29 21:49:40 debug :
------------
String:
account-ticket<xml>
    <AppId><![CDATA[wx7f83e93205d2fd31]]></AppId>
    <Encrypt><![CDATA[VPOOUuKXSfM1vOVMQK0XblRHJq/URL41zKbOjFQC28EO1nXy6dtrKa7TvWIzjXLWOgaWoVC0jjhFrA4WP3fmatj/VLISwhkQD7QRMI0WejCP5QkSXQTrmu9mKxWrsWlWcB0TdG/jRn0hgFn9KPJd0Deqc/k/wrOBJIACuaq8D1wAz1s8kFqpKSNc9qDtOH/MgV3dbhcZsMX2/Tmmzj0Jk+FWrWEBoW3y47WL9IICxMBKeKQ45NPxrnE24TLd5nk4LTMXqCsdbqvwKfMuTUB8DQmJzBa7xSLeWfMewHrtwaOSY+Eh6gqiAW9KMh8h1fOjpP4UlVMy8AEvT4JOga7xqOslj3lVhwwB7YJUvS4LOqXFLaSg4WBmb9vGj5mKLNRdzmQ0MeRbNK7ls3HT2wKgNY7CXVlF+hU//oY/SIcLNJCwYyREXhnW8H6ZpAaLk5dYSAoACEAS6ReCykb3+tYE4w==]]></Encrypt>
</xml>


2017-12-29 21:59:36 debug :
------------
String:
account-ticket<xml>
    <AppId><![CDATA[wx7f83e93205d2fd31]]></AppId>
    <Encrypt><![CDATA[17hJzMn+zHOcrIBNoEJrmonAfkCp2h3OV88DWsK33GN6Hon+4FfLgzgwMIjQeeJ+BOqYvtEMsViuA7E8QZ2SoUbgVim9fjYzMM7Nn525rmOW6PiwDYPCqkZ2nAZZHB8Sqtpk59B+xkQso5LeqhngG9p6JrYcy058KCQCWTFoRkE/51gJ6zr7+OQ4ZCVrDGC5WMUyCIGeCSwbaNB4fC3ZVMcmpHSfSxghVYtxOyDoXS0LuAuxECQH/wzxYAXw6bc6/nMZMkU31vjvHgscyeg1eX/WZP11VK0spXRoLEV6+25oRoartiHgGmuLgK/gn+ePGuEotq7C/qFN7ALr5CRXkTkPYnXXDwXjpPuZRNqz2Pz4bK5nva/FZb4cEp/c72Vs9nOmxqV+OSlnDhLPvlG8hny1hfXMFP60znPSpsbBHq1hagaeEuKlkP5VATL9wpUAVFNcfADkqKXR+UWeLxqwcw==]]></Encrypt>
</xml>


2017-12-29 22:09:50 debug :
------------
String:
account-ticket<xml>
    <AppId><![CDATA[wx7f83e93205d2fd31]]></AppId>
    <Encrypt><![CDATA[yfRUTau7dY3oXLNSiAYAnDcG1RN1E6ei0FEjyOTuNe3EUh4p7Hi1HXsjpp9Q0WNg/EvmBNMuoutauhpU5bJyzBKDz+x4ci1CShWiA8mXygqQpPNOsq8GsQvalvuTqIg0OiuL+NEaMrbLuYa6rX09iLI4NIaY9jOIskAI5v3n6RJISIyBqMOPV2JttkzmET9Go+Z4kU2dXGkGMMJ4yAcFB80MFAdtLywVOYKuI4x/zmlaw4fXMM6N16lU3RyYArOyKjTFO6OHa8GeoJw3xZZDZ/zz8CofI7oE03AF/COiDbF5WZNkWVr+t9FMqk8Mv+01YmyjsMgMKS+CxIF2GMKPoNscD0hKYB+zlWsam9h8DdPu7Zv5CeFHb6LQvuXL+iUu1CXzyjoOO5eCT0Xxf2GR2mW7Nb1GXIgSlwlW0a8A0vByzv6HM/Rj/hr/ou/5vym0Ash6wHlYI5GqpHTToFIqwA==]]></Encrypt>
</xml>


2017-12-29 22:20:59 debug :
------------
String:
account-ticket<xml>
    <AppId><![CDATA[wx7f83e93205d2fd31]]></AppId>
    <Encrypt><![CDATA[tGk7HRK2ftRotSZyZl1OSlRPmIR0m4rJaO41eVb6CLVXSDpbSX6k7dVnZgAhQtPA/+roN3l9Nif+phnN1WF3Yr1I+ppK3UCpAV588iOKP4Epu1e9vdWeDqWsfZKaVIh3D3k81mFs44jJUJ+t72lDgtVr0J+MaufJb9t38YKt9SDtLaRKgw3G8WeABrWUeziqXZHuksVxmAdOTAY+Vp/ie6P6+gCCOe6QvhPZgVU4/aHk9olxCcHwZIcZCFk74vxyNj+H16esQzyldjrqE9+im7hjRzuf6RWaJv+xlMv39Bk/PopY4f+vGKwtReM/X9PHOmpHPV/y+WAPYVJc06JN1/sHqLKzbWEId1wT2fsKPUT7aTwVstLDvvDYQI3Dj7junUQ0glQII5q+MV81XLLXQG0gA84gJ3BUn99t9cYXs0seYgCCEOzB08zUh3mJ7fgsu2oE8+Kykdl+Frt2Z9E1+w==]]></Encrypt>
</xml>


2017-12-29 22:29:23 debug :
------------
String:
account-ticket<xml>
    <AppId><![CDATA[wx7f83e93205d2fd31]]></AppId>
    <Encrypt><![CDATA[6dJym8y+gydG5ci6lSQioMHrkph7ihIBOfJb5WQPEFz/+N2kZYWk62BWdHWQigwFhqdagOFk+3zIW0CeX0gvLXs+/XtnbCUDhPlf5l+Zd/ju70Ijb1Yk6SO7FOJzjFU8ig49rx6wwEMHElH6S3M5pqNbIjz68Bc8nDnK5tRmL6G0MTb3PhgdY2TXv3KUCdPQMqlVEnWii1wCb8ebj4/fkXIIB80nXwgOFnSklfLnJ7rgNj+giqNHJBJCIr0XBYYpkNWnlP+5wy15ekh+sVSh1X6Ecza7YVBhDgUdzsROCE5j8RE2W4D7oR3176uqic91wAtbLSEFb+WrzIiRvu7/SCWmDqWegkcCCA95hcuQLlO3ipI+dJ4livRktlGrASyb745+o2i3EDU+SDCJy49qS7g1HMcX/dxXx1X2s2bFnFfDoIcnME3ktM7APVvDtGZcBiwy/OaBQd+af62O+DKUvw==]]></Encrypt>
</xml>


2017-12-29 22:39:20 debug :
------------
String:
account-ticket<xml>
    <AppId><![CDATA[wx7f83e93205d2fd31]]></AppId>
    <Encrypt><![CDATA[M/PUhP8CPUe1ub2UT5oxm/rcL96IZ5gaX4Zdw5Zhduw5TAxRm3kREywZ1aFT34ZVMxvUOj6Rmaan9B47ssAc7XWtjh5tOvRGnln3q4CAibP0GSopD4/T/bwSNXiyeDVAf5scoRSM9RlofNPuBQZ56x5mNBSLQLjhAMH0wkwQ6vMvuABtmXRajg8NZkWUzCl9V8scXwRD66/iaX2cq/h0zTyL7kIwH64viurKkKQOSM7FzZpTyTt7u1j/BRCv6TkBLlJJyUajOgcp5V8jCz8FwRyVP7pFHQztBFkgMUFdRhQJeZSxJIexxB7n+KD1thqkeUeKHXHl4/KPcDnunSr6z8W9J4VtHiMZEGAyfXdi0GoPtP3S1joffjGrdVDcY3B7+2ImTIEaCQhMbU2MnYSVjo5IJftd4UTgYEiDg0Wy2OkL1l9wS98q2h3aMQBR+EcLqsZTuwIhpjLwmaskHr2wkQ==]]></Encrypt>
</xml>


2017-12-29 22:49:09 debug :
------------
String:
account-ticket<xml>
    <AppId><![CDATA[wx7f83e93205d2fd31]]></AppId>
    <Encrypt><![CDATA[+78P6bs8mWZ38gpgH6Oku4pg/GOD9/9Kzocq+8dbTkhJdy7WRyogYFRXmLnD1KTNslzvoHoGyIqiBDIj6TUIzXhbvc7CC13rABtsrEMcaMnB4LmigufHw6+j9bRPowECfYWA/RGjxkliQChg/ygrWGdNyH3CxGLFm9NCME31z33ntgvx18/hGSH0tdLhHt8ozdgcRbvphsCbrbkNC3uD4X2K9M1AYWWN/8PbK5fVR/imhcCFruzIA0QnqWdECyNA5DLRQlYsU31aOSMdEr1xIJ3U2+Yo7wxDA4JwXUKsWkRqACjDhMtAiv8IuQpUS2hFYaXHgThpQC6TVLgCbq/OcNsztdseewR56PokowM30++wBzBFOL2SEpMB/RdhER/p6qp0d7IChyp35XkToFW4zNPVvUp+qpugHwqXfn/1pT4j3T415ax1tQwW9NCIyAUd4ESACAdKcDSniVqnaHqCqQ==]]></Encrypt>
</xml>


2017-12-29 22:59:02 debug :
------------
String:
account-ticket<xml>
    <AppId><![CDATA[wx7f83e93205d2fd31]]></AppId>
    <Encrypt><![CDATA[P1Bc1ssu9hGlb4WzQ892OGZGhPoCjbeJcTyq6wf0/AJPZOs3R39B8vEnqyvgiVxosNPYxt+Sz+IJgvujhLgWhSIjFxtW8IFRqHVZ07tLGMIj1fkq/Apa92RtSaGNAWYw8GHpHc3b3/Y8Boe3QQh1XYWmqc7NAd4YMOV+mDo/VWSAxHe44t+x1UYNB26MyWVjoNxrhC8SsF0GQzCZp8ZkrzEtXmW8WZD6o6VmD9fsVzOXV0KwYZK5IxP01e+z3KVg1+OSnjeKyGp5g/Ja9NYVApHlaQoPoOHQN9hMy2HxQb83ir+kJR1vVqHzFuG650qhIK+zGhE3mhlkUpU+g55QUKy1wLXn+cqO3cl1vLNpQoRrsLo0Sg7QUNX8SL7+1VMEhB6asGbrW/uLQ/97VqdhABCpmpy1bYpvyitm46mSB6GAJUwm3xEIHc4mDTgLzugJ499lgHfDg49YqSA6+msuQg==]]></Encrypt>
</xml>


2017-12-29 23:09:06 debug :
------------
String:
account-ticket<xml>
    <AppId><![CDATA[wx7f83e93205d2fd31]]></AppId>
    <Encrypt><![CDATA[zoAnee6tYiDnjcgwMnkfHa9cr5I+kk6ADtbCcCvkhR5KHmP4+l3m7hU5cZe3y593dD4L5mJlmOrYN+1ZEboQIfFNZBxoH47/iA+gt+ZQCBmIRx5zlYDyVd2oGoeskdpy7cJrLKKm3O7RR+ei6qCSagsKQlinppv6aQkQgqKz8C+DwWT0Z1urhvvz1angK/kGfCYiw+YL3bX+PHv9Nu1anUUtjB5lrmfsVc3veXKmhQpS9kt9S1Ls/WpuJbEOIxVc4TIcLOs70uT/A4abOsEJWRSc4iqYzTA58x1WECMG08RAsDJXF118UzZLlDpHNpWNjIRHGeQAKGhpT12t5GGn2+85+BnTg2X/NzzJTn5pwzeLm09zI3RoT4IPtU7fHyeizCnHwxCHvfjClOuR1YTmncfXrrF4+PzLkJ1sJCQtzP896s0nKGGg2XfO32VxF2Y8gzmONJk0/L0/KkmZh8JiSw==]]></Encrypt>
</xml>


2017-12-29 23:18:47 debug :
------------
String:
account-ticket<xml>
    <AppId><![CDATA[wx7f83e93205d2fd31]]></AppId>
    <Encrypt><![CDATA[j6cR9itkiVsFpIGcLQ4CDuz3hd5NiRQFN08zjsIEeRFV1G0U51WRb5vz+kirzDaLSbgqABmMrqvVIxrSJEtKt/CDXHvDy1Gw1a3ltx7+hs5TYjFtjZ4IH/TTLOZN6JMBeRYcOfIbAmO3lGtRU1ux0GnixAzdESIWW7Op/GGMAI5fxqvs+l3S6pucdbHPVnO8gspXTv6xDswWWLICALuxkOjhq/0z1VE3gHL/BbCxNLQ4IYqwPuKvttG8X4WysUNSGeLyJkx84MGVAx2kYK8ggj22BoKhmN2a2u/Az2fD06P35UFtxxaVmVfJVdMZqcO6qKYM8OdH62ffm/NLzSJH/ERct7fT7CnpnxMNKHr2po3l1+R7A+WLUkGtc7VPMyidjboNEcGAjA3CVCWOyJ3DWdbsNA4yl6v08XTX72lh/exBzEKVuzhoLaWkMTIHMHWLt1L2RYWH5hQTPcVTdcqFNQ==]]></Encrypt>
</xml>


2017-12-29 23:28:49 debug :
------------
String:
account-ticket<xml>
    <AppId><![CDATA[wx7f83e93205d2fd31]]></AppId>
    <Encrypt><![CDATA[De4lKkrrxm6tAQjU2ZyVWre6Hk2ddbZMwUM+8tvNKHppJ/joWFkqJKUUPw72HN3rmjgmr3D5gnL08huZQizGzvAoVRaAaGvCPR6yjfPN0xAS/xQhTO8dOuFZu3ZLlxLT+SMEPDa3eNKRZ5IP3EUCrcy7S/0Oh5Z7GyNwwO1NiOTHFpKvIezXoWwx+VuvoJdeOFxuj40+VHX45RP0zawxjPXbJO1W/M9OZF1lDp1mZUJqbywbpejScb2iXK3ig1gXVfp/T+x3qoLBLEZNQX8UPRawOr684FvL2/9bEUsJXmEwdo7Eiwj0lI88zsosdWIq+P9PCz41QBx2ynsNKz3NvnjeQgV/M7IA1d0X1onqWbiL+LXQ/ARb0YsbimMLSZhB48ck7m0Vbur9jSFVyK+4fAMqSbLtKBapG92WJ7Xz2qBLTr3PmpevcIRIW4yup/yHpiNcJTnvBVy3PpDdtsDaGw==]]></Encrypt>
</xml>


2017-12-29 23:38:44 debug :
------------
String:
account-ticket<xml>
    <AppId><![CDATA[wx7f83e93205d2fd31]]></AppId>
    <Encrypt><![CDATA[MKzktZp//L0GMIRKyb7IE0GXnlafCKTirrjDWsmSRKbjyKQWMkXjVdgDgapjJpTdH0940YOeEED1In3avvchuqz+pGXCUKKT3r1oqJizLp7+8v6K2WXM+2Eygl3eTey9VylT/HH5Z6ZKsLP66pQShZnp6zZCM7X2Qx/X1plrpbPPdtxnapkCMT9vLoQPdXLe4tBNQkZ00xCnwJ7BFAJh1Nzg7Na/w150bw4l5G2En4j0UTY/d6ChcMbWdoTM4Vfs4Zl9gLarVmqOQ2EntU0As0EWGY5Ls69jOc3HMZ8IVAMFDH96Zx+iRF5TRMw0CFnZmTSYYjOfEp4oDgfbhUuli2HvP03bYRxd/YAHRD67Xy4Hqo9UvvS5TSh0Pi0RQHwKu4RWWQGq3Fo2/qmQfaIC9u8cymYV16dkr7cSgLoHeXPU/wM4IN40Hj2ot+7cekhyF7xmLPEt2K0JRlVBSJ9r2Q==]]></Encrypt>
</xml>


2017-12-29 23:48:39 debug :
------------
String:
account-ticket<xml>
    <AppId><![CDATA[wx7f83e93205d2fd31]]></AppId>
    <Encrypt><![CDATA[2xb66bK5toniDAkFRnU1lRk5Fx5Y9KDZhamExJRSuoWnXVuvks3b7eN2L3bJ1/R+Jm8RjBu6UG8dtJ3WW7eJGwGUvfyOdyonGtQRMfcdniypzQM5gF/Ze2FdJvZLUi0nw7byU3IMPleOwF7b57fNxP2cOIvMiBMTh/6Qz3pQ19Cill44507AB2IC6jZiQxlofe9dYXlrgiDeob6y9IijYzEXkTKsj7SKpi/DOPuKxXQZ3W9BTKsXGC0yBG48yxVApqqCXDuKiy0rUtWLn5db6yF1fwxp/gDXMUQjQkpWzj8tqpVSHHspHpyNh8uf50lCxrHoSIjE1GFd4RRtayp7Ns8uSDZaaLHg9TZv70sPl/NA6U7jjy7i5SZMGqSIn4hzuSFZjJ04ibWQRmB5Hms/agtSRXHmCQ+IWJS9FKlO12d/1jk04omUvIrkZi1cbb8Hu33uKxi7iRaUY1ulYJVJoQ==]]></Encrypt>
</xml>


2017-12-29 23:58:32 debug :
------------
String:
account-ticket<xml>
    <AppId><![CDATA[wx7f83e93205d2fd31]]></AppId>
    <Encrypt><![CDATA[JDL2+3+LPZyZvgvuvz7UyuSGsvc3nHfu90Vt1aAjEca0QT09Lete7eLwCJWziOpc5o2527YNmZtmNSgCk2kZiWpCo6z0XGORjxRmdKpn4jgpHORN3iNXF5NWU/oafuKBBQtX/017+aUOkcalcY5ctLwSxPzRuRRdwiUa6QVFEgWK/3k4wfcJARE0A4EOzEx7D+sKXXklaVYQL7RrWbljTz4BtVzqVuIQBxNoHyBO+Q7BZnrZ5Obg7l2ujl2g9FSI4DgSyT71PL7tzgiFERtbP9exEsnamCuOY8nVhrAO4mlUURHXtmhIRxYtTpC/YHZ7uSjPNBszc2NGPsnSmzV37zzDhMs5jIC1uxMx4cVQkSHdwz5FAlPk2IPCPr90XtoQ1Nvq/i5RfNukxO/crbKEihy0rmAyGxY49vTLK5t1FA5+PDBluD/n6jBCScAzmLRGYHJhchQTYt+a73/VwlRP3g==]]></Encrypt>
</xml>


