2017-12-25 00:08:41 debug :
------------
String:
account-ticket<xml>
    <AppId><![CDATA[wx7f83e93205d2fd31]]></AppId>
    <Encrypt><![CDATA[o7M0wqXBwj+e8D5pAIuNp5wNPsj0Ft9BjC+lleS6KHO+cSSDxLKEEgpRceLkSGOySt8NLWU3nb9FIm5jq/IsHEmx5yqEBlBdvRIVzHDIdh1hWykAavuj2MDypDqBZaKGXHW7WU2xh5BN7qNTHNVMnHFHVUBKU+yj+cESWEL+3JTUTCq13bp3O9TCqKGyp0Lmmvw74q6AEjQHU9kR+M3CHomd3ZpAMC1dpjhmLuDXwIBeR8KIkec5iTgiSQJN/L1V1talHOahMN2pebNwlQd+hyPVcxb8V311x4s9221hl+o7PpvB9B7UaIkNP2HnGtKgGE7EiRNjz1KzFFEGRWTdakR/NV1Op0HQ1gCJ6aQ959RWZRji0QDq1asB1QfNXtTHZgCqLXpS7gkU7EKbnNqx5Y1xO8Sf9CuqFzqi67Q/JlwwYb1VwFHLs4lOt1MjxjOL5sz3S6TKMkH1a+dVVSkc5g==]]></Encrypt>
</xml>


2017-12-25 00:20:28 debug :
------------
String:
account-ticket<xml>
    <AppId><![CDATA[wx7f83e93205d2fd31]]></AppId>
    <Encrypt><![CDATA[eBR0icVH5PnLwVgDuC6CickrLYfBWcbX0xc6pkGj1Qj7gUEx9yLySlBuGPB7bAiwiJAp0hqIXECfxalp8Gyg0vqImAfwJ6cmrEwikQ+B0AWXQBXKtSnBJNpif7mWtszEDoAs+sWFK0s+2YC3bvzBizXJGM8yPOvbIFU3rlUAZbiNSitxSgbnlqdQfOChtwOl5+Z27KZ2YpJbiugXPWlh2nq72Ro72kYPtykYjDj0eKY4xPuVJxLuQwGt5T5Kk36vpxZcMDZMRJYY+exAMTUjkE1p+fSuZQFdO1koaNxYwvp0wPnWrKUmaOZvkhjquzfq3OX3XxA4tW2q2sGIwQt2WDR8GejOdGYUcNxmz0BlDdTnQnU2im8GbccJZMzFJoZzrp+6arzcuLwDbu+uTeE5g+LBWO/Py2nI0ELA24SXelwwU1O/DRxzYvsJw6iCnWaMKVV/7Xu0GoUbJPodaKf5+g==]]></Encrypt>
</xml>


2017-12-25 00:29:00 debug :
------------
String:
account-ticket<xml>
    <AppId><![CDATA[wx7f83e93205d2fd31]]></AppId>
    <Encrypt><![CDATA[TDrM6ij7q+U+aTk2b8SCaNm4c5YvIk36iJH11YV1Jba832JoUTBvSqUY7zpRHaVjckdNIF2cVjAU3KEsP+UCW/a9y8rQ7qWbvdgBlgaoQgqr9PS1w9aMnXxiPaugRVTa2T2JAYd0V6CtF7wIA8BPFdhAiEoTqJlvH7BvuDK0naJiYtQ0xpSWWjNOog7UJTHAXPgrwQE7atUD3RrydG5kgsJA3D4X7mDXZMgC0q9ahY+CT5/pqu8u8dbv+Gv2kYwos8w1cKHp3oahiHlZzPB++Fz18zjsezX26XxNk/2zGfZJiHQiOfcYm9+Fz8V9iR6BT19aaNHsWeiXDQFc6YW44V1FWbzNx9t8SRLUiFuBxDhMzvKI27YPJ9MIZvjyh4gR8ED/cPind0miHwoASP0OIIJ3W9rQBxmN23RIFH9zYt+Bp0SdEJxbFO6A90yfIkFt85aC5vXnYv5EakoXwwhijQ==]]></Encrypt>
</xml>


2017-12-25 00:40:38 debug :
------------
String:
account-ticket<xml>
    <AppId><![CDATA[wx7f83e93205d2fd31]]></AppId>
    <Encrypt><![CDATA[yQCJ8Nf4MWYOj0NpLHp/GFnkxJNnOONf70rD+G1agM5wOpAERu06I8PoSQnjstYZ9IVVc6Qwly4VBNdLoq0Nt2PTk5fmZPaV5/cY0gmLttHrVGddtzanPv/x55aL5YigSnPCq8mwi3i0naZ6PI1sWr8LV64H2VEW4Nion16+zDMZ9BgGq784wq2f3HTI2+wtiLJauEmT5jinI2twZg89CxY+1JAEUrTNuUjH5Pa73d1SUgqS81cLC98d4fAezsjl7/CdTqsrpMaP58uwyIlkomSYg298tFCG6bHGHaj5lbcpwuEbpxZmabFddnlM2YetcKXVflYFi7e2g/8/xfnQF28pa6IuGnvxO2ANeORzGUguF6drE/d+MXmfGuRg7DCc+t8Hq9hOBmIv42Px3ajGTVNKUIleTTrQa1glwkK01lVrgObRRzmgx6nOHe2gS/SoFoeEfmxR46rTtAT9X8Bvmw==]]></Encrypt>
</xml>


2017-12-25 00:48:57 debug :
------------
String:
account-ticket<xml>
    <AppId><![CDATA[wx7f83e93205d2fd31]]></AppId>
    <Encrypt><![CDATA[lahxnk83LvV8ULYyKpqIWDFUEBOi4SHiSe0oslPoegb6cyxF3znxfem6KCCQrJBgQtvkgo53SEpK19KLaeA3NdEdxAovxxF3WTTyCmpMKhsxK+RDvA89HVK1edoWPgj4Xo+G61vzH/8WiGUXPm8gVzlRZxM7H61zCkOgHDH5QpElzHUghHxq9fD7SgULsKKOgBdfkF7VA50kI3o7EtzGLg4W80SI1IUfkEyJPKhkCYNhbVWJSzG4BtulVrVGxPrfCOkr9qjYBcokwuGO8DvilOGIOD63hE8qoR61FIshLcgVVuNLrwkb/Cj4VUBz1LiSF5Y2sJg1kag9TDCXRi2nbj/G3sfAE3mF96Oaf7m12ROxdHdonX44LgN8A9bI+m+e+GV35j8ukWlXW1EjhJ7iJy7lYfnE1Ca9wMmPHEJy5mgV8OeRC75bpYqdEKPrF3+udw8CyJup2JZMxjcKFvm20A==]]></Encrypt>
</xml>


2017-12-25 00:59:08 debug :
------------
String:
account-ticket<xml>
    <AppId><![CDATA[wx7f83e93205d2fd31]]></AppId>
    <Encrypt><![CDATA[+VhHDrh/i+uYWeaySUmd1M+jOBDgBfgHtd+LJTqCO4s4dkG1gOSHROlS3EhBMG4pUxhNVGdP4Kz/CM4TwYGnNqOxOpQsk9xhN1LQ3Ebt0H5uiwL197ajyQ60g2MoKnJ1squQaGHr+z3Yr39KWnBMrbyrA0RAX453jgpShlF9lSeN7wwTk3W5h/4EpU3E+uwA19TXTk17R5qjwCKd5T6OQVvDcEnJG/ia4SQ8Cr6Lh9YRUb2UjBi0xU40Jdr9KHjqgWrL+TfLf3yX4xaj0MBYgULogIAg8Y8By4g8z63/pvF03hsdMOd1xKHKLcnrXhnyDVroNAFS7aHKPykDkLHNcPEVVdQuoEfibvdA+nZ1XGo8TtlS9zAzzGH0ODWhC2xzlaY+upIw6zZJgDDpCECMhZL/16iFWlUJGiY7F32Zjbsc775K33/KATqFBMYMzCNPAX+/LHJx5Lw/AuncOkQI6g==]]></Encrypt>
</xml>


2017-12-25 01:09:19 debug :
------------
String:
account-ticket<xml>
    <AppId><![CDATA[wx7f83e93205d2fd31]]></AppId>
    <Encrypt><![CDATA[GGVl5ESpK0IACSy9JunEyKwKkEof89ik3ujW4egfBrAlloPoqkt2xX50gzajTkHaJmZOhYNRHRDZmVsinwwGk2FQvEKc3k94Oh2jd8Lv5yoK07r209K4bQCIlHTsELG4a72+x84+00CajKFXLlBmxxd9lsQ7djilF1rHE0Vqae6JUZq3779GmPdVdRRNJi6umegSVTHUujv042t6ycQHeGiLYYeBwnWMXb5NW/2l/lBE5WbKg3jRhpcNb8DyccOOzNBNSNDec46/+HAJBHkunKHG/wDtarFCoNhbqIQY2bUHfGcKZWqaWq8thrY6FFmSWgiCDsBSjwstT+1x3v8EBOxR3yzuC3noPY7qYwZ38/XjyD8mbqLOzFvUUvJScSuWNvYykrWnyhOacnXeiVkyvvYhO729gizdPyJXiIirwdu9f7Rwej9taGphLpbSxZ5SxZNiNaYq/9z4JCbWJeLNTw==]]></Encrypt>
</xml>


2017-12-25 01:18:48 debug :
------------
String:
account-ticket<xml>
    <AppId><![CDATA[wx7f83e93205d2fd31]]></AppId>
    <Encrypt><![CDATA[RoAX23/dKL6tVfa4l6AcCk91B4n6i3ZPZ8JQzWnKBtzpXzO3TmwD8mMzC+8G7KRbikq4wVPa2g1TViMFpD9H8RpJjHOkUmZCTVXqDSm25jpF5S02ALdUQ4hvnMH35R8fvXjF51n8VYciOvVqmrgdNcjBj1HMdy+c5kUI6AeMsdsP+UTblaWR2/TxExnRCtw/mbV8X9sr3pyCTlut4oYOvbScbmf1Ift1xEiNlRmR7wlfLpCCftZXDarxX8aPdln34gRwwqefOF0z9QrvriexmAnAB1MDRn7sX4729bHamdkSC0l0zlog00yZn2BMgZNIjQSmHAR0tEFHO1kNSC5eQwt/5l8Rei8mU5N47ytmVz+1AAPLUwu4qAAYIrsxFXt4hJPCTG2qxjuWlFI7sKWe4B1Is7qlTl7LN1LdMiEXENGfiduKQgdlhoO8k0NKMQW5zcwbyXTiN0Zk9fbEqUinXA==]]></Encrypt>
</xml>


2017-12-25 01:30:43 debug :
------------
String:
account-ticket<xml>
    <AppId><![CDATA[wx7f83e93205d2fd31]]></AppId>
    <Encrypt><![CDATA[l0s33IEk+CPeBLR6kQf6N9Iow5oZYkgVXRGB4FsqeDsl+wsMvYUY3pKSYjJ6WP73TGU4RWk6inVjAp8ROuHwcrJKBxkEFEwVk7tO9fpbDhVL+YJKVTavO9mng720JRFYm3llEpNfcPQAG14l5NDWj8/Lmp8mEMqyLXFbntOpEnM8w8PK0sZizR85342l2nXjgQBmHWp0a1YEA31a+kC0Q4Hby7LHUqHJ9sbzyYEfjLv3Gq4pA8bTqAl25uRG+6bWmt+Js65GMuH6bMu4jr2VdSamjU4gmnxL01z32hn2rBUqIxLmnX/3wQJ6/hVbwgdijdNCQqpvwBkHkWNzRghQNcfTBFyydhKWbIADg33OTpCK47neSGWrOMuyhEx7A+bK7SO2IBDzNTwt4RmxbX3xykscFc/uMfEO5Ag8DHKM7D17nbejTkb520y/jQbjEbryIRAgdJ5Ma6kMdjaUAnhNNw==]]></Encrypt>
</xml>


2017-12-25 01:38:43 debug :
------------
String:
account-ticket<xml>
    <AppId><![CDATA[wx7f83e93205d2fd31]]></AppId>
    <Encrypt><![CDATA[9TVgug2njwTzf8qSZYQp3LEKsNXYtDaexS6RbWQ1HFf8Huoy/8eKcgWI96v0m8OYs5fyvd2T8ZMDjXmMt0pBpnHsWXvEGMvRHNYQYbSBas44B3KP28T5ibDB4TUyRS7stz6MdSQ/ZIMWLpAxlI81+JLV5R6uIgU9knPgIlUhe8XN/lq2/td0a5oTw0EUjfaPQLHZQTawps4Mb5BkCdGcve4jbV0dMnW24UzakZX1tLwXHhTLUAEw/ZXRs+CJ2ve67ZK7T6xM+MA1Sipu0NkWDv2f6ffr1TS9rKG1aB+sl/hdaEsBkGd2mkOGTpvFJXS+DVBTiR83rSyhpy6+BfdmjoFwdsNnxXvr20ffwiw5Ruqu+KFtdn2odsW3HPbs7ONnzffoemjq+3NRis0JKSIp1pqOI5j3yzzXfJOwmVwcFoDtMrq6Ci3Z3rYoNUgyJDQJmiFkFR6OYOLYO8+p3CyMmw==]]></Encrypt>
</xml>


2017-12-25 01:48:40 debug :
------------
String:
account-ticket<xml>
    <AppId><![CDATA[wx7f83e93205d2fd31]]></AppId>
    <Encrypt><![CDATA[BbIwwNTfoSZxAxV0UASVwshY/j1vLlC5STUy9iVMEsmSkLyt7FoizQ9MFMPeO1HhshjHIlvAeF6FLX0XJTCeIPnOYQfAWUcJRtbi+wLNHifdZe4o8iWWTWNPzDmJDuuIS7RBx8X+K2uCUbqWLM7KAC67OVAeU3I2OrervEtQ0icicJhxfA1Km6D5lSKZeo0EgGkFsLdtpV9H6ke2kHk7e2r/dBcl6+BoWs7/ASpPKXzKsBhvt6Yzm2Ijfb31DM3oc2w4/KhFlKwpMztD39mBmqW0A4ZeNYCHtc6l3SU+N1lYWWREkKeWQHaW0IpntLvavUQVCxHjlz4ggtiZRFBu8z3GLhb0TBAIk9JIMs5HJyWkisV9urA6qckDd7b1fZO9kE44EalQcE1b2hEG2zU//BwtA6Heko+znf3HNIXRoJZx4RrW5/eSybvVUpea+XgTyOtuB9O/N7WcUd1I7hMPdg==]]></Encrypt>
</xml>


2017-12-25 01:58:34 debug :
------------
String:
account-ticket<xml>
    <AppId><![CDATA[wx7f83e93205d2fd31]]></AppId>
    <Encrypt><![CDATA[mnU1qKC82ken2fQ1tIFO37n9MuVE1caJBYCayKnBspcM2PHJ39R7e0hZqGgLiBIMRhkt7jK7QdJb3fJU7mfUSKvXy+30c4RPDoiS5AAdcIadkWNflvleJ669CWSLyR7xrLd0JQsukBDY+FBEBikrLwpLLZRCGpg2BWFFWwCVICOPGWZs+UlnDxRG/8q4NDE4ZZA67Z0F7m0whWhSkGGw49z++Xv5BwldB4pczFl/W9NXel0uLMWJXfbMDsincw6ISM9m2sIa94Kl2DAvGdBBRC8Bn6p8TGsjmTbGVxlzDYEHiQgEeRbDPPFekbbYYbii6f7ou5uMuvq/F8D8JlnjEQH91JZRhR8OwiYPwHxhXalyKE1xyLccTsELr/DU2He+TmOiYBWh64wGAdGHMymRfx6mkC13qQnqR89Ywo3F8g12UmGpS13wWlCfHlnRlObTj6k7cK28448JZ3J4laMsDA==]]></Encrypt>
</xml>


2017-12-25 02:10:45 debug :
------------
String:
account-ticket<xml>
    <AppId><![CDATA[wx7f83e93205d2fd31]]></AppId>
    <Encrypt><![CDATA[ppAKeRC7wTNduL6hILHCESe/T7o8EQt9Fba+9pHu9QVgAU2slw/N8Nz9MnGlspanwqXFNUrKatP92mO8BGxQlLZlA/eHwe2ndEp91A/XhpWwWNYy+qm9RqeVwhOY7JJABDxRmU/8niulBu2jOBiDCA9usEoBzL2yfsri9B137seSnh220Ti8igOFpbpYzIoTHMQ8xwqSuNfXUv89xZ6glzn3RMUyJJTnFYBr/pWbNvEHSeSwNqKJFLfprqKmvVqU6iDDnU6lwJZMzgUSpiLQIBa76ZLH3ktToOrJ/p6Q0I0Ojmnb7umYXX1E3aW/Uc0bL/3uwLLb+hF0gM8+OG6j2HlZkLj6h2ThuXHAbl6gsG6DYLQdFxQwWSEvDQMHNpWjWH1JWYNtqwrGfkL1M3SkuVWFlZ5IG88lVqXF7XckkLUeHUT8TFHrNhcNiJFAUiAHPX09Kbou1E+3h7uqwTOjtw==]]></Encrypt>
</xml>


2017-12-25 02:18:40 debug :
------------
String:
account-ticket<xml>
    <AppId><![CDATA[wx7f83e93205d2fd31]]></AppId>
    <Encrypt><![CDATA[aZ083ciWhBWVKrT9ycVnXfR+rzJ01yMhG5l6ZTyRJXnKE2dZT8PX9SR3Tkkjt9V1UteA+XCvb96iWJr+t5S+Gy+c9XVSxtXxuPejTcoVP8nzqfCs3x6nd/W/9n6T8D484PpS6lisbfqGgs/Siu+3oU7raMedLp+Lrgp/6BKpdjjHabpmRMU1KoKgW1AAIGi5Te3t8jXUHLbGddu2iVijI9vL8GRt1UmBbuG+bjwQfyn4IeluewNMZX6vkoD961o3wgFKHVuKrUwKcz98obbIETnvNOUfHcHAB3jtwoPoihFje/opWeCQXIEhhLYmFe8CYyL5TUtqpa3rIYm2ug3VUwcCz1Dx/nktXF0w6wtpvVMJFfRG/rmSgmo7dgoL6mK8gTXZ5mUzh9SJdrQ/AlD/iovjS+tQCQTxR0sCxN5iXP7ls/RJB0QW/RH05sfc8zQNuMP8oQboPNN9snKFZPl/Xw==]]></Encrypt>
</xml>


2017-12-25 02:28:50 debug :
------------
String:
account-ticket<xml>
    <AppId><![CDATA[wx7f83e93205d2fd31]]></AppId>
    <Encrypt><![CDATA[Ne3b+v0m7B0zygpZXkL5uuQZTfIeON3H8qow2wpgDhvMxVlHIHcsOnniCISRyqzM02NwYp2oE3RVYTqLpHd4N6mpy+jpJYYcCaJE2HprUPEQoeWD7TyXcdpMRaX8mGYdXJKq7BoaswAha1B4xWebdNH/tlPt9t+OTS/vxF6Zr+NfkOuXaMEXOIGDVybMxidxRI/KyI1J5xH1Ovzt1Viyej4SzdyPX5OMW4S+2X1TgpM2EYikKWB4ryYHl6JyTmjWrVqCx8JXudOiD493r3Q7h2kEo3O1zNm1Uzh7HJe3cofI24lDwg9VMBq7XigSE1qwOzupgLPT0aQZ7mCEihvMzhO8YIGs4Jhh/iSvDivzO/fDkx7AeDowxVnOFrBT/VnL6rpfb/uz+ynhuTh9zSPKdjt2VnEDD6P4WWSj36wMomWvEXsRuP89x5iCMAfCP1lkZ3r57DFc6JEc4tEjW6NXag==]]></Encrypt>
</xml>


2017-12-25 02:38:52 debug :
------------
String:
account-ticket<xml>
    <AppId><![CDATA[wx7f83e93205d2fd31]]></AppId>
    <Encrypt><![CDATA[Xnb6t2JnQY5u+mDGQp/XBbjZmrz12lAnOZVAfJA6DT3bw+txW7XhsZpgQkJzEz1Mcx52lnVBvRKWae70/qBZRmbX/owz1dWiG2d+GCQZV2zXUoZq+RrdMSxiTRLvtJs/jPoZdPNK/QqUbjc4nplTHyEOS8m/eWPUYy3L/CZQ1bb+YCZuwMJP0uQ0syJ3U99vR37s+wJR/2G1SmMywP07lAJKrox0mV5JVY+hox1nUshBh7Ttxp4hFNS69SQG83ux5gRFAh2zKb2CRmzYDe7mJW6PO7EkIHXIt8YCi7stUDpLrDfWRAz7CRSjGF0OejgNuMjeMp0k9IOQwgm+N9jledG2ItT1iS2ihmltP30E7kpdY6dJn4O9lRrVDNqkyIQYJrhkODtxzEyoZ4eo708mqzhbmKyDgujmlp6h9xDCwqHKUhRVvjB2QY7N4LbkFpjzLKMvnqTtcp4vS/X/yrnntA==]]></Encrypt>
</xml>


2017-12-25 02:48:40 debug :
------------
String:
account-ticket<xml>
    <AppId><![CDATA[wx7f83e93205d2fd31]]></AppId>
    <Encrypt><![CDATA[NwRwjUak74GKRMnQnKFTwz8mwmm3eO/+1ayTiLWgSIwKj/wAFylmvzY/fK6eYvBS2TNdMZ4CI8wdNvJh9R1gDMs/sWpYTtZQSZA1x2RpkGMXvqaiaMQOyxOpHWbvN+8dV66kkG6+ajC6TvnAWAafkFB8ZJk14yrY53v4o1Cs9v3qGtPo3PNDmt0HUj1R5gn6Q8VSJqSEAY7pUguLDVEJwiZYMadnYadsdHMumcdesbDzl3lCXx+q61eTmeY1ejgCevIuXnlVadOz+NuEOKFxM4TJfQymIuur1zaTnYMWxvubDw+CFNvF/dimu7cOCek361yvvALIdawMKWbGH2gPQTlgkqvI6axKWO7zT1BQnacefZF6eZyPZFjcLwc2b/dj45+Tt/WpqYM7XGaJguJz0wFpnzCnn4IVC8Jixton0ChdgKWKVChYkD45Wt/myd2UTOO5aYUvpRDDgJjcDoZLlg==]]></Encrypt>
</xml>


2017-12-25 02:58:52 debug :
------------
String:
account-ticket<xml>
    <AppId><![CDATA[wx7f83e93205d2fd31]]></AppId>
    <Encrypt><![CDATA[8IFrj+VwhBMcxlY5TBeVgUYQ7j9DRj2qpGy08z035HibPm4iTgUlNXaWF4g2xPmQTgPXnpu1EPQ+/DgbtAEVmDspRhppV8MUDfdSHt5u0JLu/jwxpSWyPU8NCnVgFeCvOkBsdTnZXfOK8ll6wPnPoFPLu0NQ/bIiLTHLrNTn45bfnjhA2ojzdeVCn3jEwd87Lew71JMRmyO3ptsv6bce//MAVFaXmPuvAKAINISXgD0YgE1188K29YE9UkpQ+TscbGiwVwCXJV6jByWDCgVjPCnKDqUm5XbmtlgS/yhXqzWBDRLzz3j/NEOLcSjM+vXqcM2kp41zOTieD6qwK+kVJc1SZmkWfmzwd7+eyF69tN5sXkJarQeio2r0pRAlksalXNJeb22m8esuGXNc+vNch8crzum2UHE0NLZrprCfM71rR6M8iUIKvAaBGh0fmfvWjcrRzGoSDHHAaXH6PdnQPQ==]]></Encrypt>
</xml>


2017-12-25 03:10:31 debug :
------------
String:
account-ticket<xml>
    <AppId><![CDATA[wx7f83e93205d2fd31]]></AppId>
    <Encrypt><![CDATA[5G1khgs74dfgmbuhRQyZnbltCegvKa1F6RsR25N3q0CXlkZ0jK9rRZJBSBtvp0UzcyznUh+jXq+/XWKlCW/8xvENttx+17yRVJWbJPzCRAXuyKfCRyTojlSs/H96mjQ1fupClIXzTs24OaOWw4g9lzSF81vSoTfEyWZD8V6dikgRZW9NQEwFoWG9xPmGcSrF+zZaEnpozSJ6wOEi4PjZyORJity8X7c6wuilylhzNRYdrzj2vV5t7Ye33OrVPMq2f79WFeoYptP3ypFz2AS7TMouubL5ibwJmdvDbloydsuI+G1V1eB+S7Yn8uIdZjYx+Dcw1YgCUYNs1GkRj9xxGZlm9ZrBowPeWlJSzFunDm837azK8tTWxXBfXkGrTm9iWSLXjm+fl1YlLdjfQhbv1DyWiu2D1hx3kyKXxgklKdAgO3wkX2++zMz1G8CAlqFJCQScthLCiXIzEMzzJ7MptA==]]></Encrypt>
</xml>


2017-12-25 03:20:05 debug :
------------
String:
account-ticket<xml>
    <AppId><![CDATA[wx7f83e93205d2fd31]]></AppId>
    <Encrypt><![CDATA[g7G2FO+Q1sQ6zCRJUF9qEQ4o0bwy7fcWcukg3S6/xs1v8AuO2JnB8ab35XiwHJxCok6atB8ovarkOK6LjhSFhPbHBRY/IQLoHZ4Ri5C88QiKbczRtntg5qRjVhwyxaPq1RF3VjCW551uNAr0m49oqWp2TafZXmIb2Sl0PgctbGYpN4TKc23sZds+2FCbKD2pQV200VWGsm27Ci7qUOhjHQUUA4HIsm5yBcMiM52QCz+XzaC20u4VodjC4kQX/3E9ugO2myEs73fgsO75quvaJCmtQyQDZP5Z0dxwRimAL/JRlUnj57RY6/WFHzyOQlCQ94GqUGuaiW7qWzTPrebm3Ohzyw8GVFPYSmxQbZKdLvQcH/H417bHJR2hYjOp9zyJaEXl74t/s/qNretLA9O+g4GEj6gt5nRJoHk7BCQe1ind9AQpeNS5RJh/c+2QgSHh0l7hVILT7LUytryAUlMoYg==]]></Encrypt>
</xml>


2017-12-25 03:30:10 debug :
------------
String:
account-ticket<xml>
    <AppId><![CDATA[wx7f83e93205d2fd31]]></AppId>
    <Encrypt><![CDATA[s2KY99eEgg7pW3ibBkR8yAdaDr3J3MBwP/LWBo1pQLTQ3etO6n8Uvv/JWDhgQMf7x8RPvDEW59LpOSGVINuUxe49YFWASc+y2PLhS5a8R55CUvWG0mfxlC+Zjd3YSqUB2cd3lU8y4DYAOrsrOySR915Ze8uN2ju4TK5HCoVoIohJVbI18Xz4ShmT4oiF2gIxeIf0044IAA9PQRBlk+eWrkJbtkJsd6XsD8oa4CGfhYI/w6wbQR3jWSHaPDHOKq10dJgu4azYqAfV5FJDRgtge1hxiIasM363RpvGZfSL67Zs7tkvFUPbkwQpi/mUXIxWYdp9I4O55OZcIKL+1ZN5++VHFNpJjVSye6HBi1e48fCl3yihR0g9JN+vBRKCitJ+gkjcaOYrBUGkCZIiowtdLMxHC3t8DSUbikeJAwaO1GJuNGJuNTCyO8Frvt/AhI5Y3ZZuzlPD64+7BLu/yLbQGQ==]]></Encrypt>
</xml>


2017-12-25 03:40:06 debug :
------------
String:
account-ticket<xml>
    <AppId><![CDATA[wx7f83e93205d2fd31]]></AppId>
    <Encrypt><![CDATA[WtpWrkGU0uZjSMRWVWf90bv4ZJP4NQKgrZDNlU5ZUtg83uth3nvv2UJMY751JT40Tfc5nm4nh7t3/VyIzevZDaa8Xu7MVR5z+iFEzSIECjrO8SQ38QB1X58SAMqEOUKwdde3hWLb6mYDflcgkgLwkQKa737Rq3Qq16d5FWoiWZ3Fzow0QnvZLqPi8MtbAQsoG4+855PhgF1olkwCVbiBymZrO3wPyHgRvxBdeKwlgdyxnh+lzJW78Gk9PlCRguuun637WCfdlnrev5fvZoq5YWjIIhRCqxzNiOxcGv6M3BSkk7x/3u9+RbfwS5RJIbU+LrtPAIbFZ1VDuquH/PRrC3TUVJawDgYFlrzDUCl7yHOdk4eGKpSqGQZ6kgC2gdbxY9ep9fs6KVvfz0CjEoxL0P7SDmTVNJ80yDSTCPdK/H9a084dNQLktR1BspF4QKLBt3PO4NW1cHj88ZwA0OdNMw==]]></Encrypt>
</xml>


2017-12-25 03:50:09 debug :
------------
String:
account-ticket<xml>
    <AppId><![CDATA[wx7f83e93205d2fd31]]></AppId>
    <Encrypt><![CDATA[Ztqia+w6Gae69gol2Vb5PvQ8ePazbNpS6u5ouz71vLSvrz0i5byN0+DQuDKDVZAaJ5sdHr9uFFqJ4s7tjN2iCn9tlf1O5kEr8Z3C/5AHgXrLIDHipv5LzX3hY+cJ7Z6VmGFi+x9HniboFVFw9DaZ71fIlKRi2LfP198CUXMVaWNKlPFod95U7G2Xa2k8R4QZJbCyWahJBmDCHleo7zxc11GE7wK5PCBOmVGWEquiBZxL0eYJuIrz0BSDUa0zZoNma859dTurlo70lL8x9XUEuax4h2UXnFn+hflTLMtCIvs6KrFz0RcVioNeEmTBJjxI0ZNm+9hDWFt7YU5K6wb03VQg+MFH75NpvHmf3WB/6YuDoz0/GDjf30rT/rwERnSDI+16cvMkkMvxHysOnRbRA6iHSFzftkz/TUvCLHieHnk1aS7s2GEPy+ac6+TdujsCUpxfYHjFrR4PNVV1fqLdNA==]]></Encrypt>
</xml>


2017-12-25 04:00:07 debug :
------------
String:
account-ticket<xml>
    <AppId><![CDATA[wx7f83e93205d2fd31]]></AppId>
    <Encrypt><![CDATA[kAylGoCMN8+Oz52ZV2nmCtmaIx0btEqfIa+6PKBtdDVDdaEUFgz0c7thxMInIoyDcUcM+JDoG443QLNsT2QeDWkydLa7OeRh1Xr7KYzr1Iuhzrm2amPizLp2bG/O5asG5f0PDxIsiJwJZe1ecgfaSa507XXltnfJ08y4odKcdTUmMrCeUzYuYbfk7uthkS7UtGmjGbB2z8788mYdUc/RZHzGqg8mpIFb7h8sKHRi5LiwFv2I8OQBrf5kD7TEd35MnaXa7N3XZo9Xedd3SJp23IFEihGuLo3vKrCjyg0oIXvZYZtclPmKsrNk4Bav/nEF38iGTCaRxgUaEl78iyy9pDLqkmqFsZpPo+fIt5OiAMu6pkBHKZFKYzvbqnSiNJGzsCChDSb7EAt2Nt8tFo1q/dL/65hsWhs0BNZn4wKd0dhWvr2hjzC4W/JVSOKNa4yMqEU3QDL6wcvJH/R0Bj5EYQ==]]></Encrypt>
</xml>


2017-12-25 04:10:26 debug :
------------
String:
account-ticket<xml>
    <AppId><![CDATA[wx7f83e93205d2fd31]]></AppId>
    <Encrypt><![CDATA[KLk2dZc8MiS9VdsDwGmbiVTzrXgmPT/Repgx7rYYNLEDOl0bmmt3mTMPg5jK5zv1wO152yJOWpodbjWuXGcQINS9aqvUdUd2LMyBqjC1yDc99se2T5HcPqbXaScVUWlk54NOK62Obwpw0prA/GV4aTtZ7m9G73iuJLrbQzM4afmK6M9gwSuU6CKqdmIZB0rfoQPD9ljv6B3lBPl3KUJaaNwNsgAMLLvSXWQhKuiyWZ1z/4Rpe3ZtckNmzKILWva1iCi5VhEtPi0rJjGCyVERpYos1PgtL/alwPKr1UoAFRAAJGNmfl6BrZo6FU6RFYg2KYz11fK52cjL2smuh3vc3p6rI5VOmfUO8Vpkx7ckmBs4NOrGSCHpkcK5LOMFP+MHpXjeqge5e398p2eRP9GxLQq7RgSGiXVkRPdJQzzV3n0kKJJ3iw0sH8RjcBmbWb7A1KWVO8r/swxGzx/ipeSN6Q==]]></Encrypt>
</xml>


2017-12-25 04:20:05 debug :
------------
String:
account-ticket<xml>
    <AppId><![CDATA[wx7f83e93205d2fd31]]></AppId>
    <Encrypt><![CDATA[iCg2LuWl8deg4YsXR/ejWEmm4wvEuSa5ZVbGv8du/ZYoDpXrKLQxciyQQhZdgGpBemllvRpbk8/Yw0MaeFXeqAvgGzaZIxSTN1Tem+Y5zJELgsvbLO1U8loUdfaJ3cIimlhKc4wdGNo2gFuTa+1aNvzYPzSy7AZJ8fiRB455f4capdbzVqav1l5WmZ0HNwzNeYOTf8EwN81nq0bJ7bQxBbiYjVhAcK7Dtv/pkJ5qrm3FZt1n6I0wZUvIIefGTEZuZEtYrSIXLQzZWFzYKxs7C9eIuPB7/vj1JLKsnLdnSaeAdQM121X0YQ6HWkZvq9v+jpkfC5yXqoyXKV4bQCRimtKZavWf6PszUBbJNEjRgUkTLqu9G88JwZBA9xpkAHb17AEYNy/PJ/CURZwvtw2Dt+4g+B/PvDi+MOdGLS02gdL0x/38CGH7lGsNnMWt7JsPaWBXzi1WbFNn27ZI8fAY8A==]]></Encrypt>
</xml>


2017-12-25 04:30:07 debug :
------------
String:
account-ticket<xml>
    <AppId><![CDATA[wx7f83e93205d2fd31]]></AppId>
    <Encrypt><![CDATA[MmifeOlvZlAixriBxsyoilDCQ8vOnobmHkIzSPUzZditmvbfcCoMtw369nsVwRylP5H4FekLPt6rL6oKS7PEGqOEjUIRkd3WPkmGOcnMgjPDBhcUcdj1tKgnLMb5IL5TV8a7NnNKQFOMkaheTLAvMvTRzb1+jlmbc5P3keWFdE/xPs4kJ18psPfNYuI9NRJ8MKZ7jt0P3VQNBb2N43PTCuQZMt72vSkNebdlLm7Q+p7Xm7lIM1GZ8JE9LBcHjp1KOznDihb1eSBoWP/mFat0IWgYBxSbrMMKOprMFeJZTkciIdLHh+EtRqlv8ekZqOLBiTHFup7mAhQm8il3PpWpZiHbXSkBcx2h+8JL0aZYxCVjMp9oIY+4cJrIdrmM0MUAaZMukFKyOXeCalmGz6Tl7a3NmcxyE7wr42yHiQpOelXFiHOSPkr2oU/ANaUBk9ixkhzQurQMTMFOZCqaGFFNMg==]]></Encrypt>
</xml>


2017-12-25 04:40:08 debug :
------------
String:
account-ticket<xml>
    <AppId><![CDATA[wx7f83e93205d2fd31]]></AppId>
    <Encrypt><![CDATA[PRwyQR+yFjvSj61J08mksosMTa5TPthOWu2FxClkinVAMzRIfrw+U3lpnwnqUkqGhoVtKjW/6LhmXIyQ9wK8FhhJYOXEE+fGxyWyn2zoPQ45wu50kQI9xdBx0qegyL8GL+T2ciXSwCw1sm567XgD9r+PMzqvk8FcJUoBcp8ZqnlxAdHY6uoClMHAlaK6XZ4bXIaUSOZtE38toa9uB93WaycrVA0f7V/Iuh7qlRdIkrHItAfgtkuCNH9lH2l/XEo8W49zfG62q7rYDzx4tNfV/IT7scWa8u3SZ8EozjRvK94G2rIRDbtw2w469FvFnA1ecJhAS333723KQ051ey1t84SrP/69fhfhODajeHERq9XVGw5yHbEnO97Pm1hC4iA1To/5xZNdF7TCyqQQgKf3L7CYgnSs9hgY0Fe+6tU6AsrhAEyXuNdxQvY+ooffBtKzrdoQ3AYzguoLfdSnTGOAvg==]]></Encrypt>
</xml>


2017-12-25 04:50:08 debug :
------------
String:
account-ticket<xml>
    <AppId><![CDATA[wx7f83e93205d2fd31]]></AppId>
    <Encrypt><![CDATA[2gZfC7LQeurSwEWBRCn92OUoxZb+Y2Wn8V1iZqvQuXVELChJZQ3xHdXXQ5CIMA/6bQXE6Ufg6By3oI6JLhaiJsKyxM2+8mpC1/dKwbsH/pA1HtUc0rSIVWSOt0jjSnyEX92fgtIKttcUgiz991fcEdb/iJYmd7qxinLspV74hlL6+tpFzC5VOCcHPeM7WitkttG0bEuZp7F6gT5o+GaNgDbxqq9WmGzCFwZympsRPDIK5fyCLJ8gHz1wuuSgb2nAgDPCgnikVsvPKvqYw1OI0//WHY0F2H08ixrV8kLbWRJZbryMgmxmYTXSneyqqagQV2x3Nur+v1h8V9ODGaQi7ExqnQ8tSSftcItXrQbyzn40LTBMZICk6HwNT1hW69QQzSlNLT5owd2eMuNmVOYdVi8K1RXLeb5PlexGEKp8Tw3xcpcPH27EYAp1jwFuvIYAj/v+SGiXe4msmVKYbUk+XQ==]]></Encrypt>
</xml>


2017-12-25 05:00:15 debug :
------------
String:
account-ticket<xml>
    <AppId><![CDATA[wx7f83e93205d2fd31]]></AppId>
    <Encrypt><![CDATA[ZNt5U1zkxXcmEzZhYCkJZDkE+tc1darIv3H7KXty7ozgCfjrE0Chl5DKkexNZxzdmxqnO/xkF18nEX3q6lh7M/NgTEultms2iHTv1fvN0PYWnDcMUHLsJvvMBNx5LFo35HnX1dxeY/kNOabMtAlbpEWiTdHRsnqp/ioXILxKScC2mFNqRjLNjE+mbY7WesGzZbRU1mNDm2C+iSWWZd3bFM1UVZsyo9tNY8YGPgPHv+PDPmqPvrB1wav0amMWjs0aA8OOBwSxc6EQvbg9902PSxJJoc6IGi+jin8yNXRWSkjNmD8NKTjIIEZa+yRR3UwKI0qsF03y0CtbLmL4VVUmq0t9ieXGpysSbGwT1wNJQf8F+LfZ+Juh/dtX3DGVRQhetAoXeh2SdsSMWhzoMMpYIZV/vlfj1tFQ8jrmQ3Ii5h2Fw8UfHjl/bMpgAhQmMdpSMb4bHTtHY7gA5LhlOhInqQ==]]></Encrypt>
</xml>


2017-12-25 05:10:11 debug :
------------
String:
account-ticket<xml>
    <AppId><![CDATA[wx7f83e93205d2fd31]]></AppId>
    <Encrypt><![CDATA[IfMy+AUhRWdiCYYt1V3tqYoX4NMyBK0JuJTfeF4komWJn9FNJUOUaBCXh96Ulldx/oiQglF93P7Ip3jZBZkkt+PkDC/zi0qSqjOGTON8KhMf+YVQQy+EI1bmTjQQQs9XNvLYcbqRjAPboRu8m7KatT3ec8WYrzAvNZAD/NaAFGMJAPd/gE2jONoSUfC32VTaiDFYx1vOLvuK44JBt6bP5hBIkTsgKzCVlswrjdkPdH+zZvV43exTVpWJ78YpkjpN1C81E4ghP7AW22bs+CNKkvnQY81PQQpjTbw5XlFDwGZz/LaHubOmtAbDckpcMurdBy52tZYZIck0Yux3vu6wm+jkhPjs5FMAdSz9UJBuBpjszQYl+1J/ro0HN3U6IF8ovvFTWynZ2qxJ4bK0PdihsFtLow/qyd3OkOejFG3333rhMBNyEw38GN05pPEVSnVutmetv/u9qsIQXIHy4u3cmQ==]]></Encrypt>
</xml>


2017-12-25 05:20:07 debug :
------------
String:
account-ticket<xml>
    <AppId><![CDATA[wx7f83e93205d2fd31]]></AppId>
    <Encrypt><![CDATA[wLInHwPpmk+Ga2NOdXF78NRI87QqTS2X6i3L92+TDvrd7sR/9VRN6waDr79Vtx4kLqtNZOnQ3+saNc+3e13N/d6LSOcocuv84jj+iXyobM97XORxDJ0jZdepLGIEpkxfQ0XENI2y7pg4/8pDPLywErEH4zDCJgeuWFPORgbpzC7kTd2sX/aefsTJKIh361q7DDaN8mJFDOmJWZImJOqSyIMr/ATc0LZ0ZQlLflqAag7WpoUKCoVPbbB3LKag/dKrrMUm1PWnx5WIAiJoirfp+Y9iXflcKDNaNn8Yb9c+jlq7wGvrVi2ikSuEfxFsWr3IC/3TXeYZlqZcDqDAn3XN8idQT/oSMzguPTb+u2NiRqrnh4rMv3FP/LgF7QoHGHOcc5jgvPxm2meAEH64MUtuiVr2oM4KNWKpk7YYaDcELAxARGQNm0j2S7FKKxwudPFycIyaVKabq/doGWChhvZ5WQ==]]></Encrypt>
</xml>


2017-12-25 05:30:10 debug :
------------
String:
account-ticket<xml>
    <AppId><![CDATA[wx7f83e93205d2fd31]]></AppId>
    <Encrypt><![CDATA[KbyMahTqvBT2S0VY9BUPmgbJ3tns9+p2bpKtVeR3uo/uIhewHDroDLjuffN6u72XsKogUO3ZEHovdD0cZQxpfEvOQAV1EhCRj/lSyZq+2dnTjOHR4S//KBXfrgCNRSf+F8o6A/jgFprmTaFVGmvN7Z4/ggX3xRWNRrDAo1Fh3UVEtiIGT2Rpz1HxmqTEb6qkRHeb/D7gueW0EZqO0agLl/LZ9ulslzBIrLLRQvl+vTHoz0DPhyEBINqGlPSWsX5WI3vhJT/CaOAxnKCWgz5Mm8kg/nygKaQhH7kPqapFbBS+exGrEGGMa5ChHWsuLsSpR6hUkJJwkFK0phXKHjALh9RMye69k0HzIGNEybZ/lhiDCwytJc9YgYimXVmL1bm42vq5WovNtDtXdq1VSMvhdcrL6+dm9pIhWNduEdHY466Aoupkj2NSaLG9lwptaNkkuqcg2wpGaTSuyGfAYnBuRA==]]></Encrypt>
</xml>


2017-12-25 05:40:08 debug :
------------
String:
account-ticket<xml>
    <AppId><![CDATA[wx7f83e93205d2fd31]]></AppId>
    <Encrypt><![CDATA[g+OqdVcd4q4YpcIYdEKgZyC66/0Pr+pwtmbNd4RfWWErxwk8BwSEnqvjBEVU7RqfVHo2P56nXHTbCyYx4x2jSs0aftaJqerpv0XL7KuGwgZJ8GHfSBedFkAW5vuGFDIdYGEtc7SBDxvDByXZg9cj51p5zY3ip3RnC0guyKPCm9AqgCjqP/0+P+0jsGaaC8E+yg5ciNQO8sk2v3eivjfziK9ADp1xWjz3gJr2SV5/l4A7gQE0NnlGfeVH3HBnDlkipLT2jNov75QWPzDvjzbwLLqeTFjcELbDLpeIDI8UJ1NMZhtk3PxxKDeJdFKaVSQjJKjJmsTAOPzCMlq7xLBuukYfLuknzgFQ7+8l1L2t2xqyTZaipUu1u2VpUys9y3nfqhV/ZJkF4tX4Xvp2r0PezBGkzmMsbBImdpFcUiEoUT5QR17ic1swcI5PPWIoGDJkFBZIFiS4zzPjW8lM9MvfIw==]]></Encrypt>
</xml>


2017-12-25 05:50:06 debug :
------------
String:
account-ticket<xml>
    <AppId><![CDATA[wx7f83e93205d2fd31]]></AppId>
    <Encrypt><![CDATA[HutYCt9O/A7u/lt6eZ/u4ZUUY58aJFmloKlXvxTfAy9F/pk6dw1wTaSv2NzGoJPB/n6vky80R+WzgsMyx6WEUG39VhRb8+jbt/tEhXj7JIBHn4FSMYa8tHQHaKFn+/XxwMRTb3qUfm7NpfknhJwWgpsviad7FVBUedhJpG4XpEid7RnLYsckZ5HsDoo1rf1M6Tk8LMhAw4svNipO4l9dlsD2xt1ZUhNyHo0U5cUoHdmrOxhw05rx5x4Dq5lzl/qYYGRPL0jUb2uEJKPjBhS0XCahB8OeHTg0vREN3tdeDvIHlOEiKL2+NdlMISDiNLcDKSYPI+OB/H4ZNyRhH1JyyUYGkXVSJ3kdXeIbZbKEJHGyYWOwXUwohDixPRm9hwgRE5U4FskmOzg7fy4rpBfvfcwYds6g0cLBAgfQ6EkpoYjRtozDl60aPiHkyvjffRF9AGFhY4/o20m6D0UyENYZWw==]]></Encrypt>
</xml>


2017-12-25 06:00:03 debug :
------------
String:
account-ticket<xml>
    <AppId><![CDATA[wx7f83e93205d2fd31]]></AppId>
    <Encrypt><![CDATA[Bxa5W5L4HpyLkaZNrNrDirM2jg3lMFQEDF6P8zAtTadMsH4xnqltnP9Kz2qpLWQDks0WsEc6/9K+JxroOsiWkTvFOFx86fDNGmAPHVk5C3VdI3cYfDbn4/Ql5BfxtI6gmes8YObrjiCgWESpc7e45nQXO5Zu0oflxajimhEMcOgyhOFW2moQqgMxSb1n5vwJ6rDAmq5n/wer6HKubJ2Vm9B7sVEwN5FhDt7N0OW+WK7Pe/S9KEos3oWdGxHKqEPoqZ/N7/fUrB5mMGqLu0cPaKHEKQ9Irt7TKkFwUF/9DEAr+Sau6Y41J7f02cfVSBnom5QSJD/GfMnC2zVhydVfg3UQ+x9nMP7OQNxcYSy1oFnqZlOTDptPgju9A2PtfAKgczOZm9Xer88fABN3TTWzxgGFWL+j3fGRmnlE1URfhi4LwKqm9mEhBy50tdxwN1SoWntNBp+vK5l6SrE+2W0K/g==]]></Encrypt>
</xml>


2017-12-25 06:10:05 debug :
------------
String:
account-ticket<xml>
    <AppId><![CDATA[wx7f83e93205d2fd31]]></AppId>
    <Encrypt><![CDATA[wasM/1tglzvOxKet/S9R8jCAbQ6PteaZFf7dHy6xqZlwRoFdvsj9VQtYmoGxRGGkUF4r+vaLYMii6ZrFChoLNWrtsNFT8/wMtjXT/2/QGjzh4X+EAO0obXai7/NVw/vjjp5oNMfH2XbMQXCE5CSIfoLElCEy6crKu5CWL3K7Ll7JZaB+nZPxkz2QWHhuNek/D3YNb+2NjLdOaWwOjVN2oV//HlJ4kurW64qqXMbVqi7uGiCp4Zu50GxsjCggX5iKB2wdmfBoTA6r6EPpV6wY9JxAxAbUtgjBlNKKKXlIsrEOuP/VzqcxLkP6kLArkYgHrP6Z1XLk/j57aqV1fUzPkdsCZPbkHIFeURjTfJ8hVL7miX9hz9MBcmVwG2DmDzySNGkms3NWn+jkDD+Ni1StmOh2W3eM3nt7oCXmpPk0ZYiP3T5BR+jpYT32C5ktnkPt3roYyn2uNInBwy0yhKXI6Q==]]></Encrypt>
</xml>


2017-12-25 06:19:59 debug :
------------
String:
account-ticket<xml>
    <AppId><![CDATA[wx7f83e93205d2fd31]]></AppId>
    <Encrypt><![CDATA[3/PxyDW+VI+aC2wQGzYmqi5NRckFKPUXaEanksig+q8MMyILKFPx/kOpydex0FNYYTn/7U2h4zR9mToIWeQTHxIE1Dq0BKPwM+rPMVmf+XjtaYqm06w+ap2/1azgHZvB2+CMHifVEzpDNnIIjg3VqTz1keaHNT7oOCOG0ftzkD5WxO9lq2uB1aFa98gLFImD0rS2GDBbG9Us6R+XUBJWEyJmS9ah84Sfyam8wyxTnuVEHBkWfuNon0iwBQaHSo7pK6o0N4uPFKXatQ7YaQD5Jck0nz3Jiav8UMgoiZ2t3J4Gme7bPZn3VwhkNUPANJzJ6I1as2Cej3a2croJEe6LwbvSfbANdhhH8uCHOHWn89wr28uPaqOLj1lxBfoDjhR7FjWe/YJu34iLMN7w4G2aXnVqyTYlbcbfGFJyczskqilt7tH5TMO1yw3Fl+blpY+vbMZuFK9PRSeDFezl9NkEFg==]]></Encrypt>
</xml>


2017-12-25 06:29:57 debug :
------------
String:
account-ticket<xml>
    <AppId><![CDATA[wx7f83e93205d2fd31]]></AppId>
    <Encrypt><![CDATA[JoiGVDN/U2DE/AytP56nE6KHngW4KguPP/su7XId0g73o37t39PhJrVogOve2un/QdRDx7B9jbZYVx5WHRN4QNy0FtkJyDCqNiGMe74C7Q4JSClZ55jYiQNQqcjbjI0cdY7MLWLLMG8LW3WlutrkPv48CyNmbEaOSUXjA1PoGraD4GyW7PufjRzeqiVFyQ0R14b6OUVO1iRryzyoE0GArDwWUWVEm5KD61ngijW56qWQbUqBnztlXZZ+4UMapJauoqFjgIqcdnPwAxUYUGAVLry6wbqfSvS6XlXFRE19YNvCwBzoBK7jezVyVv0yTrg4HLlYhARfsSNri1h5/JxNH0EpdIRujF/0WV4J1QzsS5dxO2M82Cx3S33YuxW4K9Uer8/v05ekpeTfC8nVmM+hcPYHhItAedshaSVDUAq9z46nZttmE8gihqutWVbMCGbTh0AXOACe2u7Ujn5v15GrSg==]]></Encrypt>
</xml>


2017-12-25 06:40:02 debug :
------------
String:
account-ticket<xml>
    <AppId><![CDATA[wx7f83e93205d2fd31]]></AppId>
    <Encrypt><![CDATA[wVOQSijrKWKBEZlbaFV5jMUVI8vYF/LJQPzkhI/CgoltIS+QJsP9csSU9SEluCc3UgEm12Toh74t8VgftnLlYUdVdqqxdZeG3AdcMYHvQfWp+lv5668M7jxeb9tyZ72brSJHGLdft5IiejuDD51G0yqOFQbYH+rYp8GTSbIK0yqKPF+1pwl7cdGwG+omRalwHb2XTNJHJcPmdiRCUwHvKy88Bis1QtX0G6U79ks3iiCmJOGZ7ApTHJW3XY7PCRIirr2By+GXhnfGfcmFRFEq2jogheKyoQGrSrDHj5Rg1xPcD02IonFPFUObSI57dukFdjU/K73auwO767zejJIbEpTq0+V6nNK1VP35F2C6COIFdWoJZKgfVBCkSyrYdMRpRmrnl73LuIimfFldnkheqqhCcgYknbtsp/Cq0L80wFHNe/0NG+ByAs2KUiWpi80BNGq5MjM1sVZ04a/w6gH6UQ==]]></Encrypt>
</xml>


2017-12-25 06:50:00 debug :
------------
String:
account-ticket<xml>
    <AppId><![CDATA[wx7f83e93205d2fd31]]></AppId>
    <Encrypt><![CDATA[GDve7fQJybKQYGcE9HXqKxnZngmBzaGJsM0GnAo6/GsMXWJzVwdgZblPCfGmitDA2AxikUUnR9DNPK0jcREKsBksBPuWrPCzMIxx+Rx9PnH6BGGbu9Z0cJxh1jK9uQc6rb1b6GNm9RwhcBdtJIJ8YEmqoVU4Qu/gix73OpU93g15boeKdRQZ+VJRaJRAzBGNcOFLlw2/RMMUsAlkoZWlXZLJsRqjId9a9btmyVfIJrRK6I0gLxBkmz7y+O9DWaWV9gSow3/4cyLh+s++k7TXOgY9dOdjPSun0uXGlECQQdm/5U4ku1qQtRXjiCVp4a4XejqHiynGC7ktonUXRTMdAgVoP/Jbu690BK8y+6blmN5rPlmIJmauZKeXQXAbgOObrg249J8IOBNq3myGEbwialLbHi7XpYnXMmLIlIOgimx5+S+B0c7b9RAOsL+Ih6O9Mo5JCcEhkPfjoTIYfmApCA==]]></Encrypt>
</xml>


2017-12-25 07:00:09 debug :
------------
String:
account-ticket<xml>
    <AppId><![CDATA[wx7f83e93205d2fd31]]></AppId>
    <Encrypt><![CDATA[eK/cKSG7WqZ3xOpNZ46ARwffprG55S7FA4gpsNmywTG7/nqdBKbzFxlEKXMVopAImeK6YlZd6/Wcthte/6qcHgsulOz2gAQdzD9hpCIUCC3z9idlL6lKMTBYcTBSjhffP52FIC377PdrxYLdpRybJQQuw0t/NmRoDnqVbQ0CoG4RNfEdJrw5QK/pFgvt3FmWG3wWpqIuOQA4EfGB0qwOfifQ05ZVNZN4OeZXJM/XvEx1Q6AQqc7N8g1YF6StAczPAjycfkoQS1WKadylG5xXCteAWNb193hwaWx8XJfKTjxsePhaimx0WEuqmbRnPC6asKde3OzOsBBH3CC48YnVVvG+lst5n4SD6Y8hpoYynCZOW1vfocb/HRo66rxY+bZDkIltxB4soQCNLSyaEQuIY1qk1Hlmj9b04p+fZcG8XuZdvsS8G0Kbqv9dJHWF4wK/2aXJUxClxGn0m+Tzl6S66A==]]></Encrypt>
</xml>


2017-12-25 07:10:15 debug :
------------
String:
account-ticket<xml>
    <AppId><![CDATA[wx7f83e93205d2fd31]]></AppId>
    <Encrypt><![CDATA[DJR2mwAhqzEZWUv4ERwExsWJysTo02TxJTAt1/1Ja01TBp5y0aPuErNFQbo2cJ30joexiYGsyOtP8O2yxVdykkMgitGJtzuLLu4F1Ck5Kqnmece/8SFhU/4fdY+w9czcxuEo7ENejjf8Mi6pxq1IglFAgj2EFDSIWokhrqAQZ2Ro7ru2QCnWzheYcKNEYk2MUPmB/0sWjiTIi39/1TY/NqtqE6k9TmpmGY/+rKDsnFuHwIxgrdjHO/HCoHgoc4DXkJYo3322ae6HFr4cVYLiXly1ivrVDckgYoebGKPxy+wjcxIkAHTnBw5NXIwkoI3eGvZ630cCTjJoQwxnKEqb4V0ywIuEMCNuuLVWbubYo+tXdqPZdhzPx36T4upB78J1uOwQwyJdqcVBgKU3JpjB/eCYNR+mSO00Tdk1r3K+W6tXc7Im6/U1oxsKR87q2n1HwwwHIcShCStLg7OqmBrxYQ==]]></Encrypt>
</xml>


2017-12-25 07:20:13 debug :
------------
String:
account-ticket<xml>
    <AppId><![CDATA[wx7f83e93205d2fd31]]></AppId>
    <Encrypt><![CDATA[B/H1sMTVlnppMghBxuoOmgnPAjYTCi9RkTas/z/kAsW0I2uqU8zmylpqSUuJ1eBsrGLUvd/cH6+Q+zHVg1+97H+B//ulqhS4y7hFWSwBkEJhhpM9J0dyhFOuk/gV5O06p90gvUZTU//zPvqzL//5YWmGkN2/CWHU1Bhu6OK+jdyLIZ2+qzvTK/5VqJ5Xfhg8lvBqTDsAtQ7uuSXrCq3QNqApSwyPi9w7nMI0t5SZJKMSlENNI9dEJp1uLSILOnyaohNiESb2/hZQHOrdZsmCRBC9V+Z2eebmY/pO+29RfP0gi1dfSwhDHheqgXySvWjp5F0ywrqR0ZCYUpBJm1zm1yNfBqMiCDAaNNh95AjJRqF5XJoTH2b7Oi2waO/04+HXkbuYFhACRS1sNwo5dAKaELN/c4bjGLBu4SZHuaScmZHukTB/VTY8hBPJBCcoLlt0Cz1Wr9BrsI6EqayqB7BhOA==]]></Encrypt>
</xml>


2017-12-25 07:30:10 debug :
------------
String:
account-ticket<xml>
    <AppId><![CDATA[wx7f83e93205d2fd31]]></AppId>
    <Encrypt><![CDATA[eIX3rH7R4gmnY+iQmbG9j0d4ohKRqlCfEMpKYTxPaZXS8Hjk42VXC5km0M6AlufCbRYMymQODE503vwLwYBlCXB2j7UihjkqbGUfefnOgbjvUci0B7XuPN3g6HfC6mYZK58DNvIknWXRVaC/4bfxN4QSHIv3NOW1GSlfjaajFAXAG2yZncAerJfcAGgqrS2RKKtd1NhuzYM9vPQJAR7hsBfj/viyjAPz07tDOJm5/Xry1UKV/IhjazWOfQjV1ftWmknLrO3Lm5l8Ak/NRRfg1mcHCeDOIncZcO5V9hRi6MpoXY+/vH1d7VPoscC85a2j2fTIL98Ykf68VaQzs17Q5CZGyia6n6x1wuu8bGsbRJviHwSYRenf/B6RDIxyqjuQmnz4BDXgaE8+IiSTC88CRI5KIYJc5JQHJJFUvaNGE5MUe2KHMPu0sgjuHTLZj8fmsCLOWFXUHLSpheiSU+kyPg==]]></Encrypt>
</xml>


2017-12-25 07:39:49 debug :
------------
String:
account-ticket<xml>
    <AppId><![CDATA[wx7f83e93205d2fd31]]></AppId>
    <Encrypt><![CDATA[8X2MwpykqovDwZSYv8gAG2orss0AxH1ziNS/5P6NlPsLnKiOK2Hve1F5V4qopDYNnNJt3rhL/ZghTMB/BK9zfleW1OGPq6x+0WtrI2bEJNGG4Ft6yK+Sa0lNwiXXz65hyPm+zy5Vsi5E3YB8EpVNfCwGi2GY51V/q7L6rf4QyBwWN4elhk5+VbdChUBVsX6XdglFblGT8biQQFERjV4dgfp4lQtpEFW0m/ZdPB+RQ3EZR0khM0yEv66Z7q91sZBevtVieaNRVPXcoqMrRUqryp3SIhFuGA+z+/gUkTW7vBVxU5XlRy1v6OFprgCGvCpIrdd7na6UoOFRmS/Yl0wOPJveOH/NS63Wr1MnreM3um2fd2oiqCHjhWWzhr8bGyT6uw3AtYWDcoA/uNARbg773mQP2g4I8FZktnQxNkYw4jpSHMTRNOXKw7jyyUc1V+J0bqIc+48gjQD3jfjUtfMB9w==]]></Encrypt>
</xml>


2017-12-25 07:50:14 debug :
------------
String:
account-ticket<xml>
    <AppId><![CDATA[wx7f83e93205d2fd31]]></AppId>
    <Encrypt><![CDATA[3j8P/jv+x26JbfEBTtHl4Nnc4cdGW7Q0Xya98GJ5clWfi3JLXhPGsLIubeSkQeOn7UF4BY6aSYZZ07yn6KfwwKOsEHiDMuFqbwQY/hZ8cWiH0Go3G+W7WwAXbISeAhr713b/6CQEOutcLwuXqiQ6NJ4U3zcjmrILpk8bmJXhHOZnEp/SZr16BBldQt/7c2y6eN8ZLE79SiQFPjBiQpbYXUPQzJnthoMolC7+zNdwlTm/yX9hFGakd3l2oKxmQ+GZnbbRubaYlaDVL75S5exp1/iubM8jvNgaAd8tt1rfqmcSxWSb9zXm4wZSTA2bj4SwufAmPO6RDv+604GRoiUKsW6lpS2HEwGtF1/3eEOOR3lApWPzk4cOB6ZH1Vq3zQ9xa9vuLIif4I6RVVfPkcRWWM/E+Z6qoiZH8USov1Qt9fkAuL5sQfArN3c9rgcTfCdnvaGfZnVCBzWA6zl/bRPPvw==]]></Encrypt>
</xml>


2017-12-25 08:00:14 debug :
------------
String:
account-ticket<xml>
    <AppId><![CDATA[wx7f83e93205d2fd31]]></AppId>
    <Encrypt><![CDATA[ZHr4G91K7GJDxczrQPlTvf6WSd1fLKOe1FEyT+RdJTQJ4/h5O4IuBpJAJRhWqbor84Cw6ZEbHrTCONar5T2jIcRpMC+uY7R9Js0rWqwag3muNmMPDPaoopt/OQCP5iZ4evny+5XrG26C+u5sZ6+3SKZ3DBrhX+3INY1P/weD/Rgb7wlw1dZtaI/b28nZxhXe9KHugc7XFwSFBDD/9yjwXI7f7IOJrEbrLZQblWn+a1RKCCZPZjGOouwAgm4oyPRAF8HgYQvJjlt1YuqYDs9hz2V0Kw16QvkW/MP7WhMiO932tRWwOYnhkklv0g+ZF+QOlqn/cS/YJ3T23393pjM31MxjWnWD9uc/m2GJ6ntIGHx2SGQ9+N1OKcWojnkY7e8iZALiefOuwy0mtoHqYtNKHSjchSqi5e6Ztk+nYFRg3JG/5OVzf52kZryu7nRudDRBHlq5zm+YYxMwb0kvEIgw9Q==]]></Encrypt>
</xml>


2017-12-25 08:10:18 debug :
------------
String:
account-ticket<xml>
    <AppId><![CDATA[wx7f83e93205d2fd31]]></AppId>
    <Encrypt><![CDATA[QBp6zlEAUJBObSnJvrDvGfn2Hrk+5JV/Q8EhsausEpdTKd6RmBnW1z3Mn4eyMbSmN+HZ8LFwSFcfgo5cJBaE4JMXop1C2LwXTnXmVaz31O72PAPDXOqlq1/Z+SAleiy2+EuApfSw3SHKRCBLz99ER3gapfIjC6ejACePLb/+rQeWeQNt5KlnVMwe8Nymn1a89kFfcc5C1DsQE925QfNEdOhvnvNZ90W9zM9RPErE73btbGLiSHlKTp4cd6E1B3sH5t0lk+9GWbAKwmHuQwFiTGt+tiDcEQvBqDWhNn24If5CcWp4NVdPCRvx5GdAWp2lDGF4BhpAJ0AazV2bEMcJ4HtlyuZovYVK4ze24DMxbL1WJVz6YATQ7/tOHRDhyTThaBxXTt7gEqB0ooY5aectXg0prTUD4fQvxfPwMk3+U9a/bvOLzpZD7c9wt97kfCRxyXqFc7pkuWlW7EDIPWB1kA==]]></Encrypt>
</xml>


2017-12-25 08:20:20 debug :
------------
String:
account-ticket<xml>
    <AppId><![CDATA[wx7f83e93205d2fd31]]></AppId>
    <Encrypt><![CDATA[82s49PsBU6EuNu/n6VpYwO+wxxae3d9hMZvqUERqgPMQmrjE0UaXbZ8IbqEfb2mT9yGTCcH8S5OJvZq8NtX71diiOHVhZWdlHwlqk1Kf8LUi23QkmqHRL1KSxd7pKUipykJi3+kZSBoFqovAV8iwsmjwiswrn6xfmMzgie0bkQiNxUQbzStzuOeOqCOo99UmfkaYMr6wZa508NQ46xAmY+YieEFtYvFZ7BZOWCi7Jgdr3JGIGnX0rX1waLfddyKOBvnVp7Q3mNdIbroxuChj/BKSOXT0oAZ4YblQe16Xwsh5D2fW9OAVdtgdq/7UyQOXWrTayTw1nukUySFefZ0wQo4HdXt698LUIqxU/GDbGtCBt3VMGpvpk8tKCx8ToV24k0s1Z3W2RZGK6LfY2usCBtM8l0zTi1TqntiAQj+vlOl7m7zV7S0J/sS/mgXQE3C//ED6dvS6n+vqqRzUCDixwg==]]></Encrypt>
</xml>


2017-12-25 08:30:16 debug :
------------
String:
account-ticket<xml>
    <AppId><![CDATA[wx7f83e93205d2fd31]]></AppId>
    <Encrypt><![CDATA[VfN700ySiWm1raf9g4wTjvBX1FxrkBobzWtCdlHWzIBHZLJK5v2jQPsJnovk5KmLJrCB6plXC6ZMex55SdJ5181SY1QhWDrgtAOiBuw3w3/a7UncbzYhUUYVyTQ2unRBN6FDMhTY8FT1CkMQjb8/NNxhwVxR0eCKHn5YHn2On6IHDKcveOOcuF9r7CbzxBYTGIlwOFOt9RxhlVEk/DtgDK2iC7dBKeddUUrHsxLLHaTfFl3GflejDz7Zz/4fUbFYOaES52l2lZsCOA7GnlHGxWW0xyJH8mVgKorpfm17Q0vRiBMUpLObD3l2DGn1O5aElibozY9q39+svRILn3AHxiLq6D2jN1jBGhDRB/BHd6+ldKKanxQrzeYnAeg6GYKraf3Z26ea3HYdsjD1LAwgCNt8qoAwN8UFawweH8kyYHHafwqCHivXSy6irA8nmOvDVYwVMNamjqiGA5cRwYJXdA==]]></Encrypt>
</xml>


2017-12-25 08:40:23 debug :
------------
String:
account-ticket<xml>
    <AppId><![CDATA[wx7f83e93205d2fd31]]></AppId>
    <Encrypt><![CDATA[e3VhbbJvTd+meHAokIKfnMBRyj4RCW6W8abtBFVaZRrChrcLS+eaYNgmqoMMHSUvEQozdE0o82fqW/5qtrJUpkaztfgWydGFCeU11m+2FfvbbURPsXEcnoRYR5wuXh9CIh29r8l0lI/ZES/i3d/YCjob5gJVU08Al25xWsDoov9ZVZpI6hNOaX8uJOKTXawmoyCeYy7ni/mtrPiuQUw7GttYWLHwV6DBfJzMkr11d8ljNUpvyGtGy+ePelFfnnZYB2k58XO/LkIa+CQ3vlEhb5JH1jeUURN0shbgs6mFVZYznTK8k9Z5HYjweqbobbcTTQ4m/X2OUI7Q1gbS6oDE46wI/vcdSNOJL9fFub4Hs7e3ZFUvEHz2ZFh1vGIgQCmcORfvtx1jbqRgsdi0k5Q2k/M2CutVkeiqISstS/fCTtyB5tS6l7ASdbioo5qQ34RktyOKfCQEzCQ0gRjjwInEBg==]]></Encrypt>
</xml>


2017-12-25 08:50:14 debug :
------------
String:
account-ticket<xml>
    <AppId><![CDATA[wx7f83e93205d2fd31]]></AppId>
    <Encrypt><![CDATA[Ig13Pbxy9bf6N+9tY9lcyck1b4/TjwJlqPI/89VlY7XreJIHOVyyR1oPx20+V6zTqd1H/yGCbYUjj3wxjwZg3LceF3x8BtCrhjZalsOgo4XXsoltoXtOIf4ThqHtTR81gbXCGTmuSZlpEmaw5J4P+djIQdtg03Agu8gA6OFLqBqBbcyI33Tk6PGgR+UajgxBtJhq3duwNbbpbcfkmGxe7Mb0EY1NuNn4m8S20HwGa6/Q0oDq+hNWc77UMMREbstYNl0lOBcnttbIK1tTJa/PTHWthQjD0CQ0oXnB5rWxU1KkGKkcwIEiqsQ05XL1OlXYXkHf6BTFLHwq3dPrIjYPyji0SdSkvuYtQ8HmEVGYR31DgQG/QBcS4/fzQ5Dl4vXiH6rYs+g34gxh31hIkdJD6GcfH2RldWXvc1/qVzC+yYV70vy8Zg4j45j2RUivpOnq0YokHbNUYojhEM+qiQta5A==]]></Encrypt>
</xml>


2017-12-25 09:00:32 debug :
------------
String:
account-ticket<xml>
    <AppId><![CDATA[wx7f83e93205d2fd31]]></AppId>
    <Encrypt><![CDATA[luKPRO4E3ylWDNoiX34aJ/MECNivdx4TTyBcsD8qL0bkDfd+Uu8qcgw/dF/VzV701cHUFziq5lhzKaJGSloVJK+BT1p84rbM+/xYHXaFutg+N92hkHKnlGBBn4Wx8f162OS/xnrBNv8eUM+JTVIKyXzhzv61ZN40GrdFN71DdQjDwoPsRej6ISjbpEomKzKiNgZcEC2UFks+XzOVA7tptqNYYlcqdhrrP7QRLIcQLDcqyAbEBFHEvekox/TA0CVguiuIh0E68hPp7EIFMwFD3aMTRjDN9KqI3yfYEW084av6aJxxJKipqwfOPcpkSQJjIXUUCSpEON9lBmfESdzsJQBwAgTIFf+3GJOvcM1TTZVNJbvFtm7p+516xk7oWxGUQpJZb1kxeie/uuDtkWy7YR+12b15H1HOl5wPnq1vLReDjlmQa2B97N/iNh/za8QgMJwdNd1shjKceTTrWE+7hg==]]></Encrypt>
</xml>


2017-12-25 09:10:41 debug :
------------
String:
account-ticket<xml>
    <AppId><![CDATA[wx7f83e93205d2fd31]]></AppId>
    <Encrypt><![CDATA[hk0hWN2byu2lDK+SBzp1DTctKAoMvFr5ctSDZ7I8j3EBKHK6l2YS1iZjUuetA/QwlPNkypURdJgLXdnVa/AQ56CufVMklY2KVZpZBR+BrTI/YiBH8D++g2H65Z4mw4IbxYFkrtw2KuGjdM8XUuWJamqiEabbv5RAkLyWiYI0d6hBrfmZDPoK3QqeYuAxfv1u3geQ/IMTMbQhT3UikJYsm0IbY1L9Y54jjdaPF9ef6eV83XBehu1wjHmWSsWBE4o9uO7ptSfwUalNgstCkv6PChY8K9e7188vhsZcNGKJNaKBZJw/e/JzqiX9sM09ibwTS3hqCvfkhu5BKTA/zwcK84KcEJw7aoSnSKDWinocV28aI+/F5OgMhGVWJanp4sEeFp+WSsMMz5PQv3/zXNoLdHMJXYiqwdkmZ9UuY28i60CrwaXiqo6MTrQHaPBJ++V1U9uvMr+hrwfZSm5t1vSKdg==]]></Encrypt>
</xml>


2017-12-25 09:20:46 debug :
------------
String:
account-ticket<xml>
    <AppId><![CDATA[wx7f83e93205d2fd31]]></AppId>
    <Encrypt><![CDATA[cwMpeJZBuOeZpIBJzkaEhLlTxythbnMl0ms1Mp7NBhMVkj10hbzZ6cxEJd3ePOsvji9FxmNhbOLsduJ5lBwS+dwM5h9SDu/qK2pZ2RruAX0K7C+G6cNDJ5WcRjK+wpSDh+VknS8F9QOeEgdP1Ro2V681S364JTINVSqj5OPkmuaNvcinK7uOGndvjsFOoMgBI0lc/IW+EN6dxr55/G21p0NMoxKvTI/fcp4PEZYMD+IHrZIRrT8LGf62BijsvcMxxX+/z8lcsvijydIpS/bs4auzEcwEpv3ytqtINiy3JCgmi8PqN0ibiQS+RS63Hr16L4xOtgPZ8yxcpQGDbkaxhkQlGIBsY/rMPYJ6jreO3XZRXocMmJmCOInoG/YqV4TVh4LGvq0kzs1kmqKgR+GHg7RNpTGXqbRX8gEBYO93YqCqHbEc1nELvBGx7AUqnc8A9IKS+Tj1yEnd05Gk9hlgHA==]]></Encrypt>
</xml>


2017-12-25 09:30:39 debug :
------------
String:
account-ticket<xml>
    <AppId><![CDATA[wx7f83e93205d2fd31]]></AppId>
    <Encrypt><![CDATA[L7YdTKAv5KDiiVDaMn8Fnp05F5nUvmijQPi3bkpJrtweX+02cQL0in0MScV5kLuyOB2Tvs9eRYI3lfknbaLBoQBpG68KhhU1uAl8e+TW9X4JCY6pdc2faqQVqM9KEDk2HbL2qkQeze8yG+ibjWdQl9d/4+Kmq0ZwLaXXjCmhVAtBOR2Icf9MWT0ugxHMhKlej4ee+akSfJ/pg87BaWjEy71bj5amEfsEByF/gczW86R6xy5ije9J/RvZAwnDicqwYXd+bMbytFENLKGozVYi0cZpwesCR9iH/FHr7P8LVewwvTK7UyZee3WlqJHPQA1ZYE3mOTvK5ppxldOgvZcCwcSpCf5umj67iz4KvrJDBfY4bMr7PEl28AP3yMSyfJ6n6CtCgX7dt1EbMJIkMF7E8kzvuj1lCwX8UL9GzkSeRMRaEsaw4y3AxiPqIw0I5JrsBd8rhoORxiHcZL3MEyaUGQ==]]></Encrypt>
</xml>


2017-12-25 09:40:51 debug :
------------
String:
account-ticket<xml>
    <AppId><![CDATA[wx7f83e93205d2fd31]]></AppId>
    <Encrypt><![CDATA[oR3OrbFNqys7ztWJRbiRcJ7Ka3Hns/XSFC/pGB8ljFy57v8vWDAIhBR4tztTb7WwZ8/BiGjSY7aUYUuMTLE71Y2FS525RaJl/TTIW2w/wM3JWPqS/uC3BNyr62i1u9Mpe2sidFplKex+ON0uQPF3rKL+9Kt46FyTPvyvQ2khnPsxjbpChyVAFuDavyEk1OIQdWnXsPkvC5kIzTADvp6bZtnLPQSrI1n0rH5k2/lSmd9TYJrRAWW8tUzM68Haw9hEovtSX4sjDFN2f0zQFN2G2ER+Xuw3lWTRnE8dOX3aJTs8zGp3UwVDIZUZbXf9VdIqL2sprUV4wEcZW5rObffx1jR7N2cDtAxnwt8A9cMThfadMtyBOiZHTs4K06xHa1rgBi9oc0oJZ+mNBdxpSqwTcudaRoTqDhi5Hmc/oEFsSDYQNZBwqEep7aRyt4sr79Cf126BAWpoeE3Oazd7nBzUFQ==]]></Encrypt>
</xml>


2017-12-25 09:50:46 debug :
------------
String:
account-ticket<xml>
    <AppId><![CDATA[wx7f83e93205d2fd31]]></AppId>
    <Encrypt><![CDATA[Lsc9ORdgnJ/UItJEuR56W0wz2Tskv5O2nrWYwdyxKQg4pCClcNvBt8QyuH57bV9W1+p5xal1s14ZW+D+X4gq8zjdC53gIjAoWGrE1/NJpFSgJoWlSH8DSYEb+Xu8ws+1gYMB7DVQ8wm9FKeYX/lijSthQVzaXEbFdEWRLNbghYZllHtOHjxokmZWI8A57jSxN9EoPyM4RkaV5p71U5jV/x+keU/66Jdr9kqJfTmveLjEV5vcCQhEKEjUc3pjQ/ASgbzH2VO6zxFpWYz45M//PfSG15fO0x1UhalGiZnQ68G6vXehPYBI1qxEKcSh+KTyCJLXEHp6CN1x1BVanUSG6sle4G9KpWaByQjkTiQEE/y4PtoUborUyW0gWP29IqusUmvB8MWa1lKBmS3j1H70yqryGtV6YtwEwn+EFxrillEbzEAj1mRu7JHE+nB0Qo5bpjTYhqOeVoxudePS6h1D+Q==]]></Encrypt>
</xml>


2017-12-25 10:00:51 debug :
------------
String:
account-ticket<xml>
    <AppId><![CDATA[wx7f83e93205d2fd31]]></AppId>
    <Encrypt><![CDATA[EOEL5uqiPY58s8P6mRWwRYA/l1Xqw65MJRAwt0Mr4/oesqgUahIzDXOHTPWXzgCONOxdt3uSrFgcnvg6dihZaXolwMH7QchGqRyoSn9D+ju0Fsat0y/v6FdND+1NV2mrkU20bx5bpH+0VX5FJL+klXhlm3iihGJn+CQzOeGEl9c4fVpo2aQPBayPGFZxL5F1RKzX+w9PKU5Fca8Z/EH8Z92iyGhmkdjkCNbkAj/BCfd0MJU7bBITjkrAHv9t73Khl+nq8YBxrYc/WXe5coac2EqXDo1LX20RGuy8KY6k+/fzn7b8BIouct4tPZFmIPFNKIskv7O1tQJIdqZT2UPfFEErZYZ5FL0EEmnHz+ZsWDHOLt73YPtKr3KEYbO8QWSPXHwxq2MIPMRDLfDbPaQ5QvOkS/ucjcklO1zNKOeivhsmKOKLi0Gh/0AZKLNTdzcm7F9251RYZPWS9DzcmGtwjA==]]></Encrypt>
</xml>


2017-12-25 10:11:03 debug :
------------
String:
account-ticket<xml>
    <AppId><![CDATA[wx7f83e93205d2fd31]]></AppId>
    <Encrypt><![CDATA[tibEcttq79Qcue+J20HANzQaKzQcnu2r5R1VCEm8Oy7btMe129jaPTdbGK9RcYP1L0TIlwdJvwIfcSUnROSg9I5NSt6+7eqUGelXjW+YsYXFd0EzaQvi1l+EaDf7tnZVep887rKrB/02DWu+NIlvrc7V3AjkOqmSO9qxnZM/p9LFYjrVAxWDvmTS44CRfiQA9ubXddUZpw0p9SfzTNS6CaIGFBVMB9+IoBUQsq2AxESJH35xiMROFPfYZ3yEcLprd7hU9QXTKtaNC4GlDY5A9uvkD3Ir4cidr9kOnrGJfMnEF5O7Lr5pWduIvpt1jvDpfKUW50UIRoRtBpeeC2X3sR2pibF4xcRzoNtd/V3zO6uL0TpD+Z+bGMxoChMnKvA/ukpiHMOsYGLAY/sglqsbJu91apEjFrL2fXrTuu3Rjlcy32UD2M8qUjdmyeV0lAiQEKu0Q63F0/zPmzfrv1ucnw==]]></Encrypt>
</xml>


2017-12-25 10:20:53 debug :
------------
String:
account-ticket<xml>
    <AppId><![CDATA[wx7f83e93205d2fd31]]></AppId>
    <Encrypt><![CDATA[qCBBIRdXgyPd/dRr5RcNenKtGVtMIVqfrYPo+MUjdl/C9HiXDSnKoQhUBKtHRsLHhO2/JYNQCrCf4CzCa109ZnCMmUxqbUIX8VplSCzTHC6Hy9fFiU+0AQZiZ10NMeABAj88taQgbQ1X4gprfop8Vd36Q+xgSxMsIwmDWCqSEAyxSpxJfA8RzzysdUjYdUTQhNdwtZ2cwc9+69KxyLNVSE6auXTl2hC1M8H53vxZEC2OmZOvUSNIWBoYlYgh0NXMqSk65T8jqcTKoDV8EZdaYu4uP4WCh348A+jreY7Qc0W6AdzOVa5zuxk+4zmUHkZJeBA6stZvanC5eoqplz6AGzVTuuE71oBllFIySAvdA7uT75xeL7Adft69Bcrx406ukDgNYEU9U1wx9Mm9X3Dm8IE6XL0kl67/BFRRYjKTJ3EYcNVsxtHktbEgRl2PG9396Wn8DGjYC2h5Sso3rKWGmw==]]></Encrypt>
</xml>


2017-12-25 10:30:54 debug :
------------
String:
account-ticket<xml>
    <AppId><![CDATA[wx7f83e93205d2fd31]]></AppId>
    <Encrypt><![CDATA[q4afckuHXH21OOBB1kjV3luhP0JMx6kI/BxFTP+gY5yWuRouFYNBAX7QiCNVbxf9bP/D4RixIXiIcHSF+wTx+9cBTVZuvz4vkbPj63mauEzaYlCDMg7bh7AJftY10lDeKoYpm2+LqYWoIK4/r+OQHAgmOL/fowgWkTHx4n7Czg32u/iFsyGvVmNdy6QNduIk6r6CutiRZtWnOo0/v5fglWFF94lwFLFJW9HfuUbBTJySKUV0SemT42ekZQzU+7k/CAZUOBkWkGtPRLpbVaFTcFlUFpoNv/tsHuif5chSWis5StgtB7YxtkyVbp/EGDIoDSH+bTVsp9duwiOCnG95t8POLVENwNE5eeBnuLyPKTF1vJwPM6Ad3f0ueYffXcL+Nzbs+0qHGTlUFi+brG/RvR8eI4oKiU5Zlh1EfBm5CCSkvzrApAk+pOD7gsIR/4sZ2HPhByJSpfx9YqGo7todAw==]]></Encrypt>
</xml>


2017-12-25 10:41:05 debug :
------------
String:
account-ticket<xml>
    <AppId><![CDATA[wx7f83e93205d2fd31]]></AppId>
    <Encrypt><![CDATA[L1ZujK95rStdYhz2+MQfHmVOic4azMpmSdwiLR1SDb3Ywnde24BN2/rpaYs/BIYju6jupHWclYt/ATFsb1ntz1gAa6HoLLDAPucz49EUx+9yxBSMkw2T7DVgjqw16vWfQaLljitrjjC4fjxgzyECsHbgPnUMdPneibdMynBt6Ca3s4emY1/ljGweNeUQ+LCVPEVXyCnV14ar59jj2Us3NBWZQ3Ae8YYNMaelW9bdhidwwvnN8PeEZfMU1uk0mKZqSA8gWrfNu+dJe1WD5WY9kQmEtkdXwNGNx0RVd2U8rDmjGmzasc/v1BOqN6knIMAD/L9U7wn31wdDf8gXtxZMOVuuqD7M7tiOgFjrg522PjK/qTDjiVJYHuLud/ssxHTU6HVPPE21Jjfmr5NTNIanJid5keQ+G/opvZIeCBQ8av+4xxAqh1ZHiz9KG1NHtv5augbLKtAO+zOJ4zlS2Eq85A==]]></Encrypt>
</xml>


2017-12-25 10:51:00 debug :
------------
String:
account-ticket<xml>
    <AppId><![CDATA[wx7f83e93205d2fd31]]></AppId>
    <Encrypt><![CDATA[zmxy6fxZGJONUKdFC6t5kT1qaAk+EckbQLSmvJGeuZyrVbo4XXvERo//zaleOtPe4k3k8sm2qs6phc94G5+tkomp2bKThS4HKI9qyUNa4cO4rf46LYnhBQDzz63xSXGm2a5h9V6dXF6JFLNurf27lKG0MzZYStaqM51alI7wVTf52Z7sajl2d3PNL5xaH+UgzPR4lYvbPjkODygoKmZzriv12ChT5FvGKLL3Qtd5P9BegAVvAKeG7dHGsMrhTtzOvuwUZ4IBtGmdXKcaTqKsF62zHAFaCryJ+Ur4wOZdRfH0pdkDE7N6XxVJHOeRxZC0iisayOcqre8kXFJkZMWVl6a87TcOI7tFL3xLXgtCuverddIwmjSpxtoZBh/cdCWalSMsVfuGaemLSoLFt27DOPc13/e3okP1cnyHGMHUSei+T03gVFIaCsoIiXGVHU445NbEOtHNl+MUE5FyrBgZGw==]]></Encrypt>
</xml>


2017-12-25 11:01:04 debug :
------------
String:
account-ticket<xml>
    <AppId><![CDATA[wx7f83e93205d2fd31]]></AppId>
    <Encrypt><![CDATA[8Q0tYNEYBHIP2QMsIg6v3WXIIYPdlKkpWQgQpnqwi1dPN9M8gDqBjLNXItJJqVeQhyRmi11Z81M6Tvmlb1duDr7mdNIqTUbw9A2juyJi01TleFmWjdFoD121OWgy0acCRTkkfuo2xMpg3asTIoaXRStbBJXUVj6JxRi1Af/6YzSG13+X2z+i56yTD0anPPOmL66lbV26H7Jz5PmJ5JO81TuES0n3YTXV72LQ+i/bVwG4HI3bhDMt7x/SAHYxrHlqFtlLrzFyxnH/nJ+RuvnjP7kfLPNeD1gmDA0GknG+km9atjDLahIue65etekxGTYaYlaGhwoFaHTF6pJGk4Mb6gVc5cbtDsbyznIj0UhzJQxIBT5YfI0bDkB0n6Aj7C9aPpp99kpp+p6scJNjPaU2WlgrBIrXyAA2qoV9j1uxfHP8jepSHKrNLl98uTN4hHDjqqPvSfzF9TZWepw4dbM3zQ==]]></Encrypt>
</xml>


2017-12-25 11:11:08 debug :
------------
String:
account-ticket<xml>
    <AppId><![CDATA[wx7f83e93205d2fd31]]></AppId>
    <Encrypt><![CDATA[2xk1OR5N8wP+DC61zMEmYZNVynPqaV/McbETAsWzznpFpZR3JjKucvCllGIuLmo3+wJgqihddu3nQLOATqhuKycfDU1ZrpudwbJxIIZnqFfWIN0XDoaRkFWtIAcnkr5Z2seDjiOV0rr/yERvgL8K6McU4WORiaRsXfLL47F/SZ0ImOVGY3E+NfWN2hzrMujgWfzMyYKsFENJlH1zcoYlbBnbLGqXoTCJr1fins8XENpA3snodKQC7ZBabEqk5vLCrBBdvmYfvd6nMg1vv1HcFrDnijC7TBsFTpKHD3/xnBn4zzeiaCYNKOGxrpNatbgM1q5cIVb//KKyd6kONgtWP9E0Qton/RpZxrkWXKMn4SWRiEDTwn2mJwbKjdH7E7gF4vPRnFbNMWLFJuuXXlWLqTgCW3LLWvse3eJrVv0kmFeiRvkh4Kdwd6LvOAWXfYisEZM+jZmZmaROK/BECDqVeA==]]></Encrypt>
</xml>


2017-12-25 11:21:08 debug :
------------
String:
account-ticket<xml>
    <AppId><![CDATA[wx7f83e93205d2fd31]]></AppId>
    <Encrypt><![CDATA[wA8+z2TtklrJfkZfw5pgyqFqwFaGshe257d9wirI57ml8EMm/NwvxNCDafpkPDH4eeG5f6czFYFw4M6K/FoRY/8t0dqI9ixGCUzh23me8CoQeexKT6zGxb7ufDZKpXsEXyNzB++HwVasrTNQzpuCYKnzQ1cFNZYlSJMKQDe8aR7xxd+sgye3CR40lbZ6rkAamWvDKPBKjugwagD0CJe/zk5CbPH+Z+IaQECkZWncrpVLdc2YVt1dsiDXiLdGZwn2OYNDrIUFTxZQSY+qn68SR2EpRtycf0sOm5y4UYU17SmVaOo75eA/ZhTforZi5JcA6oOA3glFgyGzGGqbnIQjMCks2eOWuXhrcMQ0DzW6YOnJ4QeNn92V0k1UD/Wbe4V2bU2bBA5ZNp7Oz0k7Xk54qIwvQyYfr+wlsAL3uvUWCpAPTJb1eUGFIIWm3IFYz19PcbLQlsehdDDsvv9TEaBpcA==]]></Encrypt>
</xml>


2017-12-25 11:31:06 debug :
------------
String:
account-ticket<xml>
    <AppId><![CDATA[wx7f83e93205d2fd31]]></AppId>
    <Encrypt><![CDATA[EBaPsVSi7rhUAJJlc4vsJ+5mla0ME+11udSEZ/512tAT/1hVbagv5c04+PB0G1dg34FMHjyLn2KENgW9NzAQF+eTa8ZsuhevgTvu3fHLHiwZpnUJ0H+NRL+lAPimdmnwBeDl7zZBrjP+eGPWADHEYG/p5n8S9T1ONVO5Crr104l2sZ8CtzsAUErobz1E8euZSOsUImCqM3T1m2iQo2I7QxkI/5x9UcDyPKiMc5AxI9S1MTg516l0lRmaFHrT35VI6RZffWIUNqhmfD0wrup+Hc+YlIdJyEFITisGLxJaMkFurUm61ZSOgvpCcGmI+zVf5fn3468M7qFDrB+NQQMk3eGqt9pwYeDuk2yfgL8BTRkDqNu5abB/7SCHcRmXNEbeBU3l8jvR6J8HHgTfUy4HheZefTayFA+Yqwlo+0vARFXLgYVFxvWgb5Umnv0D/xUApE76v0xeDcuD4ytJbO4cXw==]]></Encrypt>
</xml>


2017-12-25 11:41:02 debug :
------------
String:
account-ticket<xml>
    <AppId><![CDATA[wx7f83e93205d2fd31]]></AppId>
    <Encrypt><![CDATA[Mw11wfzKFyDiF7nS1+5qonbyK+gFYkx/m0/xruW4Lmdhh4tNtg/Uc5bH2iqTLvPaqb7GoZ4rgmF3u8AG38lq5x0trVld4KRXh0HD2/JY2EWB0lYxHde4zxoszmLVQ+1+WEdcGwrvDSDIZ0+HT4l+VS2fa4q+uojqkFBYkW+CojvU2g7tEgEBlBveNgbyOdt7YDupKYm+kPtv+eaRtpTONbQHVdE2IAiJcEtLdG+ShB8QWFL0fWWbWdGhK81vOC3aBLXaTi0Ke294q9bogMGcxsEfcEOJSfTW/O4Zu7uAh3SrP369fooxyddCi3FiG/e9QAlLZzmB1o0olPQSunlgEUmjAVwWt6snrYlXg9NE4g2FlH5D15eW7Tv5mBbVlimeNj2PFc+e9HNZytZAjqBZaY7zLEIaRvZ6zI1ptJVZWNF/xWk/QoUFAY2Tq+a4nyoRm5Bj/zE3BF/wa0bnlPYhKg==]]></Encrypt>
</xml>


2017-12-25 11:50:56 debug :
------------
String:
account-ticket<xml>
    <AppId><![CDATA[wx7f83e93205d2fd31]]></AppId>
    <Encrypt><![CDATA[JWEpHbaK9k+5lksxDGkEqrxDZTMYxFtdbq28TZ9bKhGljYMkzXXsgMnXr6mOCQrpldWtJirLmExkucWMEgP9k2tBF/HUekuEKIK2fArSdXHIVisjgyXOShoLeRjHGoEG8yIDmNxLR7Z+mJS20SNuPoTijXq8HAqbkdCQjNAqXC7QiVVdzBHAnEdfZGd6sR4nVBbzF72JPVjILtAILaCVNln7/azaTwDx8X2Xz6IBOjROyKo3LwjiPm4MXmf2o/yKBvlWbQZMAMf1BJs9bGgT+QElN8xqL8LilAtQiLfATs6rQIbNX18xgEMO/m/HEy75KoCuj+ogL4H1v751fIR/dVXRTouWI9LCB/wUGD9tkwTMeLdQLHkF4EDg/pTrtbP0y8xl3Qh5C/IZBcbONLYRoilXAqPi9UZ9O3cruXQh77wPOoYy+4FCv0+VTzl5ZTWlLMGtBsbOfRldTaY/IwnCJg==]]></Encrypt>
</xml>


2017-12-25 12:00:57 debug :
------------
String:
account-ticket<xml>
    <AppId><![CDATA[wx7f83e93205d2fd31]]></AppId>
    <Encrypt><![CDATA[tTqeznPKAaaro3/Yr6sxPu9W+Q8+aMJMM5/oUEKlwkO5YHfNy0TwiaIXg3JPIG1FaNvAelMtlKlJIoeWqtUb3h7VSTfYpFCmN80Ja7C9PTQyqqYIXaItSpQ8LGtLYbRbkTah3AgMXRqgmYqmbhVBTPPPEfS8DZSX72/njdqTZsfdC9MfqIeB3Ou+zAP6rTRzooHSFTNnSwxCSEEg4/qHr8E2Di1Cn3vGlIeSXc2msSQGAKGbdnFeVPTBt9rVnjRpvOaiEpEozRpcGo9rTlvdfeN30yDW/4BDgEdUP06RNhwtgAbQEH0MeCRZ7CIgfcFvO0MPn4FEcWou/FOxsue0YPkvD/JemO0yNVM51IBgg5Ep0hWTS/L6mf74Xpw7dEnBXF99vBEsjLHh9YrYWgoh7amX/QAMo8kSwN0Sekr4dfXsOlYF7635INEEx+0WMVf/JvDN4o1boStVmsZLkwmUVw==]]></Encrypt>
</xml>


2017-12-25 12:11:04 debug :
------------
String:
account-ticket<xml>
    <AppId><![CDATA[wx7f83e93205d2fd31]]></AppId>
    <Encrypt><![CDATA[eaiJLPoxsbEyFqPPXLj/Sc9z9shBLwqqcAjub274Q4QvRo/LfBrW5G5itb9JCS2llu/X2KwF0DJH60TEPMUh9TpBtEj43VDGybwdBLWeLgGh3eDEa4AevkbfBnHRIkmLjMNiXKF1fYrvPPZkxkVAXICeM/IKlWaPbL4xfAU+c8STsuREgR8djS5OcwaAvPyIAZ9LGLaZWJQoOCwdUg2nmn1cHqchCnWAp+4TNf8Zc/VnCuZkPSesBxaiubAkE0QCOaDiRWApLIWvxpsOXoAMaymrPsKYiPeCyXMOdCn5opnSjbTvSwPHnNU2mOi+OXosoKdTsykF2Z0pN6pv07znvEnPNIZwAjZfA9ht3XT9byl49neEYmWKgEYGBfYbuTRQ2PdqWXAdXXYovUXtDZGbHlJeB2gOC7WoV9/+y/Zt6lgHF9hFeyhm8bkHY5uVMdEcEpjYO+bMPV9DucM3I5kNzA==]]></Encrypt>
</xml>


2017-12-25 12:20:54 debug :
------------
String:
account-ticket<xml>
    <AppId><![CDATA[wx7f83e93205d2fd31]]></AppId>
    <Encrypt><![CDATA[OhZiU4LAfL0I4u2C9QBsH+kpxApcSH2n0Jlw7BjjQb6l9mNy8s3llIO+rwYMY06WhUvHMZ1z57F1s9Y4K9T+ELWQTHPVqb3jvmexLhdlwzClwp+c4NaK/vN/ZTINMECQHBHeW3DYi67xymUSDxOELjKpl70cF21SxarQG8oUqquMJb0PXeZUKEtfJ/eyRAZaXkfK6C0tTWQ4iuIhHmXhkPUjJAxHXlECUIZU3Q8j2L0KGOb18Vs8gVx4zqMbnNgSFnvXDms/KCTypoLwHEFKTUx4OBXmcHoBEFDxH5EegTposwHux2l6SKwoh9U6O1djdj4nfqCl7d0pA0FOC/tScRXCFPKgoJfYTrWkO4HOL1rR4VlceVMBUEszttAMME4JIObSuwPayO0MZRiAzJZexD86Ry+X/1FnByvu2DbBls84isuNoX3IBf+1yIzchNYzpSga/8ikvwv5R+9f8WCajQ==]]></Encrypt>
</xml>


2017-12-25 12:30:58 debug :
------------
String:
account-ticket<xml>
    <AppId><![CDATA[wx7f83e93205d2fd31]]></AppId>
    <Encrypt><![CDATA[Ghu3CtAN5sbQTvJvGFZrqclevr55mDxDQVdhr5zFkEQcIfzpwYaKdE/IlQhamoRRxiERU0hPYn4/GcN9WQCahSxGFv3DV+bWM0qMg14sIxuzxEno7kC3aliLQAzRv5OASAmAsPb+OwJzbPjgCQIshGbf7jwSe4mQLcuw0feqdykvodJxgWWV94ZNWdAXxonObLq3JFXnvdDktaPnbwq/yd1Ydyvly+/dKYozfVzi2a5Dwien3RxWFuV519ywCj3RdFlLAtAkZ2BM37XSDWMn58sgDCpiLSXXL6rVciuhzKeBagXZXRgPCv5Yg9/ndwUMtA+32fkOKcQpOnFa6yBDFLYvqhc9PaTQas1cuC52EIjHMnt1JVmmh3xT/7G9Kv93AWfPfFhh0nwj0x6HTYXnm8kfoypDCEqlP6qketzgOa5kqytduc9T5X8pdcNwdpMdDZWrSlnJ2wXCxOZxh30Y0Q==]]></Encrypt>
</xml>


2017-12-25 12:41:00 debug :
------------
String:
account-ticket<xml>
    <AppId><![CDATA[wx7f83e93205d2fd31]]></AppId>
    <Encrypt><![CDATA[FCsFpH1T3JKEZfbkKqfwwSPoUcGV7+0OtnEL0FAx/FdCOjsLhTeNe/BBgVmpkC7SL+YfZcdm4MT98XK/KBXlLsoIaFwf+sAoF1FsEalRs8aUTyfAX0VszkyAcyXzIgLxj/dWLp2yKG1l4UH5QYEBac6XlTsKRy4IGGZyQTIuoM4cnWHnA7CloM4zU7cTNUQgELm4ROSg2P5F/jyO4DKJdL/9mvMiJLFgUTRPEx/5AZA0BEhoVHFNkXJ7gLLYvZQEEuWXzFOhmXKqe4fGnndP4u+KAxAbTBIZYCblMr6xYONkoNiHqQJk4S/DGwMz/qY2CDImianFapzPyK/9aow1fMSL1zaOdEBYwJn2wSTleCghfMefoh+nHP18eu4hHFOVfGTEfV/ERocUhz8z+3xvXwEo1DQ6kU/n7r9Z3eYgSqk8BiXlakLQoLM1n/dr42OGIIr3VvukdVS00TbI75c/Rw==]]></Encrypt>
</xml>


2017-12-25 12:50:54 debug :
------------
String:
account-ticket<xml>
    <AppId><![CDATA[wx7f83e93205d2fd31]]></AppId>
    <Encrypt><![CDATA[4VJPu7MB1SN+gBQaXUGdy/fNA71ORDVN2gqLUEg2ZuSdQvvHDGGDd3gPX0H7gVn471ilkim5CDRavygF/WO6qTc2b/Lh/3910zbQ0X+nWf+xlirxj01hsN1W2z5jxUBgpNwPnkKbDoEcJjStBLtMdkl4Jxo5R60UNaeZjHvFMc4IR06UHqOJ+EWiCtWUlH++yleseXibYKL86FPuDHwkngBD8Bnx1EaqYewnUY4J8BDwCzpFixyvk9k4M+iDB25azDqsDzYj3VtVtwNhOGY8Ft6SpGfI62xJ5IWaPp/r5UgpYxwoweWzIFEi2GZ3DM8FTtYtX/wIxUHt5rD6irTFWIRjwmGaferJtWexKnz/A4jVeITPKFwBuhCDFygrk6gRZ7DX/vqV3xnVgChZRds4RTkDpF1TeKgjBZ6rxOPSL9+AWOMHr2a0M4Z4/UrxSb5the7c6s+xekPlkgMyOmdQrg==]]></Encrypt>
</xml>


2017-12-25 13:01:00 debug :
------------
String:
account-ticket<xml>
    <AppId><![CDATA[wx7f83e93205d2fd31]]></AppId>
    <Encrypt><![CDATA[htol5fiG80voW9tmh4kMqthxiNFDVi7QEWWTjUOQtp+pYLg+7E/ltkcSnQa47gpRNwoPn7G/Pl7EF8wNBc1MYxIa8jCt+nZOOpfR8413JNPgGw0HureD6yBO29FbDeYSMQ+ypdcI0TKhAgZqFDEd0vJJUAf3ST1Lavqxv/IYi26xfDPxOclTb4HbPUxr2etlkAHM546cYAI/gYfyuy9eF5Hy5lLbZHKHGkZEmQwzDS8PmFl8AVAj/7bq+LQG5rlIsNTIiw38JHAwgsOaqI6DogKlBfC5n/0AdqTOhnYK7RxS+M3V+eL2qkuFIEvMED4wpsmfZqZqBnnwHw8Qo0O0+ZUfaRBFE04EldfPe7cgH9qN0R3x6zQ7P42sDjGelwbGjXIsGqRV2Ijq8Dp76io8mFfQSaGnOLZ3asLMSYdkZIeKIZxbLdAPgMNje2OxL+pYCkU9kXEYXhuUMZHw2W3ong==]]></Encrypt>
</xml>


2017-12-25 13:10:58 debug :
------------
String:
account-ticket<xml>
    <AppId><![CDATA[wx7f83e93205d2fd31]]></AppId>
    <Encrypt><![CDATA[JqznTQKbq9qRcSqO45a/E0/5mKb9GtOdMscDmloI3SYnsZbiA1zTTk7Q21t/6aQwCd9AYC7wipLJZc1bYNbNPM1Fuxv6WimS6++hlOysaScd2ko9UxDXbt6Yl2yrNGEsDCCM9U1udX24m8pZ+uExtpqN6uel2aYvKdE0ND6Jfztp4LSU/RG5UqKn2Y3lc2I82cBDWwgOv1oag2b1mcVKVnSSq4YTJkJ1nuncxIzBGbsazfIHL2QJgaC2UDMAjaMx+xaoYdTOriVxyRFsp5HaVK1PHEv5fVaa3YC5Z2YmJCgNFAHXDaVkr+lm0KOGnuhJhm2oQIbrueo84O9uCrw11XHXX/JXg55J8Ogi+r+c8Dp3LShiroD9N/iSnJ5rDlaixg1Gnuv/uBQpc4ifkAs5iENhEnDduOAUbgjtZfVTC0FYAl2C8dF9H3FunODOXBTLnGhScJzdR8I3iyGA7mejkw==]]></Encrypt>
</xml>


2017-12-25 13:20:49 debug :
------------
String:
account-ticket<xml>
    <AppId><![CDATA[wx7f83e93205d2fd31]]></AppId>
    <Encrypt><![CDATA[deFQo8I51TKOA0wz37nW0EmjnO8u9k1bOjfJgARJfcWHcA8rMNWF56TwSqY1lYZy9aDc7iggldZmXakHv7rehUhH2+B/r4Jz42BOPA+XDlcn5/HAQcYD4OgeuLT+dblc1J6K8TcSB5G/BXbFFu6HjI2FTYgL/UYelKXFZicqQUy9HHTTBZz7B5RPJarAKrCARZ4bpBo7MgrUo7NaCCttDnh6vwEeyIjvV37Vf10RU9NqZRg1UN8NQSQEv+1jkJBOrhEYcjH7hhoLMPlsa4sOsyWiwAADXkrjPWpjVGv0wFi1fyrDkXCqwKHuT0C6MBdGPAOvDX+QHcbq7or1e2YKtTTmABxl0LfvkbOL7xtcuwY/XuSFELmaRtm2NubzYDEOXn0DlCdHk8aj2goxXXmPK8e1pCRCC/Ig+zRegekYBGMenHG+keb9IXRU7PqAozZGBjPBJEJfL3qt7pyEev5Tkg==]]></Encrypt>
</xml>


2017-12-25 13:30:51 debug :
------------
String:
account-ticket<xml>
    <AppId><![CDATA[wx7f83e93205d2fd31]]></AppId>
    <Encrypt><![CDATA[+omcssD0X2IaDJRdB3sQfK8f/lKbumjXnyjrLKHI3O4s4P7+eizC719jL9++yKto0EQiNywCmi90S/JrZvDXjlmNw2lsOGUcNq7yx90SiV9rxK//ABuINB4Ql+lmQynxby/w522vMaalEeybjBDHwFdX6Qr+/RSKwdPawNu3r5gcGF3exycgBB1F7FhBCGQERbx8a8L/B1+7hI2uIfJfZBS0LHNOip982NC2keFr1IoS3MfBP/FEdUGEdcrpHNKOztz5n+Z8Ozzwwj6e/RwobRczq84dRT8ROXJVxaqhySM5zYYKUgt3vWhtNatU38p+pkwxIiWYu7O3ipNY1cMfqFsA3vcTqMS+U0stdA1s5WTa+VWdQt/OnqyZFO42yUR+hAyJyLO6o2/82DIw/EwkcmhBN+LQy6uWCwws7aul4hT4THNg0Mfj9t1O+Kw0esNuQcSeqdD56EPftiPWfQbqxA==]]></Encrypt>
</xml>


2017-12-25 13:40:52 debug :
------------
String:
account-ticket<xml>
    <AppId><![CDATA[wx7f83e93205d2fd31]]></AppId>
    <Encrypt><![CDATA[lSamZJ+JOTXMpylKcB8NllM4ROsucurrgaqKpBBoyPUc4GLuTvaHHHzSmrsg6b7ykm3pHYXfW0bf4g1kyD3MktcgixhYnwYQe+aJsywXjMTwg6fW0ZwfaAmI2OEnKkzwPYDw4KlkM4c+zrqi+PrFUUNkHeCX1er0somAbjaQJU7FARLBgNw/h0cbOi9vN66AbcMTrVXfArEGwerdECsgBru+krEUF84zoS95f/L9EJRZbh9zwFZVsUu4JdHjT5VZ/1f8bLYAqM73Wj0/4/65TRs/7r6FmeOLOvPwyojzct7qHMuVC734swHdtgl5d8RhoLVGhibViptAa6mOwdeAdwaPDli8if/qRhPTuqYU+kU2hoFFJaWZ744Bm0fuPlrkK8IRMn0YIfU9XM02KZ6DfRXkUZAP47SjzuQI6I3pKq71Shu15Uma5DTqwx3Bv8DnxczG1V/+BTlEMt3qs8KjTQ==]]></Encrypt>
</xml>


2017-12-25 13:50:50 debug :
------------
String:
account-ticket<xml>
    <AppId><![CDATA[wx7f83e93205d2fd31]]></AppId>
    <Encrypt><![CDATA[VBWpv78yOsfqBSynN4bwMLHHMq4TKptgSvuD2UpD/HG8tKNitmMK0VuIJuXTPMcq35OD0ssEJzFN+aRaQ0TZW1QzL0MVhztxtFa4i7IvnLUHY/+qMp2Z3ZDnGnFKhmvIwVj6da6LxPN5tp0opEdVY1xoSbIvy2aTr0nuGTHgESG2T0QmAtKV8mubEerl1XC1rUhmS3UgcdBW6OWTsRE/7XCufceTPukf8b1tZt5QwU+3fCv3BIUBotNuNE3z36S2sv8jjrOwYqjkw+qBmb6kYkQ4ZC2xbeCa9fXkuzgijJaBZup9U+l+GcunEogJwaeeGIVepJvLmglkbB2Mqaz8k/8cdYtCrvRR4g9iGhb0p2s4CYoYk1Aqbfif+jfDfvA4qxs2wVBhE0R6gNiQUXAHoQXTr5RtaZJewHdk+Wv72D7L86VTH2kNG+U6PepzEqNBR4y3E2ImzEwKx1QZnaw3ow==]]></Encrypt>
</xml>


2017-12-25 14:00:50 debug :
------------
String:
account-ticket<xml>
    <AppId><![CDATA[wx7f83e93205d2fd31]]></AppId>
    <Encrypt><![CDATA[W5ObKd5CvcFD017F/sQzPcrbsSjF2L8qlj0KLu4Ak4T+lvTSioZgg++XgwEiLsQP75tCsr9vAvjhw1tKT3JDZPLIPNWufyaeYTxPitysYk1ECv0iM/og2XqO4G0tuhbBn2T6qwIRkrKXTyj3Cl/Dnar7HP89kMD7Og6iswhb0pvJRWjylNSpAjXdZ1QKSZb0KnYGKoIAJ+lv5hivwDXWUShs+ld/EL3tONeigbNYp1bKS4F5yyxKk67L487FBX/DgS/NGGMh2EugII99I91/1QZym0rX/e1N7834P7YGXbcOO2FQFV7zXW08r+w3zP5haeR3PEG5ls+utZFSnrEInENGtJyX+KPXna9NXVsKBKmmgyTnEDnODjOTRfPOZmcAP7treJpDTn6pHsS5EfTkk9t8Bq6CzYvS5Reu03VpmxTRTIJv/7UrCMfoRnEs5FBOfIJuhac8mv4LSzwfW5X7gw==]]></Encrypt>
</xml>


2017-12-25 14:10:55 debug :
------------
String:
account-ticket<xml>
    <AppId><![CDATA[wx7f83e93205d2fd31]]></AppId>
    <Encrypt><![CDATA[HQbA0I+PjTAKGwete2iIwj2LjMjOrLXV6fIzIK8gV+jnrL9S6wT2tehnGNR5w3XClExoYhfFa8lgv64cqF2ewCqfjn4+jggaJ1ID1ARHc4vjRO0inQ11U5aScwnXdTV19d3jcP/Hu5l34qrLBFNMm/q9YLDZifuaP6h7+KWQwwROJqhCQD0mLBKDVgAmzkfN44DhApiYViQqxK1HO0eX3lAtB0dRDV2yZJSKYkEZEKL4XXfpwjx59L8/O1AC+znKZSunqCF7pfJkLioTgTfw8YFPKj9ta27hmca2sPfAda5On38jXlfP5cYevBk5uKVIq7atFmM+urgzSPB9mXCJIvOQODRlaBaBbn191/48WgBLublfO5ME5WX6dk+QK3tLhuT2um0/xBWNpzDiM3CYGJEmTWhbS7R5ISkiJpJbzYOh+OSgUqrqfPY/zzMqVAKWysWsCADXFzR0r+PnLqtM3A==]]></Encrypt>
</xml>


2017-12-25 14:20:52 debug :
------------
String:
account-ticket<xml>
    <AppId><![CDATA[wx7f83e93205d2fd31]]></AppId>
    <Encrypt><![CDATA[314jW2eaRwd6l5ShbLXVjcJfD4uB+a6otAfD3vKhRi7XsV5m3SvdWDKj1tucDXZSmpNxT8SRE2FZJV1KDf6BYBpf934o+H8lFsukIRGDNCeToOMeRPipyue4pB17lIgTg/7YW5P11QCQaSJdK2L6LlcZrlRHngh4eSIfpNSpKRI5E3NABE/LU1nOdMxldSYGD3UOr2moPb0KjnilDqI9iAucKhNEAUwznDQDVPUvSmFPRcjs4tRqFUxz1wJIPRR0x0UthhuZArmDREazh0Bs76W8D23ow91pyStvFtLt80XLG6BtywnpniPLYnCKcvLlvTY5TmStcr9oM0FLFmRIqYw/4IBo6YoH1c1R5pQ8UMxbDoWwXU3QtD2d58OMbcXQYT7S3oXxGpXJnS+sQXOtQ7K2OeKvN004M4pes7TCNu5fGqbIdEUZHR+WMAT7c/PfoYWwuP7xzv5ijtpfVX6NCA==]]></Encrypt>
</xml>


2017-12-25 14:30:48 debug :
------------
String:
account-ticket<xml>
    <AppId><![CDATA[wx7f83e93205d2fd31]]></AppId>
    <Encrypt><![CDATA[Rxd66snlich8JQIru4UNwakcZtRfVZ3aHX4i4WnKmFEwGaZeIIq1x5rJY0pVfMZj1m3xAkMIGxh5tewao68OnQOWYm7Rc1yxZGZKzM6C7xPUXVzlh9/lUu3ys3y57YxNK2I1WUPs68Irg9NODVqPhTjO3LaNR9dImhbfPF4Zb6rfebnwlpHOZoZxYpjUHbOxrdLAnMIq9vMkoucdPpajFkQh94T48zT5fwSPBBmpT8Xfs+gIub4SfbTnVHfM/U1mbCMEBamSTauKPpqcP1+1ekOk7CGBi3HPF5tDq6bkDadv8bSY7kZHoH9MKzbGw6rVPmKbjUZTu/a0j0GOAh/JXl3caJnAHjQuta3xlzNbOn5ruQE4pj4qgsBTX3xoPerf7ZSJXZUYWnL/awkQHVBELmqpBHvh/VCoR5hcBtDanltc7pcHaQGdKZbMmAb+q/jE5XDKMHQy41Cuvqf8OL+2Iw==]]></Encrypt>
</xml>


2017-12-25 14:40:46 debug :
------------
String:
account-ticket<xml>
    <AppId><![CDATA[wx7f83e93205d2fd31]]></AppId>
    <Encrypt><![CDATA[X1NJGP+eIp3p+rsVHPpMa0SpnfdRFNV3bWJ3WY1SiAuGkpBhkUDEhXrOud/QD5CPjSFdf2OOziZnK5iiVG2XNvzHgADaDpRc2BHgBDYACMMBE4KS9BfABytt4ceAlCoDepfX3mtYPWxAFTCKI30pOcvV2M6wntFhH9yTCN5c+ka1ypNnlmLGh9/BRB9nnBdQDk0sTkHGFe5uOZ/9h/3l1iKU8iuLwWOaW4XWrldMdOGqNVT0THqLAOjzD+4Aim39MItwLWMSNzhzxWaafcxK7WT9l6QSIiuelhgOU2m/KWJ5Be7rX8FVaZkKLKPRc23Sr1W4USOdI/UIw0Ne0p9P261fetNNhsfSNxjt0QPb9JXdjRhr/NnC0L/SJ7L5aHkdQOVoFroG0U1FtPaTUzb6byj9XK+dAMglc148pVnGP2IWwG+0yVECW9l78qTlwrvBjpxcYVLXHf1zolEjtZ9/tg==]]></Encrypt>
</xml>


2017-12-25 14:49:05 debug :
------------
String:
account-ticket<xml>
    <AppId><![CDATA[wx7f83e93205d2fd31]]></AppId>
    <Encrypt><![CDATA[/AT9aNgjv/gQIS0oqwl1PGyujA5bXCWzjJcUXH0cayD8OQwoCoULVxNxxq/XxRhHB9UJjQxVXr/IAXvysHIuFdK7uZVYZIAUIUGGZF5f0shUssI3v1j+7yRUuwGq4OVDj9L4s9fOonXbsJZWyW2knqbd3C5z4v6v6nOXbllaImCsDppE/D6VvsGUUH7WEJufd62sGWiq10uIV+blYSNnHqlh6n3hN03hGM3Duzj2bD+SFsCVKVksTwhlRxcf4D0J52tV0H4Tblnhr2yHLqKbRNyCuzOJiDgZXZBDBca2rMuIgAb6BfzXgRlu/Fc4lER5pDsViwTlF2zpFegeuh0xbBgHw/W/jkyWg7mvQ0uDvidhxTIRWF4g/pqH8OddYKX2rgLf+/y9P/b5/Tq74NVkDwpTfW7gear9Q6Cnzwk3vxqZQKeWwyvHKlrWgwvmzUbUjyGvq9Pt/wBRn1K3MV58Zw==]]></Encrypt>
</xml>


2017-12-25 14:59:02 debug :
------------
String:
account-ticket<xml>
    <AppId><![CDATA[wx7f83e93205d2fd31]]></AppId>
    <Encrypt><![CDATA[eSeqXvIal48gexPYMCX2GQNnHxrW/0ayYe6W4gHxvfp6qPng/Q10Rmk9O9ccL6rP8sNiU3iH/uyc52rVd10K04mDVfpgzVf5tMLshFF6Isb5uw0tFj39D+HasjjUUwiFB5MpFmcI6sZjEpGBBig+2moQ0TZK9lLNwtjSRCj4jK96bpTkBboujlFzTFBOT+5UgAsV2qrixQpvVdhD+nEHO2JZks6AdOMa73iuCVrMrVIFheLUzfP3p6ja4veXJH5pKpnYCQuJYczhBcxs1DOEY7/bJW8iDL14TaDtadu7xPcQpMNLKInZnjHtmy1Ko/0ArlwSqAOwEj/CA+v+ZNAsIH+habN89ecgjjfXUYmTCsEzNoFNzqurPgihEPzbhKgqy44OtuIm+urfi32iO89uxKvPnwiTQd7JbWI9n4oDe0fHc2D2E/OqFf9qd+QEfGHy2c4x27Tzp2B13nH7rp8E2Q==]]></Encrypt>
</xml>


2017-12-25 15:09:07 debug :
------------
String:
account-ticket<xml>
    <AppId><![CDATA[wx7f83e93205d2fd31]]></AppId>
    <Encrypt><![CDATA[ex2GZFC41yRo2g+NZ2rYGyEtjFDJ+D3fdaMk6ZDJ8qhECkT+iM96rfnwsTCtqAKdO9gR02bg22AYiIlwSm9ggHXZEbPWoAjkX4EeyUz9jfu3TwX/X/ykoeNsFPI9H289VytgjgOo8EbLfg5EN8w+n3Rd2wL1wV3xkd5ZfO13v1OwOzAqVNnPQiRJtInsfdtYyRvEax4ZYAqZ5TvkMeWzFmgFWAfFe+WhOLGzq0mBjWa5yE/JRsNsuS2G3d/9GUm9ahJVDeY40R+uZiMOWn2UoS1QGZi6FFKYGdrBW7TxjSXjlwqnpdIBhGh3ikbB4Y7EQI7cjZzOph0g0N49SS5SOv7rAxkA4WA1QdG5sNUqjseMt+jHxTxzHXOo5nF+YvBXVZraNFO1IbzlToybfe995QtkfGcMFAeipKPPMRbC3y4/u/vOheW1uEzmXd5X3uZi5Ko1fm9tAu1tqep4DBpdhw==]]></Encrypt>
</xml>


2017-12-25 15:19:13 debug :
------------
String:
account-ticket<xml>
    <AppId><![CDATA[wx7f83e93205d2fd31]]></AppId>
    <Encrypt><![CDATA[iF3Gykf30cntO5ExDYDjsvASQacqW/bnuSxgq+VmAgTx6KlWkHYm8JRkskEVXDCU7BVgH5I5GTNcDdOmQXUlIqcQ+T9v9nPPD4DcNQCk/RQLNrBGDUeLo5mCOmmwwVlHZnJl70Udn2BeEfMa9bdRKKsnTZAL2Iopsr6xNIDx5K8qMZRVRbjZHQb2hy26zmsbAF+n9Xh7fndTX6cTdl1SdqJ2Zzr4XkBVoG/me7Tb6NxEuWF8mungm8aJ9yDVuCV9ZCdfm9fNFYgYT6SOJvckbZcbglg9n+hZLzpnRiZbqX0OzOfrHxcYwe89JdmDsDRKVfN4y0Goa8Gl3rgtInNg6eLJPEHDDdEwBVboY4I0OtmYG09JBYta4Us/3N0ZqnmaTRQjfflv4igyFmWF706BYEGDeJlEhPZ1s5g97GgdffSynAJPOcPZcvyTT7ikeyqWiE4ml0AnRDchYfqXlXZs4Q==]]></Encrypt>
</xml>


2017-12-25 15:29:12 debug :
------------
String:
account-ticket<xml>
    <AppId><![CDATA[wx7f83e93205d2fd31]]></AppId>
    <Encrypt><![CDATA[Z3gmOYC3NLP2Is43KSt3HQlkyqpoAcQS4jFXXWSOA1B33IARsKmo9FKZKvMwiwVL4ZG05uUnDSZ958JdmwF+2pQ9iGBhr44xUbBc8i2sNQaURsxAlKKBm0KMnTZO1WkZr95OAsWYIHLmLmu/6VcvRGLETrjFAhMElMRr7z2KJYUDju6ktJDc9Oh+8VrSKzfrj0zp3mMVAAtIJwsUSgDhoUc0beG2lBHZu4Dt7kdmM7omEYNrMKL0jLYVLrbuSqftw0rXuHFbWMVGNclN2b7z2JpkThqH5lEWgHjwbrFaVdFieDDjTZOW9JTsOiPmfHchJGdm5OYzNdZMXQTfSvELq86lcRWQMcMmvfvJDpMJLcm7Fr4Q+arex7SlU6TIrAGtE0JR4kdZYG4TVqX2hOMIqX3b+f+8y+kXV4loXe5rLrVrIUmXqR5d0MYd4fK3BpgPoPkK/s7k7z0HnERXNLjSNg==]]></Encrypt>
</xml>


2017-12-25 15:39:09 debug :
------------
String:
account-ticket<xml>
    <AppId><![CDATA[wx7f83e93205d2fd31]]></AppId>
    <Encrypt><![CDATA[lZ/HVAUs6bkWgU10PBtDWbPjyJSwMTow7KJCW0oruYpr0yK0FF9EjWo2ajnFLbTePRyQYvEOcDM6uksn8r/HDmhe3xt/+nxGPmSom5Tz6/hO2RnjCv69LyATqmITBI4xJF/fO6cHD3k1hLm4n+MHyOjA4yWa63OSMah3XXWcZu0Fn/XACJ986fu9CISsjo7OmLQj3v6JqJvqAwxvTsv9cMDbvFoXH3FD2eLK5GC02wnuhHMS9bcT8aNS9QjeB48gjvP2F2rOLDkI0ERtGeHqgv+bPQEKjTU85D1+byXnFIYekyrvBbCMDnvSO9FT0WkljNBH4QoXsrZ+u3r7ekGRAtWbM7RxC6TAU4FYcY+BFtoepMdlec4PxUD8+zWiEG77BaRcs5ZpeLiR7hCc9OzpuCrcndzXxLMuK71aeDprzb4LFGISoUxdwkPQNKbiF7udlbWcwcIiGFJFqxh2vBrU1A==]]></Encrypt>
</xml>


2017-12-25 15:49:17 debug :
------------
String:
account-ticket<xml>
    <AppId><![CDATA[wx7f83e93205d2fd31]]></AppId>
    <Encrypt><![CDATA[PSWp4rbBFSfD8f4Tph/NUFw124vY4fGbDFLtDEWBedv+w7Z4lWIQEYcOf+7IIwD3NNm2d/7BdhD3VfVm9gyCRNQ8ZgWhci+wdnkgqDNOsP5diPcISxm7hG+jS6lgZNp5PutHBqO4LVLGlF6WhZJIRG542L2ePYzzqstUBfMLV0Fz5faVrBLDkTSyTpCMZlGuY28ph0g2MJPOPOgcMg8G54eqjSlaSr0ThLL2oF5BBnhAK+xk5+8bVPcNgzl3XexK/wfWk/pm9bthJ+f04VHdUlOWixWO2jW28lEmtuKfuV674YmFS4TsrT6qBDeVtjcOsvHnubijPGXEgsTea1XgBMPhRlNgs+mqkefvgJJ45RHoO4voBNWmgwBib5DHysSGFYfHmhOQSsX1QMkrdULMGMYYPD/26O3ZYg+qfRygfs49NbWwjlhBaAb4X/9bWZFJWpiD/Y92J/hzseY5+rTrFg==]]></Encrypt>
</xml>


2017-12-25 15:59:06 debug :
------------
String:
account-ticket<xml>
    <AppId><![CDATA[wx7f83e93205d2fd31]]></AppId>
    <Encrypt><![CDATA[MpPeTFm5jmktIvebskCeyg+RdjmT8qgqU31n15312SnznOooMayZTtZkwJ0+RsSaAWnguOBB1KRtssket0ULQTJcmH4f4CXmlP0pGOhh7fhmfqW7NM3rPDBaeTttOiLsrXATloN+dYAhCfa5nzsxcEMFviWseQN/ruMcYfR9tua29OvOfeSqVD17VHgjTfXaxwL8+pL1sliVPdC2m//N+EmL0+7uNF2nSK7zJHb9EGuUUeCLVmL4qQW3Ry9xrnu6f46pA6wSWtHuB5IetokhL7dWwB4bfnjPBXtQ57MYWsEUKzcJqR0TCexmI3fikDTjx9+zWFWbzTLR//SrhJd18xd1t2X7mRfk+Hl1NfvXaqvRvZswVPmZk+7N9GWUbRZIpkTTTBsaUWCmVA2fPYkdhnEwdLAPHY3vkR/aLI6BvWFQo9gPzTbIC3XFfjn8a4h9UtchnXqhf8t21Fh+W+Fmxg==]]></Encrypt>
</xml>


2017-12-25 16:09:12 debug :
------------
String:
account-ticket<xml>
    <AppId><![CDATA[wx7f83e93205d2fd31]]></AppId>
    <Encrypt><![CDATA[PZWagsR9LQVKsSvhuDMmzuz09ln/4OnWqr4RCguF7M7K1E8s3NzBiRvart0ugwXJ7iB5tAw7Ohb863bczIVgB5iUsZlb8qJhQvp3Aj4lrVarmaKYxDixTRz8LANUZOMzxkUH0kRQZfSbpGsVOo4Yqu3Ui/lbNhu0poMAhvwA9UQMl4coZtPZ6q//Itvejd2fykCKIgh4kn+MRaPSl69TPIE7emKa3N1gS2qDWCqTPHkFF4a1gynH7T6SGFpT3nxuTtqImkLg7E3go+oPITZrX4SwoyzTCENt1T15QHEZEssCikCKSacW40O42X5VW09zmjLjA6L1mdynVir6OoulzqRmXuoHpZpGdlF3cq2yRHMnSv1C53GvmG0izKEBZkXxgNZf8qDqDjZblUYXBbTLSt4Q4L7v9h91f/SPUJINgHU88SEgn2f+/tUeCHmRYkx/uIw+l8NgoeZc08IZxFZRLA==]]></Encrypt>
</xml>


2017-12-25 16:19:11 debug :
------------
String:
account-ticket<xml>
    <AppId><![CDATA[wx7f83e93205d2fd31]]></AppId>
    <Encrypt><![CDATA[2lemRjzB0y5GSiDz0EgQXAltf7+f9B6p1ecW1mjMXTbBS61tpatlj57MfRY4twFQ4e/5alyols1NpBZSAVQ7ZwtZs9+x5rLEqjqMglN2Kx5IA+x95qT3zS5tc/DfOWpx3z9zGqXc6CiQr1chkihqTQ5PuEX44UpXcRbWshc39jXOpSghpLhGFcLWwKsCcrJJrYxtmlJ3raev6t0tUPl6ZTRj1IQ/1UUenRmTUAGAfrHrdeSIVfCkjaoqeRE/yc7PhIXbiA3UHo72CH16hX7iiRRJ5VTZye77S5JYpTLPQeBsVcRxGmdEDsairM+1QXYvnFyiTNfFmI6kq4zwbqWWD13dOjVBaZtKcJJl6zKsR2dIdKOeaBNCQa/42c27Ie1JFm5Dj9ea2Egjk7jRLqyd0wHcVnoEyKqbRl6S+QnBcKc8jrT+gWhHYic2BXiG4ltNDOGXqE9NB8gABzsdF5RT8Q==]]></Encrypt>
</xml>


2017-12-25 16:29:07 debug :
------------
String:
account-ticket<xml>
    <AppId><![CDATA[wx7f83e93205d2fd31]]></AppId>
    <Encrypt><![CDATA[AuwrscObu/7SM5fd5j0ae1hTK9cs8kvzhiobgthpbuuNrbmRY63T5/i68d5QcP9K8q+A8XBqfOhES+NelCfkKqF/pQ10DejeQGc5HCyKz4DJCH1C4Dshaod5+Upn343umQLaFTR12Z1+Sd7qLcO6a5Tr+2VzUSbym7DmsVS/Z4CBQSukNdAnB/nFSpB++evp5rSORTWukJtLtMf4o1AK8MvokU5po+t6sd+PNXxz6qRJE7Zbtc6C0BFLCy2yEp4IUH54r0e/zspidVTRKHV8JKBjWqZ1wssLCydz0ubBLt5XvazyGoDk87oYI+FVDvWD5Ghg4TtL8Ke6a7nbqSHhrUDWlWfPn+kHJI665fl9D7uOMQelfjh59DDYixkoJ5KERTNvFQ+vzBGFQBL/hgsRc53xkC6T7XNO9DL2KPOmNuPhkw39kJthwSZe/eoiIpbXqQWZWCfMovFptF7ckq/uuw==]]></Encrypt>
</xml>


2017-12-25 16:39:18 debug :
------------
String:
account-ticket<xml>
    <AppId><![CDATA[wx7f83e93205d2fd31]]></AppId>
    <Encrypt><![CDATA[RjAo8/BdzCEMxE8D60bwZCQOMghYvNmTHT/7G/lm3ZvLq6Z8NsZQ2mFJCZIp6RoViQZzf2yyfWqz06XKAhzC+I+NdTUXOv80Ii5In3CNg8+g14op0ovE1sU5sMU14An9w38Tf99VoKSGzKKPaA7QVWWPpSAEe5u+LYd8TkCcZuE/ESgtDtWxrCTEAAy4AiA8JSBxEtfJJxfU3JtQNYTAMUkg2DBu8nqw+ckSJKbIhhlc8Kkd7tmXu/FrHm8thTX19Sl8IaOtFqouvbuZZI+nVBtSJaEE8DuX6Wk+fLEM7ekdCQc1nn4ZwHRMefpFnplwVXAJxB0aDe5oqJBmPt9ocvLAdyljl/2t10ukWwBHoTIsuaCrjTupvJcQZ17Ub1w+QNWRe1GtXdEMae3FfCM9CVstzvkAP1u+WztzwtDMCLM+NQlkZfxiGyhUI0KT7mcU0YVVzb1olf6IKE0DmX+CQg==]]></Encrypt>
</xml>


2017-12-25 16:49:09 debug :
------------
String:
account-ticket<xml>
    <AppId><![CDATA[wx7f83e93205d2fd31]]></AppId>
    <Encrypt><![CDATA[YrMbMV3op87b71dYWRaV5PGC7277/I3NNfZ3QT9LHPOiiNppNVJhZ1q+v6gwxveSyaXY8lCMj6rxNpenym5TJJlcY+FeVVdbx+/+UHne3h+zJrssHqTXDaEFPJg17rX4cxsISU/rL/L7sQBMtQ5clSWCSBhSO7iIr0cPNmwqreaccHiYywoCmETU+zcs0oD8jIDGKTyoi/kfLVTVxX0Orhy28NJzi87XyJa3tKfCk/V82SRUBYrL5Il3L9hMuOBTMil4jFjZr0gnX6l4D3wPlA/83SUz4H9oQc6gzr7ukzZk1+GvadXJIx/yt7sQHmnwZY9vP1hrJ4my0Ul2tmm7xeczw1Kz/DFrnQXTCkULFflaAK1sZAR3MPSkYGpkZ4f+ejm6soYeIBMMm1/TYZrLcWQB/NklYcfSCQcV3vUblpnA1zTMKEKDU5fukA25yKV6sKmud3q1CE9UFdZ1p0rNxA==]]></Encrypt>
</xml>


2017-12-25 16:59:18 debug :
------------
String:
account-ticket<xml>
    <AppId><![CDATA[wx7f83e93205d2fd31]]></AppId>
    <Encrypt><![CDATA[cIlzsqWFsnouJdu7CM0MU3fiyTYysXuIlDOJIn++6lYgNo7wei5wN01ytXcVAdGqZZDSH4ceNP22M5/uVdtt5AhMdKVIbWIaCigCGb6E6a50H7lmCBdFWepJ8H4IcBXI9nfik4GucGdJs6t9OFBWc22orLX2WrYgswnDvUOfvHwDILlDmz4S7KpTN3gz/5NTS3eFXEFGzYLYt498ee8CZrv3cG5yHJ0395RYj8XCqNqwahFBUd/T59HxurrkSRkVseh8hUcmOSdpjOZzGlLJxYNttdRzvyTVWipuDdDbPNnfyNsNCONOqIqiQh/E2P412rxJOjAv6uteqA0ewT2m7Y9VOTeHjzdZikk98xSIi0hWOMeQtkihBXO/4Ki8vU+Sw6gVycnuSWBlULIoOeDBeJACuY6nTMKiuHBI3kU9uO5tmllXjnkP8OWe4wzIoYsJtakwOCIxN0CV5YlsJOy6xw==]]></Encrypt>
</xml>


2017-12-25 17:09:27 debug :
------------
String:
account-ticket<xml>
    <AppId><![CDATA[wx7f83e93205d2fd31]]></AppId>
    <Encrypt><![CDATA[rXUtDiF6Xxkes0kLcFc3LOEGg9Ow70dIKtqo2O2aKbh65lQzoC8g9WbwQmRCM0hqDY5E+QZzmsucXFOY7UUp4YQATZ9/bY47NAUr2RHvN/mGDDIFj2JM7d9VICh4c8roZ6NKATXS/JtnvHu1oqYMRKmkmx//mqkEn013oTxi+apcaxhli9CX0TOOAy3d7rbRUwca+mJr4a52d3Z4wWn3WHng1AJ/z4rLlFAZm6kixtN0WnvKDat5Zwm7so81rvXGEBPYM3K2hWRwKZHsrxV5ZYahrQKwMruX+DHn7iXkoFn0Fh9qricclNd2PIdwsJ660HlxAs+/kOj22CA1bk3CHji/zPl6jHxsVsD204vs3hoLadeH/5QrZ59/cmqY81D48Fauqzw1hWczG1dbBWGSEQPSFEYUqhgo+K+qYGrCMhRrdeNy7dgR1cJn1kPPzs4D20QHeBJ53rLwfVXIcbOhqg==]]></Encrypt>
</xml>


2017-12-25 17:19:20 debug :
------------
String:
account-ticket<xml>
    <AppId><![CDATA[wx7f83e93205d2fd31]]></AppId>
    <Encrypt><![CDATA[YztGXM2PqU3m17x2kVC+KTmQYeMdARrdA60ki7vD+bld8CKgsPQGhMLZODggdKtYLi5xDH4W7dSRR4OlJXV9IpIpdSmL0FYTUk/Vizn8ecIoak2RiICIjSL4pmjLeaxW2rWnLJFMHpx0nN1mZK7/xX35Wnd9LEkvEU/8Lyk9CwDm7Gpn7sxhGd34e1qhZCnKJlfxCWnSwbx+1IE0PUzGjt81ZCiw5mXMNrd2mZ+JuIRdvw51P0O2NEpI/7YbVYTehyAm/HN1ldaXczo4vP59QDgoX4h4xsdSH7HL5pDv10sBePe2YPvKDUJbatIJOkE0JalBlFFliM6j9579sVZPG/303Er9eG21DiKdf2ng8qdMLlaYtGBMFRm1HiD3HZhq7APovjpu3u1i3QslyPHn8p+YwTfGFy0S6FfNw/pZGCXbHlf/Cqz+B5X6AunkQ8WdmPEmMPC+AhSYSMnfgLX7qw==]]></Encrypt>
</xml>


2017-12-25 17:29:46 debug :
------------
String:
account-ticket<xml>
    <AppId><![CDATA[wx7f83e93205d2fd31]]></AppId>
    <Encrypt><![CDATA[hOH9B0iU4Uh5c0kw3osDM5ZujIwXynEuqlBf4MoEz/n9VHtxbLRN6/3fm4ma5wgwdGFL4uwtUb/bcVnTZXrhzZtCUZH2U52iUl5ad7UcL0D901R9PUKLLZL/pq2ds7aNwYar3EB4CdXeFiDf5bLya8LF24SAYVl5eDH83TJ3un1jBHFiIh9i4lWzaTQpmu86bedeybec906F2/8peO3oXGDahn899Iyyj9zuaUr2wgaATq7/PLJxSYyVuWRHa7OFFPXDJyMCVA0vOpPrx/CUv2y67f7Xc3JFe2me1wfgagYb6IsfbmK8BwSQiwPZakYiROE0dt8WEdSJat9nsGDaRwDnO8pKIoz3jw+LXlr6gDEjcMp2ai2RootcqYdsxjp6wkuq8yYjbBSOmhbehNJeEKhWEsw6rgUhYTHGRpm/bTyPukCpulIB5QqTlCzrtAodHo9CKBbpjgSTed486mcueQ==]]></Encrypt>
</xml>


2017-12-25 17:39:52 debug :
------------
String:
account-ticket<xml>
    <AppId><![CDATA[wx7f83e93205d2fd31]]></AppId>
    <Encrypt><![CDATA[2zeyY0pHE4j2kYF0afFgrY97FyRjqrZTOoS12XFCRDbaTs1Si2iHVdQ2IIajXsHgZ+SedWwq8bhU1hCRUv6pAHKkU4QkMHZK1TO6BlhGSAqF522r8zd/IJEJtMxrVIgbLc8nSvUZ9/QkICXxtbsY6dM81O2ILKSdwzK6ntpAnojz+tgYLF9ewmfD+lEg4Q7WpMV/R+diDtHyrepXy9B4buHARxIIFKRk7c5wlTXWK7EYCxTwJ2Dyii7ctnAbLuukoYQsGfdq5kFVMiGg+RNlPwDAwXppZCL96iHnlk2YPaAfAXRRaxzykgjjUfF9FZyPDAGmFhdH3SdLqnyTuY+32bcuh9WKr1u7NNLvHPz+FEBOumzRjWxC5paglpYDpHcPNDKxbtnQnLMVRvULvaPv0pctWnO3lU0MWbq2T3bsiCKyV9UDOGomOJDlx/3mTNNi1texM7/we87YomQZrSOdGg==]]></Encrypt>
</xml>


2017-12-25 17:49:40 debug :
------------
String:
account-ticket<xml>
    <AppId><![CDATA[wx7f83e93205d2fd31]]></AppId>
    <Encrypt><![CDATA[5LNQo9GK30pB0F5+mTEbcpxunDnKEdQkC9JCeqkjV18EqvCf8owffUMvvMtvswXSc1uaQgKAnzjpZPfQMtPe6eIAHQMA4RNrW4c/7cTAZEF8t/W0kTtRbt2iBWxPDR/Ca9F6/UvG0t5/g1IlAIDA1GNuZ+YjOQ+IidUi/7zwKMfrWxnDaRPv3Rqz5vrVLbussQbgO6UJRqpMQ78kbXUXVqbEHtnd4abSXb9A9rP5qPz/R7/MsGo1eYfCFPU+kvVimND6SHI+2BCX2f9CPNqe3olecD1CTlOWw6Yb4jnd++ThcRXZQpSzhxpSzJgi6BYC5Qiga+IUp2Gff0+C2vHo5WVCYzaQWZ6hTP91I1LbtsQHzk+uDQ7Gl5yXA7GnuInxknibAaWEA6q/ZzlbZGzGEAjo/EB1D5lgmTusfc3sIcUH8Ve6S3wr04rAmFMmZAuNfR3olrYg5cm+veRAPjSBgw==]]></Encrypt>
</xml>


2017-12-25 17:59:38 debug :
------------
String:
account-ticket<xml>
    <AppId><![CDATA[wx7f83e93205d2fd31]]></AppId>
    <Encrypt><![CDATA[j/0ZBvmjl987b5hPulv941M7xrslQIcv2yoSwBYtRFkEinCYm85mueuKaq0pwRZatz+M1q58JVmLd/pZCRXBX7tLI8rJDnPCpt3pn7CeYsuopXLdzqhBy90YGgMUrmXsBwWKljdRGB/GsWDZenMgBqQVjyQ0EvkyjwJiZektMBWapevXqn+zsq4DfSWyClZgWhHOS5k6uVJ1PnqpklNmfujKqleuCBaI7G59SOhig4wWR8Z3jzPpGqt+PcpMeSNfsSrjVTUNA1EwQhZtHh9kJFK4WujJYsdJuZU4Ls70rLzBnTKR4/JBDLYeWo/viKJocECDIggv1QCMQvH13C1szOUtG/EYQ2oLIdOIGEJ0vuXLX62lFKN8HCTEehZB7iJIbB30QeImYO8gP6Cen2UtMTlu84jZEcVKMUFitH5uaMkUFLFm1nfDvlnuaGH9KB6WeSt72pD83A2kB8ubavFR1w==]]></Encrypt>
</xml>


2017-12-25 18:09:40 debug :
------------
String:
account-ticket<xml>
    <AppId><![CDATA[wx7f83e93205d2fd31]]></AppId>
    <Encrypt><![CDATA[hWLdBJ34oJBgbupjZPsAfq2Lq1eZD8GKdkWiyfxwy+h5aITlJ4taXk6L0QCmJh8rFpz1FmTsjmOubfD71hYhbyDmQI97+LJRUdsgLRPACQLctPzKYZemmnL+A2i2X/SsABwMUj6qFg4uTqjUVNHB0Uezlw+Zd6K/a5bjuJGf3jiePI79HgI+enwCQvRlxONeZzOfVcmOYnWab+nJsNg9XQ89Bpb8o+xB2xBICR+x9jGEdz8FoLHp9A5rIsigu0j+ZRbuyF5TR1ukovzybJXHB78AujZ+0y/OvKsENHx/kb8jnqbDHAhneOk1l0Sv2QCvn9CaMspx1p8avWNiaRnX7YU9+x1WwIRBhtZf5pWvwP+YBGyJqDYGgPyFrEQz/+fgA2WXjMEUmBSRh8UdsU8oDgDBqcCEGfu2QjGkm2C7b/S614NGkJzejx6xUzY9fTGvuaERaDD5/EK3B0cjeJSrzA==]]></Encrypt>
</xml>


2017-12-25 18:19:34 debug :
------------
String:
account-ticket<xml>
    <AppId><![CDATA[wx7f83e93205d2fd31]]></AppId>
    <Encrypt><![CDATA[i0RIMoXEFicyUwzOs+3miMsBKAKP+QL1kWly0VSUN4D5tfVmcuCWKwTiUvuaIcuBtS13eeHJRnEwfvmEzHaGQAcsxFgm9vHLjYmH5r2qNlb5neUhxUMVxRkq5AX5CkeoWRwD8/0L9ti04chTf8QWjKKxMMW8V/ICgAtY+qp4I0K0RYF7qXOYaO7nUPWwFe7hJhsyvJ8ig8J4RBZdONGVoU1zsH9BJbzffyopJoijfCpqWmuk2q06gruJ2WhcnJBfluhmqyzsQvo22xrf77PwuntqU8NUSBs1U+0xTqpK62icvEol417yaLqj6pegaOHuEBk+6icEHJQb0R8DaE20U3pwarS5WrxqPE+jwhwj/JuIwyiuc/gqRp8BqbWm5+ORztVzojKqvVzoMRn0RezsAHI1HAGjybBp1n8oWfC47ASNQxDgJHNhGBFlD6VOmCUNqDnRez3kWQ4IXFl86PArhQ==]]></Encrypt>
</xml>


2017-12-25 18:29:37 debug :
------------
String:
account-ticket<xml>
    <AppId><![CDATA[wx7f83e93205d2fd31]]></AppId>
    <Encrypt><![CDATA[chy/F0Cn4tZvOKAr9uyqZhrpCSVav9GvusEgnX1Yj7YOh0LzQg8JsNA7omCtPCfUlCmGsUg0R0fh2rwGPiI4QemBNTEu9RG+n6rH80MNKFyw0HyF3jEhm552SBsTYh8e35yExFyvXvcYHPs3bXmfbnXbpnvZ1BBvIrM6tV9mdDrAev+vCFi2yHmnirI6R28dQRtEU9YqtZ4xkPXrZJMIFBzoU9dUIi25zlH3Uodj+kQU54Q+NblzucwbXW3FOAcxdlmjOe5Jr1NhfxjJ71t7qN/kNz+p48xSYY6zR5ERc19nVQV5DL8K6YMPtZRLYdZpi9DeWq44hZAs94VV45FoFVXPuvQislGhU6x4L4MBvMtXVOqnenlb0V81xqdUIi/25FSonDB0NAgqI3POaelB8vt71Dz1F7Qw30YWNb/hgeYQsMQZ3vCW5bo2fCUlJ+Wtp2af3h34Vhs8OHxcM+xI6w==]]></Encrypt>
</xml>


2017-12-25 18:39:54 debug :
------------
String:
account-ticket<xml>
    <AppId><![CDATA[wx7f83e93205d2fd31]]></AppId>
    <Encrypt><![CDATA[Fiks8q5hLhkK5y4c63t3K2tGfdxxUC9t2P3aLA5DRKzXp+B84JhFQ2HgOn+ihKUKPXhG+ps0jBofi7BKG77UfId4Pe1noOhFsvFGCxU9dbOjN42CdC7UltjVN7pWS+p9QZvnWeWWRBC6e8X1kmz9UuVHCswj9k54X4L+zHad4067kM5OA6m0VESTRo+xMGUCo+oC2d4ub6f+ZRHVhw0V98L6Wskrv7y3a8Nmbzyq3/n04HpTWnCpvxzNYy0+KFz2iK1gzwt6p/8Em8t3JCpYM7Zl8/YcZNuFDoRi5AlJA+4A21bHSuXXklj3NKVMHr3lA1ZK/+ooRg4Mj6vXJeRoMkImwRuyX2ihYZicAdUa2UFD9fwYctE+UgP9Bfoq46TZT83emfV9YGao724uhU3u57+B0e571ySxYqhi9xB8g5oyJJ/vtb24eaM9yFji3NPDPNlcd7tzZy8W48wPd0G6eA==]]></Encrypt>
</xml>


2017-12-25 18:49:27 debug :
------------
String:
account-ticket<xml>
    <AppId><![CDATA[wx7f83e93205d2fd31]]></AppId>
    <Encrypt><![CDATA[IiMANBkc+/rd9w3zTfKEk4iPPHmH6F58O8DigzKTqStrfMnNMxWvcWoFsRu+FP9lPqvePOuERTAoZuRNBcIFeNWapiWIUuxL+575xtzHKj+EP4vUrNU+x8sc0yp1YRIfO6YGdmZSBHzAEGJzynKwXHHQeOS3hDDjIzehdp+JcUbIEk3Aq+2LwYICbZTY6qkjbhx1HrnsXCHbh5nHpZeNB4RzIJXnHX7v7T4G4X1VO+/YZMIOVOvUIWtmZhL9drwx9FFzzRpyc6hV+h5uDPmP940zuYyJ2srd2tcJkKrw0DdO+RUIKU0PwySLtcy3GDCYYovCCCCZj0t3taEA97hKRQU2ywx53f6f5hQFmKW3pz0ER/sO9exeHXg6uAsdFDoCRiqeYu/dHlT06EN0xN3yUnftCys2PeCHbV65cTWKIn+HmC+l0P2jTceeuLYVgCuBijV50ZvDth98T62hX4kxtw==]]></Encrypt>
</xml>


2017-12-25 18:59:48 debug :
------------
String:
account-ticket<xml>
    <AppId><![CDATA[wx7f83e93205d2fd31]]></AppId>
    <Encrypt><![CDATA[WOO7Zf02iqMB2olO1Mnb71p9T+r4U3H4WdTKEMGNjY+7b/iWiqsPv35522ZMTrxOvYHk+0N56Ihx05D0nPjsWEpVW/vHUXuT1TjATvSGQZX6vwrfzPFg8ZoPzJz9fkgF2qH+XH6OaZqgkywxB7Zm18JvQ7/r4VPTp+ngh86BCYdoeW3f18RJfui+jpgnrF/Xp2gejfsPmJC+vxlVlyUGGAh2GKkv4hI4GRJwyzq0NW5Ah4mx+h3I9SG/Odw4ph9A9jDHytZvNYYL2vgCO1tFC60DMBIlPKXJYd/RGuZX7vRDDephGCNtlszl4s3saRmRLBHqquk/EGAIcLoSOvZTXypn6dfuS2T1H8/Hax4jjan/V7u5cnoA67olsB+n6+guqAdWseE3V4Ep/tKA+PonCEBdbmPtyWkUjpYp5nA+1gZDUlgicmhmNaYObP0zTwyDUQzJt84qPzJriTV7GuTSdQ==]]></Encrypt>
</xml>


2017-12-25 19:09:49 debug :
------------
String:
account-ticket<xml>
    <AppId><![CDATA[wx7f83e93205d2fd31]]></AppId>
    <Encrypt><![CDATA[QiPz95JocYKvNA/j36AqPfIVVFiZKcvtzvEu+LFz3r0LTDg7oEDPeZ68vZW+j/yteHVWcw5mtmFoVE/lM8kU34sgVCSajMHB+zFlofmda8dpkbVs8+UnFtenLpLFSa/wuLU3oGOe2ODaK+Dx3WHnAKiSAUbyt+YA/hSxozd0PJWiXaNJRoXTNFeQOZQ9tSnU87aDqP59kg0pR30LSjSl4wLxThAGmGHAXQ3KXvLQDQ22q0Xp7gaCg9EVXawcGvQ+NiwrE71A+m+i+i1AsfGm0q4ZMH2Y4RvoI+MjmrUSzy6JpF/eySWNmi55HTtT569eblIyCluNSiBouZy51E+toRqQ4kxyKcVVsbA0MbdpHZReW/oXTkYIXyLGTGBubyq17mrGn8X+k/apypYrdgyhbkUyX1Sh5Oi27qkl6gV0IbNZSiWhqoRvz+vCxnif9DsVgixErawmqNm+1wjBgTmgDw==]]></Encrypt>
</xml>


2017-12-25 19:19:55 debug :
------------
String:
account-ticket<xml>
    <AppId><![CDATA[wx7f83e93205d2fd31]]></AppId>
    <Encrypt><![CDATA[n2V6RnlJqOo6JWFziaUTu0EgpX/RpGwXzz4atsExdWgXjPGkIQWv7IzAm3teZBBVYJl0OY4FoD+2NkWhPlPL/Y0cqM32M6ud9UU6FvEVOFNwhJBu0OcG2IRoyN+fffdMEHbCuN5z91WJ4GEZ83pTLkr5t36MNrNga0RmfSf0ZvQTm3Q06BbdsejDb7mRitcMLl5ncqH+Z7ivb2WVMmrAMcPb9FqlwfW92uU53kXtT/51lqojUGGNH0iQQjSDPiOA1D4AFpIcJqRHijHHQGWjNVXN5vxJ7W3/YbFHuV4ZSLX4fNQl8PcusUAHtX0n+j0niaTEYfVFyCFg9DdVfNXj312K7y6jCemEy2nAUv1K02LybpuOQk/hA/ZYbpGBEsceZtBOsQoH+sYuPSGchiNDgDRJlLdfttP0+XMdBvPqeBZpTv2PfHLbzmbkPaZIlnHofxGZWh+grEDODtjRccg+Qg==]]></Encrypt>
</xml>


2017-12-25 19:29:49 debug :
------------
String:
account-ticket<xml>
    <AppId><![CDATA[wx7f83e93205d2fd31]]></AppId>
    <Encrypt><![CDATA[Pphz5ryw+tG5yTj7fSaEZhVQTajp1J0nQPKVDOnMX5BkiKyHB56TzYMVasqCeAfYut9Y1cGlfq2qMKgtswEnBnuwntW/7fNVoHQx8HGwiQJ5aUfCwgNxuj07IaWjCBhroBzSN+49TExUw4pkgzeelzs/75r835CoMnlvfXISjEDzmf+8LLAgRIE37uU3pPlUlhaVGkGEE+v1HO3RWV+OLXPnqgDUhS4zOoNgUHWgnCSckqRH6mcdQvULR3qvQ8f5mnKdk+XudtJXAC9Z/4xZUb6JdenziWIlsjLjeH/Mt/Lug0qm2oMHK9cMuLd6V8t76xJLmwbkAJ3IQbECNpXC09o+3RN+81KRxm4o1tKqc6UNjIuVq2fLOnRPvpCcNRSPhoOsXWyT382XbkJP/0fiLk+DZrp0P52hT0wwJN4fzZyAduhQn6s8ArSdPXsDmCXYsg4riCrW2aghIFnK4t3P4Q==]]></Encrypt>
</xml>


2017-12-25 19:39:44 debug :
------------
String:
account-ticket<xml>
    <AppId><![CDATA[wx7f83e93205d2fd31]]></AppId>
    <Encrypt><![CDATA[LA9JUDgM+FqW3eDezGUeIWyYoJI33r79ZiPVNW50fmXsKab9wl+qSxcO17d7xCjWfU14hH6uBQRFeCh81W+GIsC7qJuVe/RspZKN97teRFqo8yeS443U/A5YwmeJ2J/m24ZBVLJSgtmTjm/r71KrI3L4A6i/lnaNTo+EQx//9wa2oCBgfsksdiU4qFJ87Y0kht7iRlPE1QVgmLSLXKmmPngyhsBk7AZTmbUdh69tvLF2E/UoiqvtOwt3wucLtlxK+c8EzTekvq08sLeLKSTSn6uHeYdHYcOwyYQeFKSB7qm2Mq209TA9CHpjTbo9aoWjWhdArONG+5lu8jTRg6YZg4MOGUygNVgWNHSIJHBVwuvrme+0Aw+L2FoJz38PlA4oQWniueZ5GBLAI2YF1zQAwCJEWb8DRP3/AuQwAd9RDTqmvAPAmdI5WH7PVojoWdhEFzzBdUc+TW6HWSGq3dNxMw==]]></Encrypt>
</xml>


2017-12-25 19:49:39 debug :
------------
String:
account-ticket<xml>
    <AppId><![CDATA[wx7f83e93205d2fd31]]></AppId>
    <Encrypt><![CDATA[oTvjsr3YeNKN7OrXFpttp55K9sLQTphJDsLok4s4x+SmneBFIYvr262ZBQch00O82oskY4xLRZAphr+3JkQ9BCHyhWWtlDge3r989hmkB4Qb1477ixaWNBNcs+ORqU6etVlSIXgCEToJYM2j4yQ52Z0hSIvW0g/E+2jOFwy+IB+NRQiyz8Y9Xn4sZMDLdMfL5/yxRymG7/ZgObN5RatZZAzhC7OXyAfi16+hoNsGXESlroKLEujXrEt/ZGV+qo5j0f7Xen4KlGT2HzNcNMbsvNGhs/tvyqiotMnmIgRJ8zMgpPpXr4Hgaqxz4vcCpSQSEFc/iJQJ3KZX/DinHhEYRb+2lJ0JvJUEKoOriGFXd75vLXcFL+75H6BpvVTe+elUwst57YMdgW0DcqI+8lQjXsNo8cR8EwNw9c36leYcdqc7fX7uTOXt9WqHPveLM57SrwlcQZq8WJkakeRJyfZaPA==]]></Encrypt>
</xml>


2017-12-25 19:59:45 debug :
------------
String:
account-ticket<xml>
    <AppId><![CDATA[wx7f83e93205d2fd31]]></AppId>
    <Encrypt><![CDATA[WWx2sMia7a60EseDQ9RTHsRmjRkaDb/aGccMQNdEf2MK9IC2qVxOpdkTiLlWJyP39Vsgb+T5ki+75afq3GlCa1W/Wn2O5VuyqKQlwQl0dAqJxnnd1mjNMDPV9uP9d3F60okkWoURl4EGQsNNYV79GQh1kZ4nLQrCy0nIJchSdFNwcvQBkAcc/pKpudBuh3XCRUbjkvxwUwCh6CLwkmEuhpRDyzpnIDN5JumUXJfXwjjZy1sekbQQQfmWlznPhJZxd4xHJ61MrqJfGsNC7Ovn5lxnRb+NsmxmKv5oht0bcgp+sBe2nXL2WKmJ5tqjYrBBMbEEDBEraoa3yPsTN0UxYS/yS9zZpgdws43Hv/tKuzitPFtz2qy0rTwv+tv2m6rAZmyUbXAg/awWYbXE/pbaY8hiJKx86fHQpxP3iFUUE8sQ5VaGLafESCpC0kCnAaYj303kFXQiiwwaQriIp4kE1w==]]></Encrypt>
</xml>


2017-12-25 20:09:52 debug :
------------
String:
account-ticket<xml>
    <AppId><![CDATA[wx7f83e93205d2fd31]]></AppId>
    <Encrypt><![CDATA[fFShcKYDupb470o8evfEb79wVbh+3Xxt13DTjd77Q7TYox7kjMgCfn//cVIfbRVFYw5SBdjDm0caWDDssQ8AGgBirE0Plag0tjq4onfmNVOntAVQdOKznhmQKYZQsHu7SBLEPKkBlqGrklzBiAJm1Qi0FCCFtnpITu4KZfNK/d+VRh/NtFchArWKSj3gF3FCY64yrWjoyuQnQv957lNyXLGEX+hFZgGuZngCxht/KRhYS16S2zolTEuNOorTnEA0PfDpMLvxgCKASiMWcSzRtvqWtRiyEZiBMjbN41NViz6Qp969zxi/Akf/s+C9yAP2Olucx7oXacUsObH/1PUuaIRR5OfACqd5fJYpPcrpQPyskdRCXqAJKNYLyxyMQX4dgDIMX9bGHMRR3kOvMllnNeOPlc37j/0VaflDwESpR4JobvmqvaJBr2yRydvRztVsDc8CNmL5mGLNLE+Ypg715w==]]></Encrypt>
</xml>


2017-12-25 20:19:43 debug :
------------
String:
account-ticket<xml>
    <AppId><![CDATA[wx7f83e93205d2fd31]]></AppId>
    <Encrypt><![CDATA[e0UDB87GpWjzYQG3zjQabEcVr9yUFaaAP6OUbKnZ/1PbyynNhbghlqu4YdVVyDKOGvD9PywvlOr2wHjTMlxZHXILwkGm2C2DSv3DI1np1Am8opNNg7awu1d7oKSMeurdlxDC2/LbtDEYH0rwc1gsol1YrMrcqhWx6SnxMt+f3N8gRT3HGZVvYb958JCVuMLvDlJ+V29RhA1ni4i5Yv0J92cH8bc+uMj/uf3qKtaNFJM+juz53Ulumpf7OimHPLIoYK+kAXWeZYmUCjBgfvc+GopqNTOAi928v3gbWpXxJe1n/NMXszThrWjDz4cckAaAocGMZkcoEXjzVv36VxpZU9SBL7k2ib1GKQ8Ruyf4183wZEWmki/Yx7Jxq1d11VdDpYhnnWcu/hkCcnvCblhGWh5wZkqQlrjuZncfNWIvWDLamB76200WRyfsJuHlLgVjUS9dB3zBLHUnsvtXKquBQA==]]></Encrypt>
</xml>


2017-12-25 20:29:40 debug :
------------
String:
account-ticket<xml>
    <AppId><![CDATA[wx7f83e93205d2fd31]]></AppId>
    <Encrypt><![CDATA[C/R5el/jH0ye0LPtYGhFdsLl9APMB2on/klVqmHZInrxm0IpwNGEFQ/euFnUY3ih1EthD7lNIbQSEx14QGvlrVZRaDxsrgiCgApLCVOguMOUAX06WIPQAqoirWng8Qfy/mxctlN+hQ2XbSryNbrIr1SJO79byYNHEVBe0pgbIPtC/ejJiG5EAxdiW0rOOdHL5Pj7G98EULKW8rtCTKTiQu/PixVgXHaPduiJ6Y+DFWzMlYUkMYKvCEM08l4FphNcWjwJdKUzekV10eIbJfDWf/B1odfE3OFAx5yppSqjA6+JkSHZ/CyB66MWvnWiuxeMTc1yhohxju2T+vwoyXzXq3oId4R1BfaPV50ccjiecGZCgxeTeaOFTJYc++4LN3NdmY6rWVsNRGQX3QXsAmWPV8t/ION+wJxa3vL98fugR5zDyyThEhXe6sQ/7bUU2XUBlI9FrlocesJuQ/B9sM5JdA==]]></Encrypt>
</xml>


2017-12-25 20:39:41 debug :
------------
String:
account-ticket<xml>
    <AppId><![CDATA[wx7f83e93205d2fd31]]></AppId>
    <Encrypt><![CDATA[f1qxgerrDdYsKUbV8IGMRvU2YyyOTKovKaogP0CAQEm/WpUwDutnuqpvi7iNO9dZJ5jFBJNrJpsC3xCxgOuLxbwag8EUUYm8EGSssx0AstIdJuYhvxLtRyEfTy3i5Pa/MZ5hWiLwRHPWfEDK6X6RLvLilO9sz6KQJW7DKhX7EfpRWqUV/tsNTJWxjtuZ5EjLHePQXWLTUJE8IaE3d1SuFOLk93kT2J+bslF8hZlSpWQjS14fhTqjrz+/Iq0w/HCGtkzg+N4TuVSy0slOzk0iP0hScb8k6CC/tslGjGbXziB+Iew+jKV3iO8jNp71ezKO5bf6MpOYy5bpOckYXG81yk6KD1B1ZvkboBSv+CkVK5JkTWThOee9Pc6WDkrLqb+6cvxgCMDHVb0o7p+WP37H1hZrXnosiAnnxJO8NsG5h2dm3XLUjv/eSffHeA3ZebkzfKQRm2M2rQNVvLkJshL4bg==]]></Encrypt>
</xml>


2017-12-25 20:49:41 debug :
------------
String:
account-ticket<xml>
    <AppId><![CDATA[wx7f83e93205d2fd31]]></AppId>
    <Encrypt><![CDATA[aRMfvOBPGibPHc1Fa3JpqleQS1+Lal+N1BvasM7/ncjdjzL5bkCPsp7T0Ia/2pbW5S8kCoMVLH6Rt/qo0n2zJD0ttKVgWKsiQkcQo+vejmTCW8Qw3Bu9WWH2C5RyKQy4V3y4CAe71lYpqIxdxdEtLEvLY40B0d3gXR3b3/ueiaWPY0kKsrgqRmsR3ir1BUBBisBfsdq6iEVCKq1uFrNUjoChtUONcKA1M3Tg1XQlEYbRgHL2Y9ZhfXMMju8yRlX7yLsOJKI1dXsPSQvHImFLadqlOTnXu9Sm7JeGI7wCapiMXAiTPEvB5M3SZ4lBBLhMzQxBBNKopbdjutnOmT/DGBqkb6SB/cidxykpeQyShDuzGsD8HRqATLe7B2NxP558XznY5cPxW4hddJLDhlyBsP7p3+dDsLAA3sgJCjphrAz7oJWvAoSZ9CGebxZAfjvwbsHCkha5xqXMaw9Ubxs+BA==]]></Encrypt>
</xml>


2017-12-25 20:59:47 debug :
------------
String:
account-ticket<xml>
    <AppId><![CDATA[wx7f83e93205d2fd31]]></AppId>
    <Encrypt><![CDATA[0T/2Id1z8FHlNkCzF8cCelNhpqerFIe8rvYsvbjLqc9Isaa1rQyDanb5xWvn5ibZ4xa2YO8lLU49XtbpRDDtFAVuLR6LLR9eXdX6cTNCBeewj6xmpG0puqQaQP2ccCcRN9lYPXncRu2zHSQK51QWYkGDU009qxQVQE5jmRDc6kVwU6HVc3V4z6KLM9TFGb1xkV8oIa7E+E7+MRYn+863AIK41/CeAbBFnULqIkaNc+081YxVG5Wik2j8TaqiSUimrIRcms7UwqhN9r7B2ErIOoZPApR0VVqdX8mUbQLWLOyZwk4rT774m0UH+ez6hTF+GoKOTuKghTu59OGepCseiIvcDF10h/FfUH4fi2A/g1PvDbHSHtldcpmJ70KgOHBBTByemO9udCypsZLlFNbe5LJ7jOgXPbXSXtSInxb44gJKdAlsbG3Ox5gaOz9hezXuBJ1S/YEx3p7fOGWWTZzgew==]]></Encrypt>
</xml>


2017-12-25 21:09:54 debug :
------------
String:
account-ticket<xml>
    <AppId><![CDATA[wx7f83e93205d2fd31]]></AppId>
    <Encrypt><![CDATA[Sk9NN8oRWslCrkEn7DMdj/WXKqPQRzDeNLfGszF2KUC74swp6fV8h9Iao6q0t6nh4sVk3xGEYlWrNlJ8+ifKMunMH/egxn51N+IsaW0wEUHfCS2z8y6TXx233Ory13OV0UEjarMQEED/01xafl3rxbaLgTGcqsRJMftpepjz7qbfVY2DaNGLGRWMp8IguLe6zbO1NmzCcnWAEqQwfvp9Yu58RS/nmJih7xFKLm+juOOttjVIK2OnKJ5nevGjILdoEdVh/RQkpZ16Qz1Nl6+j7ra2IyowZCbRwvmfRb4Up3K6icd3zZhdjmxGlwnLAxwvHQZj4kunmK1k9732kU/6KyNaeIUFm/Kvuwt7NCeRi+7KpBUSiBgsWPCpyiEp5UbiWdRNrg3FeZ6VGWiNOOUSjbE7gb15ssyJ7Lvze76EhrAFKkOPWamv7LZPs95aURIPz3S9LSbn5T9Uk0Nkrq5l/A==]]></Encrypt>
</xml>


2017-12-25 21:19:45 debug :
------------
String:
account-ticket<xml>
    <AppId><![CDATA[wx7f83e93205d2fd31]]></AppId>
    <Encrypt><![CDATA[0DvM5UPjnZRM4MBio7G4dBgNg3wfNzHbznxeRfu9nCy/rIVgLzgShIafAKLzVZjV9b6bj1+aHBNoNDqqncjWmSxei26qWorWXQR6gqWWQiMnrsmGyXv6zP5mvj1txAYOBdp7hlanx/d0XUAmpqJlx+WdENFfJkztfboILqs23f1uXoCOmyQLvTC4SdVSqwXM1YahPLslxmrrIuqo6ghfMZFyvodEDmas0mitLa34Q6KKK9A8iQmzgNR8Gt8YZdbh8JPhVY4RlVSihwL1sqEcuQcARC5qOr8QBNfo5158kA+0AaHTp7QB5ksJo2NSRy16gwmeIZ5PM7IJI2B+8b+ZGm3QkBsDTK7XeXzYSNPIlVLyWSpcko2Zxtnh1gDgMSQmPPgUgN4xQuiNkqPstZYWfv/IYRCAwnu6J390B+eJjBYmFC141bbKFhYl102/I154FiMfxnZ+eGGqPjXaSun8iQ==]]></Encrypt>
</xml>


2017-12-25 21:29:42 debug :
------------
String:
account-ticket<xml>
    <AppId><![CDATA[wx7f83e93205d2fd31]]></AppId>
    <Encrypt><![CDATA[UiJaRLzDJ8adKknRZ51EdNfXYpYWol2hQycSQMlHNsmAdmZucSOn+j20o3V2pJQNZOaE2rncXm19iOUaGZRnrdSaY2TTmnTya0GjiSzlZ8MdF2vlbjJkVKUZ0GAtDSUlqxHUc0h94TJWPAXRcrJUYdzis1zhQ1Jp+SP+/0cBgbpT/CxB/4D/gjR0f3DViy2EYRzd1f008YPG+nFxW/el9DFFMJ1KC+OWWqz2FYsSFKl+HmakPE/UhcJq33azgPbA3el1+JxO6b3795rHOFJIACtw9W8l6C0TtWVZGg2zu3xY9FFKBZ2R5+X8NQgkxI/R1ozwLCs2oWT9Jv4gGGdiuwIU4Y/nkl9x+3ZCYEhoxMXnhcKIREk1AuXH/ALnC9zwegjv0nWlmX4gN95MDl73p9PaFr+N6ILRPY+DcyGrX2/h0xqyOZGWsbN+tUx2TAEzPm8eIpjeZCpzx2If9s5x3w==]]></Encrypt>
</xml>


2017-12-25 21:39:44 debug :
------------
String:
account-ticket<xml>
    <AppId><![CDATA[wx7f83e93205d2fd31]]></AppId>
    <Encrypt><![CDATA[i9t2MemP+yTZvbSeXEMZ/kwjov5v3A/W0KyYSfkzXgCLJUKrjihatutFTzRLFznWdhu+6Lf6RhitzP8/ZjesSWs2ie3WMjDdHUjUtOKbaSkoMYZei7fjrr7ednhfbIOGBHpcvwiavGKf5/8DHlNVfqkjS3nyu0BY/dMie8uoL2JuABlWUKEZXQrvGRFaNQLrfA8BhAKP4H0nsdDmE+TQ36GfxthlrfuYrNrfMNdp/cWZXjzkTOgrY8NBx4PyOMmzZ65s5cTUfWba9T+/A+bYsLSa+Xvf04neCtvOsvYBJ770tG5pC9y+RbgWIGXBsYZ5j9p2g0O3CN0zSZGuML1FA6wIm7EraeTkS/9CFevyoS2BqZNcHvhH64PKt8ZtpGeI0rqiXKGv3np2GX/fp2d7H5zF6g0dJ3tm/g0T2ioy6q1y51m4XXpAzofEDbK8Zvwy+mCBuuwKtBrUsirzj9vOsA==]]></Encrypt>
</xml>


2017-12-25 21:49:29 debug :
------------
String:
account-ticket<xml>
    <AppId><![CDATA[wx7f83e93205d2fd31]]></AppId>
    <Encrypt><![CDATA[wI5ZDfPRVfiVXkSuhqewI+tRF0XshnuIl4D+fnOJJS7x/NimH3/2tsuvja9PjXYUwzZd7SOFyzfjGWrCOLmOxig+eVM9NE9aj07afvf+tKb5rd+ojuV0yd37ucNfUGYALFUKQbNim3L0/WuK37vT5SKOB+qvo39EfTb3Hdn2r+9yw0xaPFWmemX2Uq1fPR+IgDVrFxf3fS8t5bQ4oh4xaSrvV8mhzdYW5UzRM7/OTyp8wAOkOgs+p2LFTaEUew1tkJ+oUdx2347DOh8MObpmwi+clYi4VlZVEryv1tkFdwmncJqvU1LLGoRsoc44Lj1wb7HwrKfsrEozBs4ClPsnJGk3cSZ/ofVPN3ejj/g3c/JGaCjWfMczBUjTgvC2FivIu0fE7bNtJuHwNJ/24aGTHU9ctGCnGVvt++7Z7nEgPzB2dBslk23flYz1+JDjfje36Orhq68WojXmJYOq+EqRzg==]]></Encrypt>
</xml>


2017-12-25 21:59:32 debug :
------------
String:
account-ticket<xml>
    <AppId><![CDATA[wx7f83e93205d2fd31]]></AppId>
    <Encrypt><![CDATA[djQSZ2LJNy535jASD4k0gdu/Z8vvux56GQkV1k0JUbPMV+yb+vRkzC9uXaxPoSFH8DoHSpwFf2yUrmflhMHnJuQZDf3mFODSO/ecq66c6YRrnZvP9K3vMV9QLECEnlKxpzvuAhG6nTFA5/LPaNVOmqhSY0yhomHRcbePcxRBkx5S0JpT9foijaiDC3+zNaTLcYE8Pby3/1wZSkMX/a0seddow5yhoTcw+DNY6ILkZ8QRULBV2qxvg+J5g740dwm+zaUtixAAb/lz/Zu/Jnyz89jE1aQFJoRpDtEN17iTNjoUisAQ7B5C/qAouMEpcDWX163rAnmBpXmt5GSxVUV53+ONOkF/H61PUiPxTGEQfWxuYktfhChuPRfKDMFp/rcnERNWdqKqg22Jo9kP4X+liQ4jftH+zSzhSirR9SPBuZYA7k7TLoiDIzj0LXkN3QYjhtBdLMDqYsQQDZEWMklGmQ==]]></Encrypt>
</xml>


2017-12-25 22:09:32 debug :
------------
String:
account-ticket<xml>
    <AppId><![CDATA[wx7f83e93205d2fd31]]></AppId>
    <Encrypt><![CDATA[sL+k3cFC5sLwdfH4d4c8t0axJDlZCgzBS5LlozYuemk1Z2yR1ithx1JuVo155OwfD3uV6RUTS/MZ7+J+CgDUZZF0XUZdxxFjPT6O5esjDTlhJ1WlRuIDXTaN2OB5IBrc8LEWczZVnP5OgQKB0ERcdLnv3W39mRS1LeHqf7DFuXjXqWXtHwEEmTYePG4ZV84qMH0rV7m7N2dZiDgZHz/hGovzmPnrVZwUldc6AF+vlQgmh5xN0g1Xn6rU9P4HD1ifLBbG+JxBpqcINVxASPgltBlra55pnLcS8DDe/NVAiWORVO59leSCv3dcOTXH1u3NPWTubClrOXbJJdhFnkLnjqt3uwgbTSnzWNmP3+jjg1DFJE0yYbbvuDAhXBiPBU5A1n0qwvi5lnw50Sdnb/NRFHKVDG2W68ZmCVp58gJH1tV1vpkdLHY2M2+QQzlrFr8NKEQOdFwqqPZAWVQ3qbO8gQ==]]></Encrypt>
</xml>


2017-12-25 22:19:25 debug :
------------
String:
account-ticket<xml>
    <AppId><![CDATA[wx7f83e93205d2fd31]]></AppId>
    <Encrypt><![CDATA[NXuRPp6R3S+Lex+tmODGUtp1fZ8bdgisETTc+CmPk7qYcitTVyguNWslvoD/3WgwWtNq119JzO1dX7oJDAb+d/ZRvNcL4KwT3WTNTje5/ZcXxtLGpS/SZXJbmngkt7J6mgfN5hmY/Ydem7Rnv2nDIlaEA08HL69u8pJFokcOtJQbJNiRIMw37sKNSldXyDAMAbB+wwQ+gK5iGzxDX9ugujmN70sGoAi/8Bt5IpPLZ6+wAa/jwegT2djvXui2xlUE3z7c7DSXw3mNU/93yGvvGZ4Ql5H0j8QuRFaPZdInQxZtOk6qK1Uo8AeOwfpzrZy7rNQO49kUmzEPndU6gytC+PIcqa3JWY5vsg3ZB2s8IUfYqHV4bc4VQjdIBFcX90ox/38ikPVuZk8oXIEp7XU4taqeLDBjWQVACXgC2jLjQsG9Ro0DBSP5CvlrBz75y8/cS6QYBkzD1lZrY4mWt1IiOQ==]]></Encrypt>
</xml>


2017-12-25 22:29:18 debug :
------------
String:
account-ticket<xml>
    <AppId><![CDATA[wx7f83e93205d2fd31]]></AppId>
    <Encrypt><![CDATA[ajl09MD87mLo5ImZwgFqWG3fPfTmsTIwqF6+Do5KhlYRBddqNYf2KhdrdQYOfEq5OlGJyeNcc3GhtEbNXmcgRSnoqZnqCmQdIilai+I3+X2mJQBtIdnTROG4Hn2WQIoGCEYPOmB9zkdzkLKZ7gTHGvEEeTfeXo0UsT1EI3CniunMwm+zimzkBlgnw1wxHceqKLIub7IRjrbZ6hkR9biANzHNB5Uyzsc1TaBwLtvak6OXb/oRpiboqT3g2J6HUSHU7EI476CS9dwBvz0SvZharC/3Wm7886sq9AiJa12KMZ9B5WMshC8EMjN2qnOB7iZBNpPd86dlKk+MxhqJz194LtkavTxbVpu+NWyftvEksOAXvhcdVkJdxcjPB2//pKOoOiqMyEruboZoxfdu2Sp9JtcMy4+OwP4TuBPG8mzlZ4bO16o0PNIzNH18ANxXPvEHaAxLAp0tBd0uYcoKkTttBg==]]></Encrypt>
</xml>


2017-12-25 22:39:25 debug :
------------
String:
account-ticket<xml>
    <AppId><![CDATA[wx7f83e93205d2fd31]]></AppId>
    <Encrypt><![CDATA[ZNJBejrRddKSTmpMYoYKDMvrNXGQbhF7bvdmgeGPGsUmRvnjgSkh944Hax9aCpiSCVjbdk1ug3NNCSZqJ4CbwtxmEFgVR2GNvdZ/3JEmFcGNgNBgz5zEz4zzZjovpTfW5jKVVzeCCWSy5GuxD3k5geO0JGbJK5mQsjr3JIXPT690qNam0r4266I+IHDLd7jGpX7Zsahv3sz9cdnFVW9gDKHhLYoIJxKL91XnT5rNxP5lmVNiJkgAFZV/7itzWYW0aTKRY/z/lONPsHzP7aLjfTetSAhk/Qwq9jRZF3E5VrsemrkhhvyvW4fJWAxnmZ15fpn4GCiRP0PZ/Sq7u5KCYbj6yOsCnMLGP3g9PoIUFYrIhTLRdSK/r1ec2wylRcWv0WTRvGMHwMAOVjL8L7lZRzf6XPahnJXJsfs8Ah1anofOrVt48kNnNh+YYnqQu/8gDA9Stt2TM9mOvww0JyZBuQ==]]></Encrypt>
</xml>


2017-12-25 22:49:24 debug :
------------
String:
account-ticket<xml>
    <AppId><![CDATA[wx7f83e93205d2fd31]]></AppId>
    <Encrypt><![CDATA[Af/PB23MuFsU9bTltcXAaIhek0UxuESRgr3pX4WgxOqcwuciJQ6APY7jE9IGCM3dCVeG+LQ0Rh4D+PwjqkRC+l+8uZkQYArD3hvatvl93efLHiCcEYDG5qItuhSkfivGZqr27eze5YgK/tCPuvU8RAtfWjlKgGtScpZVCTGRluF5Q5YEX/RhcYnAJCRYEd5fBkbbvmMAZov7WHiO8IAiVnhWQF+C3CQcZZsjkFS5/m/NQU7MAcJQgHx9aUjPYCh1Ipo+rU9aH+RwYCLT+20nWrNSrJ+Eq4eKudfHzQwnFSgruZtrTk9liG8xUmRXIl3GfAB8GA8F6KuWSuZi5MrYE1EUGMCeVzlMnQLUhbnQcOyUsRDndiLAtJiHWtNSqmBSEoiopSI1lxWL1/4+tQ7ED77DBJ4B4aAn5nlc/h/lt26ciptABFRm/04UPTuEcP5aPNSfk6oGY8Q7z6zvaGktoA==]]></Encrypt>
</xml>


2017-12-25 22:59:09 debug :
------------
String:
account-ticket<xml>
    <AppId><![CDATA[wx7f83e93205d2fd31]]></AppId>
    <Encrypt><![CDATA[8u1WmQvTRVY6dOxeRQ0x54+FDNzOrj1C3aR17EPOjM9s+7ETTZixNiXZ2GOT0vLqYBjPWH1+C6lqjQl8UnukIhSVFtO7ZmcPFjF136SJm39NJh3wCjeFCyP25wMe/qDnMAvgg0xhafnAVC9nVRuNpWRlw8LSoSdYIn3GPV4SsZFiWcDA+El46Cg6E0rZdwaejFs4OEPXPXbxnt6+RQmcUOILjB4sl6lcZbWrutWUFTgJvXaQ3VHyeA+7oicGLt3k7Gq++QH7sRFOl0upMqn4S0yxW5NMO2aVHw5YRUHpPC27q1ULyuYGBkLZbY6oViO4IEm4yg7VrUoHfB40SLcxZLzPhYwPEkETTcEKITHsbJW0iAFXCWnOo1JVtWhjs8jBNCsWvlPUdNeXd7Cz8nd/5ctBxRNXJ44DJIk7ozmCZxVhfrbSwR/ZRRv2H9sW+BtgnsNvn6eT4g9WaPEQU5awvQ==]]></Encrypt>
</xml>


2017-12-25 23:09:14 debug :
------------
String:
account-ticket<xml>
    <AppId><![CDATA[wx7f83e93205d2fd31]]></AppId>
    <Encrypt><![CDATA[JMCK1SqLeSoAgNxwYw6q+pipLYYg+4PZhZSiZwGysC6o3Oa6KclkdpWsHOP5+ppO2K/6cf4PxCz/WYyjkfjhWG7bqqBmxMq5yVWFaBv87FBODUinrlwS+E5xfkzgcmbNXlho2zzhJ1VOyHrqY00ESsYsys5Dr74SGBlT3Q7tNM5nN7ZeKicpvnGrWP4eo5LXD3SdmfadiblChKvyoCwFM+NnT5gMxcFsGGT05vKfm2dUna66jIcGNX+cI5tKCBBEGtxQ874EP3zUv6wpqEHM4gIn3uvQkNbgxHrzyMLIc55WmOcRi+3Q+fllWxu/Od023HrYV551sBmCsD61W8384+DY6Gyj5JN5By5dXPflgiEtrtemsVd2ZhAJLfTihtJmdZrXyUOFY10e2c5GZdd8dS/U22xLy0K23pB2vaNcKPdYQsqM4rzLRmHYsfdAPds50ObNMqhxm8FfOKVZ52sj8A==]]></Encrypt>
</xml>


2017-12-25 23:19:01 debug :
------------
String:
account-ticket<xml>
    <AppId><![CDATA[wx7f83e93205d2fd31]]></AppId>
    <Encrypt><![CDATA[MrujGS3/tLfNs3YMqxNZMcb/PiSdAGy7vs61TsxL+QBzE/VdS+YFqr7oZVhS5y64UDprt3u9kvIQ6a+jwIMjdNQZJt85ZR+upQlmzG3VpvFtnhn9ZD0kzp6Q9izb/KeDl9Bd8tO+jF6Rxiw4vRckdz1btTYvlHrVC8Sh/jOoBmSOHSKWkiuv4ae75E9N+TFaUtxxIdcPFErRT62Zh76QCFk1HVFmn6ojGk6mPBdJ7hrB/p/wYPSeItreDCA4C0C0nvNJAi2spt5kke8Hk/dKUzy07DX27N9DsCpJ6A9jskQ8RrnGx7aAy5gSlN8Ab46oSWpKZGfKFOX/1ZCUM1m0sCYapSw1Whw/kGbcGts3COrSmjkqU2B2irLCMfvnkRnGGB0YuaTexIUCpVp66KBjFWfgdTBXnvqnmqFmts2Ve9J8EaLRsqlC+ivL6/34ur7ZCiqaURyywGttu7y4UKWQPg==]]></Encrypt>
</xml>


2017-12-25 23:28:54 debug :
------------
String:
account-ticket<xml>
    <AppId><![CDATA[wx7f83e93205d2fd31]]></AppId>
    <Encrypt><![CDATA[M6lj4FheL8QuzkAGx0uOsS+Gi2CDsDoRbrCkaOvg+7uAiEzmqw+HvzhmPCLVfFoLdNhX5F2r5j1h06gdQI+JjtOCTxUK206H10MeqKVi9SKurKQfaFX9/CDwDZM7TcOyb/qexzlTXvCtwPmo8wKcE/eWcw69/FhJ7R/gbcjA9imJYCyPAkAM5oDQ8PHpyiZhEOxLskuN3c5DlIy1H8rsUiKjVT3CxGrHabd3bS8XJCXNMpTO4E3141XH2A12yx+X5f8XuVbn4LWnLTwEoKlXJPwmny6jNnoskYIWho2K8g6FO5Nk8In887u5hznsJf2rGW9HSD/gtR4rGPFHpWuo1xPwR4NbRFSpxh0LG8fILg4cxHblu126qiUSclHsGQ5jOXVVtPfJAkVaj7NUxltNd6lALkyjKTnsY0mUoIW0rg9ZXB+p8eaV092b2PQ0mbfKUnuFmeRh0Ewzp5bAe0NvoA==]]></Encrypt>
</xml>


2017-12-25 23:38:56 debug :
------------
String:
account-ticket<xml>
    <AppId><![CDATA[wx7f83e93205d2fd31]]></AppId>
    <Encrypt><![CDATA[Wd5giqn9b9x9QGUaOPJcNw5KKTSHN4slBZJPPeVPBPVyc/7aJY2pjDO8mMenlPsuzdm+rIpWlIN7UXpcYMQ1LolLIaGyXo1j0qyd0IsltTVfIz9WSd38wjMawmF7bN45PxOasALJ3HqfkKexfEDEFI39b/RHdeY+0GLgjNYqHYs/yPLp2f4iE2EsJE1xvjbDmQKyF9QJBviNYBu7/MT1AhOjDoGGFrDqf/r52Ra7QFJ+Wd5q4vZPlYQvzLdNiWmXR1tTJ9Wp6i1gl4h3rwBSpifPJBe2gbg0FBx8mv7oP4vIDwG+0/MaZUf4KJ85iKgqKRFztma0EwPDmJN21szgDUlQ0ijTbi/afb411fpefLWHaqhE732/0RDd8d24YgrTgdXcDotAzYeiwQa3IdMD+4JcOkEjM9ZBwM9I9KU6Ld6cEpBRGbtJE5aHXH5T+h7MWID4WBs9Wy02Mr3EN7O49Q==]]></Encrypt>
</xml>


2017-12-25 23:48:43 debug :
------------
String:
account-ticket<xml>
    <AppId><![CDATA[wx7f83e93205d2fd31]]></AppId>
    <Encrypt><![CDATA[sRhuUa6ayWlWCNPcZn+D/pH2SYml8AlMYik7KGb1/2zqql8EP8B4RLZ0HepnUUulbCi5OajgHt+ml5EOeHQmLkjqeBt7WOboVy7NOzPz2BgFfGBUYzc/sBEw5ypEcj7LioX+gnCt2x/SES/Fvc/OSqZuOjrTWIZc2LI6rOJHWJ20Hjo8Fwjikd/VcqzyBly475dF8gwHQC7OyVnSERCEmnSPF0yiUkUoTwuDpmiq1k5Dz4bkfeb0HOKNbnvhmQKllzAbHBUirvVwdWR7OCrArJcGxWENRu0kme/9TyCiOQbQhsvbj6VPgD8EaFdMuw2DrgQOzGv9Y4w5dFZVXXJB4qserg//Pbh6ScvxcF50caVc5pwT3C32o8O2Z/k+eJOVwDMEFK3WahZgpn6AVQ1zXx7wpaHpeMmj4dMebZKIy4vDwT4T4d78JfRsms1UK8nGr8A141AwUfnhnoE1Xo4vfg==]]></Encrypt>
</xml>


2017-12-25 23:58:39 debug :
------------
String:
account-ticket<xml>
    <AppId><![CDATA[wx7f83e93205d2fd31]]></AppId>
    <Encrypt><![CDATA[bTY/UQ63akOaFBeORV8cmjUXwz9J6L0Id/+HGJfiLwmOMcuVjcykaVTTmc0a5oRi0gSzjseW9qpLhMLp04n1DzETJ5o6pzMbdhUyxFzbydBB2GpmER12sj/RjycS03q0M4d1nDIJyvsM0mIfmsMzH6GiG76XoJmzFgZ34XuuItAdurgZiDeOlbNhgtRPXxpFAql5SLui9fJF2o+dApoZPY4nJToJMQAdUd7LD9DPWGbCdwGFjFO2SUxhXpQAQ2dif1wgBd01Vvblqw5N8M21u6X1/jj5ZTah86iS24KRBMzs0HgdD3PaSO06zbWON1I7hwlgpdjZkOzpKzUPtwko5q7Kmc0oQmEc3TcLqwhmxiy7QTe3WfL68ebJh1+z30qR/7s6Y3zIr4m2AdUm8bltEP/138cFGwO5UJ2pcxA/Z426ekRonJDO8e8fDu/yRzQ3PhgbipMOybic8tDVk0p4Tg==]]></Encrypt>
</xml>


