2017-12-27 00:08:43 debug :
------------
String:
account-ticket<xml>
    <AppId><![CDATA[wx7f83e93205d2fd31]]></AppId>
    <Encrypt><![CDATA[GM7wfkiRyWlsKyBVTZv1rm+OrcdB8qhYVUydTZPywqDv7jQ6ecPD9yKlmq/XGkNGfzCe2RrIy8S5qMnxRqulIloc0aMHSZMzet9CN60hwMLauj0IXuRNaQC7i6QyVU374NwO4yIBKAzCdmLGlUS6wEPTcD9hCJeRvgwAydNIEJI6GNboWZuJh0bh6d6WxKnvtQYvguE9JEz4+g1kO6XASsdJ0Uhg//p3T4THfspwMOtH8PAGkkB8C5AOdoKNgnY5Z0e7QM+qMBi4sJ4DDjgR4IwGguVXADr+KLY14fQGnY+HDw1a+9Z5wTImRUqRUhB4h4WNk8Z7zGMG4kJgXXPbhY/1TOFjP/b+vFjisHJGZsShoN82I/cjItvdnIRofWJuh7wdZo8e1SY++BPZdB0cfpR86S3JACv4Y46hYCCQwiayPdpzUOU/de+IIObSk+uLmgbFFIOU00Wng6If0zHm2g==]]></Encrypt>
</xml>


2017-12-27 00:18:41 debug :
------------
String:
account-ticket<xml>
    <AppId><![CDATA[wx7f83e93205d2fd31]]></AppId>
    <Encrypt><![CDATA[refgOtxalRh8tK9+XxMEe7teho6WuZw041mcweHIoO2wiELl+Dzeq5kchxL53wSbEXCEt3G7bywMA4xnoZPbd8ElBtEsty0/7xaIgc8xoquBx4LS7IbkOawg8wCH5+z6KYhFv2tr0+msN2dry5rIssbrJJUJI6CFJM+6hdD8uliBe5gdQw38W4A4NncRbL6Hjbgh0jQUQWzKii1+uXavi8OEyq1+s7IXTfjQpnq/pfCFhHZimRBcu4HcCM6BpU7DmQUiT6JZKPax1VOvrfkO3zzdbeJ2XENMAfEhyMPbI+LrUA9EcZwJPR1wDq3073coSrF2jGw4MyAHtBAq8Obx67Pv4eIgLKDfToD3MYelM+QYEMaAi1RBeHjWfX7C2VcSXSV0Ui9hqC2N4wAViCqlF5fNLrVm/94RqcgnIO/lSzT79fIaUcIOqinHPJwk4UpnmMhAAE53U3V84QB3AxAwcA==]]></Encrypt>
</xml>


2017-12-27 00:29:24 debug :
------------
String:
account-ticket<xml>
    <AppId><![CDATA[wx7f83e93205d2fd31]]></AppId>
    <Encrypt><![CDATA[sH/zvkTJSVgNE1uXCn0IThgPvQbuWmPGGH96LHvQ9ZK4WT/GhE0rm+vY34bI08RmnhDTgcqxqEKintSqbc7qMVD6F5lF6ApVFqAYXCdRr5Wwzu1KWrXkt4JB2YhmLrIBaqwdbIFLFl0Lj+x65d+ocqeiomet2b2HF/mMkzVR6mQ6PJ1Nn8FVUkaWLRl8zSEEV1M88uTa+KRM8kbHL7T5Pw1AOzuxZ4h4E9aELrVg+oyPAbZ8hdrzRFEuBaC93TrFmGAW/jN3rHZCKkZ1SF214F6pDfyvyuahY9WMn5M9+6wASM2jPEPkNLQ7GoJYlnORK34ktxoS2Smxe8u4Oq/9RLV6H/aRam3ELj3Cai0L1GLwa1KeYowHs9D3elJWhkgO6eo8EVQK4DvWoj8zEf/8R0DFHAw7FnTjwNMeuxOTS3j7E+gJxcUGUmJArLdtxboHJfigsNcyCwgV1pM0dSVmQw==]]></Encrypt>
</xml>


2017-12-27 00:38:31 debug :
------------
String:
account-ticket<xml>
    <AppId><![CDATA[wx7f83e93205d2fd31]]></AppId>
    <Encrypt><![CDATA[2QIBc0/6Ydp19BQ/Mg5D4Xr/i4rGgZaOOtLAlZBcL73AtJ1DHlgVqyc+ZZUP7RccZwIPYO3aRms+/8ijCrnZIV+XEE+AwDEtDdnuyPi33IB9RcIUDvtF7cbXTF/NZFqQG91i8knH/VyLhjkuO8VQG73qoLDqpX/+gNeeEs1BmFChBzFberQzFColWlG2YtpP02EY80Ng40BDujm3BTTkpYt72Cbr0C5GB5sQZGznIpyYF1hfFqu/DNnhQWH8CdGWkUAvIZzk7He/4j2GUfAP8ZLKCB63UrPS59bKFU0flvd5AqBfOEyDOGx7JfO2ta1Dp4F4RpvYmVUo8sedYkWN6ubLiC2/dz1xnDgdlikbFHRoyN8bw4v/OcKVf+S4q9QkhsuR3jZEfKgDZXXjhn0DtogZrQS8UDFyCfN0UHlYzMHVIUp+p3ju8XSPS52tqScJxbBpSK0YFuXPmkM3fVCZ0Q==]]></Encrypt>
</xml>


2017-12-27 00:49:12 debug :
------------
String:
account-ticket<xml>
    <AppId><![CDATA[wx7f83e93205d2fd31]]></AppId>
    <Encrypt><![CDATA[QD8dWZKnbiZr3R1A479+Yf4nY90OoDDeldl7z0YHSRflQ7J0q6NI6to65JDl1CNOEwkhwKwtCj9LK/JFrm4UnU1unOntP7QR2lL1q1DQY3tNRFiTuoFbdyi403ivd49uct0e0iYuDWcUzSdM2ckTB472t/zIDxLhsjjpZYOn1qI7oWvp2+W0YqzfnGhk2ZtYAoUvIKsopTd3VfIfrkRGnb+QUUPRLCAvmlUP3KzpsShB5pXAECFCPE3z3FjAfph7wjyNyCWs/PYnbxiMq/iW9cqBUDHDiaEkhaD9LFTXesjGk4JWjuZ/8DlyBRpW8vIbyY7yRdEV0WByFhZQQQepgBPhXfBUtgbtfHZwaUJQLrMR03xOD6k01jnkq6FNr9hidjGDNNay64A692s1p0iboNhsIb5ulsyp0KTtJ7ppF4rbE54NX/dbxqGGog8uUgJDF0i72JA95f35PWN9B0VyhA==]]></Encrypt>
</xml>


2017-12-27 00:59:06 debug :
------------
String:
account-ticket<xml>
    <AppId><![CDATA[wx7f83e93205d2fd31]]></AppId>
    <Encrypt><![CDATA[Mjd2W9jA3n2wbgkR4JYqxeHfxBcQXQ6jnGmeX3I3gyIly3CtNS1vAV8y95hp4GU2gpjXe0abTyx1vmylFoGprNSKtJ2Al5RJb3nZuLtFJSdt8E4t0LkQShFynHxzEzoVXVVGJvqDUaYYzpgeKOOz/+HkLlyn1JnAoETg71eCY9FtBd37wOzuiALbX9Ncbm17IhkEarNYD5G/hDkQkmUzHejeiuW6CtVZ2y4TtWPBqx3QaT+Nkw21CVs61GAoXgrlrv0BRzDtLOhNXWGY+HxlnDyvZw31p0ooldqkeuKUTA2fc74pIZB2Jse6ZIFkolaC3rAjn3PF0HbAGer+WsbuFNuNq2+nZYYc33d/tobFTxsHiWBj6KYbZJsf+ZBXY4VaTvZA7uATpMA/eLWV3xK1LUlBuXQnQGw4JvpTCdR7YE4hBp+DY4EOoPQvfuHRO+Et2sbbNGbg0W5QBEN33AFrvQ==]]></Encrypt>
</xml>


2017-12-27 01:09:27 debug :
------------
String:
account-ticket<xml>
    <AppId><![CDATA[wx7f83e93205d2fd31]]></AppId>
    <Encrypt><![CDATA[N1YQ4CAOa3dKyYjvx/wrShEWP2h13Pzvj0Aq5HJm5OA6dKhtWoF17tDsysupSHpU+gBYvWSpbR4iQHRpSdbpnRNIvlPt7lmVGgYukn6LX/HfrBneU6HxVGY5e3wCXgWarGGnum+RjCU+wVVbV3F1KfGttfsU3g++7GHRmW6JSmk6Q22ct6jNY5UA9AGvVEqWbkFK0oN5pOLjC+tgicVl2shi6qrk6BOaDFOtkPgkxHIDBL8j6Yyu3q5ruYB1J+UIoi+YAvoZQpaoyOSabmJlLv+3lhPZWcLKzuQYzHBGCC1vBbZPemmPbLfvRGKbEqGfEjmEHynVBlOiP29sEJc4fjAuwfzt6/RQA1sSOT4IpquPSVK0pJk4LyFlBJl8p5LkL46W+y9ivkcl4Ooloj5ckCYjMMuhHa2pDUM/+cmCuFAcRDMWur/3dUbmkxTx9FVYYRyvx9S3++N++Zbda2C+dQ==]]></Encrypt>
</xml>


2017-12-27 01:18:40 debug :
------------
String:
account-ticket<xml>
    <AppId><![CDATA[wx7f83e93205d2fd31]]></AppId>
    <Encrypt><![CDATA[uT++Ed6exw+8zwwr4QV5ULQwp25OZRM9iZp0Dlc360BDCzCjmuPX2yPtT+AvJ/oPp6KhPNBXxsn6jKReWV+fsiKpNIvXFBXCZsklJejUcgzOU7W3wwF/o2rUmzQVIyUrI9Bl6mab3tJENUipL1wAfTaMZJUZClxR5TW78TyJYKPcCjvZ9Y76jQxQWXMpvRJU+iVRbSLuCGqhf5FXH7StbgAq335TEH1p7CV2BYkAUbRA8ZuF9rEaVOjkhQRFQE+gfs3nGCeRRueq5TJKZlBVuExToQc+0q2rQM9PJ4WeyzI9N8OAoC3VF3Yg/mnDsev0jnfLiM/4uoe/VxaYE+wg12LBAlT0jAMv2CCPVuqykqt+aYiHGurJ73e4X0X/C6W9dzvwn8NRf1AG5smOstKcKJEX/YzR8PXKgFspbor575iTCePLqu4HOPHrD1XpEv+A4Hxx/3hD+MtcE1rnFOwW2g==]]></Encrypt>
</xml>


2017-12-27 01:28:37 debug :
------------
String:
account-ticket<xml>
    <AppId><![CDATA[wx7f83e93205d2fd31]]></AppId>
    <Encrypt><![CDATA[lk6tqnXNG3MlD8NgBvIY7RszX74AzGmQVUXWKtMtgC8bKn9RRwag4OVFd7q1gsmalpQ50UO7XCT4qFZRwhUQsCh2McA3One/zlZzaq3GupoJ4cugTufW+OlInHGSJn/WphpSF+aATnlVubHbl0IrbuzW695hpdt0AASQdGTRHWaQ1WFDPCh7GVU6bmbYaS5U2bPR2Koe/bTY8V6PI0Rcd48s1///0na3aHCSdkNsDRRKLUHcxrs28/U+N9hXH7IoCOOkiD6GHcCUqsVONTuP8HkGfdSKxU1MGUROzota3wesAcpa56lcZbCr4WqSMUla76jSb4dCWOr5P2klFcEgv6EDA2BguOA7q8pNYNuYDn264M2Z4L+lRE7WkHgYuBKqUWW5Bw4A344lIyLryQHyJt9aAxZtGZfT3smxVBiHuxbGwC07t2KoBY0p3VovQirqE/18SNIZReqVTA8JgyF+Gw==]]></Encrypt>
</xml>


2017-12-27 01:38:35 debug :
------------
String:
account-ticket<xml>
    <AppId><![CDATA[wx7f83e93205d2fd31]]></AppId>
    <Encrypt><![CDATA[P9lHe3PQGKYAC0x/3awLnKptunQQMcZ1RsklyzNdPMHpwu6O4UgdVqXEf5/vQ+VQAI+fXQxhOT+AxO7Veb1f/dzCYnWJcTF7Mvuq2pqG9gr6KedJ+7XHrg/sP9Axtn2lHgDa7q6DnSZbzdV4StA4eykf0j98rJJbK0DckR6K054y+g1ehJaugM7GxeXARmWfrdPl4PBgopXmom9WKPqa28ib1AbeXQaY7HowGE3ah8Lngf0yegdU71+WREHYpBD/EKRegZZGrN5EwwdZhSsFmwm3VLzJFxgG3IPA4+slwdKw6Whe0sQdQjQzPNSVZrJy5JtCoyycWzQPiXobB07yeZhGZg/zErQCv1H6wT+CcosbGpGAQOT6V7tRu2Nqdelf4AwifpC/DZ4s4A2PxtDZjRHflEgmBNsUp9lkKSVfolJ01Q1O1Xs3OdZcdameghj0vsnnE07xMMQNeux692Hk0A==]]></Encrypt>
</xml>


2017-12-27 01:48:36 debug :
------------
String:
account-ticket<xml>
    <AppId><![CDATA[wx7f83e93205d2fd31]]></AppId>
    <Encrypt><![CDATA[EdGM4HLoemChP5oHEsTZWC05ilvPHb60JfdDlW2M31bWylrvGBgCPruQ823LAuRnJ+bbw1WLhxSWPBMrS3KCfKot/YP7AdVVvWzm3RYdZC1Y+UUuLcnzS8chyIMRqIbJGYvO21Dl6ZHGgshz+L1qciTF192QJlKwEbIKkBv9QzruAkitYNf0fdEaJMfcu2jkvaZws83Wqs5KP394eEjEQnoQJAlxpyZbJ3JSoe27b9TPS43ReGw7XxdzXUVRTBhRjCAUdTtf09TVo9K7PPceWGxdw7CDMIQK2tEc3BjHhAJCLaSCSsteXOV8bw79GnxyeYsuDxm1Ip+eEBh0Rb7QxwXJrlv5rHp8SJNvBz/YDf4n++YbMd5Zx3+MXo/R291+bYebeXvs4DYh/6ogDW34vMgkQ/FAvmKKUE2SO9tfykoMHqv5rVEqN3GfMBGx9zVyDdp3ddF7Dwd37Jf+8P0awQ==]]></Encrypt>
</xml>


2017-12-27 01:58:36 debug :
------------
String:
account-ticket<xml>
    <AppId><![CDATA[wx7f83e93205d2fd31]]></AppId>
    <Encrypt><![CDATA[/9eQBgWZtkVB73rNCIh+6MAgEhiv1+hOpZf/5WB9TUmG7o6DAcANOCF2Z9a9v4OFhmEqlrvwgiFPftZ0JGrs9/Gp1JKsFTPWQYN1YshVaWqIGkYDD3YcDYB6VvnYwSNmRAbqsR8F/BWkw5/jiUhWE0/MpdWnO96N5cXllO4N9kLqEGWanDqXrt+N6BWEgOREvt5sKQ8bsz7mqp5Nn58cPdryjpDuk5vyV688g2osscuC9CTB9hKoJBRWP8KfL+1a5RV8p/bynaCXXeUJctkTXhQi06QFMIcq4Fqmfq2Yyx3/dV4CVeT4PYkuzev6BJw0fGP9oU80xldQRhP3OWea1j38leDOcYT+p0qWt4Si1Vc6PaZDJVPj6SXD52vBtebp9ART6GPCBOSF4QMsgvWYJ+HUcSRXbkmSlZH5gVYcdb/c5J5Hl8Kz9hs2V2BleIe4MC61QlqevkCNaEveZ4Wy7A==]]></Encrypt>
</xml>


2017-12-27 02:08:59 debug :
------------
String:
account-ticket<xml>
    <AppId><![CDATA[wx7f83e93205d2fd31]]></AppId>
    <Encrypt><![CDATA[nReVwAQmmZ4cj9PVMoYaj6dfFXvoLeZharh6qBvvnItemaOIKmOnOE9nj/kQlKTmAv/3wtFEC7QW+BinmOtFZMnywsdiq7P+Sbq2scW+miQ8+A+8v1fYIxPnWz8b+AveAykBaWKMx5bZJVpbI3IcuT4wodBQQ/RZabhh6a9MbZSXCDt1AeYEYJ090QAaaCb9rKrZqI/fU8D8Ddzr1HgP9isSmtnDxdi11FHNjP/5etFM39Ab+PIjgNLIoDYP44Dsd0JXQi3T7mnBCW3FzJwpo3+4eOtEnMVZpClqdgj75C8gX6tOqwBU9aneSRO/z4n0FNs0VFOpI9iY0pZmwG1K+tdA4jEa6HSjM+2KQ99+FnnSrlKc5CSx8pNJXhJGoRKoxxtPr57KL9t9VTjmwls8HmFQn45WSuxxWWFCtqKLlvp0M3Fj316yEhZTihjZS5WkswHfRc2gBnzDdvug9lsECA==]]></Encrypt>
</xml>


2017-12-27 02:18:46 debug :
------------
String:
account-ticket<xml>
    <AppId><![CDATA[wx7f83e93205d2fd31]]></AppId>
    <Encrypt><![CDATA[fIP6WzSqV7zXcILxNTQq12HxnmP/WuFdiNPWsdp8/o1Z0H8t9pXHAX+SB51dw56T/v5sI1+fyIvuv7K4bSQk+JbkMwDR3STxA8RYw+osNUydwLYOzbF0Wx5JDECmJVLjCLqwo+iNwjQrN6gY7ReewGso4yCqxhYu2QA0XHLxqyFutZWTrfqgPIAnZ3NgsR6uSjykMRtgTYY0ZHU5sy3TDIMvj1E2bpOSL1nkNxxXleJ0qNSZJS2y6jLZGUSMV8aububxLOe2fh1sjOoFtK/eQEzhl+WN5T0kBLdE0oh6OrhVLnExcNYScdEmiXxa1yl7iUjDl/3QW2a0ZYldy8y/Oa/Jb0V2f1p7EElb79Ww3eW2/5uJBnxCLOAD59lhUAaSCc7+SonhKQu+rc7LP/ce1Tmrn4FtjtwkrGi99UN+axvsIUq5GeDtOB6vFqkqtUF2GAiMy6iaWJ4iULjYUyDscg==]]></Encrypt>
</xml>


2017-12-27 02:28:49 debug :
------------
String:
account-ticket<xml>
    <AppId><![CDATA[wx7f83e93205d2fd31]]></AppId>
    <Encrypt><![CDATA[PPo/Arso3vUpVfZA2N3NKLgzcSZGcE+bBOpCddU8E1DhYgFXeFR7CDUCa5py5G8Ej8qPPXRMcs4ZRi79hrYVexnnKoSkFtAMAQ4nPiTququoB5MzcGbux7OnvajEDk+XrucQ6XV+g/6KPnc/znViPFtg8+kCrDl5DTUV8GSkTgCXeJJ993h/+wjeH/mSzAkTfxXMqp9LK4wJB5WJ5BQmLaY+w/TugHxhp/CEMMjp8Su22RtnX8xr2Qpq4y0nUiUEHdlXqiZo6mgCQXIm1LNRPNBHtaiN38a9szGjJwOliWW+kZ/U6fXgKch3UYmxpYYaLqMxAgShJY3jgdkjRrbLTu/xc4OVjoxebLJz32qLedZ7Rxt474rTEFS3NT5rLgm1C9jy85uc7ped8khj+gzZgbgIE98DMR8UzfBevzifoc2/fuq5AJYZAKWwYOpqKVDJ6WpwckOFOcAkWzaeYp1Kww==]]></Encrypt>
</xml>


2017-12-27 02:38:46 debug :
------------
String:
account-ticket<xml>
    <AppId><![CDATA[wx7f83e93205d2fd31]]></AppId>
    <Encrypt><![CDATA[8SN+/KCvdXDCp0YjAZyQUk6jLoxAdCnXG/YEQktkacjKnKBxyeGRkcMpN4++O3aBqGLM5AINj2JZDK12JkAy5u4mrNQLMyuCwmsCaQsLCz6AsQ23213PAb/1qal5iuQBPlCXsCQnW8Z2uEA6hGZsmFdjey4X6KCbW5OO4eg11iICtN4rU9IpBacJjLNVAEwpQUSNx+2YGOP+4HzcqxOXvAA86kRuQmHCCoK2i3OVxm5CKs5gkBdlOAlYtXEa4GISoPmt/q71j5eWQPF24xmoVg3TxYExYSK+pKCtH5ZBmqaJb33Tg5UStW6zUDHQ2GgEm/xLM4Oym9QlkE6DXdCb25q2D/FNENBotgFtRDaopxmJ9FicFMw3v7e7fxwhYwl+ZoT81oyUwjsQ849UsxcaMseRKqkj6ZnFuTC3fN33Mhl5RtTkxYeGklilb1mYO3lX4ldRDcv6JtC5OwYGE8Wr4g==]]></Encrypt>
</xml>


2017-12-27 02:48:46 debug :
------------
String:
account-ticket<xml>
    <AppId><![CDATA[wx7f83e93205d2fd31]]></AppId>
    <Encrypt><![CDATA[YHM3GJypRR14YpC/kYd7ugg5zSpaL76BgIPFOGe4v4QQSAyJJBE4LwAK1zO1ANwNqpLpsLjVowgcNUbXD779zJu2DdfxGgF6XWar8YyIRotTRfydCtiabKhs38/j+n5yJ5I30kL52XlLfNwSNeerESRoy/G5YcvBff+M960i3QWCSZoXHA50n0QSRGSRNu4qFM3CcbhEW+hznb3DTixAsPs+aVjG8aAiDPSo37Q2YY62eYa9KllDhPv7gz86NiOj4zdDsF6MZlH35UKUUMo5cuct6HOd+Ueo3hH5ATpuJL1Yvlh6iIbeJb3yuyiCU97fcfKoUeCQlTJpQ/5ZJiggjZQCL+1QqSIYAzCZjfiXSFaBUy9eIPvYRgqgySKHd+J/+yXivdKAJ5KxsghqLOM2No2z9YVnJ154qw0ykIUgc+h+NNaKqKuq4myGIcP7wdsp8hZimt5//Z+uTetJHeGS2Q==]]></Encrypt>
</xml>


2017-12-27 02:58:31 debug :
------------
String:
account-ticket<xml>
    <AppId><![CDATA[wx7f83e93205d2fd31]]></AppId>
    <Encrypt><![CDATA[BwMXIERmsOPr7wmQWgnK/kV8nXX7LyIGNM4T+1NmonaaISk5HWFwwsfUXPhe3QQbO3yk8MTlHTU2UXd1Jgkzl4iK+XU+jTL0D8ot/d5VVkAuN46mP40JZ+zUFpSeVg3+AUqeEsyHmhmddNTRhWlUxU1WSWdnHZpN3i8lQjVea8EY5qBoQD179keS8a7xt54YE/MVRuoy+sQ7yMfh0hequDsI0wnU48RHl7H8EPN7GArzsZDXHjZqt2b5jsMPkzRqejzfNpaZGcmlr3yq6QCmrmH9Fuqd3TXA5utT/PhJfequxLSSZWqS6YSqenca6qgNNCIE7Y6lelCDjIeRXe2SIrOOiVz1Hp1IOfuJzRb5z/c+sEfQkCa4lkoD6U3l3MuSpgYcEKnEyP4XPtOuGFtk7I7sawwiJ4L396pZBi7747zWRkwqsg1tbxk+eYWUTNUIcvWdrEKD1DuNnfHxnvYvQQ==]]></Encrypt>
</xml>


2017-12-27 03:10:26 debug :
------------
String:
account-ticket<xml>
    <AppId><![CDATA[wx7f83e93205d2fd31]]></AppId>
    <Encrypt><![CDATA[1OKDGQfQV/JimKhVLM0ve/0MPlDNzUKZE/5VQdbEQ3uY1ZiyMMGWCbjYK8b88nyQEdQZ8Dprn56mO4IrIL5q+21c93EKdru2dvR6WlD6hBPiA+G8YIns9/mhF4RwhFgj47lGhHKQ8z9eCcn2Z+Oypa9iz+arQAzqFuqzKAzRhqZpYfeu9Mr4RT5iV1+CsRnEz6hQWon4o3LOLXiGCGY2f5pfwUkbKsbyGmwRnjvNT5TPMAKn3jkBtdqiA/EbuvQr/3CKUB3gctMoKFDadfmrdiEkWXevOn6SeCZ40uIMOguZSlAHJFzr9xo0f1niAg2RxmIYaxcmhnQurQOGpqkfMYToMH9GUIAA7KFcdY8v702lLK3VWlMzH3Tiq2rbiAbmHdilQG8Pfg+iWk7EjYKImWy2avz6thTleIuM+stZ1OXtEvHNXzXPlkhZ3lXBhbnbmQT2ofIZgzJWszLuLPjtrQ==]]></Encrypt>
</xml>


2017-12-27 03:18:38 debug :
------------
String:
account-ticket<xml>
    <AppId><![CDATA[wx7f83e93205d2fd31]]></AppId>
    <Encrypt><![CDATA[uZxOXDVn7X9FpCXyc3MQvtfKt4hxDsdnGcBNfmOWzmFfNYKOEv6pB54W6nTqUeea6TpZX415wDENxu1i3i3dDr7y32Br33fdjICjHKYMa2I7MduGN2LfPjUXPBfiRAY7xfzp63R8Qi8sKhhoYEPpMU3wTJc3SsHjqLdgB7bSorqkm6LoijyIgHoh18dDEB3RAxZADGPCvxvUq2nR33y18WAK81Yvqf7/wi0RKlYi4EvjlZoNwT+cVRSxejgjW9ePZBirr6JIxdrrl600sPInMTSsLugKsqlHWGf5ZwHYK26cpAJH8sg0rsJUnDjD85ujVblNEYI59VxBdsSV/szRb1E+3NzqoitURvVlvi3isb1sfFjEbYHwxdL4U13BNxyTYCTnHP7PFQ5MBYhfcwbpq7TzSmdloD06gCpj4JMqbGlsFndzPCKpcDqP7N7qGb+Ex+nA6PB7B2A6hZx9tSo4/g==]]></Encrypt>
</xml>


2017-12-27 03:28:27 debug :
------------
String:
account-ticket<xml>
    <AppId><![CDATA[wx7f83e93205d2fd31]]></AppId>
    <Encrypt><![CDATA[Hb6ZtyaP4CO65uScz1Se9WROz1UI52MJhexCpfLyALYM+4qNas4h4av2EdOo3UrxTbmvzYEYKqGFTTci2biYcuACeUGqwc24uxqI5v2uRKD8R1Rc15aPm/YU5qZ5bloVgU0Y/Ui5eLoZnvA2SFHr6e+43JL/JiWOPYz833w5XDu5qvtKWjCnoqK8VClzQV/1LV+sLcLIfmKjEcr4pgaLaBKy8low2Ji32VfiiddQwduIM83DKJU3H/MjVij5ECliqQ1DZr2aVU0s3UMCek9uHuyGMM3clBY49o4dTz7xOL5E0RHnbBnhJTOIU7T5TaqHHHnLRjDcA0J3IC9I6LhWLi8mpNB5U8xjX8QEQgE6kzXwCjAgJKiTQxJdxUIIfHw3n0wW0o0PnC+NAsMQCNEPHf1atuhYeILcHsKAKn0JT6Pfe3v1FZXHJWAV8MkLEOMXCC2OtNgd5o0r6cZxJbmiXA==]]></Encrypt>
</xml>


2017-12-27 03:38:42 debug :
------------
String:
account-ticket<xml>
    <AppId><![CDATA[wx7f83e93205d2fd31]]></AppId>
    <Encrypt><![CDATA[yQt3RihQt4Cjcl1ehOz1T/HRho/HKj3jVzW9Jbb6r/sLGuwCqkCpxIE0CJkSwb9+FNzWBskhdKHee7eVKiuE7MrgNCI8xWR5GkcbHZtko4Tls/R24jtEgsxTCBRfat/Twfzs73yXy1gKlCglxTtqa3AfbPGTeXXlGhrpIPdk0nhNfOwH0U75Wc9BoyBzv0l/75yj9qFrJs3rFuu5ej8XXX6jIA7HrhGWoBuujKy04pW7jPahJaRdcOBvuygSgg0DncSrAlivsgEblKh/iu5ZhIyq3jhf1VXOhLi0cNzkt8q4ziXSvQG9UlWHsS51u+sUyeRpEXfY5V1xmZEvTuzQXJ7R4I8++qfi5LxTFamEbICdQOibnPLu0IDaU5HqVvoHRePdMoFysmXNKZUmIIhWQYj3+lahUHM2bzw5wQ9RCZRjk23YncaFHKjwALk9zVnTF1yuuC2VXwq13MzhBCAg8A==]]></Encrypt>
</xml>


2017-12-27 03:48:35 debug :
------------
String:
account-ticket<xml>
    <AppId><![CDATA[wx7f83e93205d2fd31]]></AppId>
    <Encrypt><![CDATA[O586Bja4z1CrUCUKw/Z3FscolYb4Xsu98LNCqleq3NYS0sbFhgxnSrq49TfXMWFWCnrl+lAFqopTDTx5uma0bXum3C2s7KhX2vC1fBDB3kvQVCsW5yYGE+sODiQJ5zqdMYaHuCxWEsRmzWhZmv6arVheOInWhMUoSU5oLBY9nb7ZBtOs7Bh2jJ8PJlY0oLOQpgPRYKpD41JvjkmSetkP0SE5nwU2q4AqKdm7ssxxNPDoe8lcHmqiorr7WP7pPwR2HHudIjfgQ+WoEydJVMOt4QComiIzrATO49p1eWfAlZZFQlaD23/3Vy+03Ncgh5+okIdUo1eeCyUAY6vgX5EzTqVStGI6XaELFRyP7I6sO/YXGgct+FYbiIUONhwa1VWALP48o/ppoR4u1d/KAeWIiSgQpqvfNYzQmR9Icl9Db8lrC2p87+m9c28CZAIzjklJIoleya2iQvG46B6jm19sXw==]]></Encrypt>
</xml>


2017-12-27 03:58:42 debug :
------------
String:
account-ticket<xml>
    <AppId><![CDATA[wx7f83e93205d2fd31]]></AppId>
    <Encrypt><![CDATA[maDgB2NRx52yFgwIQ/nlohuDOrgFcVMhU3+N82cD3kJPFi9tjQDTvpmCv2LjWRwtS17j697F9helUGc4VJNQWzttlIy3tuDZcY6IXKzlji7+uHUrsd2+t2aade+ukHEq6QWaQ/cbbbc5awE1pQ1ZWZt67B5u09TlENp/3yuF8VX5U+StRomdxIJd0MxuOqfUPpjQongy/jKNaM2fLVcRLEe+qI2LTzYy3NRnLVlUv5FezBhKIHOl75iJ9zP9K84GLbpHpPlR8NtYdSas0YU90WDoboeMM3ANiXehfjfuXZuFv1jvgGVbZ9OHzurm1aR0O+HBV2mO0QF+eE0pr31HROqSKIAh7r0/OD0jZOKph6qGXRaeXZbz/u5ytH44BM0FRWGM9WTQUuU3xlxg44SaSPUKZuuZhLVuo2Ocn/cgiFfTg4lSqI4+gsbcvsu64eaq29A6jXIahsGYgsL+6J0RtA==]]></Encrypt>
</xml>


2017-12-27 04:10:24 debug :
------------
String:
account-ticket<xml>
    <AppId><![CDATA[wx7f83e93205d2fd31]]></AppId>
    <Encrypt><![CDATA[ly3ZMtL4/T3tUhPI+sUjCJ69uIpIQ7dV9psUDbfl+GuVDpdfznuWgHnNcaxQrLLAULT2McnUSDmobJigBaec58QjBRwgBieemDrikbUR6ynw1eAEMZbSaAXz/ncJC2uxQSVyomg7vA3fiUem2nNC81lUahyxoaMyEgTZK8uQY6TGmjwCuM5A8qw8K7xr5+pzsb7DIj+lXVjrG2fI5H4IeF7FdS3SttWEGNf7gHHJHeLh4+1BECEFxBvvIA3nE+l2TWcS0Wiwe2TtqJAQhgI+8sp8A8gr7+VtkBzMtpggiQuMQYWDM0UBUiebAKfOGxkXu7Hjvx1R4bCF+7KZj4VK2n4L6yU64W9blabaMm8NlljvVkc1PuQ6HA71vhZLIixGMeGu8U5gXU84omsOP10fMULURNwV0ysojzU/mWHbVIF8v8+uZed3tGcdbKCZvFKNV5lrd3QdyYYrR6zT8tF8jw==]]></Encrypt>
</xml>


2017-12-27 04:18:16 debug :
------------
String:
account-ticket<xml>
    <AppId><![CDATA[wx7f83e93205d2fd31]]></AppId>
    <Encrypt><![CDATA[ngUN8ROolXQHWeVuUhDlykZLktmfqUfE6iVJe2svufI6Z1J9VyT0K9CVyh4iYeDcxAVJc3xl3nt4g2yEQmbHQ7lHD4d5Jb7FwaGNznyJoKTbghaMDU+etLmZ4SXS+t0kNqKUMq5CDjQdY5uR/r94VjhlOVH4x8/LZOAHHpOLFqFb2VKfCfjjdk4o2YzxB1tI/4N2KgmIQ9Stx+r5wOuYAXUIP5UuYDacH4iag7NJweLdF5QJ8/Rxmn/vm0meQ0NTDP5ZvcPbSszK+anW2mMun2Y6IombCMfGRn3J5usAZXrVVnfhsKsdyTjkbGEM5frqzWORQQh5lL/e7uL0/mbkV4rtXXP7JnAVqddI9F/fjow13aFmF5VcicdposMs0WmWSq6ZTgsWQ+IqDVRoOEUNpeJLzfYyeOHDq/HdAAi3SZsh8u4KEvwWPGmcf51XgIht5LBlvWQDr7K1VQ+UlN9QlQ==]]></Encrypt>
</xml>


2017-12-27 04:30:09 debug :
------------
String:
account-ticket<xml>
    <AppId><![CDATA[wx7f83e93205d2fd31]]></AppId>
    <Encrypt><![CDATA[KwqxJeBCBQDwrwUfp4pSZuRPSI/tP5tCk1HaYjzjko87TCt9MGFTmpTWbl9SEIEq1kA5zKASreodRnY/T70zW6sEhOcFcdZC/JDA8GzHieAHcnr88fTI4USIYONlQk6fy/DlpoU10KxtFpIf2+39l94R1Hfl/u8gN5Hszi7GCp8hQ4eQAOZSzs8U4f2WSb3xhTNXli00nYd7ZrMMirueQsSNTSaE9aJVb+/2K+EfszXR3CCpxd5NxWMPwB7xitXgmr8jINr4PRaEykRXNpeWZ1mFzf1nhnOWfEfq+yQ4lZmZze9SCxu8ZdR4Rapm4cz/OT51iy75OBAPS03Fapi+8uCByzJYyOjn3wahKLQpHF8CeL3ohR/+6zmAQPV7RDEhLJ83lJpfM++oCJxIuhKH6pCrSvfPCg8EwYj5Q3fQ4DyHA1z4lHH/MMO8AcIOmQur/2hnwm2b4uN6e1EQ1mR9Kw==]]></Encrypt>
</xml>


2017-12-27 04:38:42 debug :
------------
String:
account-ticket<xml>
    <AppId><![CDATA[wx7f83e93205d2fd31]]></AppId>
    <Encrypt><![CDATA[gALZDaq0FR/D+VyRhVfCCF+KM3xiLLuHabRrjEBCMFdHsbqMweFoFaKttuRCoO+RXiKVjKNd4ZpkkjxhiUQIQhXcb5hPHq2iPjBDQppHL5N6PUB4pNTiydMAWL7S4lFdVm18gmgpr0ZKj6FV3Z+CMYMmMN0+Bta0C+DeyWVI6FKDQLPAzuMwJSY+yDE2V88Yd2v1sEo8dJ/1Au4E2LjpBXVpAgG/nsR3FSN18CZytqp3Z4ohLR7iwSYOjCiQeWPmEaPMUm8dbmu5xMJGOQErEa7cleWwuB1uc9YjfOi6CD6Qc8kUZPtaPUtlibnJmp7exx9DaXkpsG48v254Bomr8TDGBRdJkgn/IwLAeVA0yP2SXEozP3e0WEi6jEEkC3x4jYruOOWuuWiTmVjyt9fdOdSzfpyv3oOFPjkK8uyUtOI+LF6fHDhvwjaVZUzBnNHLT7F9qe9T6JwwDdC6XsHA9g==]]></Encrypt>
</xml>


2017-12-27 04:48:33 debug :
------------
String:
account-ticket<xml>
    <AppId><![CDATA[wx7f83e93205d2fd31]]></AppId>
    <Encrypt><![CDATA[eKiGsqvHqjz46TdDpjXw1RwBbEDUI/tsMaWeQVdNvSP8OwLS5BeGUuzailCgLl9vYzpDoLJjgG9WUvYSEsrbIiUlypAh5idYL0LsFjEiXy44rwJszfLu/yxunSHIADT4Q1lrk0a8s5TUWul8CHBx4g6erKs7By/Y/ANWlHX3X7I1kVmzl6cUP+s2tUCsF1tcuzUGfmGjqohZ/mB0o0Z/1JmNOBTZEULmGP37fqLgwLhm17W1/OlPOM8MfnR5NuNeaepJMpS6bZJeIcsCJVOiapBtes+IGAGwXeu4VpT6p+wfskPRj6T+z08OFFlx4/BRN1dUIDWM3dbiBf8qtFepuOt6Tpua1sRVZOQ5eRpYBFHyhb0wogfgwN5pY6TlFh+oSM+PpbYPcaIuWDC0WM+KKvxcFMy6FBIry8tcYuMv0QZhplH+bf/0U6iOYiXG/gnxRGuLGvBP0ZnVxFdyVes6tQ==]]></Encrypt>
</xml>


2017-12-27 04:58:33 debug :
------------
String:
account-ticket<xml>
    <AppId><![CDATA[wx7f83e93205d2fd31]]></AppId>
    <Encrypt><![CDATA[7VWBwfMVA2BL3DMs3hNTDu0N/9vkWeuVspP3BkpObO9YldOmfo3No/T6+iis1c7I0ap4IuRIzfRKpAo+lM5j8jiq9+BZsnwgF1LGBu4Xf8EDfTVf7AZiV4vYAwZxaTPVYpBwIjQfKIji+pz884w2MGX1X4LOJaaE7L9clQybMPpaY/SqZN0iJUZhp47atblsvKNNdsaGWJFd8xYkwwaQvXeAPq/5mQL0iR6NfiVczhrlS5NOKxz1RmAINSTDefBF8YW/s6IqFS1uHmG8egvAql8AJLAihGKoBuwIABtT3uJZPuY2Zy7G/2T0rydoBWd2MCM51dGP02xr3aaMtJFX78gd8rK9nVSmAKo0JoR/4LBN/4s6f1PWTblTaMbeFr8u1e1ZrHPxv5C5/MvvQNFAOkxf6wKsFRjfDYlogLWA2YOp8Ye5UvADoeGwJUADD6UzB+eWD9096GsyEY81uNI25w==]]></Encrypt>
</xml>


2017-12-27 05:08:31 debug :
------------
String:
account-ticket<xml>
    <AppId><![CDATA[wx7f83e93205d2fd31]]></AppId>
    <Encrypt><![CDATA[LbcbM9GcbosBH0JqQT6YoASalCu1r2AfM+MZglKjwOuDqAcSWoceQTsx21DvD7O6CmEfqn6pmbyylMP5O5zuNGGQgWWJV8HQfSVs6b5bVa2Ccib0d4IiJQww+YE7AsbKyFSq+AOltmGG3DZZ/cyQdZvU8V6N23qkZ+v2fdYKqbK9TbNtbtqgsROUDzOYm5Y5vgBWerBTiePmVBKcAlGa1wQoZ9uqBM3Zj1IKP7Y/9S6RmHdhDVSkW1Qegp1CV0oH3R8NMShtnT+mJCT04RShnKpSlgkOXUo6POQ+mpXw1mTKxV+kS2E5SAk9U9npjxesaJrL6naeiHrnlFZxp/8lxVjH7DDOI0hI+2ZRwotufdFdf6ruZAKRmkFbehoCaRUAEZjy9L8Gap8eODZrXPJexQbTj67gAddh3nQsznoGeEOrRl8nwah3H3t0BUso8b9Q4O4g6QnuTCoQ6IbmCMnzDw==]]></Encrypt>
</xml>


2017-12-27 05:18:42 debug :
------------
String:
account-ticket<xml>
    <AppId><![CDATA[wx7f83e93205d2fd31]]></AppId>
    <Encrypt><![CDATA[NFHWWmKHNjioyMINObxdkoFoT1O7dRyIoxw/oWVgIBqKQGh4OOFPZ4kxTGoOPJ0GFFmsBa54M5ac9k2fDsGoD70QmC0sN+vSFL1hsx+kAhlSJCRG/PNALyq9fceHUh4Vn4RsiozwCIx4NBqd3RKlGd8ZqwXsE61YahZprUCMLGJf3KTjr3p3tYZ9ZXhhO62V2PrTCULdOPneu/3dpHz/AoFQcIDi8SSwkICXJUvqHiyMR0HaT/ozyVlrBUYp+A7URHYSvsmHFxF18S3Gr2KqDOa101XrYKiyYpQNJ7jOXfOZQ4nMvlflswzTHx8BcUuidpwToRu9Dciyf7HjDFfiIyVEHGFW8+4W6Q8XU+Llj4Qe4wA1C9qm6qxvyC0cQHph0DkfSVIUPkZ/fKitCq3KAeorJgHKGNH5dPuxFEfDqm2gIcdNBkXS9+x30QporJHTivYpPhGTZWA3yROlFV7UyA==]]></Encrypt>
</xml>


2017-12-27 05:28:30 debug :
------------
String:
account-ticket<xml>
    <AppId><![CDATA[wx7f83e93205d2fd31]]></AppId>
    <Encrypt><![CDATA[RbYuI/wT7FG3DdrKPETKOx1jSwWUp+N9vu4EK8vv6fpl2JyP0oTme+Pa2ELMQVqL02uRb2hvZ4FWIoZ/KvmzwmhswjIN0Bw0FmlkM+MOwynKuhSOLwynv4qUUImLk4b2ceo9zmR7ksOjVI0WKT2u3ftdV/qPElSHalrm/Nd0mE0xjOC53ucbL1vcp+wqgR5ow31aeT9aEcNZRK3jpqsqd7Jd7GRn9Y2k+/Es2knj0NdGbJa27qkTaHQS0EW9d8r2G62OtU2my+TsN3MDsolJ7QLkEYmy3AfTOmp26ld6/2v4fykk7NSZ5RpeCZEYG/OomxhxXcFImcoHiqAHTsSLpYrxinyxuvtx0j/mq3qcQI6qvCT9teCLWZAQeYwBH8AG0/wmBY/s9qGK4RVx80c9kBduztrvzxKYV0+oqH985Jg2ekbIdoV4LlKAc242xtmS9rFHGU65S4wlxrxv8E8Z4w==]]></Encrypt>
</xml>


2017-12-27 05:38:39 debug :
------------
String:
account-ticket<xml>
    <AppId><![CDATA[wx7f83e93205d2fd31]]></AppId>
    <Encrypt><![CDATA[5fnti7dxOCBzQHyQh4bhnrT19d+5L2x+ITUJBzprG/E5aHTZsTaNVP2WTK4ANADm4hMyMETSPEe69skd3fkpbLD3YgNAJ8TMaAZb+VoEqFk0jO1D62rKxhSd18CFfW8SFnZ0kbEc2cr6LXfn6ZQtEGq6H1qmuFDOC7DKXYCEVRDoVTT9Dxs5hc2tU5xgKzbl/QUvKtBOA7nkF8nbb+bvMDjetu8fzKvg0ne/JKT/3LWdfNBhtxRTMtP+8S3PkdLwZV0x2us43yKwWZwJnqYtgKeQKls2G1SyJ2QAWVZr+yA4/hv6e61W5fvDcjJAW7jK+Qp/0GOeLtTQQkUFz8oTb/V+JSbkLS3dGRrtqIbQsQUHiR2EHmWFNc8raY5xtarM+buxnGRMxdjYvrny1MuZg0d29rg7XS/STixh2F5Z4Cz8d5D5C0C1cnkERYyDRcPmitPAHN7QD0QjITARJMrzbQ==]]></Encrypt>
</xml>


2017-12-27 05:48:31 debug :
------------
String:
account-ticket<xml>
    <AppId><![CDATA[wx7f83e93205d2fd31]]></AppId>
    <Encrypt><![CDATA[EDB9NbeM1dCpYjN39TXI6KAnLFZ7Vspj0G7CLnDW9HxrfnN3/fDJ9ho3fXq+uIl9uDp9yBar1u5JG46Q+ZaNs2l84nREq6CvLXp1Wfi27mpGL3M1lRhjHQj5B7eBK0X6GDsFoP+n/w8lMlKRGNVhomTcr7fiJXUOYCwAg0DICjFCPi+WGAZLdm86q+8ILRQXVAjKDHfTcmHmCulSjAIsPbyJo86lTxA/MPSPPUaVIHfhnlaUQ9+5E5iRK1FkP4HBMqU7EL+qE1M0vPyC8xxsDJcypH0FZkVAiO11FJWfOyRYT1UU+wUVvUuoAnNVeu4dKNh9AtubmFE7Q3HOZW8DvidxxFS7MJ8hPyDnzRLS0TuQ9qHBv8cYL0azx8+7VIkBPTsJqowwOdfJYxDZ6T9+naG/84UqQrKNw3EGt15dYaIRiuLIJQXdhEpnuArkX1CdgceFVGBmfxrstnePG2humA==]]></Encrypt>
</xml>


2017-12-27 05:58:26 debug :
------------
String:
account-ticket<xml>
    <AppId><![CDATA[wx7f83e93205d2fd31]]></AppId>
    <Encrypt><![CDATA[TmsGZotevl+CVUPUw8r5/9g7J4ALnwus8q8mgGr3Jk60hlBE778GoVYbDFml3ZS+ZBeAmFWZH961vZYYI8h2y5sbuDwo6jFMDp1kONF8LzAzOC39vt6v+eNooc28eGriN5uTdYydFtXFEAqQdMW2/riEbNnTMLh/BReRytrAAoEndb462DcyjS4aXxeRJxaXmrwUuql+U9JEowfStED70Zj9UJ4Kv8x3Zns32kkT81VXpAssjcZNpllgwtjvTRXtjrGLbKkyJnchu8oy6dT05Rt325H7Uwp8Tj5YeE2Hvpv/3ips+CkvOk3jNGdDXY611yHETpkdd5jtfmxntFq31BjMyu82pD5NQfCojYHIfVEI+1FX+mQ9IQTS8PrRBS7VEA1AzDXFwTEjUTkBvMJrA1f6pU8zcfpgMBUKG5xoEvGzuRbjAzejCp8eWFTft3IHk4pQl/eahHade11arBNnug==]]></Encrypt>
</xml>


2017-12-27 06:10:17 debug :
------------
String:
account-ticket<xml>
    <AppId><![CDATA[wx7f83e93205d2fd31]]></AppId>
    <Encrypt><![CDATA[4bFYOCLWtI0pfkgPbouqfIq9/nyN+P3dFESqMg74/aER8Z7MsJ0CHizgCecFq63q1JQaS4IhGGl6sdl8YVb2iY2fKTVFZczxNOUUdzRM0jrhON+HDVW3OFRBJq/ihvE+sZq2CtP0a3TfKruk9D56DKP6VigdFkSLoM4YIF/02gBhYYIT+q0xDdiHwNJQe9PQvgZzmXCBiYZNvWVV5+XP/IzIjlqG+noOYFgvdWA1qLtPSOoUUsbpR1pH/a6OFz8d2X5FEABw7nlppiCxz7XDGBSWcBR6GHp7enI1wbzbsQnLjHs5WZ2mKvFFC9LHU/f81uhzPlEYw6KFhhts3YQUQqVyo0nOYLMSYGRep3wAMkfiUW9oyQU4chEOFNz2HnCDDE6c+l8EhJkbhm1CoXDmpK15wrT2Uq/U4cgbcoTDgrhJgOwIAt5f//2esV/K3IncLozOOzDnBQ97JcN3y0cZ6g==]]></Encrypt>
</xml>


2017-12-27 06:18:01 debug :
------------
String:
account-ticket<xml>
    <AppId><![CDATA[wx7f83e93205d2fd31]]></AppId>
    <Encrypt><![CDATA[88jM4Zf93AXBbY52yMux+LfdTb7eVeuymXFlM5j2/iF3ySkmXPf0U/Gq4S5bVxKjMcUTO6EekhrtyA23fF5HNvTzJ9VbLkfCm8wNv+nMx27lIWWYKI3+CM4EqLEX7h3HYlpvfKve01DzfDKbFKjF6MMWSlwLkXYzf+aqo2uOSe3hULYwLv5CxqY449CIb7AMN8UjxEZQIf0tH2qPKWxNMmKn36SXE0tskF3WXlWt6JWDDTMbkdJKLUVnRKsRVBQeDJHp+4/iJqDPaTwLMffJOm3LcyLRag3y0Rxx/Rcq9HylVPXubi2Jsp9cp3is36uxaJx+XcEbQgaGsjQrFmLKE7NUrDIAIw8QiffP2cFWfkuaiJcRlj0FqtYOaihVF3JxgdXrLXRG011V8fu4t3R1k3PzUKCcAcoTlIANVXYsEZmADaJLf0rauKYrM6uB6VIzEfzeloEIe7Vm7e/aQreV4g==]]></Encrypt>
</xml>


2017-12-27 06:30:00 debug :
------------
String:
account-ticket<xml>
    <AppId><![CDATA[wx7f83e93205d2fd31]]></AppId>
    <Encrypt><![CDATA[mY046VQi0TnW11GhMkpsZ1y8fGH5y7AWTlv0ztYc7dsBzFqr18T0r02RmKTJqYI5zenALMZBzXWbn9C4tDs1Klx5mZIxmz78klNtFfdMyGKDf+Fdvk/bqNDGCc6tuOds+WRQlnVA17IWa920SFjpV/XM4AQd27/nX+ifdyC+hGyu1P51ArgIxOhKqUK0H7U6B7Kh/N1GJcGBp5ME0kJo5EMPl8QvIV/cQIBe3NwZvF0xy8N0F9yukE2Kalc12MXtfrgi35ooYpvW+O89ZXtaGdG+Iw3TzhlcgmBvNXE6391zFzPsX61x2VoBEYRYIIoHgLqUkRd0JNtcuatHbycHg03G8X8YIiwyWbPYff51y46TOWaJ0AEArKHTax1gHbFavx05jQaKMO+M2F66Hyw1BSrvxjoVdR2ufX5CatO1WDT97BlIaYxh2SqzDnyeT64CyNapMsXCexmyu1L2uoLpnA==]]></Encrypt>
</xml>


2017-12-27 06:38:16 debug :
------------
String:
account-ticket<xml>
    <AppId><![CDATA[wx7f83e93205d2fd31]]></AppId>
    <Encrypt><![CDATA[9PPGoQoSjZEwzFe3sBaUcIQyTDt9UzZh96Pv5/twNyNw2qUWsw01ivTJr9iX40RdQemFDYdoQ5jkevO5upOLwruHzNw+BXNtGWD7fANXlOLzEdMm10KE0E1EPrCjd/egpOgbP9PjkfdAI+oEAfjtTtsUK5rvM8u/GWZEcIs4oHWNDZjrqG1oc6hY+bOVHjVZ7homL+85urkO7bzSc1pPN0T1z5SmlqcurHsy4yICvYAlnkxgLJPzk4bw7PSYwNAlwv7JKXIxdqQxidMxP5u/wMkdd4BcXzTO0f0j8tsrJGnn7SImkzuTsIMEaBtJI8AbbKqSj0kjz3um8FbPs4cPmUCasECM8Xra3jE44QbKlOS7Kr8wUYva5gKb6eiEBzWCq6wbThI6MD5aDK6ntBgrtuzOHPRtbh9qcvuPPsFD88KKylX/E6FwuvHSkvyeh8scpBenf++/ofBK5c1zikMbKA==]]></Encrypt>
</xml>


2017-12-27 06:50:00 debug :
------------
String:
account-ticket<xml>
    <AppId><![CDATA[wx7f83e93205d2fd31]]></AppId>
    <Encrypt><![CDATA[wvfA8BQ7O2AkVkCWL+sTpWkuVGtJXIbKeNdJDN63h/b4XX46TeIFjoUGdbHWbHj0e7OkB+bpyF3G+uvB0VGbTgJEF3uyz/fFJFyMfJPHI1j6mWjJ4eZZ0h3vqtPZMlQBpnEatHeRikMNfRhnym3W9+Xtmsg/mbpZntgKsjURDeM83Nlhe6o9pMmCMlNP0WNpIojJg6yRSzOLyzrl3PeED+ohoO8ryEdll4+pUisueY4c9V/ArONTb7BD7iSLoPRMZswma3cyy2xgCRBuPGxEkLMwSMeJWFk+iAP4Y98RSuZd2fNUtcLD89AlHma2AZlZvIjmbBE0c6Bz42+QkRxFAv7D6rcIdPuBc28XRIeuFNYV5DO5U480u1B9herM1fEMMUoUMNDxqpjqxMGdFUW2+qh0ZbbL9v2aaI6l3uBdb653xjgDQAA6CRoDybY3lcMVq2QvaOlSy4ZCfGeMyVYvWw==]]></Encrypt>
</xml>


2017-12-27 06:58:20 debug :
------------
String:
account-ticket<xml>
    <AppId><![CDATA[wx7f83e93205d2fd31]]></AppId>
    <Encrypt><![CDATA[bnXgBOuIMjG29O3eyJ7QxQJHI4F/Xjen9D7mwHtlYlToJv9YIyU/qMqum4BtfyBIMPvLiysPXYiTuumjD+3Ry0ma3l4UUtlkAwtJRjHZZqhi0yyirRpYN9YCtO7lcI8WkGC6qGXAeNlFi/3Q/dEFPlcDZQ7DsJCgwgJ84/yrPZN2kRww39uNrGR6eyEMyWEM2zvsyF3hFOokZDnqFO+Gv6+QI9X+TGTpGRvyWjimkdK8rTycq7AgzEWso4m/OBMQlnbspG6sZ70pJSrC5V8wSpKpvknDiIUjqAv5leVICTrfAtLp6I58Z/ojArgkk7GiJLcS1LvChqlkJxiWGnR/dC4XOeNy4TAncQF5lhiBMCGBe/cMD+WTdh+cEINVJNbILSRRKGCoY32u8MlZ2SLNVQPC4x/HekH0NqqSsDErqo8QUsLPn9YCUL04wPUMDUh4JVOrfQryTEHKQYaO50V9Hw==]]></Encrypt>
</xml>


2017-12-27 07:10:18 debug :
------------
String:
account-ticket<xml>
    <AppId><![CDATA[wx7f83e93205d2fd31]]></AppId>
    <Encrypt><![CDATA[kB7hcfMhKEP+kxivsqdAjq6FYCAKaQbx3UylnsGpj3Uj8r1nJ+Ca7wKiJbVxPBZIXo+OzDhf/RSxoNcdYzXAsBCCroV8mSPtC3paoTkMaHTZHDqXAN4Zh8wzwZEsDzVXrPWmf8ZqNy5nVzJye/HK31NxjtAwSGCzqu0YqIhod5M2IS299j3kckJp7ezg/hc0D76gNA737aIlzMeCzR3pHokHEwoe+Bs+rzVT0xcA/XrPYtACwg4RWLr5wyaA3uXZIZ3mrepQc+xmlwWEmZE56bqxIaxQ01fEvyb93SBAsjTX3gTRxHf7l2y85OIWtddHWLhkSbwPFeyK6qgBATLVVnxJztq+WyVR3tstJrY6UJx17xTuoKP8wnajzAduU18f6MU/8UKyNIf8GChEi2j2WcAxfj9OO5mfe7eZT8mKsiuPopINAXNTgZOeWp/9hhq21bR2417uHCilaTVh2R/JNw==]]></Encrypt>
</xml>


2017-12-27 07:18:24 debug :
------------
String:
account-ticket<xml>
    <AppId><![CDATA[wx7f83e93205d2fd31]]></AppId>
    <Encrypt><![CDATA[0T30FDHMXcbt7he4YloJmmY/pnFuzTYAIV0s/gTB7kudiqO92gQwA3j8VGv5vBtvi5mEXyZdITAByWoAq54kaqJcLyXJK3peM3KJNGLOU1awV8fxxoFu/KOhEk9ljIsHKaXavqjDMffx+hokBJd1ByHQvUwyShfeypJ0P+s/K9rHyZSDBV3PtERKP+QD0S53oV0EFDQiiHCKmfCsM4CupaSDq07091PsrOzmELCK5abAwFDLn7AJuXMynH3CqTxrjp5Vz7PZnqiAhrRGBqI50TtA3tx629J6x38xUXMcTo+YF10ylzx1y29jJAFYcZbP7LdRsnE637/iqbo46CPVxPfn7e1/+jdVY0r5JI0LH1uUxuO7hLckBj/jDgGVeHheUyS+jlqEpnb5/Tp9ZcmqOJ7o4fNuOop4hXg6Q6ZjOZ1frCPepA6r26SIdAPKtVLp3LuqvqFr086wRuGgA1LcGg==]]></Encrypt>
</xml>


2017-12-27 07:30:14 debug :
------------
String:
account-ticket<xml>
    <AppId><![CDATA[wx7f83e93205d2fd31]]></AppId>
    <Encrypt><![CDATA[ViQF956iEEsNGAfLGjD4HfSqDOxQ7feZmz4fFcbHBbCvKYmk0VWw8yabBKYGlPhFsMR02IMCDw35TGQMgyq1GNKkKtM45b6A9wDe1LoUG1RAo0zvW6BNaZJS1DFjaR7l6Aa3gSxNN2FZbGapiLjCM7rn3unGYsRXD51tv41+eG+QxamUikOJntzr3Yg7nHPodszHhB0mTedVjLLpoLMzjg4jswumJz7OM6jd5mfv6vYtW1h8IkBggIuTt0XiXyoZGvsbM+1oSvoKhKaKs/TIkOYm7LpQHvUWgMNx7DevxuEd6eBW0Q25S1oXN+vsHkfCs1GYrvOuU3RJ8HgWDupGj+ZdcADVKjQ8uXhn5Zj36Xh0l3ztulNZlKJR6ewk7HdlY/Sg8CkEsIsZo0dTdDGg4di9Kiqde7m6vo626Nr+1ZsIZi6eLkI075GsF+XRL88O5LliVhnL655Xh559AJtT/Q==]]></Encrypt>
</xml>


2017-12-27 07:38:25 debug :
------------
String:
account-ticket<xml>
    <AppId><![CDATA[wx7f83e93205d2fd31]]></AppId>
    <Encrypt><![CDATA[hVtoG57bLavFluN4H96APP9DRAHppPwtaMHgil77c/2kV9DGA+3dAkQcp8zNo0MXNEApzxuD6OVABxTon4j0rO06YS5MSRYxtDfJrul7Qny8mQCQg+MEDpOq10p8ByNif4MjbqkJVf3jQgj4hxZsDKYPAw7tcQoPkMDsQdgPSQcmlRthU6ySBdFxPy1KPiLsbhbfqMpiC8fFXqdMlrD6Cey64RaS3VJa+n17eJgXvT1vVo+EqAKcgOHg3g1YkZduAk/YVSvDaDPIITqltveyBzErpAFjx6eSIx4K0YPsMSD9QQ1J656GfMn4JxGnDe46yHPjRXj6J+EPO+vDINtRwRcTqkl+7vFrWms2TXKcgMo3sOAc30OlM0eYM0WxgBGWsk5ntWb8mcnEYjyrDuX6vI14XCl8N2nUWH7VK9CxZ1rntWh6jY6R/c0biwv6xv+Pw0eJpjO4VoG6F8d9swCDhQ==]]></Encrypt>
</xml>


2017-12-27 07:50:16 debug :
------------
String:
account-ticket<xml>
    <AppId><![CDATA[wx7f83e93205d2fd31]]></AppId>
    <Encrypt><![CDATA[YzwegChoJ22bW60Ib2YDbet0kN5wZz6gm9b/bCGB9v1lc3I3dZJBMv2ZldoDW78GIJuBpwEF6D8DeR03t4NRtElM1+gkzGcrGnRlZv0Hq6GxsCaj1PXs79zATQ4tHofu3yYBCDTS2DGb0lNS3SPLoaZtECL0yDnaI6wmmOMeW+KMX16QmAnLCj/76izEkCzrqRo+/ZUP0P3F5b1+RnSQq1oYndWSFeB38iPlfimZGMZ5yJJznHEDML/vY+iNzhqW5CJUv7XuwGRQqC2uLhf4JBDLxvV6cFIcapJwoA3pqW5Aoi1Ctq6g+S52I6e7axvMYe4ftgihZNdR1o2h84Xvku7YiSKKSy7+YdIJ2Ax3gODu4tkoOZkxGsn4nHgiyyfBhDy6jc0tq1M4rcKZ3JjTkz+rXApcAFo7pTdRHPSd80pFlBiIG7mjtR7iwf3rmr0cgO8BMx/k/BBoAAiCPI7rXg==]]></Encrypt>
</xml>


2017-12-27 07:58:26 debug :
------------
String:
account-ticket<xml>
    <AppId><![CDATA[wx7f83e93205d2fd31]]></AppId>
    <Encrypt><![CDATA[tNurxUIYAwTydPJRpcx6drsBaNtsl45jU4Oi4776rPTuIO9SILfgFuLM0lTOnzBRm8xVb0J/cCwOV1MOS8tgmQs53HRzz1DkLYDumoUCnI9qae8A3v0b0T62LRqerTeEMR0zRwqyTXWXEN/4ZuyzQFzgG/iHtCyo+pF16IiBCrEqD3GixwBPlnE9ZYHag9fI73REbIHGUnB8uNwsXpPyOHcfXRw4eIJpqGW2ev7s4GpJkkBuouLqLp66vBwEyqVibXyM0WlpwIyFULldglnXs1Q80NItZmIPQKhBLms+qJFQ1NPIg1fjH5X47YQGGDmUmnn9kxA1Ka32IqQAWWbvqCoYfQiNJuM6s1AgsBBdCsQO05WIS/y8GVJSibpXmArIOH8OUtD0s/3YMr4v2hSTT22ZVzEXPjHQ4QDcHsRMe2UWHivZgjuwnksBntLuqvKqP2poVjbdh8IKh4IKODCXYw==]]></Encrypt>
</xml>


2017-12-27 08:10:25 debug :
------------
String:
account-ticket<xml>
    <AppId><![CDATA[wx7f83e93205d2fd31]]></AppId>
    <Encrypt><![CDATA[jooA7OMSxdkkSQvynR+DU0sSfo/ViQMg5xqSJdSPVV15LqEM+NPoV0v1mIsAc7HqOJvvj4vCmBLG40VBYAEuVU9HTQOMbqPn14xWZGSgRY9zpVX+HD2o4bB5bztQEptg9gqK0GtlnEyPxJFIzcjkXgAu6/r2ong4oO7bfUZcKcYrUgPqiFnbAXCFHj0m9gv3ZmC9dej0GyThe66kPmaU6rAYn8CxZdHdqdZY9Iv4qL8kdeonTJ4LPQkOGCSO6bg0d+rW3qG7DU4HKKlY4KUGoFvY4MvVwFh9oB9mP5lKmWFWoDPeknZUTSNZ87wwLW49UqBvqlb1S/tu0OJ98K8PABBzf3l9irGE/SN4NIZrOMjuXOnH8yLH4rZYPjdrIzHqX/OprPMYQZlDZy5EanRMC8xQ9JloTCKStppOU7LeGBiZ7qLRiRC7xMZZcMMJ/QUh3tUxaZ9PdF8+zJTKUY3pbg==]]></Encrypt>
</xml>


2017-12-27 08:18:31 debug :
------------
String:
account-ticket<xml>
    <AppId><![CDATA[wx7f83e93205d2fd31]]></AppId>
    <Encrypt><![CDATA[lL7+45VW8M5/javzUKyLCTXWe8I7ETAyJatbMTLspVsZp4GgGgC7zjiS+SPPvzGR1mbWOBF2HibFUWiD/aVzfmHrSHh3MlYR0XxhO9FXjkFVhQOZo5rk1bPP5ep4AFYys1WrTJ4JpYwEqto44iY6yOsF0Aa1KuG+0U/KmKy6L+7DjVHGS4gXDx3d60bUejMXa43IGaO5At6OWnvusjBbZCddx+MASc6ohe/HWflIjebRGjTn2HRaddpPz6Pi06zLOPJuR8Ee++Ia7K5e+NwlyC+t93EYJKzBPmUYEr7xRZIMku+PVWxFcp6MNEdW0M9eFpevawPKK9NCkWFlqg794rcdOE96LxCFpvnFtWRh6+bAcTo6u5KW/Vr83TIIy2q5nKNGv+tA436KFpcEKViK4K5cmgHWxYjV3nlg+9IdtfWB1tQ8O1QDAfZryT7Z1qh+rI8E5+PWkwhlGPVZGPvd/Q==]]></Encrypt>
</xml>


2017-12-27 08:30:25 debug :
------------
String:
account-ticket<xml>
    <AppId><![CDATA[wx7f83e93205d2fd31]]></AppId>
    <Encrypt><![CDATA[+fDgOmUMGFAp+rrY16DhNbCp23AosjIf5xWj1UuPshZuRSEYFEX1NoT/MuIqF6a/3iH2MtKrVJNW+NMR6UXHdKOZqMWgytRZ4ExZtos26Q1u/vep3KcAOwTgmCO/FWrZnk+hTA7CTnPsQkypMh7qzBOJXrCpRkDeGwnsCi30F1ssiTvmVW1fSMTntmr4/W7q4vFVqucFw7IFj18Holu1OoUxzzKUICwptizsCynA095h+tGqxfB2rl9cvC9Mjjo/6e7z6a2ArhYcJovij7PUbAsg4macMO8l1nTt3sgsCtI+kKK1RMxm5AmGfP0bbSbXM/+wj72UmpeCk5SprcpmJVsdXc7zCcTyDLqXal2apk6jRP0gB5RoOuHFwhmZ0vZwgzdKn8mYZKfiNIa8BdwjP1Nz0MsuZjXsygwIXrPwfdTp03es4c68cWB6gGEm4n9m3v19/nqCZnG/kjYNMHc5Qg==]]></Encrypt>
</xml>


2017-12-27 08:38:38 debug :
------------
String:
account-ticket<xml>
    <AppId><![CDATA[wx7f83e93205d2fd31]]></AppId>
    <Encrypt><![CDATA[bps3lXsjB/c3fS97F+x1L4A0JCaRhID4Mu7iknNOGhhWrdnXpPaOXa1DVIi2LheSJOuLC74ajgxZPu1UGfy590VH8WcLHgkyx9CsQbTqsJbpCpjU6EgLE0uWzMe6Fk6OfCZ6eITMB/KSr1bpLxlcxIoMh4fTdVP060G+cYkJ1fM0X24gkQvD4Kdmazf2kU2sSOyXheFFYonOw68OVRRUAKxH9JFGIzbLQFmOM3TvSQCaHSRh6ioE5qpdO+Yb1g5nYaqduAZSNblQGCIEox8u2L6pi6/CFbKvu5La4zy0bbcsyJSlVzfSgHlaOeBE2cxJLY9+19V1ai/IBxJ2TOWxKM8pvke4IIl5/yMfcXqa4DxXF1UkExdKCuj6d7SQIDaaXuvSUA11kpqP7lblvwwwYRlkPSjHrf1ox0cZsnIEvvQXGcW9tk+M2Sba+kF7K3iWzeKGcPpBvDKsb70qud1Bhw==]]></Encrypt>
</xml>


2017-12-27 08:50:37 debug :
------------
String:
account-ticket<xml>
    <AppId><![CDATA[wx7f83e93205d2fd31]]></AppId>
    <Encrypt><![CDATA[eUR0q5dJAgCppkGyLmTU9pUJyAvEgh+WgodDdGb3vOtWKFJavf5yOGlRcxIOyvRKtYTanMqADP/+ikfHcxRQX/Yi5sumFS9vo+gF1I6LK+okDOuhXgQ2YGG+kd11HriZshrul6Z/SC7frI+HBo7UOpT9iBRqWDmXaLoURfTmai7lBj1Yyx1hil1jlEDWqkQLsQNIbY2w5lTxu5oECo4MV5Yio1lCbjeyqJRwDtYWZCE1QmVWBlMDl2sa73dB24WzHV0+BnXLG+biodpW8AyRPUZR9B/WyQ3ljFrzP5TTxh45gfffAplNJMcD0FYvOFH0N1Y5sQVaPidi1xcnHow0bmSstMNYGL6t4VoMd3ATMMQmgPDBQiBLTiANggVE9XXzCtQu0TxbmXa5nWOhj+Y3L3eymX5VHuxqQ1wtHzhbWAhrItg6HFj0k1rDvoGCKSPNLxMGcdPwgmrVdNhbyslrZw==]]></Encrypt>
</xml>


2017-12-27 08:58:40 debug :
------------
String:
account-ticket<xml>
    <AppId><![CDATA[wx7f83e93205d2fd31]]></AppId>
    <Encrypt><![CDATA[S86ILWIYvubLpWvfMqMZ2rLK5A6t8SBo/EjS6En0a43XeXLNVUwTRFcbY+3BU3UP4m82OINbZ17/4SP76jSBT0x/w+jkNhPevTjllO4w5SxeNaSS4JBtIsfEGRScZFINXj55ZRdfYKP8SNqfK3H/JgybiwPcGwVuyLXkbI/0X9soQ4RB8VKMV1lY71L59MKBgzdDXlZ2OntanjCVK1sFONgQ/j/Ib9RNJ+q+lm1AQ68z37kFqJop25RKxwVnIHQx/KpPVF1JqfIj4TJbeo/4p7zGwJgDaaYhYC1UarGT1SsOODke/F+BEZmikVq+UsE04f35cBEo96b9xB74zCwLDiTB+RC0LSC4CBcaOYlMtwx3t/v7yZMl5Ojk4nYldIW4KvK8kY/hFRaviTVnkfo6kIujTFKyY/A4WBT0i7eqWKxjNHxrb9+fuPAjY1iP3RZAiomAXxtbFTWakOW0n872XQ==]]></Encrypt>
</xml>


2017-12-27 09:10:56 debug :
------------
String:
account-ticket<xml>
    <AppId><![CDATA[wx7f83e93205d2fd31]]></AppId>
    <Encrypt><![CDATA[1i1THObQRUyPDHkZ6Fc78G34XzN0DELBseyI0cDmBeKEetN6c9cvD21xfmBYhVfWUnE4up2hPzF8aPuMw7uEF249pNB9/Y6VA0Sbn9ZFANU2nwu5bdiBKRUZGNKr3YUdmhRyuLGVdA4T9qGbH8mA25aeP8+Vg7SkptEgQy8I8ZCRktw8iZ09tNJVRkLq6ZMqovgGWzXhusiiIZbU/jUubE9xb3woRqTYjkf2ZHhyUECA2R08QDyZcXeF2CvG+VpH7/oIy7Sx2f3hSQ2VO6upxgV764QTTfyHcvGN+ZjBFcEbE+bJxac2NGJfK8spq5m+E8atMa3vqb4w1FBuNcqIvEd8sEjyeA2IULLhtkTUtutCej2KOhPAHOcX1Z2GN4HB+herOG2TNrV2Vml86WMa2XAtsZcgsYZW1hqHN9x3ZlZ+6DPL8rK+bfdj4uS6Wi8Edjk+EefkdBwKRHZWFz3Beg==]]></Encrypt>
</xml>


2017-12-27 09:18:58 debug :
------------
String:
account-ticket<xml>
    <AppId><![CDATA[wx7f83e93205d2fd31]]></AppId>
    <Encrypt><![CDATA[D0GWtM0DRGL1G/usNdsLCvBK47Vsz/GZ1ViRSVQpTl2WPb2ePN6bTkuO8V1McpLgILz/tUloAB4pGYIVFl4/uPk3SZaS1NeV6uShmt9gQJs1LujpeJgW+RjvJC4dsudx67diyPAv4tCbkcRL4TXrbwY0jNPkAsQUwtbU0X8BGXEODR7Be/swC0Lgw1GvGJGO1BG5R2EN+7BXut0/HpYGL18QzIW9c47o+ly3H82BdurTskKqR8c8RDfBOyw+KgJopbIOL6y23Aj7NZbF2A6EqSTq1dDmOj0zZaNbdJ5oqV8tOdZkML3z3puDj98266U7rzpR+t8MePOz5u/NFfw0fCD1SgDPiadjJPzY26PPu4dBYday1/vqvOmQV0BeT2hW7HJxGrDiMYnmk0NXpDehbj+/buMmFZdQxyCFwoVtIE31Hzz1mP7DtWv36LcyLbH9YtAGPR/Kk18wB2xlbmdRMw==]]></Encrypt>
</xml>


2017-12-27 09:31:00 debug :
------------
String:
account-ticket<xml>
    <AppId><![CDATA[wx7f83e93205d2fd31]]></AppId>
    <Encrypt><![CDATA[KGUhHj9q9X38UZuX1CfFLrXHNvXrpv84tec68yqlfBd0eEXiyO04UhFGjhLVCockj2XvQ2iVUenrqjT8QzuWbLkEirPdk6LC9YgIJZY3xb332rf5bpvW2Z3XhZvJ0mzxWVVes857RM7drdOy9R1ejZt9ry48lMruIBEJqfwYbYlCgGWXSME7mdI1BmSgKyOMVD5zjxbFzR7cbzToPPcjh4fqdJd4/AEE07YwyUR43GDc5jDggsXiTqLnbqfc0sHUOgagtiHUPNmOcNHL8WOPWf1372GwaG8+zmq4S6HK+o13WtFPi99Y70FQ+u2eq5ad/J1yD+Akuor71imUznR/IQlkzi25OIHd56dSLexcreaFsvN5p1gxTsUaNg/gs2NxInR88BX6jT8nJuh9LR6ORdrjBeOcm2xhkr6grsxGiP8uBXy01lW8aZHCJkGLTVa3NRyB2hg3vaUaZ0QLUxj4xA==]]></Encrypt>
</xml>


2017-12-27 09:39:04 debug :
------------
String:
account-ticket<xml>
    <AppId><![CDATA[wx7f83e93205d2fd31]]></AppId>
    <Encrypt><![CDATA[9Y60wtXUvCEptMRrUW3yyEFQh/KKWgLNKp0z/JkWAXLAbLa3+CSJ0UN8uZ9pLzkQc5W1M5b4OExpLgb7bzKSJ5JxWuPoMnbHjSgesQ/hSsm8EjcWAkvit/5KycnsGXDxl87GroR1+Z6sGfPxNX2RrzW4BOeppMYgb7WZcb+9Fzxgg2VdXg1713O/QqS+hu/ZZoXKy7n9+aq5A5PrXgKaYDHXDmOP6GQh2BJJZOMbcOGw1VbkljPs9vyTiGRnme8p11nJH2eEy4lb533Fq+SYDpSon+p0dcFanO0zZK0mrBpuc4wIveUluNGqqJKEh3OOv6wLWuqHNhz+IGgH8be4qU4wLiZU4KGLZc9Aihyjjtfgw+H3eAeErn4MZhCLjsLV0rIuvicr6eotL1GtCEx86EPoFqhFmXyfaiucjR2CiLi6Z57475jy5DFKy9OOxrFthP9Bu9ooFn8REO2XNsZ9cw==]]></Encrypt>
</xml>


2017-12-27 09:51:01 debug :
------------
String:
account-ticket<xml>
    <AppId><![CDATA[wx7f83e93205d2fd31]]></AppId>
    <Encrypt><![CDATA[TPrqThpvzDFDvDaJ4nC/5PoVpbfv21BXFgq3C6wIi3f7P33yu9mCbfeeP52nlvryMJCVxvHQ+3YXJaOScP3H+lZqgwLx3Nlh0soNqb0DWQLLBgMjZtEiJKvVzxfysbGRhwpSRnLrL8/sXB854d8DeIV7GFCOszVQMBiKbxdjsiN+NrdpIdwS/x4JF4rgFCsDWecR/fC8kQP8u0GsVL9OKst4jePsArDfbp6YSRb5tN7xnpGaO9iQKwKblphRat6GtzOlaLgTQnGvWkv1fvEf3JNI3G0wlo0m2km6m4nIp8ftm1H6cPQXPxyjSsgf9B7CUgw4oO2eJvFCDFBIBEySidfc1ifCx+z1Rxr4fPkzMm9Eiz9Q7BgWK6JX1EVTxBNBVtWWIiuA5a8m1r5+eo91Z+3B+b9jox9zO+l6IDVTy841JP+o1/kT1IebMuo2c7FqJYvu2s/bp4v44VBtFa5+jg==]]></Encrypt>
</xml>


2017-12-27 09:59:06 debug :
------------
String:
account-ticket<xml>
    <AppId><![CDATA[wx7f83e93205d2fd31]]></AppId>
    <Encrypt><![CDATA[ajpL52EJjUrg1QXPvpNaDL2lEUgIu/NwFVeG2IVUOYVuZRiEf/yJa5+WCTaBv8wc7PjqVZrt0lXSpx/FXUIVgaInFremAvLSfdhVN0eaFTFOr0tfRDVCq0uagL0j0D0JaKVUuCsGnGPkURhYjkmGohDnPC7yzyIgw5eHgsooXwzerUOqQqH2niiJG9m3GZGcZDJI9Um3J6o7zKbX0/8YF10uI/ECjejtXBwLe9QznugSW2vhe+AJKyKWYyRlNExPTYYn5eaXH6km2fDbqpvqtz18muvosQEvjOS3dNH8Za07UCdP5WhKgsvSD9sm9BctA1pVDd9fOYbqP4GJZVvbfnZkx+7/ZhgK3O6eLhdxJz7FOtJU/As1hC/mYuTAlpQxq4gdVEnm7YLNsfgnfM5Q5I1Spq+a++O/tTpe8FA0m3cH6vax8FiCuhUTQib3+efnRj9Nt0MKMa6ELBhSOUDCwA==]]></Encrypt>
</xml>


2017-12-27 10:11:15 debug :
------------
String:
account-ticket<xml>
    <AppId><![CDATA[wx7f83e93205d2fd31]]></AppId>
    <Encrypt><![CDATA[ILVQcIAQlDd/nQU0YQmYn6OUrpf20DAtQzSPjRZtoax2lzhZbET86aX7a3sOI3gL7GURjPZJsKnBkBu/Ojlvpt1ETtTQqTZNyY/I1K+fE1AeMEgUbRCeq2KSUOjyMGjmpfKH+M3JhF8/+a0GZ3TuBFXK7H+wCFXHQU6vqYFs0sG5pOtPIy66ks4d3ua7LXtPmi4ZMav6xBIbTt5NRaMpaGvCGH0iPyM8+AiS6tz3lr8RErzQjUmlhObIxVZU3/6slfmgu5iYusFEUoKI44CySU01v/YHBkae+/Y8yOfQ8blfscZUk8q93ByT71ONHI+pnEnICpYxkZawRXfX9pfBy7hdeiQ/ANuzc1ypb7eEEOdSmxpDyyDc/3x9TVfonO6266JWqqpm9NlcUVRucJOz9/zXVOrdCb8B3XQ34E7v8E0hO0qFeIU0whUwjs0gxTFzyh6CvSHXnYIgt8QbC+j2KA==]]></Encrypt>
</xml>


2017-12-27 10:21:00 debug :
------------
String:
account-ticket<xml>
    <AppId><![CDATA[wx7f83e93205d2fd31]]></AppId>
    <Encrypt><![CDATA[TZ06h2k9mhfEDXVLK2DJsdOzs9R8MAOMGqPLEaNIuyDTh4Q3QaRaFrtq8mmxFQzARcI2eoqllzVdcyS6XvAHXl5Z76EkHuakl/DR6kqgghHZGZHBBn4vOHVXz1upurfWSKEJyiqoqeUH/3cokOEGJwP4whrcKeHRde4PYXXr7WIYm8alScgROdN43NbT/KocIhY+tXu9pjxIbf95SXoh+rmzYW87+hGqgbmhtPOjDOVtyFwQwVd6KVqni5cDOn/U+rytttJQ1HLtSIMrKFzaV15d2eeakW2Kms80B6KJuPBM3Ii3nQhbag52Fke2i90Va9vNqRkIrjtsSIue83FzH239xrMKDjT6iOUf7JUmZBkAMFmlAtSwhlmiEv+3uYwVdPCRnHxjd+ECKFAxq+QLBKQ8+iGggAYVAzk7r3pzs0OjzFvzLzoUQkBv30B6uzOkaptHslNpNSvBalz5CzdftQ==]]></Encrypt>
</xml>


2017-12-27 10:31:01 debug :
------------
String:
account-ticket<xml>
    <AppId><![CDATA[wx7f83e93205d2fd31]]></AppId>
    <Encrypt><![CDATA[3fpygzdSPA5fR8Wns2iIT3yg4egjABASPPaf+O0t76XSG9yP4eMEHIbjGcGCmQdDQ1Ovfgmowba5jOhnU5InK8lpm5loiYeRdjeHV5gIfu4ybVyzc7aP3NgglsxGkSqwLwig0p6AocpO6pFDRbk74GfjrUJKj9XXpyPi8mZvK/aAm8I/qyJnHKf2MycjK5blp8bCqR92T8HbzMLTRFG/rL4RwBbWFx3ASawGrzcBQGdurZqIF8bhaEYMqMeMwnw1x9SLZoe8M2CyC3231xZ5W8KxpafjxI7QkVo2zU6H6vMov3Qs1WWDZKu//kf87JpJrM17WA+hV+FDkstrowCbaWwWbRcGA44hjWQJ2FvbjnTNXz+XeTVHrDKVyB/dcNoPU++afL5UfJUI0SLeSnpBu3SvLPx5Nqs3GE9TswZ4a52mz2/VrFj81a3KOaRUyNLsjahdbW3J4xHKm6pyJe8WuQ==]]></Encrypt>
</xml>


2017-12-27 10:41:04 debug :
------------
String:
account-ticket<xml>
    <AppId><![CDATA[wx7f83e93205d2fd31]]></AppId>
    <Encrypt><![CDATA[4cvqHwj9TjHWnngEquRTPAyJz2UREFXCnbpZgkDtMezfOPYNuMKpblgMcHLjhch0nzfp1luvPmg25gTAjQThF2zz3nPm6mn3iskGBASFP3tmbGySU+B1Po4dDe+pgiH+UocpDjmTTmXFm3lk34tIoqzDOcU16qVrfDHPLjnN/mlFbGY2GU/tzjhr/oZbnHYQOeW1v2ufE6XkoebqZlH3nIJu2T9C31T8FH7q6crVEpg8igs4u8vcydYkej8ra8WOJsPIZQcPRlpPzGjmBci4lDO/G1RBX2RAdLt15nO+A5xAWuzqdoK4bsxTKlKUQzwQ7moSQOcXLVycf4r/dpL5Cm/Vt6ARBL2gifPKaw8dqJ7ejLfPpDuoTyYAqQ0qGwC0wn/tC6ECacM7i3laSyI5rFEmJUEHRL/vbo9Td6WOCTsNF3s2+PEHUP/2GKNigiAjMqG19vc3NgnOmsN9KuSlug==]]></Encrypt>
</xml>


2017-12-27 10:50:58 debug :
------------
String:
account-ticket<xml>
    <AppId><![CDATA[wx7f83e93205d2fd31]]></AppId>
    <Encrypt><![CDATA[b4uLXFzr9DhXREi1Ol4izyKsQkmNsGAbwyQkQC86noSenubqoOPmzI5P908UwckW9Ab2yXDdFZ1LhngeK5n4a/RXCp0UleYsFG5aSAawDnIAP+sV4A53/848KdQyPdoG90HYa4IB4douSHXyquUtu3xwL6pdrd01qDt3J8DnjPtGAW9pwbHh+gguGgLkXL/eMkjiHUb2iLjC/djdPUzqEmOqIQD4XtzYphJ4eXjbl1KAXIWNz57gVeBghw4MGQqX31Jq9e7W04B2y659F6nbAUhC3Bw9I1pU+AVESOmXVut4rYjEsWRWixKxrd0kWC/IjQyTxs4uRYnN/6IP9q1tS+x2WsRS95d2TevJuIqifgSojOKr5e9/ttbB+j86le82Z/WRFi7oPgRHIVpJpihAOI73uu5AGHwpHVRq5q+cqwQaSFNxRGW+Mfm0H4QoXC8shD0FdXmy2BHXtoXWx58GBg==]]></Encrypt>
</xml>


2017-12-27 11:01:02 debug :
------------
String:
account-ticket<xml>
    <AppId><![CDATA[wx7f83e93205d2fd31]]></AppId>
    <Encrypt><![CDATA[luiNX/LOhgww5VWfz8hbDizDxMSB9t6KNxhhGHEmD1hnFWsbZZ8+pi8cOKPdsuewAfhYD7q3dh+vE/lFRheT5C6ekWthsbMWRqe7kZsIomOtpMFZ5cP3CT7ElrnM1cKYYvxu5YBkiHkioevFpRSeQ8JKPvzS6PCX/6fmV77u9uZ/tRA/wGlWddQXRSOTjgOXcEk2GCHUlDhHRnsEjTo3qFH1+wjMtGWqsKJMyCYjYhwVB39s6J5zztb7mCNmJaTykscJWJCwFOB80Oj1qyyKo4LoDuIC78o4WMbZFCqcTh/7E11pk4YY5B0lE84xL7an2SWO2p12y8894V1HxeQRmOiiGZsy79SBGm0O+lfV8cLkuTQ+9XkSEgrNzYFr2kNoXiFnDFMr+WBTEEyMGyzgb0sjpJ+tYwvshq79wVJgfHVc2LomjJx6vFXb9QORZ4WBVl2UfuJIV7atbcL+7OMpZg==]]></Encrypt>
</xml>


2017-12-27 11:11:03 debug :
------------
String:
account-ticket<xml>
    <AppId><![CDATA[wx7f83e93205d2fd31]]></AppId>
    <Encrypt><![CDATA[L6Y3x4vs0TOPcv1Z0/itGxpcbsJCf6agLD3VyQJzHaXiynFblcYewaC/LciZnsxnN2yDVVd1b9fYhvP7MK9kKPK5IdZd63IxB1t2Pli5NEYT1kEZ1vE9vZjZ4QtpYAolY+eT89fJTFXNjY7DMvJ+qdKFYPWUfX1CLRmiHnL+opTlF57R+hWMMBf8MIqh/QOzjUazeYQcH/0vlgellm1M7zBkpXIHmMDN3zctQMOlFDI7P3rCJfb0YlPfj2/ILO/2U+z8w5GwVYEWsQBcD/DjkLn96Aiuu1yNTSxNBb41d0KSxPqW8kWw7KY9YrmCtiqy46wY5slTENke1Btpvih3H6AAxS/EVRHOEYRiBKKuQkKH03lOjAUz8pFUkYHFuwue4yn+m/FC7Kxj7H1LMZtGGtlNX7v+nYxz6DYM9zoO4tCuCOaN28ZyntlMi+E0IqH3rqTl1DmGiEtMCkjxcD04FA==]]></Encrypt>
</xml>


2017-12-27 11:21:05 debug :
------------
String:
account-ticket<xml>
    <AppId><![CDATA[wx7f83e93205d2fd31]]></AppId>
    <Encrypt><![CDATA[YFiFmGPRrPNDKqIiTrhXsciXxxNiPV+xFqYSzblJNDTe5Eca+NpwTuesjiUqWZZNLqJjghUlhPGNBzsvedGqnlsa5Od+s4oxqClccg8DnLGFerhU8MWZElapjKL/6FvgydExiA6IR/7uCbrToI+kprl/bRnp8sGshvdLh7eysIg/pqnOIew/7H9BHeW/Eu+GtP1G5M9khTPs4Dl30yUaq19wnqFuczWnxFrw7HRpA0Y7tCCqkIrXSXQK+xCZbewu/ribZ+aoNhwu+vafgIC9CmpGs/B9hhXocd2HipBLyhU4KkIkU5APcN5/6UgE4Uf0iRNVvga5Y52Dsp9KGm1gUQx3QhODtS+ETYfW9FmLiN+/LfxwxpHUtFY/X13LG4vLpFvFVEjeeHaHxapWHN+AhnLkpGulsw221Uhu6rpFYm89ktUtBJn89d2TLjr5UJSHxQOrt/A7+dtDEHeCCcR7WA==]]></Encrypt>
</xml>


2017-12-27 11:31:11 debug :
------------
String:
account-ticket<xml>
    <AppId><![CDATA[wx7f83e93205d2fd31]]></AppId>
    <Encrypt><![CDATA[QRD1EEGZTk6MKIHk/ip/M8+2wPD0+lwntCik+rdeZPSPLSAFDXAjEAeeKoYr7bBNVfhzEa7g8KUuUKsKzv9ILYCURJPeVBUIzBTIKWONri2AbiK9oH3HZxW7IQKbal8A9xiXH/447M6HdAFf6WMXz6eS37CLtlP9PhcDDyCBrFCLBDjG0P4NLzz+msVIcUo6JnZGzSSiJo8qiRcy0vF1jen1wIrk/KbeL/gIlC8UOZXxH9pho6QMI3hhTCvXRieBQQqYmG3Mog4bsyRRLrjRLuzM/DTfwoaVNURTRlFgbVo12vkRLLTpC3gy5F55s7d/vUA8xO4/0p9QIGyNsleMDLCrdAOPaOFWxs1iT4wf6uDWj1U8zdTV5evP4nJskgN4t7xsptTSnqmBiKRVqEpQojIx3LpwXCXgx632OVHJfULedsjJTOAuR+DRUYhIrq9qrO5V7c9eHjoJXoGDqENagA==]]></Encrypt>
</xml>


2017-12-27 11:41:13 debug :
------------
String:
account-ticket<xml>
    <AppId><![CDATA[wx7f83e93205d2fd31]]></AppId>
    <Encrypt><![CDATA[8tvuk/hD+VWmrGEcU9pEk1MdxwrNyzr9dYKg9Oi3gK2aqpsumykAumHvUh5oefWtv2M5d/MiieDAqxZvIbUXPiQSbvHW/pqSSGv8xC35Sd2oYuoX17Poe0IaP0tociwq/uJyibUedw9uMyBmIzUW2QTtN97mp/qZSzn6XUQnWu4bSqbjPTGw6Ko85KaOF/2lF0/P9O7NL/TGgppQe6TMgyD1W9xcgk1e5cfLYgQmaOeYAoqlh89kTTXRIdj3hbLbThQJELIxggj+wJpAdvd5ynMqHY/h+Tv447U7ybjG3S1mvUeMNPlb4PXoLjKh/r/wlptBFmcJ4BZdZrN4IUq43qn855EeMK3N7coCjbfyRZchxv+8VSe0x2d3/brrBzu2eR2D9IRFpdRQ9YxG4qclo1IEanKdu/WMrTamIsA8RBOZ/sJC3PY8MYA/SPlCDvFkcaXyJBhP5M2iX64DJ1t/hw==]]></Encrypt>
</xml>


2017-12-27 11:51:12 debug :
------------
String:
account-ticket<xml>
    <AppId><![CDATA[wx7f83e93205d2fd31]]></AppId>
    <Encrypt><![CDATA[MihU+TOyRQ5jqwQ2DdhTmFOELXaTyIq5379Xi9DaM0uTKlA9v0L0xrh5z+DFg6le9+cppHOD0FUN095C0X2aHVstfrckXWVWMMLcXi6Swx35Z1ZOg8LVuUysoLyG5+LIJIpz89aviwdSiScAzKNvSmbC2x9ieqW57S4U3JyQRM2FRBsxAM/Kx2xYR8NecTZmWMGrFxk/Pm3sIGiglNv4wBxtXJ+Cd8ttqXe1jcO/9qN1Ylc42r6ncmxLOq/5g5PkPDOOEGHLf6mYveTc3NZQXd5fXXHeGoo4+jCupwnwBTvsuZauQ+DiGIFqxOHtRka3rhZ5GR8s19zEE/yCdxdM+QdEkyqskf1DsRurSXqON5BGbrhHS1BFsNCufY4wC0av64rquHSpqzbvPbR46PI1bQdrkOiW6yR4CnnsP/1QXttGVXQbl9Zo6dfi/JwpHpbCiNEo4v0HXDtwCTubT2o9Pg==]]></Encrypt>
</xml>


2017-12-27 12:01:11 debug :
------------
String:
account-ticket<xml>
    <AppId><![CDATA[wx7f83e93205d2fd31]]></AppId>
    <Encrypt><![CDATA[+lSvTo8SyHQpdLuRH+60gOp+osA8sHKxzXlANgLM8vSQ7Zl5Fk7m3c2c0MjWNS/mjJzm6wLTa23My3HSkCrJN5vtfjvO8e5Ha5mfjLDlG/655NOGls+wpqxQJZ9XISFKYHK/rY7DlPjw/nTzOo/xc7E5vV7R3DLwN7Q5Ab4Y2LfqCPfFXJGRQGf/qALIAT4PJjfUbkePEORcPMGKE0DE1p4YFK2FQfl4xPeHU1mM0CkcWWRcQjVtOysQ3STYJH5mwr/9xQFo583BD5fcz7Kz0018GhaHo+LkSSyG30wa1hu23LULsVCinB5eDVmEVwN7EjAgERUnIcfz6d7/TbnVYC8Pp/hsWW+XFZmEzZYl56xEI0ImgQbRdD9Y1b7xeFJ/wWLbaKIuG3FfJn2/ftPDO7e2swF8dOVQoca10zgKjHTAt0pd2Gv+PNNlv4P9BGiUgR2B8X421N0AuJKah17XRA==]]></Encrypt>
</xml>


2017-12-27 12:11:12 debug :
------------
String:
account-ticket<xml>
    <AppId><![CDATA[wx7f83e93205d2fd31]]></AppId>
    <Encrypt><![CDATA[P7p09Y8JU5ouyUTR20bJb01ta/sOfHag/m/dHtiJbwAXIIaBqoNsIKVXNEz2/xrhHn+YyKzfO98C+3uZNnHjyif4g3xvssLVyLTY1XkveoJ+G29e0+SF23Y2RugQDv8WrGMhKS3WVMB1MbNR5OA7U8dHeVogfvZ0qlkoLEKIHla4dAKXcfKqS3l1Vg2kCYkOb21lWmeqNH4OMZoLtkLZ5wfBGpkFMSaJY2v0ZuG9Pnk5/oAJRQQZJ38/YmzPWQZbYT9t+V17mmdCAWfFsIx72wbzJPg7e5gWdbTZubDLt4CWSbHuJ7sIT8bUQQdLCK/Rb4hTJhZI3eGIDZV/UqD+7mtjDwBP8QC6QxumNk9tik73J/jByjVaSnfbhVEjxvJeaP066PD/gbsAK4FXxobcKSKzdUAHrgiKCMpHXBiDkxbe9JqdRPXrSZ/SujdApSLpkY02iy/3ou9r2zliErPHIg==]]></Encrypt>
</xml>


2017-12-27 12:21:10 debug :
------------
String:
account-ticket<xml>
    <AppId><![CDATA[wx7f83e93205d2fd31]]></AppId>
    <Encrypt><![CDATA[iiXxG0i44myG0s+i5HkhAGFRruApmCuVowF42Vl4190Nw+s0Akc9Qv+G6yEmy5eoU2NB34pFPB4or+WHG0ZBIuTZ7/22xbR/68JC+cbyc1rQr0BQhgJBWHvvKXU2zCuMrOF+3Y4xznpT3bq0sMDUhApeyg2/V3Ipo0ZWGcZ6OSF7nKBShRI82aFGiebsUouWPD+kcD2ksxUC7cDiKpH/CBQAcKshNlg5tQoMYoq2GxC3kFNwJQYjMCdtzHps1qpv6hoV8BVLKbHevGRJ2idzTt72QgQE3ZTzDITGZ8MJB0FPrwwhCu7ncsVTphCYN3PMiv4uYft5YGHULqV6wJuyqPh7Kbr0kChvF+6DFi9VjCy2tq+6TfipA/7FkY3hj5ND87rlpD7tj/GHFDXFHQNE1AqecopXJVFtCksUT2xwcmuUsk0nYhGFvO20+2ks9GOrepiMLqwOhpEbGH1MOOx2Xw==]]></Encrypt>
</xml>


2017-12-27 12:31:02 debug :
------------
String:
account-ticket<xml>
    <AppId><![CDATA[wx7f83e93205d2fd31]]></AppId>
    <Encrypt><![CDATA[j0auRCWQ1BCR0WlVF36PR4gyEF4FuWsW6VkfMWlsTdgfez7nkhmDWJWDfjY0ro7NXxNcIDlsbLV1hoRm+trY1lRTGzq0LDBN3OtsMchdnP4KRp5STOJMoeQV/SNzZEU2qMP80EfegysCpiPRp4tQLawaMh6ZxgyNwn9w5Lq9Z1btwEkTq16CFLTQrJB1Q5DBn1rcyD+mezka/VZeLE8FYUwSTVHBQ+U9z4r0qIjSvjgPFjsBSpl8NpEvYRz0vDfUVdJLc65Tk/SLMXK/5X6W4FhOxQ6+opZmZE/WDolBElqixjX1a89K1nxr+WKdhHutA7ZH0FzYVNqUPJbTzqPY9gRWaP1UB+pswLW8N79c5T0baqHeI8KdIiY3stwl0juhyVwfjK1z31qgNExT0e5V4ytqbeN8FADebsVFSbc/NJfR/J2JLZ4QLpQQxh5K2/19QwRkuilahQCIorNFM97i4w==]]></Encrypt>
</xml>


2017-12-27 12:41:06 debug :
------------
String:
account-ticket<xml>
    <AppId><![CDATA[wx7f83e93205d2fd31]]></AppId>
    <Encrypt><![CDATA[BI/zrCMiSZKvFGv7FwJCqKOASt4epcNMuVo3cJ7IsmcTXg4RflqNeCAxJrwStXcFq1YYKvWyzQgwGIiPyoUMjVMY8pMxCgyjdboIxquKwPMHIfaAo7wq7bxWC3c6pcq9ee/N695jD7vKsQruy9SQGbCLy2VUUbsoqIhtpDfWVA49PTIxUi6jxH7m3cCBuh0nkr3byPXs/0pq5kpU5Hi0pEtsbWQHkw/lBOtvA+9AUHjRe5PgOwcOaysKjfSA6EypKCSj2f43YjUFF4GjoR3YmkJ2pJnyQblbY494ckEewIj4/t/TbCelDzGR01x7zfVp9qpfqonzzBJz+oqNcz0DiV9xkRc44E+RiVMjcky+L8Scw2o1HFqiCZ2M7soAZpsq3DwZk6ouERrDxSS/jbWiBoxniF4WWrd9+OUAI3R8b8W0Io3/LUSwitE1SioMCdsfLyWRFhqAuI06L7rc5b0xHw==]]></Encrypt>
</xml>


2017-12-27 12:50:57 debug :
------------
String:
account-ticket<xml>
    <AppId><![CDATA[wx7f83e93205d2fd31]]></AppId>
    <Encrypt><![CDATA[dpDjTdfFUFfLgw0V9CgXmmqL4MB8oJ2sQwoMGjOVsNHXnM6Euo3cbtPLtPVTE2zgQ0rfy3VCkCS6btsjFwS1olq6Dn/aDchKqPB76on78PsCbn1BzvEArUPS7xDdNgJ1FIPm1fOHwWj2WA9CYd7g1eu7CxwBEPfWZ/fnRrxe3SW4Wpt5toHmCKCOo0Vqus0CKW+p0e6MzeP3Yemkf5S0CxfGdjhDu1bXQaoudgIYmC6bK/lG8anvDnKqJfsXQkMsYhoxPEGGZkP5cMMxWDWBTjyKUF4Z6EKpGPR7Rxd+AyAqDwFHZQ/mPt5CP1IioRyMhmRglezwf8PkTKOpkFJcLj37X9Y638mjI3WdQbk0O6Q93sXD7He0TBYu6k/KRFSgoAPHeTY8KPfr1vkA8MQXc1Ou0Sd+G6apr59Q+krCjk4GgzG6hWFoAt0K3ppxrjjC3ktRGXcljngRlZawCuLA9w==]]></Encrypt>
</xml>


2017-12-27 13:01:02 debug :
------------
String:
account-ticket<xml>
    <AppId><![CDATA[wx7f83e93205d2fd31]]></AppId>
    <Encrypt><![CDATA[3DMXcK0nbOWgAZUkep2iMG+eF7gJQSifyduX4PfJngcXGgfH5A5rriqnKNmnfaO+59AxrV6NSV475SaBl//yzVlmTdBSzBI7NeisAx3w71mlxlNJCs9IFy1kUW3AOmWETJGWWDw2yxc6aILT97d034NMZ19bFUbRcoFPgClXncAenwtvZMkv66+37dcl1sU3GkWyVBTtLmzcb6MVrf38z+fZ4dESl51F1lrCO0XwHgyHFH08prjbgBM+whujS/t9uw0vPRRRCcb4Jbj0X6eW4XZHpzXQ+Su9eB6aB7LOoxpoQK/7Rr+jiB5j1ml20fxCx1bn4LI0ndH3EL/zgXSz/mkbWlm3ZvyMtk1TcGr6ZCklmvRNBaDpSn7HA75FCw7JGWc43OJOsRUKulooChPSiR+OvYTZTViotAPulI1GA6zbuXhTcheSgKjPKcG1BYqKOM2Cmm14fE9fU7yBJsTrMg==]]></Encrypt>
</xml>


2017-12-27 13:10:59 debug :
------------
String:
account-ticket<xml>
    <AppId><![CDATA[wx7f83e93205d2fd31]]></AppId>
    <Encrypt><![CDATA[Rp58PItBaBbxHVEeWaRglmjg2QQO6w3CEbpmL+1ozhLIc7C7Iokt4rHykmUhxx5UYdEE8KgYRpFpBQj9rDRGevnfpfA9NyhOIRXGdVJcwvCeuhPYq1NeNtJY9UHyXLxDXAdUJemI0wKf9FrkBEb3GehXC3Af7vxLd42dkeADQOdB5/GDNov1rK1kMGoYQJn4YEXTMB7jVR6A4ZVMyHKcIif3hGBGuiY8SpnlntZslEtXi44Y8D4GViwHeDbpARC/wO3c1mqkEQocGcv06aM9F4VAWrFeMN/Vq5d43afD3qXFUSwgvfWOveYAONiRET596JxWAqDLWqzU87greZ+0iU19UPS8JFOvsvbA6otmB/rSyiUu1VPshpYNX/MXNwfhHPeH5JI/RHcu8jb0qzKpv4CBU+aFMiel71tQYOI+snUweDwIyDybWD3lUKhW0z6hncJvbRe3ngNOMFs1L0/EWQ==]]></Encrypt>
</xml>


2017-12-27 13:20:57 debug :
------------
String:
account-ticket<xml>
    <AppId><![CDATA[wx7f83e93205d2fd31]]></AppId>
    <Encrypt><![CDATA[OHIMQ49NFFXRpkJAWJ2U9PiiadZl6S3nT6t+gsp00XmVcpAtQAiuvrffVZ3vNvwa54VixLjjthCKnV05QI6CDCoBJDKAWqg73rUNA9VTtt6gVWpDFxlTkTmEY/2/NLWU/0IWNjkdgdCC4aLbuNr4emAGfUDotg97gQc7DCSNw4hgQdvgbf3sxE76EfMAkEasQNWiwfwO4MGHgKbpeSY9MrVmIb4ULX8YNm/s6kLiYGoUZxJm4MHf6NENHv279bucn9Q3sUmL4BdEKUJUCfZTgMtdChPZOCt/estKoHZ89hLEJukw9JVsqioXB7BPjV/q1Avb0e/9Q/PUGxq9vG35khX3zya37aIEq9c8ULs6+a2DlId7eeRxRmLmwKQ7Lbj9lXMpf0cleltLxjbtyT0hp/Pw0aVE4aWpPD++wXx1dAth50axJ00yVbdonevrorS+sVOblQ7sdISZnc2Kxu3Nhg==]]></Encrypt>
</xml>


2017-12-27 13:30:49 debug :
------------
String:
account-ticket<xml>
    <AppId><![CDATA[wx7f83e93205d2fd31]]></AppId>
    <Encrypt><![CDATA[bqqh42h8AwTII2QvUUwlhPHUvt8f9juuh7vXim7TC6i5UUiSi6njdG1BrYgJy24QWwbt+9BZzWDIfrkaGb/v36NzlTYD3bH67RvgzMBfZXibIiqlYorW5+mKwUQy1i4e77MwQC6noNx12z1P4tuZuHQ0geoh+Kw7jv8IBG2xbIhcaDP8DUyseVRyS5kYDuGZ7XNC22vVnJQNTR4T3F+jy/ksiwxvGrrMY5VbwA0WUcD8aw0zIAoQpt+7xNMwABE8UsnFdgkUH4u4yKpdDpbB+o9VKr0KBog46IZBUZt/3r11wRuvifaCpsR2iri4tc6sZPxEjPHEWg1yN+UXRTH5BIOlrDPd0VCDlR2jKN6IHW9sgIA0pENYlLdrdvCIFWvcTfFSYq7jquZItKpOARebWSGk4NUkYx2QUr5MeasYmpHy4+MJ8X3EWsdlYzQLayYrz8SoMi1eOQxqocIM0Rpruw==]]></Encrypt>
</xml>


2017-12-27 13:40:51 debug :
------------
String:
account-ticket<xml>
    <AppId><![CDATA[wx7f83e93205d2fd31]]></AppId>
    <Encrypt><![CDATA[lihUzTHlj9sy+vJkBaiwdQfTEEDRwu+gYr7t+J2CKTnG0dttkYyQO+ftdvdikGbLTdXucTl3Rt7ou2XovAbwU7Puq2PDfBIDXTaBvNQs1/dA6Fp7qCtg7PDkUI7ytVDXQ0cL0J7W+CaCFAcQkpWCaBbGVSFEB5Wj18cyDXJMvlWxoMNec9LetbUNGU50IUw3gsWLm9XhRz1UGBFxB6x15d6Ph7D7xVa+vP5IjTc5lFNmNz01bwbouifjKJbRxtD+Jgbfw2cq7eovvBIPEZFJ7s5Uhgr6fndgv6bAVrAhiJlkm/B5Udcmx8wEHmRd2iknOEAsFUO2bUbEDdYZjz35A2R8GEGe7Wf2qteZSdE2xiA7J1k0vLCwMdCAHl3sGcrMNpVRMealsxe5IMTZOi9DnRs0jzyF/3X/hO8DbUiet+BI+dc8sIJLXGSMHO7V/lge3q8LWWEhRd1Pfd9CtdYGsA==]]></Encrypt>
</xml>


2017-12-27 13:50:49 debug :
------------
String:
account-ticket<xml>
    <AppId><![CDATA[wx7f83e93205d2fd31]]></AppId>
    <Encrypt><![CDATA[9p3GjLGQlS7DfclBppW0xtw/huz64bWmy4Uxsmpx8+fvaRCyHNFvzZxRi9Jk+Umu0DD9bvBXNYmDUxdJrSULOlXBRRic7LH90PVtYjFcpq5vQynLQi0B2Q4r5+IFmCnepjyRCbWB8dhPMLGcEiLs6X3efNOfouD6z2nIZwRWhzU3TvwYwcl3hpEwo//Y3QUoQOZ7rXxeaPYYBDnuY02NtqbsXqEx+2x4X4QX8O2sj/B4N7NZSFYkCJFGLEZko1GPArtldUj1yutuVa489E2jIdhAmOgWjNsXO0w/WZctLaBgAuQX9I9Cjrq9hkZ178yu82SJGMwbpCbzfDXpKcNXl4lx6OvB5NxQTobiWEF3YTX7d4l95S/l973kst0Z0lHs03OMm5F0m2VjA30nDT8swe7osaL6vKPqC19HygtNFnjGUPn3DgCVdn8E+0qMqHuh/Urr0LsyvhAoYv3o8VOMig==]]></Encrypt>
</xml>


2017-12-27 14:00:53 debug :
------------
String:
account-ticket<xml>
    <AppId><![CDATA[wx7f83e93205d2fd31]]></AppId>
    <Encrypt><![CDATA[FO9uPhv8ehVsj+7L6sX3Wz+3GDPKF3dojYd59f1sk7cRkeYUG4VAo8PTqXqFTvea+IFs128+HHmc7+tWYpMqLJNLbp2NkrE4mnANBoD9A8d1qoKUe9KxemIPo/SuRkxp8NbhwYIQ5l/ByewysR6SfserAkk0MspRepeMyX0wJgIHbKOLkSR8SgYvbSswc3js3IPmHpkbPONTONUyEUMsWDdem/fhjI2ZUPanuAPPsakUMWR/ohvazvsrDnA2DaIMpdhoctjsbOWk8os5GkHLKkEBw0zlKaZJ+S0F8X4q2slOnBlmN6RQqdmGKqiYoq5bOPTdBJaWuU77kYgbi2KtI0vnCAhGIJRJG/Xouq4z9w34Bz0MtVtebfr5lhCibjNfJN1vM6rm/wuc8uoUhu9yimjw+EunWDoU8gfDbaXmDyX34ZeyfVA1rflqxLLpNEahSyHYxAs9J0cOr7HClFDANw==]]></Encrypt>
</xml>


2017-12-27 14:10:56 debug :
------------
String:
account-ticket<xml>
    <AppId><![CDATA[wx7f83e93205d2fd31]]></AppId>
    <Encrypt><![CDATA[Wtdxuvy5gmPfeUBsagxPirRsF84eEgnV83xSi9/AbE8G/GOIlPALOMH6VeftR7JFa2JHAlgxeHbTpVRiorFPQaSkAVd2bs1SrVntaEKp8odNyKCsneyTPoU9wuig7J82eDWTScO9bD1nUx0VsnhPUyQbYHUKXmbi1+CGn6eTGdaLhWcI7Kb/RtXR6/iqTISLJIk0oO+n4i4R6r1MVBE1qCmpDHWhahXhYmIXdnTRf+//6dRwraVObaoZsbxRPdXBnJ9q8b46GNmGnjw1TiUz2ybVHabBC1f6wl8NWYQqoQAqj+swQQ0iBjBJo5sHGzsNlOuC119dtT0rqf185NiY7542R487O7SolTYj7nvhNHY8gE1WU8thqXBc/YmxtCWrKUwNDhuGPk5CbYxSJ6LZyM1nPpsYzyG+mxyN+tUbLPLmiij+VLC54JKydiC65LtZDsBZ+lye4Ez6xlYoy9oSHQ==]]></Encrypt>
</xml>


2017-12-27 14:20:54 debug :
------------
String:
account-ticket<xml>
    <AppId><![CDATA[wx7f83e93205d2fd31]]></AppId>
    <Encrypt><![CDATA[4tbbLRXfMYqojtXNVyXQ0xl5B/GaQ+ZnK64MYxO80J9O4zD74TjUijS/HjRxQGMtNdmvOHHdOXfcshGGnsUBZBxPmqv6FJYgWB8vl5yoTRkoGv8PhJdbuLbfPGxNeUeqQTRjFtHNMU+vwcKKVAtUjaW2obbjl6h7Y0nL/H/qZaxYJVwv86TCXwJFFgp0r6F5qT18cXzDie5wG7tlVr26/LXZKrwZ0+RkJdPAaLOvEqV0mCOan0htc4EVWX4gnpcqbOGPf+ZfNhcfOZHgBd4WCcTWFeQKgmecYgwBiVBA3RfnrvJDMt3YX5+Jg7kth7TGmxaxu/4272k8M5dJZIrDCkEjeVwIagMcNbvsTQPg8OuN0yEOLcHNCZ1fhw4uW+NungrBin3eodQhn9FvpQBCHxFmhRcjEkywio2CMsni4zFebUxsxuIx+uyBUhHvCwJNsmaZtDSNnsqcC0A0jSfBcQ==]]></Encrypt>
</xml>


2017-12-27 14:30:56 debug :
------------
String:
account-ticket<xml>
    <AppId><![CDATA[wx7f83e93205d2fd31]]></AppId>
    <Encrypt><![CDATA[UGgu2vMB+sbokI1EEDb95lscPklCfWQaTNbMbsA/jntMBzDoCP+Id7o/FgExHETeGdNWYE7frtXmws2fOfwhi90lnyplwXFjG+P9Nppt+qLym2kiXl3KCCk7+UMp9IlNYnPvoKv1pdCtr0QjrfVZKMMzjJMe7LoZPIKHBjWp14ay5PlU4/iFHVvhfqkMEcIhOZNmXrbqU6Ek8UlPzuAdWziD/F4fNgKaVeB8QA9itQnG1FZPw/v2ujP6e/dWn2bbaqFkLX9F2nUPrkdd3TvL6hX95vxCDkwTlnB6+uvrIsaK9hU1fLCayGlp+jEWoEOtS7mOPaNsHBdpBZ9RDonp2ih2Nj9s7gUs6HZMdBw7LcbsV6hCm7Q8q/37k05gJjCf8CKTNZSE//8DITq/zY3AX/2NquhrWSPjigw3VuYVWFTmfeFBinCWohuZCnDvA692XDYFwifWS8LtA7kBJ5PhiA==]]></Encrypt>
</xml>


2017-12-27 14:40:57 debug :
------------
String:
account-ticket<xml>
    <AppId><![CDATA[wx7f83e93205d2fd31]]></AppId>
    <Encrypt><![CDATA[MHBq8vrBZoIN4Q3+3ZPOtc3E44l2LFflL7GaCTtLZnQMB5PkpP4+OW5PxBz18Yz9qnbSUcPDIB/Ktks2jBOfEeexgEOLIoxnY21uy9jd9jW5g9ltlJKn/XlH5/mSIjcMil9bj998jrftVAOkrKRsrxLMFgc9EVjvfppWArkGYLYfD6Snx/02qR3a3t3tjVUwgHxedJdn2YLGCic3+LLfZPuaU57OXCFl2g8eKLGM24Fa5nL+GBSMoFsrQuflHlWTFj5rUUg3wct+0CJrrLkR2HUKU0Dl67rhtNxVEy5NcAD9zKGp+ZS1IBIzEcXQZwwR5Atp6mUAC0dLndBklOr8rrZ8zfMseR796C4LCAf2YZZLdlxW97BFgAn9ZBvqeWjKPftB+LGwK3QiCn7v6+gG+DBBs1JED2WibUs2fJB3zfRzqgdThkFhNGtlG0X/O4zCHOPX2uwFOKChOOcqJmZv4A==]]></Encrypt>
</xml>


2017-12-27 14:50:50 debug :
------------
String:
account-ticket<xml>
    <AppId><![CDATA[wx7f83e93205d2fd31]]></AppId>
    <Encrypt><![CDATA[C2KebBEUMMJ+Ew0W69rSLjO/2ALoVE/oAuuhyD1dr68KAlWyms63YmnfKW0Z2cW3UhDxF5lBFa+OEqtwI/fnF6KYhZcibW3TBZzFbFyi70bV+TmO2pzZkvVyCdlAiIeBTJLL/mAqIR/Y/0yeuQkUamOx5JQESei+u+JSJxRP7CYR8D0PEdZJtFNvJ9yaNifgQ0IkFcrGRcFYk783/Wb17kp6gxnZIjD9YN1aN0Dj9wBD5u1To80caQuXktG/4emGylPw+K76gVamEwZQVUizPB5YPg4M65Q6s0BAqxAFy+Xq6+2BnFbXIuOj1Z9/+Vf+YwfusYrCzmAlAiwBaMW6Vru49q0FotBbsX0E3UQVBWNEqYYCeWYT+4mRSTZeJJGQDzDG7c250AT+VpGGW347EcdszMC7zkBsYJ0VEm101thUGb7gEIA6992R0C2mhE0kmz8CXapo6ySMzhnJb3PB4w==]]></Encrypt>
</xml>


2017-12-27 15:00:55 debug :
------------
String:
account-ticket<xml>
    <AppId><![CDATA[wx7f83e93205d2fd31]]></AppId>
    <Encrypt><![CDATA[/Xskv3sSYfE1e8oDNDlQoajoGP8NE1OM+Rh64c1a5qO4DvcDRLcT/YLE7J4rRbCgXmjI1J6844o5nVjGTVDNKV56EwCE5N+BcIoHzEiy3arHkwJI7nGuo8+J6sZj4so8HSNBmsTiQ+aFjCjDREMvR+OK7ykCALslpWttdS890JP41DI+m6nWSWqLyDUnYzUviA7ghrN7DSGjZBg8CcgPuuJ+tKtZ7TySUvEfc7BPt3omjezHTohYBexhdWMVMY9MXdMsSosGNGa2QnkLtnBLkos0RI0oyFO8aJdhQ9wb4bBfJCFk8I4O0g3/QnhvwNJUYdKtOqTY08mITxHyHNKjDUleOoeT26ZWvZ+iOqG1FT+fAawkRxsObpMHNTlmuOdnwlj9BwRz3T/UmvK3xcoNay8VHVdnG8IrsTkxvvagVATajTkR4vw0jUDCBZ+qDt/GX3L8+6aSKo04WgpP3QmV1w==]]></Encrypt>
</xml>


2017-12-27 15:10:55 debug :
------------
String:
account-ticket<xml>
    <AppId><![CDATA[wx7f83e93205d2fd31]]></AppId>
    <Encrypt><![CDATA[EqL5EW5m/0UuuERA/IPWGIKqI6a102ImBdf4DaY3gcm4lhjGbCSdpzg8HLMBNzlDode9Rv5NZlWn8SjiEzBKNEnQiyTmFEsl9OcADqR9QShgLnPtdyrihwsrIBJGfNkJCnP8mEq2oKNfhQp8u3YoOeEYdCN9r2LeBykiWS5qm9Sd6uQ5eUVwq3vVUBmYtSVgGFnfU4Y8nR368kUK6LAz3g/6qIcqxRbL2ESmr2VcJ7a9Ci0dUHFphk9utzDy+pdjijr8B8uwVAxQiPlBknd4I7q8yUM4G7KcPGNpdZt8Qp4NCEuAUWO87sN3/qu5zAjARVKGijN0Bpgk9FppyFoLwA1hsf1+Z2LUwwWkXYDJMWtavavC5CYQevFyBjwz2BjT1Xn7+eymV5tKqm/4Q34ui2FhCopXihDwC0QfQNaPo3FNLtWX1rV5mVhdmOU83nGDLsJDYzjPuPW2tRfE07yazw==]]></Encrypt>
</xml>


2017-12-27 15:20:56 debug :
------------
String:
account-ticket<xml>
    <AppId><![CDATA[wx7f83e93205d2fd31]]></AppId>
    <Encrypt><![CDATA[OF0UKZeCXyIUt+BGV2/WNKeqz/GnJuK0JpAprnI3kkxnTKB75nKFXWceEDlr+MtGZZL08NLl+/UlenGc9YEMx3N5m0ueQiLwaI48+3yiumSR/AZ9R9SzvsJsiF/7pm3RahNCiQ9HxjG/KwvBf9pEXu/VrifVjd7t5rMJ+R4+VX0twDBfZy2k5+3HhGZX2fOQ0sk2iqTzd8Vp6R52rizSlDlwnT2EQB/2qiKBW3UdmW1fMIpzHe1s+SzgcIrSS2Wu5NhX8PvRmDIHYW2gH+xRTzrjF013ucwO8RAoqVmZdQ+IczCAUoCTK6qElEWPdK1VhOdC009HUdA4/ZHdDBQQ8T5tgF02FIf0dlZTNb4H5d8NqzBsPUv9d/voRY269e9Q8EfZ3fW+eaoL6AN7H8s5O50Q5bm0AyzUe+I/nSza5/X+S1nhc5ZeCPXFGxOp4ec1SgNwgd+GZJlQ+FfcJzH0nA==]]></Encrypt>
</xml>


2017-12-27 15:30:58 debug :
------------
String:
account-ticket<xml>
    <AppId><![CDATA[wx7f83e93205d2fd31]]></AppId>
    <Encrypt><![CDATA[WpHd3QLgIJ9/qV4k3u78YkMFwSFi4lhUxYxLimA6VlESSBD7P9kMueGejRsPEE/xAVz3Gg9VQUA7Fir1eXTdsohHUKqZmn/kmzK8Q+IiioEU4xSrstXYPgB/tOsQhfMPgIvqxN1fg4m92GY/aMRPoZAVBIdz20BhEMp2Vnyz4EiXSQrJK+Awy6xtFJpw4vSJkN89XbI7Qmd+N8qbNUl/Tx6DNDa0SrSfHTq2LJgvzEDLdNMt4tYDvCMW9BtZ7AV0GgdoSY6HPdf8htX7fGZYBsMWSTct6MrGs8Zn5I7VSr69XeOSHZUZ1JUTdVb1au409h5jJmm3iTzlzhD4DKPWKM/7teTbm3Vn3bbD+f8D3sNU15TEuETVGJnzozeKj2LjPcDF/NPZd8w6DuiofJWNbFykrLAuJ4eZQMgyLlvfnIfqdKMCUifsLL95uzqtaPIBJ2BVL8BtP1Sn6YabLLnziA==]]></Encrypt>
</xml>


2017-12-27 15:41:00 debug :
------------
String:
account-ticket<xml>
    <AppId><![CDATA[wx7f83e93205d2fd31]]></AppId>
    <Encrypt><![CDATA[ycGT6CsQyHgV7sR7W0fxPNqx88zvmCbV8PQmytBnO66PzoEVOgtsrOh4MLb8l3nLD0scSozTQG0LF5v/yhzI0sVi0o00/1dP3++3BtByQPMHng4ZxzIeOiwg1sAWz0C0itdlsKsO6hPrq8e0lrq9BWATTe1Z4CcSRjisB7ixCTn+d4p+IgA/5JiQH8bLlB4JJYr+wvBuELSbUnUqdkewyRWcLTpWMazhXtSD/hvYAb004JbGxEas2DVEIqijShINVR8nW4d7lulMEhxzTTRh892IOSJ3MHxbnDUmbUUS/ViCKolLJ3kyov76lF3a5SzXy1kSkyu1YitrprHLqaGGyy7N2t+oqH9SqNUlNz+t/4Z+Rv/CKxRt1bmZwZYimE+62TOHZNtPD+32AM5cKqH3P4a+cQjv7y5zdnub9f9zmGEZq/jDnV3jcneRgV9sP3T8V4+fIvZzj2P+0q5cMFSHKQ==]]></Encrypt>
</xml>


2017-12-27 15:50:54 debug :
------------
String:
account-ticket<xml>
    <AppId><![CDATA[wx7f83e93205d2fd31]]></AppId>
    <Encrypt><![CDATA[vR7X3FlB77+GmRaJx/jSNMASyCA5pkabJcWxpu/BFUbwn5BF33QNo81FQGjLkEBnScJ3gMtuhyk8vtRIE5Ky41ilFdLSzvjeTzTbvZl961JQ8QKOd/Zb1hcxVDR5qH1iqbMk7g7OL6dLepVEbi2Mvu8kS/0VXdIV7dw5UE609Alt7Rqf9adfJzfkvmr29VN9QFzh4KJOxsuLoXm1iu/LC9/ZtY30bLJv5EBU277eKbzSQ5np2yQm5LX3f4Cgbs+sNFRvBwgaUG5OA0mFDiOIaXeTE6k0djztNK+hcWf8ugMXhhwTOZ8azBs4OkE41JFM3RjWYT+Ywmh7/S8IMAZmY7n84j4Y6mT/qZt3wsFioY8wmbztt1b+NNuboukkkHfEqaG4BHPkWiFJ9G+3ULoZN4dlqSFcGDv1eVfv+IvEPphsCo6QyMr9mtmK1NgcTBKyGpkofSCaqrvxpLBGeEK5iQ==]]></Encrypt>
</xml>


2017-12-27 16:00:59 debug :
------------
String:
account-ticket<xml>
    <AppId><![CDATA[wx7f83e93205d2fd31]]></AppId>
    <Encrypt><![CDATA[sQx3sDze6Fs/wKS/qa2t6HjUPBdPnYwZyk9EKjYYmTairxdKNjXb/fdn4wyl3jI4U2lPOkK/38Rx3hVWhdegm8FiecPBpyzPqXjktsEkw15q24AOPVPagiL65O7EJ4+nVLDwc7Ozcj9U7dtFKrQDbh60FTw95praYosy5OfldARB9hSREJBE5jJwVZP4WXxp14wdfuYBZp2KvujnBJ1Cc0bzWyoDVWeT/O6rCXFlSRVxL4ktIabKHEYYlKxn6+wxDaBce9eGznFIeb6IVjhlzy7kHgJ7TtMnUZ3oWv0F92Ms/r0VGeHrONxZoZfcCRclhf+NlW94HQJ1Z1wl03YC7KNwPnNixstjBAytlglfIl1MaNAFNnogo9Rfim/uaR2W3dmPq0ziALF/CuYWoFrKXVWSuNG8bqkxyBe8CbK+qWGzNy0b+Gnjdb02o44LAF+8BBzJKGd3dzyvpR4sDmhh/g==]]></Encrypt>
</xml>


2017-12-27 16:10:58 debug :
------------
String:
account-ticket<xml>
    <AppId><![CDATA[wx7f83e93205d2fd31]]></AppId>
    <Encrypt><![CDATA[wRh0hb5q/tF9etGHPMFKKQltQe4Y2/kLPIRYhgZV9JWfVqemzT3LgVWIRqNvDJCeMrtwN67jVxKryDM0ega2a5UxdKyfBblJFJe0vuISx0waf/MEmlfpjbpNGGP0dYnb1z4aDp/+kFI2iJMGZoPfbLrYv6YQJ08qtncqY9GIFSAT8G3Mp234XPyTO8n0Fs34HlBmVlMSCzulfC+LZqSoQCcBI3oPvrVWYd+JC1Aqg837gxaBLjKXb/IZM9zOGYfCM1d5ik99r5iMgDniXHviZ/FVx3RWNtEJw+XyzEs3tjOPyFAklic1w3/2KU3hTjXo220ZnFEbx52Gjtp/vPeSwO5YvnJa32AITx2ee4juimtMSY7Gx7zATB8GVnO5l/XiFwmvWrMK9Trgt22VwTQ7v6kezZ5MVMzdjs3yNUlgVgtZeBS5FppvOW2ib6nspxErDk6w6rPNd7jNZZT6Ei5Cmw==]]></Encrypt>
</xml>


2017-12-27 16:21:01 debug :
------------
String:
account-ticket<xml>
    <AppId><![CDATA[wx7f83e93205d2fd31]]></AppId>
    <Encrypt><![CDATA[rtv90YJrOzAX2qu4h5jiFfqpryNXfZ3D95HA46MsxmCQqHx2cBNQzrqUY3vQYsnEDXYYZMwKepMhNcGw+zXKGSn4RixIpNdOulfzKriLBpsNJQXTo78iHCaV3iUCvxparcvB7uQEo1dOEq842KDcyhmKvovU49xyFEEFPcKu/eFrrVu9HplrZ8JbbYt5qBRqQwvsPSNuvCVo+bkDimyCo0IlFL3Xn2tRHcoSicrJQay5kT44XWkuqPj0wkWoANA3TCXyv2KX2pIBEVV/moDQprcG5WjCRoPDHmFZUsvr2QQ9dwtyQdqbWXTQAoa6StkHpD41is5dT23RwU6IG3EWP+DFnY6KTDgsLBJ8T81vd4X23pW8U/jybTGKHRRpXhEG9h5MaNgkOn7iAfHjYkdvmV3eSHcBzdgjRdM79sLflzYeQV3uuYthsl0UXumqe7VUcU3IBAy14Me/CoHYCoq1/g==]]></Encrypt>
</xml>


2017-12-27 16:31:03 debug :
------------
String:
account-ticket<xml>
    <AppId><![CDATA[wx7f83e93205d2fd31]]></AppId>
    <Encrypt><![CDATA[a7r1JDART6Glyfq/GWT5WhgX8vOLVOhvim4J5DCVbkpEWMe24HC90CfJ/yizqF5nHxqHnnR7Y3DLLm+BHMMrPDEpfX0CpYZz33BPbTLffIJdrlw5ybcKH03o92m8LB6T1bVnjCE0k9imDLL/XtaxtQK7Y7FsbiKqeGUtIT+f2a2Q1jH7GQ4atvLi0s50iFl+ppEnuvLNRCTVQKSclAM7GtI4buhKSi2ktz/gNlQ+l0umyL/UTvhzT96tip5CrQnAunhg4kRFPR03v5KHwRSo2oNxFUwwbEkEMXpoK9mS6Av4K9TDQ1R37K7yKq9Q7r6m8dvmORJS913HRRfMM8sLaf8PICBKcSf5rt4xYQ4tGAl5zhwPv3SWEypKQrdb2U5SEiqfHJSPEGZYpYOenegPAsFCazEA+ByKoyNZ/OUKAuWf9baOUmAqI22X0R7ZqT4+ZhEZJvsyz1SRwIrSrWyu9Q==]]></Encrypt>
</xml>


2017-12-27 16:41:05 debug :
------------
String:
account-ticket<xml>
    <AppId><![CDATA[wx7f83e93205d2fd31]]></AppId>
    <Encrypt><![CDATA[f8YyU4pCthSmyzRVIuD4Wlqo5xCkE+v+n1PbhXegQwMsDex4WuabJkteiBXRXLssKBOJ+Xe3P9MHvr8xKDi3fsSctIx3ZC//bpXzJR9FxGtLcIUMdREipX/SNO7k3sVnf/nZ71AEheaiCue/dgGkRsWvSFrYALcj2YY8XWAcEO9Cb5wNda8+wbDb/Pf4jWME9dgg1QHa83rto0Ds9CLKXi0PKZUOXHJmFUmt0Krln7+tHVci55OQwk29CyzHsEE91CahvBgQMH2DSslv5bvSCZT5jfcXKbtKD/bt31D5WMDkRAc4d42yVDfcijjFqVQEXYim3J3U/Ha6qQ1ccwDt3c998Ush+ykC235fWL/KNDx/n7Gw5yuhyN8hTZxuCC/BnoNNMcLxxYUg9KPIxxTr51zWHpbEHf38dxK2mm70JLUl29fwA456MNgC7CvTOOSx01Wgw5ZXaLiXdb+r0nwneg==]]></Encrypt>
</xml>


2017-12-27 16:51:00 debug :
------------
String:
account-ticket<xml>
    <AppId><![CDATA[wx7f83e93205d2fd31]]></AppId>
    <Encrypt><![CDATA[sgPDGYhLoN1gDMDrugx1vgjw2Z9GF9BBAR2xHkunw+3rqZsgoKwf5TnVUgygHqFUxuMSDTUL+1+8XxBpPocXqaLHO2BsAuzzb9JF4hONurAZHhdPFWmd+D2F+HGJyawcP99j/1taNt6n2Xovx29bYiDbpVdA+RG5VdYh9B2xYiqa3D7sIjEcPovoccSgf63EL8QRolomiAqHmzUe7SLi2gpqVHd6rTw7LEl0ajs35OB9O1Eaq1kK/zl/O2F/X3xJaA1qbAmdFUkKgIoDC8/NTtBj+bVfGTYKGfkOd/fyvDAhwiEmnDL+ZaH89L0uT0PeWsvsRWjjVEQo1K+ZtLz/ccSFLUiLZTcKNwY5fz1Yl1FAbm0xbzQ5L5hr/DZHvUz6YtHrArjGB+CK95nDLVdj0/Qy1XaGUCgfDkwDc6pAJ/MpceBoY6hfzLelqGkVm20o1ybuqr8TNAy6Yc2+N3MhUQ==]]></Encrypt>
</xml>


2017-12-27 17:01:07 debug :
------------
String:
account-ticket<xml>
    <AppId><![CDATA[wx7f83e93205d2fd31]]></AppId>
    <Encrypt><![CDATA[ZKamudRQm20fA5DsGVTGmiWdBcRHtPWgs/nmEpPQxunyGmgmJONnzSlKgWxlWfTQumxtv0Zj+cBVtfo9xOu3EAWsjsnu/R+o1Rtdg9P3Y6KWwP7hcXGftiAEmgHO1qDgBPDvkp86ERHWUSFQ9U9NbGP8VS0IF8roMyjliednTs6ApcGUklMvTG9OxEJuocWRvXH+p+CCxrarmZ5TVc2O+kMd5I3pYCXsFMigH36nLu3740IvYmvBjUmRx0zhAzWLocE7JdrQxVBfC/9kK1s4MK79hJRdAmAScET+1CfRDHROdicfKOCC0Wikj/3Ji8NWKaFb+Nmk0Lv61iXUFDatEJ6TUIESlB6eSvbLS5fhQ6hRS1+uUpzAe6/naRx06Kzyferrn6b/4RD6I96ZWW2cKw/o6MMFd/ecFWkewCBvZaSTo6GWom4UzJPow6uVNEWGvRVi7YCm4RI/Vsi0BTDDAg==]]></Encrypt>
</xml>


2017-12-27 17:11:09 debug :
------------
String:
account-ticket<xml>
    <AppId><![CDATA[wx7f83e93205d2fd31]]></AppId>
    <Encrypt><![CDATA[4oVuQDYDCgd0SafwwFy7lu7NquxRqsBB8QI6BPLKKE9kNIrRVXZIOWnmeIH/wmJQMvc/nldavIvO9RRmKSl55agaRarTSs7GDQ/PHoOeHfJVPxS/843oLLnHCTp55a1hjA2OittDponF0NTabgxGZ2vOVjwcUxbXOr04Pjo+bw98zrG0HPQ3J/8flxYsUBHC5ppoHDu2BspSsbauoPRhj+76WI/AJWaNtHJ33hQb64tlInYrtaepDW7DqTVO0Luo0+5NK6acfy7KnFYAlCcCmdIjGhn3QDihMvcAYQohBbDQbPaNr7FzIrDaMkEBS7GbE9grhvZoz8C0oUjfoJiQkXXCEZsaC8i0+0Jd5S2WzbNDOeYz8mjkxAd6zzYyTFeEqvycbp5PKqKPoK6YYW8pHt8PGQfSDqY9J7AI57SHHJ8GOb8SwnUqAN7ZlxqI0paR1oAmpcgydnBheuNWQl4r4A==]]></Encrypt>
</xml>


2017-12-27 17:21:09 debug :
------------
String:
account-ticket<xml>
    <AppId><![CDATA[wx7f83e93205d2fd31]]></AppId>
    <Encrypt><![CDATA[QIubI/lP1wzltUYGdTrxM2LTch/ONq98sE9iLFW4NjLzSNX0OQ1mU3NdYPp8lVkWPIfyUy5oLKPsyCyS5sT+YB4er343qJhDUdx4+43oRh7sXDkpHbaKEPY/DOgG5wpVrnhWxiC6ZW0xJfypIyp/LTjhs7UNhCh1CYQy06fnEIgIIJzT1C3xE5r0R57xYKXX8FabSnAMDBxFYsEVLQLM1nwIP1bMWg7eEGwiLe2VfQMTAMex/56zUfsUsny6TK0JStD0GZ3VAz1Q41ZDVXq7gZMIrU7+tsogN4md7X67dswTnyJV4wMA8Sf+iRx+227HwBzeUoJXUEGgAn73gvTxDTrLixklm6qaTu8cou5RLUKg11G3Op1BTgg/UrO1SAr//4L3RX8buA4favO1jDrcM1Tyn+ZWGiQi+fdKuQ7Ut3/sLHtGjZIz8LkbPGfqvpIifhZLecLLW8ZfN5xq0jiA1g==]]></Encrypt>
</xml>


2017-12-27 17:31:08 debug :
------------
String:
account-ticket<xml>
    <AppId><![CDATA[wx7f83e93205d2fd31]]></AppId>
    <Encrypt><![CDATA[sy2vJRljvhJMDsv90i7VP/jaM71SmeOXBDZTHhO+AfBzgzUGiQBHABIIU+kJ6q7Z3BqB0sN6JYprlJYtkf1mYBV2g9Qpm+CT7alpIm5re6BC5LyTiRw+tWjaQZjqIikAwohb8KCFHSaW8ftqEfzr+zmGu9GMlKm7bpSRpfp/6G7GOg23VWxa2b/fyN9vBOePMPfeGKhrpaoOpY664Kny4d6KGM16LzWSj6cdMjK3hYtpeMGOQOHSCkcVF6FkDpJljKLXVvMuj0A8+ZC78AsXeKL8sTiEX3v7sN3kfzPydbpDJyxj96+PI1sUfwxQpZ+r3rLBGZsnwxD4SjM5vyZbqoXh/Za9eo1XuwmgTNDCbGrcIPWx2pFl9e6tVZiFbQCPBKUENO92eqdd7/yPpkjV5cKydSi3f/PY8JHOACCKcOa9FZFE7eHq4O3vCyhh+iyrhszJtjwMARcJ77xe01zNUg==]]></Encrypt>
</xml>


2017-12-27 17:41:05 debug :
------------
String:
account-ticket<xml>
    <AppId><![CDATA[wx7f83e93205d2fd31]]></AppId>
    <Encrypt><![CDATA[32VdvbKEsFjyw1yg1M3i0Ix4rO5ZYBJN3AyGn/aMtzJIlMBJUAEwakeGBJqqrwVejxgN1LvRlngw979A7c2oKrV3sJH6MaSEKNvak6ZgAHU2yuxTlukasjX3TWKPuofWcQZ1lpXic1gxc07Wklsf9o53uZ40kzWkJbl+V/8eQp/JkbkCAzO0WwJPsxTxH5gx3tEuShd/SwyOVDOCOPT8oGRE8oENej7rjDaaB2I079ONfo0hOOb8bsvZB/iQKP9B3I26Zqg9Jl6PiuosT/dr/euvvwB4yjrUAh8PYYqbr1gB5s/76MDRB7fZPF2k/UxZi5FUk+SZ0KiGPeE1+eLMLYy+7SMNRIr0QOmKfKYHrDV6wlGQzJLbXIPVZrZPrOPP8XvfGZCnL2wboKo48NwPLXwsu1PP2Hlf0k3NwIK08j5Py4ekqatvx4N9gYQDKr5bhQAUFx2joTtZx0ADPNenVg==]]></Encrypt>
</xml>


2017-12-27 17:49:22 debug :
------------
String:
account-ticket<xml>
    <AppId><![CDATA[wx7f83e93205d2fd31]]></AppId>
    <Encrypt><![CDATA[WyftW271uGkgEs1rD/EEBfLcnXLUi4rItlXylimoLwC7vpAwrrAB8bs1MJF8v11kPvpo7V7E91WLhuQ2nCoNzOzb3oQZaQtp0sYiilJF/rBiLkHGw0CNWXRDYxFU1gL4I0XjWuucNbr1ys2rThUxtHHyJIVCmvX5SAxFmphYY+ax9mrw2HgX3wq2/BcwGW06gkYSDKFM4CHJs9txANCZcsQFV0UyWheIqW6BLWuqtRXhI9HJBKpbwvRinC1XYzR8pQPLoo4EYcbeIGifzUbOWpncBansFzvU+YKlJ08rkom1AioH2/aGrH8sy+IEmRKAv8KaOVSLhPJ97HhbhT8RnSsHhBAvYF8jU1uJ2IigewY2r0tb9Rr/j1nIz/RKQFFQqUvXeS01jC97P/dF3S3pikB3ULOTUNE+ReXN5WOzD+PWfepghjXwxSTJ0xwY9yTBvEq2D3YQqAflJaTL/JyL7A==]]></Encrypt>
</xml>


2017-12-27 17:59:30 debug :
------------
String:
account-ticket<xml>
    <AppId><![CDATA[wx7f83e93205d2fd31]]></AppId>
    <Encrypt><![CDATA[dESwTcrcjkJTZ9YiiOK/2PNP1Rn5HF0SukbdBcyWkxrf9TWRmJFlBuypBZ4pFNycM5noCJnapa/ocgiIEhAITMl9jurVtqId6nzKXu3A48IKXIZ6lbGmJzDKIDXPh3Rc+LS77s8XJuaRHFpZOh82QtW+6j3XTBHDMSyWlFzsLjYBqWOoEDDx12j1db8PtcH1clwdjFze9P3SBOJMXCtkdbQvcX3HBqZnTR2c8XmeGslMzYpWueonhYhT/OXXm5bz0Lfv0WWJDymiPhkgNuWsEvO2yuN0LJxtdlj+FcoDuwjhKa8eMbTtZzwkzSLCp6aOF+leNz6N1zxVPUp6L8ve2bCh/UHJ48rrlaMVsMK+k9jwKdeORy6MbMhUxP8unMccF+jhRu0yfgFe9+cbxhK23ElZdbMumhHne0wGAo/9ZqyF/q76xbiwk+EMlk6qb7luCPJauDfF1r9M8r2sQGbVtQ==]]></Encrypt>
</xml>


2017-12-27 18:09:45 debug :
------------
String:
account-ticket<xml>
    <AppId><![CDATA[wx7f83e93205d2fd31]]></AppId>
    <Encrypt><![CDATA[BL0BK8SVAtlLDV5FmmAWofF/qscBx2Qe7MuPSHP2R3IjYuS3SzOl8SX1ReUqxPoVolCX4OAZELYk2s6NjgjzdohPZ43/cnz8IyPusAEFyJNhTH1nkj9KSewJkAs8/FMVU1LJVjQ2jfD/WSZD4rBpaPQnLQPwTJ+exHnqk9GfvokVuC6Uv3WTKQNuSU03pG5hJUW2ElyFII20VhO9yRymFLThtiyzTYCumhUqJjct+kZIYw9ZAa83KW5C+LB0+sGUsuhdsqDhJzajk/mo0sstJ9MSF4ld6bZhpTz6akO9q7R+H6ZFX+VeshJ5MBSLMpN5/PFEpjb8P4Lr/6uFtxPCmC3FWHFHhysb72FSmgo/M8blpjSfcuuTZI6GHPMSUhKpAgG0cSUMA7Akr94qkaUm2b/ie1qerEgl0gAzWIxTz+UFKsCeoyXc2/b2C/83dtUQps1mHHp3j25vvaNqIvA3gw==]]></Encrypt>
</xml>


2017-12-27 18:19:29 debug :
------------
String:
account-ticket<xml>
    <AppId><![CDATA[wx7f83e93205d2fd31]]></AppId>
    <Encrypt><![CDATA[StJy9x+rOLF/viNwuXMAD1UDaUn7jluDbULmPXfV4G+yjZiTgEwQp+TeN5N5gOKnuyXLBCbZHt2jOKjMN+t6HIXXT8mQ/c/g3tVFMNbfF9MEFeqNgjFb5WdA6gD3+B9wcp9QnmHvKhUG3U8fGBWiPr4m6ihnvhUJqam0a82s1wvM5qVYHRWKLxIlsK5xayL0UTO4s4+zykLYzB0j0Imapbd3AZEezp4Yr1dyZVQO8L1NXMRRpV4wXjkNltuHD7/kYQybLqf705e+trCnxCX/v8UiInS/02/wFE2716zSraAFUXs9QXsP9fzebmvX2hLioSqKk8Uj0Wu4d5bOZpSSvkrf8qre8zTQNogUQDOvCkZGp4EYWD1B5Jht1iUDCE0NnaD+weHi6xlYWI3PY/fYP1hx4Uf9RXvTLVqWZmnHvMEMcU4p6O7HJNLRyzflUJlMs++bac/EabTdDLJXGD3w8A==]]></Encrypt>
</xml>


2017-12-27 18:29:28 debug :
------------
String:
account-ticket<xml>
    <AppId><![CDATA[wx7f83e93205d2fd31]]></AppId>
    <Encrypt><![CDATA[BhKz0Fyag6O1O4RffUT1mzR0fMvunvk8Oua9FPqSa2xr/YwzhNu1lMMPLAfALeAHr3G+EuirwzFDzkWCIEsFKglEgQMfrNX9TQ+CuXqFK5RlFEpkzP+QyB4tablT8I1a+c5cic6G3OPQK6a+6nI4f0k8PoDggY8/9P/f/gZgOX62+J+UMdyUKmF5KU3TRlDcVxpozOu504dmBMIEH0LETix8UiQPFtz6lCpqCX0Um7CJLA2Xr43ZYlQPbwvx/Ib8gSwjcC7J812mZmd+0t5n7OlR2fb+YrhAubbV2fvzuTssb5qB2ktO2gcCaeLlqyoMgu0zyK0F62u24ZGByDvsrJCMsqCpU7KWm5piL1fbVxcV7jY8TrnZMlvqC5Re3Gvb/g6K+OefgJEs35oCVJ59aVOgT1zluxCb8RjAuGSZUnEK9cfDgsTd1FDM7UNgN8o9vDoEg0+EsJOxop45yFkoNA==]]></Encrypt>
</xml>


2017-12-27 18:39:37 debug :
------------
String:
account-ticket<xml>
    <AppId><![CDATA[wx7f83e93205d2fd31]]></AppId>
    <Encrypt><![CDATA[5n2QlOx5cp0HzP+oZrpDgPJee+dStg2fQWVtXDmx9/B7E9wm9ApMl5MCT/fWLR9FVTwXiXX+0tdUhx1mYgWYxHbQ+NGg6wzJUS3sqBLsjDQXFBix2lm3CwqddosaWSTpduphvTfAmargypxoU6SuiPEymCBsB/jgINKkleAHG+gQva1yoHpOXnqNSBhp6Hz8UHGUEt7QYbDazBHrcLrLIo+WRv0Y0NjrXlHJMMUhovdZDXmouo5d+3xWP8eGF3aYZsHzg6W06h7cWCveoKIVG/6pCMWWpCUSVuJFX0HQWiUedug925ZF0lY/vjEDmX+NJAR1Y11N9PYXnqaJpWm/zxGAUc9szXjlYkayiU5+UGTEANUot4iOH555p6qNpzVbn1hd6IUZSKM6Ebn97TTdjyjD82HiTVQ+fHaJ2ax1XBVTMAe5jEMSoDh8NX501TT4XRzN2CjMHP2c6//ylx6GUg==]]></Encrypt>
</xml>


2017-12-27 18:49:24 debug :
------------
String:
account-ticket<xml>
    <AppId><![CDATA[wx7f83e93205d2fd31]]></AppId>
    <Encrypt><![CDATA[n0lyZOU6snkyYTfcRp/+7av3bVZ9vyQAmROcbZr2h2zj05hwsao7bCqw7T/3mgjVlGUTbm99PPWAUFPdKKV2PMfmDKalAuGYQykAh7PhIp13v7QZglfGJhE3A3z+eQsc1mr5UKiBWw5Op+6ipi/Q/YJLUWIU5oUNgge8pk/wSwBwfVXy/lqD3Qy6TFo6CV8kGFa0/5MDswvlfpuERsrYG81GrZusvl8J0ndtQzS2oK1age58MeyEb+I1wpqHCG52xTwhRCG6gyESQTX50OojlOBBZuZdpjzCz+xcftDp5uigCjMAFVmzjBObmBqwtigqrfVzm7zzyhpid4Fxfs7CZKIGwqLi4K/cGuAYwlJlpHH2raG/Sal0vDwxhBLysRtr6ZU07/scF5JrYztV4QmLXg8XlfHfNqXyYdxVUPJOQ7ZSNI2+14CVLz/ECaYvQaxVUPZLZQJ7aDqOqxIIu2KGQw==]]></Encrypt>
</xml>


2017-12-27 18:59:27 debug :
------------
String:
account-ticket<xml>
    <AppId><![CDATA[wx7f83e93205d2fd31]]></AppId>
    <Encrypt><![CDATA[v38YiGZMULsQHdNneHuOQydMmgfKBu0nKQd9PJZ8GwHbhzZANVy+XNuraR9KKd/ekwWRAyixRfPUFUcxScGoPmISVyzfQRzqfUnSLcsP5u9FvBgxunLchAEPc71VZSS9aAP6OmgGaurnG/IjjR0a/DmNYZ7ke2FHTLvS9HXwc0VJDABAcuWmmr1ABe68ZRDsScun9T6hOESOsv/tafaG4YWRk1BhoBpdG33/s4rCFFUYQ/rWOaU6EmNJpKATxkXI5FWtq2a+nOTAxPU2B4ccljcxWAPc7NZdrsfF/6kPKuC/pDUy8H9wAQM/eyvyS29MsSxubFpjl1Dkq48oXEZ36jOtqxQxPQHc31k6bG8UtnelEQwYIZEF4+b0/yyHFd7rRgyOdOrHYrlp5jDje/eeRz5lHxgCWSuva6n2Ez9r7McHqxu6aXdBhfzwqiox/OYIEqpsLhZJ6I/U0IfFm5264Q==]]></Encrypt>
</xml>


2017-12-27 19:09:44 debug :
------------
String:
account-ticket<xml>
    <AppId><![CDATA[wx7f83e93205d2fd31]]></AppId>
    <Encrypt><![CDATA[FDMqiSM4kQ3CJ9ZG52v8qFQvRTeZrq7jW2o/C5/T5TzOt4/b4jhQx8kBNoj5Qph6dggNUt85kQJRUPbkCvMxYxvxlq8GrNeyrXRPBIJw3WahEHJE63gFP+AbkRitC8rdM9RQlE9xFLnO65lQneBNrGZ8I+w5bAUQbFbg51X46eownLSRA3d8a40tHCzAciJhqwv5MOUrrZL8JTJPUP6HV2hri0vbDSX2HxkUEc+WkX91yKR55+M2P1j569ONfKphp5mxazXSf43D8cFbIPM5I0CX/3ttpfUho7o9XcYiyq/IwIlFKTsYRfIIphBefhR0L6hbssgsI6bhPctEhDovLw5ue3nNK38+dGnKoOzRN2sqLom7ITaTAoqjAWQcY+eUftXR0YgHY2oRM/ntc0weYA0W1Twajyfa0iw+H4zs2lEXEAFKQxA4gW3H3hI176ZfPKEhAZuBOKToTCbqbY1lBA==]]></Encrypt>
</xml>


2017-12-27 19:19:30 debug :
------------
String:
account-ticket<xml>
    <AppId><![CDATA[wx7f83e93205d2fd31]]></AppId>
    <Encrypt><![CDATA[A3TSaX/PQ5yKF7et2ub6b75lUWqVZyir9qWCox8gLEKzKpctA/1+U3emlupIBpaoAuMYE7Kjmb81VJ40kKLlPhCXcJ0GWGipYOf9id3wTKKVX0KdcSqNopXyeAlt8gV7/suZfhZNj3Gi/3ol/UT0EDJ2I00JLyix1drlsL7dtpbVQQgdGa0Zi4THSHcMF7Z7Ss6rYFMyD2E0UPfqG7HzKHy8rfF+AFwueci1+SgC4WTGwRHYigS9edCZEnlHvjgOE0Ejt0NDJ+DIa2taYTrtDJdr1Ry3LfQzkQfXpTg/QyOgJOzYv7AfjRW/k7PRb/UP8mQTjFF7K6civiJzW0qpWvfnMizCpHZGEA5APCEpjxJTgUM72w9jFTJWAkwN5ZCZfoJ/ntPvhp6l1ffUDu6l7ZJk0VF3QQUl8vXjWgTJra8hzhOr7E24kG2JxP7hdGOqhvSD8O0GNOhLEFrlUrwsYw==]]></Encrypt>
</xml>


2017-12-27 19:29:32 debug :
------------
String:
account-ticket<xml>
    <AppId><![CDATA[wx7f83e93205d2fd31]]></AppId>
    <Encrypt><![CDATA[9iS9E2UUJvBm1wE1FrVRji3ekwGvjXxyEIPp43MEIawb2+LJSAACV2Ql5T5Eqir93IyWr9PkiPSaWcDgIxpG40r1ltXA2D1aw0yZYpsn9Pb2QIOAi8IXZhHTSzhdfKZcDMEvtjBmpcDD8yZsEltnvvH4Afr58D9FR2am9yfXP/teFEcvzPIagyv0ECURbN3+rph+W2nEsCmEPVi33cV3sC9BS1zcemgIlvKR1arSLs4cjmMaMMLZtOO3wAQ+LnlB7i9C2DFFthWDOLXf0leg3g5ar28Y5pOhQsD5+e2c+V0F+Ns6zIG4lQPCLWnK+NWxPNIFsQzmdg8LcPAF1rvdL8DMs/ClWXshKED3bNxLkeyP2P+fMln6jRN+x/4WwA4HBJoHcMVLtLBS1gy9A7in89yVwI4P40Gzi/xDmRAPp1S+tTFeRUwOBi2lK2EMa/KxyBKpxfGYkckxScwdFQmnsA==]]></Encrypt>
</xml>


2017-12-27 19:39:28 debug :
------------
String:
account-ticket<xml>
    <AppId><![CDATA[wx7f83e93205d2fd31]]></AppId>
    <Encrypt><![CDATA[wekUV6eetVftG2vi4Gv4kONmaPglkYYdFHKZTV1EjxYhTkCNIkzMWCG71pSVzOVomgGoz1Pb7Mkh7q+QT4pab5pV8oeD+VtH3zKJaOegxSQ1ZFy3W2LLG/arq2O7Zetl9+sjKMvSsC/27dxjBrsXcODZbzVtayePEQTrZ1RHPBLUhW8x9HTwNPQdrLE4lkZAvrrwaYRRjq/ZH3g1MLGw3FTmWRuCOpH9y3uTyhM7gBKbiL4MSCdHHhr5lhBv6BG8I6xWkkSaJXSlptwEfRqt3Q9kLqoBleNNEztTrPRIHyI+lhPiGZ60OJuNNggz1c5JPRnNNB33rzSCfcJ1ZW243ZWZZeZNDu2XUFR7HdBXpxBtmCqQB7EzQu/Mmra/8xj1wtrHQdgesfND4NAsgNkxWXwp914gW+3Pu66NWj0JrmdAelIiZp+d/574nEnePi1Gbfy9JKDca47rNZ1AfHtI3w==]]></Encrypt>
</xml>


2017-12-27 19:49:22 debug :
------------
String:
account-ticket<xml>
    <AppId><![CDATA[wx7f83e93205d2fd31]]></AppId>
    <Encrypt><![CDATA[2jH7nEOOaVKZPW+btT6REYAefbXzuR5Bv95nu3SiMU35i6MedCxjNkfuQZbf40cyqtpKQb58Fac1PwUxS+qWWPnCHuz+W+Jp9M6xlX4xuwzy22irEaYNdRy/emBiKopTA3nsGjTDtb+//+tgSQ+edJF+ZUJNk37Md5N1c0EpJ+KMMozr4cJL+fZUT7uQkGBGsM6M6MnBKGOGRwFlYspUVZQUD1RPmWefpEg7h5N6qzBlBuLATVaPFho4RojD8QqpsNVlImdJTa/ZoFRU7OOnHPTP/VSehNfOEctm4yQRuugX1URX1tOJoymCXj+5q7836zxfMywQGk70utklBhp5WTS6YHS2uScJ3ZZRvHAnGTkoj12tH01Kk0Yp1b20DA8yfYvZT1oB6p8BPG2SOK5XrxXQIBIZ6IQWROdwT9XV3pc68DyhW0tyQZaqjz1bHOeO3Ql+KNk5BUO6f8bYI31dHg==]]></Encrypt>
</xml>


2017-12-27 19:59:37 debug :
------------
String:
account-ticket<xml>
    <AppId><![CDATA[wx7f83e93205d2fd31]]></AppId>
    <Encrypt><![CDATA[0EQTPP8BysvqJHp/ERmgl9vYI4l7EC5KQY7fDLVlBT30ouRj5ppDbL1zqw1c5Jd5bD1OG/lDKMhal+IPuc1eBpcpYIqPY4RPAYgRNPXe2XN2ZrONHI9ku2HiKapn+XPhIT9gMmFQgK4eB9nARxg8VOP9F3Bv5E7WFpNzjEa9csB4zZspX/YSo+w6vz5WiOg0ngrIvTbpqNgSCSae1iYVGsJvVRs3ZvrW8RQuaMJzM6fcVbtH7xmu83ho9iedmef62JYdPJaLRzudRf9XFZrJgYRzP52wwN3mxN8Z6Etkg0t+MZWKxb3OUYECcxH3jqmlAqZJmVrNwokGFvr0BB2RhZWjIy05yeIqock1C2J7/6C/rWphBOoT2rMiHdGWOA6hfpgaZxtnB9rPBkWAfjJT299EKDXSyDB//K8WuGJZNeYYgOMNAuaetBzEUzmFu+KczdTY1w4nUee44MYQgA6r2w==]]></Encrypt>
</xml>


2017-12-27 20:09:51 debug :
------------
String:
account-ticket<xml>
    <AppId><![CDATA[wx7f83e93205d2fd31]]></AppId>
    <Encrypt><![CDATA[d5flp+tKgehdoXWPo1EtcmkaSNmRPFimdBQB60uqziYPwndwyxrqefyqEuRbWIbNUNPB4NwQGinuhUEnQjv8o6xG62ZeKHmtc780h0hMtMQFetZUVKCPhX4wLQo9TRxTXXyYdNmIcjFL8VqKfxgPpjNIJ3y76XW64u9i/t9FRlfvnnM5l3H4p91Fg8jZTofJ5F8eSQ3oKNsDb6gkyl6aIMqiHdLfGcVuXruIrEuW9oqw00mWPdYaB69qYWee1tjPURWcAxd6T7She6Z9eczMMxDa5gyF6hjC2UUyAeoAx8r7vqD+1AiH9X6PaT9KnyN5SJ65T7rMhJvt7lFOkf7hpiHh5pEgFsHGmaJm9vvE+1HAOeg+i4jomv9v9mtSNvlpD5UfdEKKmJ996o8MSOePbytJiKTc6l+DKY2AfIs7av4xOYSiAdJVtXN1q9TkqY6myCoOn4K0e+fQk8wYZNcuEw==]]></Encrypt>
</xml>


2017-12-27 20:19:25 debug :
------------
String:
account-ticket<xml>
    <AppId><![CDATA[wx7f83e93205d2fd31]]></AppId>
    <Encrypt><![CDATA[RlIo/JRaDtMALjMPsGfJ1qDfbiENZYf4ukcfKXXVm2ROx0xxY6EmPt7RbyzCBWtobgIsil7yqvHogLbEKsWyXiL8r1W7j1dk60Grqt+TKCUsaExVrgdBCRBTIAYQdaL0fyu1fUxHkZHc7OdIWm+XFkUrKj+IEtHVzW24TZw/kzzAf95AU5AW4YxHdwEj6BrTYlutb5FNaC8OaxZkQJkGNnY/4q1jLo2mYW2bKmaOpnlBV0qq9g0jOjr5K1A3d2PZ3BdwyWulAi2zHO3yrXP1qMc1QJkVDT++XIe3GbcS0Wm2SPfNFnR4Jw2umDHNiI+NRH8mB0bHL1mhHufBchBzQLAou91vsM7tQqWLOHP1gVBonwGY55tvW7du/zZYnbJVGENCQxjuRN1ozUw3MugvzMq+iwfTQF//bxWgdXD2oD6AJraSr6VJ/QTne1f979Ishd/hYH+e3rnk+m5iWByJKg==]]></Encrypt>
</xml>


2017-12-27 20:29:43 debug :
------------
String:
account-ticket<xml>
    <AppId><![CDATA[wx7f83e93205d2fd31]]></AppId>
    <Encrypt><![CDATA[A0Irh+pa14u097OPjGXADjw45XQf2EAJ9ESA1UtQubZiI+gaKmI1LDGi3/4WbVAVM3Tr3edt+3uO+h4Btb09bbKKDbDUsUrCxPpinbmE4/jdZT2uDYi4xeDlX8J7EJJrRl4xtZMu0cTL3Ccnsuh/KDtfRB3SOO5P6S7Ivf7UtUv6qtOSYhnzoQucsMj5aSclZ/vJUS4pWWYcO0h1fR2gL7nOuFrZe+lW3vYIyF+09hy02rD4c1rhqpQrtQoDLw+5Gw4kvWgDZlKhQaIcwWDQU6EmnOeRNtAxVMLP4R1VhqCaGxugUhe1/DzJPbB+eEkVxV2WKl8uQkb4AXcoqvOcqludS1UJthafqlrvaBAGmHkK1YlLSKOzAhfIUYJGLV+DvTC3tpvG7vOWctFEHSTIzT31xxes0Sv4kFrc+x/h2NzOsHj2/sPsKM/7vSTJdH+CL0JPZagcleEE8M6ENjUvnw==]]></Encrypt>
</xml>


2017-12-27 20:39:27 debug :
------------
String:
account-ticket<xml>
    <AppId><![CDATA[wx7f83e93205d2fd31]]></AppId>
    <Encrypt><![CDATA[wTOnHUnOLyS38b6sxHajOiU0Gvy1vL62uKKkE3mjepYTi3QgzgN2vrOo8WfxQjpDKpSv4EC483u/jycYpMQRwLBFoj/o5uP1t4TA0jaP4t92Pc7CJyRsCXU4/t1jfaf85Vs5kkxxp7+jBdUT3xDJS06U9bNmlt7dE88ItviRx+3Z6SWaHrU3tOtRgFkr2q/tLL3JhOwHO0n9PSsINJ7iuNHgRWHGnBPsABvBDYITa/6eBd1dfykqQgAbnNrXffs/DcazePiuynCRF3cDxlWqhNWfnwA/qoGIT/l7850j85V/PrYTPzFgmREFZMUH180v9DQGaHhYeWcLt/fIhqfN4HJXKM4Za4jFl8HZYW44Ktt+rtYwzKTo1Chas6JWtbZnRgZjz9lAuJcNKL5FrpOJaRSsVR01+9YALS3ynWB/ANPiEFZNHoBg0KLCVdB5Lrk7USc5iwztr1zH4q6DYyD4qg==]]></Encrypt>
</xml>


2017-12-27 20:49:23 debug :
------------
String:
account-ticket<xml>
    <AppId><![CDATA[wx7f83e93205d2fd31]]></AppId>
    <Encrypt><![CDATA[pUPzdeLM1oboG+f4aoA04nsRSHWGHCGCJ0bSYotT0nY4qQV7x91M1gHbkJBElluameTdaKSvmQ29khGCw6uzE72nl26drpS4759NRhYchj94XUHCatldOCWbduRcxIRa52CHuuodQQBw4m0Zxdion0XIdXkOMCcc0LB6JRyuy4nfj7G/XDiKIdvoAv3wx3PE1v1zjDz+e6+QyZuxNTU8mi1t7+ZPqJXdv6qncSzmmN2h7c5Dk28Vno15qPLKBMmiUtUTwwZDSrNKIerAfeE5ZGYgIJ9ztWQNJmAGRuMnhf/SnjYkRLHGNyPrYmHa5BCKrl4Nov47a1F9CxlSyW7lcJoYVcZBeVN3760HyQUXMnne6FkTZcm+hgshy0iVNZWPVj3JTGsRK8MHnZwDVcKV+yLF8nxfAh7p+l+CfRSkt+ozsXE7On91cp26840UGHi4k7JdQ7eeG4fhpauaj5ioQw==]]></Encrypt>
</xml>


2017-12-27 20:59:26 debug :
------------
String:
account-ticket<xml>
    <AppId><![CDATA[wx7f83e93205d2fd31]]></AppId>
    <Encrypt><![CDATA[LIT9TQHFnAUwDQiry7TXYFEoNCPr0ZLHdFuTsPia8ZYtNcIQndptadtA7HQA+5cQfxv7u6Eu9gPbiMXGCgMGZLGQUlgCj9PjQ846YD0VTWYmtcB+tfqNB+agwMR+G1aF1sHudfnfTLwsNj3fT7tpYlPcJt/e0q9c7GSnLodKuK1U33U/aI3o+V3N6im5t8kNe7+GmaD7xzBzD3mdFuLh8PXYJrMbBeXG8Ri68SU0+7QJK0LdTS+feQYkzucHurSQZ37ugES3T3hkLpNorEMt8oV0AgNVAsuerYOj60RsxIsCBK9CyBubgUKG+r6tEXkDcD4x7eIYYzp0g/05C+ZYWTGbiFvI+Rsz7I8aaTGv/M8X69HM/SY88Feebuj1FOhznZebhMpOW8vJy208LQyVEhvPhvFsUOITvE8M24vApriI7TzGsC1fYevQFtZ6DUd2jB5fKMsZr2CM0ZCPBzEOuw==]]></Encrypt>
</xml>


2017-12-27 21:09:38 debug :
------------
String:
account-ticket<xml>
    <AppId><![CDATA[wx7f83e93205d2fd31]]></AppId>
    <Encrypt><![CDATA[G72TWfkNvsxn9xSWMcqZpSd0SpN0iYTpz2WNhhExfBxfZW/9QaFXIu1XThaYQzce5ISJbjKfwn8/YpCkcD3MtE4Wr2/BnDPGvygXj+vs1AynR4ylw8hzx8YEP0fa2r0Ws/HsNrrYxK1RNnNFP3chRa8VlR9JUAgQdMRs52alxJ0P0WVLMHLNAExUJxfDcFD4iNuH91E8B/fwYXw93pQOXv4JLbo6FKd4nbUxb+v3E54LKlCOZiBS/LdaMMGUwqOPloxRrd/cqfr03qfPSev9zVfxIK6hK+O3JhsXG+4LTOJkZFavGBdrSqMxjv7gg5xH32I9yKcBgASKuNU4x/kuxdx7AwQYk0I9113QAMZ6bJM7tIszWG65FBZMGDGuz2xRKSk0oWLsWw57I7HAIuD82zAHT4ZvyiR6grWgi+H7vKbMgivuh9JFzuiAX9HI6KfID2VPVSpE35k1wg1Qk1OBBg==]]></Encrypt>
</xml>


2017-12-27 21:19:32 debug :
------------
String:
account-ticket<xml>
    <AppId><![CDATA[wx7f83e93205d2fd31]]></AppId>
    <Encrypt><![CDATA[Hhno8zMSw/FB/4ho911oZsUcOGiSvYr6nEOhXEKVUvUpIfuM3vKLPGXNJGZRkSTd6pwNp+JIQAgD0090bU7/FeHNa4io9MEa5hdQcf1No+97lGi+HOsksInypE0b/MI7BDvQkz94A3WlEyOVI35L7xKJEZCvB+8BSZ4eq685A67z0rzT/RoZ1rHjlm7E+UdemKCm7Z3A1zE7a3w8zslnpqzCuf1yPY7W6kdeqtIQvec1yycFTSD46Medxch5nVTweRu8EJwpl0OUZhxV4RMmAj6ucUIQJRhXQj7WjkMasB94UznkK0R0apu1jQKhxgXvff47x45rSfJaZcYHDpXzDI6zfJAtDq9fGe1RZSMK6i2JTv5AxVCpzZohXQxlOd8g2/HzM88SVVwbAv6HhvZD3JQeIsQxHCQgte2k2ZcQVJ9Ce5p2GGwBB8uztxEQJ91Bb/hIPnLQk8xe6HoVaVHbMA==]]></Encrypt>
</xml>


2017-12-27 21:29:28 debug :
------------
String:
account-ticket<xml>
    <AppId><![CDATA[wx7f83e93205d2fd31]]></AppId>
    <Encrypt><![CDATA[SjIM9+5h0WrDnirOMt11rGhQ6bpJ7s9OGlEtDmY/hV10opJJ2szGcr4Q74zBp+2nxQ6Zlu/+vagRp5dSe34POHzXdKfNvoiwX+T40t8Ewib4jG+JH17H/oIPo7DyRUCQYzFnr5VEQW3Gh6fMIj0MsWWUuuAz/71YscPdYxn+kcB51H20qYBx8j86MAL5856MSlG4bssB9wc14dIUPlMKxinGGtGoZncjxjiHmC9fLTajifdLEjsx81UxnD0Gp9w/R6z43vA+N61ztL7SqJiRgsjDMF1UAoztXnH3gi95kC0XO9YtPo51Jr6DIwWuV/wfu1YL7M9nY9EnJFIi3rmj8Mqe1qi++zvJU2LxOr+k7qr9ZZogZfKqWmlOQQc7DzhdPhwE6dQJxhn6Q4h7Sl0D0nOYjEpa4HF84sBSmx02P30Uv0azm7lC2M9IhSVvmYvbArHfUBWi+54L3oEdsRo11Q==]]></Encrypt>
</xml>


2017-12-27 21:39:17 debug :
------------
String:
account-ticket<xml>
    <AppId><![CDATA[wx7f83e93205d2fd31]]></AppId>
    <Encrypt><![CDATA[N43QNZ0dWLGg7uRyT6FqBcOVxfDSzskL9quInf878hg5nG5GlFaFKWMJfOrWFqhh0M53vNd/hBeMs4IW60/GJj64UVcnowjXkXwpBR5/C9LmkTVLTsjhEtCyKHULPWA7uAOw+0xiQdlhr9GfJ2XCVaO+i2X5ecI9Wy22QeSlZ18XTgaukNnjniVK1z7/NIIVS86rsdObrrEliNGhg2qywi33I04/GUo2EgSOycBdP6xOLuxlFc/yO67jAVm7enCZI8J9y8tE8w2n4uClnEwYrKeGcJ1O9pWKL20uwLK2ZNcJdaOSb5Txm/u6tmbO2Edpu/f1POURIG9zB274+NTB+Hphx0hGgG2nQsVi3abZ7Sv4gDDQfwsaa1DVu+fFjSxe6lbL6qCVXh4QzBD4t5EoUOZiTwAjC4MQOt+CPzOOU113NxmUGjQ0LNOxiC+NxRA46tu8Q/naOvabV36XXNaVbw==]]></Encrypt>
</xml>


2017-12-27 21:49:25 debug :
------------
String:
account-ticket<xml>
    <AppId><![CDATA[wx7f83e93205d2fd31]]></AppId>
    <Encrypt><![CDATA[P99RPsPvqVf1ZNNiC7NtsdYgXMVMq+cwzkq+0nUPBI1bgq+88AAlWa2DScf5NNYfClDtXdHJSkp6irDRRGH9BWau6+G319dntP6XEAIuuPyt7c8gNQi7mu1kt86nXGe+84wrJAVHRuAOo5KTp8oeBNffpQzHrOW9aX2L9gJPM24SpBCV/Q24S1ZTefBLyKoRFwvdPdgEwkGUOdaL+RmjlvUQOBKujlfU8ufNYK7Z6ntgugfqO/SDparXtuJs1gOmUBX4t3jhMQf3oYCUHCgwJ6YoRUmumQ/TQmKZWnEGt3a1C21s+VlTmCdNwu/QGnhlZ1q3jYM0wQZOw7pLE5mdkXMWnlO8ehwQQkOYkIVnOp8SHVphD3rXrNQuiviyzud2tuq3uLY1ssmgttXqHKPx+0hE8WzPdCH4kDhqYDftEE8ei52OlWATkyaJFuzUDBDXeeFGbsNDsjv98qqDkot65g==]]></Encrypt>
</xml>


2017-12-27 21:59:20 debug :
------------
String:
account-ticket<xml>
    <AppId><![CDATA[wx7f83e93205d2fd31]]></AppId>
    <Encrypt><![CDATA[3BgDIKUurQNwhIpgEQR/7MOg13I2hXg34sNAlwsQqUd2/z72W4WXfSWnxgyNxFNH1wMLwiLZJf63fM15OqhIF9mX6le94trcypojMpDQm4vKO4XYlaTKgZRxufHXcw7uSYLFHekDcvd8Vopjy4Z1TiL6FtMvMRUy4iG7stADaq3+Yj7SpQkXNJnecwuKa69ic/qCITP03zxCBxiAmug8myAzlN8ZOvqSlkurBSY9iI8AqhXA340Hvmjnm3xELf+mMnl2aklJq1SjsaG56/qrLySnyT6eLxpWnSRP5C+A5EXJo14ALA4AlJ86fvbCmjBQkzkw2bz1TsC4J1S3XpKDw5yIfl6nYA+f8wuY8HrsaQsJ3HEqp6/jG7TYKSG8mO1YJRcUJoC5e8+8FGjDYdDpd1Ip8aPeTSQYuAnj+YXeucHy6orqw8I14Z6em8yToxtDMNC+i8ik/j6qqUUlvLS41A==]]></Encrypt>
</xml>


2017-12-27 22:09:32 debug :
------------
String:
account-ticket<xml>
    <AppId><![CDATA[wx7f83e93205d2fd31]]></AppId>
    <Encrypt><![CDATA[sE4JiSoDJjEbhE5SV1U8EhQuTUik25dMyiHLimMyx2UIobjZHThBox2SvcT9jal+aN41Fr1+Y5CXWGWAmOI94SBSOhKMyf87Jzmq9Iw1dMAPA8q5V9o0UcbLLoxRpZWGjONcjGP/dW8AF2hURf8ODkSwkwBsbWlfechIsvuvBOA4YEzRZykkbuxEUOXVVNZdOGnaSilsRzeVEfm1oNzbOx6Dz9Ut/jyGydnXPaQleN42CWd2LhLnorDqz3OvTxNJSO/Z65zmGRoghERwe/gedHIwRCP01YND/tvFV78IO6lhyBRDxD9Vva2DIuZx9XKJBwYjaMpntwUFcGV9nc975hPrEF5G82Ir2m8aLz6I1Uf5jCEsbDyRit1aoC720DqB85+16IYI0X/0wDEXYrdDUIjgiZTIv5Lr9Xu9Vs4uaNUqjj2p4Ry3osWnjbLxy+38wuSyGUplirojgDcJD1aFJg==]]></Encrypt>
</xml>


2017-12-27 22:19:10 debug :
------------
String:
account-ticket<xml>
    <AppId><![CDATA[wx7f83e93205d2fd31]]></AppId>
    <Encrypt><![CDATA[8EFmQeoaQNVSvPVyFxKBbsCb+bhPy8otqVx6lDVWZNCFmNzsHFrw1sTOT6PIwXU6oAzDY3KMdmSK2PKsvzu/8VMi1/eV3gbVTrxiCqv6/pOFvxEMvJkKx4sPpYFl4X8bBsf4shyBU0TVM/cP27WMjG+F75lY0oxtDd2X1OLey6oJVPIxJ6cK/XnAJ1err7FnGIbaco1Q1z/gYNuaRt3XkbIr4oaSQGX6sDrMMnHKcUNjzblowgVryYpYmG0tbjoI7Uec4+Mor4mDpmW0jKJHxq9bD9+G5Lrfw2OVMOfqu2U7g2IINCOdknpcOBFr4kPA8iRiyt7LorbdNsPBXq7QgK3Rs4yFEC4AP+lxkfbaW260biR15Xxowimq45vNhYIGYtW2OrWravSrgnn7cC6BmxGCcG50wqbSGvmX2+NnJ/hC85oZRz42EhaVvk6N9jpUMc5iAuALEN/EXb66oiOH+w==]]></Encrypt>
</xml>


2017-12-27 22:29:13 debug :
------------
String:
account-ticket<xml>
    <AppId><![CDATA[wx7f83e93205d2fd31]]></AppId>
    <Encrypt><![CDATA[J3wLJPQIX5FrqY1lxnv4xW8tHvHYVB273zpTnA5+B7XpWsD51eMzIiR/zH57+EkgEs7sBcd+YtCN4rvFbtMiq558eiI0DxJppsJ2G9OMIy+x6egXTony+IRa2MJigXf00Ncfcc35u7H2NGZXxcDnaAzt2rSA9Qn7HBiXsD0mN4uT71CwI6LqIpMhLpBBxdY1xNLTMDDQID6THMWly0M+IWooTBU6r/JL/o1kBBvzyaqejuIfGGTqn2MyT9xtn0HAShPXTsuq1gFzQo79bIGvWDk2KfZeELF1bBBMrto3NaQEccTPeBmxGItl/+A9fkQ7yo5MKP/JAfLMQBT4NfkQTToAj/ayriH3gAdfXDdwuVBkNVJ5cTDnK4fsPITJlOMdLohVeKBQR9qOfK+o+m0G2NhgwI/l/DB4BPcE3Y0hZT2HnaY+Jq36QxR9JGOnfiPAL3uHDJTnnrfbRdohGR4yOg==]]></Encrypt>
</xml>


2017-12-27 22:39:09 debug :
------------
String:
account-ticket<xml>
    <AppId><![CDATA[wx7f83e93205d2fd31]]></AppId>
    <Encrypt><![CDATA[+vRU3nZdh1yX3jtRevCkZnA1Ex1s7Yj3BQJcQ6Mo5O6yNgJ8N/c3s4JW9FVTGC7mxY82UBsSXc7OQxcYLzBK8AMgAOgivbMyUcXy4H4hXvb7htE0/yMe0VQvmfycSnMPzEM9xZk8vhzNY4S+I/BYrnO+mnsGpFAQi92hu9CUal3jnJTeYHp8QOcyu2cqFQiewoKb2YzijsWU+3Sa8MqOGFHjspkM2mj6qKyvAJeedpaoeW1diFgs3LXY5uIn7wKB9k/dlCP94YBaBqyTHCtRzPO3Px7Ntxcyo8f/gL782tZM1VJG9ZGQ/IQICtTIMApVHEcCd1n+9ANtQne3ezMUC9vCpf57Lr+CUR4vTfEvzr5m/hgow6tdcGWi5Hud1dl87O+a+LeMI2Bkg3wL8RqcUdPVa1sDN0929UONrdiu3RafIJ0uAiLlqgkUn5z0x+8TSJcJ/x4etfWn3j7HFTZ2RQ==]]></Encrypt>
</xml>


2017-12-27 22:49:00 debug :
------------
String:
account-ticket<xml>
    <AppId><![CDATA[wx7f83e93205d2fd31]]></AppId>
    <Encrypt><![CDATA[VLZay8hLASlQMA7deRL+6cmtEs1tQ5lnAfpMOK0Fj+0QX6WwmFBs0wnaiSVucW1SPD6dyI2UVurgqL13DFoJG1WwFrMaSkxpZGy8jLfsUWvnH48oZjxOEU/cUoTnogsA5DoGOBTfDt0t1vDg3rn9mydWfpjJDIWaKIWtl6fJRbb+S8O9yviNoAtbRxUwUvorViX3jn5V15UfkdrfjcZXpn0LzL4V30kEQlqFp2liGY6MpDIdP8wMxB6yttW/qU/0Jw54N02nwx6WaXleHeWakGN29DsKSxmXS0ocvzUo2IlvcY2dEmazNm+zf61RoREQBoFkH3sbhlJsDq+rWNpOVD9YZrPVOvKUowHya+roX329NSo0+c4i4qMaGu21/sKb0Se0twnGmzGAckfX+9WJy03Wwj5d6jxhNIMVKe7WX47WFiMFkJ2SVZvZRrxGB05vbs0QO4Q/j+oZR5JBAUvoRA==]]></Encrypt>
</xml>


2017-12-27 22:58:55 debug :
------------
String:
account-ticket<xml>
    <AppId><![CDATA[wx7f83e93205d2fd31]]></AppId>
    <Encrypt><![CDATA[sgqwRov6JgHae8UL9OB6WLllL3QXmO8HowJVuB5CCsU3YqV2muQpvhhUzRbEdKsD3eacyk3E+7gRdgHpWY+jC9zxyMdWuEEjgl6/czfxd3DqmZpry1oTDSiRlH4FfH27Mq8GoJgw/Hu+0smmQ/0V6w75pi/7qc55sl+/JanjymqVGeMPQM7qQFivCRW+UhPS2gLuKDW+TVz3BMfzRx5vhMyAytyhby8tX0VG4HQL4Pi+bPC88aAs9lkrxPlj2MxYlSFHKKHuhnMSuyy2efIMno3WRNHzkFsnEKKb3oceOn3z6YKegXFmxtf96uFsHyYKbiFccmVZUkNDGjJzB4+TTj7PUW8rjDxIzpBB+FyF6oeHmhDLphXQLWHSGgKqq4H099vDQS8Ux9E8DOVU4JLywYNphhe8z2AcEqaRWyVe5WsqG3oSj3J35Mr5gAegbfE8/Od8coPqs5ld2nqrJpmPsQ==]]></Encrypt>
</xml>


2017-12-27 23:08:57 debug :
------------
String:
account-ticket<xml>
    <AppId><![CDATA[wx7f83e93205d2fd31]]></AppId>
    <Encrypt><![CDATA[ds13r1M7ryWx/RltpJo6Xwh/kDIbX51RoYFj67b3HmPF2gDHlQkp5+9HCp4kqiU57ArB9kIdXDqWXvsns9CqYE+LiUWEFoPhXg5Vp0CDrgJH1BFLNCetmfCb3fx3W/IA1NWLqz8IWudZthzBNVPU6pnWe/4WU/pP/ZXubEeUdw/Y8D9JUcUAtmEhBU1Ej0u4UQ17+WkvsQCWAgPv+2+Gzg8YkeJXgSp/u9LJefftoaaL9tC+//8HcELqWMab4V6X2ZP+VPLrAue1KNVK4xAuxjxwDAShxZ0yLcce9/Zi0aFWzEF4PXMYg8L9z9whItIcsQuPSroCWcTc+uiQpCA/S176qz6ayhVfguPrML0tyRbWs1oRjFsy0v9ksPG5lvio/iOvO1a1j8qBXZgripCiplyHBvV/ibnFuE2hEZ1XJ5+d7C0bLYECtGPKeO7i6WjMZ+nj/TwgjNsrSmjM+CQltg==]]></Encrypt>
</xml>


2017-12-27 23:18:35 debug :
------------
String:
account-ticket<xml>
    <AppId><![CDATA[wx7f83e93205d2fd31]]></AppId>
    <Encrypt><![CDATA[TPgozfHAdkXp+mKLHYO3H+sZL9GuohPDL7Y/TFNJ+fyP+J/6s6ns5cnMsrxCA2bYACYXMYVwrnWWjAWqTYpa31pHtYGjx90Yq30CMDHkIm6IFK3Dpu8l+Avnc8VVdHXnyjkD5C0DqlsPSkq0kEfDLT8CO3AFCCngKlyyTp7Lt3tdX6navqOn6X7atKyxVoMmNpA6JLRFK1vrhmf112q52tuelGvC1ptddpJZnQevDQlqEmvHUIptUvTvRBtEAGZWP9Twcu2JXDHydMz/ogxt3XVoBB64+fqYKKVARODsrYCSFJAO6R+Y+MzwSIICVQcSAVMJkbaBqpXM2kcvq+rIEl4pxIHGznm6GSkoOapTU2gmqjTzaLa+gUZuZ0WEINiQtRlwLwoiclBpilzE/GJLW6CECwcOl3CsUqsGXCUNs0V1cRq4v4EpQwVR4J53HlJzWOLrdkzp6IF66OPVKxIaOg==]]></Encrypt>
</xml>


2017-12-27 23:28:35 debug :
------------
String:
account-ticket<xml>
    <AppId><![CDATA[wx7f83e93205d2fd31]]></AppId>
    <Encrypt><![CDATA[wR4eaODgHK/GmzYNf2HxOEEsBwf8ZbeYa5yCSqW1WKWXaOZjLJNL3w0MXGvC7MIDP6ygRVcfuWjMf7DJG5yRHOXLUSBtsHF1uqWlyUUqZ6L7uCLU052AoAhAVfRyBnjK5SRasdH337GJHBwmTXVEXVEQhFnlwJB/tjcXAD3WhWMuQkU8WDIhguUJymdiQ+ycVxq2Y0NjB6WFPWTGrKWe5HJoAijz+OStCrIiFMHNH7JVmZcDGqQ+lu9IT4LsB+0noH4hgvisG2k+51pSOXqd4TOj2ivicRubTUxR8C5hJKalJCV3hiY0GdvL1CGlREEzv9FtmLXpZ6PmV9SKHYFby57GqCkyIleBOWIx1uHW57oyOC/6ochX2sVSYzEV4ue/g1CBmAcS56ZVR0rJES5QMC7Y/W9ePEUx0D1tEkOkjgbaV66nGO+rppOfo67KBhBjWcE/g/DfGEpW2R5Dtzqltw==]]></Encrypt>
</xml>


2017-12-27 23:38:35 debug :
------------
String:
account-ticket<xml>
    <AppId><![CDATA[wx7f83e93205d2fd31]]></AppId>
    <Encrypt><![CDATA[B7SvZ+OT9OOAMMySX0dmyOk7mq4WpqzXXZkmDt8vneoDpNeITJE3Gyqbn0o2eM23TlKM2g/Qt9eeGWYk6CpQM5wvOxE/cNwtoKfs1jn9Job2yP/3Edj2RxWtj3riRHbVNjKSWkN5VBabXDAZYDplsHoq66ObPUp6R4msNvRhkxMTT9SyFGeWXY2pPJMtaezTf1rhBpDlIU4yxt/1IrJovrCmOt7oVc/UclccHwfiEKAUlbTURsWFfKpohb2rVEhA3pPE3qgwwV1JE80jvtI7U9n2I5vxRod6NdL0HoHXiJYrlmAcnR2h28rl3+BdrxqIuSAYxvPg7jTb0k96XUpZu4hhXGGC0DlcDpAXyJ3lyhZlAsdd8cioAyKWcw8muPOdZQIr7ZvqAXKlfnBcD/VVpHDA9zzBkAh6Qg382mklYseIO6HHP8uc31CrIEN4n8yi4lEczRshuJaZiK0lLtuBZw==]]></Encrypt>
</xml>


2017-12-27 23:48:33 debug :
------------
String:
account-ticket<xml>
    <AppId><![CDATA[wx7f83e93205d2fd31]]></AppId>
    <Encrypt><![CDATA[22izEL9p/848mttMioQx2Kkbp2jGFzg0DvVi0vl+0U3Nv5FpTHxX6tMW7ggxdFi9QxZE1+D8u5yuZlJWb9Z+DPF4L7dv95WFEDEIz5u8GP1g1xQlhL0ct46z3BLVgG1mJEJiubyZASzr2mJUqs1Y5syqBweu0BC+c/CG2+7aoG5iCIXIbThIA7bv1lNAO7AAbxLDZUsPA86s1dn30i58yANHqFE23kDWyqyEFAmp6IHA9uHK7M0NyqP7y9ittXstaa1t7CmS2VBOzVlaNWUcNbzq3zBnUTKNL8TCig7IY1fHUbukcFN4+izFUtAZ80TK+FpZQ3Eo9mbHgev4nufEqG8gDET1dSH+JQpHxVqBOQuaGIuj3ux9jgZ+aUi67yqdKBW4fI8V02ENVcI3BZOnLroenbarhNo9HtEbpWIqE9eKDIJnSEeWhlFFVNyMYeAtf6OjQFP4Rn4xBnZtr3ErLA==]]></Encrypt>
</xml>


2017-12-27 23:58:38 debug :
------------
String:
account-ticket<xml>
    <AppId><![CDATA[wx7f83e93205d2fd31]]></AppId>
    <Encrypt><![CDATA[tgy6JfQPOhexRmVMA/Uz90kQ0Fc4caevTGopJqxjGGRdH2Q8wqhDxTkhZlhkWimYygyPhVOWNxPehXYCtvxal5Kx1yiZGIlC4K366lK+nlS6MO83bux+S2/HtaKe67fBDIv8Mc0nH81A+5uzS2bTxy/jFxmLu7GcAk3zyJDqrU3be6CN2qujuUNvdUWm4hZ155RNzy3n4QfcbP5Vy8wEFKHhfS3LPo0hMqtNdTwCayGdCs3pHuiTUk1ZWvBVZTa+io5FeZ+NRVEs0J87dvzNZG5XgMByjtuFAHZRB+J9yq4SpDtyH5NR4Ul+jAcyBIP+c4XkAsxNn4Fn4eOJszTHoMHIkzzKZHQyorVkWJypsVaUGtRlbTX75RokscAaojo112YIRPm9x190JbwoEe6ZG4wu5FHu5F4j51+K2lkjPNUoeSilgI0bpycjffwfMceLMtYXONam6rzSnjWerK2X1A==]]></Encrypt>
</xml>


