2017-12-31 00:08:29 debug :
------------
String:
account-ticket<xml>
    <AppId><![CDATA[wx7f83e93205d2fd31]]></AppId>
    <Encrypt><![CDATA[nPTJr7x9OyGIaG/crU5vzDlRLX9dOqcUSIG5zvSs6poGmhKoPQ0c32mUalAZtjjtJE73n8b/eHnC+TCXcqbeo0/ost02t6F41TSm/8ryU5V0++cy2nOud/lMt5sG7Fp7p9It7CYKtPOenZ6Gt893sqmc4XTHa58DhSwLvSdRsRVc7NUFfXH2/X7dhfUesUVXTLcZOHZzdw+xRqoSkY547Oag5glbYpuw9iUUGZTUfO2uZoEUrXy6TN8FEupCm5EUtbSvlplXgvCYmhPXWsw/MuioVtEKUe9wf5is7Zp927EYvjusE+L21FCy9Gq9pISZkN2d0yTgcbd/708uO3p2kQTAJ76ltLmQrPLjNtMVQDbbxp9p+wPSTbsoeK12EaU8B/0uXwVrQnmsaARl5w5kmqDgIhswvJd9jldS40KeLvplNKJOF2xPeE5EjC/COfcF2+Sp1xs7bT7bkXi8T9osgQ==]]></Encrypt>
</xml>


2017-12-31 00:20:46 debug :
------------
String:
account-ticket<xml>
    <AppId><![CDATA[wx7f83e93205d2fd31]]></AppId>
    <Encrypt><![CDATA[MUCBk/OtC46aJ3UjkH65NYDBhOz10PFWeItQ230Nwr1YSVi+3cJRor++e7wdK2JJJvCCL+9sG42LKhwTjgl1syrxxDqfsEVET+pxlcvkFLU9PL5fSP7+HUNSqyDalf4eecnfXZFnx1i8/k1cjvahiOxxaSRwtMgoSyQe8Rm49llB7B26Ipkr56hZSgU1ngQ8DLpJQPqYfs5nq/9xJF+L/wE8Bw4wP/ylxBebVvKkWA58FTYqcDpTDoceo7hgK0xWYnxb0hvopKNTD3J+pViJsDXpa4J9eUPlXcmBaETTXYcI1JccPCrkmf0peNfR5WE9YbFJd1uUgATbQCfbNEE8udcfXHYQYIL60jLtplYKSLTXNjkX27s2S68q6oQzpyDu7SyjHq4+rIECw8zJqL+0vag2fmknndBuAxDnlFx8I6OIFSycMgSYU7IFbRedQbY762iHH0gMexZQ38TIeQOxEw==]]></Encrypt>
</xml>


2017-12-31 00:30:03 debug :
------------
String:
account-ticket<xml>
    <AppId><![CDATA[wx7f83e93205d2fd31]]></AppId>
    <Encrypt><![CDATA[NSNaOFwwcvxObNintD/GoBNy8Ch6UcaJcNSvIHJsYVrVxKLzYmR8Zd7KBzT7RHYQQdHhgh4kOIanP/8PI6bHWjNfuGnm+GKkpU9LvBlR4/CgQJa23LP0BT1GXcFiCQddUtNgNOQUO5o9Ch0J9XjIOWasQjIW4cTxGI+ZzNHubuitEfemSZB/ObxmiWs0Tt9J32le/nxyF7s2HAViDUJRbY7HCfP6FCxU4G8EQygaXk4Comgxxm/dahx36hwtMk/augnk8uQAQdgkQGVTFlUOW/wNN/FFGusfowKwx4eDrRx0pTZroNlhhaz9kpqvc+RzJZ/xaRjW8YvTelZzVB4paZHSDAqi1TXlTE61+Lpr5K+AlpPMvOJbzxnQnAzm5pyORYxetrqVDpda9OOC16cgOsxRKapZZyy0nGmQ4Mc9r9AuZLNKCnDmNahlhTfPQWM8YGk7VCofRAh8ub3b3mKwDg==]]></Encrypt>
</xml>


2017-12-31 00:40:08 debug :
------------
String:
account-ticket<xml>
    <AppId><![CDATA[wx7f83e93205d2fd31]]></AppId>
    <Encrypt><![CDATA[HjY7CFwgmXxfIhoiBPJqlAaaJywumjSLRLXFRgsMDGlSy4mZSn6bB3xTffr4r5WNSskwdFZe1AuU+GUm82yhEOJD/XZqhrUms9qTogrhJbQ21yiZy4UaSD+1FPDbL7MIMHPxagJzbhx4eNBKr1NMj/AFHgxk5NcZNtKm9vM0cFSXcqZisg062O2WWlupF8vsDBOnKRbJuO9ld24VhV60PfH0+Skaws4kkUyMPwnLRQmrvyEFHOAORMp+yIXuNEXiNoHJDArTBE8FFAgQG1Wrf8c486bHWcLxcPc6UifYf+N6tOBsq37fHQmZLFQ+gyg/R5Wc5VeFi6xz59Zm/yIXK0PrKWz1nZX+usisd2Y6qMuyIT4p+QaKPJt1myLGArhGgsmdXFnIIhteAsiQg9rv7MNR2uwGAtUv7WF7VHWSP0MloSKflS5qTkNvknxBHn0fOWp9U1L8hVnHS1UxrOgSLQ==]]></Encrypt>
</xml>


2017-12-31 00:50:42 debug :
------------
String:
account-ticket<xml>
    <AppId><![CDATA[wx7f83e93205d2fd31]]></AppId>
    <Encrypt><![CDATA[sLzIQglE5FLQdyPQKargZsl7vU9M3gPa1z5031SCp5FfP0ZgXideetJi96nI5dOqWikCOSuA2yxIu9GorJePGeW+pBElwMzujZxc1YU7Yt7QyR1T5e9yEW55Nbv8e0j2BaQuWCTTk9C+WmdLVaus1VJJBOZ3712G/QJ/9st9U+k1jA/WTEiCklPs70NknHFu1E3vCJFf5wbmkh3BPeK47e6DiQ0TY+RZTPJNBNCxbWOeSR7TxXSUy8rx0EV1BiPG3UGEpGnBFGCAzw+qcJAL4ApSbU7JCHivXsuXQIgpKespjSq1ptZXe9G00XnKIeTUrUoyUeCsU+9fEhT4hajFNbqjuGmXSyMvCWtJIeTCq05CyNQzTRXjETSl4BQ1DRYd8seTUUq9CMNHn9MeGTh6I5mwbpGwBJnoO7+nIW7UoVPE7G0IgAByrYHbuR5KyyNVzMo8gEcXzyHdixxjMG0wzQ==]]></Encrypt>
</xml>


2017-12-31 00:58:48 debug :
------------
String:
account-ticket<xml>
    <AppId><![CDATA[wx7f83e93205d2fd31]]></AppId>
    <Encrypt><![CDATA[NemuSUORJebTTuFUty4PVD/A84UCAsmcbqN+7OYQG9x/Fo6eAKnEe2y7HWmmhizruQYzwuMEQEd4b9iMSh8aImgA2NRfRQ9DjYShAGjd1hf6o2v0yeP4oolBJUzdGTBu93XmY7iR10UTpbUTljKMQVS80CkIWaud9QlIhqd9Ny0HJcohva4fRXirooLQMe2f5e/sE6uIkOMwj54exWGuwzVWBDV2y1LMwUzzhSB25eY6OqcdW/ckOskhlLmXoTpHQZdRgG4X2RtrcE0idRBYaYw90UXtlbUWHvFdiBtJvttt7XqnWrVwJo19aAk2pEDSEGVrdHkyJUUHZVpW6Ba0C8bQ0NmzBUVT35pojPdmgwGgZmCxJCzmz+GMDUHVF5aX1bZyDHQ69D+5x+SXKo1Q+oTh4rn5dRbsPdXH13YzwCXW328g2iSSp029iBm6J89aRbTeJktJF9YxYk1t5jbh4g==]]></Encrypt>
</xml>


2017-12-31 01:09:05 debug :
------------
String:
account-ticket<xml>
    <AppId><![CDATA[wx7f83e93205d2fd31]]></AppId>
    <Encrypt><![CDATA[6sWHNbqMeXyfnON+DxxVIYgDQ+aoIOB5SnfXmXVZ/R725D1Z+NZTs63eIHc8pqEpTMEDagNUlO2YprHLgAacnnh9MKChOHi3RYvmIc0j8eHaifSKZq6WMY3Mo78b3epViqxZ/xUjy5h/dJeqTC8fgCZrpcZeyncNmTYR9mYtKJkVcs2Tfhhlt93gvUbjxhoiWOofsjXpd9a/5mig2GF5D0BmTbWJz5uFhmUvu81TT6Tmkhj0GGthBJtX93cBQkX++9KB647MDpuEH85l6iW9GAH0C7zx5WweSsPB9HQiGqm6ZcpedO5yb27cXEIE1RT3EkDsbPHD/qudU76MjtXnkmzbl5FsWFmieKMFXPOJ5gJZQNWRelFUwKiKyZD9xml0WRkpcCf7dSidfE6phtU14zBwNuynpuxbp7kkuTuzdSB29gANQSf0K6doJi9vb86tDMuhHr/ZfFa3TcjzBk13iw==]]></Encrypt>
</xml>


2017-12-31 01:18:19 debug :
------------
String:
account-ticket<xml>
    <AppId><![CDATA[wx7f83e93205d2fd31]]></AppId>
    <Encrypt><![CDATA[OXmRtP0/ThJsgTJCE71U85UDLpX4/yxFK5PdMYukMVS2ma9VbxzuXtMp0XXMCelcmkhyDZ8SeaxL8BuGDuu+D3eK40D9NjF3BxgP5lIoI7vCeVJunIm6P6CHCXlhz7G1pekjigNY+DJH21t0MatseKozwItj9sUtcYqhmBP2rnhnJVo7Q9RuL3VKJFeuwnWHgkjLZe6quYuz2x6NochQxYGadbiyV1WAt9ugo4uUH7qhjOKK4mOkPpkpdjyBn0PktiBs052zM/m80oK0eToY3B2TsB0K5F0SEvMEo7TChI1676g3uGvGmCAhOxAzN6HyluA+73LvQN8j7OO0Z0ankmQ9rVlIN99L3qdp99GBkI+/oPTusZ7nxovIETiAdcdhpu6tZAyvuitC+mN8yg6wnz/lU7D7p2WjbeDSPiIt0XOlXyRSwqrDgDCEDbF/F2Jf5C+1OyK9VdA1O+CNX6NPsA==]]></Encrypt>
</xml>


2017-12-31 01:30:45 debug :
------------
String:
account-ticket<xml>
    <AppId><![CDATA[wx7f83e93205d2fd31]]></AppId>
    <Encrypt><![CDATA[0XzAxX23zdhuMY+oYJYYULuiPusduYLcc5wQKZu1x3BwSSndZKON7nD+tP5QouXHuOlbN9Xplhhdp7DCp6yb5BdP/gWjFj4EE8MSjjeu/tiuVutI/boEVJ/IXVC43difc6/sm55up9a59tWhV0LuDN8fx65GP8e7IlX7T3PbubIRPTteCntQFcff/iKrQ3jJ5JnZDp+h33zucolt0dq/1cioZc8/pPG1bTQ7aM71zcNwb0lvL3o+DK4gLmOWWJJEVZYn/w9a3gENM+KZVH8TePWZFt+3CVjkYNE8tSKCQo4c09DbMF4R75uE87hd88RAb1d9jLJ+nttVsu7SlVVtcxUM05G/88AXnFRDNm/EQSnm33YzRbetrUUVxxAWYtwJaygafOtOhse6EQallZbcj2hpUMZuVMPa0sTO6oYRn4ULtfeJJvVReqrtreGOYIG3iqw96grhY+BvbmCYdMGDyA==]]></Encrypt>
</xml>


2017-12-31 01:38:22 debug :
------------
String:
account-ticket<xml>
    <AppId><![CDATA[wx7f83e93205d2fd31]]></AppId>
    <Encrypt><![CDATA[UQRa9rPM3j6C9QfPjFlFgcUSosNLUN7meL69UmphBwwkuwRBZ1W1hwhmAt0hvN3hL3HJnewE/z4YJjUO63EmhldcU5DLoJmIcsr5yigE1zdPqAJ02OxSbWPcJsy29y7yhKnMx+dG+U0tOh0enMJAt3/Oev4QxoiqZ9hgTalXq9gpDwcnqUmf1PzQJhb7ksl5TN+VjgRusNnhPl+6Ec9LiW1g7mXomtvlEUNCeHbQPbFVaI9jjYv04J40TIhu4reAI+OROP1IyP3rFwhOmcqddw/Y3IoxjlPnuyDYAfROinNjZttsGD6ok8QnDFcNAhLeyEXMJKN795eRzmpS6N4Y2Cjy65nfLt8594LvzzHLLBRpfeK1claX1KIng7n8eeLx3bMOSVhBbre55jRqTfM+v8E0qUhs0Py7Ikkl3fmmerTcyc1GYY2R8zT4xLQXInD9hHICuRqL3fkcAHYGJsSHVg==]]></Encrypt>
</xml>


2017-12-31 01:50:47 debug :
------------
String:
account-ticket<xml>
    <AppId><![CDATA[wx7f83e93205d2fd31]]></AppId>
    <Encrypt><![CDATA[Y0JqIRq+p62wYDvJVXpedtlzH22+peM+E0fvaOAkcofN5zQ+c6u3PAwLGYV2GC9Q6/4Ci68oDEIYaJnYwn8uTTFt4DcPLH8Q0y4+Y2i5FztRUYIWJyYjukz//xtJmHFYj54BvX3WwVPtiC0iJmXmvQ06Mrhp/klhKEMIT8DmeXN+uNdhFGVdDSGJvEHUzOZnOib+WBkQndRYfdzvudQWTq/f1C5sjAf0m5/aBrx1Fc7jrAbbU77rs6t7ALSDIp7Xkh7UoWZMZkTZj0gK/bm+sc24WYM2SOl3t+qIKr+JnTRDLvl/zxBaR13R4Phbsi+x8f4Fy1RMasanvimsQVxl4/AYtt7trgktmCnBpm9lqM6PyBhKNbvktzU+zJqZiafYUKFxaS6KjqCTrcP5md2OykRb3YDhmvodS9xV1GwqpP652C0WXJ9LP5MrnI5pIyCV5ba7JyDr4l0Wgi1rKzpOiA==]]></Encrypt>
</xml>


2017-12-31 01:58:25 debug :
------------
String:
account-ticket<xml>
    <AppId><![CDATA[wx7f83e93205d2fd31]]></AppId>
    <Encrypt><![CDATA[6573RqWk2WGjNFCCD0gjEyjvGn5I0OJptjKYRY7JaJsZ605OXueGvzNJ4N47mVmOfntT31y69w+LFUw7YYjOeuU2lSvAzLRwJ2q63QB3bfD+j8bjWQ7FcTvOPgq5DDQ+tyIRD2PbfxJhweW+nk0qh7nl0G4knquMdORJqMQQln/oBuNxVHujeAcyOJJpJg5UpUbdjQIiq6QLnX32vuSJQtbVpp9GnR0U5qBAQmVmECDozkW7ATWNtV2TWM/LBYPnPShX/U+Pk+vbt2sjJCcpDbt7ChX7pVgpf+CECj+S2yhQtSXwdWfM7HDLj3zaTf/IuYmFmTP4hWa2VzhgIOAZF75Rd+T/IGdcfZTK0JSRZE32+FQChVZzxTvG7thSoA7nvKZ0nD2qdAiXs2osNLdD691na1u/aL69mDhY/qc33ZXchZmH6ITjsXyagIkH5LakTt0e5K9R9nQp0547ZknPRA==]]></Encrypt>
</xml>


2017-12-31 02:11:18 debug :
------------
String:
account-ticket<xml>
    <AppId><![CDATA[wx7f83e93205d2fd31]]></AppId>
    <Encrypt><![CDATA[Bu4p/kI8zuHOCTraD3lygF0pjCEvGpKCgYWph0VIFa+UM4wQExj7NzddWW6CdFv7E0JGz3kvuO6z+Psqrj5FNqGIeyk0RliKUvt1+Q5w0x7rlkaarm2+4lGyTorQVK/sjR0NqClzZVg+QVkkRchp8lcdpgFdNR3aQ7AFFmw5Knvdeu8h6LpMsvg5IWzmAz0qBg7QQ3g29+3fh1Xt6eROiwl70GhSGYfsp5hB/FZ4I8Hx3euUUvZnQGXDTnt+173Nt/6Wa3ZuEtgbPnA4owcPy95JGozk7bYplLNHtc0JQQ9g6SUPM2A8WNY8+mp9h4JDjmn+S/0jD6bew419lJ4LZk0VxENrJO0hd2ASISZ/L1wsM9ilVoxIG8cg0AsJCpEWDJtvBiz2N+egRuAoZefhRdcadXbyLzq3Mm3cUeb2vtMJgrHc4Qh3vCg75Jgy006Ua4sinyct6rozxp//8r3yFw==]]></Encrypt>
</xml>


2017-12-31 02:20:07 debug :
------------
String:
account-ticket<xml>
    <AppId><![CDATA[wx7f83e93205d2fd31]]></AppId>
    <Encrypt><![CDATA[bgjbt5mN4mLzwdT/UCRcEDemrI1BawnDWxRbZE13H0PT8WdMQMPDWuA4Y4jicaJCsCiz/LUgJQtI9EA1nH7UPWx1tc4kBnKqS9Blx4yEDqIkfYWmSankbAd1Fp4yPSY+k6fqhsIFdHblQRc+laXWVXBslglo7oe3mOu4AsTq6xWOtMkwgGaCDLjK4EhQTqmPGeWYvd5f9BA8D1cKShyJ5q+Ohqy+Z0vtVho66jH3yX1LPOP/iddz5voQiwFp2r3NstTh83IIHI/clK/gyKmGwx6uTN7fLKI8uTDCghf/kU9v9bWEsK5y2i+3ly0jsyCAfbx7StgGXyGID1Vi7XYhva7i3HkgPYr+U3bL9OQjCq6QEHLD684iXMDYHmZIZG8U7369TpMcCNHsk12XvyIlYlako7Lar67DQWIlvEN6N2hlMb6vnnPBP8alYglXW2x6mZ0a+0FpkhNWI8nXsItWqw==]]></Encrypt>
</xml>


2017-12-31 02:30:09 debug :
------------
String:
account-ticket<xml>
    <AppId><![CDATA[wx7f83e93205d2fd31]]></AppId>
    <Encrypt><![CDATA[i7gzdxJ2q+BwExXoYgnv/lpXf7M7Ceyz6/7a0jNcYHdygW9nNFtYS9PKHihCTN4hNaEc5oflsVxjUy+66nazSFysQBpIKolHiFrfxF0JWkHH5fHEyvolrLmwRdiUBaGoXwoFTECOLujOpIPjqJkYh5nwxz0K5LYbhvCGqhQ0yiTGd8dK83TBIPAySFXzDavxZWKqUqLLZFnn0bHFrE0QMGS5FFRBuvNI5cB7+cSVMVFVmGojM8SuQD8whcZeDkOOsbtFjNOw7OIOB+GBTJ8O83Rs1dSY6MXBFh/aDLmF4IC/hWhw2xzx1m1ohHVJhh1YP9tfrLlbcbOdxMpxGaHLLjEFVZesOUrYB0OxdKH256M8sjwMFxKZvqrl9lwD87LVujr03G35qggePjOTtTjiU9lZnvZltyqVG7D+ExRpsrbXQ2ZAlS0qtwDknwNlIIKliR3OKjR6gg/FMPxmyoDoQQ==]]></Encrypt>
</xml>


2017-12-31 02:40:04 debug :
------------
String:
account-ticket<xml>
    <AppId><![CDATA[wx7f83e93205d2fd31]]></AppId>
    <Encrypt><![CDATA[o9CgG701DI41sGu9AtnAuFOfB2gE+sKFgjZoX5UyoNUDdvdDdphGHqjInOQEANA5TScv1AWGXHGN6sFET0afsZcZa2fjHnqx7uj2XnLds6IuOkkhFgLVXUn5DaAd10UnWMWdPtVP5f0GHA0ch7VP6F2/B7uY1hRiOZ0H9Oy56vuy6T+wrDG8qRcsA3JoSSd8pZNqiiZlID/fCSuE4zc0YOytZXW8sgPKVpcEi8W8xPIJFFIcVN2WLvF26QohJH6k8WkTklt6C5rc+k3z7iUWBMssCkKs9CeRG+Yf4Zq0lEc6HgWE3YUWuJNOj+1lG2/avAhGWgpzX9aJFjOoJInUXAAg+HmvPvR1Y6ijek76r1B4T5h/C/mkG+jgi/t0ANxGO4T+E4m9vfpDM7UkWoyOrM3xkLUQuVRGz8T2QLsmCt88/Ckb3oOE8hAO6EA6BlIgeTc/w5CRqww7u/OviQRMhQ==]]></Encrypt>
</xml>


2017-12-31 02:48:10 debug :
------------
String:
account-ticket<xml>
    <AppId><![CDATA[wx7f83e93205d2fd31]]></AppId>
    <Encrypt><![CDATA[8x8PmFZLDwhXdRfSVBU1+6ZlmmQjp48yL94Hn9GxLu6GAyjVEA8JClX4sKKyN5qUuKuPKEIHE1p/n91VRSyyi2waPQGVP0pC6qW3w24XkBPirC3SSldZnJf5/qX7UcPkZGgTnKt/Pa9Zm+tZmIy3u7EJyMEjwJ4nk7Mm5jzlUGmhcfj7bOYu1E7JPjgpkOLZzOax8laTBkt1Xsj5JADTipaVYjsZ435zFaCnBDi0f5jgAomAuAAa3gUs9MAgWdnaM775OYH3Uh58uLwEXJhH5NnEVv+Kl4x3duM4g4OFDmR9WmD8PnwWJQ9lwmz7FtXK1qrI1Xa8L2tPYOYeyYnnxt2VeWxVG3l4a9aIkXubEN087j4Uh4PvqASOCiS8fN1EMtiBC5mwqnWro6pb7mo53lGxZn8KHXXs7kagBnQcYcnDhmax2I5eLJkdBLJAeuFlUscnto6FA4Hb8JvKvCMuIA==]]></Encrypt>
</xml>


2017-12-31 02:58:20 debug :
------------
String:
account-ticket<xml>
    <AppId><![CDATA[wx7f83e93205d2fd31]]></AppId>
    <Encrypt><![CDATA[kGj4adeYCc1fx85lyR3eGyGXV5FerefgslGev+F6yW9yZD3aPQVxA1AsvxOqZGTv6qH+esvnpiXFE+JShBWswmTnQxMOZVrzkEYuTRg2LUzhWlY+onA30WKSvmFMPNAnRvpsIaIIn+Nr5nL+X1wrGvT0TH0v7EFnzphMwx0IysYulwlGQf7EbCPAVrxktSpXOn9Js2HBIB6B072hn6XZkc7g2B+ODPv1lKvs/L3R/SoKHpbROPuvLn0Q9PG51NPyfqqUoD2JeLHzAnHKCAJDTiFz+eDFeFmLdNar0SVWeIQJP+w7wD4y9Pg+g3IOdOAR4P3ydXfakX7jmfGbPrnZG0jyPUY5ooPg0DhBM5EHybdxOm9BgMBsvk4aOhZPdPrxEAWf+vZgj+x0w7+EOkvRsCfaasEYgNd2qS8uFHoPaPl3Joc+Ah7B3fJ2VSHpgXFriu6+djCfAPSD6SXeTNqE7g==]]></Encrypt>
</xml>


2017-12-31 03:08:34 debug :
------------
String:
account-ticket<xml>
    <AppId><![CDATA[wx7f83e93205d2fd31]]></AppId>
    <Encrypt><![CDATA[uGArzALxrQ4Cxuamz1hms72fdn00FykkbxcZxBOk+vK8xtRfXA95bNPoW1iNwKAi8wG3n7DRmJzK+HNrGj2RqqXZWyrCQkQoHJ75GGOVBl7t3GLgSrd01NGJVwOU6c1gwsEFogZo0SzzdBPBtDnnuZKww6oDS+d58zy7BPDjDGXSHKIcTcDTv1/zw7ulkFMw97dRyDZV/0jPa63z4Osc8OgpDsBsKRMdoUag3MI8tb9eG/0Iy0fpV8iS0SLOQJ2eB4XPiGgFq+OCPA+z6I3T5t3cuTToPVYpSr20ovcGCHZF4qmfXrWl8T3jvJ8u4pgzzR5LTmJpsUHLjRyMIOm2V+RR/OgaPU7Zl9YLVyY3AGhUcu25ripSRPSXjPRUi7A1g6xoFL9U0mlPQgMrFVMhJ0fIbDotYS7VZbHczw5CH63aY04hSKGppEdHrbaAdjz0jW6XoHE8IQ32AqULfoPZdQ==]]></Encrypt>
</xml>


2017-12-31 03:18:13 debug :
------------
String:
account-ticket<xml>
    <AppId><![CDATA[wx7f83e93205d2fd31]]></AppId>
    <Encrypt><![CDATA[D/hrVrIixulOoQ/qGPXOnxPI2ZB4Wp5eJoRIMgYUGOd50CvKAHHq9yUBvHLBgD38RiSfAFtxbSFLU/aDN+RqXQnsED8bMxCfvHxsGi1kqIPTCqj7M0tR8EMpQ6Zff0s0i/KEp9RRf98VYVbsViih/Ny9yKntJV7SXOtevrgftcyIDy2An/G4H/dLvee9cMSZQnRVrxqQTbh4Obiio6QGlheVeDavdtNOTaRGRAinBNJnQpLF6j0xDqAJ2cxdWrIc+5USJqpaElz9T2R5q9Pm3Yzn0/d2r54Fv8vL5o8A5jEDWXp5cZKfYcsB2Orz3Cpa3G8DvcOFZ84p9vJ4cMXAMdClzjrvM+ERbQk+EcngwfZuzqb4K372o0gGbtdoFcD4nrCxD+8zkTAYSgtLHGpwY+sKb0BIJY8QtR/A/9kkvEzcKN05xsJdyLX1p+wqfrFxDH2zSSSyiy/Z627ob/kJ3g==]]></Encrypt>
</xml>


2017-12-31 03:29:57 debug :
------------
String:
account-ticket<xml>
    <AppId><![CDATA[wx7f83e93205d2fd31]]></AppId>
    <Encrypt><![CDATA[1/F+9LrcJxhaHYdw5eFhRVu/K6qScwvBcJVgae+BiCSNTV83+HJq7xnmPrqjOt8bMq2s+wPPB09042HKZeRhbjtbYz+7G3xxKegtZDW6sQp53VBme2eOBgIALqdRArb3k4q4n5pxbnzd31v+bxN8qab0sBebG9f07WHOuRe7gtOEUTEnRDKppYYdKAo7e4kjmdTZ8y/jWGyOOB9z8XCNLvE08hjEyJY6n3JeGLO3X8YdpYbwVhh2akBFOOgnXyfstjWmeKyKECUB0c8CV2Kk5Z7bI7EJZXBLEBpK/H9ZZmrRPZh8bDwoOVqj8wr+TL8BmhsZGfBHKxOFpoVm/viW3uKmDqtkiVCNJJm4Q0blnl1CD5KRQCXN62s7+FzABfgjAY3D7MffSg2OWZtDIuNoxtog7/1iYfCEy9L8D6ntoXCDG5vYEMOAqOhVkXMQtnN6F9tmb1eGTzkzCoJO8nBDMA==]]></Encrypt>
</xml>


2017-12-31 03:39:58 debug :
------------
String:
account-ticket<xml>
    <AppId><![CDATA[wx7f83e93205d2fd31]]></AppId>
    <Encrypt><![CDATA[UCAS/7rlh9/YcbyZQiz2u77wd5DoIMcokkMyOgP/GGfZ+fvWpoAVxGpDKfjPuwsD7TpXEV/If+MuPwo3cDre1zABQ7xSM2PX23kJmQez5lPy0uCx599rvojQzgn5DcLJQ5Zy2MHGEs0SZmovG3mCcl/+F61DxOsXq/9EqmN9ler2S5525uSIgfi7HrGAUTbJYmgEeCUHkFYzv2zn5YPVHrrsr43VIKmlz8os8tj4RiJZ0tOWmvUB0wg+xohltJs9BtUW4g+PV+3yVi1IamH6PTBxwOzEYEs9QID7xTCCs/ffLHSLgpN3wQ/NpKpeMctqIaXvZ8e1tTotSosKMaGnWqpGlbqrSM7crfeM8VKIM5+sWzbf9RoEkQ3CkS0mEaBY6rWLwwmcYO7iPMTgHzHUhg5oZcS0oXbzUgltVJzkCT+Wyh6LhV3IYONz4/Cycz3M/7giqKc7c06ujdaw1rhZlw==]]></Encrypt>
</xml>


2017-12-31 03:49:59 debug :
------------
String:
account-ticket<xml>
    <AppId><![CDATA[wx7f83e93205d2fd31]]></AppId>
    <Encrypt><![CDATA[UVe9Ao3ENEOqPU7nx8WWsfNe5uaMR0hrZYMaqtCDCxx4CDoIJ2oFiO1MFF6w7JjdB8NsH0KRJjdgXn7/fATeUqIEE4MBFKYHA52RZfCRM33Xs9Y1ADUQ73mzPyL+cjxrHHKOewcFHf+V2Vmb1JRTceEiuqJ/OYex7fQbDWd0SOB2naeO0iuxiVDfypzWE0/C0wUTJFY4Ite3vPovAvT8xjGNB5iBbrTYnubbng7kIh7FEJ8YjAvXXNJMpdV1QJCiHvSg3rLdwmv5N2Mo4oTRLCjG5+bUCGQwqYxfmCUwpLrDAYwp9z4qmplzwgJ8sKMCOUAVoKz69JMVb7h+OzgivwNJ3xCQ9MaFij6ZIaVixMO9684pXi6LLnwWr2VG5ri1FAdw2WniSAM/GXSFz3ppHgaezBLLGy+L8DUH5j4N4ugRXrhMLcAPyhlZQYRqwSKKzF8KBLV1Fk4QTMeNUzBzMA==]]></Encrypt>
</xml>


2017-12-31 04:00:00 debug :
------------
String:
account-ticket<xml>
    <AppId><![CDATA[wx7f83e93205d2fd31]]></AppId>
    <Encrypt><![CDATA[NIxYP9E759lL+O+CBCytMtzBgo4J/UOFcw8N7IjjqL01VqqULDZoelCiE6kOX7aOmyisaZImNwUEQ05KiJK7f1hY2xq+WI8+r1TOPb2jLkzOAhjKAgvWD4J19MRdc5zNbn7vi44ZiNh896V6FFj1kLV7XvJuoDTet0RJ0uKnB5QiDgZfDCB7MTWBf0AIGK8lxWVDwiAjGnJ+mvDtBoNSb8WMOjfrDesbxySyH5iM4kZZvnfxN0CYOTprlMolDVhZhjBhI+j/WSSVvpu7cpK4mUvUzzMCJXlvbOYuwaQig9E4LKAxLD5DaV0DS+Xw8xndxkQl61cKDjA+48mCWoQJFvfDfUuomdP+hOO8Ue4Uv+OqwZPoM5KLJ4yDs6VfmrX3ZbDtWOPv3sk8rjJ/N0/MmCbCMbCIbK1d7c2dsEchxHO7ZVOHy2BR3s+vj+BH+ElztVv092lEfDPYgFS285KO0Q==]]></Encrypt>
</xml>


2017-12-31 04:10:15 debug :
------------
String:
account-ticket<xml>
    <AppId><![CDATA[wx7f83e93205d2fd31]]></AppId>
    <Encrypt><![CDATA[KXpH117pCYr074dniT2s1/+1hUJsylD6rYulOnl7N/oWgN/F8ct9wjaOrdHtoPO6NZ1HEG+CobdWmz2Rlx63KOdRMBrIG1DEcTieRAsMbV8Bxa2pQlcxg1av+KPocBVg2X6gnrHWW0djsq89rzggtxUF4GFQchFkB0ZtbZ6tto8TZfFC9QfdwNiAd9z3E3E8g/QBagyt8/78Go6RsSRT6G4wGB9xYNdlyjZHDocqbDEYn+wQRsikcJXcz5Sd+FcRknfv4YX3ljDUGAQQJpi4fqS/XS831h5yTZfi6bkVZ4oQ2rGf7jX47pobCtxJVv79j/yz8XghlcUG0Bz7iqz3yzH1SyTXavegMd16lonGHVjG8+iVOIO3Iz1lX8y1rWYOoljR4el8p7Lu7XwaNLQqTCERL0Q4FcyPLzmGl9YtZSOgxNcojNiI8dT6JB29ruNcyJq91OvsHwKms8kDGKWIkw==]]></Encrypt>
</xml>


2017-12-31 04:19:59 debug :
------------
String:
account-ticket<xml>
    <AppId><![CDATA[wx7f83e93205d2fd31]]></AppId>
    <Encrypt><![CDATA[m9VJinv+5fjj/YPH5usZ16rOhy6+xFErpNzArdD5aR51izarCJvwbICUhnQmHK0PpqZlUIeb6r7roMXC2Art5fzWvhMgh1mOrwwApE7oN6Sn86Z3QT2z/fvTRNhALrV9XIHfUcWziW3+dMLAUm/TokniAxqSg7oa5EmqVr9Iux73w9jH1TpiE/wkYaOA3QCZ4TYP8W5oq6S86FvP3Q+EsupKjK21ocybFW3KEAoIPbpiLNZ1SPI/KhqQo2JWklwksbr9bovHKewP4BB1tLBpMfd97iNfCMM+ynCWkzZMAMnnGvJLA5xv12nKhu+ePjLmVL7c7PwK5Cgmw6XkRpREQKkdQVVsWIDnEdh5Pph/fPdKK9xC5V6KFngpgCmFnHD8Pa41OfB88gRG4xn4Q668NfhLAXyS06emfSI1HvB9Spg1fRMpUj8aqOCG1lSVoSa6ZyEgsFcbe830/RBFCzdpPQ==]]></Encrypt>
</xml>


2017-12-31 04:29:58 debug :
------------
String:
account-ticket<xml>
    <AppId><![CDATA[wx7f83e93205d2fd31]]></AppId>
    <Encrypt><![CDATA[hi+Hqulr3vI71qB7eKW4phkFsvJWpuy5wSmgm9NSLrfBp3eO+x2gDbUU8RnIozHPovyqukXOeG+52kON5NDs+2GRS3ylhi/iFeOAbmuYPJkuH7jk4NeC6VYUyzP66lZ1sJkYHfkEzVjZdUZrZLrPFxDA2MxLlm5wBTzlzl1hKnX9uB1P544RzQ3xCDifU4fiIxZuWUEsqjgYlWo4Hk3ozgoPOKeaeFO5BPF3RX7UNSa45Vswe0EUHG2KDa7HdVVe6revyoIXtI9Xy1f3yGeBvaCqJhGe5WHuJygV0GgM8Jmug/lFd18wm88JdtrQ6wGdvBGiwn8GYCes0H12uBiSAJ8kNwp0Slny4T8o5xGg0fQW+W+wV4Zzkxrse1OhQ/3h0ZXtyx9m8r5eiD8yJfKc4lAIPFvoq8o7jIpL+RzTiUCz768vjg8j2o/UBdWU6dZ11kMOiJhlw6XCqWxEEKDMWQ==]]></Encrypt>
</xml>


2017-12-31 04:40:08 debug :
------------
String:
account-ticket<xml>
    <AppId><![CDATA[wx7f83e93205d2fd31]]></AppId>
    <Encrypt><![CDATA[k5pzHtw4t5IU77CKGcv/MZag7KyHUK5IIBoYpvU7uRcmk5h8bAQdwOkwfnZpw3yBCb7jvI1lkJLzSKL3pkVYjEK0+U89VrzZWUUetLHJfW3XIxMewjg914ogoNNZAR7Q2riE/dUORK3xDaMqEFvm+0CMggBqUP3tsNhSYcy8gVUX8ykULL0a9WhipvpS8vpkchzwA8Y3PVbRh9r0vxkbdSQwG6xyvedfPbpM0gUwMNTLkucLwHBOWckSP3iXCM5UR/GuFViH/9dT+W7hRRMgbzruMEqAD4HcDzMDTGVKFDiT+KAiU8qv/JYrfmgItcviShzvHpR4qc58J7PDvumPgFpHdzsH2yU+7jXHWNDMjSQUVJYWmBZBcP+xNQa+PZNviPM8EMfvo7NyW8DT5/60o+sL+PC/E55fpeFoy0r00syHLC9GLSshm6QXFd+DTrLIEIwp8UOsj4Iw0l9foedExQ==]]></Encrypt>
</xml>


2017-12-31 04:50:06 debug :
------------
String:
account-ticket<xml>
    <AppId><![CDATA[wx7f83e93205d2fd31]]></AppId>
    <Encrypt><![CDATA[NRM88/cYAqCXVeOugqh3IPKs/lFCeSa9sfULXeJkQGhDP/kMwQQ1ATvR1rO1zo95QRWpwhpdxXHi9th5LxQid7NFNPnSn+NnLcaSL/YKR6bY2A/sc+K4GY7Ep4DFDZ69xU35ZiMXtyHjSgoHNR/rGwUs+vwkRykyhDlcLZeaObiH+xSF7+zj7vp2sPB2GBmSOk3VoXB/skFDRALk1/WhAsmIwIoKynpT+OWhr6jLxa9Ef016vVhHTM91I2yKnmUNduoxpcNpEzBAjAuXHwCt4Qb9bxeUX+ozv7ga7bKT4nb4r36I58nRr2IqVCz8/dD9o6sxbCT8goFOjaF5IqGG1vJZEENWOK9lB7SvObfSBUm2SHA+YVvp4Mdi73JPMS28qXJVZDqplu/1pJvO3Jjvmu8TZYGjt6SovilI4CfRXOnaLeGoAriygGKu63K/bXKr/uVkaD62/lPf6CnbwpZfUw==]]></Encrypt>
</xml>


2017-12-31 05:00:07 debug :
------------
String:
account-ticket<xml>
    <AppId><![CDATA[wx7f83e93205d2fd31]]></AppId>
    <Encrypt><![CDATA[+vchZ0hvML0fgpl5xdS5VH9qWoV5PbUZBeOLx+vHx1affeHjEI0ePYW2o/njiiISk8z1SdNoAW//G1ns+qqru7lY+PEdCGabIAo9I3L04CNEmezqhE4ptf8Furu4hULDRCN9+QylKUnOE8JCTI1hnBlpbnStA/05HXSP0Pls3NHH1ehTxhGlw/oJWqSV7rrWHXLE+azFGwA7nYXZiM8RdpY5K9rKd7HWKga4CPDmdpb+7UZMN9aRXYlfkW3m6UftgH4i/0naMoHcLrQlYpyH1Og6q7fcllAolhuR9Jl9CGVE9ivr/PQ6e+12MJiNiXqTSqicXHP/Z3DgE1edixcCaHu1gs1G51dtBZGdHBGUAZQZgXkAqtN/FqU6LO5/YvXpFKFVb3skLzlEwUM8yJZzEJ6xV81oz9PVzpnDA8N+3UWW2obkIqE/J2QT7wSWDHnQ/euATs9GSbyYUvylaE6rIA==]]></Encrypt>
</xml>


2017-12-31 05:10:14 debug :
------------
String:
account-ticket<xml>
    <AppId><![CDATA[wx7f83e93205d2fd31]]></AppId>
    <Encrypt><![CDATA[o8G4ZK3i/OH5o0srNP/UQNmL3zwKndqFPljhFDCCyH09xR7ma1ljC5iTfO58BOtLV0y950Xe5yAbaUPUsdOkFrDd1QrA4FVdFU9g/628okxXHOqFvNyZAONfifhGg3eqlYoBUInr802UgZi/O7boAU48AZoK1I7U/veNb3jFPywuFdAIUBrmcwv8+2+18z9Q43+3SNYlhyN03BpXV1VNOP0DR1rRDGPqopm6h6ZVWkwAGFXbKtH9/t1OmeShwe2sKhie+1lxNTogIPgMrvjEsmG23w2aIzI4qJ607FjW8UCiSODiJeNnM6mdzl29HKGEzADPzeo+udFNfXWgxcj/xo4SCAY/2DH8ZrecADxeQUWI0wwiJAhq7iJ/jDhgHRG5dqmSp+4IDltSWnVHDBszCVwiS7is9MBPBqwvQjMF9vvl4YkSuD6X/qsGj9q8RB1DDLWY1BsEbKnQIv61jY7l8A==]]></Encrypt>
</xml>


2017-12-31 05:19:59 debug :
------------
String:
account-ticket<xml>
    <AppId><![CDATA[wx7f83e93205d2fd31]]></AppId>
    <Encrypt><![CDATA[ErbzV6TmrFTlCd6egIyQ2T0iQ8CYGIWKMGDmokeAHBFqkY1FpVKg3/boNMSKHZPTVNbO3dB7yGwqlw/yJ2B6xdiame9tDg8FlYWpxsW+46DRQBwxdH9ZW7524f2mo5GInJtjGoUTtWez+FLsIVTcvyilW2V4JbKHosXOVbZUU/QhAHusL3Uenoyq7vBrqH9WnjYqdxIGm9EjbW9IImtX/Kx0jzIzES7GCJT+V6QP8E468WTjZ4gm1ucOuxLvKSfbjPVP28yy67ulzHxKBOxh9rYdeO2D4Vm87Cl+WBGp1IKP0piAYuDwuSZyjI939ckSME43fqEhAdZAMY/Sgerh+mSvB5aIQQAYEjkuwck+jxm4zEMRibTO2Nn1jeodifaNehxQZ4ivdnZSaias7VTBEI6OTSaIcjL1GsoPE51Be8UY4hF8ADLeZvuIjeSfPvDKRdPeIYAxO1jde8Orb+5q1w==]]></Encrypt>
</xml>


2017-12-31 05:30:00 debug :
------------
String:
account-ticket<xml>
    <AppId><![CDATA[wx7f83e93205d2fd31]]></AppId>
    <Encrypt><![CDATA[J34diQR8/dJyjo7wi6C+pDdul2gvsG2zT/f0J+1uCs8ystwASpis5Dt/zyo5ZoaJ6BqQaGtlnzxtNJJx974LAmJBSBHv0ULuPdnsF7l5IbPthAH5FZdPbWEunOohoVWCJIYkAIB6ODhApQfOgzLM1ZrJnfNjjZe9AU2c4AdgKRd+cTQYqaJMNKxgSgngfR+eXQ2kenXcu3stkNz6kDQyZNwvB1gTQLYn0ASj8UOIDSF2Ef9J3KNYm//8i7bnp+dKs1oQByedek38psIN7Ew8Il1sGj4HdLypautksrh6UE25/GOUu+OEzOpIAzBiiYuU8xZQXZgE/cNw/sK81ZPv/iFH9wi/7iz02rFvhVVR0T6w56QqJg/nm1a0G8cn5aMvx6Z4Yu4VoDuDHvzaaCkZSu+uIAr+HXjCT1iUlGi7h77JTvMV99NcXI3PLxwEajjOLcrjdgJKuZ8Omw6P3ftCTg==]]></Encrypt>
</xml>


2017-12-31 05:40:00 debug :
------------
String:
account-ticket<xml>
    <AppId><![CDATA[wx7f83e93205d2fd31]]></AppId>
    <Encrypt><![CDATA[O6B9Ii2uapp6iE0IAEWbemu89kvee4FTR8AlNb3Sdnb33L00oZ8LB4daQDuP9zDqhmFFlrXQYWRQobR6Cp7vRRUjTmhWKXG2N5hZNX/jZMVZzCCh+PJYfCw52g2EMuHZruswQ3I4usTzEzJJ6PxCvmQ8sNMpi4Ac4hTlTnkORM4S/EKKxNVUszZ+yni2h5cKoc3xV43LDjfEaa7yKq9rLr8HRrJKmNEvA0K+t7Lbw5UvAnyb+NjZO+a8iz3ck86vU/RGfHHG5h8OddsupmqW2mYz/y/pAHKajp6LZ8vehaItt2PK5ZukD78BOm/+LQXMgn8Sz6+v97dLioAJKpi3yu24SHsuYQGsrs07sbJNXP0Y4tPslQP2dXO5DBoMY9wQabhY7mF/Pw03bMNOlyj5ddql+Viqvp+X/4EwwHQBrhiWPMug19/dAfWNMGT64jlAKAfqHt1n9TCX1zpudGlk4A==]]></Encrypt>
</xml>


2017-12-31 05:49:58 debug :
------------
String:
account-ticket<xml>
    <AppId><![CDATA[wx7f83e93205d2fd31]]></AppId>
    <Encrypt><![CDATA[/9uT3VTG+wKUBYZNnQRIPQg15RovQ3/y6pz4Svdw2lCGc5Mkhtn6mRhQKw+BraFaFFdkc8i46QAq7Ajl8cYxTflL1EMqO1mRZu/2JylUie1hW3z1/8u/80IYvxQO0TN6mhx3KBQNUkLX8PSbn8P4qmu9HiVDo+ImtvyElGv+clelpB71KaTIKRhrH/KCXsQQqdgec8p43dW2WpnkUrARtyrOZmRYOY8Pija5RUq8JwkzzwWw1lwawxhKxg/5HirX4AcyogrgsuhDC9iwdoM3fJdW7smYLrCubGBPrWwcSHWmuKIdXbHCHzSPs7drrNZR1MSiMAIel27eKfgsAiVGbpPEoZUVWSDK/0XTJ58gCTqxm7splO4A6b6wo4jNb9fqB9x8Yiy1c3FRbCqojLyEj4OPxSyeM+TKWIDWNaHYu8Sz2HokVcHbPSIBFVU8fgE0w3D9gQ4A6w56S9ns88XYdg==]]></Encrypt>
</xml>


2017-12-31 05:59:54 debug :
------------
String:
account-ticket<xml>
    <AppId><![CDATA[wx7f83e93205d2fd31]]></AppId>
    <Encrypt><![CDATA[8HMWISrbO9fbFawe93ClhkVwlkTk3RG47W9RsT2xV89Cq0bk0g+bNP+JzV9QejPh4Ce1do/la52cjUK8x+hiDfhpRFqGvUWC1uMWiXUG+DP842r5xcdM3BKRE/q3VXTnvBBSrLyWfwyrYKA534md04uwpQDoQdbWBNHYOEagVfKSK7KuAnwq8jZWaaWkrtNspWF0235sqT7VJV3Dq9d6ltWRmfyk0pPWE7RSqPxJwCAAerRY9ONgJnk8pB4RUM0OCCpxNh2l6bVBPWSLxjZJh9QBDV09bE2lyynX0YySzIRxc/x4cUqB6Fu9+eJhCkX/MP0/SFz2w333eyjASJgQp4K+O/ZceX3L0knDHZZHWLz/Q97STY/jkEwqYpcOWHIfOJLVjvNPHFy6Th6tGJAUqUgw9rBGaZQssrHPkSFRZ34Y9tum/rbPSuLUy30/2XdvLkaIdsbI/YfBkwFgocs/FQ==]]></Encrypt>
</xml>


2017-12-31 06:10:10 debug :
------------
String:
account-ticket<xml>
    <AppId><![CDATA[wx7f83e93205d2fd31]]></AppId>
    <Encrypt><![CDATA[3YUuirH57LIHhXhS6wjS3BbtIwFuDzcwYIfhCP209Zl6flVxgqiaxZO+mK8wdLw37/j7Pso/ulRs2h+cZDceuZQLEyFhWWKyZeOieVVmuW2AtjkP2tw8YUnRlCwCVP7m3wRnK+EOEFMSYYzraTvL2HRaLUJkRNqshO0dc3BKlUCdEpYYo+49qxS22ZgHOgJ3tS9Yw+NTOKRuQEJmIYW2dOkbPSPLczA8+yJjMRl11J090DZqiPVSKZ6Mls6xQiRdoRLs0B8vkbFHUo1Ni8dACZbAajIhlafo5ZCtJrpGz+5/qgsHKLbDQwDiBLzyC9IYfR+xSszav6fDQLnOMSiZntkqTdL1AblDj8ai6pYkftt11t3cXoCImaOU4f+6Vx6IRswYOXvLHw0VSa7Mdv4H0oAw0TkzW7seJ9+RYI5Qu2rhxXe2Ix/nJXPi4IZtGjFZHfZeaLkZzgCnDNhrnwkzgQ==]]></Encrypt>
</xml>


2017-12-31 06:19:56 debug :
------------
String:
account-ticket<xml>
    <AppId><![CDATA[wx7f83e93205d2fd31]]></AppId>
    <Encrypt><![CDATA[k5FdNoybCeZ8ctx7m4sONruJXzVNQpSciyRkQCetc5i3vTwY5P+8p2x1eFi/gnGf83PsHSmUKWg0Gd1weuHI6LtxIEQAShRu9A/xSW+w1r1Cf1qfwiRpEjmgrfucotDLP3/BKe4exWR1gJpqpffKVF6a0HN/bV1X4oKFTu75qmLrRT97sK518clsVbf3Cy6/NH9qnpA+p+BcNWFYAtzBNgyykhyRpURKV0Fa9NTPIACcg12F5egEb40eRTpuGPJxKvj8Jjc3U+lwyeyLJDhQtkpQq8B/As8zoWX4/rwSDNNT237zJDz19YCgp9zyX1hbl+M4Aq3mULenQIEaAIuv4XxbfINw4QArOA3TFqTa+otG7YJabIUJWKP4JSN0rruXcRn5KREvUuGPAV+Ekk4r+sthnSyNqNfjl6TvtJCPFUubZKbPUwSstcKK7hSGouaZtdHgx6+tgl4957xRcGYvRw==]]></Encrypt>
</xml>


2017-12-31 06:29:56 debug :
------------
String:
account-ticket<xml>
    <AppId><![CDATA[wx7f83e93205d2fd31]]></AppId>
    <Encrypt><![CDATA[dwQBr8PG9F+UzFUzNMmkRDWke+7sf8rl8w4HTkNg2rF+TEkotbsFPqmrVmuq4XnuKiFeApfuJEuQ/UAyEUvzCd9UEzCIHyNr2vKZ4Ec0AbKIcjJ4jDkbjE8e7Cmu9+b0owGBJYYG0I4/SD/suWbmQEyUun7Z16cJE3mYoVCvsc3scTUo5QpiC7uucQKtu4jP8nJcahF7XiSX4RS2mn9ianY7+PM4NdAOf4tQf6N5q4TeXlMqlroCezksHqA5eBlOggJDLqf8CcqA7pIcvTpYrOeNckz/kiwjjNSp7wB8bZkOJ36c4OGwP4odSuv7gy4gXE8ht3yYcrPJ6KGFBkC6FFPWG24v1avIX3j7Ywiy4npvy0E/D9RYwtoVEAbWss0+MLc1MMQTnwnOkEiMOjGUFKgyNjVLdUFX83X2xxqiEchhuUuTDVtAFzYcLUmR0MeBubyZOQCAxDzGiup8FfEw2g==]]></Encrypt>
</xml>


2017-12-31 06:39:53 debug :
------------
String:
account-ticket<xml>
    <AppId><![CDATA[wx7f83e93205d2fd31]]></AppId>
    <Encrypt><![CDATA[aZcG9DHTm5hAsy6DUVEuD0Y9in7O5kbhMEOTtO0xlWlhrGiGckRKhdFUSTZymII5XFBQmB+lvNnNlo/hk68mTwYq8S1mkB+tn1S2I/V2URIMU43NG7ZuC8suDzjhJMsbPMvbNaxkE4E7+7QrbNpsrjs94/5tdb/3d1akhFsF0Ef7gt9e3m8b26s6ZyxMVZQLct+ErwcrTSPrU0loYMzvO+6rnWvQle9XER7dbrgwmPoZ1Z/FYd2k87lv1/oZGfzZj2HGj9QE+6yOmP/PcagWiwmsStkbTbbvR6/3a4IitkWEYx7emF0VgYBt4yvQzMNCq3BHAqGqpsXH7BP7JZ6b4lfu9KUqB20r7TtG5DNZWIL+LrgvWGM9JcHl+j6/Xkv8j9zIV9prco7zYXYbJnQFCUy93hqSU3WwD3eUpHeVP053X35gYGZHiMPGq1NSfd+RZVWwY2QQA5H7WNhPbbfRYQ==]]></Encrypt>
</xml>


2017-12-31 06:49:53 debug :
------------
String:
account-ticket<xml>
    <AppId><![CDATA[wx7f83e93205d2fd31]]></AppId>
    <Encrypt><![CDATA[ADUaRhfOI7mknSfhsrUVQFmpaFrHM1ja/9I0uFYDwD/21AgV118sa2j9mqxhNxZW8zLblgJgtmzwqoRdX9wNn7YICbC+gkZWPCU8OXvHiGxBUBrC0zVJezrzfAegqgKMRNYXgi2XC8IDVjTZzeaUDb0/8UcRnnFJyiizeLDH7v8r8KsmtZ5WHPoK7d5EIjpN143qElHb2VZACnM48omBfpd4SeszCEuHTO9i3AYYxTPOe1BZk5g1irQuViTGLnNVJccHHU+uYaO2dXLQl0w/n754LWhDzt9iwXYJNWmNnChsYBm6pafF+j6BLvA9uBSYBbllbLYxRV6P36WQqRBfAym+jJ59h+EzwhNbF9xA/G2DZYXyCwXewX0f7dneioCb4wb+jAqkYUZm7O8aiXbthGVf0W2QeOqa4CJpx2nrFI7WRfkuOC5ZEhsdMsSm9wnMp+jaxVPMkWZJ5tId64pJhg==]]></Encrypt>
</xml>


2017-12-31 07:00:00 debug :
------------
String:
account-ticket<xml>
    <AppId><![CDATA[wx7f83e93205d2fd31]]></AppId>
    <Encrypt><![CDATA[RT3if9ZPJHnKfG+5bVWxmahVIa7QC0bR5QzQaWHz0Nfo7UWAi85Pmq9LiXZleEIoJ+LT97qpjEF88JGETqr6TUZZXVX4twn2oeSngHcVmQ8gEON93u0Fppg9k9JE4J5rA7QZkBkDwGmcZVkw7vF1VktyBaJqsEmKZQeag+OXkv9xL8k3ThRlis1V8qZIk0HRkinwL3LODf+3pIuSEMlK7AYH6Afd2Ew+mVetxI5/HaaTvnGB/Kgiy7w2yfGoRBx/i1MBtWQ5hoq9ummC+QUC7uzYZV3GdeDAERKKQysp5j7TkYHmvbXtnfDImTK/+UGb3aGkgzMjQwWXwMOkxX7K4frEzubxW7y+dM9xlHNgGd0dz8KTWzOO2bWIt6PjcQUTS5gv2PE+wldKx0LhjEOVLyZorl6BSzAII7WROf05aAbWqpWUn87T80bMQcSJncZmtSJDirSeprTZatASjwrjQA==]]></Encrypt>
</xml>


2017-12-31 07:10:03 debug :
------------
String:
account-ticket<xml>
    <AppId><![CDATA[wx7f83e93205d2fd31]]></AppId>
    <Encrypt><![CDATA[qWcEHRb7kUVsB75xrl17UwpqdKNSQHshZHBUpzM5tjW6Z8TnMc4SCTDcHi4K38128FqP27vvTGmZnnRjMUizdLPyVyyKupUKlrDf40CNjsZBdIPWucGlnFlduQS9YB1LgTKiX+UA6RUvbedAwpO44zbFUqRVuYRID2rQxXZROW5/HTRbWYjEE5mKWkUPIaSDGO636CYuyENYPHTPAKD45On9wvrCJQBUUj6mmKTTFre3ZBHLDEReZ/p+HzUjUjIwDqVPXje9WbsNA76Jw20tqJlxMjpPdipceMD2On/XkGi/dV2IXFggbUx31IMKPtVvELEnuaQbcm8nwR/U/I9tmRaU0Ux65ZMs/jAGMUtCIhLxKnBecukTy+Xf2fUne7syGLlYeffuivQ9r97vKp2Voa6/HxXCnZVDGILhKMkOwUWl9heS3bUjca33sw95MtUjPf345DD/KFzk9GU1IIYFuw==]]></Encrypt>
</xml>


2017-12-31 07:19:58 debug :
------------
String:
account-ticket<xml>
    <AppId><![CDATA[wx7f83e93205d2fd31]]></AppId>
    <Encrypt><![CDATA[4rO/x7UqMBg2/gXhHX/AGW1sYVyBhmgNYJDXjoGbwaJX4Ww3ALTtc0RN0xKN1+TgBgAmOjDFQkCykF/HXmKj5keAf9Tm2HaQ2JxYSW9kQZ7jYJcAM0CHrg9I7vLmHKi5w+q5VMVpNxhc342vb8x2lfp+mqll0uzTD9+c0iH3UaDrnNQcfGAbSwDyhyEPT1yjmP2EGpukD1yRUr4cy4ZUdvRlzOmogT7jDZPXmAoKvTRggo4XyCcEUQnN5gHSxRmPiK5d4dF9dv/SuKH35G9oBtcZZ7LsYjs6SFoAE29BHG8+PhAe3ipbVT0yIZrSFt/OyeD5s9R5AWoVTX1VtiFsxRU1fJ6X22mfVZ8IwDYkwsxhL6DV/G4fqzY6+oj16yh0VJIjNRAfmMJWagtRR9RpZTYhAYr9V4a2JOg6wYbXu10pjJdWIzUtyBj9UopvGq8backURPuOF2MJM8Cw+VAjMg==]]></Encrypt>
</xml>


2017-12-31 07:30:00 debug :
------------
String:
account-ticket<xml>
    <AppId><![CDATA[wx7f83e93205d2fd31]]></AppId>
    <Encrypt><![CDATA[Pfj9z2kNJ8RClhTo/6YX8Gesfa7OPxKlStoJKfeUnzUZwFFoHPswrFU7mrkUWxdfOsItC58z58UgmLqwXU8lwuF2/cQLXz21VOU9DFtxvM0rYeNA0t1VgNJ18I2K047/Dya1SuW9Rb7iwmJFbS5kNBM6R3x36/NNJiQv0VVhsy6yNBjQkOq88TJHEAjJeCwnWBGfaQq0pzhBSFn1oo7t1Adr6ghZcMiEdZ8i/+n9eq7hkXaApwp9pyY/wKzsadp94VLg/a4TYJ2cOtytoho9yF3OECmARCI0AM1DTEI1cTk6Tizt1PpeFV5MqlmpaGCZ8+oRAiuQ6gX8eCE9UXzUOXYUu+zflI/7lHUzRdcYhRD29FgsGKTtQ9rQwwLrvU6inoykx5hGGaH40kmzggq5i9xHheSCrFa7WY9figr5wb9dTdRoqMKVhYuUh+nwbxuwI3iZxhNuWHrhkNXeqFTIug==]]></Encrypt>
</xml>


2017-12-31 07:40:09 debug :
------------
String:
account-ticket<xml>
    <AppId><![CDATA[wx7f83e93205d2fd31]]></AppId>
    <Encrypt><![CDATA[ZWJHRlnLRvmhRFfrixGMxFWtArPdnOP+1I7cexfBQd2qK+1BnV7M/4CtI2AYPDFkm+NVrq7Xpou1lR1/XTetwbB4SBBgaETYfY/QnscqxFvzz4NXxe1t9dD27RDsWSZGRh3O8ba9CDT+ZMg2ncA41YTgn8a1QWSv7SSILhQoTpFk9GpNF0T8qJcujqq+7yyzqrIJ9ER2tSsFUjYtQ/eoOje3nC3nKbZ712pPXNYQuZRkBHGRlMlRUIhOBn0QMODwnB9Em8za1XUzXqLo470WiovGC9BlealR7dyba28Tr8GFGcPCwojAyNKz1TDqtC35eKYfu8x6wCGWPWMsUUWL/UgTjfCSJUTpiMVfSSUBqtI8RcLg0XgadJIwtWviOvgkH+TSuPs9GpiG+QubHInmN0mSnMDOlfrJY7w2+hQ3ts4W310cYvilhnaebS81gfo11YDkUm5j8EB6Ur7ZRjioxA==]]></Encrypt>
</xml>


2017-12-31 07:50:07 debug :
------------
String:
account-ticket<xml>
    <AppId><![CDATA[wx7f83e93205d2fd31]]></AppId>
    <Encrypt><![CDATA[31hz6N6/CJxq1jbEnBgXiXU93kpmZ28kYPYOL9/mYymxTKb9ECjS0fza2EUznrvRJLpE0X9oBL55SliS1SOW2sa+o1yrJJg0EOnHmETGgtlNiH/tY5eDzwRzBSwm9Q00pRZhrsru6beSjkIzrxrP9cyjI+c7PauOx04xExWOQyRNxOD/9iMNhdJmnFNXxav0gu6U/0jAaHPSJSQw2Q2tP/10iIqdzarMgMO9RDdm9wtcz4JWtw5NsY5S1tsWqLvBCEMI1YZvf8VHScx7+UAF0wm4J/2sEiwy890FTqnv6VAPgJX0dYNUSAmmhNn7M3odXH3jnnD4Tpq1zSQNInlHc35My9cNrpnqmy+8xgdfEKtsKL/JsQk4mm+AUsjpUL5OgHa3aiWtv7kRa/xC+I7SNYo16kqJJpDjtypVScoBoSY9ZZpQCVD0x6HbWqNzx51TKwc7dX/QsgTmZuLh3WOl5g==]]></Encrypt>
</xml>


2017-12-31 08:00:10 debug :
------------
String:
account-ticket<xml>
    <AppId><![CDATA[wx7f83e93205d2fd31]]></AppId>
    <Encrypt><![CDATA[JDFLW2kr5t78Tfvbwou/Xo10l6eHjLREapHgp8ouWVFs9AwDDASdENS03eWmJtnoYS/gcE3JgvR7BeniLQdJa/Sq8baSC2gL6m1C/xb0GZSmbP13c55cYncbeMNz9QBDiKZJuGpq9ydO+oKtNayBCmy5jX8N77lYAmY/tDPVUDEGYBpNWcV+fDjxVSsyO4nKv4+C3QEY3hxJ7bi+uwHW/sf3/3PcZR7zEEiDIQam11OOcoEl0SwDqq2MQ4qCzPe1n2V2AGdASb4ydyXcs9clodVoQpxG+YTSlEq6u/C7yEMi9Yn7lE9/GSXrn46mBdrXIihVY+3BIYXCzCf9nTfQAc3eJbaC1UKUIgshC+75kWMc9S2oZTzJBhY/1RsMfLdLtMTqIWyfhuSsTZ77RyLLACXx6HwJuHLR8VE3f0hEuyNQkTcbtqFvKP52G5TD18RPRupALHT8Lub7ErfuFyQ4Qg==]]></Encrypt>
</xml>


2017-12-31 08:10:16 debug :
------------
String:
account-ticket<xml>
    <AppId><![CDATA[wx7f83e93205d2fd31]]></AppId>
    <Encrypt><![CDATA[J6xMvXBzEyHsJD3QPgPDtDIghr/1uKuokeRgze2LDkT3Oz4b2XxrND+AmnCdhPCde8hxGGSfwndxnzhpjKRB8Dx894TFczvPFWJjOxML2UYH0Me4eCQtnuTh28otE9k5kho5L+uBAXgaPLG/D30qLBS6Kw1fy4ZU+w+7Q8xKufwBXatLOmaKT3QJZ2MXCjXONlGenVsDh9/SHK8MHpmXFCMUn5+Sef73/akJ47WmMVcCbG15qIvQLGiA03bBc4idKWB3Ur9y3dH1miwwR7lcvbaFOn+yrDdv0GiMRowpONNvIzjHtHuaKYFsf+iDCiwpDVUJ9UtaRLZMHv9F/j0R15bQ0BVs9Aa7P4o0M6douVFBNefDcMxkVjZLXTtJAQn3cTg049xeTk8rCvY39vfqwvbuCNEVrp635yqisYHlqg+D+KkI+WhHaZuRrHRI0JRb4PBLqTWFWVaLazQxkdBRSg==]]></Encrypt>
</xml>


2017-12-31 08:20:16 debug :
------------
String:
account-ticket<xml>
    <AppId><![CDATA[wx7f83e93205d2fd31]]></AppId>
    <Encrypt><![CDATA[NHOGy0xZ9XmbuYhLrnFYO6EQC/ZeU3re23/k54ADt36YrNTjuFp+D3ekEcmIEEYt09MAecfRFtiDBr5oXoL4umqqUJVcOrRtAVGKuB4ngzN0z9mDNAt3Twf4IVw45jNEIpcwZzr6Og9Y5lV3UG9/a4OyqYFkRSetzL91Sc1b6Xv7vaU13EvaqX7SA8emfFKhydvxLbgaZkpyBJq+mpo2y3GuVfu96XEFRNcZ1ip1feUOzeo99qA2Xds0g/1wogInCpQTVt0j5GlL+Sy8L9CpVUcgQbQ1GUxT+ZrRZhThZsAPw8/EXaH1DcI+zDrL6d824qtNDPUvn8sxvP1g0vkGHO1zIHAtL0Gl7kUnNewbM92Ea/nQ1NSAOxqCptHInMkKrBj0WxlrYQxoV7T+dSRbTy3CFpGclT2EXk5vuaApM6StKga0NeJyRfHzAdHo0NuEsFlUTk22ca34PuhDk8emNw==]]></Encrypt>
</xml>


2017-12-31 08:30:18 debug :
------------
String:
account-ticket<xml>
    <AppId><![CDATA[wx7f83e93205d2fd31]]></AppId>
    <Encrypt><![CDATA[WtFeN3zilW+IvnQHyiFGidaeD2+A9vH3Ma1V1hD0ffjCgJFVYOU1upscZi1jASkpJxgliCt69ljebNml3/aEyFC3r39oNMWNH/1MPfJmdKvD9YAQJN0P3ZeeUelLQiSHlsAFjlOscXCiNsgLuMxMd5vrPm1S3d8Sm08FgjY/lSLxu0xkZug6DiudwFT+KW4p1lBBhRifQiEhLPqBJ6djGytQeX4iTF+6i0NdHrtS6IZvVhHVPpHPQUJs9SXIl6j+6t+lHh+hFtwHYYZs4sI8esUBjhFlwhThnc4OvXee8MfyF1FGxc/euKcP4pXEDHPxCM2aSyOUpj6z38ilkVRJcE/3PfLwZIBp790kweRLMtBmKv0EFGqUNQ+6iXJuqlOtH/te0XJa+MBYdHQVXWnD2NXTnlng/yFGunqo2tMtadxnCS/3NOTXDVnJeyFtjAyho+TBKHAzDkymaoP1+ERyRw==]]></Encrypt>
</xml>


2017-12-31 08:40:23 debug :
------------
String:
account-ticket<xml>
    <AppId><![CDATA[wx7f83e93205d2fd31]]></AppId>
    <Encrypt><![CDATA[kWy/C8/BEmy6N0dFnp5AODybGULVJujTW/MFpZIryB68jvik859NmPvm6heSN2Wdtx09T2FoMMq7tEn7DENkzDHEJUMcRme5BLmPh6AcgYUWkg1OXI8B+tX6tQS57Ud90KtMf2Bj1gNIIfijbz0RgETGW1+rN8lFSAd1CHKR7aZm4tvnmGJ5AsMDFKmGdKwPRxXsByfCtB6uoi4fBtQ2SIROHkt/TRvMft7TcsX6CdepjAsVzodZamWzL3bvg3FRAHVI/mErNRSQ1ehY0/Dga1Zl0ux0C+o//5Lj7tV3RXD0aWpBbG0Szp67oFz0dVx5r+/NPeZoMTXNFC84tmpilTImjZJH3O4of5QGdjIUuNe3c9G6gCj47tc4RrXXKO1/am/jM5TYCh5lSe5V2UbP+o9wv0N/agq+fIWOYasOXA9LyVbnXs8mlH08l3Wd58fXcrMSXyHDd1Oe4ji7jqtc7A==]]></Encrypt>
</xml>


2017-12-31 08:50:19 debug :
------------
String:
account-ticket<xml>
    <AppId><![CDATA[wx7f83e93205d2fd31]]></AppId>
    <Encrypt><![CDATA[UNxXgj9aog3sjg1j6Hs9BtERPzznRH9BIkcnD+bLOSS9mrs7jQ3xf7ku6aXqWemoo96LNLYw6+GHF6PgJtgYYpETtwDRqW50VKnZ9n9/J+xBiIbiJNL5lImnIvxNU22Q+WUaN5J1DbJIM0l50TCw2x+Z6jifor829hIvpPGSk1/REY2AxhNcLyAylIaFki/ZscZJYMw0BcAKYfUhWmlZC5y2Ls4mCW0w0foAYVFT62BCJFDPo0fMldiIaMfGWM259PYthSZ4JgZIi/L7fwYk8Z+CAMcQ4KbkJ6MFtqEtYgHS5+bS+1qo42or/jbxfo6tvJ8BMR59XwcwyHonzRj/pZO4x/QplxzMrTfk9LrZwaphQOxD7J+MoGHdNUtEc76buVtAbYcmJ3h+8ovVYmO3vuYIU+owyC8zyYCOEdt8u856n84RcDUOT7hNeEcO/Aknw9SUYM+3h0uYKucPrA3F2Q==]]></Encrypt>
</xml>


2017-12-31 09:00:25 debug :
------------
String:
account-ticket<xml>
    <AppId><![CDATA[wx7f83e93205d2fd31]]></AppId>
    <Encrypt><![CDATA[Rhk6uzGuec6IhG4BBiMr6CMQ0OFJ4uMelvsNyP+9AJnvnmTD3QhbAdi6sbm5JVjR5SlHymQAnWPo7oS2PnodKltyvxWDY1ES0o/twRWDqDX34A3AICGjFI/tT1wbMy5nZv2MRU1A6ETfUkVu/uRrc0DyHicYdoYMHhtM6oiKFTCFnX9FmtQ5Cx0QAIJtXYXB1Dp5aM5kTHuivxg8i/1uYlN3di/bThCiTY1TW5/ZEqR7oEHETFJyRn5esnGRj7/NEBLEdpE2wnXBsT1EsirT2x2j317/X+D4v7GfDgPPre8yu9YvYlAshF5pdkGVDeCjPPb96VAyJ6a66acsoVqvBJXMgqnKwApqzjVwnw8dZ8rYKufz+WFbc4TVaGD7FRFs496UxMu3BYIn6URb06YLDQq5VBSMM3g7786rL34X0qhxlNUwQcpbXB4jEeQQmhfpcH9akZJbas7Yn5hA4Y6JnA==]]></Encrypt>
</xml>


2017-12-31 09:10:46 debug :
------------
String:
account-ticket<xml>
    <AppId><![CDATA[wx7f83e93205d2fd31]]></AppId>
    <Encrypt><![CDATA[Bd+uqyKI9OvyEgicC6P9Ywqn9Rb1kONsQDe+nogyg7bUv2XysXy8+4WG8XFCMtzQbGl0FAPj9MlITYpcOSXaKrKfa+odKa295YLJ5BhLtCfn1rzvhTLcCkbMl82zkdfQqnFs60lutWMR0N3SDXVVTLO5DjYa657kuGNzrYecF/GY9NJN/K0FQ/Ggv9WiIWt7WFPOsILqGlhi5PP3H+gtkiBaboKmezYSHEda33Kt9Al5MoG+O97+1pNkUOa4Ctf9t3NwhiB1/ukGLNbSpKh4dS3fViQkMr88rkL7f7amjRgeayVx6LB3nD3JOH/c/QF67/yOv2cDFIKBxhHR2XKEKuPredrMKjy2sg/Bx3uJ/c+Z4dRTroucR+BYg8b5CnRdQtgUI8tBSE3xCbTbbA3YbMMvle81XXj32L7l/2SedYAP7XiXbBFOL03iozUDYkJo/1r31JtulZoT91FMo8g8+A==]]></Encrypt>
</xml>


2017-12-31 09:20:36 debug :
------------
String:
account-ticket<xml>
    <AppId><![CDATA[wx7f83e93205d2fd31]]></AppId>
    <Encrypt><![CDATA[k0yW1OI3dTyoW9gpVv3ViBK3TLjiE7p0vRK0hNrFFR9nK7xCLt9YxX82AKNpwmFcADyBOAEauwWbSIemYrbLezvghDPBsw8IVOin46VGnoBygmVT0K4G3t+yUfjVQ721nUB0jdkzL89AUSy6ba7q5pfwIwtml4JpIgEBDWFCepZGUdcKhfTEDqFPfllfXdqs1ItraN5prtZhvGwd8ZlPt0msG1Xg/m/bcOmblNdNGN4RVZkNFfgpYA9k6wTqVvJQ7UUwirELrUWSevfk6vsFiVsY3ranFCJUaZkwlZS1EjxIrGVCh+Qj8w69AieC6r0m93mlbi42nHCdf3cueFhXjuHEUB9L2wTD+0A0p6wJazFZHCYkQg5vQ6063vo+v6aWx+3k61tc9iuIBA5O3VnngKD7A1ywZBqp4uY4KSQlODUjU5Y3XCeQfh4OiqpERMLNkxTsViz57cdrXQS6KyCkxQ==]]></Encrypt>
</xml>


2017-12-31 09:30:32 debug :
------------
String:
account-ticket<xml>
    <AppId><![CDATA[wx7f83e93205d2fd31]]></AppId>
    <Encrypt><![CDATA[RMYjVbsPVf2/nr6mg1Ty6GNl6ZcDfnpN1KUyNIz5/7U1ByMc6RzZzSgK0nW9BtcgfLP0pb3T3UfR5tJ7BxEiP5k3RCp/0t4vYCh7BrNX7OSBZ62Cquok5NL+qxCvv1uMFJG3xgBGu5dPCzRH0O2KHnz/EdS/MPcFTmtcwfAh4BaV3P4Ur1+s0w/6YfUReHot+ry30ncU5/9SiuYLmoH5ixtmKK199yGQOnO9KxGMoEE0UoTSIFgpxFGijlfBB0fM5YUNdSRnjns0ZjvNgGThYrTdtDW3NOlwhiM1bIo9Sw5y7VbI/UMXOuJUAy2kYSQfZIWVynnTAUslRzwpW26scg+XFgh2JwlcmEb8OJo06KLmUwVkvxBCSQGM3n5WCPuXnXlMTX9qZ28H/FXYdxxVnuyOvxVswxhf29VTMP9C7Pa46FdL4eDQJxxXTNJYDJ1P7K2SD6FiC5m2OU1aYFJ6pQ==]]></Encrypt>
</xml>


2017-12-31 09:40:40 debug :
------------
String:
account-ticket<xml>
    <AppId><![CDATA[wx7f83e93205d2fd31]]></AppId>
    <Encrypt><![CDATA[v1HHQ9ZFQWjYHciq6txaNJhMNIHhk1qe/W/lKl9bGYE3SS4Zl8fUHAxPzmwW44e0ivUxbMHABKe7V4DD9c6gKH1Ap3UMZgYjJn8PpK2XaXm/tYk+koX/NB6JIv16N4IKdfLoRdWDpiQEB3KrGgqWaYrvqvJF2OErS2FwN9d99h/bwyx2dyCEdTfJM914NPCuVWJcaHVQXlZ2/13boMfqitnMyl7m8VsdEn2JrYO8hH2oDj551pacSFgcjw/6EFzt1+EISBscEB/b+lIVyEE+czYH8nqszvBlIbX13Y7ud8ZOIw8RiMqQKbFiJBZU9GI+f2R4i44uzaVMT0tOMlKiTfMX6W0H6z1zT2DpmE1Ma+AkvXaruVmnibWkBThaCrKBgGpZq4/B6ivrNkg8hS97M8vh7dgnnkJqROwkUVQ0imXEH/lJWj0IZ6tECeseuEYfmIVmOQPFFMGB5+WpfxgN5g==]]></Encrypt>
</xml>


2017-12-31 09:50:39 debug :
------------
String:
account-ticket<xml>
    <AppId><![CDATA[wx7f83e93205d2fd31]]></AppId>
    <Encrypt><![CDATA[Y6icdlaFcmtidxWQ9p2sC2MER7NyN9HwK1Lc3H0M7PcUcbRyXFnNYK9TSJDXV8Zf7V8VSiiFhSt6BqE8B9kSZ35KTNhX/EuW3eDl1Cti0XJS/TqMr63cULT5Wxei9zcUfq/e+vmblOfTMRZVVkiGJRF77eFq8zZWx8DRR+JdWtN7o/50e47lkInAcVmCP+IX/dUTiSBdH/F60VQ5VagziP9lgLsQrpv2/S2lig7I6gKjXk+kZkQRT+X0oFll7GFu2uc8z+n0BTwEtjyqMKe7GP/9nfKb7WVTrlw5SR1KTxbBp+V496t5mDIhQ7C/DExdZab023L1EPea5dwJuZ9WNa9SpbqI3egRHuzuIZnR7CWvCqkua78R7CynDq7jMxaX772W1ijmwXJTwJZtf2s178KItbNbl56aUxgyR+9XOxO4Fypa2cmpvS1anBmk5UwENXAc7wB7vToh6yvNxFr+SQ==]]></Encrypt>
</xml>


2017-12-31 10:00:35 debug :
------------
String:
account-ticket<xml>
    <AppId><![CDATA[wx7f83e93205d2fd31]]></AppId>
    <Encrypt><![CDATA[d7vUWG/2125NddaKAG16qdFid/Mm6cPgNpAvsszX7ilLJtyy0rHnfoJ/pTV/V6ZmXQ56fb72cBO3q91EfKwjaEj0VlDAF+Cn1A+B85AtgaU78wt5SCz5FOklR4rJPwP/BG8AwEi3+E5ktdSlnXapQyAbqOyygBQITSQHxKaL0K4iMUAXst9EkJlEMsJEam3YhsRDwZFwvGnDOwRHcH0gtWfK8mb+ZAfKBKG82io4gDfzqxeAFsY7QrBKdiuWGU8Y0n0X5xel8Vwf5Epv/6J05esbIuC7EfhTN8pqjgKnNxuW7pz9/qfUQxZ2l6WxXfS68Wk2FVt4z8APETTc5dyzIIfDIGhOmpAkrET1hIMsdQvQmHw83TN0fx19fkaj6W9i885yl0EzRTohuSknuSmKyh6LxDelLCT7yYP7sjCaS00YDfh0O+XVuEW7Zhjgz9pREPrw2NNTVOm4xooZkrgCMw==]]></Encrypt>
</xml>


2017-12-31 10:10:53 debug :
------------
String:
account-ticket<xml>
    <AppId><![CDATA[wx7f83e93205d2fd31]]></AppId>
    <Encrypt><![CDATA[2clV2lSZFdVc+gMiXg90JhSTx6SDHIvXIx3UkxcVX2OkCnZAkZbqxJ6aRyeH7HRkk0BHBClFCQ6PrODOTEpbRn9ukMPKgkcFp4z4POerZsdGjGROxNvYIDhCC2h/Xe52g4CEZGgGNCZNJSLtjDfaGLVnn9Wqzv0FuPzZRATav832HvS+B5k5CFdKr6fEA0TZKq6vI+hCWV0T3atMM/VVmSV1D0Fppb6E28bsYHOH11aRILjzToOd/az+YskRljcrewcoYsFSibi17xpjEwLYyItCGwFAtQFwVyqOTdUBVP+/LJC3IWzPr1cQ7egaWPo4TyuI2oUd1Wx5yA7HG89/jPZsiSDT1Hkf7xKk7bEIfMbBQVxkucKJoxAoNeCvvOFn8SbBimAQuJ62JoCq9rreGqiKc8Rol3lKw7EQu3iX0XR/fOHi5VhiRj8zeHuAbAKQx+GlIMDOad/7XMUX/l18Jg==]]></Encrypt>
</xml>


2017-12-31 10:20:46 debug :
------------
String:
account-ticket<xml>
    <AppId><![CDATA[wx7f83e93205d2fd31]]></AppId>
    <Encrypt><![CDATA[cFQ1u02F4CctkPnazhBeRKRfzuBF0pqD/pW6ybbmvMbd+hY7bA3vBh2vSYN/XfDldvlpaL0OJ7MtA1+3PWtMtdbFvC+M238HKBHiWs2GPgmAK1uqQ8lxCQ/guVQCoe7TprGXTvCkWjRGERk9+sq2FUv2zB/kTM5JbBVRTQXaYud59ipIPXT7/UAvgEI27xrHz0Tc0V2U9SQPoRGZERN5KHh3BD852hWJCjkGTvhs2Keo1bD56+j0t5JzPxv5z0A3bkuKH5tc6x9+lS068NPkuYwlIJDGb8rtdo6uW1KAcHKvmmJItyPhTkcR8NvCI+XrBYLPb9XaiUE8pmLqqCf0dAB4W7KjKqaBX2lPfJS4W47fCRn9aQpAPYp3Lr+3YiEDhFgopgyJ1gDJXbAEdmL+4/VzoVdsFkX1PZ59t6UW2oFcDuywNiUDE2dt0Qxu507AhAY3PQuo4bH2VsdWO7yUFA==]]></Encrypt>
</xml>


2017-12-31 10:30:51 debug :
------------
String:
account-ticket<xml>
    <AppId><![CDATA[wx7f83e93205d2fd31]]></AppId>
    <Encrypt><![CDATA[7oQMYPcIg6FnlXhQPKHZKA77PGJSWqbohtk/huRfY5koeAknxx+Ax9xm1cpIiqB5lW1sumpD36N+gVhP//fhNAmCyKpJJ/6Xvn9IWrHEIwzg0RDIjFi7NaoAJpHmmyTP7/CcPpyUghYRzGgP2gBSCL3WZRiSUWl3HpRLDtPM/WhcBjHtwl7WqO/NJguA44z+T8t4hpt93Zp/VqA8vdY6aF5LaVScEozLzn3OOo6QnizWvPmLiBKXU2C622/kSUH3o0W/QPxVBbVc0XBwxDuLvumCecgsVVLZ0xeYlmMm9hJZIRIv6NKkRPgxrIO6Y+c9HqoELE86XlDUQrRq+ElBIHMuYgHjfDjPwIOIPZxWGFavtahvwV/hc0WoKUscVuh0PcgWKdbbsyRX5nOmQXmNpR9xGzgKDEyPqs8ciz1zq0vNWBkO/9YloSVfdVhaM/33a92dGklGq9+Wjc41lJKhdQ==]]></Encrypt>
</xml>


2017-12-31 10:40:56 debug :
------------
String:
account-ticket<xml>
    <AppId><![CDATA[wx7f83e93205d2fd31]]></AppId>
    <Encrypt><![CDATA[mHCrThZ+vU6uu6I+qaq6/H66J1WvpxS6lgdR+u8vjKJgyQHix4Kdt6oX/dlGzRD/GSij691vrU4RiaKD4i8oMW/u5ehV+uNKbJeHFH6W50P1qu/1RPcyaVEk1mfRBL2AL0r9mTaiUpXU8cCaMo+MZJQuO61fAWYEMwk4Ra/MKyd6C9tqWbgnvOqrLAalR29l4xmSrYFfDu6U9iKvYZi8KeAcvEWb/M2qn+lHpQT+Enq0KKZLy8hzABbD7d+JYwNLJVf2Hj9l0xq01m47Y6fu/nltxek659l2rb8N9YheoVziGAV5ai1LyIKZMW1C9ytLxYJoRy6WsiY8+H1hQqdt0Ui84PSedzdLsw5Ntk0IxSHJe5TWOncAOqfiOWZcx8JnIPy9xuKhERB/DTFr+3bo/OeMUOgQOsnixySvhIwPHxu/1q5kODfjA5PSfDs92X7AF8gqijDmiUXfQRm1gCnLXg==]]></Encrypt>
</xml>


2017-12-31 10:50:54 debug :
------------
String:
account-ticket<xml>
    <AppId><![CDATA[wx7f83e93205d2fd31]]></AppId>
    <Encrypt><![CDATA[7a18H3stKyh77/k+UAv9lO2tvJFinluoHBmKVvOcIxKDlahpgvrjXQ7edTARxD50gKZUCs/PdDr4FX7KOmSTBRb6vy1wjUBd8s+rMnSiRNLLT06bRg50LSx6+pSQewWJbODVhlsb3YzaZz2s3Q8yH7TOB0ZQj/2w2tIGHmfI9IArYf9VvH5DiJ6ihkjCCeIsyfTIvZB17hsL58TildzPtMHrQnxXMPbt5PknfIU896PktEytUCMea8mOgsGatyGfFYce93Tm9vw+8Cim7XKYzW768so3EsoFsHahsuYoBA0Ha2Yj/FebgJtLdW0d/vaILfsVTB+D3mvoyyZFtaKRDiYk8XRtat/WaAi68gBzfaV9o7vNjgpWY2I/rnTbnIukr/z74/10H7ab/xWmppF38bQTaNW9IPBhP/511Luv3uH5R5Uhx/O4q0/f/EwhBMwk36LXKIOb4CQAuaNrP/RsKA==]]></Encrypt>
</xml>


2017-12-31 11:00:53 debug :
------------
String:
account-ticket<xml>
    <AppId><![CDATA[wx7f83e93205d2fd31]]></AppId>
    <Encrypt><![CDATA[1AczCfSfdt5a4OaeRnRGjhPpbSMtbGHV3c7plsFzYxeVVs2Aynu0MYbGer0Xw5Y3AA1eITa+bv0Ev+Wwg7u7lckjx8LZafUGjfv4flA7g0txIP3DXuWogStw055QBLxQ36A7wG0o5hDVMib4ZXA7Ts6SEHWeL6XnSMh43A4KenZX1KILojlM58EPM5eAPCdLw+bY5a+CiUZMFhR51Cj+eMenoxuL87AApFtfJqe8jOx5uF2zanJzYArIhQ5zw27O82b9b4RyjQGlXthgVUGCdWsM9eK1cM5bimT4uTT9AhN6rEA0Z5y9IDuzbqYax93e0lZPkzGWb46Xf/YjC2EKImz87/b2F4Q79ypRIUsD+bQVT1RbIblwhEaojuSI41hruOh0wsLvMntQErtoDp/zN8OVNnMCjjSc5skIcMs9HdRFE5dqnWmZikazimLEaOZ3wt1J0nuJj4hszNH1fjnxzg==]]></Encrypt>
</xml>


2017-12-31 11:10:57 debug :
------------
String:
account-ticket<xml>
    <AppId><![CDATA[wx7f83e93205d2fd31]]></AppId>
    <Encrypt><![CDATA[yAXG5k1VE2fmxvlQMW/bqGKbejtnf4mqM2tSplZM4pVFwX6we91yKXO1nwG5Q94p44WVGscXSfnzbvkP6I9FndQR/UJEItbU0cUFsq2lzOlb8Rm2izXMAUfY0Znk5t+DnuXmH/IkVEliDgznmb8/k7ngj3MXX0pQE5lrLYmJA80POKHBGGUOzyvEMaZ6Agl6sQ6svi5DWX/BzjEImbLRqqD7n+5+yNNLYLOJZ5lKs9zBANcxL4dVatQ7FHWq/uuqsm78zIIeft5yspQkVTQYpm5HbzAokMt5ZkahDvbtjpdM9aNweip0w+k346glENV/6ONxPJvdJbSx5WGh3EZK4QQyvojG+bQBdvm27MmEureSPmzmDF1tG50cVoLB/p39c1sdZ6zUOH1SjWWrW/GL4tctjNCrwT0dh7sUtVsL7LCJ06dDBrUDKr8QxeZssyRzya6s/eASNY8Z+njOIZ4FDQ==]]></Encrypt>
</xml>


2017-12-31 11:20:52 debug :
------------
String:
account-ticket<xml>
    <AppId><![CDATA[wx7f83e93205d2fd31]]></AppId>
    <Encrypt><![CDATA[HmmjKjPSDGaC+papOasXq3LjnzqOdAQDIuf+nFcxUmE8GcdH7X5J3A25l7JYcDCdVVQ9g2LLpEE/v9OH6nvKwA7dvwCLZchappncSHYML/KWTRCOz1yfxL/UZ3DgVXr/4FM2m5zy+KFG/eTTd6OK5j9ToTB8iJ0D3E0/Nk9+rs4HO/bnNLtBDGwjSTsjxgWOYha9ZWKhTjGFD5lCWBvy8Z2GGv5Idbn474DGBsqEpijfY9gAUBMVEWwhgTQSNGyDFuIADYVkk/VNy81tpx01YLB4GuYmreIwdEl7+v85hAZpqNKydk+uATTB9m6Dl40Y9hJIGDC5W2kn8SuNfUb1E/WfVA+l06daVQHXGAsrHzExQYHqVggym7RcVaRDnn1VnioRoYCm0HFhrlAJCyMCK1E3r/1AuHchMGw3aA2uUPCsdORxv+GIwyOp3a75FGslD6u89s0sWNueFKudymWdbQ==]]></Encrypt>
</xml>


2017-12-31 11:30:52 debug :
------------
String:
account-ticket<xml>
    <AppId><![CDATA[wx7f83e93205d2fd31]]></AppId>
    <Encrypt><![CDATA[dL4Vi4BXrjHQdZE7li+LM3KT4Dkic5bucY7BH3t6oYyxVSjZb0eTP/al9cCUoH3H77Am3pUzakq3nSo82vTP5UGUIG/5qZOGr9TnPntK48+YujjZlmrxs66c5kxqEsfvn8rwN9OFDYkSVPdhObt1HrmhECvGfmHk5Vy5nDaIumraX6oaZshtGzIirEbkyETNisIPAykXArsGWawRNAhipFAyjn4TfrXhhJJrQCz6qQ/ppSLa0g2pxqL9yfFsM8lSEpTXqKz22Tqd4Oxw1TI5ASBPoAFCdmnBxjmvmVVYMohq60CQYIvUy10rRTjn9yXMAVNXv37zyzxJOyYI15YEbhyUyBM8O5b/489byLks5c1vvVnDnnq31k2CGsHZ1YMl3SnuEIlGNGTAU0ksrMw4dCgKRSiQFm6QeiOYXdaqolyDFptZ8S37NXHiMYmCVG/lCBIGH/wZzQm0AmOLIz60fQ==]]></Encrypt>
</xml>


2017-12-31 11:40:55 debug :
------------
String:
account-ticket<xml>
    <AppId><![CDATA[wx7f83e93205d2fd31]]></AppId>
    <Encrypt><![CDATA[rugMzVYh7ACu1nadnqs4BR1a6FS1HBs2GiFjLztcS2d/LMmdmM9eeQuZ2vlVBOakNgeuknLFQvY6mI3U4bz+ykZyWggiit4GK91NVczhD4DNBDdhGhQ2vle9uqaxDtvLjsw/8EAMnbYWBgINwgkmlU82zVCmm9SRvTgro8YJOPix7fsMsBIQJeToEbHSzv3fwMAYONXg9+E0hdOKTkqyX+YV5UQ3LZsNxtUHTct4Lv4LrM7usHoHRX6lxiuiaJ2pT5SAPNKgVXqvOCRK2GvcFnOG5ZEE5CU7Trjn5cf4TBdKi4jtuIG5vfLAoul0NOUqm5/EFISznPhqQR6Rjmd2EKlRA/d6AxQtFoqL9JLmtbF5PFGZSx5DajDhkZruw4+dDtFjJIaBFX09IJ9eYTHLiOLR+omRvec00cHRkn0cqVfr13C3BksEV9cO8H+4n2Cd0CT6oYLKBGHNv5KRiu9rtQ==]]></Encrypt>
</xml>


2017-12-31 11:50:56 debug :
------------
String:
account-ticket<xml>
    <AppId><![CDATA[wx7f83e93205d2fd31]]></AppId>
    <Encrypt><![CDATA[t0BAPJ26jZrhGOTeB6mhpvDbkDy88ziEpZNV8vUfZ9VO48/J/ivMUBol+JmXCfvL3+b+tASIYrRJG4J0ZXipT3eDBIoHrmwV0DzSf2dDyuC+uNotWSxySZIeYkzyOtY1MOXovFK8Lz81RqlKpmluCod3xFsw/pVGF2Npqsg9nYhU8V2pFtvFaC/XFfdQzHU2n53J1M7MAG5Pbc7ZyKDC4Sr2qlB6TA+1Qz8wy2lpZNQ2sM4hukkLbketdjrNVNHpMJdV3DaLL53KmVLthR4KlLfkgb90d6OvkT4LivFADF58wpjFnOFfl01ZfLVNn97uCVy5+VnzE+tLmRa64Wvdf/FAnHLEtTMMm+EysvoTOSfe3gP6jYdOTnBZo9Siap4x+yZL7cOPE3gR1PdVjUmAzTrPkKy8Lsj8vtiwq4yhLWsW7Fuir3wWDK3V7/ymfkUDkcLuncMTOOLXmI5YZBH07Q==]]></Encrypt>
</xml>


2017-12-31 12:00:50 debug :
------------
String:
account-ticket<xml>
    <AppId><![CDATA[wx7f83e93205d2fd31]]></AppId>
    <Encrypt><![CDATA[1G3IdQC3wYL+utQhRJcoipY4HDXkV/hjRCGB9yEYAqM6wkkeDGichxjzapLoSDPGWxNjBCMY2BeYF7g6cQcHvJ9RlS5KosNlltuzxSLyAElMWam0NloVfmpToDpWO0LY+iJH1nOy7Ua/HLVw7GlUsbdOna7eHVEiKVVC+LEnRBXfVqg8ckT2e1jIbgn5LMNwadyXz8Gnt8+nCp4xoW80KMAFKgg6uJBLFcObdV0BxJqoVyKphXUB+PjLrzcRKPi3zCoODBOxYY1D78+S/+N6ekPkx2fbxCKVzE2dnFzWZPoYuT8+YmV7vTSB7kebRpmhGkYpudc1lTxBYzI/Ug1sZ5MPcMXxZUoWtYGk/sWlENENwbk/5PHVbZR/hccvB9CS2Vrd1D1ORAOxN3uTUu3ipADVaAYGrkHIYRHOZPgeWCF8vCzQMfn76TDdcbZ4GE93bbk/NpgVH/qVSvIYl4n/GQ==]]></Encrypt>
</xml>


2017-12-31 12:11:05 debug :
------------
String:
account-ticket<xml>
    <AppId><![CDATA[wx7f83e93205d2fd31]]></AppId>
    <Encrypt><![CDATA[m8PRDvnflOKooDzdyrksuxsb4fM6NOGI+u86UBmazbNfahXnozFUi6IJWsubr+l6XZbbXB81HTFdrCfBb+JOoOCu2hP5x6db9AsQXprpeSxl6glZX9nSaJoToYi2nuHEES17U6LEeWlZNaOiVPoLnUzx0NwbOMbzGDjXFQ0r02+M743knwHtgQ/2Q22H9t4lsC8F9Kd1PousPuWkz4zrg+PkC4oucs52eeA35V8Tk6973PVYKs3tJB+KTxgPtpTsIr5kwXqBDfbodHdnqu/2c/tPR1nSR1g45APtwcMe4nha78MO8jo9Ygdw3FfibQZIF47kpEjJkM+IFksyEWqiPhgpAYGnaehCoujA0cj+Y8fonPcck53+J9Lr1ThHojxTHbUhX7yJWdvS+RW7QpXxcUZ4+JbrPPOlDdGASAuieX7iFWf+BdxHck1ayhftnz/Vr5U8X+MvlezP7uJlbi2w5w==]]></Encrypt>
</xml>


2017-12-31 12:20:50 debug :
------------
String:
account-ticket<xml>
    <AppId><![CDATA[wx7f83e93205d2fd31]]></AppId>
    <Encrypt><![CDATA[xcUkgACBBIteS5fNE9mxgkic4CQ8Fv3QQB7c5HYzi4GlBQyflq4em3MUH+zo7Rs0RFmhF7Uy+FsvnMVuILe05pOk4TI1FtVk0Hw3jNhy+WrF1PUZ0GmpZUI0UJ3JywT0yYm/C+XziItIQVv7SSohagXHktdqCyk87uVo41gKuR831NE3/lRltL05jQYJrZW2N02Z7gjJ8RKjfPN5Ulsd/fBs8IqGEMBNZ+7dp+X+DYKzs5+BUHeU5LnwCC2bRdMfGqiSNQfjrerUWxGe8/Rtq0+6cF0ciRXcJ+ioMUFspwUuG2KpSbu8FUxU5GnLuE650ej7aFmGkGJslI19pt5rt0u6t5BrEypU9dHXZ0qH+DEIx1SUWEi8M43pT0tQKsFDeFWKNG5dAawL/zKE8nYd37Vkf5RtKlHGAGk3TFri47NCGNgtxCivF6pr9zwl32+AEDZVXcjwlgzXORqrjfimnw==]]></Encrypt>
</xml>


2017-12-31 12:30:52 debug :
------------
String:
account-ticket<xml>
    <AppId><![CDATA[wx7f83e93205d2fd31]]></AppId>
    <Encrypt><![CDATA[deKR7npEelddW/ZhUk8UgBUU8b6BSl0BmMg+fcv6NYi1jnmWhFvoKrrO945WiKoktdt+N9THxJeATtFrEitDUv4djkzELhlZHJw34nsO33t6hyggCupWcTZ3mg8chdmoClrWzZA1Vge+LH8HpudCG2fvNnHgTfVrqEnMLuL7RWnmXoo1pYfQ6NcFhjsMzCA+FUBUEH3NrKwq43S1g8fNjbkFw2JOGqzrL69aDkHtBra7C0OhActnoL6YAXQWg9g/OPbp+D20PumIBppRCz15Lc9ynbAiHM6fBEpg9y5bjuWeftNEQzjxwbI6E4H/wc5kjLt/rnQAU7A+x1/3mX02QUEQua+ycRLbpXZAMHLmmAVLI1CyWmxA+JP91av1evQNrnLHMoI1KG1LFQMyQZ0zs1YuRIBmAvS2kcBSu/fLw3MZakmn4OZVKPqigSwbKoX/TodDgDOsk+5xrshJnGcPTw==]]></Encrypt>
</xml>


2017-12-31 12:40:53 debug :
------------
String:
account-ticket<xml>
    <AppId><![CDATA[wx7f83e93205d2fd31]]></AppId>
    <Encrypt><![CDATA[bgFTvu/+gfhdSC7FHl0KQFGDy2kvOXgUR/SyN5iWtYX42J0IfYUgTmR7B1Sb39I7eTnVpiAUYGuRXVDDdVGC4fa8x5TZVyBkj450bW5EMvrRYgNmqWaipV+1Knt/sf/ZFYAYo7FlSvSnx0PD39SNTpDrT8VHkH4RhTP8Hu9ztq9EkZO8nDNTiAqRZtZdfFinMX0T8eUiAt2TLV0NQnvQeYovv+X/ZbdLfhml02OiFCTS+ziHH0ZT0DmC/bpGr7eZoAjYqpKAOdiroC5s2i1NDV+5h+Doi2lW29MFyp1bR3P9oeUQeaeFH2CcgB3d4eODLAZd4ZYrNHxZeeBejrP0mZnN4pB6ZUtOf6GIpXhbcH+MZ/AmqJa6RIYBv/3ByPnv6qkfV1QRT3oKa0YhGLLyxNbK/Cs9mu5uXYqjephc0vNq/E3MQHXET3r/0A/zyUiQzxnY5CALr6D+gBmnjHtcOQ==]]></Encrypt>
</xml>


2017-12-31 12:50:49 debug :
------------
String:
account-ticket<xml>
    <AppId><![CDATA[wx7f83e93205d2fd31]]></AppId>
    <Encrypt><![CDATA[m1Mi1hn5pNeYNTVv7I9jDHEKD8o+lCdVOvmDmFzEOfDXArfZjlAAJzkSb2kl5oQp47JhRff7YPmcJPzAJ7+mC2Pxu5q5PlTXZfZMmkFOs4VyeadUQp8Jyn7lg2XE2bK/6WJWWFY9kMLcPmH7c/8jwpL3TKi2vrv3Q144nJ5m9r57c1Yf1wSFKI8x8DRFLc/iDyO0TaCwtszZpfc/xdHfEyEfAIBcUjasDDm1R23lhKmRP3RpG6POfnXyjwa+kK2B0Y7DbewF2SN/KxDZ+WNcRNmTldXhUhGWiObBrsv3pJHoOfdpaVAShODQ2dNaPbV1+X/ybMEZPkmqnOj05IK1R1BvICEHu6r4COZYvEfY8NtSdcUrwhFhXIfPjUYwa8vgQXfPL6uFXPcAIhPH7tOd6s9bnbiTC1rKlO8rB01wx6GCj4b6rWgHSATXHsG0W86Tc0NuVok+IT/rVOenBLGBhQ==]]></Encrypt>
</xml>


2017-12-31 13:00:51 debug :
------------
String:
account-ticket<xml>
    <AppId><![CDATA[wx7f83e93205d2fd31]]></AppId>
    <Encrypt><![CDATA[lhZRYg6pkKSUzzETS4tK4ABtJ6JpvZJ9kyBxM7H85VxWz90zVZPomrUIsG5QTfjh7XBNURcEJsn/0X8zzGmhCWVg06KRiwE5xzo/MlIBKwfkJJlGB60yvw6oQrUvnlTVmvVdiWtE01HHbqpW0SJU+BpVJm91hbuZQ9H6Qw27EwoW1B9d0hXex4U5DdvDnXuDdkgUUzicD2LbIsQeoOY/KyzTqq18a0YG6wADulI+hr8j4NjUFLBfCV2G0ryQ5YYbPHzN48syWeklaArE8tKayTJln46Czzm1qSIDwFGoIKutI5/IKpdUG3KqXGJGtZNJVeAM2iOYFpGtn67xA9DmWAbLyC6b2jYkPWY0Mck5mJkk9rZ5ITiHphD1nkamF05Hfy9xHegv+faW/HjHvncSa6GYf6tgoD8SRPfbfsLKU5GfScxx3c5UyzBF3TcOqikG9sGqwHSiZ1Yh3AHVHrydow==]]></Encrypt>
</xml>


2017-12-31 13:10:51 debug :
------------
String:
account-ticket<xml>
    <AppId><![CDATA[wx7f83e93205d2fd31]]></AppId>
    <Encrypt><![CDATA[WywM3HcBaqqjIdTZRX6CexTeA49wFLzzOtoXgLvQiWwRXdTYlrgb6bJpRM+/QYGybXM5XoHtn0GRHdxKRePkx0AHFZ2+u6RzLIask/zziP5WIPdmM/g5/x0hw4EdVFz5zh4IQyURBuTOvtzpkg+irN412WOyv4SseVNYIV34vlkVlUvCvPyIf0JH6Rv5kcBfhylSpYl00qcPL5tBazisPuOdvMstyYFH6LEzsG0UC8wDlMg6bOurhJNA8DGoy5lAJljMC+SF6SrIGyp/8Pjb8Y88gjT4PaGBWcdwovuzIo3m9fCsj2d9vLgV4Uys0i/szgnJX/ilpXKjNTVsp+HJPlokiKwxpf3pAo21ZKxF+yTY7a2+tGnWdf0zERGTL3+Y27eHTH6UlV86gB1srHSOLmrz2BGw7wA+Mjo3BTlwzI4L9d3Xq4hqGe91/6AVRM/GXZHFVBpl5+Mc2etWo7zTeA==]]></Encrypt>
</xml>


2017-12-31 13:20:49 debug :
------------
String:
account-ticket<xml>
    <AppId><![CDATA[wx7f83e93205d2fd31]]></AppId>
    <Encrypt><![CDATA[0c1ekzZj1ejLzzTNkULBd0pOsDA2voohP+WTfwUdSaQTkk2Ng+KnCvq75f6j4Q30vUobrbZKtiXtJhUtER7g7ywktzAdOJvvJf8MUNJxWafSfsf7WSTPzjjAFk75RP1B4iausswtirTKNZ7rgPvA6WjBkHEDjw4L+smQikBsC66Xsr/BR6dWYco01P+rI8b7xb0f7mTxi13gD0GSne8gkyFcGUbf+wcrqt1uFjvvUthwiVOD1gSbh50o6XyWBnv8g4UWLv88sw2WhyhEhTbMK1mYYHx8lmkAeWCWx9szqzOiFER4XpR2toDNpIKGbfhEfpNP8E8v5ZwsUGeTQRL+Sw+PvWG9l4BJ+SsXxQxZxoRZTgU2Vno9CA/yzXAoedAwcQl25l/3lXyQK51qlVno6ellMKhzB86JyItp9w+aliRUNpIolgq8fegppMJM1xEkCx4PeAS5rVwJi+F9KRgmpQ==]]></Encrypt>
</xml>


2017-12-31 13:30:45 debug :
------------
String:
account-ticket<xml>
    <AppId><![CDATA[wx7f83e93205d2fd31]]></AppId>
    <Encrypt><![CDATA[sPQerPEhu4+4h8poXYSQG8Futjn0tQduLR12oL5yLUMNsfVQAJzQfw/Kfqb8giroGBm/BcskOV4KMgcc1F3tvG8xszfazPBQnJAJjahg1YSbh3+JVGHrX7WFx8Z2ZK+0sHsvg67/9e9U8aax9rUoYLHEvzaJE7vvNE9juUkG7tqI9NBaS+iGvAd/6rLTEEM60wSWCnZkIFGyBlvj/bJhY+v/NZ8Wxuh3ZpAqeiFTw2NucVFIE1i9IcRpfaJns0+IInVTrTX2AjuUVSlGw74LKCLMd8Wdlb3BPnl8jBnphufsJWVv5jE5bg7vbfvCV/LlCW8veDbgh/IMLa7+EvTEPnKMxH7DbJk30ctyJ7sA0ryRIz191VfWOwRRzNzK2QRCL6cBfF1nGP+yJOk3NB/2cdNsoeeMhmZDzeXH50I8cH4smq5qtiqFV2ZGlL6s0fpaKQnq3oa/N6+RHjtRvKT9YA==]]></Encrypt>
</xml>


2017-12-31 13:40:48 debug :
------------
String:
account-ticket<xml>
    <AppId><![CDATA[wx7f83e93205d2fd31]]></AppId>
    <Encrypt><![CDATA[bDKl+Bunpl9niI5+EdR4CUIPeMVedjZ9exhiar4mushOxyjXWCTntLwcVciVhbcOK14KVxnKN+M8YX9QiXkccOBTMIw2l4zyoYknuPKadL60g8gOgJ1r+XBrW2rgbAHJBndvD21fBzXVeOyApEjbAd9d+iFIk+vB/lS3+n+Y1oJoF1dMsWHn5EA/sCjGMGIgLSIiVdah5F61lBEfNiVs10M2yATvM/Q0gtGjUV67Plt60UA2ur4Pn1uzyAlRrd0FBjhZGjFtx5zHW2+ze7dHq0e4Ziqvk/FxHhblEY0cntMhr8rs1QYN7UejcZcrtsJxt7KYcAyj48RDFfdhNYNK7PUZHvYOXG5eZdFdMVL5aCDn/yuCc7SH86vaMNLKlBvxm4+1mEYUM1ZFnypRZkYKkKtizJsarWpB9J6uhG+SaoZ5B8rPEHGZ1VbfSpWJX8pt3rkBrf+n4rKNIA1UmUaMqw==]]></Encrypt>
</xml>


2017-12-31 13:50:43 debug :
------------
String:
account-ticket<xml>
    <AppId><![CDATA[wx7f83e93205d2fd31]]></AppId>
    <Encrypt><![CDATA[UvqDn6nJ98jReM1riy29jsBq4VJdXjBg+fV5nCZZdhWo/4VuMJ0VXh587Sse3wJNVP7b43SkMrcwfsTdi/QYHzdiPqP0oB445K2JXAaJtE2jcFNLv5FqXtZlxpf+9MFS/CmWFFBjo33AmfiBJw6cuKl21aefYf1OPjD30iWc3dry04yYwyz63EX80gLPJJaPaAerGg+QfnVN3b5y5ZqI8lK6nFDk/+/CQIoZF8+vxHZq4TV7+J5pXAyfNDGQ7uRrD7uDTlBXx4TYB+fdPxp9qaKaiOfSJ1lBt67mDquVM2QxGd9IfdeQngs+gdgdkNuOipINU1IXZM3V/u5Cmf5Mp8GRjLxLhWs2UlBY9JWFyNauIn7k3+D7bNzu8rVkLbF23PP21uP13u0tfjS364asNDiE1IOzST7pHuJ1KZs4JzqOfQMf08u+1Ic77vsLb19VDshY/LYpQ40vDMpI7lpXQA==]]></Encrypt>
</xml>


2017-12-31 13:58:59 debug :
------------
String:
account-ticket<xml>
    <AppId><![CDATA[wx7f83e93205d2fd31]]></AppId>
    <Encrypt><![CDATA[9vQRt34yyGvu1D9SkGvqxI4CelGCekpivNzrR9dnUfFHf8Q8PgEVEVH0iHoT5U7cjEn1OrHKbouMLRjevEKbdZ/JFnKJGHJFeprAgFputMX/gIcdj2XeiIGv/oH5LwKXCDIVA13rxU3g2wCOjHLy7VDuBrimucb/WAeqvK5777bSEFKf68GQv5/B6fMQXIT2ccyrP44eGYiRCFw3TIYLkCuBYXNUBDcwhnuxuSUCJauLyklXt83PL0IcQI5+M7l3SOOmYXL+XKAR7kKYp6RlEF9DT8LnKUVRohs9PZHfey1+xz8wXZ51aD2m2QczL6e3aBeFv4sFSpX+JpGMmcB3K9cIOnyZiGs4FWVcXtp8ObIpcJN0UMent0rHPISCXiLr2tXynGCwjo7neqAsWFgA1ivweyY7QW811TiMx3k0C/n+pX/sQlRiON+xtiKOjpG6CQuvhRz9vYXRcvz4jlx4LA==]]></Encrypt>
</xml>


2017-12-31 14:09:21 debug :
------------
String:
account-ticket<xml>
    <AppId><![CDATA[wx7f83e93205d2fd31]]></AppId>
    <Encrypt><![CDATA[PkaeDUAZC9kg+3NDR5BEFlejKkQyKkR8EvLeNd8EQ+smeClnW6SeCPhsn8IxCjwnsvbhZZdNSblhH1viHGjzzr6X9HVJ51NaVV39v+1Cm3QK9HJI31DLmBupWHgVRf4DjwT2+ZT8cLsRngOwY4gQJvvsi5cpglC9mUvqBLQXWFYNho/IfgMUKdQ7oeP+38CV/e6jk1lzUnkSN8iLcmG/pY51aNq2NnwOLF6ZmB9RX+E268EJYZ+XfwVfTR3ErQX+ooLaIb9eSTJHPL+F2C3/f7r+aRNrS9LqtaTdZnV8iQ3GY7Xg1FpHwSu6ASM4zmYRX58YSTYHMHR5KQqprXbiExKpGBUzKZusNoX6FoOfFJMvVvzxYq7u8WGsutGOPltG/NHSXinEV5M1wPbjwo/kXunvxhIuSAxDSuGB1I1opafnDNpRxYFeGN6XWWeCvshd79Bgptq1SjEjQ0Xvf3YuAg==]]></Encrypt>
</xml>


2017-12-31 14:19:15 debug :
------------
String:
account-ticket<xml>
    <AppId><![CDATA[wx7f83e93205d2fd31]]></AppId>
    <Encrypt><![CDATA[6ogcm0ClO2mUB9SUP9m9UfVmYFhaO8VPtxAkneo9qh4yB1kfMmoR0kYKa1RuTJHRYNRj/Qd5xkem9w87YIMMQZ/+VoKNhokTQmoLnxT99l+acI4Uc3hpowVbUjCi4Z0zkCRn0ue8W+bztjVt+4ZnezXGb2X2ZKtguWnqpvERgn5dIp8vzybojyh8cHTQ/OM+rct3B6nXydR/ebHJwyvQOrpiRcgBKYeqoaU/mLLICwilH+IxpzaCgYB6dPNyc9uF8tt9fwE/WPycUhgSMz6+aEyh5zonix3Ng/KnaDrq81EdG5pUGQ6UMwRobQn9FHqvGuTk2SvdXuHnYBXHUFN/GuD2VYfV9rHBuDAeiBQDYe+RH+nLHp14c59EqAri/1Fv7K95uWpVDLzSWGRCmvh+X+lWFN0hJP9Ir6/UGJkwGTv9gEnsKqt+nuQ64CLhZZUWI/KgHFtSs13qB7naxJvklg==]]></Encrypt>
</xml>


2017-12-31 14:29:10 debug :
------------
String:
account-ticket<xml>
    <AppId><![CDATA[wx7f83e93205d2fd31]]></AppId>
    <Encrypt><![CDATA[67RrA5IsYoXa6pacmSaD9g36XdWYO5hshk/R2oLM8QlYY+b8N3Vw5V6N20dQDEfGUDuMHMlSm097m2f5drnrycRtK9gvwhs+QeSgrvst4UUoRe3pFs8FfMYQZSJRniktjJVJW581MH5malqiJblGXXUcBPaeiDLzYH38ekvz0eB/hVC9p11S6GJjr1CUvqkAKzWGn5kOv2ioifYwSK+bh0XRFi4GDx7dxYd4r/jwvO+MWygzYWtZV+DDY6m86L87lqCQkMj+q4h4wiC5qDKZQCju5/CZ6u1RVAHhiYIywNiXIhzMIUmfR9IRojA895vzwul17u6SbFzXzfRjBhHi2/QmxeoOgzA6tU5FcE0P0r627S8J4NTGXTXnsXAW1/bREpOsfl5joExS1y2nnnua3LFFKf8V8EiR8jG4OmSB+aISDS44kuR2Hg3e/7TXu6I4ix//qdK7lPemeJEERs0Ctg==]]></Encrypt>
</xml>


2017-12-31 14:39:19 debug :
------------
String:
account-ticket<xml>
    <AppId><![CDATA[wx7f83e93205d2fd31]]></AppId>
    <Encrypt><![CDATA[yNkxwjSkOBA4Ot1PhUkqMReA/iK9UHBYTUtB0yUQg3O0zBtHs0oqC0O1VRNWpWlXcIA4wMEAPO0eAx/iTr9o6H5dVhrGHXnJ4cZChbyqHWUdw3I8RzR7vpoxkDaPwHPQ/ILJOD86qLl91hyi3VdowNE2UPDtCWFFnl9uGeM3ZQHUJJzsnvUurCJGLgzuIqbL8EXLgP/NVToTDS55LKRasxbmbdl7YIqwJ8jTW160aJGVZFeO2+LYd3n4OPqc35wPdUxtkdI88XdXYWePy/4Nl7W9dT8qGb0m8XjTaIWXsCHgJD7U+bvP5DYePSag0Ko+NmBy+ELjsCAfc1C8I2/1Np0JJ3OTALNEtL9aN/NzpCiOMMC4sWQjD6d2CUID9PyiKkrvKm64W9DiQBEa6wQUeNLLWKx2OrA4flpZYoEl9LYXcoLd5qI77LXsGEcilzAlRRYyXce4DoC78B8rfA+eJg==]]></Encrypt>
</xml>


2017-12-31 14:49:12 debug :
------------
String:
account-ticket<xml>
    <AppId><![CDATA[wx7f83e93205d2fd31]]></AppId>
    <Encrypt><![CDATA[WLll3fqd70uTczGlj47+1iPmOKS+eefxCHB2zWrzV3XnuXwFiZlOy196ToUqjV/cjGJtLVVGp/GM3BfxpKeoV2Xlz/QvdxV8/LUaxvhScqIubWtvwgDm1Qxun1oGOsucpASZLuMob11GVOUn0e2aaMs/VxJbArVMOSQIdprnORRrXmPU77eO8kc20DpO/O702Et3Vcwo2PQMpkES2nL9DhAEGPfUTYgwE/4PnSjcw+DhRuWixUAydN1kR8Pi4siQYh7xEN6RrYDLsY8wGKE+ukaFYt/BWDhW4sSe7WC77ehLSWp31ieIVXxwGKHFf+SwbIJJ544vSwR2oGddpoAwc6Bq824keijo38IQKib0QnpA6pagjH8s4mM7kaNRegWPPYKHenEpwDbV8NnvzQZjhMp9qFlAPdR5Hyf6KXSX3dVO6nMK/J+cUU5CX3gDNlsHpyfg0dt0rQ7gOpX/zeqLmw==]]></Encrypt>
</xml>


2017-12-31 14:59:09 debug :
------------
String:
account-ticket<xml>
    <AppId><![CDATA[wx7f83e93205d2fd31]]></AppId>
    <Encrypt><![CDATA[Rh1sF+MZr9VF2bjBexVZvNKIZ6/t2UE1R23j0kBaz1gaL84fmy2eNjiAjiPE9MfTTJtGVqivkmDz0Ek3FdWkIp195NLPwVxbeRN6SYT20g6krzh+bMW7x1kRIVG3ekC0IY3RonxCOBmCiniUn21eWRcOSgHIMWNjT9X8/4QIav4xEAfGRCRuhDrJ32+/kZD8hmPAwXZ/zRHEu2mjWjk7UZ6hSBmBhZa6t24UEW8fNQPXBVA3kc/VIRB7uyKKgABrXGE5a1YzNJ6b9RbFJUirZslmT7cnICx1fao8LKJyunrJvpVj5To5GNeBTSKbaJ20gkPbw3bMRbel4ya8KXZnL82b3JbF1Vi5HToSfVGIZmwQdI/yMqyApUTnppw8sYaWD7bgw1hOEm76CFie0vRH0xZP+wOZnnmO+o6foCrk0Sybf7ni+n9JQW6b/303UJQsV08/J0R6XQ/YwmedPJR+UQ==]]></Encrypt>
</xml>


2017-12-31 15:09:13 debug :
------------
String:
account-ticket<xml>
    <AppId><![CDATA[wx7f83e93205d2fd31]]></AppId>
    <Encrypt><![CDATA[a8QxIdmVXGc+nNDr/beJlS74QbV7JuLxhqjkdQ4VD/XVXd8I2cADS198abjs1QtOj72D7X8wAB505jnoTPeCMSLkILxBtvsqexIabBam0bFR4ljlzlzIG0SYl1LwJi5deB7TxxFPoNI/jCScDOgAHc6/QpqVbpMxOIStHzwIpJ1Rj/tNuU0pJG4Mw2pmqXM29lFjO78j1JpMiwofcXzokYzXHBdIHSHDfY6VWX4LSzpDkm9lRUTImHYnTCNF417oTY8uEhsyJYF28ntEusfXDt7TTnyZ1HksPVPkjgKksKrF4HpM02mPrSq8DGJUdj9+XWp8EanpBfUJlJBtByNbFUZFDfTUEuMBaSv7bJzx8E51Pym8V0tFAX6H0Y09TjfqS+0nhy7WfDi6wWGYBhbOyXIXp7AYcLIuSvYwSa3FJbzEZTzrcynAy+GJdUgtq94UCCjtdV+wx4+4G+zA8RDCSQ==]]></Encrypt>
</xml>


2017-12-31 15:19:19 debug :
------------
String:
account-ticket<xml>
    <AppId><![CDATA[wx7f83e93205d2fd31]]></AppId>
    <Encrypt><![CDATA[aN8EMEoUbUO72e24rc+mT1ZcshDEsvwai1iaIOsz+4xUiwnF1UvVP+3ONrIcXZQaE7XTSRV+g3OtKqKago1XsMiRa2dwgYKA+ZByCe1RPHmTVpi1jLAgEOnXg75G6KAZJ7O1dylA3aO05ie/1M6B0xZumCq8DFc36qQ/zF0XYs9f/Dxa3b7LkbCzbY5Uj6v61jXsmhN+NNL6CEHPD+278bWk6KiFHH8Qt3V9P77spqA941IjLFQhSHvoGO3mijJHrvp2CulCtuMTEtbYtwuIwBdeDZpUud0XaHrt4ebecsLE4ZmaMnprcm2Am3pPwM51Fca0caSNVFa1Wq0cOpmAj3YwcYsfAMtV/VkOnzpEO5y5QBe+3qQMi8Eq7SEUWFn3kRoO8EZb+hEtqP8FzFOWKlKD0W12f4RxYqkQoFB14d/miSsubxUt4JF866hJnZSiRQQJq2wP/fxMDtzV4OzZcw==]]></Encrypt>
</xml>


2017-12-31 15:29:08 debug :
------------
String:
account-ticket<xml>
    <AppId><![CDATA[wx7f83e93205d2fd31]]></AppId>
    <Encrypt><![CDATA[YrhmWI6gGLKfccNydxVUG//rHVUu8f1XvUxiD3N/zillwnGUO41FZjKnPRNwANCCI6RftFNAdj8dDLURR7trzj96NTd/IH8f20hlezczrHlsdJzODaCpp3INp2gve6FFOVdfUrrfWmdqXI+RuOj7Y17u4MV6y43pjxBPnviF8cMxB7hRSJQ1uToEKnEe92sCmAwWrZ5Yxt1GzhRQBTWPhfj+shejkMaTET/Wluvzil+KTp3Q1cVygqTi+puRnFtv+K0IzvaFV3L0s0JIf7cKll6eW+62T5g/cKIzkDTVGJ2dSMigdQpBH1azfI8FeSEbqH+PZC+CRWFaKE3jhiW+4Ng8qis8hnJJn0tO6mlTxi/+FJB+cG3Y21QdpNG8jA+lhwrxMOvdLm/cnG29n8ucACHztiFgASQIaZbubEklekRpqmRqqDj8ZEW31PVy9fYu2cdb6yI6qu1I32or5QO7Mg==]]></Encrypt>
</xml>


2017-12-31 15:39:16 debug :
------------
String:
account-ticket<xml>
    <AppId><![CDATA[wx7f83e93205d2fd31]]></AppId>
    <Encrypt><![CDATA[WjvPgY/ns81eDrIkZnPJDiYz5v5TQbyfFvEtKqN34GdckGg3Qdp46iY5vtBCAyAaVgmZfpLpg/Fc4wfW7YhEgvR2+R3gfHPOpZ1owUEIDY8ioXM9lxyEcDzmZZ/FZRZ5sH1Gd04xjZ/Zr72bu1IBfX+jD0uttKiRcYViginOY1aTOzmyltt7tXCcQ3ALECzYIT0xTOn4wCeKmYzswN6kk1/Unb10Zof1lAuBugf1PI5IHu1vnwDbJpM9zbxlsULl8CA3Ucd6c22Cv71muVfVG+XitMh88rgiaY9nI45ysGqCLdX9BDB8gfBCFGvQl07dtf4XTJZoiU2cwcbCt1RmrLwBbSkuQ1nfIo+BN3cCMGyHjl3UQCJqYz5eY0OSSk4dzjO0zUnOrISixJ5KtWmwAXsxxm8jjnfzIjMK/37rsF1bSjxoiP7jq3MgTgb0wLZctYYJrW/SMsHsYWc1ciz0gQ==]]></Encrypt>
</xml>


2017-12-31 15:49:02 debug :
------------
String:
account-ticket<xml>
    <AppId><![CDATA[wx7f83e93205d2fd31]]></AppId>
    <Encrypt><![CDATA[KSCxaPWIqQaNsAffjmo5Go1tv6LzKFURYI8RxJEzAelklazioegu9Ej3UkcLoUJ+x4l+gyEUs2oKiaAxNvrRo5Mdm9DP/FaKnXlG+Y3OIE7PVS9uxo/DCJXShIDK/8MMI6qz8qV4rwwD4TtsAAkNbxbWFXfDgx+3YLLCkMPsGvZoHxJA3cqzsIjOsnaYfwDAgEbdRw+HEtSMMR2yvybl+E2O6VWaUUb0OwCmhuij1+5uiR0plbNUXi+gt5KoPEfbG2SdBOw0Hj5retlyXPmCH9GKSSAUCfzcKhviJa7GE0a9PmW8s04UpJfk5itOFgxvT7SfYyYfGHTMT1ETL+uFFLaEZB4VeUINEwu8EoxgIzLRw0JAYX+Xtke2XRiBYrhsezDxwGaj5LCqD5JRvRhPGuyM1TknLi/FjjVhXpn0fJbR94HRYoUsXHmd+n8ZUlJLJfpCZcqwui6Lr6RUktNxOA==]]></Encrypt>
</xml>


2017-12-31 15:59:03 debug :
------------
String:
account-ticket<xml>
    <AppId><![CDATA[wx7f83e93205d2fd31]]></AppId>
    <Encrypt><![CDATA[CGCUP0IP9FZ+3Xy0w0IoDXxnpnktsxXgdKzorYent8QPXIMTXvDa0ttvk9u/qF2Z3qiiYKus+4p/zY59Sa3sx/C0bW4YIsKFRKA8jThumMK6lyAmwh0gmom1QGtmqOFTZF2GphL5+7gkQYrNy5LK5lthI66B6ZAbXBxR9/LHoFps7qNxSzIQPD3Zy5pcLToeHOzJvtT55veZBT86taqKD1UnYrPDlRIWMjOUZL/DiCk5ZH63/51ldZz10KhwrKNr8ARNH/iofJXQt3fxLm+VCfJUGrsPOpMm9vyRcpi5Sl5MTplXIBaUys4A9WntXUgdMk/SVMMbPPrKrqpeIOerlvOlVNmf+Nl39QQKuRwSSmAATGfcEXTzgWoPobGVrQmCsN/zXf5E46wF/zm1+jHhB5VW8MYVy9OM0nutk0+y8KiXzsbeYKQgPlYQelBhSqWlnyWk3a5LybgEcHZ6RqMbkA==]]></Encrypt>
</xml>


2017-12-31 16:09:17 debug :
------------
String:
account-ticket<xml>
    <AppId><![CDATA[wx7f83e93205d2fd31]]></AppId>
    <Encrypt><![CDATA[jZEHUuMjZuE2izxTKb/h9Tv0lakbgy37lR1CMr8Yf5wd3kx10lKvSMeiTiqCCWwqJ6dKfmhOsaSeKRKokZ331xewD4APTjYKwMPdV0H/Wv2mV+eXpXEbkG7XxZEcBIJ+EmLZc258fUJgIQS9/XMxBF1AuF0oooPvCWfGREZFdEUd8iGp4G+v8EAObag5ZSooYxvqQ0c22uLrLL0JOzCpLLz81JMSIDKPx7bXB0qH4rkh4iK0L375AGrl2fuPMBckOD6QjTjvrrKS9POAXp4BVtb/H4ib5Dz5pPqjzEcIDCt+wmcOFj9EMycTyJya89M+OX51FrOAWxfYUAkf4xTzfybbVsY01U11EG1SqS1pagfHO4Cqw3EtdLJmmsP5vLv/ZcRXC0Rpbs1S86S7K/7nQmEYvH01yGpAFaz3yooJq1kpo8oCpsUIwrNvmgLPFU5KGEg7y8mwqbUKzdnvkazLPw==]]></Encrypt>
</xml>


2017-12-31 16:19:01 debug :
------------
String:
account-ticket<xml>
    <AppId><![CDATA[wx7f83e93205d2fd31]]></AppId>
    <Encrypt><![CDATA[wprHr87N7dE8dbGU28Nvkbt4AIvDfkuP+Vi6SJ3wH9yx+Hq4mYsil6tBP2WKM7rpoFuQrKwN1E0YeGq+fb33J4K8m7/+wZnTCP31O/M6LwHM8itp7l5Gd6N2usz778zHysoy/RCXZVPNc78zPXVpsfByOEZtDTbK7Bv4bzI0umCgY67Ok5I/E4wJ4gfqEV4/HRmlHO6wMVbOsKdNDjfaP87RkRF1I/GExgKIWyDJje1wewJWZx6ZGcvS1RvwqCvWrHequlykIrWdiJ6s6PuFyuAzRDIIiJgAg63xmcFvTd2IHbB3XbCy4xRLf+TjqTGVRnOnucP1qUyZHl/ddhwUjE4s8ejVVeBFja0+2atxkdSGfsFsN89ZKytY7PDQC4YEFGL3JXkTYxcz7uP4cl0FOGUYReDbT6MLqBm3PkCm9ZHNLv1rOpFKpIcCmIeVdvrv+wCTB20e7ShSNGWx/URi3w==]]></Encrypt>
</xml>


2017-12-31 16:29:00 debug :
------------
String:
account-ticket<xml>
    <AppId><![CDATA[wx7f83e93205d2fd31]]></AppId>
    <Encrypt><![CDATA[dt3gUO/k20w35FPPrYLliaJetTwVNuXPCANdcAFI0oEefFU7Rkf2usrl2gwA4wS7juV0FAGWeYkASzxhQqmf0dr/rcm3+aKHH2/lzpkKMs6tyPiSEeJWVgu6AGkXxDKlo6OQHnygnDT4Nyh5bYjx26/5/46Bm3ZFDtOcRpAkDfV28K5fDxrJA9QSBRBcT7iYFAZeXMGg8R15mpOC234hk2v3IhQnHzBf8/ZVXAj1foZyJ6iuBH4hkzkve7lL5f29cwwzsaAKQhcGa6T3bZLL+yM03JA8GFKd85QHln0UVrL24Xc51Kabrc9/FDLKZTILdu0qKMPgsoh7D2KzFISMiRywnio/5M6B5LzC5aDH3KP2mPbhsM9eNtJMQLOX8cYAixiCdOaQs3vP816OUtWQm7f6Q1s2vY4gjLUFUVLKkSAzsIaUhSCt1n5JKaL/Lbnxo5g+ncgP3Zosgh36EmzEEA==]]></Encrypt>
</xml>


2017-12-31 16:39:08 debug :
------------
String:
account-ticket<xml>
    <AppId><![CDATA[wx7f83e93205d2fd31]]></AppId>
    <Encrypt><![CDATA[Q0Kkw8TkyMAuFMlRZvvDpphJjq4a3O03dzFyhMnlzYAJVB55VtYgle5UHnXTrZF/a/Z+Q2C1Yo6IASa9Ib6okNwhDcIdb//ZghDHu5rFYMyxyVky1j7zlMNYwWsfiiAxpU86HzSs8kwXloa41yVE6+qekMms7NVdWq7dXz06vcUEx+lhQaLEvQOotXEwYhiQQdLCaZVLCQgWtqj55AZGTurqx0NnUGou+Q4ruCQf5lD54ustdHrQxSquo6+E2rafCUuzHMjxfEO6r1qhD2lJrQ+Ef8AOyLyXS/qDH3FtmsjUjGv0FmwNoxxq5g7jLa3BvWitzZrt6c7K85WGS8PxFDWJOirldBzaRQUcQiKIqF2Mw0avg9LjaUsNew4LhD13XaM+Yy6WCqb761LmD3QOGpZZshN7FkR48d1ZvXXIMYnlMc4oapdVBmaEmJxMcbk0ZnRbvl5me9A9TwkieQF0NA==]]></Encrypt>
</xml>


2017-12-31 16:49:03 debug :
------------
String:
account-ticket<xml>
    <AppId><![CDATA[wx7f83e93205d2fd31]]></AppId>
    <Encrypt><![CDATA[XOi1OxTd5DMguM8tf/PNvGPQ4RDjmqkRoT3+3p5Z1DGcsHKZRWnKXtzzZYnl8g7h2eBuhp43FafJqiZB9ePJoS4g4bQ0sPiedRB3pBD6/KUH/h6CtDKHKCQxtn/feMii+cpLhZzc0KsNt2zfLAgJCnsSJz3Ez/iw9ZSJ939Ejegj9GcMxHsRxWd5anEHwKDdTbdGUOZ1T0XHpwJuHlNuQwXfyBdpl88AA5sYE7GL4LZ96T+pOPkxqcDsLwJN2G+yzdVCINLedShUhZgijPw18AV3mqglqVxJa1zr3SWz7ERaf1K3vwqEb8HyUzNcGVC8ZjA45ndKmCzMCYRtNaAbGpGQP4Ha6jB50+wP5kBOIKPyxqui50AZRRs0/dHIvPa3L4ejbXB3CYGVqWODcJhRq+ebyIjB6EBQrMLz5untE49IirZQA34fjSOYtab14t50VJf8Fwr3BWmj96BeZgRMGw==]]></Encrypt>
</xml>


2017-12-31 16:59:11 debug :
------------
String:
account-ticket<xml>
    <AppId><![CDATA[wx7f83e93205d2fd31]]></AppId>
    <Encrypt><![CDATA[hYyBq91cMlGAcmcEu91P58w+VpqY8AGeYlkjGc14fOJ4YCs2PaAr0WOPNdwped+xx0LN7f0VNdB+GQf9kyHtGc52KQ5JgXSHUvNk67Ddy9bS+cK7AcXxTAep97Ik2ooD+SGo2k5eAbcJZ6Q9bN1/C/OtNql/zgGcQy37JpxI627s8iVaJK7AgT9hKeQZtXKVJ1b2ucXnvHbj1lll9YKCW5I8gZ5Y1oLliwD50HtUCzMPUN/nZoSlpC6nQJ42NvsyKhtMFh9+ubdyfOXz/w1oCj8dOAEwSGtsOZEhPqA/9Xy8Q8V/l7XhihCon/gQ0E1vkCUGCsmZCo89tHuzsln0FF5S+eNBdRJAnEmRh0DJQWuguUS3FUOj5RKA95dr6wI1rxM4RMFTKLy5fUcPVXtOzGUSADdu4eSECSG/P7Cj53GCk9NcbrDr0Is7iznVZF4SddAUMafb/C7tQfAF+Q2RoA==]]></Encrypt>
</xml>


2017-12-31 17:09:22 debug :
------------
String:
account-ticket<xml>
    <AppId><![CDATA[wx7f83e93205d2fd31]]></AppId>
    <Encrypt><![CDATA[fZPmYwrvCABoRFCKD45OybPeAZvRFTGWIRIUsWwVHeWIkLNC45YbkmA4GNvxUlkKwl0X4gQBoF+7dlVAmaGkhiiXL+zR37eWbAIGXW2Imegq/iSbXWu86J+1pFvdC0twpMAZRc8pPsnfDwaKu8WyCEE4C7dSeNUdWh2Wg3Asw4t/iYMskPFgkXmPFU54y5kM3r5ApypySGKSlHtJel5dRmzeRuVDU361XCW4UzJIF6+0g+VnF0EVYJE+zgfNqAs5PkTeQU49aHpYLE4u8JLFEiPI+AsvG+3E91iBpd2cB8XAgQDJFC4rEnzE/SlL+fWXs2LhqkaYmVjLLJvQqbUyd49bzzvIyopyU8eqsmxBErwPUUYffKFRqfwLeI+6azLKrzrFVqlUTEuPWZOGuaUiiHQASJssDRVC4CNsmwH5SM9lQ0fNCnDqa4j6+3u2wfGn5QXQu2F1Pdl3O+SYZ8DSAg==]]></Encrypt>
</xml>


2017-12-31 17:19:11 debug :
------------
String:
account-ticket<xml>
    <AppId><![CDATA[wx7f83e93205d2fd31]]></AppId>
    <Encrypt><![CDATA[bvzU0slyWWDNB9YzveH7ZtjTHurJU2fqDQ3pHf5XXEDQuoPzweb9n+AkB+8ej99sk7aDN04xLIDU40WToc71y5cOq+YipMym/AK686EfJAbCCmCYeiEnOU4iP3+6vXnkfnPuJPBTnlnG66yJKVZrDxjZIGNZxAEA6XsSHKqrZdpmC8DSE5u/Anex1lz2b8nZhkAEfSqqK98kYEXLPiGc1Dq4vBEeq0tuBLLm29BOytGjK+BAgU8B2w2yrB4EB5+HQ/tvfSEfKmnH0VDy6JRjt9ZO1ZeujQJoDeY7vvjFgVadocghQqkv4uzKOOkKNpaUNtoNZcMN1cBWB+NNObv9TRoTS4GHDuip428POcpFY2aK1tIIP4wrvXcO86DN+80nSEmsd0Bc8HoEcgmoWMYdYWYrSek+Gvp8OjV0bGoRrXtOnEEmM4nbt552LhP4m0PwZnprL6uYK+SqRtWX4yeXiw==]]></Encrypt>
</xml>


2017-12-31 17:29:05 debug :
------------
String:
account-ticket<xml>
    <AppId><![CDATA[wx7f83e93205d2fd31]]></AppId>
    <Encrypt><![CDATA[3KL9SVeHh/IgGpB8T9fu0oCsOvlihtnwgj4i8GOvemt6tSF/EM7monJGQp7onCpRFDNetdLFK4bBA/boZtWqBkoTQ5RbXipOzll925lr1kLyzbztHw0pWpusop6WwNL9mI7RPW0f/cnYlnMtHM21GQpZ4TcME5Cf+7nHiOJ5aJ2sZ4j30wtrzeX+lkyPntGG52tt/KdprTUGA79xshxqeOYJacxtq3XbTvFXR63lRM8AwoP8IfSkfEllsD5u1aNdlNI160v8wVQmIG2thqH/fFNg2uITlKbOSbLXVanA6/lIE/zvydHu2s6ySfZoBpWTnTNI4XL1hTbG1F4ZDwXdXpV++LpKulp0Qmb6tNZMVi1ODa2PEEAKOW8UF76vXcaEi/GRF7OCIyMARAszIji9JsGkkOT29N2T10kxFi/G+tFmHCYH3cmUYl7CUHElKVSIkWNCKohZ3ORnEFrNrIluag==]]></Encrypt>
</xml>


2017-12-31 17:39:09 debug :
------------
String:
account-ticket<xml>
    <AppId><![CDATA[wx7f83e93205d2fd31]]></AppId>
    <Encrypt><![CDATA[CrHH4Hn8WYZqNkPaB5f+NhvZPNQk4ye6ZqS5fUPxHMFQX9SVqU46cdhbb9tPnKcYU8xtsJylZn8F+rC3nqYsr/z1rDWJ8zYNVHWDHz9YQsRE2kZDHRJI0DmLg4cFTV2N2Jm8BloaeTZ0nCkqIhmSmnP5H8ld7m0+PSejwBZAfpik2U5rzpI8spFMYcAKwxkWBAl/kMIwJQtxFl5oLlV1u/cmPZSiBfDyRQ7gGA2cxvQmqsQ7j1Rva2jwPlWuVQoexinEiSW92TzZYk9fc2pooxwwfEXRWMn8LXl4/ykcrAnBP283JVYIG/M+vZ4zhLVOvtqID9Wb4JZiS9jvMhFPvnQ3FL594qCihbJ0iHoIWSF6/Iw1tYqU2ku6m0jPQm6f2rvqrAd3FVrbruJr8wfMjGA1OGf56I1YiEvTZDuPfXiIzcu3YRVxPURJpiBgj+Mq9TRk4b/pU9a8sNwpGPeuJg==]]></Encrypt>
</xml>


2017-12-31 17:49:07 debug :
------------
String:
account-ticket<xml>
    <AppId><![CDATA[wx7f83e93205d2fd31]]></AppId>
    <Encrypt><![CDATA[FJ1R/yk4lfQXiV1JwwmS3ZWS9g7fDaoShp4YjcXF6FFh3aIDZC590oh3MCKVlXVzFOoAddgENDl5yK3XEZuXmuzadh6Ia6LxC/HX/w4qHQ/+jCzPMN1hJcFFQ0kkNfZLOvT/TG7/45stfQ0lZvbEun6hT3r1L2YqUDkaBB4EmYfR8rtE517UDuNTgbDpa8fkug2Fl8VOb6wOCt+pTZCDc/RdIRAa2De9V3tntOD6wAKajrYIGpkMx0a9PJaWal0CQa8syKQRHSxXLUJQAwTn0TPoJBFIpChYK7TuZF4j5JOLLUuje45M24hOOT5307XFqWvIxBCLRSdq+JQJvcER2NeL47QPfwZ3ZV4NtaZT2wKdV91iEDIfhRlAQn6ov0YUmu4NrzVhuHhGiPfiUxRyfwqC13Ssj1AXXVaEMiIadBgWlEEOaYv1//GzKLAJRial8tQcExkiU6KXgsPOFcwy0g==]]></Encrypt>
</xml>


2017-12-31 17:59:13 debug :
------------
String:
account-ticket<xml>
    <AppId><![CDATA[wx7f83e93205d2fd31]]></AppId>
    <Encrypt><![CDATA[qzfjvYl+6LBRwe5zxeerQJWjffaQXZF9hEeSlbHaq7XODisUAj1FQFPzE15JQgP8KqTHC95vzEQNawqVMzdRqNSSVuH0mng24yFXWTVez4gR5CA+tGTzqbNm/YgPhQUzTjH/1cEostB1NxA93DiSWZ21OF3RGtj5pPyJmCsNXMgqYqtQF3XI5Asvcdnlq5I1oMHfksW35xELj4R9lo+1Im8NEf24hdo48AUOlIFB5ej3dWmaAqTBzKyZLC5x6MglVFrA7g3Xd0KzEOuKyZItjU4mJz7cF177WMX13g+53IN9YfemDUt9xW+BaKqKZ46Bh9raPiiPq5EtXnWoZrTIA2P7OsLLODNc+IlcCsi1SA3c4lM0PFKleO5Re6XMb8QBHMwJJgDlgTJSGasz5BTWgAboMUTrvgWbH9zkWWIr8dg4Be1dgQMsp7XXG6km5qON5hJ76p3GvGtrPwYQOpgnXQ==]]></Encrypt>
</xml>


2017-12-31 18:09:32 debug :
------------
String:
account-ticket<xml>
    <AppId><![CDATA[wx7f83e93205d2fd31]]></AppId>
    <Encrypt><![CDATA[dRaeZeKncdL7XDfKRLN8a7p6XYQn+qQDoN2mcRDUA3zN8WHJWUHBFaN10mRpTA8IlIsWoVAhyqbCuskzawC99Bxfu8VbDNj65cfqYPptCVtGEn+bVLZHsVxx9DOf/geqnrSUx7WGLyc+GdxL0duoWw3jqZmW5L6H+RMfSSqX4y84LGeelabQp1mYS26G/OClTioca4uFHdQl1uVPS6wI+7fE9SLbVaWrA2HmAK4N2kHass6s/ooxWirHiPBU/XCfyslFzXSN1V3leOVIwwE2kzykjdYlO/TB2BShILgL/jduGavKr8z261PJ1feGhsOcNfEjLKBRN8E3om7sIeFR4wKFt/4mHrPiFV+nl/6xhvk98RoRp3TEPqoc7a/epXD0TxK2KP4/uonLteUm6LRbilp7UnX9WXfOs4xm7o/xoS5qF02ul761pvJAc/GYlPDBzExYzAEZPlsXNHZnmCalXA==]]></Encrypt>
</xml>


2017-12-31 18:19:15 debug :
------------
String:
account-ticket<xml>
    <AppId><![CDATA[wx7f83e93205d2fd31]]></AppId>
    <Encrypt><![CDATA[iGRA/FB2sQWorOzgZ/1Lzas2L519klXtOaeNmp7artn1IvdYUDIWZP5/NwLrPVyytTbQT2rJC58gFhC5da+G5uOOo9jrUGJFwr+BvHMYUBWMOMwd/FaxwgmRFMW7Mj5uhweS1+VLjWCP741rGSqcQHN8M0Pg6zMZpGGJcalfXupXWJf9YadsjUlfrRXkxnKXUjsM/JLxtMLZPvPldebA8W5NLxAV47wj7gyPcsAghlr+bVIUcpgW7cZBYfBQRrhb3fa//AbxNTVc2S8wVCwvEWgMdtZksnk+BOUu+r9rZxiK93y4laI+TAheZU9tOdViF6EcIG2Wiwxn+DzXBA7YUbbTEtmfccoxZFBMcgdruxC4snyGS4ntiGHqygPYfwdSDxQkRjHkZN55Htvj97mMtvBZXT/PuZsGvvyypVCwLESovzYAEIwcEZpZFShCU3dJMo4+egcMZ60yFdy06amnrw==]]></Encrypt>
</xml>


2017-12-31 18:29:21 debug :
------------
String:
account-ticket<xml>
    <AppId><![CDATA[wx7f83e93205d2fd31]]></AppId>
    <Encrypt><![CDATA[VeZoWmWpGTkcvElLM+CyC7fXFa7nfEVw7SAyAZdzKrWRi1epsBzMvDD+uvrJ/vgIXrNBYgQu81XmQ6y0FmSwt6PVHXN1aCJNf4g056U9Ef7gaKzc1ANSZQ3AnGGMjj++aLWXG+273Yt1c0p+6xnsZJ4ma3uZo0y9IKNvqk7E16bih9lREg5re5ClmYoklqYrEzA241AN9+NyMcBiqaGwND+ykO9k8murSuBgG+K5rD9DTHDP9TMSwp1XT1y8D/TgLO68LFy2dDFxSWJeLFJ6E6DojC6Vg7+FdNyP1MzbZXmxWUSkFk1odGcDcseotGiUBKUr6JBdaWCKCyz/DZbnPpB148feH+gZnuUdRfSLav9VaOF44LvYtzeud5hsCapatc0LrpJr0u1TUNd348Lrt883y5eATQwVM+Z204zkkqyGu1TFjQjd/45Ik2uSS8x4164d6zDBR8YosArX+2yYxw==]]></Encrypt>
</xml>


2017-12-31 18:39:32 debug :
------------
String:
account-ticket<xml>
    <AppId><![CDATA[wx7f83e93205d2fd31]]></AppId>
    <Encrypt><![CDATA[ZPIsIUxzsXP3DO1Vxh+AVQNNEvdbEIcFb2qDNNqZ9RewkwrbF1uLpBoicgVcPlTwDNQsYTE/cf3Acct53PQXaNIJjCsYxVIiKETYBC5cC91fhmMEe7ofzjw+3agFcWy/LmMbm/t+lTWTxT5dyVIUEBD1h9nXoC7l25Zo+rn4g6LVtV4BvzL0BydDruyYFVE4L6GwnO7+/a8TC3LyLKGZzDU7GGmJVWDYsk3ozEYPfKOcc3IRwcXPXAWZ2ga5ZQGDYw3fWuQr6GwrIGzo3Bm09qlgdS+e6MJB7MxLhjZwDn00fWghFjD9r6VMuBbCuRswo93x+S6OCj5jZn0uBMAGAMwtlpGdiReYeTtM/KZgGba9HTFCnf5cULj9sWawrjx496+dfIxrWPcNvHrlavAapjR5eBBk99m0LdnbcOWxUK4YWaDw8In1GRXe9wKB65kZrRanRSEvoLsBNNJllVmZAA==]]></Encrypt>
</xml>


2017-12-31 18:49:23 debug :
------------
String:
account-ticket<xml>
    <AppId><![CDATA[wx7f83e93205d2fd31]]></AppId>
    <Encrypt><![CDATA[wpiMrm713bJv2+qM5UbBP4q3ifc520rMOFIuZZ/ZE/JIrerMCH2PkJSIQE1EbdOzihdQ+o/qis3tM2fREwQm7JqLeYa1+liC7MzLqENdFv9oUiyXBMykbtIgNaAPOQWeXgQwJOlIwvNFDMtaZSRQZ6RorqfaK8jvIdOT6DPwGGeituAqxUOefDPwCM7sNzlDtUK7Q5tTwSmucLlbxiYumpgXT5yzXryqDgBXfB4CZ6fAaFjfk6JVwDauOS1iOZ4Aja4iseRf9y0WVuARRQV3ELgb4TSkIHjiZr5+ttfe5fVns44y9qx0hQbeIwknNCqRO9OHEi2VimAvZPXocSnEakuGDgNKIy/eM2dS/Cu1e39t1BniAaZI7KTMn6RBMaoJdoQeEUjFPtAiBXyUmQ+r/z8+DXizP8UVjoPAhdc4KxD67LfxUlMcre2NqMHTBD7FwtUviZA0229srruAkjmBhw==]]></Encrypt>
</xml>


2017-12-31 18:59:18 debug :
------------
String:
account-ticket<xml>
    <AppId><![CDATA[wx7f83e93205d2fd31]]></AppId>
    <Encrypt><![CDATA[fPMNEhfbellLCoU856yHDpQE93K++qkw+T1Kru1VUnC9hGEDE9eLUIz4snnvWk++Lz42NoCxVV8wuETYm9T9zkMF2TIoE7rRCe7VkvsvsaVNzAigKSpYSX/9R2zETKIY+m1KLlo10WpFNZtpFKBVGJcidicS6QR62B6kRTXNRiJFpN0xIg72wj7Z8EXkB4Kze3acoAPG1+2phqW8/N+NFUBamhIkDPP2eRTwFPFxbd9nFDABGoAeoWKtJ8NT85ja57x8OOzdGPZ5jbMt72bTVO7qWaB2tBvSITkg5FD9x+qekiAVGEIgcV+CYrCA7K9c+20JeBzpt5AVKljpor0hRAxlutqqafsyR1YW7jB5R85cKggEy4i33CyT5srRTNKeYsd9V+d+dAouwjXt+HZrfXacIVq86aTx3allG9HIEDuY3uO7jweALR3cnKuAlhyHpp6s5O3+iQEDiHwn7E+CYg==]]></Encrypt>
</xml>


2017-12-31 19:09:37 debug :
------------
String:
account-ticket<xml>
    <AppId><![CDATA[wx7f83e93205d2fd31]]></AppId>
    <Encrypt><![CDATA[TfIOw7i40hJ8tUBWRYPy26c+rPNQDmUqR+Wg1PQlUzFMLSVKcOTHEpKoI7Z+qU9NEmFnzNKUN6KWx4H39Vpn3/H2w1esV7kidkBUwCh9bbnFy3/Vy5R3tCU1Rm6WybZUMckmWFYSfa8pF0iV364+De9wpV7XMaH1XQEmJCHgMLNXZYOipmmvqabme4w1ApcuWvALLWgt6iqyFwOj8o1EJzPHd4biBQJcxbcciyDpV5ylbeCeY7oYm4ANqMY4lFbldENotbRdzoNWLqG75gnRyQuYB61ACjhw7IC3FiqbgjBLQfsWNVxRl79icHT4pRU0fxK9FD4G2JAczizRiuguIFycCfnjHD1xca/DGy12HEgBpiQZI7HVfV0YUMVIWIcR1CZP367sUGl+yXVQ8oE4ZJiQTcTQHHoZT6s+S3Pyh0DFm0mKWS4ncZlDO54/TLhLbq48FnHCV/EYAsDr3TsoNQ==]]></Encrypt>
</xml>


2017-12-31 19:19:17 debug :
------------
String:
account-ticket<xml>
    <AppId><![CDATA[wx7f83e93205d2fd31]]></AppId>
    <Encrypt><![CDATA[iQ+tWI+IDCReHA+XkNV+2MtKsxNb1O8Qgd2B+hx+zKZzWoOvzfIn1po89j1IM2zh6ErVbrhoZoeryCR4YIYat32u0W+W1ZCbZ3YXSMXFTpkRczDkpHY38lARiYZmcu5FNei8ByYUMjF8rfQh6yKx9WarVsaQIfg50Db6Uc7zfH5TZu100PfCPX3skfQbxHNK8caJHfFmPzFAWjZo4+EXwtUTF19GXnHEsAjBNbgCw9qON1eETJeH7GpTzoiUuO3mb0XXhsr+6Euq/zYInLbOQF9VXh/dNfVfKtvkLNMAYZDvcMrbEVK+jI8VZhEjp7pvPaFyeZFN+04v4pLM4lhlp98ecBCfxWGELJPtGYRFvLuSDOVfDtOavXLSLmekVrNEldP1mxU1vqgbnozHU7ZwXtGgR9eAvxktCiDNgPyxaH/sG7QsKwsISam+wZQMWZQIs0xy4QDw9X9a1B7HrgipLw==]]></Encrypt>
</xml>


2017-12-31 19:29:24 debug :
------------
String:
account-ticket<xml>
    <AppId><![CDATA[wx7f83e93205d2fd31]]></AppId>
    <Encrypt><![CDATA[ksg0F6qHSMLEasN7eYhOshVEUO2kwNwa17kXVmYzOA0iit43VOiX6aFWGkvMwBl3w5ovb/RG/1C4cHXtICRpdlBBl81dnIO2yVvsLqEKuI8aqi1NW9NkWyty2Tcm2+hGIu58v0D5tW2JTiyTIk6ZX8STzpCaamakjgAFm5mbPVGjFLP9UZvx/bZstBXLXOluQ0yiClZz+7CVza6ZugJpwg2Jyc51+Iw4B7+OQqahYzjjh/oYgQhFKGf/cZnx5fiICjqIfEpME0QCfclEPNIIKfuQxZVOKSrtoBOAhTXAdVme1FvpOfnwINefX0uGiDZDD2cuUp/+BfCH5jjAvgrBsuicVmPyfICSmNnoDXwxlpRFI8efVoukd9MQF3fQmA1UK5kna/cRW8ALHFQbHo0tO65F8QVW0/We+gM6nFSO/GIH2rq+tpT3sN/UtF0ITEkiEjo3BtVW978F5zgsbgZv6w==]]></Encrypt>
</xml>


2017-12-31 19:39:29 debug :
------------
String:
account-ticket<xml>
    <AppId><![CDATA[wx7f83e93205d2fd31]]></AppId>
    <Encrypt><![CDATA[Ogc28jwM9qbNRAuF2F3VjDmzq1+Dzozi2gWlEwyZJ5zNR4s8/BSxmYxhvGJm6buIdYkFBjgYapTxW1APapk/MHI1kPTeAQrD3idNm5+qPok8Np+/NVOa/nNGituK7IsXEcO4NHUDAH3gpWUqFCoYxLxMIBQ0nwkkohnVmrTq4itmTb55otcr9DWpNG+55vxawJ1zNoP/TZ8dyFwk2Ecmnvcu3Sp7nQySPlwGmABUksBddX+2EN5wAFmz5w/xD5gfjbaLSwz6vdisCrusi9g1eWYySvO8HTNmwwKtrTDhuvP870oNbHpyyG/NryzhILLMSVne0fR7q2aaKAll1pTlXPDd4SjLnayBx2DEttR2u0m8AgyCDM6ANRU44KUm12+mTxjLFq4PMSC0QZcayaWuJ+7Jk5pkeQzeHv4nspddPvNZNYlJi1rrazBo01hRvvWVlw8W/2154275al+zyMgktQ==]]></Encrypt>
</xml>


2017-12-31 19:49:27 debug :
------------
String:
account-ticket<xml>
    <AppId><![CDATA[wx7f83e93205d2fd31]]></AppId>
    <Encrypt><![CDATA[gG2frFDkL0EvYHJhno+jY1+AYziN6of6psEMr3Pqa7A30P+5CmAyJ/cmgOdV0csDz8vFZ6Vqqyml3UeznJpsxuKOeMduaDMuqj/of/Tkos8h3WQuTxyFkH5FCBsf0FT/KH1Neq3PLYxKhYMQDmP75VAaCvjgsr4Z+ad1HInCEA1tus87c/Oxj8B65nC17vGy/E06zOk3/NBsWd7tniAtaUtz6KyaRTG3UPkSs4iF2CU1CTJnx+icbuQNxo+Y0B7jU8N1uD7Gmnsdgr2qSr/aDZ462NiPRIj92u10hqgWuxJ8Q4iqiSjByj3eQgM0aAY1zt+ysRjbFdt5U6NDLgFV/B94Hz4vqP2ScIvvUs18L/jLEZ1JAUbO62shgcqPnK3fZ4Pi3lWx0MZD3w4REFAvrCLfCl2W+oPGWfy8k6mzwV8CbYRTdFty1NOEnjHxzOmXAlTewIEgPBHiAD5ClHCyIA==]]></Encrypt>
</xml>


2017-12-31 19:59:20 debug :
------------
String:
account-ticket<xml>
    <AppId><![CDATA[wx7f83e93205d2fd31]]></AppId>
    <Encrypt><![CDATA[9W9VYpVEPHOQmIu6XjrS+/14jIL/VRASvbY55hC1DDkzC6dCGN1u0cyYaStIlLv0/KyYrtcqKIuUboXzM+phbyoJ3C5cwRSLl4eYNePlO2KMagWR2f0YIMZ/ljpFC7QrX2EF3Ing82B+3yo9oy6gblUsNn5qzIuPuOqund3znLuEIWE8SZaJ5UCuyZaI5gO/GKJCXhBzWgMb70PngZkd4kbOqAC/uL2S/LG2qffKRtCKuMIAkV8FDHk6OXOE1IDtI0UW5Uin2uyE5MArWqrbl5mlz95phS1CzMatzzLi+UVA6q+sC+rG8Y2Y2xGvf3/G29KADL+LPVWo6ZCb4OvCVTdKrBPixmsIKVINOFF8M6LaZtarA/jWbeoPI9yDoHZeBZxFc5L/yiC2y/XU4dpCGL1xIjTmwevDFV+uvYNtBcRlDHCscWPgAxRNI7SLalOq5BxzQQZxvUrwNSBD8QyseQ==]]></Encrypt>
</xml>


2017-12-31 20:09:33 debug :
------------
String:
account-ticket<xml>
    <AppId><![CDATA[wx7f83e93205d2fd31]]></AppId>
    <Encrypt><![CDATA[agzsFowB3w8vPvsuX5R3ssxhtzDBpXK6Ubp+G4t1zQJREhLKF6kh7M7SakeAJbRGB7lgCqpIojGOBuUZIwzzJZ9BBzqKv5SLBe0r9GNjCEH7SmCrbSw7+xIyCA50SWQnRnODco82yrE5OgveLt9n7MRb2+ZVtBTHVdVA1ly3tE0l5xdbJpIUy8i7ECtiXzHPmQzL0DegZLsGAQLERgnVTxwer5EJqAq8T+/yPJeEFKh7JLRq9EWRUugSba+T8s8YcCGdSxsi49Z/XSR+CG+86Bj/Di+WOuJ2MHeITGqTJ6bakGjM8qY4XanJQFigwv8M3KZSz05OrPynYCOsL7xNZIIrP2DukQNGxzgrIM1eg0Ka6qS4uzLbabBIBcRSRBtKrEgpq66usxtZazCCZ5PI0s6to/87J8lGq/n5w/SB74NNZRdfbRXBk8x4fdeDRyQFnROFliRjL/ZyyF9st5O8oQ==]]></Encrypt>
</xml>


2017-12-31 20:19:31 debug :
------------
String:
account-ticket<xml>
    <AppId><![CDATA[wx7f83e93205d2fd31]]></AppId>
    <Encrypt><![CDATA[1deZSCcD4n/hwmNTAB2VFIDK8DG2VC/1nyjLlfr8fEc+QnXQotkSYkA5+qHUm+57oTgzGsRn38IxMPkaZ36HMuHzqtjqmbK6YPDm5PXE9CJt4uCIL3UyDYpewb+kLefvckuQHDxOd+ZdjLWAXhPBM0RboOPxl8TdoLpU9pHo9iFpreZP3HVvKXu1zs3wx8OxtqzFTyid+deQ2wEhWKHxOZIAFZcp+I3OZiFBdUNX4pdXmvzCU5buEH+BUxDQuQESZ5gu9envPwVayh+YrpFRo2uXFb0eW9CRmNfVVkwLQAP4fEDlUcxr11AKjxIBTFazqKzGFT+TfO7SfTUV5LvdqD5Oh/r1Z1FzEx3sV+0/Q15O3Piz5HyZxKJTL5B4uWUWlLvAR0IeN067LDsScyYPp/NiY6OmcNYaiBeyQOh0aESwGesTjzYI5JfZeJy/7Xq0Tdq1gfEVc4IPEjnSbMT1fA==]]></Encrypt>
</xml>


2017-12-31 20:29:25 debug :
------------
String:
account-ticket<xml>
    <AppId><![CDATA[wx7f83e93205d2fd31]]></AppId>
    <Encrypt><![CDATA[CxB6fAKabNY7sMW1diCk8w38Kod6OWLD9vfhN2pb5Zt1eRhWxPjgFnFSzrOzA+zDSYr7YwJ2XfPuWO/TstWKjhLAMhAxHcp7b53KysRyZI5DcCHAZuEf24utdKv0J+hvuw3Y9gTaWlbX2sivwgJFv1k+24kFbN8pBqQ4vEp6BJavCjUZX7Gqfv5jDqk++2VTlJUEuFNc94KOoT8hCTtSzFEMp2ZSV/HfYGXAV8Do2jzhV887NfyyhSd+FUK28JeEl4tDcsqEEmh/99JRLeI27VywFvGozpdMPr+qmx87Qi87jluCdks9MByAITQXcCjkxu60PZHxJ5d+CJSURWtWBs1zn/fh0if4OmqMRs7fF8ojW7eikTqJ3x61Mc7dn52XQ1Dhc+AZZDAdc+zPn5V0uqe1LgJlp4okgVDelJQnXt0zqMwF/qLECSOLLAAMRry/X3c/n2nCRTU5OzBG+yNY6w==]]></Encrypt>
</xml>


2017-12-31 20:39:41 debug :
------------
String:
account-ticket<xml>
    <AppId><![CDATA[wx7f83e93205d2fd31]]></AppId>
    <Encrypt><![CDATA[WNfZNjTG2sWSxRJ+uWBS2sAqvmaFnMS3cUCAHGrltqG9sJtNdan2KLR4qFnc5HUv/bYY4VOAjSFgitJk0LYv8Y2oH5ZTQbqIT6rOKkaUeWs5ZvQKqg/ICEMgSUlHQ6qd2ZoyFH4MmxYNQtPJEGN3EbIPfTn10h442G1Ueclq42iTh+V7X9HH1cowEC9jzRphpVSMnUF2hcpTs5vhpWI/mvIbjqvai/jhqz7RTVKvRUc4yTGTlx85KjwLYZhpM8jRVNMmP3uWYHRwl2jQqyR0ZYR8mEmEsBVjogzTf2lDDQi39vGSgmwhdVqQW8jiwtndmCqT2g4yzZVucim8I+JYaAhVe37vUXoD+9xIt7dGV4QArlru/D7p8mRSptVVWH+hEibDZYuA+63rYkS7Cq3Z1YFI9OIpkYlfUyuBGVoRKm9czdYCmFS2P/C8+ehUexqgh7un75aQDpiGgridMhun5w==]]></Encrypt>
</xml>


2017-12-31 20:49:24 debug :
------------
String:
account-ticket<xml>
    <AppId><![CDATA[wx7f83e93205d2fd31]]></AppId>
    <Encrypt><![CDATA[6yBLdfOuzXXzzPPXMkTnIPig26JTRQkNX2xUoGSvwk/WOVNjPPyGY9+gTdEUqnFQFNCj4PKt5K/7vAIwV02ohMWNegmS7zlUil96Ugmu/q4JJ0dfYIMwC34r7xVX42yhkA+B5fwTe4Vu1+L4zUVT7lm36tCb/tMWbRzV8Mpfq8hyr6mOJoZMLnLsyT5+Uex+Tae62Sgdg0hbHeFCmBHVmMVwbWMlB7rRyNzq8plWyW7S+nA/hoM/TobZgOSKIYKFHizsVUpv2Fpz4+2aPkFm7VHUvSNQCIi0+sf9yNS3uwtPSvgF9XcXA2o1qI7bkBAFwx+2MR6c5cAmflOxXl5O4O76etHPf8T2EbTyDBGYJXW57AJ8PNcnWob91vk0ZIPgQ+5+MNOimnr5jK8nJMbFydtgEJCh7XyG1O/oYVXseYspyOEqtPX6spsiMTHSjLO5WzY5db1Vdsrz+DAkAVP7CA==]]></Encrypt>
</xml>


2017-12-31 20:59:20 debug :
------------
String:
account-ticket<xml>
    <AppId><![CDATA[wx7f83e93205d2fd31]]></AppId>
    <Encrypt><![CDATA[j5DJJisv1NAFTp0KhKjnH4P8IXETVrcF9jyKzMwF54e76Sz92eh8ul+IobXFoC2aZS685K66p01bNYEZPwSolhf+2Yfs1x2Jx+CMbDsTiaMBZh7uLMpCbm3db0gyP+vywQ/S/0WndQCtJJAf9sC/V5lFe+loxA4uOdhRinzIxNI0yI6ZRZd5HgKZipqyC100F0N9lfiEaxJ/tkxq6G6L/LAhBTVTBs0b8kyineRi/TdMA4lhOlanQocj46T29QB+PF0zSru3DLsf7lk1H49ifHpGhf+g+S5l1fYP7amNG196wOGeQp8YB5lIVEG7kM+xJIqTxUaV16tiTevBMhCcTWb1B4gEwCy/91mFs/c+yVh35qXBWdbtd8ypZ+YOQWYqajyEQq2T3QiNgwBX25EPfMJKoUesYWCs9oDHOGVEzst/2wj/fSvwf4fMR4pUKtyFIYebFsUSAEyw9laOoJlW5A==]]></Encrypt>
</xml>


2017-12-31 21:09:40 debug :
------------
String:
account-ticket<xml>
    <AppId><![CDATA[wx7f83e93205d2fd31]]></AppId>
    <Encrypt><![CDATA[wwVkII8SsiseOs1ZaOcrPLqOmRoX9HU5AwJ9c0hWTjmEkACdsLy2gIFwp4nTlqOvu17Mx5Zac7PUXGBccAdT2m0lR2axuVq+Dbq0VpaUVbvlcIGcAbCN+w3ICrA5MiJNGCZHYZIld09hpwdql7fpDQWFkgt+dcOxVllHd6cyM+quY2xV+8YA/Xoffy7pT6hCkVMo3312NwL7nn7An5d5Np2OtKEAHvNwJrU4GtuEApAzF0TfutjCu1WqSEgtck4ANaFK9MuSzTn7CjwoKgFBO654doewhqcBoZs1f8YUuXYrXsD+RmSzLZQ/TCcOKX/dQlnIihJcz7dZOsSoAZJ84+HTkfv4mY8V6GfB80g4b8zzGGadpWepBI6R9OyiC9F5T/Frcq7+drWgyUWYCXAbu4djonUR7ixzb9fOtbQpkJ8+YZJRKJIqQyHubTZ6nFZb8h2vfBDGTHwGzIvxOfyaEw==]]></Encrypt>
</xml>


2017-12-31 21:19:28 debug :
------------
String:
account-ticket<xml>
    <AppId><![CDATA[wx7f83e93205d2fd31]]></AppId>
    <Encrypt><![CDATA[flO/JS/HZ+WKxlC3zAiZvBcs7//H9v4f720zLcQarOXJYsd/9GaNWcXo9PFfr6KV+IyrITJxm1ygqyGYOCo+2AuMmJjN+L9ADG6EGtNbc/CodzmiYDRlGzwS3EumO2bnuiBZW0HS/eI66rdyc043xZ7jnKJKCrfsEuEWXMRKYceIYBduGhP72bA/EaW8uSzBqA8FH7ooMzQSJBZhPanQG+X9dYaMW5Eez31rHlVQq9IlZIdPtrNFL43sxmr9w7KqTiVg0mlvnCIbibygnFy11Cks+/KmGVLTcAneQHlgjnqBIUOd+eQNkLu2N1SZvPg0JC0aeRGWVPO57YC/QCdOazJricMo3xzljxk/SvqLSTJRgVMS7ICA/0kBoQ34cVV2pAMQQEFfyEf79rQHPExX47bp0bC/bOyPxnQc5pQDuOk0jq+JCtkiN7zt8VoUyHqaOexZbDmfCn1b+ZPYTN92AA==]]></Encrypt>
</xml>


2017-12-31 21:29:25 debug :
------------
String:
account-ticket<xml>
    <AppId><![CDATA[wx7f83e93205d2fd31]]></AppId>
    <Encrypt><![CDATA[0c+cEum+iudAtjdCp2MpqjfjXzbDG475x85CnC0SzD5CJbrlHDp018jJ2Jdk4oHL7XxJdvOqGbVZg71kRzcKM9UuNyxPiuyOOKf0/OL3peYEFI/lhXfNcOfcf4FvwcUvAubN1dR+AO9IPLQFCMImjSlNQc3eBcscsasQJ9kesS7Fv62/Q96TQ4mIHYS9yWxsu5xHMvy7wmH0w9pX62aOAcBl1CGZbeQUe0UDh2HaEExZ09bsmMXCRLF6Qn8Su0ISKtGDWppCqP9E2OGAcEGrfyIts4tAlduvq5b6UwWqO3PCjx7SRZx0LEhepoZaDZgg4ryZ/4Syuwjrmz76XQdeWubIUJIpz1XWSbfXqlYy7FD+W8nMKi9uLJ/uu+UzEJVsb6ebs5fB1I/CY+8TZAi025KaHPW4D9CmFXK3MpMkdQ9X3+wSIbtRC3XcEHa7oaZvKeGAERZoFXX5cVsyCpCs9Q==]]></Encrypt>
</xml>


2017-12-31 21:39:19 debug :
------------
String:
account-ticket<xml>
    <AppId><![CDATA[wx7f83e93205d2fd31]]></AppId>
    <Encrypt><![CDATA[l2WqVyfTPwv1ZZTCg1NyJcvKCg9Hgx1yk30pqe/Wczy/VR1AN5Ki4fCCZdMfoqiTy8CqoagdJCRKNeMALGuPVEeY2O3D+BsxLUzj1uShcEESwF325fitsO6AG0QZFxGMb+fX1Qfo7GPeBJbsTbqkYGhaI/cOdAyqjrbM8waYb7itC8UxNNdY7RsPBhqN0oE4258GFfDW3otURyfjLMU4+zYVY/Nuj3ZlR+NFdjTVqxH61RauNOBgATfx84DY1VeE2sPRdD5TWSsLtogMpBPRHW3ZPLIzwyj4ZJ+PEoDuisV7mFZyh0ajmxFeCZogKoSFHgVi42ZxW8D1oj9p1maXkBm1fWGJ3PFbeI8csOL2l6mJ9TKi7GSfITtkfhoEJO0gyPSudKuozraL9klV2i/BQ6jZP7LDx45IhtTMSPiA9TYb4+PR+0iZY8CIxbxQd7NR4ZCdboM0ExO+MH93n04qpQ==]]></Encrypt>
</xml>


2017-12-31 21:49:11 debug :
------------
String:
account-ticket<xml>
    <AppId><![CDATA[wx7f83e93205d2fd31]]></AppId>
    <Encrypt><![CDATA[mHcSSBRrP+1LKNex8FO6ggNDQCwzjlHy+oDQzOj+klCnLJhVIkD4jsH+ZQxTKSFrXFUuS8JSAyBOYo05O8vnVHzGNuc4VbKhm3orKjgC308hj7PhvP0hE9tuYzgWJcGW+gcfIpzzTNoOCV2jnq7MqB2IVA9nJXVVLqc9Nx4hIovQaxnmDnuDC9IqCtWzgEa5YVUz+4aF9Wa3UcV18FF1Y7nM6VM5pIZNioo7lugRizkb3d4vwONnpUXDf8RhqNWKn5vLIKig0kP4kIE7+PjiUYd6L5/qkAf625j3N0OCqYPmvmc9uM20r8NUVhTw55LaN21/FzdD+/OB29/OyIB9Kri7eJ5oToipsWsnFdmvcRRhrtTZQ6lMeb+5A5Odw2vcM93tkXuyPj0u+nlLUkiWNlvKzm5I4uXhfzCJNcG2QhhgaylIt6z1Bi3HWufaWkKUhW/ICfn02hcGcqe1zVYwyg==]]></Encrypt>
</xml>


2017-12-31 21:59:10 debug :
------------
String:
account-ticket<xml>
    <AppId><![CDATA[wx7f83e93205d2fd31]]></AppId>
    <Encrypt><![CDATA[SzbyHPUw3RIdC0IdQCxQvDo2GivRmdSTAz6AMW3aVy+YENlNOpthQVN1S7NQ6BHqUG4tahIxICf7GlrMVbJzQsjFGJRL/2yBkH9NcweLqqXQwOv0JoBrcHBfAjBApUTBJ3QQkJuoRkIfO2i9nbvlExasvHbqnT22FNdVE7meKIEi/6b/I9FiLzk8amwUHf9Dt2PCQuDD2umLhmqc7n3ZL+MywNyTcbzTbUpKgVozNj68XzPAuSrVUIifIKNWXiANFEvJ6IFjaxmDR3wwX7XednndwChxLZKf63FTaZmhxDCKP7LhuLIlfU4Ha1tOeiN7ZsWyDizw2M8eERyAb1DQCo8gXH6t3eDXikahVGDs0Ae+F2aEnI3036+F7MM09TkkKoxOblo2F8DQBXHUPg/cTNcxZZdzlEA8jn2UsRV62QQGXBk65cZkj26I9wn5sQ1sqwYPCVP+xDzJMceLnavx2w==]]></Encrypt>
</xml>


2017-12-31 22:09:20 debug :
------------
String:
account-ticket<xml>
    <AppId><![CDATA[wx7f83e93205d2fd31]]></AppId>
    <Encrypt><![CDATA[ullRGQkbdmeC1jImUQL8MZi/QyUCMOHSrB64UTKj2pz0CV8nNK6FF8yL5M0K03RTbFO8mwTF0ReNPXmEPqYPTJPUFKGpA+yt6oLpbwuKaPJB/lH2MfYEZxLwZ3SKwLMDW+mSaVz9inl7Rsa0bFcN2Y9Ug3HZYGipqLy4L8n+6G3c1YXG//K0k0dGxiBz6hN5K+2izlUEy4mvprhnGkL6OJxrGQnv6+wm4B3Vcwumh/0Cj64RsXdKjhiAB4wzHtICfdMKDw2rNbmJUbj5qyfWZOJ+TwLq67dRy0jGq2c+w7LMCvktUQDD0lsFVyrDFr3SIw0zmBcyuT87be+lzGIlH31g+QUwgLad5ghji6wUpIT0qFkvEA872yAt4TL14zZHxU2wSsl7y4U1CUkfBMJjCaOQCRo6CGg/1tfyMI0FYBrlSnlnMPoIh8VVDMcr5bJgVZeyo3x0H8MM9k7GgIyC5A==]]></Encrypt>
</xml>


2017-12-31 22:19:09 debug :
------------
String:
account-ticket<xml>
    <AppId><![CDATA[wx7f83e93205d2fd31]]></AppId>
    <Encrypt><![CDATA[Qxfe0uH3qODHdlzw6bE2DB9b/bx2MTmVGeUfLKhlKg1p5PknlcGZF3JEXmOooVHVjneuh3DWQ4m4ig4uyVnSSg68wHHl2dEmXq5FtqLRKSwDNaOH9TkeIzNN0beWVHQJljhfHZmJbvwe8AIay0+L8xTctI23Pq93NCCBGoH0CobBgxGN1SjubJGYpUEacxOJZa5YzyOrq6i9/b/XyXtI9xg97TXzMGT+gevhEdKcefyc1OXp+ksziNbOlKCnd8/TCtnxS0A6MTW/xiMhlzheHs9kerHh/12K6IpG45C6NGp0Q/at9Z5twsiuUiEffM5BN+5W7zdsP2NuZaLQSvuzC/tcFX3Bx+iC993u2qD/T6VdsZRLVJRLp58/d13B2iZeIs9Rlkj+FYci3cw8mfowTqQ9KU4GsK96Hm2KF7YCX9TwI0SCGHI91tCIBebfGj75X6nb0JNpRtFdMdCQPx1s/g==]]></Encrypt>
</xml>


2017-12-31 22:29:11 debug :
------------
String:
account-ticket<xml>
    <AppId><![CDATA[wx7f83e93205d2fd31]]></AppId>
    <Encrypt><![CDATA[+o1qIHaRDg+B55zH1nrcGzhz8p9pS7Eo+/jmN/ZaKB2yukPo2lFAa0lPoCvdblIW9l8Td+fIoG5m7FnLPOzfjUWiQSDwF2/YNpjBuyhp18EkpVnrgqtZADdeefq0/jlMh5LXuQwVmYK1lFQZBATgp6f7x+MpXdnIpm6Sllkkv9gQRBkGo7dtXf+OlB4uRPXhrJQdiN2rHVPdsddI6812mMfGNYk8//xhZOFJaDtfQWCCDFXzCZ5tr6JQtGaUHf6lcI00rDTqpA7/ko5xL889exBRBv3qwY34COSN5MLcfclyQtqbo5kOMcxOo7FhQWCiCtdsvk8FbwqMUr6lGa4THIvbqVv3cygHOegdvFYNy7qUe3rRbzRskRumRV5gsI5rKK2rowysnD0Z9vgtIMWqDW2YjBrulXrKsArRysV2j45QyMoil/7gS2N7BERDrfLu1P5JGbvmEvfezUUNXK/DoQ==]]></Encrypt>
</xml>


2017-12-31 22:39:13 debug :
------------
String:
account-ticket<xml>
    <AppId><![CDATA[wx7f83e93205d2fd31]]></AppId>
    <Encrypt><![CDATA[pydQAPG3At8pdSW0+RCpZ/I8vOcQlrXJGDPG8WRtOHtC2dcTl7tC+q452vaEatvFAA3LWo5pnqCxQYdSi7F/Ha6drno59XhVz17ePGA4JGzpcYALh74uNfHeLH7e1qq5KaHyFp2P+LCNt2W6J7NPTrI/DsqYfWZKzv/QKF+Rbek1DEzMozl6bk3nv6UNnI1uVgYRyQR5CbR0iSoj/8Qth0wH6+q9EUPOgtdYEHdZ7jqiWv3fFgwoahkrTjvlwM05cSU4VASAfz10S0O0ppcVYBAPxAjJe+MLmqYo0U5q0ATbVRAUv/u4jaISaDUsDJ9wfOIFA4roKeo29v5HedtRl98KNAPdqOAIaoe+NHD0E/wptIkgGPG59+dYX0sXyXtFDgk4sYKkzlVMaUnTyBxqmWC/TEHUEsxYGjz2rEhwoQ6CO7+Wftzf7MR4II1EGorqtSzUz/5JZptUms91/km1cw==]]></Encrypt>
</xml>


2017-12-31 22:48:56 debug :
------------
String:
account-ticket<xml>
    <AppId><![CDATA[wx7f83e93205d2fd31]]></AppId>
    <Encrypt><![CDATA[z5GKk9icwOCaEcRCBMwg+211TaxMNMi3bqM5Sj2eqhF2OCXbyybd/qZIJY+RadtThW9gayvTvIpdXtagJK2iCdogTmQSUret27mfZkRFvfWsQBdu1lzK6/WA6y4IeJQsLEnnLtxpb/awOCJbLRAgiBJ26pCBk/m5zZrboT0Db7brsX1p0i3w7kd6Ij/UXa45+dGQbiDjeHohhFoFxcNhN4LQOVzMLgkBdwFhul5fny5bdSHTo4Acx7qI/KoFjH9F9JeBzuBa8Cy2ZdArgoDcz+bIah9H/e1Ks2+6IWQd4844OVqidJJAj8G1Lzpga5ZNoxjG+v9R5+6HJj119OGQrObUhWm5qWzRJISypvakC/5lpEnZxreYA/xjEa35osdM7JzL3rWydquZ52FHGKEoo5LnfL3ZcJu7JNlmkLLEKPx8gARYShtjKCayWIslSH01LgRWdkl09uokzAgJIIoHMQ==]]></Encrypt>
</xml>


2017-12-31 22:58:46 debug :
------------
String:
account-ticket<xml>
    <AppId><![CDATA[wx7f83e93205d2fd31]]></AppId>
    <Encrypt><![CDATA[6HfKM6ZdJqyOu6UDDT+5w2rp6mHuCXu4gH7uuwpwWghPr+rgke/rTqGaZXxvJGoDe3CPqwkJ8QQUfNoU2ugo7lsRn6ogdq1rbIYzds63ZdQAbBezy5ujm/9j66QyT4Bz+LczHg9LiQwY3vIeZq/Q0uQVgB/2hytpjrqvoYdkVCloVuMpJToU+c9bT5Oh1h3G3Mwnzrw9BzojO4iYctg3Pp1OPZdgL1wQpGnoChOjwl+yuRZbqtOIJkt13XTX0PQEXvk1Y0rWBpvJt+/PsO3EnY/qNYAx4Z7mVnmCe5xfNuKEghP7u7anCBmig37W+w4DuGQAaJ2/lgx1uyRdlW5Oj7XihvBvt99iDjHjxNQsCNEPlQZ4xKpEW95OyKzbjekOxgkjwxVvpsN6XC/jzRNUFwW0AJKqi9zidsg9B5lcLoo3ddy7z91ALFLUhktBxSn6dublRdqMipqfpNiEqtXSmA==]]></Encrypt>
</xml>


2017-12-31 23:08:47 debug :
------------
String:
account-ticket<xml>
    <AppId><![CDATA[wx7f83e93205d2fd31]]></AppId>
    <Encrypt><![CDATA[i6BuFYqjYDhq0IvC+kWyHg4gJ+/D5pgU4tIXRBWjv8JQshlrE5CH+gKada2ibY9rb/Ox+gg+bMtcwLiEXnfBy+CycHtgGg7zkm2s9mAehmBbxigofDma64SUgwrUi4DoJEfNaH8Jsa2ybal9rBGbFjxgdD0mBnmDJdDHlSWuyJcxU2BIB2mKt7xqST+3yps1SlWvJRkvKQsXfAfO/4wxjm8BenzoWmIaB6VuN8JkmnHmBU6T+cqndi9F5lAW77DwBXDSmL5SDHiwYNY4RbKnW9eRqVqI93j1nD9uJgGhX2+8yfNW9oOBDPNhM0197GqjCJWt0P2WjlQKcpNwfxpGM1VfcuR8qrt1o5mtT3IAnLEsYUBGnJaSDsunpwMT/ePAarDhQeStkjXEs4CXEeuMihnmwRJH/FgvKWHiN7gh9ZZfTx6DJvKG3HHvKv+1L0x4OvplTB0onGstXacBSNe5zw==]]></Encrypt>
</xml>


2017-12-31 23:18:35 debug :
------------
String:
account-ticket<xml>
    <AppId><![CDATA[wx7f83e93205d2fd31]]></AppId>
    <Encrypt><![CDATA[FDfrMUnaZraOv7h5ThN1MxikkglHG1FJUDg0mP01yOC6QUyFhaWeEGtlwF5o4ylphT0r1CERo/AEPkAsQ6IrdjDjCaQcltgP6BlT4wA8wiFSJiW/6LrVk3R2KP90+mv5fknHDklzOoeVj4YLVyn+lDLq+rWZf5rk7/AB2zIRZPoF4q7j/fpuLxitvRRB3UsJXIT7DF9MHH+m6Qc5kBb13HuUE4YIZXGuXNntyGDU8XLtJtdR2SH1ENqTIlmyCONk61rxl7A8eJd0b1Zx5SKy7NG5Aia7ke9OBwkwDWs5cXyv6RUVIOnl4KMu/YP88ubaAFXY6tc4t46VaG3km7ORP7hkrkQDEralC4jF+j0bFtrt8L+EyvAnLhSBzu4qMbUdSvEYykXP7vA+rtAih++bo8pMpqj+xMVfwhUr+2vK6DeU9UenE1mT++H5GkbLHwHQlA2/kbUg1giytpf7peBEIg==]]></Encrypt>
</xml>


2017-12-31 23:28:34 debug :
------------
String:
account-ticket<xml>
    <AppId><![CDATA[wx7f83e93205d2fd31]]></AppId>
    <Encrypt><![CDATA[hUXGYijnNaPWLJpZibYltT7WY5bRpxkP2kwH4G42Jsb2lmRyrZqd1SvBMXVw2GB3LbDT77ttfZ78ZJ4q7G2FWZxU5S7xXgQaEZrf2VJ9nhKkplJiqkc62s3RfzjJL4AuXc3hRyjvcaVYxif1ucWuwCUJClZugY7/YcF0g3FAEV19D5p4O83q28dgCxOGRJ3WHEo5MWmkgG7XI80bWw7kXKN8SZqIElRc77W6TanGNbzrg32NgJog1+vPi5lhn7KQwJSHy0jklZaQcs0I4PwD9iTC7ZfNMQssyNdb/kJz0yb+sfU+EXW6vz8mRIjVnQNuGftVaffgkX4eskEpX9fSLezE39r9i/nh5BwHD4rFj0aHwEtoblHz9j06zUfj11j7BVh4nqCdjHea2oOLY89Xi0tOwxqpb4gWj3gnClpS7lWcUlHpmVOrUTIdRTIV0kDxlZIxJGepNhqq8Dj5/XM6cw==]]></Encrypt>
</xml>


2017-12-31 23:38:42 debug :
------------
String:
account-ticket<xml>
    <AppId><![CDATA[wx7f83e93205d2fd31]]></AppId>
    <Encrypt><![CDATA[st5C7TIBSumhAs3X0fDBTqyBzpNEXssNaWs9eVErbTPpVghrVoBpN1ZUZIlleeGaJLVRZzV37h7bSQU60eyd/4wNbIqPPE2e/u70OPSR7dHl/I8WcRJtXMbqZgZOyjJTqbPwA6rvy9f524SzxC/or03HNvapjhmiUbEeyH8fXFVAd7WaClTX5u+0vUkzoqr6/Bo2su8U2CbBt+4wo/vDiWCIWkskXkWTwMXZDD1dLgGgGdgy3edQIozuACDcns3RPRRV2xQ95dI8Y4MWxBxxb1TdXGJTRG34eO3gsh2V7o9R+vaSSg76WgdTfIlbgJa5MvAM+e/c9NiBECIQE9FRb34q1slL2L/Z8pTOrXsYDdIhCpdgZVZ2t+PMYRCDayLpV+hMFzdxC53beX4+QTnvMPJML9hGAH1YhG2z2T8Ik2BkM45uxFUO/fyA4os0aHIza2dzgzOIkEHBf6zbahGFJg==]]></Encrypt>
</xml>


2017-12-31 23:48:38 debug :
------------
String:
account-ticket<xml>
    <AppId><![CDATA[wx7f83e93205d2fd31]]></AppId>
    <Encrypt><![CDATA[qJGvGnxWHpp1RNqX3XJBn8mndgqYgS4KrqXP6nFBFlKwQ4j2KIfKu81Uoej2iG1cu+zqyPh3rC5NjuetMT7RUZ4Mk5tboGJ7SFsISvuPNt+pZQmY8PRvx65EOoByhR9Mzl+DoHUYIKyhLKTY3RYSsfXJheAI6CulHf1E9Oa5HPN/JOVG1saL7QtDINz17b/ebFpyMCbHZfyEZ5lP0/ZPn8i+CgB2+U+UiHpu7+R2+9cslS/UUKJHypPlFD9R5+pS6x39A/NsAhivAioBxSYDPdJEH303ujNKAgbQQx/cZSyQAoOoNW2Hfh3+dwogZ184Fk/77R4dEN3j0NrK/1u05BZstQcwVjLhd/wQDk80B7ndbnf7HD8VQrbNiT0UvSDv1LRwdALXSyG9t9axJiJv9de5PpsJD55XHwxUdUkmVDG9h++KwdmLWxrlQneV2qfcXsBT2bbVbnsKZRnPRVC+IA==]]></Encrypt>
</xml>


2017-12-31 23:58:27 debug :
------------
String:
account-ticket<xml>
    <AppId><![CDATA[wx7f83e93205d2fd31]]></AppId>
    <Encrypt><![CDATA[71MQuZIBgXCGvw59VeP8OkjH1IGp81D+2Gr+pViRbWvIrusMqtvNyP53pzGF6ucEsLlabVHiAbNPWIt3mmlDx3LpKim9JnNRsaB3wfvtM4yHrJ3BMBwFJPv8EUIA47Wgths9ZyPJ7Z5AVY4IQgb0PMTomHv/c9ebCg1soVvOa25n4Lv4N6jzT22dEXfI0LjbFSyJBead7mHrN485LfjES0R70VTRwEZ1ZzbCEjBpwik8qKChlMfrucWSPOoP3mWomJN50FhKhfbEGdex11PvgkU+M8lvHFUiYQnGXxDCcOEG+wTtTBtzAYRGvZZdbIdORvc4xHvw9sNTE/ahdVmHEfuPnb42WjKncpwtWfCCRbciXO0RHgmKigIdxkKXCAl+NPa0XKVtUDMlyM+CbX6X8eGF28SoGWvDLdzGEDRgwTS8QxuR24UKucBL5UvCag4fQ1Hj7/mmHWBIvoEZ0jNUyQ==]]></Encrypt>
</xml>


