2017-12-21 00:08:42 debug :
------------
String:
account-ticket<xml>
    <AppId><![CDATA[wx7f83e93205d2fd31]]></AppId>
    <Encrypt><![CDATA[vDKhxG5ZGBgoszO7xkExWOA4opyNDDcSOgBGSGkdQP9BDCioUeiGNOx87dHt/VlS08d3cqPjZ73W3Ry6UeGuXfMSk6V2Krjnzj/iGPZyRas4zVxc4P74XXpW+LctPMeaIUSrqFYmezftsTVy7R5Mp21uqxn3kK45EJdmjrux3VXSodfa3tzvHk2/a5oSTETNZHEn6+u5lTvhWZ/UtdHHdNjJKLKa4Ev1xOT9gh4gAtnFGm5i0WUpm8onZefnpCapaE+TV71lGZFloqSBVaSLheUZMOEJktFrYgw51ykgiXKFiy/fHtBrPmx2dreE/dgJKXTtpCc6Td6GQ1vib6QMIl+rDP/5CusPAi70ntz/u32+S9x6OYyy16j/MoMB9V8YR9BCtONb8t93AtlbA6omucLI/u/KlxJs5yEq8ercCqC7g8rpcfFH85yqSjNG9R8Wwb/l3dLeXQOh7MuI58Y2KQ==]]></Encrypt>
</xml>


2017-12-21 00:22:27 debug :
------------
String:
account-ticket<xml>
    <AppId><![CDATA[wx7f83e93205d2fd31]]></AppId>
    <Encrypt><![CDATA[UdShRNnShmmk42osP4GVBMqFSVaUcT1wJoKHJP57Otxwx/Ti+bO8NPDMNB1iL1AT87M2HnqSKnzZMpN+eErV/wdDCuzcREifhEOr1TJ5XBPVCSb3nvo+F7Pq7Tm2vABiXxPukuGJSU/KsEIeMJYnAafLe7CQI0suow6hqwm2o60xj6UYmX5n2vKmCUWOt1mF0l6MmODuIBs5wXEHDffIcc78euo4bDWyJG7NT7NtM4F2q8jhlHtQUBG6cdD7tH+GhGszdJ1pzTfheAWQTLrAA+S+/eqVmZsRN0T6+5mYxNfLlcuuKHFgO29aSaODUDjaiqR6lxTTeLemAL+szLqNru4UlVl3MvRLaFSccgepVTc/aUlXuu5Gxd42vBzlBr8DyGocRieTCo1F5gy+ZJHhKbfMs7TQM7pZxmPBhOBcMBp5sA2gYFx4ZaTzvU00g2oBYJX0d57Gj+SpXzOefgk0yA==]]></Encrypt>
</xml>


2017-12-21 00:29:00 debug :
------------
String:
account-ticket<xml>
    <AppId><![CDATA[wx7f83e93205d2fd31]]></AppId>
    <Encrypt><![CDATA[t/8mGRzoSJsxhCL/ijHEUyumsH8PMimNG3V/DFRTcDlrX+d8ZOHc05Dl+lyZeprY2j19vWJix+HuUh/wLcf4t7YpJy/ItWtyEVDO8Uon/geeiPVOqd4cYxyM0a9IgHavqGOU51iqORi6gbauWw0s+1jzI16edRetJXIf+cWZMuYO2Bohr+4qqm2PhH4Mr9A4LMb5CiVCj8sIaoG0QWJdnRKbWXswUXlBZCrI5dUO8emNeJp4gp9Vy+4oYTbsb0sP1GZp40IgFuomt8yvFp7BsY+9wHf5PZgccIQWEJQEPFbbISy5uQzYB4CziD9df/ZaEBgdzD4RGwIHF21UxPIeHkufr5jl8hcZYm04JCoFOGVkHEONuq90sxJ5Q7m+beQUcppBB7j/uaurC27phJ8mJGrW07jyKgAzrzTJHn2GmMP+9tno9CXT6jpxhT9hCkc5M/DcSWV57A2pHE2NBhXFMg==]]></Encrypt>
</xml>


2017-12-21 00:42:36 debug :
------------
String:
account-ticket<xml>
    <AppId><![CDATA[wx7f83e93205d2fd31]]></AppId>
    <Encrypt><![CDATA[5RfETmz+tJ753bYNhZxzf6mt/E8pDQF54A/7wSLaP8Jt8iljp1jQQsZBiD1FlLOd+bW1VPubwcKwHhF+ba1x7sxg0U4GiyQ8rZzYnyb2JiGcM851o+BZB6ewLPBvC9BBLOtcZBzonizEe4GKC7xgM44/r5fWgky1fzNkOJnKe9yykvcFH96aU2Ng+7fhRs3mD6kekAYz/6WioV0PhgLoHpInXqk/mN+cHlO0HTvihhl0SarjARMmlJt4kTcR2ee1dLCQR9sYuURaJ8smwCui/KUs5JUpV5OYFkvwispmlwI5qwgGPkeu65NVh6E1BCBg19AaUgsSBKrCBdPe34rhy4SZUBBZIrA+FrUUt24Qfivr/QqjspKiZ8/AZn8eFIilVHBnoagEUshDuH0Vf8+HTsr4TwaUxGCwZrBQbRBVrEfciRCV+jH0zNlJToVkBd1uPpS9Xkr85UI7KKGG03myhw==]]></Encrypt>
</xml>


2017-12-21 00:48:53 debug :
------------
String:
account-ticket<xml>
    <AppId><![CDATA[wx7f83e93205d2fd31]]></AppId>
    <Encrypt><![CDATA[bsjb3MZKV6lM/K5/haBCHhwEuvLMMIxB9lqDp8FCAXYW1QQm3yUj5U7Py3QXBoiVbpCzv1MaK3dXJLkXJ5mMGL7JnpTDJ/UGRJ66VnRi7iFpsXzgMFH7QFSabCXX4lAQHa0IvxJB7wJk8QXyXktUoDZNlfVKMvm5eybiZxL5QdwjSeugxglzUJkignJoZleuY5GY5MsnTQsCGRofKpjJ7moIP09xh/wC/YwbwvsrhPa0wUPglyqkY/mC7HO42Oav1rHJyZINAxr6Vfbf84ROLUey3Tl25cwV+IulLlTVcXPS8UKPG88HH8lZX7Icx1m38FT4vifFa4zbgP7bt1QA0MC81xNpfsk/j1rpMXRSiRMZ2Iu4SArNGNKKClv3fRVmCm84OFCkZy1U1Matvwjr3FhBfABkM4yTZIMbAx3JDIZSonjJZ+rrXBIFEDcaglqZYiH6PXImKXaU3SX+pq9p2w==]]></Encrypt>
</xml>


2017-12-21 00:58:44 debug :
------------
String:
account-ticket<xml>
    <AppId><![CDATA[wx7f83e93205d2fd31]]></AppId>
    <Encrypt><![CDATA[IHcQbtXE8XF9R8q6vT60d7OPPSDauBV4hk7etDQ33z0dutmGgS0rAwzyYBvoVeeh9aG5OAe9xV8Edf2K+zPwHKnJMQL4I5O/VJIULHj1iPGYPTIJ1xfNeu8GJguP/kfYFBkRkAcvba+C51nL7RqKe0ItdDy/QUVY8SIQmaJjMxxAQRLFd+3ZTi1i7OFp5GSQ0fux5kxuDK8MbVXzex5F/iOBzhoToDmoW+tMF0CTidjAng9CAxQMoE9qt+SrWckeWb8rV1Z5WtN0IP0OXdES60c0RcOGOVGILaAbhj9zp9NH0OpBL5a0qbRtwL42Rmw4kUNECF+gtRyG5pzNJGldbkxIw4/i3avcTQbpP3WnLkH0+1nzi9pAhBuN9+fbZEQ59R+wlgzVIUwFSosrEgnpqSVJ4JafMfAGGDbiQ0A60bPaUZsA6ANTTZIxQwCbUoNVXNZCTmnqXEtBcKUyObCZnQ==]]></Encrypt>
</xml>


2017-12-21 01:08:49 debug :
------------
String:
account-ticket<xml>
    <AppId><![CDATA[wx7f83e93205d2fd31]]></AppId>
    <Encrypt><![CDATA[4oOhudwrdEya/cZ/STMEYs+TL0i/Cs/9DBctmiRb+pfJxtMtXwAYW8vYS9xTjlTe9Xx/8eTEZI3PDStMIy3mq597r43yTv/adMFerr6Xshw8segpHAuDx/qwlDFNIKfRM2vWZOY+aiOoofEjngkL2XWyqgJ58hGecOpFJiaqlM3u6gisKUl4nMCEiwOifmnj3tVM6cYEDCJJhaby4Wr++GOtpzOwXKkIKWkVbg2E/bbEOMTSoauwKc2UAbJbVa9BKY/M1f7r3jdMS9jywE5GobHksz3ahDOvnusDoYyjad/wOewVzCHbo2Rm15zVCSnHnRwaD5jzRMs2ufSsFSn6rbn7kW05+3VSji7za2maCmMQ6Li+X62zZSWqubVormZ/RfKED/z3D+Z4urG6N71jPQNUextEnGH+HRCmcvP9hyyoNfwSPfoavT6CZyQmazApM6EBxjMWQsJ2h/gb1udo2Q==]]></Encrypt>
</xml>


2017-12-21 01:21:42 debug :
------------
String:
account-ticket<xml>
    <AppId><![CDATA[wx7f83e93205d2fd31]]></AppId>
    <Encrypt><![CDATA[YkCGhBpgZid/mpQBx23h5ae6r3S0l1b0IK/QinukzGvI7RQdvjiGGhsqKmatcPl3PN+Xt2CYYHX3FXK1Hkn9UNxrTp34a5w0J3YfGXGzufQtVoWLHNAC1LSb4Rrlrg2YDJL2AsMMyIHz3w/JXnDCBDI8lK5/U7ecqRylK2LcfVONXDQBgxV59ZVQDVZpOldf+GYfd/78ydK/Pa5SK0DgJRSTrZp+Z8Z/ib4pEOtbI99/xS9WFbZHsA2DDrB31+NZ/07R/YtTpn6Kw0vJK00ib8Bbx8sj31Yu5czpcIFnRvfpQOfYe6sDcZquH+zFWK3l0ONXR5QmtsOyWZUmGQ4rTyabtMMXkt95TQu89uqB4QZDwSns3/lbY3RzOvHjQfP4t3Pu0TgKk4gu3757TFYRY4maWVUPshaoPfrR11EsnoeXT8Hl4kCRsHMOpO3ir/4lAL/WI3kuFVvLwJ/Hw+dslg==]]></Encrypt>
</xml>


2017-12-21 01:28:44 debug :
------------
String:
account-ticket<xml>
    <AppId><![CDATA[wx7f83e93205d2fd31]]></AppId>
    <Encrypt><![CDATA[4uZ1WSOYSybYrBMDx/Xkz+yhjn/iitVEu3UjFwRX9G2jc24WypUK0IVUalLThpq0iYRRtNJ+N6oG8e/AYc8ftH2yD8X/45LVbX1c8z8nFwD8PcH4mF4+CCQIymukkGmU7iWff3pkPP3J5kwhy60wm3ZH43DnUxCAKcylGecFl+3xQIM3hFPpAkOdgADNxOZF67g8RvtZPt7GNOFG8GnWjI8l4N/VeHK8fQW0I/HZ+SAtcHpjxupezzgJZgyhnYkVaK3niUwbQElJI2ZeaRqZmfzjUn+FNqw21Xz78eA+MTzGg3I6XQK2UYyN49XnhgM7QN8GzLOgGByj5drvJLJIuvJu0ZkPA1svk6HtO0Ne4vSHqS7N0uYKyvJNsHy4k8DqZ2opDnG4kWYtAH1deQKkas6urnmfzaNr/3C/Bv48TCvGF5IWW7O3z/OIFG4MxigmHBd9rnkeRi5h9NsH4Iailg==]]></Encrypt>
</xml>


2017-12-21 01:38:39 debug :
------------
String:
account-ticket<xml>
    <AppId><![CDATA[wx7f83e93205d2fd31]]></AppId>
    <Encrypt><![CDATA[baq7bPvjGNvX5sOdX7fM1go2lg+X/ak3Iq+wFuPkUn7hX3NMiptwGbpAZ6bFvKBub71nK0Wp8h9wTusZAhg7xLJAG/7Y5iqz+CxR6aaNAIiSLAL6sdhGqNTw7upBQEFxg5RoqMW5ESzhORpF4aDXpZIR2TpbyTRv/+i07UJQ1dTnYhybjYYsJWNguWZkp9v1yDc8DW7XOBEDM51qZPZUhGn3Nh7cMQQjKmKOMmvGWcf5wlfSwUlMO+1DVRwxqbqB0szoaWPtRgYUuXbRklnLVAOHL+64JyBgy5yexGjYO1HOenXbL7ABeVKsfclQHq/ZCvpcPDBGdNNfz+dRsi1QNxvse7mnblidV1UKiyX4SWBPYGbHFvOvS+Irvt9CA4XGL1NwUb87/VzfNFgL1RIKi8vU/akL6j4XOUaxPAdxaWhawlNLkpENDfINSA2HtXdp9VfNfnl9oIXvcIZT7hIaZA==]]></Encrypt>
</xml>


2017-12-21 01:48:36 debug :
------------
String:
account-ticket<xml>
    <AppId><![CDATA[wx7f83e93205d2fd31]]></AppId>
    <Encrypt><![CDATA[2DticzCkiBTBOeozxQZhlrVCVRnjm/qNP75cl8H0Bck+ULtaIo8wSrXcN+58CVfK+xmr012rIft71S+KNQXOfye8PCD7TnL7I+sfahVVqrxmn6HF3yUnYLPrrWDklA9rU8pdRKX3/KaYylKh1oCeWNSgk6S3tYqls/9WBSSWxn/SaZ6zaQ3bCye7zrLb65Hrf0m36eTw5LtEP8ylidhjit8EOywvhnt2juRt4da9kiDkwxGmzdHQIF9slnlURsz1e5ZDjjTsOc5NqArjI6In685lM7GWKmQEeDRPnNPjWrZXRVkqU5TAlYqbGVNplv2m+a23khvu6LWbmcT2RuwXPitC9eJCOcFe7EHnv0qP8EGkwxnpzHjLJO2INuW7PXBBeCGdKn/BmIlncaMWM+Q1DkgBql1v0QWP+ViyHcH01exSty7a9VxCGLMU9UlDc3fCc2wKKqFJTeM7Tw+jFoUHlg==]]></Encrypt>
</xml>


2017-12-21 01:58:34 debug :
------------
String:
account-ticket<xml>
    <AppId><![CDATA[wx7f83e93205d2fd31]]></AppId>
    <Encrypt><![CDATA[DW6eOqO73zzg7ovsUENbXnRhEe9NPiC0KIcNWx6gT1LpeL8rjrNZn+JCBY/JPnSVpQSFAvoepo6fJFstFnw1oGFmC3IYIosQHLaBPsfvQWwtw7mI5KwmZCYjoj/WGXVC9L34ovjDj7vNeaEY/8tjqg9bGMyTPyC0wnc0hlVPcsYpT2zVaPEHbMcuDJuVKZIhCIlepi2rIOfIpGepRaMrMqFWL+sIyZhE2KvRJrOTzAZJCe8wn7RWmumqDSJJZlaYAypa0u13+ihRiRpRyJTssRut9Qz0nxSLAHP7slJrg0CbVGaazhx7WBmNeG7mVS1z9IJEiL2uFqD/lLpQ9ZcdUSir7ksO9rF1R034R9anrNT3ugVASAJoSL4fU9IYYnmnkUoB27+KMdeztjpy/McKuNAcj99sN0N53ndmguIqBoxZ/+TGxN4zQJNo0Vay5stp9JYRtUpBbADTFZZNnecTLw==]]></Encrypt>
</xml>


2017-12-21 02:12:44 debug :
------------
String:
account-ticket<xml>
    <AppId><![CDATA[wx7f83e93205d2fd31]]></AppId>
    <Encrypt><![CDATA[wIdjcFMammV8honeMrSb8vdPR5dxrdDRvqH6fb34BM/sDhyON2vKMqttzARzHx/Nlrqk1gzJYdIoulFKAXWMUdfV66wIbObgRcPij3QVFIlFVYqBczU4Qg7n2+7NPgOTLJVwpUo+Ev/YUPm75Q+/ZmOvEtdavAhmQ2um63bGps2JXE19JJSs1HEQUntE9PohUn8jz9c2ubdoG2ueSlPDgtjf0s84IDQmACKDj3Pv+zewVtz7tRy4F16TLUhvjQM//E2+8X3Vnoxb3muBN3z93mxivx6EVMgJ9pG6LmxUrJtjD3kEkq4UqSFtpgkD4UM3h1WypGoziaXkhFgvSIjxbTV9nCo8/DyF3TRx9OWmlk1E3YbTLGfkRrosH4jE6xdPS7dPEUROU2jXgyfTOAd1CV8LI/8fah/IguBbUiPQDWT8pWZBPnxYcb5KAg3k6N8yqn/sWNTuYr0Nb+SKPj5G+g==]]></Encrypt>
</xml>


2017-12-21 02:18:26 debug :
------------
String:
account-ticket<xml>
    <AppId><![CDATA[wx7f83e93205d2fd31]]></AppId>
    <Encrypt><![CDATA[AtGGsBgemcnYJly5MiH2bDlWAt3eAU7js1olGmbiu25v4rpGQRy6LXn1JhrEnoPmE/ea7xJavu3DrCRkTdxqNgDL7YmbPIgyAvJ9hRBGGP+Z9N21KAnMiBxPFETbCBD2HZIzhgEvNKX5Fau15mnXxKFNPGbwhzc7bmkfUSnMn8q7xjCVsIBGAIWEbSTj1SLn3ZyGlel2b1KABEpTxhuQTvBKQ2LqgXlN5NFzx6iuVUgmPDBRhNpE/5c/SmCgjxRkJxQ3X1PTSPE8pm8Otwt9hOSTw48UHO+hzkDggZ81NZunXY9fs+Nk5kzt8zUV19g1B3oJ1fzSyFMmwN/RwJInxWScGrEmloJ6OyLvDYArdKJeNt01Nq2O/Ww1+z7SliG2usjnkY7/mXaV9q771/HYJjDb3qkwz7eQ5jRhM46N4ZubGZKvl5d9gVeQfEv+XBgYiSrDsx3v1QD6nyQ1m/UpKg==]]></Encrypt>
</xml>


2017-12-21 02:28:35 debug :
------------
String:
account-ticket<xml>
    <AppId><![CDATA[wx7f83e93205d2fd31]]></AppId>
    <Encrypt><![CDATA[E3HB4sM3ZdBS5ZYytFa9O585TEuwUYehaSsIGGZhOXpCFN80ePCK5KQ6iLOiKInnLxiPvJw8PgxQuVDPXuf4aSlqXnPg/Gb9DHwt88zKNV8SEs5QqUXdr26zMaxn4DqTLGXTm54HL8a+nX/s22AyRrOUMSuCFgV1xJN0eoi+DbhnU8F3yflWI9NMqL04D+E+1i3vxEhPMaahLqwlPfA5rsMidVm64bGfVVUBlUNR14nE03hOawzmluILXPfSfGYmFYLAtx4MHc/wjS4h9PwhNGVl7ark5KUXu+h3td+9Bvhse5c3S8t5MI8hYf73nPbn576jBzi9va0SSh7kMTgp6HkaiTlZrSUm64ERaf4kBI1NEdrIJ+4ag0mFEvHyVeOdjiBkrIiFNEx8F4KjAtXvOMh3VgACKB+xC4DYi2sMWK5XBDTo971d907Mu1yoLuHpNGDB7A0WV49445wlbdVvcg==]]></Encrypt>
</xml>


2017-12-21 02:38:44 debug :
------------
String:
account-ticket<xml>
    <AppId><![CDATA[wx7f83e93205d2fd31]]></AppId>
    <Encrypt><![CDATA[h4SmmRiZCanrJ7TuaGBJy4PjaEFdvt5w9/CI49p+5bTvQYF6/oE/ZRMGa0tU4rCqSaSqNQstcqs+ECrnc+4JhOq03YmKLhW/kxXdd4MeQyQbtLm7npKU5iTb3AgmrtlEjLm0Eg4S6ZZpwcD6N0aoF6WHcBMhSDLaF+gXECusjr5jEMAanZS9ywWzJZUlsuhPV3chd3BRBuMH1pQ83x+ZEA70N1ofP91DevOmnGn2HWBlZWUBFBwe183PW6bkUtQgFJ5I4Ewchex/YxjuSDMcgINDkfzI5KjZ34Mx50yZtNd6NGwMPuxhanTE+c0jJM0OUWC+1upUu3B1/WFUlz4ObSxBZeirRNCv9urc+WSSKSJcNA1nY8zdO+uHhC90tC5K2dW0/i5P+/E7jcw1p2fUHoEqlaHatKQqhC5uKJtwf99+rWa8XTRXzphEUSZCbMB+tw8XVPBrdLzGBoAinvMNoQ==]]></Encrypt>
</xml>


2017-12-21 02:48:43 debug :
------------
String:
account-ticket<xml>
    <AppId><![CDATA[wx7f83e93205d2fd31]]></AppId>
    <Encrypt><![CDATA[D6g29dtCLrAAvHB/BYzw7Nug3MmnZ8rhgcdCSxL+CeVL7MnctJ5JFO1qMySAWIydONgZbJaMuSP7tYSgVZrGkc+589vcpk3buU5lW9ZWwWR7yZE0EdyTw3NQrYCLgJdt1M/oYJAlsElpjq//whgArU8g2V+0m4oHk2+u+ThX3nCyKPFRFjEbVTb/wGGlG8UKl0CIRGJh39nHDKOy5hImkHM3n84AxhUdv0znsrbn3qwmAaNuVJFR9uSr6HcUwnyh606OyNm1bv2UyBvhoDvTGr0fYc8qNfpbomHBqveoZC+9+l8uTk/eqhaAyQpr7LDUc5pJASuVa8eZyUzrvxRRKhzbZh0UsDo7WMjJdgBSZ/lzifM+le/v53tExc7Kqxa+8RfyM43/vHtq8Ae7039gADPjhSLsyAC9qHf1fh71MFf7xuPszXnl9uG09gRoKJX/DX7Bu8bke3dhke4FHKMYJQ==]]></Encrypt>
</xml>


2017-12-21 02:58:57 debug :
------------
String:
account-ticket<xml>
    <AppId><![CDATA[wx7f83e93205d2fd31]]></AppId>
    <Encrypt><![CDATA[3jfrqJ2AbkrPqlLK9O09SzyqE7AJ6puXAJNUwLqzwxaoXQlpt6ajuJXdBa7641eV88FGmV+id5M4g6ZqBObLpqk5e3xxDdJmYJHKJLEF4veeJ7DKnyqc36oLqkukxcMNFau0gOOYEWTCBcUPvh9Bo4YRnWfEP6idrh9QH4T1y0/wDEE2c+sBVQpijmZWfEHfNowROFiEzxqLF/+LtoGQrSRWXFNGheZYVF9U9erB9xhr2Etbe3FzpAhvelA2DMqkM1VAUzELJmrp08jW8hjaTZsqIOLjOB+TzTOjTEftT8QU/H7Na52sG0LND7eaCKFMkWq9MEqV78ibSufiMpqtdkCmymt8WHVx6BNzmUSVIZaP49lVODTsajEymfELPyR7S+matPEVfkDmUlIBWTOBSoGQrCGXZET2PqpoLOeXQxuRoVgd0sP3J5xZJ+u8qst7BCil0o3k0Y6e/MoIiDalsw==]]></Encrypt>
</xml>


2017-12-21 03:10:40 debug :
------------
String:
account-ticket<xml>
    <AppId><![CDATA[wx7f83e93205d2fd31]]></AppId>
    <Encrypt><![CDATA[bDw9Zhvlr3lFcAdrgf27UN3LR+JoQtvWQmUMLsldcZW6xmxAV2WOImSG7MK/Zxeko/4q5/x6PeegpzOhhIJpnWG45EQYL8LBJ0J+fieqOIBf1hLjh4yQHnMqJOv61CAEnr9tzPDDi+nquIIh/myTOxUu/Vi/XNjOCWCNliWL4AOi7mAEna7v3PK65BbATNU8n21oi0UHM8NmK8EOnHrNmwui97e7pPxyJLOQGicOtqrhJzIRMDhojms7wCAXB1d1bXXsDWz6G4W32KuEfa1DbuPACs2AVzdRXPFN2tRx7lWkHzlvzTAlFvLz9FhML7lRMcgTr+yys7pmeMuZqOJh57gaimW59G0J+Ww2hIgUXj/OXWXiXK/r+5AI1DrBMS7NqpNlcjI3n1AsyXMxpusgdtu/WWvtmHzSFPLjeQxXlyPDeoVI235SJQkbKpxEwh47D9Ykny7uTkhaFMtlE6w2BQ==]]></Encrypt>
</xml>


2017-12-21 03:20:21 debug :
------------
String:
account-ticket<xml>
    <AppId><![CDATA[wx7f83e93205d2fd31]]></AppId>
    <Encrypt><![CDATA[ZkXOMysWlOvWXPwWPfQU5B2cR4IWimtz7SjkG8qG22zQe/qBjiKrcWpPdITRCSFqzLl36d0JQcwhhwX5HKgeH8IV87ZOSyBUlOoXCFT+0jqljZ6L4ldTNlzKfTk5sgdJss/gZImmfu9m2sB3NeT/cPbd3r4QKoyzrpvKJfg+QPcmmQcH222tpd1EtH4Ti9HOt54KEhKQANzA3lBQDOcyCR5uYKSa9/fXZiMhEQM7aS38225RXkMjWlFYFH6F/g6HV1jZt7rM+DP1ljKGE+RkSxdsOc+OsNtjaZz1jo3hb9xW0J1PLry8GOsOeh6RfxgqKXFYVEer8kRqVNjauxKTxlWlFiirAaIKML3exSYsTBoNQHngpKI0CCNSSVDuJsC8ooIUcUqtPTxVhgyrmvgERt0Mb3OpsssTYUImZsjhNzf+4gQPqR7lKpmm/Ouek6t4T42Ib6iL0QXXgMHJix5nyw==]]></Encrypt>
</xml>


2017-12-21 03:30:13 debug :
------------
String:
account-ticket<xml>
    <AppId><![CDATA[wx7f83e93205d2fd31]]></AppId>
    <Encrypt><![CDATA[JN73Nt1jtVyVxbYKt8riEVXMZVr8PKjsYixGZXcpcAtEeTk/SK1nL24/0RpIXVprKtdnbrSLvZYM2jfzS3mhYGWosaarpzL++urNE/kX2TsTYd7YeYezbyCRygXY9R/8dZT3hkQvtZ0K71pjBslUbOpyE4+xNEJnLxrBLUHAldWvuKs53yYYrOse3x1vJLmaV1WvTk9hmTQgmLGdE4s/d41FhfVMuvROcIeuXOcMb9SbZ/udoChiu82OScdyF+9MG8kaCtoOb+tb5suiOV/GrD5UDiyLCvKt0z+80l4Ti4bZnWnMw/WtwjRSefr2Qhe+fKpfCNT4U7BWQI5hsYYdUWqBsIdtPqMt6N4LrQwIw1sfB+F+w03U/x2o2rDwHU1qstKrbku+1E1ojXv0aiTbLT2WIEpmRiMcWjFG0Jt/KfrDSLHYhsUs4Z3afFjQRIzVhsTz80gvqGSGp4ZVEQL5qg==]]></Encrypt>
</xml>


2017-12-21 03:40:24 debug :
------------
String:
account-ticket<xml>
    <AppId><![CDATA[wx7f83e93205d2fd31]]></AppId>
    <Encrypt><![CDATA[rFkeLRUM5LQ+iQ+4K3mLQCnkV8XLagLirpmxR5Cunb1Cg8dTqQc0tHsQna9dBkM+Ah5kEqjGhS6YolX1EHqDcn8NZpo7H//xIZGSsQ8IO7zD94iHAyBg3wPb9de9m7a8C9R6uLyAXuBT/g1v3GyYZIxQLtpg9KePAOBlfEd7ax4isUxWGtSkKUE3OXEDKMHRnuj82M/hp7ZnDwtHim2EemQkl2GaWkBya/jc8pc01OxtnGjkm26qDEQTrnX2L7ZyjzXSLLTZYhVnu02MsQB0sHMnphBLmhIGBtdEmnRzXHRu7jCW1O+dj/a+3D8BWzJgorH4SZ1YThPfzf+++Z5qudk+GKKOJeVtNlRUCHQ3kPWTrAECRIwQDeCMiqHoH5oNhEVfZzcovnBxLQ1I/Dv5r/e8k3f9Q7m8VzD1HaGyGLc5Vbc9OS/nSURy8qZLIvIfrB0OzUmgkV4EhjIrHSCVJA==]]></Encrypt>
</xml>


2017-12-21 03:50:14 debug :
------------
String:
account-ticket<xml>
    <AppId><![CDATA[wx7f83e93205d2fd31]]></AppId>
    <Encrypt><![CDATA[S3KRw26MMk6yIHfL8AAbhHVm8ywB7iHWFrBxICNx1UwhhmZkQAznyjgXwic6n1qwpLx92Vj6wtxzrSaIdL1a4x8pl4+NDOXsO3cEQnwIk4uX8/T64tM1ySOCvTP6BnyAAbWWV10Jl5fH7DBrqLDzj8GqiAlLKGe4jeDjFE0lrMxEEP1C/ZLnCpxlb2rnLE9kFPnE6fJrpiLwjVPlP1XQ4EXv/5R4uqvhG/KG3jCkF01Rccm1N/LYwwwRIAmUZWLhobeJv/lvjDfDJjCh0+Tk6U6AAOe3Rrctm5R8XxhWNKpMrepSgT1KwcQaMaon95pb4ZxmjLaGTKOGH9RdRQeXuMR9g1V5pAL7H6wDL/RskonRmTBOl3C8nGLVn4Qkq8qbznUPlxEhn0ZoiaGPxSWRlVIciKG95zx9qwoA3DKA5HCECUcgD9cjDwaqXef2fVjtQCg/aUTRVRKUqZRLYfeY5Q==]]></Encrypt>
</xml>


2017-12-21 04:00:14 debug :
------------
String:
account-ticket<xml>
    <AppId><![CDATA[wx7f83e93205d2fd31]]></AppId>
    <Encrypt><![CDATA[dQiBXXa1EKHI3wwA8Jcj60XZrS1+y8jKL6cRO1nvfG6LidJafxylm7yog/fLavet/svhzw3g2kifuefeO/EFokvzABmfF6Zq/pQg2Iq5kW1qwpRqi3gSZnuBgOLYF3xxyr6pAt1Hd4coQR42o85IwFBzfs4wCQOMS07YAZfFIKblGi+eetVYt7iA3S4cm3t1NNuNx5vGm+KtPDT0KpLTOQVe3wtNj63DcuKVV2Ng8v72NrPhUojV3rE9FyGlxtS2NIC/p4Y2M37xDnAjescuFv/NOVhuPCyRXhOzTWp69uhiG4Sl0kd0qwwkqSUONRSKUR74XIoQx71rXvGFktilDYsFmk+707XYNUoydUgAfDXiAfGTCJEbpKdE+04iGjQ8af+xGfbcQXZhu7Jx3pmfEu+7WoVKK6lvoip4A7a1p9hgPn0irJToZowxg0Qhj8yXv/BqvouLRQ3NjuHGH4ZgWg==]]></Encrypt>
</xml>


2017-12-21 04:10:25 debug :
------------
String:
account-ticket<xml>
    <AppId><![CDATA[wx7f83e93205d2fd31]]></AppId>
    <Encrypt><![CDATA[l80qj4yam8kPIQUZD2QhHZK5G1uAwIEhD1HPW8OZ37AY1ysB0jEgALn2PTkftYrBoa7Q7IRQ8gMGPznsjHb+RzlqIjIB5+hN/Y1dFZIKCn2ECDHdnnmeYGcq1fbLmQSzWQr8fB3MUyTl6S8XJCyzb1yEJoVlTUpeE+QxqKHvXZYASsWrfez+WwuA0XpGgvKDFgAdWUu48DwF1WP6SBlFQA6Zl9DaWRoV0ZtffCd/naePBrM6OQpgWHzYeEia4+xluEdrPCDZBIoaPsM8vYaq1+OonZXDHTpzxrc8JheM5mWpF6pj8dweMF14iABU5TNXXHl8RJUQmlsOo1ZiJMhfM7mfyhODH9oyxMXaPIl1P6fSLC1vn1BReh/TY23hNLu80Pipnq/wupg4DUxNGVXZNbbdIkM88s3BQ9HNnev1Fla8QWk9WzKcVdr0NV0nw9oVRf0eVFa5jNcwlmATwfuMJQ==]]></Encrypt>
</xml>


2017-12-21 04:20:21 debug :
------------
String:
account-ticket<xml>
    <AppId><![CDATA[wx7f83e93205d2fd31]]></AppId>
    <Encrypt><![CDATA[IvU6kd45QMG9jFiBSekWJIHXQizmPqayOUmTPToSEG7H2sCO86s9cL53eqYXAB9ZLlkohm6ZRbvAieIRlOsqD751pCbVrv18JaaPMcLw97n33Lj1BMN65STSRGMlypyJIIuGMd2r3xwuhRvaX6CqF8IV3KK496N2DkhKoGU2+o6iyt8ZJbAX5uhWWFt1RC5NtiPqndTlOCSHhHqqkLDdNQCpam38Q/ar4y63lneLwPX6TveTc4Cw6Bko66yLjdrOz692WjOmmeIMRYK8NtjG/uj7zaJd/6+Enb5+w2NI+3y54AozJVyWhI5OsCM1ShQhtXqUYG6rv3sA94BA74rbdBOVDl0n6w9qD+XsaGT1BGeIcsXGd9uK/xrP6X/finDZ/tvclmtgFhRRRlbJ+/tfDz+PvfVuyHSODmYQ1NXtTvyTAqL+CUKZ7iWpi8HyOzndarFlz84UPL9XEiTggI0N+w==]]></Encrypt>
</xml>


2017-12-21 04:30:20 debug :
------------
String:
account-ticket<xml>
    <AppId><![CDATA[wx7f83e93205d2fd31]]></AppId>
    <Encrypt><![CDATA[pIjYNbJow65OUryOZuRsEVT4QYHwF1O8frfrEJ/XfksALGzf5zO+aM/gX5Izk6P/SVCqL3WLjmDPH4EzPKzsjDcq4KmJ4LJPxQQpS2F/w9jZkekPpW3XPfabHmMEwDjEqCU7bggveqPz/PZ4M4AnG40ypTd0Q+5/TFi9oGZDQsYX9CYBsyUgjXqoKUaEeE2oi4JZS20QAoi9rbG6ffcfSTtmKaNxmPUnpoXgaoL7QGwNj2x2dHVC3GmBzrWi+rA/t/0ZGQcfqlylLB9IKl2rXZLeqbH2JroL1WBYl1gb6XIg9fOyI4Ik39y4e3xj7345MPi6jiT35BaiSsAQfcVWwZdj23qDT+u2DYgE4Zq9oPrnVXN2PVN8suIk6M/mvQNIJlq7Pm1+xlLfQdIr6VWV8NSkqMA9eNXNULcOsPp9kFizKOdYdGUM9OHcfa4TWnp39JM+HWV3nisBCJNDEPCm3A==]]></Encrypt>
</xml>


2017-12-21 04:40:29 debug :
------------
String:
account-ticket<xml>
    <AppId><![CDATA[wx7f83e93205d2fd31]]></AppId>
    <Encrypt><![CDATA[7EN0XiDaruovWOKuxYky40riePPC2iG/bAYUJTo33Il4IEdDJ6sDu0De62W/z5yWN8eqUhTN8f9zpj+GFDEx2DhkQT8Jp6fae0Ak//7EjFPs2imcBo9sRUxXT07UAAuoK3eJQtPKk33mmZ+X5mpnTmoQEMVnfSbsLz1XTXFQCUr1UEHWIGnkFwLEQbElY2IxCG4UI+O9kPwWDrRCjVM8qc2/CZWKXX5U0pJMW5BS1hIokDD01qOC0S4Hj1QyxNVcN0nZLBOut3s2TDwr9ZDO+MWokHnqjteFzuLzVKjjmmbu7yjvTdm79+tDslCbO2OjpOaYqHoxL4O6tp5PnFThOZLl3v/DqLKiCgBswOu9zUfzOkSZAVM2RTgzYFZKKgAuV40t7DsR+tuWsHuoBn7UFay9DIFrGnRMdJtSvC9x46wuQvPr/o5l5d20cVT04AHAJbDrxss1CzBx1tj74CSlAw==]]></Encrypt>
</xml>


2017-12-21 04:50:21 debug :
------------
String:
account-ticket<xml>
    <AppId><![CDATA[wx7f83e93205d2fd31]]></AppId>
    <Encrypt><![CDATA[hcyCV3Y4nssGCjDb94l7nR3Am2nmGjoBwwe5UK06CY9h9YBws7xcT287gJiOSrpJ0ell/uNQPb32kA6o7VLeQnEaYKzfstmu/UO9r97j8oVaSPdoAxZE6H6vIGRkx834P99yq/ER7OP6htgsvBojOides6FSyESOE2Ycix8jerorh1pxvLGoUcBe6dQ/l+m7pH8HZvGjp+oUI2ve0sGJdVCBKihcb4sYXwccgSc7t7r0UnW6IC5zfZftRkFKpLnTN4NcNuaqbPrWOshZBASjKQfgJ9oxGY4VYW5UAT9by2IeP5nwu7ZHC3McGLRyfSEqYPe3j18hD1BPdFTj9RNUDcTcNYqu4tCJeIpvWqBvI+PnceBukKwxhs9RmDPKNApocOmgFCcrTN0Mj/iZphuQM2yO2dUkbCC0mN44wc0uuT94peD91p32v0ycU3cqhJUT5dIqxUoM+6wb95SQO6L/ww==]]></Encrypt>
</xml>


2017-12-21 05:00:22 debug :
------------
String:
account-ticket<xml>
    <AppId><![CDATA[wx7f83e93205d2fd31]]></AppId>
    <Encrypt><![CDATA[k33p40KLIjbeFWFeN+yKFP0PGEF2zLD/JFUGm6o8ZSDDjVuuNcOQLZQudRLtKrdE4mIH3cmUxbK/zj87IK4ZL9FRMLVdEFMT34ZMaPTfLxK25NEjYDKuy2hvS1uOYI4ymz/ts3fYzj9YaD2Unj7MXECLDqsDnuzaOURTP4Kw4P4wHFW9xSWs+IhLqUP9eeVNCS3rHE8L9D+X+0hgMVmOM9d7Xbi5o4YrspRqJ4nna7UU16AveUI53mn12FUgnb/+LciaY6c0lnd5p2BARukUL5Ted/h5+iVRVJQTXiQC0N1eP1jYotEhb55keI7WtNrAGFL3lc0HmlkAJ1BlWgz5CDB++yhKAXvV/bYXGmuur0hmN6FDggOTlTHK3UfsUj2B2tzpfW3XWVEX/Khq/7EEX1Ow1uxbuUmadY/qUir4os0dC/nQnsWIyi9EZNTyXNOr+lNjpZkdkBN3lOaDfLvS6w==]]></Encrypt>
</xml>


2017-12-21 05:10:22 debug :
------------
String:
account-ticket<xml>
    <AppId><![CDATA[wx7f83e93205d2fd31]]></AppId>
    <Encrypt><![CDATA[9GiSzAZ9y5eji/S8hWPLTUjK8+NbCxHm8Rm1OrftZUZNNLlRpBRdQXE0Plw/miPRsgBdCFyj6vNcSburUt3sHD1t5ze2OM7nVyDflPh1vhGaxhUUCHCkwhMURiWd3zMhkNmI4RrRWsXyhC6ZFZ6HDeKO9ides+/LcTVhlGKQHI/sfIF0sV8aQse6VingffnuXh7prDXy0nlyS0XnzEGWGxg0fZLvCw43A/c9TvQL/1OzwPQvYo/7007cS/84Vr5FYARNCFUyXTCUrm/vLILKp3icvkgSz2DFOvhEft8iic7QLCzHpvh+ITCkT4Xy4IvcTSmXUUfAnYIl8tK+FSHSY+b+CQtah3KyposYTBDO6nee5xyVra+e7Y89nOSXaj1i67nHOm4TTaNaPOidreWj+Fvw5wuXpg2QtCPzNiRZl819EJf6b11JwlvUZ3gP5an3ngz/uZhKt73LTSDAvVW3Aw==]]></Encrypt>
</xml>


2017-12-21 05:20:17 debug :
------------
String:
account-ticket<xml>
    <AppId><![CDATA[wx7f83e93205d2fd31]]></AppId>
    <Encrypt><![CDATA[KqLOpaREusR4GwIdD/Oj0EdIXxDtQOd5liY8BUgJ/nXyzp39KVE/Han1IjqvUNL5Ovh1yg+rZDB7vH+zKdGAsNogZW9ZVjDg3tPv8ARG9jpWx/cJHhZjV3KMNe67TZwmlym+IuILJU9gv7Gjn5WxSmOYaarDJmBMSguU5KpgWzzcx72s5TJdnPYMHnTjOGRM+GXsdwrYas5Q6ZkDId/KZM3LvmoRemnSKN1PXcnc+49d4LLDJCTAfXk8AFedxw3Vfc3IUhduvNPzTpshwzQD8chJ20RlAxRTT6FUMJLA2rZkQVN4vP/qPYzpSzNhN90oFRZKjXwh2Tzf2pxRPLaSm8Uc3PdCXYVVKQ6ZpXgD2Pj+Gprp5Hc+W5O097WNZNbCdVxvgodzubfOq+3olpEeS7DxFEUelU3Q5wfQ6zZ+cCQjyV24OnZIjcP8HPmyCKKoVcqtvlNGWx3l7LiSFnVPMg==]]></Encrypt>
</xml>


2017-12-21 05:30:18 debug :
------------
String:
account-ticket<xml>
    <AppId><![CDATA[wx7f83e93205d2fd31]]></AppId>
    <Encrypt><![CDATA[bynP1qmmlR5HxYDap2dvtvTVDG/O7XAjlsGPXKw2svuBeMW/yKCDGbmiV3+FyKvGb/FJlrfi4yKMefgbCxE+vjSPnWq7xIVSA9mgDTVMUBjESJni1WCzDtah6yibXj8Fhf9Z56OyWUEn/NcIKjrDSLGRVkZ6KHpG/vm5oJSj6a1sHxltOJSJmwkW5DdQSc/8B2U8UP73XRwU4pN/37uRR4kdJTj9lKseplNnpOICfLmke+2d6x5HxHSJ0Lst9MXfVjxJo11ZGEdtqzTsxsMSAcuZdl99473iR/TTWNVY4rC2Si6tc3DaIZ9Z+BXHjeckEd9cOIIKosaIXU1yU0Oe8XBVGVVaf6cSyVJ0zXg2Kdy8hybGoJkuHx+CPB2fd/c5V7jWe0i0u6m5oruv4RcyaVaYUIa5riW+HD9DEDzP/hdnncO88/n64reXHQAlUYWX1Qj4eNAzYtbliHwLruGgow==]]></Encrypt>
</xml>


2017-12-21 05:40:17 debug :
------------
String:
account-ticket<xml>
    <AppId><![CDATA[wx7f83e93205d2fd31]]></AppId>
    <Encrypt><![CDATA[+1alt28pn8imsNjuxNDUKRcLDdXhX/AESJ3tvBKRmG2Z5rXiesCmTXEmmQdFCXHn90AE0s/2mM9/HN4IwQ8M1ySJO6eNQseJIvdw8rgYPjWKStmRzmE+o2pIS3nUrBZAT2QDH3I6ko3HDwk5IDYXUeb4aqn4DBie9+RkjCJnU4pXbD5vr+qFhYkkH/8PVf28ribV/pSKjyEKMDeIq2jYjOb+ryNHOLfgGG9jOkhJvYHuZ8e9QxK+0nDw6Y3X0k/QaHk+bQAsZX/c/cBrmf51knGhYntl+xJpBVTiR639ecdLlWbi/sSSAHiXJxnV9MRP5IGhcyMisOdCIYzUTc+GLVbq/KTy6lWhhn7kDs2M8SjgqhtBodwzWso2fXNKDjwpWILFECRJ161ifho6VFbH729cn04xlttk8fTjfusDaWZQ+NmrZgLt/1ZFrFhAHELcszbtxJs7a0vBlHturyhmoA==]]></Encrypt>
</xml>


2017-12-21 05:50:13 debug :
------------
String:
account-ticket<xml>
    <AppId><![CDATA[wx7f83e93205d2fd31]]></AppId>
    <Encrypt><![CDATA[ajKFP4uRfqnapGfKSxCH1Doa7KK1g3WtHC105YHLt6P0sg+wWeBT9EDWZw0oPzSOGuM4VrvIU+Tfw3kTNNuQ0Xv6ORQJvBNtOj38EnTne6nWFYsTCtDSx0qV5N7YOQaaiPSkBRWTUYRHTv+DUnNBaLs+N503ACU4lSsar7mTfE4tr29KTDnJnGng2R3mMlawReXsC2T98MEimAFrisREWup/5WZELNvpLCyH8mpQdiKAfMMmBOsWLoLSVNCKphz3dO8KOrhMk0BkO8Fm1PQhMTFH0+7lR7gEioTjSlckXIiilGE9+KS1WbNHSjGovsfe69E3XKCXsZV3OOttHhOEV8/VPU6vGAMJwxcx/qNQACbzWJwuRhEz3rCju0rK0mTqqtE8EGhBIORM40oTLanURgZB0zsWKaJqJwxfUQeO3we3dfuFCrfqkSJPRZ16YqdTk+oeSqq/kt7dbtJSfBebhw==]]></Encrypt>
</xml>


2017-12-21 06:00:15 debug :
------------
String:
account-ticket<xml>
    <AppId><![CDATA[wx7f83e93205d2fd31]]></AppId>
    <Encrypt><![CDATA[+P7XjesOopI94EAiwAXx0VVXCOn6C/wTJx6PULjHYwcdP4JhFNhbWcFAQcZ1S6sd/WOrCMz3KFpXBbQOmbQxn248ykUyqzIbSYDS5bQ24+G9crGr33r5CHWNLIg8iz84XyrqP5rS+hytDzo+77qvOSIyXZ0WGAOn/BS5zCC3PWvh4FNf67MFPKE/VFI6Tclq2eOWY1cxVef1BPiiwimupgj45cTCsPABgqa0KCPB/oaEH49gTn8XZv5RFDFiO+U02+642FUjOgLA6+WbFNfQ6lOav0hAGJkiLNSntCrNc3AJf29c9wJHPIqcmZuqrS4YRw1B1gmvKf52O5ZsV87Ao0aE6sbhIsJ9pwlSzuTrzVH34A4u7d6kFcZGMRJvhBFfG8MNiFakDFT03EJnOaeg8x3zyg6D/tX/9z3d+GK6cd1uxXNGfh2cseRTRmIzi66bUYqDRzLBPBB548preYAQRg==]]></Encrypt>
</xml>


2017-12-21 06:10:23 debug :
------------
String:
account-ticket<xml>
    <AppId><![CDATA[wx7f83e93205d2fd31]]></AppId>
    <Encrypt><![CDATA[WkZRCVw2T8qcyne8AvTt1JXY2bQr66VlXKNhLvKsY0aFgcaaWCYdqKgFjhmddY3Zlk2+o7aIq+WlCrWxmrjBNdZFMk3/ZL4PN26GjEG/fWBdhPImhwbng1vc7LSsxgpXYPZhJnxEFm1QVXY/vKKpg0m5aU+Y3mAQwLybBdH4FkANpmYKx3vS7RD2i8tsK/AqLfKw91E9kewZoFukWNRubKLER+M2k0606K8QtRY6PHsequ+WHBClkIyybmHtQRYvBpa7h+sxc4ujx0ZRwvWDRRm20JwHUfc6XWzZ5omE8TwUtbPcIqwgR8Unz0ieECS6fBMvqbYJbDcNsL2Zqvn+uyNu8w7auIEIyP82JLifWO8ot5W7OODaBkfF1FBe7jkAtCcxTPBnfCQzo2BtQkAJW6SAGWr6XUYM6MV2gVudrt0HPNokgWXu6TSnNwfG/MOHcA9AYN9k0mgfBa8h9epFBw==]]></Encrypt>
</xml>


2017-12-21 06:20:11 debug :
------------
String:
account-ticket<xml>
    <AppId><![CDATA[wx7f83e93205d2fd31]]></AppId>
    <Encrypt><![CDATA[oKVuYx5GB3oibkgxFDMhy3/aKlcKMGt0ZCmTukvVtyW5smvXcjYTSYM2HICD+ohZ3g75eDLZW/cFQrkI8feCteCpCzv8u1avxp4yyX9gQQ7n8pXqRcT3jkUzZ/ENJS2toCNL3CCQGDkJpejDGJvZ+dcEQfIoLMKBUxentEaPiRerLSsYgbtSTgs4ECPGWk0CHVhlVThCotXpi2ixF+7KgzT4CYWuqDjkp4DumAgRUd2JBMjJghDaB+qH12k0oDiIEYVXe1RVYornuXe66CHxZw5v2HIR0BBu4Hy4ci46or3Nq2FEC9woL/pmGCQOmDx4SiU09ugBXeVgj+IDQUJi0UDiK9Xc4ElJMURfpBROB4x/i7BaZNnc9/ie+Hc4Oidr11SIgLZOYpgk/i0ZsktlMu1qqVwYYsH7YAja/h/1xOf6UUmkcJAKJrfVXBbr1GxOVkqBaUIN4gGHuBIW52AhHw==]]></Encrypt>
</xml>


2017-12-21 06:30:13 debug :
------------
String:
account-ticket<xml>
    <AppId><![CDATA[wx7f83e93205d2fd31]]></AppId>
    <Encrypt><![CDATA[Sjvgm+Drt7F+ILNNkZDLeVwEV+fm3Dfp2L62UvvfuG7SkXZ2Wsp0qmm8vLWzA1NG6RZEeQmSmk76psdvJvWw8hB+d4BIESqshYzNr5cYxa/gPVLHOidZlPyqmzG0Nw7/eIiM7oEy/xsZYU8pR6I7GvFSH9VNfPTW6mftMnESaPUxKOVEuUuTgW73KJL9anR87jLITN1gRGAM+U3RJ69os2fsI73I4oKFLp6HhPcMumDB1Z2I5FXHBa7kJDA0joQIOuxSr3/Tih31OCtwvr4DvBYWna9rG1qCzZk6ShPAHeaJd4dbZV8gE4Y3GxoXPIXuMNZVZRlYg+Qz2ClLCUm9PZPV5Ge6S+1Kn9yyLvWu8WSllVPgtsFv+ZGBT503nubmjOnT7Pcu5bVOYPYwicX6iIvOBl2m1zm/q5+fmhIyaPYF2Skqh6MomJDeW/tvYPhPu/RdzAXxTi7V/gP6hfAJ8A==]]></Encrypt>
</xml>


2017-12-21 06:40:13 debug :
------------
String:
account-ticket<xml>
    <AppId><![CDATA[wx7f83e93205d2fd31]]></AppId>
    <Encrypt><![CDATA[G/a4SbftQcXQxIbhXjrqoYeN2Kp62KiBqwK59/9OWtDFd+t9rLoDL7r0jG9OXRQ+TEfyskpVH5BzerM09+JMKNLaJC9Te0LnAlBmu/KCkvDFEBtYBaTiDFf+CGmJVxJZpXGGzg1wNuokU2ofEy+lD854Znjz79TbEHDIcIELDsizaALvcJaJ5uJkoEWRjgJDNTzmbDggjedm0uwh5GDXs/NoHm2qBaySLgZtlcQWqw5K9lhVoVfkLdMcebZJgmSE4Jn8P+oC9O1s9Z0yf94rKCse7eqhF00MUNdaxpJcUsfSd8q0ZDI0GYG1D5luhLZn5vz1K290gFmvJlg7OBBiLpCbWWffpYUR/tpyv4K89wYHz6dPOsxd+HdfXorvDXVjfyOIzniwtvyHWRK99lXYZ2i2a3+gcO4pBGc5U5icfiUAkFbQymcQ/a4uvE1Xvk6u7Y1Neny3JeyXMpvE2lG+Rw==]]></Encrypt>
</xml>


2017-12-21 06:50:17 debug :
------------
String:
account-ticket<xml>
    <AppId><![CDATA[wx7f83e93205d2fd31]]></AppId>
    <Encrypt><![CDATA[bXbX0vQou+IpZzOHQcgeCPqzjiLZK4w5tgsJKiN6x2Q7UhWH8EQNHa3z6TUYOiIMVcsOyLY4GgvubU4OmLyNquyllTNAFRgdqsGF03PEzeHRIF6CIZRxRBNGJa6BsBKPnzoeRh/gMs1qmBbip0OHUfBHdsH6O1HAxyKyKuGfb7sHbuhkXt0NrHPf/YskqHIk9xe8XYoEHLLqKDiYpb2ge0BVmTnNeOfRYPG36Re/Bx+QRebeqplrkVTqysuC+9fT8ZzS/3mItN167C67QXz9qdabta6dHzSJWdLkLlujb/BHXLeb8kwE7+85BA/9S1ktdF3nkC3iOakhgZLnIDm08sHi98ZwS0Ti0QCGhdGBbc/8sF5NP468RRYdkIPvtOuhAfFS+MZlWh3rJhFl5spIlCSOp5nZlia4OXBDKLJ2kYzc6a8GUttrnLyRb06TQ7ggm9Ss4vGEqPYiZ32bEHzLdw==]]></Encrypt>
</xml>


2017-12-21 07:00:21 debug :
------------
String:
account-ticket<xml>
    <AppId><![CDATA[wx7f83e93205d2fd31]]></AppId>
    <Encrypt><![CDATA[RuWmrpN2WLCcaL/1Uy5XUMhRfTYHu0ThZAXbSbIHKJaJii5HJqx0dzqb2j4K/Is5tG56hqDDcLJ+DCTEdgHcDzFedVDwWxoj8ATlzHwQ5Dp1BmdiBIVF3Vwy9RqoAd3jLVywjhC0aNbaepG95FMncI8DLfIzVblnVTmhBOJljXXPFBnrCNDAd26fgfQ3i1IEoOBCgUuK9dP0DuBnfTGnGLRmSGg8MwYMV72fCDSEBCTvFbCJreppgc6Jr0yE8qdXqxwXuBxGXUxv25+w5LtTyyT+X0K693shlP/Eal88heDdS6xVOH9nODTtm5tmYozUzCq1eI+bjIdUqr3okEGDta69fikvQYiu8tbSPq57rn9/M7CGeZntkucASUawxQEbuy7qkiW1ephhu0MTUuQkq/AW2LfTE/QGP6t4hXuurWnNSvyP5zLTM7/0a8cFk01Sv3ZbOj64ujVW5v5vIXjHHg==]]></Encrypt>
</xml>


2017-12-21 07:10:27 debug :
------------
String:
account-ticket<xml>
    <AppId><![CDATA[wx7f83e93205d2fd31]]></AppId>
    <Encrypt><![CDATA[COLo5c+DY+Y6CI+KnJU36ExofzrAHRpS47V2PKt6SHTnw6qCAdyb8ym2nPQDHqZgNovwi/EhL1HexI+kEHybBsMkYWy3b1xcs0DBUD+fPUL9YnVKXyeDCKtsQ6foWg8fW8P6AN7XzZPn6fAr8FYaKMZhDcNp3UVIBXHb7jZu3r7sNKPSpgO647CABhnhiMD0CUS8lO2lZjE0MRNI2YninpDJwGIbN7QfDarAf9OwUY2mGu5M9HVNipGuN+QIXNMdia+Lk4JTZqNYKE7yUI+vWLSfD4SeCfVALkaVf1yspAjkelF2ixYn4abr77MCkrmvaOvnS8vHOqchPF04eIMuEEwrNGRFTfqQIllLT+2w0SGFIaIY50V7J741B5GKqxQ5dv3KSQGKf2Q9XD2JnESJ2dgxoiwpaFP//8UUoZjyVBb6qiGEAxRjNWysD9LfSeiHu1+YDf60kLheoIfhI3yFXg==]]></Encrypt>
</xml>


2017-12-21 07:20:21 debug :
------------
String:
account-ticket<xml>
    <AppId><![CDATA[wx7f83e93205d2fd31]]></AppId>
    <Encrypt><![CDATA[Rk9VYoo6Nl8PznM8VhEPWbxnzBSszxg8Brx2PKPo6nS/kadHLl/K/E2uAgGpX1brhPhLEuP8mWMiirtIjev09QdIXKGUWDt4o/KLt2fJV2p7xUAMo+aUkE9+UOrb6Whj/d/ukEVpk8XUXHiXhTJE3wbvWIN0zK++Lx1L709pOWuZwurSHdbRzvnDDfk2skq/ShbyvXUC9E9Vf06npGF/frmcEP/5PucDpknQFmwyycwQ8HudIPeexMhdlistjAbjUljO5HUw6J8HsV1DzBRgidVhZmIMYibBFpTu6+X+/d3WGdw0NoZ7ttXPJqhjgobgcImnn8NWyNUdS167CKVbqOzRrV7AB9mCSShQLwNCMs2gIgVz0U2+kJhjYJ14is8wE7KjKK+cFt/bkHiNPq8YSrLfLd1nk+pAMnvdTALFzBEA+QjJE+VFu5RmyD2s6WyP8E4i8sbA59xutWpjp2WMRQ==]]></Encrypt>
</xml>


2017-12-21 07:30:20 debug :
------------
String:
account-ticket<xml>
    <AppId><![CDATA[wx7f83e93205d2fd31]]></AppId>
    <Encrypt><![CDATA[w7ylMtRC6HagJCX/Se4cSjC/hNj6YOLoY19nTXyYcJ4b9yUXpMKjHLZQZFBCU0Nh0fIoTypO3+aNACJEu6fB5gteNMW0kdCJPZsbn3f9o78GxcVqxIn+zGXRqjG5bjCpkvK5JGPssnHAxSfLMAi5RuyxEV/UfzU/7CVhdOFY4/LjX3uDA/K2KqCjDUg07GU/lUdYf03HU6J7kFsaZRAX4mAhBQ+1roe3OAiw3m1Jc6P/Rr3G2Qfq4/D3hRN3+PNUPgR68ncxxLWBb5+JHKmoUIa+RZYm1MeZ9TBdkDp57ubGer8k3dsGw5qMNvhW3zkAchtzPvxcsN10z/7HN+u/qwyjDk+L62Xw3d5kAyG/shPPTeAZwiEBA6yGgaMgO7iIkiuKic+0lrhFiFnufp48rybO++fqmv+OL/yriGF1JOqxO0wkhvEuKXPEIC72XobyuC1KdIh43xlT7HRN9oD3xQ==]]></Encrypt>
</xml>


2017-12-21 07:40:25 debug :
------------
String:
account-ticket<xml>
    <AppId><![CDATA[wx7f83e93205d2fd31]]></AppId>
    <Encrypt><![CDATA[iRG/NXpZY0baX8iJvru0Yl8U/yb1D2C0tjljcpmP8FlRNFArAhaZj5rDGqojO8XpV5pr+wNN47hApjUSGs6BYdLhkbZd8TDAAs6L0iEC1uBF/4veK63lXYu1HPh1syadYWqnIy28FsiUVdHtEf8jnNR0YoB3gWavtCKiRLZA09VE3M7TJ8YGXhhJFQ2ULu8tfiz6Wsig18ymctvZWMFPIfzHnhCzjZ1NOX5vwZcDO4aMFq4Pbe7dhL2UUZDbzXyBcYR6KcEHZFBh/o3dTnUz6iQc34kQD+NshFr0amF0UAn5nBLWjFF6yypHCH5uiMgb9b4gvJwuojZABPpJ+E1TPC1bIVd/1ZcKEcCHXXOxENZtoCX5td/V1OEacNuPskFRnEzn69ZMqEWIjI3PBYr9pIiHs9nSX9gh4l9flTXYdDD37gKhytMXlzZ2UmHzUICuVTRGjigUWqdiOPYKkT9nYg==]]></Encrypt>
</xml>


2017-12-21 07:50:25 debug :
------------
String:
account-ticket<xml>
    <AppId><![CDATA[wx7f83e93205d2fd31]]></AppId>
    <Encrypt><![CDATA[c6Ym7KVa6ghWVGmAWQdWlEykTH4AuWwpIOnRrgk5v6pkWstwlPmtLKgEODr/Mb5H/JArAIZojy8Hjel+ILYwlAe4yYVX3HvpHDdNhfwJwhZNTtEO7XnmF1Nh29j35MXHBRS6JZbnV6BIN5mBl3GVcdFsG8x2Vesz9INLb8B/d6DZ2x7VPzQNuQyoj4xLXo4+0hTl7z2+E+gwIqXyWWUBPf2yuqnv9lJfIknXrvYFqXhoRZjdB1zRULGMLpFLmqKHJ3NP/UGGB+M2PNKqju+IaqtfYo8BFxW1PJDvcwcpHSZl9G/eR9kJo804GnP7sQc3t5Ki6+MO3siMk/vHgkhe8gqybCsIzy1QK7RCQU8o4ftBsF7kjsJrJvcIevwpCmVahzZhGNSb8VUQdTEa9qYRlFR6Y6ob0Wi1IrTPjUmGhVv/sgGCcCkvrO8rRxnxpVGO79n5KaTMr4rrWyZckHK5yQ==]]></Encrypt>
</xml>


2017-12-21 08:00:06 debug :
------------
String:
account-ticket<xml>
    <AppId><![CDATA[wx7f83e93205d2fd31]]></AppId>
    <Encrypt><![CDATA[E2xkCSauD/WdXd4H76eIFy63WTGOdZLszwCcYowSxqJeXwf2QGsNTZSRhx83AmJq6UXowXQpiwVcggzE2DxGv4Vnmu9an8W3s/I7YheRfdYm+JxXu3afXp+YxxnGStOtWaxDNuFg9gMDgL87R8yT7DV4fphokb9FEpe+QaHIGkWxuQ1p9xafs+inkmOMnYTSZkFR2g35+4HCV7H+8W6G41LdmFTa9XBD6e9yMGf5z7PcLUfLtbc8aQguZlPOdpdkABkHOQ+ni5v3lvhlDE3xw42UMVb8QY0fugBs4to3AY9AwojSDdDDZXPWf9XEXlGIaHlI4dlsLg6bQcTJdeFLH9rAXv39iy5Jpcvqd2U0hBikzp6qL08WD006G+QJ4tbO18YkmV3aBx0qb8O7ZIARUtcEWf4/uiyeBaXGJdYUmeYokbqKYpNP53vrCs6ZK2YbVle594IOp7j0xgwNCi5zYA==]]></Encrypt>
</xml>


2017-12-21 08:10:32 debug :
------------
String:
account-ticket<xml>
    <AppId><![CDATA[wx7f83e93205d2fd31]]></AppId>
    <Encrypt><![CDATA[zMDv+Zc4ycW/StU1AD2WK0YbNu05L+QWfvC/Sdtwa0qP3XJuXWjatL8hVREdJXIao4cf2bgot2jwTJDMSXQKls0JKrf6eOKougxF5VwLyO33KEbQNwaSbj2z2chgkh0cVMLKxev8h6m/qngscFhrO68ArI7h8C3J90ROxbpHgAjX8Ba0vjvEEGvERfXWZj8PjQ3/Afy73b7ecoVRh3m5fZTorY59eengvl+MGbkgQfT+wcy/VZ+L11pz2NFr2gMS2dCbvlYTHOdI8+vFCCKVUZmbPbgpsv5cyrSugYf8q33FgjQZaO1Xj7dwan4Yf41clmIosiwH/z77K1Ocrp8JiX2amlxXbIUwEHqohkUkinkex0Cip0QhF/PFQbzfxsrb0CBZTxuO5wE/RbaJ0vndx8TSBqsqBZn4PQzvU3R1Ozm4lNBA/Olf6tRF2hpDSlfYGyBJQbTfFvbB/p2HyjEu7A==]]></Encrypt>
</xml>


2017-12-21 08:20:30 debug :
------------
String:
account-ticket<xml>
    <AppId><![CDATA[wx7f83e93205d2fd31]]></AppId>
    <Encrypt><![CDATA[kxnGr5QtbCMGoWW/TZ62pIGrMj7VlMeI/1k0sW3yLSCTWCahOviEcO8Ss+cb2WspJoPfc0DET/Mn3S4oIzwGE3sCBLohGOxYNAfzm4xUQWK9KoUiCRd50KJo8RjIw432QLyrY858e7gAnbeZdD9L3+ymEBuPZdZYpubEt49a7B+XQ0PsXfi4FVXDMC8J0U7MuzmmiHRTuJeFadB2XvgXL+IeDccEgC18ZFpWoCMydn6Bx9LGbUfmYsCJaqxW9sriVNdXcVprqEq37ehe8sRWrGHn+9VjJoI2CrwzUnPT94FukNNXbNsfOqAK9aekMgXRyl8np8t1yW1wge1428hJLo4MNcNuKkez2D+xHjHqUhDJ0u5Y/WRRsdV1WDyos59VzSJDNHMEosL2CKkX0dgCElRKqcJkZOugdMoKBJ3ET4t/ipRxs56m53yTwtS/gi/HE4tpHjAzIsLn1sOerNgo/Q==]]></Encrypt>
</xml>


2017-12-21 08:30:33 debug :
------------
String:
account-ticket<xml>
    <AppId><![CDATA[wx7f83e93205d2fd31]]></AppId>
    <Encrypt><![CDATA[5jJV3b6iOIncNe0lBYIM5oHiRlzngNpC7BDO7Rdl6lxycw8w3huLb5D6At2Qr1sfg2xOJFn0vz6oxx1beoSiVPxjf0NpNVJf3EuO8RHPH9MNrpCC0YisSmL9kkdy1fz4fNxySsNZ5Kra5JRmAFcYyhJ+mEVV0G3pB0Lo9TWmLZ0QS/qtvbEJ8vYEvPuPhzoKB6JjxXLHjEhRsDucAlLUeXP/Xy8uEt3gf0J3djjQNLn+pm/wbny+AjDc1KY1c5g66HkK3CUQI9WsWc1yd4D0QkwpwVM4j0vadx4GxWiftq9TDYdKj/tsW+NqgxIYwo8cKw11mB3pEoNXndLSrRdy/VzGkK455FV+Trb5uMZvU9P6WCf1zUHDc9Q11RnkRK1yaaZi5Ob0fFyp1hFVJbRTDpb8r8yMx7jY0kNtY7TyJEs86Vk/BJb5JlgJsnd4e3EYNsxbegczk/d52Ymh1OBHnw==]]></Encrypt>
</xml>


2017-12-21 08:40:29 debug :
------------
String:
account-ticket<xml>
    <AppId><![CDATA[wx7f83e93205d2fd31]]></AppId>
    <Encrypt><![CDATA[v1V+62RV7Q6Kz5pH/DB8Oz6gftubqJVEmi6GnqTssNyN8boJPayT8NDZgN0aClqk5xBb1LmUrNcUHt8Xk5KH7sbdXCGm9MlVL7TuvSoCqK6FC21E0Yjp9GHT5b6nmS6m0QlaxEdStSNgZ3yhamt59O8jyFSeYuOkU8eOsAiPpKpbM4z9PKYBYPTS5GPbVUvrZq++OHuf49ZcDmx5AsfzSvLg+ejpIiuq1xYi4iEbssazu7suka7DxyKe72hU3H1RdLlJxHLHV+9ZYWTrQ3TmYDPiRv5bH9KvOYx0bGqr6Wddpe4ETV9FB6dKz3kQGgcLrDzM4Sk3518DxL+v6F5CCACD52qRignmaFrDIkbcwphVnm3040eo2LLfZRsxH+042CdMHQhq29a22MOPjtTE0c0yFPCeWqjE+6t4f3Fya1HmeOSvc3Sd8YsJQxkPyhkBZ8LWETRUg0QMSg65z/0KIQ==]]></Encrypt>
</xml>


2017-12-21 08:50:35 debug :
------------
String:
account-ticket<xml>
    <AppId><![CDATA[wx7f83e93205d2fd31]]></AppId>
    <Encrypt><![CDATA[ARFzQoiU/+MqolwKnwmLyQ15TdL1vtAZxuiiGi/c77rLzJRUwSBEschl1TOgs+WgzDXa1d5fDKVu4xpsWk8RP3gaQtZzzx5z2KFnUQ+IJscfu3iXvpx4nnkc7Kk0+ImBCyZWhRX5bD0XRQG464Xon9K45hBybPSCeK1VfKhygNwb95kNP1IkXt5EHnEwxSPBeJjR6gZUeZqIxDypuaNb7VmXvIw338U7BFcTGfLQJhZzfH6qsbyBBP4O/AhF8T6seBJE1cSd6LGOkHlKgTLQkK7re4UTTs42UY6dXJNEmG0nGmhVs8jt5qpeus/Z63FPZWGG0UpjUK7W6V4JzW7CvYHsv8y0EAIrkhiu43rddG4QLjwN+BTtuCpOm4YUyw0PimfJn7bOsooO/xuPwJVQEwQsuZJVXmZrzcwUjF4rdjrLwe0qrt5xb8X4vaRQLYtXVnPZT+kWJ1g7EQFXdGZIPA==]]></Encrypt>
</xml>


2017-12-21 09:00:35 debug :
------------
String:
account-ticket<xml>
    <AppId><![CDATA[wx7f83e93205d2fd31]]></AppId>
    <Encrypt><![CDATA[78wttMpXtFcPxuPQHDoVQ6iz4bGN0pQXa7BpBLNBAxhKoSV71Cs6UOFWZEahBjiUw7JxaYSBziL6Wm75pZeFE0A8Q4ALAB2Qy6mcJzBYCN0svzfkHnM+PqJjUMjJdnbdPql9IjBvsUBp4D5rCHf5Qkdomjo3f/rT5zP5SuV1vDbFAWxg2WPMuCr2xssNi2dHizMsliS9HGOyiHCI1ZV8hcmghulSi9pBp7wCuTduB6J0EfQ9KmW+MEsduiyCkRXjhKW2Kp+Sl1KUA+0vgiSKj+sU63hlrftntrkjq0d6SZIU6ezh2oZaVtyHQOIHsZMtRbaELmCg6MIk8A5r2/KsKISnooQe9R4RTtn7XQUiWhci2FZeCg4sfPWAHTdIF3F4xM38Wg9VJYtuKNOrA3V52IKqU6o/vQGMUc+m1UWNPnophsrkQ0OnRUi7Qff8Lb8R58C5ROEt3dYrwEufhdnuDQ==]]></Encrypt>
</xml>


2017-12-21 09:11:01 debug :
------------
String:
account-ticket<xml>
    <AppId><![CDATA[wx7f83e93205d2fd31]]></AppId>
    <Encrypt><![CDATA[2QhCvgYIShiiEmypWzXIvFkIXKsFjkdh3HhRT49fuLxwWQOxuGOl/NZ/avmsXNl6yRYiiTyU8/iPDxdLVwKxQOUL3dYLGmydcDG9+467aHv01ZmS7ejtEkMAL36tKTlPQxWDOZRZa6jz1qXaG0093Ro9VbmG5V+mKRPvaLyy3ZVEsUnEZkjCAHK3JmYBa0/Tl1Y62aIi5wfcIm7qFVpreREuIfYFP0wAVNhxAxLeU7VczOSp9WeCyIsAW+mn6KWuzSvILYG3josHbx44kknRnBQwTGp+TvcilSoWSZtlmTmA46CQmehW2M9uxLFXQHfcKqDQRgAEEgBk036NGTzTYq+w0SXHteG0pwWW7j87EfM8SldDR3DiaEadL0wNBrF6BToRbtD8DbC7eI5b/F4xIUek5Ka26Quvt75nR8SIZ8pnsqDJ+1my4Vx2JV76YKxV6tIeGdZXiSHNMzhpMlWL8Q==]]></Encrypt>
</xml>


2017-12-21 09:20:54 debug :
------------
String:
account-ticket<xml>
    <AppId><![CDATA[wx7f83e93205d2fd31]]></AppId>
    <Encrypt><![CDATA[vsJUZFEqsyLNrbXUoS5lvJoTK9T/SczT0XHiYg2O0hIsy06AP2KTBeCYKe6TWLyarE8T1Tdt1B47Bw4cxmbaEnzY2ex3W23N438Yv27ymj/z6wc+rexKtrkQG9/vpwch4t6qCNfRgOly1iZ1MwRVdXlG8LDVweWi3l/CweAGhdA64GKzPtVMkqCI7Nnho0M+3L0MEMJoIjmbWZpqRGOkHFAZceChdkF2lrVJ/de1Yxg2t6kqw+WRKfhDKLxaE8RGHcUF6gXhKyPJDCdsDCI2DAjzC6FTulC3LvcZ7tvTnt/iHfPLN+nc2kbrbz3kTBoere16e7uTvvSPZU2UiYCOKWO5vB+BwTh+Jd0puNizkh7BkfiaWs6QrXlwyV3J1j1ItZ7/u0Bc1/8OjLjES+IUPnGD1s+B2h/LnrJJ4tFi5qt59xbwe/+MJKDaybgzXshlCX/Dc2i7HhjN43bfPVcrhQ==]]></Encrypt>
</xml>


2017-12-21 09:30:52 debug :
------------
String:
account-ticket<xml>
    <AppId><![CDATA[wx7f83e93205d2fd31]]></AppId>
    <Encrypt><![CDATA[dQL50hJ16+N8iwd4lJ//BmK2lgti6S3WPxUefA92Ja/trJitGGUjHuCJuTh8wIl2vGfxCRs73qwmaSovfISIMkpSFMizbi1EmSVe483Vrdt4lu5rLh9TypjzZlqAZzWlcFdxWb7yIU2qYFtG3fLbeDPHB332NZ48sWmvYWBC/JnNiy0miRTVK++y51yvPhxvEmUVcKSH+ygzPTHpXSkH29VGo1tEsVRuS6huhSUUtZ3W3qdWyak0xKJFTAhETksOCHhpg6LFKN4FKIo4C89FtzqP8GCs4bLp0zUVimOJI29zaI4fxeNHfYv1Kdhz6J/gNuUB8DoF3oLBbeuUi7NlN/di4d3UJfZ+S+JFyGLjNLVUnal0q4PXFLsgaslTiwqx0k7WrH1FOdhIdYe+ll5T4dJYQ9nSvI/CeeaVGz/LnjN1NC6gDIk8+iXhGtkoqDa/VB+oQwC6DFM7BVc19Pcidg==]]></Encrypt>
</xml>


2017-12-21 09:40:52 debug :
------------
String:
account-ticket<xml>
    <AppId><![CDATA[wx7f83e93205d2fd31]]></AppId>
    <Encrypt><![CDATA[Gznmpt+GIsTd12OSYsb7ESimkBZqv7cYOudZ0IZ1ME8SZIn67SjvRO8l8iPGTMXNNbigapwq5xeVeJyZOfu6TT/ynM4+HXQr5HZ3i+pA1+S1kPtkK5TMov3mhRU6ediCcyfQ5K2iY+uPfTs/KRYCelC5rhSnBB0Jx/3uuMcXcagoy1i1mBpaKv0l7ZTbggNvmlb4QxlcZqAkvJDhj/UQglstfjpwHm4qThmV80JxC48HzVwnu2fkTPaWOb/Q3L9xDi8ogxGwkFt/ZMtIrTJIj3lP3Ks4q7ThOF/cbhypRpX12v1bT49SHXK9aWR+LbtXIzPmDolP5uIcBx8eKUHlrseai+whRXt0ij6b/I1PWhcXkvywbiDQpixSUspbViOel4ImO3yF5EZPj3D3GBfD+y2wvub8ZLH+xSORYl/XEwx/fjals96YRTAt+Z9gigE5d1G6vefkS55hW6mCwUnKOQ==]]></Encrypt>
</xml>


2017-12-21 09:50:50 debug :
------------
String:
account-ticket<xml>
    <AppId><![CDATA[wx7f83e93205d2fd31]]></AppId>
    <Encrypt><![CDATA[ym6u5rbGILvR/WJwy1TfXW2XTcY+N8aHRyhCzqayFXnXbjt0+vh1RoqfLP/4bGcBoDVnN5DAv3YsuZrUf+fymAV8rNqWqj7ban2bvnr+xVX4qT5YBDsCitFRqhJ7YjBVGZO05swjzwpSEuIycDny1KbbReXXrgSpcNdNFO8hmq7eW1m9xZesWEUKVYZ6nuhewOZKAwKF7pO5KUBATnGALfQs4UD0I51VOAF5y+fN6HHmsLGuy4fiS5nXd1DZoiNaiLyMrpj0Eo2ieRQb44mq6XJhCrBYsys8UBluejEwa4oPMOtzLccOdCbk39TZst/aeg0dy8qDz5NVnHEb1/QbhQ1fXDmGhGezRG32GYX6I7to5hzra4VJ0ofVkoqNeBob2dMODcfla1wmTN7cstaknFqa1gqnlG1SYRbfCBRFRBxTt5ev2JVnXTppVSGXmfxNwi7lvtld1iwvPtkCtPnMAg==]]></Encrypt>
</xml>


2017-12-21 10:01:03 debug :
------------
String:
account-ticket<xml>
    <AppId><![CDATA[wx7f83e93205d2fd31]]></AppId>
    <Encrypt><![CDATA[3yS3LXmDeNcWMm7TXOqcGFWWP2r6SvSd4t0ZF700UnINMFsLDwQdm30YZcslQEsaSiYSnGdfgiRM15RabiSew3IQ1+McoL83M573/VjRzKlssMDTtOoAoT2XlFEGWuZe7csQ9SBir/NkYBllW5H3jKGxheuY5lEuqwkZepIGrp+sDHFd8qkWRwqpjt4j0AKOqd0jbj7wyKqSBkXYidB3KCsaArgexM3/UAalo3zkRgwSMk9/a1sDFdxwQwFsuemCZvsfZH4ppBk9KBKQzOymrQoxSVEOmKkhwrYg+/TR0j3o8no5KIymSwG4qB/O1GIt8C61OTdO2wChU+rK/8CIHFqNZOiZ/3q1/JXSYOy7GsWaEiqecPeSMBBpRLf5QnsY7yBBD5DgywDQlfeUv150Bo2ePEcYat5ILCsVkhIPzGd4kOUrXKc8SJCTTi2qUHKqpqCt7sFMN9QFidTdZuBBDg==]]></Encrypt>
</xml>


2017-12-21 10:11:08 debug :
------------
String:
account-ticket<xml>
    <AppId><![CDATA[wx7f83e93205d2fd31]]></AppId>
    <Encrypt><![CDATA[EKehzSLIfgLPcuFuxXDJm7u2eV6sdx84ZL62wUDw0hUEvnSt+K9IbTPxd0U1MMMsdDm3A5dxrYJ8XBFn+jwZKAhmTaeJidrmrPFGjv7dROaE0HgMKc+xGVpUn8c99NnBTsUxRfVMzbYHmLL3LOo2MfvEigSsce4UK4GQeQeKKqlLNGG3jDSh1tvv/PqXKKdDfhMQWhPtDSYAzFJJ5vuv1Qg4KM0GsR5QkMEHl83GtFI2YKJP2N3Qow3+Ljz4Ks6AXza4DGoBcQkD2td0YmeIAlHsY/wyVUcCTl0Mt+qvxb5yZmblnoPCxmDNtb6xnofEk+7ilz5K75kMjfX0YdA3y29cXrqP3W/XbMm2ENMonbZpyCHjIiEMy6rwIRSlG4dOS8GLDPqVB+BqySuFiCWvsqbRyNoCOgRi1qLhI98+awFmQx/f9Zri0KQBQHhV6rrYOgDoU2dGQW4qhJwB5q82fg==]]></Encrypt>
</xml>


2017-12-21 10:21:03 debug :
------------
String:
account-ticket<xml>
    <AppId><![CDATA[wx7f83e93205d2fd31]]></AppId>
    <Encrypt><![CDATA[IY1Y/OwKw3PnG5wlDBVWnIVNpaZJTYx9pyt/X0UdmYPrKDffmyWR8iS7Pp2LPlUOQVICmwDOOReHXHXah7+f0RgzKLiqwFUTRHrzX81bV1Hcz3zHbCJkpHQb+fpltJlartlT8s8Vbz7blbYGlJhyPDv3u4JSoTzOYCq8RYw8lRp3YafoXWRTeFdAH1weJya5gkFQkW08LWM09L8csxPaTj5H7cdOxIXJMf30grVfErpm3CyZCINmQUDbFaXv7pIQvjgeRE923sMtEyYxUQGBGEG84arS5vSarB9TevJrV5m2WCR9XhH9XnEbPqBdTYuQIAEiGjVRzJnYrtoNoOQ7MQnxAETXVneP/3dy8iOwpSpabFhiBWr0j4a8IOCSuqMrfteUhWOfwChiyhjHeezpfls04OLVQDpObKJv8NhdWWWIrFLBUNQHxhgrrVhfxwTMnWYI8nzJhSjYMC9LIQSFVg==]]></Encrypt>
</xml>


2017-12-21 10:31:06 debug :
------------
String:
account-ticket<xml>
    <AppId><![CDATA[wx7f83e93205d2fd31]]></AppId>
    <Encrypt><![CDATA[M+u+M5+xjSaw3OkaEVTG1QMujbLUqaXhY3CFCzN9P5pdVQODYcP75Kur+BlCrccwXmKWxJ0Hz/mdjxL1Ng9okqfKsQjCEu6UZZKg+go3PNL+IHyokhItiU7AzEnYPY5wfMNKcOCsbTxu9Oc69jH9GFdDmjUG6ulNcdb6mCSBwv/Fiq9H7hanAF1mg7saYbiMxRjQ2PMTcgFQHsbmizOUj5cIZaweGS8FX5Ax9CnvMPYtJ+Pqn+34qv9ivZ7bcRdsaBqe6P5fkl1gcJBJSJZtfrProUHUK5VRIUiuyqQGquU0BJraIu0hc0XHRcnJysYgIfHvxD4oEDPa5vAe/KZv+053Z5WRu7+XVBIT77iBNnXwa3puNUk4lzk3GSNbr9Z5UDRo46qemdmJYlWxD2FEPWmjJmK+L+F5Z6mPuI4zSfa2qAA86iTNMu5yYgviguta0We9Dk/LAofwoaLbFA9T1A==]]></Encrypt>
</xml>


2017-12-21 10:41:16 debug :
------------
String:
account-ticket<xml>
    <AppId><![CDATA[wx7f83e93205d2fd31]]></AppId>
    <Encrypt><![CDATA[Npb+H1sxfRiY/ZnJ4xp15iR5ulBYkBOKjhha2SXDAYdSp4CrpBHYHLZnI/uyVI1d+VmVSgKBoEACM8+A6npubGA8mCVhSAGTl4k/1NXWSeMsmBZ1GQKyXPurIe5vmfIvBdxyn2iUQgzUOWTjD5VP5CtPX9VyQjmEXnPvAv6qiQpchdb9Dc7MG/xuaozUkFzI6igWz/uhGzvMWRFI7AwXAHDwLFjgxDXP/2Vi7Zk3zwz4dvGVdH+nk3sYA5Rsf7m5qY5WhONIUc0gTVX8EfTwJYKhqqXdjgvMU4/5hf4lZ6o6LCJP3FsYOu6vqVYJ5Q5MEusvQe0Zi9MTRz3oUF369AdNnME8SgWTnq/uGgx3sYWqyTM0ibYAR11RJgFuCx2bCcSyvT3LCrPE7cTsnM97vs+upaqgxKT5pqb9OTshvHAq6r0mj4H5vGIg5E0lI8xKIRmh9xblSBKpUjo1FiDUUg==]]></Encrypt>
</xml>


2017-12-21 10:51:22 debug :
------------
String:
account-ticket<xml>
    <AppId><![CDATA[wx7f83e93205d2fd31]]></AppId>
    <Encrypt><![CDATA[JX7kQntUe6qZplpTZSJ53RG7gOfJ/+hZ2JH2P6pZ0VKjxopEj/BYaHkLTVbM7PWs98lH7DkkFSx+kgL2gd4hyllMSdvkR45/kyfirXoOLas2InRU98VgiKqmR/4Fb/zAc6NJ7wsDbYxzMzaAbqLJhBn+5sRVE/tJmjOog3aj3wfqPuMGN4CHQhvle70Dqs35ws+JxKOvqE3iFscooz6CzM21ttqSozO20Rqf4g695H6/mxEpn1tRQClmgFb/gfTmikCGsN9BnhOyqVnwHhJTyIqj7v6mzkMaTHAGDg6bd050wBftsqxNWwGwp+6i+ilTZniMpEhiWVWeuEeHmvgmtpMHSyCgHBm5eqGxW+ycNcY1s98iMBQZV5afSYBQ5KAziaH7xkSKn17QphVRp7cggmLqUEkC6Qh/HIkA18gJeB/nPTwo4hJExeJfFzjHe9tb74fSpSr6Y3UD6fRtE3/z2A==]]></Encrypt>
</xml>


2017-12-21 11:01:16 debug :
------------
String:
account-ticket<xml>
    <AppId><![CDATA[wx7f83e93205d2fd31]]></AppId>
    <Encrypt><![CDATA[rN5CCR98q7zn+6E2Nwi4KRhWJ+7tkQbo01a2dMJTh5CaZnndOJLXjsEzU9DzJjHP77RvPyJkVrhD1p0xaqdSXVfuVY7Ua8MXFUyi8o26JCLbu0XO848o2x1MhsWLe6trGQbi7JRfmgp/xUltoBRlWXR0jn7U4Qq+RUBEA+tnc8o1PBSTcbTS9b9ST0mRXJ+i+i+1vV5I1+H1O+LDfx3HxW39FIAQOusGawqkrs9lEHxNiEj5f2mzDBXzhfxV8441XB0B5n/ilxtO1c7cj1wHNuWLLZaxdjCvPGACAoXiRQ3HiKpIesE/o8HcNbVJoQCD0fTYg5E8ehgWPUz49LluV7b4z1EpA8b7Y92VYZhGztQwCZ/DT44wYCFnM1nWTFKK4KhmIIcd8wEpLp9BR1LTpubex7nqxi/5Pw2bJ33iCyG2EPFlbu3PTHqZ4Mvq6cY33TwMP+zCOLhmrzUr4QkDig==]]></Encrypt>
</xml>


2017-12-21 11:11:16 debug :
------------
String:
account-ticket<xml>
    <AppId><![CDATA[wx7f83e93205d2fd31]]></AppId>
    <Encrypt><![CDATA[yF47XBmfDE+j7G7OD7CVYGPiWWKZXBK6KRgMwD9CDiblvPNxIBwJfsGeoYiG2c9Nwy5C26iF5fmZU9LgyYITbXR5p5dnIv2GEcX1ZuS7u+wkDrae3qSXyWrXvQhmqyJmnfNkgPrT8XVDMJqvnlAtsA/8xI5DODzFTPQYqCLbiN5bWpaOZkjJK7o4KhXKcHeS3W/ljgEidZQ8uw7a0AgvtwC/cxXgR71O8eUcX5ktkqzcSbVmw97LOBEbPZJ3VSsF7lKQuMbvT6f0J8x8xOU/A/Ho3YIF6Xp3DqMCmto8w4soxuOJFjxD/NaMbeLeGlGYHWFKvYohuAZxscNPWImOC70NC5LFm59f9Xy4zovmSUTsyI2QYxKC7mIAOjVlpcat7H+WJ0I/80MFch7gYXKVuUt8bGnFcLa1XBYWb5zpyOm/mSRwROYxhXX85QLMLTzoVDy6jPeXcIjbAJAiXi0WOg==]]></Encrypt>
</xml>


2017-12-21 11:21:10 debug :
------------
String:
account-ticket<xml>
    <AppId><![CDATA[wx7f83e93205d2fd31]]></AppId>
    <Encrypt><![CDATA[6CjkH4JlYoiNeXdLpGGE1xaIW8VA94CDPO7I3mYn1U73Cs3hmCRAYVvaWBE3qoVwBqH3UjiY/ycoNS7lqYvdAMGnrLTWWUBIqKeRkm/VpYPawXB7VQE1Fk9vGiYYZg3kvx483xBCahFtfe/Um3WeL2UWwkatTHcFFD7FuyeD7GvXFhnHSPjcak385gRlRyHjynBXGDLdZBbwrPtF7OGky/GNuRNTw/SDzpnnoMSDiifI4Qxwq/8PiBwp7q+NfSlL6KaTaSx8KNLaF4I8svEwcO49rg3xYnYxJWK+OmqmK3H11ciDgKaBxu93gtEZ0eF23Z1E6lIGza9rhYxUVVRY6GyfyHDA09cW65uRmeKJrtma4bVgYFsb6a6AodKArcmT+InoQbE3RsoTyhZVf539IvHeg7Bx4ajJy8l17YZLxV763XhsxhI9GBofByZDNwjYTVJyu3Kagmo60dsjDIS6Gg==]]></Encrypt>
</xml>


2017-12-21 11:31:12 debug :
------------
String:
account-ticket<xml>
    <AppId><![CDATA[wx7f83e93205d2fd31]]></AppId>
    <Encrypt><![CDATA[KN38/DZx0WmcPNysyU4ety3OiGcFYBVJ9QEWmOPLjzMv8dwPk9QJFPPWlZET8Ps/m9+SIEHubv7uN5z5jX1qz5i6yjLNHIdwJgrCNCGXfMfgWl36GY2aHjZJxsSPYSpgt6pIfix3pbPnjSqpNVtNXnWyZNeG6PL8r8l27dwj2pIVyeF5kO45fJjF056JskfRnOHwkfZsIYf3ShkFNRCFiC5SnTBjJ550pMfBZTE42HG8zqsv7fEEC7pQsR+HTXYGpSWEfnks0abJq5IQpsHNXHUAQNAIhkWbPt8zkwbF9EcetbyTPfqlWhgrRo9oebu2d//E2BJbO/TewTcj+osOyWE8zkl3zQe7LwyPA1bHgvYBlz7YAdh415Ca+52+ppF3hgvmIZGFyZj12d6WOYZOhgSK9CXJo11r5kmZBQU+KdTnr4Ql4uWbnTBnpaUikYlNrWQqMt8uLAA16ScnP4t2pA==]]></Encrypt>
</xml>


2017-12-21 11:41:09 debug :
------------
String:
account-ticket<xml>
    <AppId><![CDATA[wx7f83e93205d2fd31]]></AppId>
    <Encrypt><![CDATA[VM/GR8OyztXf2nW11CQIC0OeTStImY8wmKlHXH/vZRZ9sObWuivbOtxlrAih3db/rp13lzZJ7TX2jewTuxgG8l5y0tSaqxyQ2sqUAKxnPg8L0hrloZtDO5bkNLZn8PYQmV4eKECMB1ORXelNND5nbBCDrpP/0cqFeAw7RB10AiY/knjGHrlhA7klvAAeQm4hBTDVknxLaBIUJi/NgNmK86jsWmIinaJCqFeJCIUWGXaoG7YOyvlCcO7iVMmzoGkGbU9zuWn36erY6DxifFxAYImW14eGIas1YgA0JTdnmgO6Oh1DGd3gGevxVGgkuOmkcptqeOsiEwFxunHFj4PQiCGk4+IM1adBIZavhwJPohPfCoMUhc68Y5eOU0F5/9ITD95Xq+j3JIA9xnWbvsXZRpbeDbSBo+q1OD8o2mFhP43nbASuUdJMMgLqe7sxGkH9RcutaiUOpqHRpbMvS7iLCQ==]]></Encrypt>
</xml>


2017-12-21 11:51:05 debug :
------------
String:
account-ticket<xml>
    <AppId><![CDATA[wx7f83e93205d2fd31]]></AppId>
    <Encrypt><![CDATA[2xuzYtxeAh5t6Jq7fNnDUc5TLAn9FaO3jcFNeoOsLHWBXb5Bxaiuvf1SMJ0yt8xYs5z4RUGJdLa755nUfL7Y8pyYcqgZ43a7M37nj2aZTCmWVxmhXl5SRN8cA2UXGkBxUO01OmQhnVE29sSWSw83rHJvEiYbxAgPGeWVnIqlbDd5qrw8ObbAT/1jOBQC5yFNbZ/hCNs3l4HBgoCyxQ/GcYwS2HolP1s++ZXBwIwCxOMbzaDTqtkLXDiutMj4iIVyxg1W8Bsvwhuph5FEujbnZrpEt1l+g2lTnKyzdyuwXJqiqnxJGHOjAYebasox2/nqbT2PNYs6Dwb4kSsxeZo2BuqfwT2Ktth6WI5fdEwV3nuTlCeVKLKqMuk4uXmaLOOa/9pwzaASimgI/Sh0vOnEdKILEf4jYYyal8o2x2WcdLN1Wm1bKqxw3dusKGQNtmuLQGGDbqYXQomkSN/pmjOHaw==]]></Encrypt>
</xml>


2017-12-21 12:01:15 debug :
------------
String:
account-ticket<xml>
    <AppId><![CDATA[wx7f83e93205d2fd31]]></AppId>
    <Encrypt><![CDATA[vveLyBqA0RV2+wyCUEvduWBF+ec2kcVxsC5yhIxVo6R0wnXQ5UfiaOfbDyjZrXR11g0Z0a6qCfja8d+IGi+fZinCvFfTvJWdlA5iqOyEGJyd+BX3MYfDowBxqFDIx67rSndIGZh0CTRnzVEOYsGkb9iYSto5Bxb/Ye4B1Czk14HKrrwesJAwgtnqi+IxOeCIXx/XP/G3fotqdINlAh2nH1aUqFqYNTrZLa3BrH/6VfgSSxk5snjg4c1zpGSbaa6/kL4VXz5NIpoePJL2zVd4kEp7vCY28zkw0sPaoXP8qOFv44lPTUwWxe4euKW322X+4YXaKdI6rnicQqnDPa0knCVwK3w8Db6/e+8MGmbqWQ9Ycz5E2cvK/pza6iosNtpGemGjc+byurjBJR2PdfWcYUfZi6eyWGFdlKvDKcNRWauvii0g/bptKtwLetuZkTzj+/AGDCI4guZ2PK0HTKi7TA==]]></Encrypt>
</xml>


2017-12-21 12:11:02 debug :
------------
String:
account-ticket<xml>
    <AppId><![CDATA[wx7f83e93205d2fd31]]></AppId>
    <Encrypt><![CDATA[18N/xA75Q3E6EfpV91EqPerGNXR2OY5MDa4H1iuKb1j8ibHGtiJNfU8tVamjpnI4R6tA+35ZxdEi78d6sZ4F6EPldUqcQ7yg1j8aFES8Jm/iMeR694I5GKoVcsJUwY5yPwSxQxCKiG4MfQbAeVRasbS1Ja4wy5WrK/K3bAnejIzv9LKimxn682s8ZyuHwNTLiXFzyDRpE7buJopf2ZoNOb8pCHqpp5GM7mtm1SXfdjo6X5RxeJbMjqJDtOF5G8jebycLnJzdMKNhU4PYPA6U2hmn8gbfPNjmT4fdsMk+wTkTsZt1RkdYbagPL7i5MVFt5gseC1VbK9HtihH9DWj3UHoSalkm3mq1AZuM1ftzrILENqbrPYvW9d8hyn3UbfHOVXORIbuaxyQ+IGjwZoepAFAPItmiSReK40OXNJ7hNoQt0W//qdL84P4at6Pkqxd4BXD6mNco2VjLywcGyUyrlQ==]]></Encrypt>
</xml>


2017-12-21 12:19:24 debug :
------------
String:
account-ticket<xml>
    <AppId><![CDATA[wx7f83e93205d2fd31]]></AppId>
    <Encrypt><![CDATA[GJrN/sOsu7yLFFVLxF6Gd+wHShSAP1QoyLfaQFEOZXHxEA7IkLV0sSGt0FuIR6+I9RqCkpf81yA+u6X0iwHhyxlupR9QCD7T4NJ8rIJVkH0z3pyrVrUUdM+ysdJfazU8CVd683CUPCSuhgJe94EdzJ9gRxh06fLBPCvl1LID9SSHL5FjnI9ULyucMbWpi72qlpFHEWBbKu2MpN0JEjKugQOkLNHZzrvq6SnU5WQtR5Kjwnvl5/sQdqv7C0ziIPBEcLj5DCg64K46QzZuz/MzBSnO+Gd1MwrdSlSH6w1HgZM64flDti50JPgRRdT2d29AFQlvm7oM0zORcD89riqd4/p1ksrtq4dEvfksl+BycbgNfowGT+kUTrtMkuD+WvTzrHQx+YiEZ46voeV4vdPneLt5M/ym0Rczzvg0tWprhNplylVGELFN1zQW0eEQxuUlr2d6IM+5PJq1lNjyFU8y4Q==]]></Encrypt>
</xml>


2017-12-21 12:29:15 debug :
------------
String:
account-ticket<xml>
    <AppId><![CDATA[wx7f83e93205d2fd31]]></AppId>
    <Encrypt><![CDATA[VqBrpFkmXcPznl5ichVVu6G7V//tM+GMyjHQKZBxHouxX2GjHms9HjaVbwqFvlQMBPPmlEGwIsEfZ0wddV7NZCbIM2HhyMeT6762FOtrYTD8fwBaqGVLP+fqqL3TebOD+b01tLc9kKOP6ybdN8jbYm5Tijx+3z/SOxoRAq9yYiG1CaUpP1YzQy32D3e9Z/5sg7vNX1/qN62loLO1Mnf4wyqfxGwiS/I0Lq4JIlB9bNjxV/xWo4XrYnpsNo2Ce+YqS27qoEilyu+CyNzPQlWjLIL9H+r9nhW1Amp0X7K3u3GVnHjIQ+duA//qN7L63VfBRwGNZovyxPn+/3HohXyaPDg0HW0KDPKGkS31e1magz/D1/mSm2BFSisEaCANXtsY6fILcRvu80BgE4nWy3D7n/Y8Ae/7K/tlnlAnIB0tZAfxhaQatcEQ0Eh8MEGWpiqY0iFtcDiaGlnNtk0j25fFQA==]]></Encrypt>
</xml>


2017-12-21 12:39:27 debug :
------------
String:
account-ticket<xml>
    <AppId><![CDATA[wx7f83e93205d2fd31]]></AppId>
    <Encrypt><![CDATA[Bt1fHpJxCpyrVIiJLG+Ko2lfGoc6m7UWxLtpYnUjNUjFpj6gXTW7N8kV/YtKlnxzwLj7/XrFHjv/ZtFZ1VKpBc7s/IEGx58MpqgCUCm7Y3saEGA1FjO5/xRUEB91faAA9cSc6lGGuBTxPDiwglbjGu+ckAwH51bIfvghkuyiVphnRLz0BkT/Vcm9jr1dWpCcTuwtlIiNT/u7QaAdykd+G7wu0l4igYBa/8Rcww129GvNYKzO7oC2mZTXL8dCZDAsFJp8JEzrb1WoW6uGqBMS9hw+YyjSVhibe+QE4DFlKEngxLv2SZtW1wyavos4yBYQg6c77wm9QBurV0Oag1AhUWo3+WE5DATzlrqOFFZ6rD8ZAfQ+B5VyVUkVEcN7/TUhBmzxptyNjRsTgErbBBuQgDxh8FmGrrpUHydWLksKVTnJQb5tPWEb3Y86Orbip4vMbjcpFxDHaXV8yVUVJOcOcA==]]></Encrypt>
</xml>


2017-12-21 12:49:19 debug :
------------
String:
account-ticket<xml>
    <AppId><![CDATA[wx7f83e93205d2fd31]]></AppId>
    <Encrypt><![CDATA[kmEo10X5WqzfN00pPlQXkmvKYkJFRfoes1FR81FWkzU37ckhhG/sbiWk/p76X9G/HnSssU89wnnRJY6lsSxXjihRtDtbKZDnffToPqETr/t5AMBUW7+eOJ9uXckAUAqGiShMsUEwQcCYXIA7D40D6l/4KzwZsHoBV9VTGdrYRJEF41VeklQRwiFjOKuJ6Hc17+9q54HtqFnJH3sjEuaF/jxN9Wv1dqAAYb7b+IcPvcrNu48+S2dDI7Kgm2Y9kPmSBgFjhKkCoQKr9tZhomkVnPzPD6rcab/2QAFJa4Km9JlgDPkwHpCTbif20sFlB5TBMGvFNePXWgVwOXtBur1wa5N0mOcaCgfJtPbdIqTUbvxYMJHwqG/OdLlOVHul1tI4SAGf8GtSrwvzEgkaInmmI1ybZFCMcus4dtPdbOUkhlvyrwh/Bfy0ZNLW17BiyPpTH4A9e3qoHjwdvYaTwQCApQ==]]></Encrypt>
</xml>


2017-12-21 12:59:20 debug :
------------
String:
account-ticket<xml>
    <AppId><![CDATA[wx7f83e93205d2fd31]]></AppId>
    <Encrypt><![CDATA[igYOQpBmpiPbT+K4JzCKeG8492H4X1sUpPJYvoiUEQhcJ9FY05nunRESMhmPcVuhfONVXcK4tIfp7qrl3PFflqW1PHYgBdwrzSuMy0zzrcevHvjIttH5/1/dME/uWeyqkJQqlyNF3a7vHW+ZDDUybc5CrgIH/UiB1C32SS+ao4XJx0L66l7LucNzuPkT1yNisdFCUrU1t0EmyiQkUZLlg2WYPFFa1GHne07CmWAP7VuFzbYXuJzNEiVboYAdq4Tm2KmzyhoRqWm713UcRLKKpAYwstJzhOCoqCOFphfz9w6otEkCyMvsj4P5W3zpNUJvLaZq7ZkgMuc1w7NT2B706iL3hEyQwyoP2N7Hvn406rrwV4qabrsYtfQFSv4XdKTHSmZFIxGkUq5VsG3Al010fQaj28i5mJ+k80Sxc7UI6UOxYJo1FwlLWu3ncBHS4swBwnKElBDPIkZ8v1XxTW7KZg==]]></Encrypt>
</xml>


2017-12-21 13:09:20 debug :
------------
String:
account-ticket<xml>
    <AppId><![CDATA[wx7f83e93205d2fd31]]></AppId>
    <Encrypt><![CDATA[sJye5LXj+RTafdpsWp+pHeZ+0kxG3wlZKsP5iso+KT7Q/TeWi4WBbgcOcBRorDe8xoW4cF0dbeSeA/oH9qT8+KMyRRPq8rR0rT3jhY7A5KPjUx6aRNpcDd9J3zApfGgD+y4K7QEIpDrlQDqDcurJ+Q8EZUSQM6qJD771Q+Yo5v+ZOzJEzz7GnTc1Vd7TJkiWcXQRb5fRZuyO4HXXjZOppSn4RidtnGlaUQRE5I8c+GIUomLYlZqIz2zRe/8AfX+hVFnetPewFHdkySgbC+m3V4A5Dwly0zbr3ecBrmrVIZBFWbxNqMCnsxHeUcpQv5g3EAaBzrBs6xuHA6ASdsFN/uWi32F6CRa5irCcbRFh0Apt2CUNmGUGg1gIDHEL/P3G8su1H8XXn7cTPSdO40MKErq7oVVvo6EYjV0p88XEB8dgSEav1vP/VOI+UTQN8zfXNoVFtifC+HJF8IJ49BWKNQ==]]></Encrypt>
</xml>


2017-12-21 13:19:25 debug :
------------
String:
account-ticket<xml>
    <AppId><![CDATA[wx7f83e93205d2fd31]]></AppId>
    <Encrypt><![CDATA[9kGqHXRWN+6nrPPyy7vynUYap4WtZq6E8Y7Tu6CFmLDp2df4XwE7Wli4wG0oOWMTJIYTqHKksc1cIrmBl5KvKvoSUORcZl576CyH2avhdrzFq79AxQLLfc+gbY49QTqaA2j9D70ziYRYCskFspqQwDi7iM3lzDJLNuFxa22/K7/Wmi2XTy8BY3HqkBUW+WzFjNUcbhnBliB0WZ5m5bOpZKjVN2TRoHtQMI2L3E98aJcZNs/w46vpvDLdnflXlfowiOMd+sYIqsSX19SZgcI1S4sW45+yzzaBbEK1dgTvT5qn8FbDxCN7gyWCRJXHjgo9FifQmjZp/ShUW1qVABbOcuUuMyJcrkpNOYiMOTIlQbY+p0reu24jYLRA/7F9vZH1lVf//t6eYlWoMNruUwmvryvJScX6scBXRcG1cnQ64NKDtcZyhjLekKDaErXwl8NAjAOZ2GJjwyjFDi+rbbsOSQ==]]></Encrypt>
</xml>


2017-12-21 13:29:24 debug :
------------
String:
account-ticket<xml>
    <AppId><![CDATA[wx7f83e93205d2fd31]]></AppId>
    <Encrypt><![CDATA[t4UTviwpDWcFBEUMxZ6vDm5PknR77mDb5tBxnq//s03jNhdwqtycnP7Fdo09/+Vl87W/TdnaXcEhN4iIshLuHRnL+aifHzHu6/qHC0OSLvmfOxu9trRRr0ArmaXl+Hcn0/Vx4H75jMEeu1lo8k7ElDDhqWPf7Qbjei7MRUSi1PnjeZQUWaL323MyxVXvil6MQvwLOv66Zi1EYpn4MyZXnRIHjHI5J34H5owrhXFhf+NIJj2/2nS5gGKV54tBjvw7Ce/VBoXBQ39gROHycsiOqKZAwXuuSMxj/tfSMsvX3nW8vttvCvNFb+kHmKvuuZcelpWF7oM10yprJNmhVKmTGPLBCOtFZ/o5JUzzsVEL0TFgHFt/uzO/Hq6GPiA9qHPXj0iYDKhafGAwLtjZHKyngzyE+qAhStdsM7qjgPXDmVWqce3gTP9WTZizRtDoGGVazlqKvonbVWW0FJQUEtWPRA==]]></Encrypt>
</xml>


2017-12-21 13:39:23 debug :
------------
String:
account-ticket<xml>
    <AppId><![CDATA[wx7f83e93205d2fd31]]></AppId>
    <Encrypt><![CDATA[wB1cquj9Vkyicyrc4ybCJ9Yvim2RgeBSdMLyeuDHBrOOMQIgKXBXdTsxokSpkSjMKhhpT57PXlt7vMWm9Nnlu8liNotIIlMlifI98P6nuxHjP6ofCvFUGXpJZ8IbD+rSgZ669kMUhkptifHXtab5q+lza97+1fqyNYy97T6d0/dlcgjjEy67ox1BR1h0zFPF0cHU8Tc0Zq/TCKQiQmzQoP/CRiqYOR6HPaQkL10YF1FGJDx2cNs/9+UerbBHGdUM9y+N/Oywu4nctrqCdhmAeMb4u6QhuYmCYqc93fpr3637RI9LAFvThTOx5VqINerdMaETE5+tY27Cs5CuyUEzdRwSMj8adUl4PG9WQ87UEgQ70ccTTlWmuWXKwG+JiffEtGBfkQS7tPVJD/igWQqJZAnNqhRkrX7ONW8fB1trXRAo6e2/Z7j6dlR1wPgpXL/27KazCzS6W3ZsWgpUrY2AUA==]]></Encrypt>
</xml>


2017-12-21 13:49:12 debug :
------------
String:
account-ticket<xml>
    <AppId><![CDATA[wx7f83e93205d2fd31]]></AppId>
    <Encrypt><![CDATA[7rZ9WiB0GkFSTCa6edJb9wZalZZ2B7BwRdRfqPUEo1rco6VJRFFpKF+aEq90NuSYdIfAcLRzYs4eRTaI8qWjICpPabv3iXUZrJ9W1vogvTtw3m3OK7T4msRyAGYOAUDRwJTWtFlj6H/52XZX5kf02bEjMFDK/couqJ3b22m4FJjTgyJTouZgp9JWaZ00sZfwqMTimbK2cDMFR0lLaMhn2qj2VegFutWCXN4i7H/RWrvh+R6RXxAMwnv9tXtzDJFvC3nramTkeMqZb5CHOf1X4AyPAOKBOsPd5aSyLxSJNDLSWE0t1m46vQ4XDk4W+Etj246JZhmz4/8JnG/o1njvpraSHTpX+fyw23u5cfx79M0GjuNp7VsOVdVWVznSBHm576mZdVEVUs0cmHZlfnaNxt5/v468kj++o8RXIIGffeVNB0cN3Zd4KLp2FiQsQ+XA6WktRpfoMu2F5c81PP3mcQ==]]></Encrypt>
</xml>


2017-12-21 13:59:17 debug :
------------
String:
account-ticket<xml>
    <AppId><![CDATA[wx7f83e93205d2fd31]]></AppId>
    <Encrypt><![CDATA[sZ0P9myLCALZAWYhA32OW1C9dG5PaemGPQtJzsXVBvps99pCwa9DldfAEE4XrOEr3lKl+jlmK+yND4HnTyZg1+n9NeZC/JYBk6hi17OxXiD7jf+WZQL5ecbnaRUTTLt+tIOpvEgKE7lf2UibOGL/VDXI3zxLgq5qNB/UEgHz+oYNu7LYDjlQzOpt3wEHovCbX2ObZHR43d3+9m9/9s6P/ttuezFJvc9uU1FXoM8rZv27m7GHCCa0m7GU9uiKubyN2jB79s19EwRDTpdt07IB8cp0Psbz/yuBstB2qB9cQLLKU3dUgflnKq37OEWHhFmsV6NnjtQjI0BQI9HEZIdVEu1+vOkZnAD/MzCDdZQFbd/5/hs7nCTDtLcCcTQ4LQBZ+NtkjM6Tb5YKFBRXvfAspozkYrf0KN/2AQzKqejvn8cZueJq/G4yh912ZMuuKxHvXcW6tfnE+VzIjdTfv0IHhg==]]></Encrypt>
</xml>


2017-12-21 14:09:18 debug :
------------
String:
account-ticket<xml>
    <AppId><![CDATA[wx7f83e93205d2fd31]]></AppId>
    <Encrypt><![CDATA[r9P0KQHKTYnDnCDDJzNH8XvrQB3lR82lb70MP4HTxCyFNGj1E7tuCqZXlhMWGoPlMJAmmkjEl9D6ZKekmuSeoryVcRZ+yCZ2DagC5WPwNj5eD1WmrmNad5Wuoq4u0HHaQJ3loTZxEYG9cyWCwtT6A8kT/vE/mwFpS7B0yZEGssSWjcQkkG7YFrE2ZQybEVwwR4Y8bKE564yTHlRRQFbx38RbIH/dV/nmVugk1t2hLvWgHTJl5hwEZPefkUHEkQm+k6iXqMDxN9vBVA++QKjHuBszqd9WLvQ7DaOLwFPyAumMgt95Wj1ZAepGtPiYBpKA/kUbs4UTtTXKOOQEQPTCU1HJ4IF/NKyX6crKGQFlK6k6CZJL3kTTbrhinFtZL5hF/nDZeeofK41gI5nEDAdXdOtO7qidlSYtFmvG0nLOVPZ5JpLZBNcUsxMpXBhzyKhA16E9ul9VDCBEm5cfvorm3Q==]]></Encrypt>
</xml>


2017-12-21 14:19:16 debug :
------------
String:
account-ticket<xml>
    <AppId><![CDATA[wx7f83e93205d2fd31]]></AppId>
    <Encrypt><![CDATA[DcI9PGLDMVpMSi4rnRQ4/bNwT4YVHzQLr8ai8YlV5YHo46yQ6YsLLj51SrTmX6ltQy0zcW+xskVwDpCftsdOkUkjZkyPvSVYNamUn49DhIhF0NKcdib5O5XN6S42d9nFIdIb3vN/XMnqULeh09OwPhhpokVRSOtb5j5gID6gs12HmW2MLk540624rEGuLOOCjfFEnl6iPNkHQjnaId3kQw+Sx8bY9zrSt9y4pxBDV2WwB5o77EjBvJS8rrqWlEi4daLMXOJ0NVr27jJh7zukq6K6CES2i55hYiZqImXJidRS98FfcvbEGKp6M7fBrAXVKlBgb3O934JhWlL8OO6qFeEiIIPoWYmZoU48azs9FPI7YGtve/kSRrDQ9w+6O75z9ZFTgoQvhXQotAAGdkLVazmcaDdOy9/G6GKAAzYKlxpJyeXPhoi5HsLx/UGfE4a21rcBOahx4IAlZ2ECnRM3eA==]]></Encrypt>
</xml>


2017-12-21 14:29:15 debug :
------------
String:
account-ticket<xml>
    <AppId><![CDATA[wx7f83e93205d2fd31]]></AppId>
    <Encrypt><![CDATA[1B6XhKdDoamzBcfQdnLM+5AHUlfTbaiE+WzmvOHPBon9sA3anM8o1MxzP/+8gaqBL+hNDnYVVvTQLDok3HRa7JLaALvLPejJwybLmD8CtGJU5DUVbkg5le7SPYZsotIOke2RGkQUtqIeAJNb09QfHWFjmD00vbcG0Pf9XYUq7arwpIYctEykY2xKXJ/NmLYdYtUW3yikDefAl4oM6yVjq654m1eGzLzkW7f+81Oh2zxhFJLg0Du6mrSIxhn2QLm2kMM/3+KcpHNCr+zoK+ZxriFMSWZpcZrLY1UAjePgm0aNZdiPqFtu1K8VfrvijfhC2m1xrEC0e4GeNZyt4yJllVjYQT0QPEp/52Is6kdvb9WqQi3dOXDmc6AeSxawlij4z19+//x236r42D/JePRGFtKgrKmO+FCFWAv2ndjF6+eIOogvfPGQtT/ksKhDQkjrrtU0GcKKmXLGINB/YjxtvQ==]]></Encrypt>
</xml>


2017-12-21 14:39:25 debug :
------------
String:
account-ticket<xml>
    <AppId><![CDATA[wx7f83e93205d2fd31]]></AppId>
    <Encrypt><![CDATA[unL6PR/TKumpn5kxPCayDFm1ImPrLB/N34j49G4FkRXxYqFo4bp0MTXOxaO2x3Ju4W1wuiRKUgGNdeRhsceF5Ta3coBzZrCQ/y14NKzlNmtCTQh/pyM5NWzbs8jXFjs2WWSmj+Lr+LFxZ6Zwym01uTKpDdMRGUH1XqyVYwz9Zbx3HPkjioXdToyKWcKanKW3s2dOaB+dFmDOMRnaOVY0q+Bhjz3mfbO7cPF/0I0uYWpHnWme5Peo/c0Kt2zytRaSiN7uzzdYdEYsxEKcmraxqOploo6V7Y0UXjmY5CsQpB+9qpjXZI5wcab2dVuaqKCyE06BiYuJn6ckrm7fS/snB1yxJ6LY8/nQP5U4Cc9wGWXz38ZJje1SXPLtffOGDLmZ5M/rXjd8wQg9j06QBX/a6Gbiaf8EhCR3U1hIAsPjTu4ueFPi4N6xAwRcGflpSVurRUQj8ihwygy1yR0DL/w8mw==]]></Encrypt>
</xml>


2017-12-21 14:49:13 debug :
------------
String:
account-ticket<xml>
    <AppId><![CDATA[wx7f83e93205d2fd31]]></AppId>
    <Encrypt><![CDATA[VvB4ESTTHV0oIPNOJz+ztlcapsFsEDkkD+L6y0+NrzPGvlDFuqjVZRXhFrk+lE3ErsVY6z7hieNeRZda4XjlZZnGNEoGX63Fk8qty4iqbp4m2GiyqrJpzoEDi+BdkksJpTLR1udeWp+vavan1gJFacWDUvfyexjPThibPvrY1hg2/6TWQICJDavY9Ov3auDv9oliuEuB9MlQLwfR5LQ+QuykyWz2HxVJDFZriZTcwHmz9S4rDACM7ub9/hvcVFlnpd/fnxkIdQVaPwMsRD7aFt4NC8s54i/VIa886E6bvLhIKiWDGcvLCbG7DKZwhKWFBXgIwX5Wl+yvPDuXcntcId7pvHSwyeXa+me7LY3J5cBO55N7exI9TeYPHI/8MRHgIPFqHg0gl5mP+ToMCCn7h0UX3PN1d0h+YgNf4W2We2q4KIm8QPjq1zM4lm4OTsSy/RFpNZNM80dTl31ad66g5g==]]></Encrypt>
</xml>


2017-12-21 14:59:25 debug :
------------
String:
account-ticket<xml>
    <AppId><![CDATA[wx7f83e93205d2fd31]]></AppId>
    <Encrypt><![CDATA[be+jPXIWv24UjLAhRNzyGvGWzXzY7FVgf95oypXc0swietzWRkTbQQxmizlTNaZZKRQBR2SrZY+aaGE1Y6qMeDiDN8RkZ9pn5DJWaYolpQAu1Ebx4KxxhS73+/xPqd3lOoU/jLkcrJYS0CsByJk/MW014vUhAGjgHxW7ipd+ODE0jCdgZaMr5zHSZXcU6BYu2Euy1u3JnnATepouWTk8ofe/QZtvBKnzTECQN0A4VcJVp6zPQaoHYtJNw317iBRqaa/epGvUOakTBUrafHhyoMZThGnu73MHzmoQU2hplxaCWRi8mdRvsonuc+c1939JPeJsBUYxEkN5Bgrt3aWoomHfPPLkwVY9nFUBuaKRX+ljOb07j5Zz/qP18+tsclnsYOcUpRWE+pXotdZFsuVpotrHC2R2PzrrVUiEGLtKoi5hwOd04eGDoy1vzuAf2SAA2wXxjqjeB7/5wT8Ax0/j2g==]]></Encrypt>
</xml>


2017-12-21 15:09:22 debug :
------------
String:
account-ticket<xml>
    <AppId><![CDATA[wx7f83e93205d2fd31]]></AppId>
    <Encrypt><![CDATA[zOBL94zhQKG6RpvlgKx90rEDiIOiI68YQMZeIxcuh3exHFT6d66qyQvzfU8+mQI+4GsBn7+/QeQlgIMlbwgrSisGIikDFmUOwy4OjFFRXcfzRN0wFexth9XDHb0vC8+4n6aQbafZWtvAEpm+kG4510X6gRVXXodcEqj51exbB/gh3EakDgRjxyQ0WGBf81wrK2Ei/kYR9vthmc638WzWMN1Uhcuflh9sJiDdw7v5Zkf+RU9PaSF8dzjs75RBnP5zT9sEDA9pfBmB56cjc+NAWzyPDBUU3QAWqDhY0whNpubTOjz8ab1qFVQJfNvtniXgG3C3oGq/yzK9ltBwdkpbhJ4Sb81Fv8pOerTbUEt6UGtSj28VmE1IuMQ5Qubi8gy9kuhLq3JRswwiJGdPyfv7O+eHEMX+w/96t71ZC2cyxoBWWyDrKWRNw8croB+aG2Yn6RabxIHBdURB6+bDE+rsLA==]]></Encrypt>
</xml>


2017-12-21 15:19:20 debug :
------------
String:
account-ticket<xml>
    <AppId><![CDATA[wx7f83e93205d2fd31]]></AppId>
    <Encrypt><![CDATA[ySiVLnb/rkEtytVGQTXhSPQyeMJTlOgq7iXmhqD+EOxkPxUHjcq6GQTlaBNUx38DFwOXMZTJcK1lzK79Rp4JMREnvyXWEQpG0uGMp1SIXsgPP69RvHQoUC4lsAOgWTEbMXiuW4OR043DNuVgpo1guGLsi+kpDkqwHwbdsE86SLC1ZMkyJlIMtAlR/kF6o6PMA1bTLbFpAHyr1EqPwL/ZT3/pfThX6dMH90dcPoMAfOPupmrAP9Baz83senAQtMVW7mREyTTbxuNQO12U5GPjku3nXWrDKGUsB2e0+YmVfQx4WfJVEeMQ/PzK/iclz+deAMh+yE6UrhdMK1wwPnmIKXMRZQpSuKb08tyo+321ToW4o/oX+ArPUzB9a9w2jpVVxZWZpc92gVs37TpSDin+xpgYXbUazyJUwlfQ2fucLmjPqMMdp27kAy+kcT1tdiVRGE2Rt8+K5LUlDZlC5YdPeg==]]></Encrypt>
</xml>


2017-12-21 15:29:20 debug :
------------
String:
account-ticket<xml>
    <AppId><![CDATA[wx7f83e93205d2fd31]]></AppId>
    <Encrypt><![CDATA[ncLFuRqZr25rLTrwst0RwR5zSqtQXY5+8orG20+pViNiYzsRomlLajJNfzJEBYQfODocu8KoYIBE7H4I+v2sAbkZfowNrlzdq5mMTbaFN0YAuYKzD8KiI2Dq4vzusmFG/0Zt7iAcqmJWItNSs2+GrFyqBwcZqFT3gTzbk5rDIiccpaFME6gFoUFiypKzfYnlHR04Kp3rH+OcU4sYdf/vWNBrsoWwBAO5y2susgTSOy1FnQUgdjthlAKWonixkyDJ5/G0MIpfHhwqNKw/b9XsRcx5ymQ/N/4RY4qW/JspvFuGeYmULHlNvZn2tYtlE5+LTHSa6f3GIYGMEmG1wqbjsD5nPo80YvCyJhlng05zY4vZ5TrFgBhrITh2MDBE6e4YG1Ze54IqQJsCbgm6L4PsGl5s9hYUZw0qLAQpbv9R0aMEc/lJGRwOd2ygpnR2HGLbPK7gc3rhaJuofW86Lssb/w==]]></Encrypt>
</xml>


2017-12-21 15:39:24 debug :
------------
String:
account-ticket<xml>
    <AppId><![CDATA[wx7f83e93205d2fd31]]></AppId>
    <Encrypt><![CDATA[q1tRucv2kbljl5RzBV+Eqi3Mj2Kn5d17/2GTjiRoIByeNrtkmNR4u1vMDkmWr7+gPYrHAreLLwAnjgeOgV5c3JlNoFYktIvsKqZEToXQE0nEJA4j4m5bCOcSBTPGVfbIrGH7kHxtwZK0PRvYUSqupcmQL1Zah8GFPbFfJhVY337a8B4KH6FYW0Hv70wWRlO7XVzRB1JngYHtiXJtCHnQvpQdKbZQatMojH8PvnDcic/y/QE+QzdEEcnhrvR6JiDYUarQBrV+QexdtrVixTeEsW7kuwlZ+jIo0wT0uRA+gPgkvVXZgEovv2nh+jo+e0OW67lv+E0ZAYV5cvGXBeY1x1d+ywNuoie6hjQwGmoU0L1CIkLj0BAVZV3TPJmftacWzjzC/Amb5P00K6EfZT1ls8TfWgVM5TrLRraWyi5BDS3Fn3bp1Xu4HEggZyz/BOfaIz155q70d12OxRgmfo0xiw==]]></Encrypt>
</xml>


2017-12-21 15:49:29 debug :
------------
String:
account-ticket<xml>
    <AppId><![CDATA[wx7f83e93205d2fd31]]></AppId>
    <Encrypt><![CDATA[wGn9ftxliWkCyyWcowLgsNzTzN6ln+5IW/jYricNasfrVUMcNdpvkb9Qpgg6ktJ2OvCmjz0PFBkz9YAfJ/cYIeOCdko0ADrfEmLIi5NRkuOxodkRURyhWJTYhG47DFQGuznweajaUXgk0IKiXQGTstjk8B9/CLoMG+/71WuVGa03ZwvrjWGDAoa4281AsA6bPDtoePg5kNP14G//TsVCWUQ5o9H3xu0tAzFPhsQ1/yuU5q7zqjWeiMS4dfGcPJ+QwMMusuzeqK1Q8r0paBTePYDwGJycHimNUQmZWKMpyGwSnlVEaKfeN2ewg/OzUkCQBkFqTybCeARcLwflmbypJoG+xhtPQTmjT1QrX1v4kq4zxLRCK2PcMwnplVW+Dm9O8WyvJTHS0AChfTxPGUPZxf2TqfXy+UJC3F636QrT7YZamb94cJDaGiDvCmP4COXGb2qkR56K/EEScRzyrPElUg==]]></Encrypt>
</xml>


2017-12-21 15:59:14 debug :
------------
String:
account-ticket<xml>
    <AppId><![CDATA[wx7f83e93205d2fd31]]></AppId>
    <Encrypt><![CDATA[NjnsgWQQTd6B9nVWTgIrJPjyPAGmqJtf/Rg0QHh3NWCKoS3/AthWwkPnnNoPC7C1gN+2dwO3LZ7yon5nnU1s4v/1m1QRQ6gBHxGEE1B/LTYRob6nDZx5p8q37vHelB1Gz5UStrDTi4xTjcG8AxEta6Y7iV9Ojf61YoaojEfUmAAEEkNydrGaCi2HPAVob3n9QALmNcaFUEUZmI3M+N47boylnIjesquBpqQwy3BFqxEasCKQfButF/whs9an1U8Ks9ewNdgPvMI4nMzCPEWhA8dENdeb3rfMt9gctHXHU26TMu70NVb7l1q6o9TlCTVpTQNgHCQD2P9v/p3ggc4TcYaJpIkhFaN2LKUtdBYMwecA34Mas9WZtLyC34UTkFLg0ClZT9RQv0ixsUYFc11TcrK5lFndgsuEF3zMppb7/cDGwQCfRZg3BDiwbsYcJT1fbbYtTSS/jISP2IgCIBSvmg==]]></Encrypt>
</xml>


2017-12-21 16:09:21 debug :
------------
String:
account-ticket<xml>
    <AppId><![CDATA[wx7f83e93205d2fd31]]></AppId>
    <Encrypt><![CDATA[dW14AfDztD/uPW8Y1PvVpLLbaTnoiTZ59XvsS2wREtwyWHT/kwcFBi1e/wpl0ZD6yfiLBDxzXBLP784kQbiZvI2qdgU1xZ/yu4LtKcwT3HlJMJR4nUXv89XoSUTnRwJtUanB4pr7sokLv7hc43v/x1tc7TMNttDidKmIxzdxvRF2FTOPOnKu46H/CDNEqmvmzTrtZA7cG73XlSEspBBGP9Yyhe+iJpiK+q5G7ly6dw4nwn818A8DFB2y3BwBnAg8Ttt26H4ENHJts36s4/WlnMxknOJTHFUD56qZbZNrgJ5rh8OFFQvRXVJfSoFAMowkzjt3yk6pG+/mGIimO6IxJJx45rXydsakW4TimmaosK/Mqc90qy1mWiXipl0LnYy9k3HCGr8dR/MWaz6xjwd7Dw2hfPGy/vFbTqK15D5g4JDsKdyuXDNGqz2YBZAsYmzYv8GlaaJ/B31U4wwA9sBm9w==]]></Encrypt>
</xml>


2017-12-21 16:19:25 debug :
------------
String:
account-ticket<xml>
    <AppId><![CDATA[wx7f83e93205d2fd31]]></AppId>
    <Encrypt><![CDATA[qcfgmu6TbBpNEWag630MUMMOYqGiGKheBV8wG6OuUSZeT9/ScYwaKM+8fOUIPXVfJsLJwL5hLfN5RX/BY8OQpZ33bCrV1nGbr5OVEr6bgs0f9XsN5OL6WUAjgKyvcyCoT/nZufQgkTQTvTwacvBJVZOu28jQkYIkgyh05qJ8+ZY8LsKJmnp7Fhtk3ZoT3cCXbF32U2Jb3w7pNyarK1RNNQu+wUzHTi+4TRWed1Z34MK6b7Ad2ehNuFtVvzXQrDlSdxdHBJIfrp5AJX3s94v/dJdTlMNz1SkxVnt50cl9Rb4o+p4Vge8zvOnj6f89arUOOgsYg/8uTwXlEvMZgWJgbEx6bZOzNNyoWT3psVbHY+j1E4AFsbgBeAxQKQHsrmhablQadD9ihSSAsqbtMrgGAG145pYy5Fbdf2ub2fcuZNQRQqt3NYFFeI7qSzvIHHh7XS9Q35y8BsIcdDjAvlvTyA==]]></Encrypt>
</xml>


2017-12-21 16:29:24 debug :
------------
String:
account-ticket<xml>
    <AppId><![CDATA[wx7f83e93205d2fd31]]></AppId>
    <Encrypt><![CDATA[WPuiaD8OUMdog3Y8QkriJsWgubjYJNu8/y+BQY3/i41m8JTO3NgBaKIcMvj4CJkiWu32SVD7DHs4NZEyFojT8Nf9V3vwYPoWX3hvkYNxPWbf1FxyvO10c/aa8qoqAi5VtbJyn5kpXAHw4VNSGRQBg/786LLdI2qudqLukyCtlGhc7IwklgwGLhqNDJHP9vC11oahliEmFgXMq/Ui62uGYrKL5NQr6CTWIqmVn4MVlq7vMdAvvl1lYywEK3R4TAzrDbw/weLfv62MgVK9scubqWPoK4OxCyhJ4vbxLY8eyR+P/UXIP3kNApZhIrzOaIFbWMCH1anGrg0NTtNppMnY6j2yVtXq2CUj4NQrlHV47RjSVZ2glkA2E3W9hn1p+MxyKzkK55oMYgoGEeAwICuz28B26XrDfvBxONE9nio3JwuveKtMBKwUfOkV1eh1I3pU6dJhPekxfJWK0WyEnjX42A==]]></Encrypt>
</xml>


2017-12-21 16:39:31 debug :
------------
String:
account-ticket<xml>
    <AppId><![CDATA[wx7f83e93205d2fd31]]></AppId>
    <Encrypt><![CDATA[fEYqaCNUtwUT2ZJvyqwXbkG6u8UQ3IbPiKUN/Eu2y4vIJI8edmSL9VBifKBLUYZisgaHp/oWIEEb4Q6P+DpHhnIrtyxIJzcZTmgTJjW4U/qfhMl1ZOCQ3Eaqt8uITZP/3OTfpBaHeIh2VyMe5X0mWW0pvqXIgGdQVS7a7M+5dBA9Db4OenVFvoQsjTG2Anc/T0HQD1PzSayqYO98bwr0UF+A3nPRu/K12yyOQW8aEBLOTb8aRUyx7WIopg9lwihPyU8FFe+Qt9ntVhOxQG0cqyX0Nv5i2+eha2y7Reb3lrFezgmlFTcU2UVPrnQMd7pF36fM1q19CMsR0DCqoxKYe6wwvfCw3SIYzpIsjIPNQsFurteZFDi6iboAD5G/evz9oYtNKjjvLeYzb3yJEt4g+Hkb7v9emZLuk0jcA0XCdlbGj1IYKTAy0D+6SXyszavVSPN4BfXCmY8dmk5rDmbcrg==]]></Encrypt>
</xml>


2017-12-21 16:49:23 debug :
------------
String:
account-ticket<xml>
    <AppId><![CDATA[wx7f83e93205d2fd31]]></AppId>
    <Encrypt><![CDATA[w2IDj1HVxDJ+g5uqHOBDCo151ljtdj7dVuzPpUpsbVhtIq0jbId6X/FHa+LB9zyJBl6bnXMp9AmnB0CIy+XLfLgKndVTn3lgFm0ww4o8oWTieLQJDFImrYIe5L+CeHKlOYYZCB8HS7lPyG4i2w0SYE5tTmP23vnEaWv0QrUrPVE5SDD0xpqmixF0Ar+bG4xeycKrR+K0DRnsIiBFdwt6axZ5HdRgQpfLgqNZBY0rOcwJzLRpd1Y4MZ0dAw9c3r44no0cMFVaXPMRJVSFXVzcLTM03mxBVJ46HPuUNmd3dl2H6/E3SQhdpw5UlISEW/h9qCmUXT4PAwXu+aYoaxeJyL8LuzOe2ru1uGE9mRb9cYZ/leN+JmU5So6OF3zJ3dilcTrM5mu+cCChwMesInmtCkUJ0K62FpoJ9VvYO/APQuKoCPGOviVk+BgboCD93KiD3vWL4FxVwx6sfX4Omy+skw==]]></Encrypt>
</xml>


2017-12-21 16:59:27 debug :
------------
String:
account-ticket<xml>
    <AppId><![CDATA[wx7f83e93205d2fd31]]></AppId>
    <Encrypt><![CDATA[twlzdGO1TtTP2cPp8BR8Z6HTookpCVqizIicrVT3jMrSuXltAQQ54pbC6S+9JT62t5o+5bFw9bk0zvT/RvKeP2wowT6v7bCpygmbzMwllOl0VI1OT+ydgMUbBVqUX6OcFvnBK7o79atrSUIBpJWpCMh01+PA7paqPcunV4N+36dTpBe325tMF2sbLcSD3Xnxc9B1cTn284Rlr7+kGbU6OtPQmtj8evbgj6st+y9UE5IqwAQVQGBcjyoPeh3L8ax6FuZJKP69lx85owNVKBbiJhCtXH29tpSEuwbOEbqJcjSuFzs+5q5Z9hUg+xNso8+RaTLhZNP1jrcw753kvFpHH0nPO0+2lIHfNw9KzEopOJQPnVWRSxzUMFzrcE+CGGllla6TdMT5Sn4Du4wajFuU44/MFP0Re4aTW65h5DRdtfacvNKL0SI+XOfR3r9WVryVn/gBMxE3fYr+adRVA2r3YQ==]]></Encrypt>
</xml>


2017-12-21 17:09:35 debug :
------------
String:
account-ticket<xml>
    <AppId><![CDATA[wx7f83e93205d2fd31]]></AppId>
    <Encrypt><![CDATA[CWSzTvzPCp0g9XvKLzYu1mAzn+2GwcWPn3EJxLJRbN291Zj7c7M7nDdvGP33IO7Yl4RbXvK5juwIUEpazOoAqHlb3YLBLDO3uUaF6I1PkfzZO4/VO3HIUsQJCXcFFyZTpcRSJg8Q3/9ZoZ/vozC25i5AKeJVB4VmAmR0KOnX9ZTwqb6WTN+j0yvYda6eto99nfRvGA4ZKSkAFPkNfbqnuuGmjn6yHQGNB5rDffj1XBn++y805QhuTPRQTCT0krHCDGrGiWJDOOb7KtETQ7GULq3K4Vk6Yl7gTwLYpCblYblcgxjjpl1eA+meZ9CTnwYEyXICtyAMLjHgXN1PQM44XhK6sdFEhrUHoIT2Gz4S9raf1vAbjglpEdnV6e3ROad47kTmdtP9o3fDwdE0Nr3JmfJDIqV6GffiR5kclyz4mPqH4ByKEXP1E6kDwHtjqbwJJjT2UILxHmGUNIXam2DcOw==]]></Encrypt>
</xml>


2017-12-21 17:19:31 debug :
------------
String:
account-ticket<xml>
    <AppId><![CDATA[wx7f83e93205d2fd31]]></AppId>
    <Encrypt><![CDATA[akpugU4bOYJWXHcvyOrrfvGHF0+kuzQ7FcXMEvg10RRATRO/ZeALo4PE5cygziVyRMQkjLEj1vmlPuKK5Z3nBCGEu5Z9LHzV+e60X0L9UcEHn1jZVKem9d8H1zWhHbymkIC3fqJcttiEStoAnGOwHMgloVLXsCTPIoNg2n2LdWtg/B5tUJhSVott1DlTes4eZeQXga6Qte7bMA6wRafXVWPV54EhchyOoFGdqrYs0bWPwLEQpSUyFFXyfaiWv4dkbbvIhdLBCb8VpEu06UO96O+Ux92g0vhbeGNYLDDK/MiyEdGpgkWGkWy+4bHKQuuuleHswulsKOsOz8Bk9ANT3pJUF1438WBrraE/bWJeq5U3LTIu6FvvKEEh34P+L5rzHpBsJAT++CjHyHMGtuKARHXWCvTnybb7hjbJhn0+y3QRFuZUILb+HbMhWZjPPeJnussI77RXOOghbQmtV45jbg==]]></Encrypt>
</xml>


2017-12-21 17:29:25 debug :
------------
String:
account-ticket<xml>
    <AppId><![CDATA[wx7f83e93205d2fd31]]></AppId>
    <Encrypt><![CDATA[HK+a0gC5YyvM5ZC+zG+szDu5yn6bykxivxojYq40H90y6S1d/mcvUmws2i324XcuyHyLsv6udRmrVMDEco79ft/jLH0A6BWk9USpwrGb0z8r37JyJyhJDB35pevHVKk6kFE1ojAP7hPbCNaWFYDrfkkjG13swwDhmIXqjhP7NktI1Ms+cdxI8V4t2Tzjf87FOIsdzDdb5rXdljdMOVFCv57tfnWwrPzpi8li9cpxk3lpsQDGuHaz5yRUD0xMH2jCc/WgI19CI8VTz72L9QXXVXnCIXMYz6FfzqY6sAbwizK86xQESI++bqQEY70bLlL+4uOJz4H6AMjZMaIxVJxbiyZdX0WDMGLGbC/j3K7Zh2v6v2garR7pdStjQESx4FKGtR1jPgZeR0A8ocCECFKYeccWGWx6ORc3s5jx+yrTWmpKIC23EWdhxskGRt32EmpYR7o++Ri7bnOsS4PJm1+fvQ==]]></Encrypt>
</xml>


2017-12-21 17:39:24 debug :
------------
String:
account-ticket<xml>
    <AppId><![CDATA[wx7f83e93205d2fd31]]></AppId>
    <Encrypt><![CDATA[Irtr/fDUUfoX9vkGaTQqHQIN5scYFGwtmjKIGoxlJAOOT5khY+4AnadYKdAdn/AdQYb4pN1Ct2nDGZ6zjYbuTpEWhToe3ZfP2XTkL4bRcXHu/5RL6ZvSD4zkap9sf1Bpeig3f+pPIaww+hf0t7a117bFdt5cVS/y3inkQ/8iDpYr/qBXPr4xr9UffOG8zLtZe1nHQEtVHqsd2QGVtl/waCjKi6xvbZaiK2Td8713IW4phuO2qn2MXZp4+9AC793fqGtl2R7D7/69Z4ticDV/ldzIWTAgDfEwhoF0aIfJ6qr6yYY9OG9rb0LBUu0jdSVyClCZUvypUFdF96UsNG1VsO4EwH94YK/+3YGAegilppkVyCxG8YZckML3If70dicjtJ01Oe22My6Izdx+zUe14axeExtCVI5SV14kWQE00tiQ4mj0eDOV48iaT6b+fpL6+5Z85QYd9IhrE9ElgnW2OA==]]></Encrypt>
</xml>


2017-12-21 17:49:29 debug :
------------
String:
account-ticket<xml>
    <AppId><![CDATA[wx7f83e93205d2fd31]]></AppId>
    <Encrypt><![CDATA[k4fIN+hTAVjz0Tz7xRzS5EEdVM5gPVOqpS4gkDSJzFzwC8zFqetCH4y/iIRqKrBw8Xo8kynnT4QHUtsJRiAgu8Wu8z22J8KiSmk1Y9c9Aus+Tio5GlIkK7gjrW7f1O2K8C4F9t23I5NrEzPtYMFVEIQhWfQA+AvmMz0gTuDpliEt5VTvAW/v1Q5KvJoWjEFXlW+uYZCg49H8EzBtXgKK+K5Q3soTJJOvPXQ7A3+chT5KL6pupzhKZDLQX9x9l0zJYg1wQbxJdZK/UhbxmZVLz2Z+VB+Ifb2Y/dYtbycDbelJLZfc6CKZ1W5QoMj66UH7l+GZ5/Us6ds9etKnzOWh+OD+7HpjziUDuaJtprgSPf5GDxbgQEuSouGlf3379DZyBRBB90OCSNtZhiJY1KuOVvWc0dwgp+gslft5TicPlDL2j8e/E+dudsGBKT92DRpPdf0hpIFSx3oto0Z4iFLJMw==]]></Encrypt>
</xml>


2017-12-21 17:59:23 debug :
------------
String:
account-ticket<xml>
    <AppId><![CDATA[wx7f83e93205d2fd31]]></AppId>
    <Encrypt><![CDATA[DyLCUh2/8/4Z1gaDF1DCTEhG0HkOK6BM//NabcNsnD7KMesnI+S7LzM03yPAsVexFEz6+hLB3MO3eGmiAP9P1aCBI7lhiPYdFO060o1er7CjobqYoLU7O0pwmdL4JjEO0FxyfJJgi3FXT6FCgEGLRkWBFC+UUWJBH0XVw5/Zm31BF/aomW5OVclUJsJfeBMIklLF7Q5DELnf4IAiVXapunzYmKAaO7FBa13YH1bB2YejP4cyuXRtMBfv2aW+AwAtmqQb938+E/vP1VZN/mzxrr2wfFIK7uSEdH25fKkQlYhg104X1evZUQq2FLi1nk+NOeg/7aMow5/gn4NQxmkeYiVM44LurP7yW5qqjvEprHRWGYC12ZSwcdRxUwoDzcayK6XHa6cd6vzRH4JCLUbos7Fo1ivxZ62Semn2IJIq40iVUP7OcJvpUbLLFKIa1PePVB6+mo6LZHBpNJfGKjN7aA==]]></Encrypt>
</xml>


2017-12-21 18:09:31 debug :
------------
String:
account-ticket<xml>
    <AppId><![CDATA[wx7f83e93205d2fd31]]></AppId>
    <Encrypt><![CDATA[F+Vs9tTwCM1YGthOMJeRnJp+rmNdEsTPesbNztKqT7ORC6fCm6CnTc0NGXoHkx/VrMQyDfZMFsDG9fhUhE35YRjpeZzXv3rHMHqJ4Y0qQ7ZrVIvEFcSACnJnSPQbTGW5oXCLobc4gK9NvU+FX07Jcqt8jZaktChOaQMYfMUyImg4Ub9v2oXo5sh6u9XrmGg5Q4Mmoh0aauiIhdkdbEJhlWHX8wSpR6qVT8XcvyZwzveT/sZnvaNxdr3Wa+ks4Da5n34vr2SEjmvUEaxdSfG3HDRCD2UjZ00Vl42qfMI1K4cmIvMDCgI8a9q/z5bWuxO68WWwcjUbrtpQJV0EZFJm4c9vRwRiuKhxFj1YjPC7DC7wY+tf6NZQwuLkcbUM8Nnrb1cb/ySWQbOtTUDauiXcTxRU+9kiEW78cU23qBXeg1xZ27gzyZCpUZisGpG7Prd9CETD302IsEwm5SqExHVuBw==]]></Encrypt>
</xml>


2017-12-21 18:19:28 debug :
------------
String:
account-ticket<xml>
    <AppId><![CDATA[wx7f83e93205d2fd31]]></AppId>
    <Encrypt><![CDATA[2WViGu4q2XgMrT2QGJX46yGy1GeBJu4h+tWcrr1jKK8XpRMXW9kmNQK0Z3Jx+cjKBNgAEtCB3ZI/w3jkhGdzGjDXKyCIrlqZbNvbyjqslEbACBrbtG5waH1ka46pR8q0gmOP8kWn4TcPQdXxuh0QA8lP2+ckULXwSiTJveYqXasBJQuugc8i6udfzyJPbiTQe0hLsJNSkxDtFWZ2NelyNQIVSDtvyi9fHRRA2GciNfPfpewkKp1c4H1LBHHyC6gkoWW1GvUI0+28jtw1Tt8ayKEtlt1AzleezPcpSL8IZepKP6sUqXnc++pS1MJO3QXFroZFIGtJEmt3nw9FCJbMk9shDLAr2hWQqKUwkHYbUgVDhFQPTHiM7tr+cJk4Exr2gqPJttjdnTct+4IquhRvEeFY63TuYOyd5ex96E93l62Lh7Z12aiv17h5uuWhLlOzPBrNdRRZ8auCbvPQ681Nqg==]]></Encrypt>
</xml>


2017-12-21 18:29:34 debug :
------------
String:
account-ticket<xml>
    <AppId><![CDATA[wx7f83e93205d2fd31]]></AppId>
    <Encrypt><![CDATA[Sd1OFVGQK/dK8lgV2FHJSYbd+sPrq4zFFMlDBnBeJN4Rx3rYVYkmS96gRtBFkGxTdBdcNK85X8+qgtCjh254nyb1ZhgM8XWcpdoU5gNkHj1sjpesFVZOxOUcSlDIEzwGPluCvmUROfUKZazhRS2aEhK+v1lEI9aHudztKg/hwipR743gr7bfswaQnWYraKHyRmlebGRLthyEQmu0m6HyE3QduSalGQ/nhj6zuSWodWXwg8waBlvc9js8Q4aT72JFJ5caWWTNM7WrhC+57sAAmAX3UbBtzkRPWS0DyQ/55ptihDZgRlo1db7ox98qWq4cF7cwY2qiVLOUtpmrwtfrJBz7TKMtfyuaRMcPLZG58iqu19a/B2TRJqBXlU8oT5sNPT8HpF51dGJUPQ8kjgD8+lIZcIU8a0dOUAkhl6wN6g2GdHEJ1p5kaNqqMvV4YcRgFTi9oGSBYvwfI2CZhDTEtw==]]></Encrypt>
</xml>


2017-12-21 18:39:24 debug :
------------
String:
account-ticket<xml>
    <AppId><![CDATA[wx7f83e93205d2fd31]]></AppId>
    <Encrypt><![CDATA[4kQ/qkThE+J4lthaWwrdaMs45b4/OCoVJPuwjERLrFoZhFwErFhWzkYMoUFeiT+PcLcmoVbXanGAOfrVzGXAOcquTwEcKlC+Zo8fmPK1xNB9xhKq9u8+p791wkxJHraovaxEyH6k9uqULuaXeSFZeJf2vaFMXqzXrGQ4LrZ4RkXk6mMig/YwK0z/u8Ye/24LRkUWAfm/sdBFas/C3rdf9ziVOGRO6e+tjdjiH+yn2+9WUg593WP8Mv1tsCG8nUhnIiTtNgYQP10hbSSNaYlzGqQz3a0Bq5oiAt2gXIDUrxsfFunsar9Aeeul8RWc6OquerKOiMnsF11DDsXQrZN9NpacXkGYSWVxxC7/CqYi9AnOdSmb5LhpC34pu8MzcKO+mFtzwLoUzJk9efFOGxUmsFMenSDSFdPLryRYmDlCrisS33GVesUBl+OzSYSW7IWgfNP3Trote04vniBguxm6WQ==]]></Encrypt>
</xml>


2017-12-21 18:49:28 debug :
------------
String:
account-ticket<xml>
    <AppId><![CDATA[wx7f83e93205d2fd31]]></AppId>
    <Encrypt><![CDATA[BA3XbXWyk3pdQ6aXfOLrRhp2Ingcf+ej6MDaZ0MX5Kpp3HVcH8H4xeW+waxCZ3+UtjsT8DgqSHf9j4Bu4T9BH/Vqg10XvCUzaJpgueL7PRBaXras/my+bpfiDWMWM/en+PN5G9+KGNiEUqOOLmnc+u8+dv/mhNN8JbfLk17x/fhGV6J1s4mCR9z2492BTDdBOvXMzucIvkXWcngyJk3BPxmwjOEkwPJ5mxNBQ/wocR/UjLtd5HOOiQu7Tk5aw4yTUekWqS2/VIxCPSB2tnLi7qPoXM0M9OGRVSAEthniFntnSJlUkveX0W1Py1F718l/tnTmCVthtZ/boiUW+pVU8me1d93PH2CDXrVb/FBNsLV6kHphV+U/JIeXu6O0ujP5LNocSMxHiRMA3kWqHmmEvmacinP0oKXYcLexklzQQAiZwasrwKd5sSN8On08xCnk2YnuTjy3Y6MAQYPTYZv1iw==]]></Encrypt>
</xml>


2017-12-21 18:59:25 debug :
------------
String:
account-ticket<xml>
    <AppId><![CDATA[wx7f83e93205d2fd31]]></AppId>
    <Encrypt><![CDATA[WYOS2TjET0w1p+9ZFj1BsDsGjupyVvmzGjSm1OrogxAGlWqIcI7oWcT8TOt6CEX0OQuZR+FTorjKCP2pCCX1IVpQOKGpGipcBChT+FMXBvTDbRWb9JJzLRokvnJQc1hx0kVPI42QjH8nC7hlH40WW0XqO3CJqsa5OI8GVyUs1n8eXK07cdLJJ+/XmpVoekPIOhO70b3hLOchal8KOu56N5h79XAp4M6wCW3X/RaLzmARZD5UhHs3nNH5ehWyfgmpakYiPHgSk2Z71c5cRiOwBL5n8cmuLR37gSs1J3JRFRIvRjAOI+TWmMVhr3Q+kQ4sDZObvNa48Bwc++nZDZpWMM3R3+1i+Hg4gov1MWGOXKzBY0QNIa+wdwl7S9aCwlAqqQrF7VNrCXqwZDjvHQMV3o03ovpLkcPrmASUzVZckuCkpQjFBy8hCDhC16+WEkLfdDtpXYzZEJcUWE4Cbg3p7w==]]></Encrypt>
</xml>


2017-12-21 19:09:29 debug :
------------
String:
account-ticket<xml>
    <AppId><![CDATA[wx7f83e93205d2fd31]]></AppId>
    <Encrypt><![CDATA[GrWwTL6Z4lX6uZtYKDg+m7l8ssMtAo2VFMV3LIatHx2g75CPuuZ2YX13kaTmAmBUlxA5+WlVe7swZ6hrvTI5xDbQOoRIVQQ3ICHNQRBm3o9vvfb19jel9T+L2M3CYHAys5BwTEwX0eFTL8VQsytqrJNsgJuuL+tKK5orXdNEnub4m9yrDImwOL6oF4FGPbdU60WHl9FMLOslXVc1bcRIihsxv99Y9CgtyARGWUcmycqyvYhbws4BOraNMF1BfZ096M02YydzHrOwu8ICSm4dtxLurGkP1lD8LpZFhHpC6y2olk/spxqNJ7rn3Hg45pQcdFBNewRzmoaSSMs2YuzK0xi0wxL+C4OvaMg8A1qJPOZIlCZCW4ih7M1H/ocwFCpLtll+W0RuC548fx8knoI1C6OJ7MZLWV/CopvF18mXonuKcplVt9BXRV6rbob3xbXLRnweOA1Y86atTrQd/jcTBQ==]]></Encrypt>
</xml>


2017-12-21 19:19:26 debug :
------------
String:
account-ticket<xml>
    <AppId><![CDATA[wx7f83e93205d2fd31]]></AppId>
    <Encrypt><![CDATA[SXRwiUbOAARsBKVWAO0NCMKCkOnJnATWlguAQP+sHesHLDAvmvAIqvH8Ih93Em9P/Wtv6FcOj4XM0BDHZAakJ3j+MQy/3zto3paIdguYp6tzjPMLh5BvKz7H6meyG98X9WvoJis9itgA4agIu77/5PPT96S9PXh0VIdbq18kwHhwG2BUGnhbGhWpS4XAEmqHZWydFLHO++zyO3a+BMo0DRRHCkUEn+Ky5GI1rUJrMPLOgeImFj9/x6qMzTnIG6wvSQvIwWGewTTECr817Qs6L5rPpJLcQq1aeM9D4VDd+Pb9HV2z8F8pQ2WOmx/lbvYT6yVt9cEna+EOmlhOiUolnKzRjk0L0k+uiCFZ/ablqON85MmGYV+QRDPwxX+ZYa1wtUmIus4ka9O4lmBLkQx3o+cSAS+byU2FTfK5HwViADEQMd99j9GubJhsuAk6vOKQ2AK43a3W3aVvNj6JWHuILg==]]></Encrypt>
</xml>


2017-12-21 19:29:21 debug :
------------
String:
account-ticket<xml>
    <AppId><![CDATA[wx7f83e93205d2fd31]]></AppId>
    <Encrypt><![CDATA[/7ZbTLAcD7/bv2dUpzGux+/TMJz8sghf9Y9j/LlbwuF3Eu0YmkKPCjyqJJbLnxDumEpoetPqNzii/V3HUV6nukuOrUy1JC5ZwruWr37F/wLXAAtg9wAc6Cq7ke4qvO0dGzoO0aW3TyMOY4xRAFSTejmEtzuBZcs7hFPoen7lVLmxqltX9zgTn+ODWKFV7kQKuyL95sdPZsLbRjykHJPXKGCstsFdqf474ARdqC5ql8QDfvuXfdGl0T13vTRhkUg5PYRDKfjOLe0xccF0FPbq+QELXfGJ+wxXOty+PdcBXRn5X3h+5i9FvOjx9TsXuaQ610+YDQWlJ73IOiOtlEQ87yFbNJSZXEgJ8Xc8h+M626UACqBm+d80CA5eBRKI88mEOG2PjUobMo8bsL7faClzfZ+XYPvA32RMcLywMVC7iP9bhqQd3uDdS2a+3kOTclgX8edhtAMBpdwUwUhZoN+IiA==]]></Encrypt>
</xml>


2017-12-21 19:39:34 debug :
------------
String:
account-ticket<xml>
    <AppId><![CDATA[wx7f83e93205d2fd31]]></AppId>
    <Encrypt><![CDATA[BEbq3VQLPT/Ae4ZfVmDrcwSyshytHt3ciV7a1YB5nGelSnjI8WIk+h0HlD88iaru664ZI/fKTuy9dSyd8RH4mgC5NThXDSvKH9AngHqwzzKOYooVdSUnGaIMYhtbqiy7aMupu1Yf9AdYClx3yHhhZpXiGkhAG88B5L2Q5bjCAp+DNazNlwGlX2tPc7GQ1aDyhwcCV/db1rZLeiTtqldKuG3GCvn8TO/6sHmNTpzQ1tyWZJlYyrQo1YKYeldMiCQ+sn7sLuhaL/JXCEXAVa9wo3q7Q9fKgZokr5BGjDpY+LGz5xvSE7TYiApwcRiCdPxf4ifebbRE3vTZY0hFkBrXgK8onkHXGxuMXCvj8+wQEXOM93lICrc21marQODOwkVO9Zu7m7l/81r89qUHt6/Ma/MzXI8TqM9i+pfawUtqj9Mk2FRETkO4mUcIK3UiYxW4pIyriWhyVv1Ic+QJ/Lo7FQ==]]></Encrypt>
</xml>


2017-12-21 19:49:31 debug :
------------
String:
account-ticket<xml>
    <AppId><![CDATA[wx7f83e93205d2fd31]]></AppId>
    <Encrypt><![CDATA[6vu9cKzj1X1KnekWqGEmyLUydKyHg2GbLkUrp9ceD7lKDEytGAIGJIaKoMDE6vs4Q5IUSqlhl9PaCwSpF/LNtq5Ol/bBie2Iczxfh1yoKLLKGpE4SwTRoDWWpu9GZ0ziIpXgQ9SKxUw553DmTwgJ1DA01YXOJeZ7Nih+Bw/3l0kb7ybpDNaQcW6NdUvwr8SoVw+m17SBfk+KMqAw/7DQti8eYLzV1kKxIx34ucOh/b38G3Vz9LkoOWMGC7YySqAr3QbhCOhqfMn36DxBJIl6Nji0RPI85abD3Lr0Rxa8jxRzMuHCcim4iX6hdsDLK1Bim+EJKZjIQgTBrL0qbKHB3CSJZ2KibmX3XS7+nbeUgS0Sm+1rmqJIENp0OUOOS/QvXM0JEjtOGBL8DawhKy6gkJybvhI0OcDf3qL41L/PZU2LjIQZDAYs9YqNDQ8nXW0j01Ii2f59boxX3HFNOV+vuQ==]]></Encrypt>
</xml>


2017-12-21 19:59:24 debug :
------------
String:
account-ticket<xml>
    <AppId><![CDATA[wx7f83e93205d2fd31]]></AppId>
    <Encrypt><![CDATA[BuEZ7j/UWNpKYfoerpqhjUULPKIut/UC1c6JL1nJ/kR/y/rviw0nVk7jM9aprkwASTCAmvyvMvAcpkz+jUHA+0TcNhoRmkjTGUddLbXq0qVkEYjdSIlh0pGzD25VTWD5TpbHO5DrFVUj1wLxvNv/lYr+/CjRwCBZBEWhHyFo1cE7OayDnfBnZI3hLlo4kq57ecavrW877N/g/xOqKKmPHS1CU3/vNIlET5qiSe0Lw7s80jbazI5CFXvpPizYcfb/y7PSkgot11NZ4BOSGhNyw0IThAQCovfkpqF3/iG7uStO6NI5sAh/Df++JvkZxkn7xOi4yMdOco4dOxrKYQ74lP6FD35WE9Fs4yn78QDrI2s7A0WZQ3scDqYeywbiUWJ2t0humxWPsm6xiwFBceidjJxL0d7G6Fx7ikKN/N3LQKehfFHjRNdVFWM65LggqbPpZhbjcSplpyB8NvKcQ9B3eA==]]></Encrypt>
</xml>


2017-12-21 20:09:38 debug :
------------
String:
account-ticket<xml>
    <AppId><![CDATA[wx7f83e93205d2fd31]]></AppId>
    <Encrypt><![CDATA[BYKa1DGInE+NZUAl3yyf7pll4co47E8YNdZugfZEaODaLD5055RbDpEQab3Atp+J1jUyq341N1cC1yYVssO/d0EDShfv4XEhtxeGZTUFVer7vgs4gfIV3RxoQQiD/G/Z7ijaBpmHrwJ6P4Zek0hU9C5JyGdvUHHSy6uStEuxyyLZRmnNHDmIbMeaHyqYLKt/R7SOGsLxNnhvs6KCVZ53naqJcK+pH6i+ORmjWtk42xKtIq1CASFDZ2bv8llVwhfk4ZXGRs8PKKml5AnAsHq4TxG4c91S+gfGypnPVvvsH/mhxgKz+oU0Cax/fWl2OPf2axR6Nn37eBXaLdrDXgJZtIQlMT/OivJ12sdP0P7hTiyGQqwwRg2ZSnjjYLGVCqS4o1YIh5mUJ5lzoquj0XrTQBmYFh0YBRVzGls7vs9d0+Vd+ZM6aKFdrrZj9xXMkzOLrIFnMuq138qPUnGZCULEcg==]]></Encrypt>
</xml>


2017-12-21 20:19:29 debug :
------------
String:
account-ticket<xml>
    <AppId><![CDATA[wx7f83e93205d2fd31]]></AppId>
    <Encrypt><![CDATA[HgD6brMPPmaG0ljr0BpVDK/cqZepGcz/AUPuM2VSGtkQYz2BbsyyfwQVxI5dtlKpY712maCJUiwFGELcQj+zWUMfbVqEXhapZPOglf6oxOXi18/UM+obKZoH7fk9wTE1hMAhBazC9HLAdOzADhKCnziyL4E6Bq8r8PHbkSxLvG624G95RdRCJATzKYT4CaJdmn4cVLnaNaDzeQgt1PtqVOnXvtNv6Eas0Is0gS5kny1lY5y4TmpM5BC34xiH2B/5xixbDJ6RlWWZ0fDSGaYdzbn3vfH7coZjKpKznIsfGCrrAJYErDXpvrEpPkYTwp77mZUmSSEP8awNO9Jf308Jzo8U0zN9dMeskeFLcg5+L/AUPaqMWN3tOxX7eXBHlxSRa6DGiGP4b2H2HpSy2ZYA5yIpDRPTAQ850BQgmykQ0ejHKGRaU+l8mw9BAmCCcM5sfkek+iV9oiJMaj0SHnDXmw==]]></Encrypt>
</xml>


2017-12-21 20:29:29 debug :
------------
String:
account-ticket<xml>
    <AppId><![CDATA[wx7f83e93205d2fd31]]></AppId>
    <Encrypt><![CDATA[GMjypdgsuJgnpL608cMAFM5ArTE93HIWHDPrHtlWa6qvn8L9WZmJXLzk2+pQg8STuYoOzEqcJAngFBUK5GRTNVjJgnQeDK+JUqH7Fb8+svDOyIzaWkRDyf7QUAeHvZhfKklQUnKInMXZiIshR9o0K2TCKOLEAzXDEsOFnh8C9vsVvUUKt1dq7kvcLaIsOLfvn+QSbZPLoI7nC7+qQ4t2KEGzVLVQiuHkH+eHZsn4/7SzDm4/a2lTpF4s/geG+37SIz96AWJtcANMZSBenoKQiTLi6goAuudH9niNIbjcgJKwsAk7xIMAsFoJjRZIuAQToAkCetLPCjTXSZJZ/AI1k3LMemoNkbdvdV5IAkrOukPCb2wskokWI56c1Vo1Va1vR+qE2QkCtQyi+dcgH4GSP2YU7TsVflYgNxWwhRi1eL687FqYxG7j3yRXHBLeA+krapQAIVUlrt4SoGSEyMAoNA==]]></Encrypt>
</xml>


2017-12-21 20:39:37 debug :
------------
String:
account-ticket<xml>
    <AppId><![CDATA[wx7f83e93205d2fd31]]></AppId>
    <Encrypt><![CDATA[CEqipJbsQMls9JAQH3oig6t99MmY26JSib73qoVbP/HegF1BAI6kjt/roJdRaM+/Lb4Laeyf0jlbqtGgpHGwGH4yONnRIzaJC8AQHcIHnJIxCmmE9hM3Y88RN0R9YvF/OZf5IpBRMseUNizyqP10gq1W11MQo1xNaOyvmLHd/KeieFR//cYtH5i4jN82CO1WMa2/5oqHKKaB+Rs2ad+aZNSDabPSYoFtg69qA0v0X0IYla/EcgeSSXPFPCIIKw3kV+h4cIuIuN/4or0Kcf/hqMpJ9l4GlQHkTDdp/ta0p0GDQU4/OtTfoB0cAU/uW29OGSfQJ3JZ+b6SXu6K30r4kXXTh6o/6NDzE49l5ul3YHUN90H4Jq6uk8xJ69XTa0IxPToqpy+JzBvjUUxLlNPqcHmQNB/s+p08BpRb5YqGIKg+HoOTKGXuRPM4pSGybwuZTk85G4shYl+Lvsd6H++cMA==]]></Encrypt>
</xml>


2017-12-21 20:49:35 debug :
------------
String:
account-ticket<xml>
    <AppId><![CDATA[wx7f83e93205d2fd31]]></AppId>
    <Encrypt><![CDATA[w9UIY7HY4IhnEp5dAqkKFGYQ+L/0ZTMTFBTFzkxtdZeE3SCdzCaeAMRG1DMOnN3eMwSBvPCX5YVf7zfxO8hFGrCT+jfP32K+jYBhFyz7dX/A012kPTbtUSfPLKibG+WXg2Ewfy7cLW9lFwpsVZXY+AOp3MnAv+bj59QjE5bN5LhIvE4gnBPj4HBW59paZQ828N6OLTjdj9JWSaVW7VrEN1BJy42GDVQ5I+kcAc08Tk+4ZSQiDExgKU5ej/nFdm7pSdDjScP7coA5ckGUqWFhAlCKObDebL/ybCz3R3TtjGCVWwUSqleVH4dP70ph5FhRjdv/Wi3dYICEoXjginGT1MoQV4xb9vXiiuviiPsXP0UNX4amzFu6VuJl5Pkc0FMGRMtbsf3N15eBXyBrgdLp2nmqCNBe7My5gBcMxaRbQ/6ISmmCZFPUbe2911m1t3/aY+xHYDmh1pakgoLyDZyRig==]]></Encrypt>
</xml>


2017-12-21 20:59:37 debug :
------------
String:
account-ticket<xml>
    <AppId><![CDATA[wx7f83e93205d2fd31]]></AppId>
    <Encrypt><![CDATA[/08gaGds0JThKjWPOWsAMnerB3tw8tHSE7EdfHXdvENcMowrUqx8gO5WzOkdeJovHOZWCldvbNi3IjBpD6r3aLfI0pwo9Rr/5I3LVVA/9dWLvHh2Fpub8izLW7I2NDr3aNIwnyOaGP/iXXyjeiD0kCcKBedA3zj9oPJX5m9nYsiwPMhe5+eN/Y298B0UW4rf1Y+DfwwYK+EGVYsgxmZez1LH513G8JWL2baWjjyiA90kDq8WoTXtZrXr8YYqIsFNySpcsNAZc4nOPI+NRN+1C1Qw7p0O8WjuV5FSCViiHTlF6KfLpL+28hM7DMpdjHLxGI5SGNniZkBHgaM6w/9C+UHlO5ukMWgmmRbyFb08OGWXKlh/PmR6W6DD/bMtKyJiBxykvwwYiL4O8iPKggjm57uqPvuQlzGybIJzGY4MCWnCPex/eoGp+DwWrxk1MtUIXYqrOX7Og9kUZ2/72VtBYQ==]]></Encrypt>
</xml>


2017-12-21 21:09:35 debug :
------------
String:
account-ticket<xml>
    <AppId><![CDATA[wx7f83e93205d2fd31]]></AppId>
    <Encrypt><![CDATA[e1H9BKtyIryZfST/v5AdhJXqa6iCWcAtOM1Sggowccylp/ejJ1WLXk9DvvclUc44YOvOGFQBS69veFPPyX4WoEBbM8RbPi5JLPcavk3Q3yiK0bQUi8jHQjc8lsdk4Xz5gM6dU8sX42l/AmS6fdxZY3VOErf5dpzRyfKMZUNENSP2STFRXjlwD6XIYNz9dw1vVf6+Nbto9Fx1TkvA2UotcFzwzpTFp2GeojHS+gANG9iJN2n/UOa0zeLj1930HmqX6dRueaNzpU3BaMtpQSTTLwzztHR8jrV9XKPYI8IsMzuSlUiYdFRwRjgRVswfdQdxM1/sqeF9ATwooLZuOq2zszUwaW/G6xzQKdQs/FGoxFL+SOT1xvoPoMX4UsV6xefhsT+2mZIGxz5Mi4PPRE6hqrJ8zVuVAzrr8BX2wAyoiYrpd9OT3BSSQJJrjybakq5DudTgxcUJ/J43OxrXsHa5kA==]]></Encrypt>
</xml>


2017-12-21 21:19:34 debug :
------------
String:
account-ticket<xml>
    <AppId><![CDATA[wx7f83e93205d2fd31]]></AppId>
    <Encrypt><![CDATA[W6c0wWoCRITogCMP8wQXRDmNESjuyC2fu3bnP4ltUMb5lreefjVaqBPW1lv3LLENNfpdx0CewTE4GrMj+J0YkhWgvBwfE4Zr91WudsEb9qbh413b5dUmg6OlKJkYSkzxyJTmOb9eZL70yaYFDjAx8CHfgASMi2vm2qsfMmLWlBCZhcIyCMEX7FlCkbeE/GABzo2AqKwkhlQZm2mYOvGp0+jdqZE669SSdOs9nEWXsvzztLUFIjpD5GnJjbYfQVD5F8nsWwmD54AG+yYPWIDOBfW4CLZxEJDGtE6A9QQ/iWBEE8E5zw7OCIBQB5YjNRp5xqPxt6WN7qTR1Hqt7zPy7bEFqsBbekm2HdRUNLS9KtNeUwsipcccCi0tFBmJsyRGaXtLN7W2Dr/rc4/7SSThoCkrAntyvS+4x7Qb3IfHJwWUVpLnhBZefLG32rloJuW6QYrfay0LJjTMaUrSsCZnFQ==]]></Encrypt>
</xml>


2017-12-21 21:29:35 debug :
------------
String:
account-ticket<xml>
    <AppId><![CDATA[wx7f83e93205d2fd31]]></AppId>
    <Encrypt><![CDATA[zaHfG/xoAnHW4qoI0gToqAHEPskJcD0+GszoI8hscQUw43WzEAGYyoRIqFZSyTY0EQxUFR3PJAQ2rcqfSSJaFlr7fORGiSga+lN7raeE7HuPiMpW0zh5xIqCEkOzZ/b9X7xWk2pJ5GbWbFap5Q9g5PkkfBBP0L+mLkBRW0IUnxALj432kcio9QUQV3Svx3lim2Ze6EJaOY3B3TUIH2pAeO9ILMSaVrGa+9Rr12g1UZLBHVdCHFZlm+gp0khoQ7uPduGfPMIBXJ5628hEXuGdL5mEIGTtq1QZmVJXosA1rr7clbDOjv5eDhrXLqRXSSMhnfCGvj0LfKgckRuAfiOxw6d0oOEDZaJK8bTidsQjBOv/54fAyivgRfJAgq6G4jXGS8dXnPzEF0q7o5NUkcjZNIP17U6HdGOws0Y7Qsd+tsrdKQwnI/IuP4hqCxLic2fQE4YVtiuEPDxjAoqhsnq0CA==]]></Encrypt>
</xml>


2017-12-21 21:39:24 debug :
------------
String:
account-ticket<xml>
    <AppId><![CDATA[wx7f83e93205d2fd31]]></AppId>
    <Encrypt><![CDATA[Z1qsTJMVZKtxtEBiDIGkuOZ5TDLoOIDN5NCFvCm4M4/nWgYtXCZeEvXlDFvQ2F0yeqGYjvI/DA9RQjm+QyvUnX/VXq7LVMKely2JoN4nRf9BmXQqWZdaJWNycnTflbaq8c9MkTeIKUJ33R7P8MwL1Q7f0X7Dvxc3RUBNHrVpo/5cD6mlBFvnzU3Mjy/+4Y3gtHWkWld7Qe3TOQD5PNybbarFFRu5ojmX0l+LfJUyK/rlYCLnKykouwsnoemBM/fsGDVWyi0jCzOxXODmDQhEeNGVGLQRAm5X+lAfwBUE3leqOXcSOUFHA06yMzDQi/C0wq94kjXKQvUROHEOTa5yzajKvxibNgTBLmSom2gIVMxMxNJuPrDSBPqCF4o43P7a2VBw4WH5g+f6gpDCc/UICpL8QC8Zc7iZ+ta1VQuZ91y1qEuC+m6iirbT5vWbdktA4ycFBYCRwYC/7Gu82W0APg==]]></Encrypt>
</xml>


2017-12-21 21:49:16 debug :
------------
String:
account-ticket<xml>
    <AppId><![CDATA[wx7f83e93205d2fd31]]></AppId>
    <Encrypt><![CDATA[siA5gWlacJxUnptI82n1iHdvuqx4DfskG4NbIsIN6BFToy5ES34vm9lhos7bE65oDeE58O3FXXeGkSWFoUslxL2tMPUKbekoKA7FReQCOuvgmFLRbkvkjtXxfciKThKDncneqe1DCKq0JblW6zF8wcQcSjr51b/FKlff/SqvRwyssoJjlh233sedjSZ0ANKb/M3OHBHrZ9Yue1TCZE8ZwGqEhmRKpDAURHTWAmy02eB5uol1v0GHHlxOR5jTLJVEeJBEOZwMlS/q3bRBJgNKV/epCNE/yLZafZmHqJ7E0VBmjT4T1g09eHZk8vp0fwZ2m9KDVaMm3WXzqy67OC6CMcUvUAMvkhuB92oWj6aw/cju96d4BqDT5zwnZQLshs/kmcwBWwc95UhXT/HLzFkXsr2SasZpmEuN3iQz8EzyMrdjD9ofqK1v5Jsu35OhmpfjT+h2p5X47QT2lIy8KAY+3w==]]></Encrypt>
</xml>


2017-12-21 21:59:14 debug :
------------
String:
account-ticket<xml>
    <AppId><![CDATA[wx7f83e93205d2fd31]]></AppId>
    <Encrypt><![CDATA[3ad++DBiptluHej8v+QzGr9mRf344GDjslDbFaZ80sI8lFsKSLTtcdGmu7a7UC3kPMBRNZ1Jw3gPWcPturKfGmKGRy9R/dUVt5+B7tvehxEzHNiyqqbWaDdzlI2tBfsXf72rM1aiveoNug6UKc2oFHRaKbSckShJpaUTV5psEXcNQfwBozzddnQycigA5JS7tGNLY0IUxnoIDI3PvuKGih7huNzCi4Xn6bgK4+d/saUwKcgCZyI0p4kWoQQSz0AJn2JJ/sRyCRe5nfNmUes96+AuD2HACPq+Z3g5ljyWtlVKwLD6EJmSc/mVPZ5Ef3Xs+sVWRD0SmxNBoWOnfWSQj6gbbfTKLDtjM9EYsGQkqCihNiUaZjdcRGE1za4s+8paz7094hiFWDqnjjDrPKGBb1qAgDn/z+KEkVz4nROb92epILo24Skx7O/YbKfafXHJN0XolQDRc19a1oevT/QDRg==]]></Encrypt>
</xml>


2017-12-21 22:09:21 debug :
------------
String:
account-ticket<xml>
    <AppId><![CDATA[wx7f83e93205d2fd31]]></AppId>
    <Encrypt><![CDATA[/RY4uOPkeqbmQfb0TXuvRQptRhdu2nHyNQCh7AyrWSGXPXXHYELU3TIGrM40ynOwXUdbmS3Tzdd5r/Dbpl8w8XtUaYXqplpV7qPA/2X0xvPnAIfKEzdN1GonT6s3RP29tWYwS0U8NklycuslB1FG9i5PlOMm25ojgV3rSOkudVdAbaTFnYPLEJduiw/6X2C6CNLE6qzQ6mOo7XrSY8BdgGFy2znqI22R9SsrgbtM61n16y6DlBuTUwqJPgPmHhrHeAc+5QFl1HkSFN3yS6D9g1vPjz888pHvfrxi/cyirJIcEh7qvMSCGI+qzqyQl9JkxUh+W2L77FE5jvsuMr0obLTwMtRoR2yb9oGaCl7Yv1RQ+WWvqOR8foAzRgnFuJH2yk65Qw0cXY1Y+7/xkiE26pRdzZo2sv/9KNBhZscibwp9auKjF27KKIvC0nuEY/FdVNyhNIteFhBAtadRoXYseg==]]></Encrypt>
</xml>


2017-12-21 22:19:16 debug :
------------
String:
account-ticket<xml>
    <AppId><![CDATA[wx7f83e93205d2fd31]]></AppId>
    <Encrypt><![CDATA[4i9VX9Jngqv24NsOToKR/ce86Jg4gmT3IQGOcXaICGAAq914zodYDTLDRxRZoBB7k2Pltm8scVmAyaeI4UuaUScJmXlkVuGUlbVTJtu2qIK6FkEDvuzvMvhZ2X127p+YChmv0t1V+8dVtUF3x6EtlM37CcYV0lIRIEgRO0Lr+kf+rB4eRmDjZZ55ZcEv3ea+813lYhFkQLXxRJVBxwIVQ6x5NiTj42lxX7bQcpH93HP71nTcT0ld/sihgeRNfbZNxH7gub0+C4/EIgBVg5Y2fIhWgF4QgrPBSHCaI3ACg2Na/2o4FDHTGo9JIe651BYCAKrUk3m5OnAiKB8jsR45t4Gm1D+St4MGLmnl8Vfy5SL4d7q7M9jj2KPsY78OtjukEhvAUKOx+Fy6ZjZYFB9yPwyw8sOIjoyUBzZdn+SYQfkQsFQfKU55SBOkWhy/Xl1tJl3fphGCaDN/3Fgcb2BOyA==]]></Encrypt>
</xml>


2017-12-21 22:29:10 debug :
------------
String:
account-ticket<xml>
    <AppId><![CDATA[wx7f83e93205d2fd31]]></AppId>
    <Encrypt><![CDATA[GuA/DjjbEptD7KZtHiLqa9fg/8TD2HO++/xnvkNgydobiEqCrqH/2sSl0eQuIg0m6wkMweaYPN+vFJRS8/1g3q901alINAw/BauIvIBJAGhS13nrwc17b/mBat+9AXyLFNi5vMmB15aHE5PRfzSVzzbhSZApTFo08jFzFtICeaw76juClNo6zRd31VAcBobGjJvQCn+EztBXH7J9edCc6KCGsME8UTIBG9jA4XemKA6jwy6AMwf11a16EPwezbuPwAuf5w23TK8Uhc2ZfT15sTeWjbcHAucFzqVc2kHeu8JhuV39GCM10qaciNn+moIMIIh2/lwPeakt09QD5rq0YuBHjEzrbWoFHXJXc5wHdC42R6O7JgAnTdPJitpO5war52asbFn6Ad/2rwNJpGHYo26yugr4RkPyZwbr/AwuVnXZ5eN64Dl9MbB5LEO5awVH5K8EMqdB+WZo+Ak4jjqOkA==]]></Encrypt>
</xml>


2017-12-21 22:39:17 debug :
------------
String:
account-ticket<xml>
    <AppId><![CDATA[wx7f83e93205d2fd31]]></AppId>
    <Encrypt><![CDATA[Lm3+s20uMD4NLqXozjvKJSR44pb3bxVC12P0rutGL2/JoBM3mjlvJZCUiPRa4odZz5lwvYLlT0rCP68PooVZhcmZdNXBhnoOvGeMVNjeVTcmosG57JyhJq7txaoHZVIKYxXx0vqXksK5X0gr4klPAolvlDbSuSGUd7qCS2oFNMbebL83ax8pJE8KBavffbVr9KYdAQ435PReuHMG4Q4s1QiWHqsyhmpJZI5pkGq0YqTSIVvc7A0ZhLg4S2hRFiC+4ip1CnVJh7DGRJ7uyRGJ2spHIsRP5rwT1atU0dqGRvD9g8wBW1R+7GKoBbF4y/ErZbgtF3X6szo+PT+DkgsjhiFThbSIpBpbiD7ci1N5zFgVfX7rhbDi/PMB1TfMFkK+XVzpHWMJvV5JVwwC9xHSANUuBbrqZ7he2keN6t33bDILQCMvkGyTfUUvU0x7m3GrqmUgCFs9upcGNtmYlRHXww==]]></Encrypt>
</xml>


2017-12-21 22:49:10 debug :
------------
String:
account-ticket<xml>
    <AppId><![CDATA[wx7f83e93205d2fd31]]></AppId>
    <Encrypt><![CDATA[1GvMnevV3zNHUqDf+WvOCqI4E/XkMML1nMld2jce4ByGUi/2vvZBD66cmzyn7O6rEVoOwRbZXao29fRiK1zja65rYKasJTAzuTiE5ds+Q04FA3HW4xyoKXxl1HrfEeudQBaAwRH9rMucL+xc6EtI87m5wXxE4Y6fp9AlcTE04KB5+3ET0FhHQ3YUdVsWcpfTPH0l4/CChmsjCbpZLAz8uOOvlq6VYgGN8STN0VJYDkyNWv8yjpDBdJ2baCNNJehAZ4U0oFO/rWRDXbhXsp/A3jxLoMg8cAguoYn5mx507Fg9Ll4UHvECt282KnIXUSRHutjE8KJoLZRtmscVxpaiospIrXjVCGvCLuUJeFVJSZAtx7PZwoqpVqiyPin8wS3USQkJ7n7XJZEWhP8rX/5Ak88DVEH0f7T6fQ0aF9qbFtm6phcKw0CqZEXOsL0YelQo0FFQ6ofoNoJINtQeMRKSIA==]]></Encrypt>
</xml>


2017-12-21 22:59:01 debug :
------------
String:
account-ticket<xml>
    <AppId><![CDATA[wx7f83e93205d2fd31]]></AppId>
    <Encrypt><![CDATA[+GiJKt681gcJNU9ARgaspeo/Fgr/YWgcCVasmPN0WRgFfE1GQy2uy8zSLDAL4cmeZqBBqPNHTbvnOylVOSTIO4jJhRhWcgVvsBb2aB+0p1j3381Zylw+PWXY9dZLYvoESXgfPL0t1NJj+uYqmnEOSIcgrWjVUXpTxcyTtXnsZq3ZgU7I8+IfW3GGAWYuEOg/GPphJM0w4YOAlkfsARwvKcUoIWBTucv+9bK4JI2q/Lr7+B1jHfNeoo7UJiDeEVUeih5FSkS91BssXuoH7vREudbPqFoAoPR9hMhzNVwXiFZNB8X3bbg6yZXAfhrx0aYf4yiL/szDyBYjNE6hZFvmuZT4oSyOXBWC3PyFa2CpruJJ73xr2QMIgCaNpsTKS/ZZs2MkShypm1/BDAflj053QceVmXVArY82pOyr3JGa5QJlxHr+NrathrLaeXqb9Zgg2f0sau524jx6bA/6Yk7K7g==]]></Encrypt>
</xml>


2017-12-21 23:09:03 debug :
------------
String:
account-ticket<xml>
    <AppId><![CDATA[wx7f83e93205d2fd31]]></AppId>
    <Encrypt><![CDATA[J2WPQzKR//ES3TeWo0goDqIVUup4q4wpA1K+LnevP/zQj5ibPg+UBan5RQB5cm6BBCS4SabkPynT43urES/rH8ioVCg3GEaXswYhrzfH7xDo1DsDtbJi87q0zTaJuvGy0hPfyK9cG7DPaRdaXSB5RZrXoGq7BmIwkTZyUBs2yHSUuuCaXDaH4U5k8R0iaul6tmH7JxYgCQFl0JUwc8XmIk4L3WjjL5mLoO21q+VRol13aP2Zq4WZnNJ+YWHh5qXc06xhMNuQjxA97yiOWqJgtqWj5d5SV4uT5N3nFll7mHbyuozjaDw/GUapoXYi8SESAt4A62gNCZ3E23R6rXxfLlZlr38njOHlDefCS4cpFhmnMSuuwKSkp/ojSKUk/M+4BfO+pDBBUiRKbr2No0kdWqWQZebkKrH3gVnvsW2Nlh4pazY3n1kWdHO9JvLkJZNOkBg03HDmZ6nlUth8wdmYAg==]]></Encrypt>
</xml>


2017-12-21 23:18:49 debug :
------------
String:
account-ticket<xml>
    <AppId><![CDATA[wx7f83e93205d2fd31]]></AppId>
    <Encrypt><![CDATA[1lgWURI6BbVrZZvzFaWLcSvXWCCinzJ0d7UHVwsWciIcEfqex/gj1S4UaIvTZdQWLXGGeLgnoXps4bob85idmcSi2gW+LHCJt3zYIQSnvYuEhro2HMcBhleqsgddnifhMjJ8yYQoPVIXFsds+1G4OH3s9JYl+ymO6gnFqvn4MwHzkc9At2E5iXmcddswAplcA7G6pod4izw659mNvokCwrXfT8zXEK24ErS8Ym095cQISdY+jetYaR1altrS9pUK/0wcX3Z6BGPifwgOVHhXPURjgacf/6oL5jQ/abzA0dlApf99yYJh5arxiKZHlxHq7NNSnV72o/3Z0W1Qg8TJwiIwXGZPROybTwF7ZK62jxU7UHWeQuK3BJl3x1R0zcUl5paX3NDHYhmaRP4ZLDPWDZybPrclWxD3ZeiWy64TtoqU2MPpgfDQwcuueOtA3OYgghUv2GzZPhyii79Wr37Djw==]]></Encrypt>
</xml>


2017-12-21 23:28:44 debug :
------------
String:
account-ticket<xml>
    <AppId><![CDATA[wx7f83e93205d2fd31]]></AppId>
    <Encrypt><![CDATA[O0rb0HhnQb8yH6zmc00UuUW9ADAEypZfyk/0Wy+h8KIq8AvW2193nV9UXhIFTB0/ttLo2Idbr/fCClb0PVKGoRK8EWJIkw61uDn4HPtBTVQquyZUAFK7WVgEqlsqnsFArljA4FtPqbJUWKlq1GWDrW+sGcCPHrvKDxwLIAa+XkjNpySjry4puIUo/bF0Fs73VV2wW3QUpFmFIT8YXpDGgroR97Az9/N6hTXNpaOBFErOKKhYisIqKLMaAG4yVzyjYzwkDP0a3EiW2E6yUyu4RMOJfbUDQlqdRFjyABfCaZlnsZQCSbw8J59BKaEUL/DhYtgiCnpz+3za0+P3NnttbpH8VKmpMjBpCSQlJE8CZ3emH/ZqDbxlIMEjkv79xS3Bem7a2PM3XImvdNMT+dXvv2w7koeg5PnGdLub7IQRzb/Yiq+HpVQEDJn+tHR/kV7xDMh8saq5NXllzML8zABEQA==]]></Encrypt>
</xml>


2017-12-21 23:38:36 debug :
------------
String:
account-ticket<xml>
    <AppId><![CDATA[wx7f83e93205d2fd31]]></AppId>
    <Encrypt><![CDATA[91EQyhCSclb8Z7AY3f1CKISbBUTmgqiDw/mTaQ0f7JnFMMcbwaHHnyCvzx3d9JuG9enBgR+bymIX9a9hEjXZ+Im3jSSGgPPvsaDcLk7DDT3dnP3Ir0D6kyB/DI4tOK3k4aLv3KjUs6x571Odm4HKVCZ4B15Lz7i+gyn9WLR+kh6LjnlU91Zm22Z/VhBclGwgsr6JejfGN5mOTO4wqf69/j5ZpyX0kT+DbXlpuMX7+RR0W1t5RCqRSMoBOjaHv0L6nIBMW2yEycIeFxGnXpkXNcj9jW56RF+j8qVTHirln+fubMM0wT2a/C755fM3lDxIPbxkRXrUtgFI7GTfTvMgtTn26SkgoGExmvYtJcZvMda87HYJjzPjCpzBsBCuXisO+CIWRygGDlfWGtWHy/KTJb3nC5oE85oSAB1Gg07IHYkmpPFooS9JXutPjIVwkgUvrJQzOynYkNDtL2ESyRIMFA==]]></Encrypt>
</xml>


2017-12-21 23:48:35 debug :
------------
String:
account-ticket<xml>
    <AppId><![CDATA[wx7f83e93205d2fd31]]></AppId>
    <Encrypt><![CDATA[8IB8JwnxyKCt2lR5aqaiDh5m1+kc4d9iIu9U/w1kwEW7ZOOJCLnDbtU2QC5tePdg6A/9z9lFrQffX76InrM2Xbh43bxqq8Rhv1mI/1kb4nuAYPXwDp9iVOKxaNx6oiEjl98LByefbFKpXEOfIg5hjiejNAm2ViaLn1DVa9T28+pxu3XoN+GEq8MpkNn3cW1OJ8gO8y6PdIm9dSrc8YxKJlq7NG9hYx2oEWXJ0g1Hcg1LU2xrr2ei3qFL6jQo3c0gqnCq+ZXV1Bvxd21OECLtIosTnZW2z1ON9sjsg1EadHEDwlbBNsvftbZC5nD01y3/C62zgFIYZ3SpXJ3XcrSrQwFjoITtLnZAy1EDCcmTug6AGc6xfv9Cm4qZO0H9bN/qlKYCPUnTdjBu66+33WP2+10Y+A67qyYxlt2Zn5hJ+bzYqHDTLguYMSwuJ7ov2A9GMOikKtYPwW4yNCVFq0FQwg==]]></Encrypt>
</xml>


2017-12-21 23:58:38 debug :
------------
String:
account-ticket<xml>
    <AppId><![CDATA[wx7f83e93205d2fd31]]></AppId>
    <Encrypt><![CDATA[4Kr+lwotBnW3pevfKnNuGAguWitUpQDzTCuD6d3B/ncq5hBwt0awtipAgEunqtREjRIiM5YRzpp3N9xBpHOFtAGzKsxK6H0Pyd2slSqjqP0sSsGyv1iQ31GDJSXlPSBKf5zGu18Hv78JPdiPhYN0zdAUY6GYCIQsoY4jEYoe6Hb5WDGKmJOWNgo2/zCiJ44Ai5XlOwYjwlWSpcYlypPC0H6e1jTR1RfXTR4t0lMU1rGMkA7nc74jruwsY3K0DLmzNY7yjJytauw0B1M1JcITlTO2Sk+vLXLIcO32X9D/awpYY7lhgKUFC3yinjDszsknkFB7mCFbIQ4u+DqAEQTx2t4vcAhMZNkQ7JX0Gz76yfVLQjZgfWGss817hew1T/S1mfRXKYHFDxUSSTb26fYnyNboV7345ZbLqiqGgM6qBGblkSLzCaD18GK5HCZZ4Ifo43D5G28CuJLA4RQIwyPHmw==]]></Encrypt>
</xml>


