2017-12-23 00:08:28 debug :
------------
String:
account-ticket<xml>
    <AppId><![CDATA[wx7f83e93205d2fd31]]></AppId>
    <Encrypt><![CDATA[gHNNNoBy/i+be6i0W3BAuyqxqwR/PlY9DrXrpo0Y0TKzX/g9+lRrQ/tzKnEBESqL79dl2rXGoYQg9BURCFA+lgh2En7u5hjhed7yWVxwdfGBtpqy1PAcemK25mesWyZkNOpi3bsUK62/fVjIx9iz6iJP3RhRbREdxX+DGZcswhTEvTbw3Lwnju7p7NJ1ZO9+KbyJ81qBO3mhwVfXiEiFrXL3XInuaBSR/ChtUBZnYNBjt2NxtHZj/k/rEsKFsqL+mIXPAcsRUk379wqMJHc/E4cjytkW/5D04Uxj2J8LF8AA8NfXvG91iS7ABGTUoJ1dkD8tAgmsixjhaiuFqFLVA/VUhFpkzVNq212zP1cEqtHGL/KE9Qsbs7Cf12/sgGhN80Ha/zsPdTufVs+J/mmQGAk3v0PKV6ibmj+B2mQzZYZSiEHsT+VjsrUTI1PDw/ohKrlQbUIoS8NDozpdgDvqQg==]]></Encrypt>
</xml>


2017-12-23 00:22:20 debug :
------------
String:
account-ticket<xml>
    <AppId><![CDATA[wx7f83e93205d2fd31]]></AppId>
    <Encrypt><![CDATA[fxRN0ZI7ryVbnQ4y1maV/ejL5PLTfqotQBA6JqQaoBKqvMGvQDfWdDalkqf+uqKeAUWwf1tPzAgWVhTXbQxGGt80THEPUzyCpSvYavDx3/vobko8b+rsTuo5jzWbJsdoDQbv8e8lNY5nSLquOs0yZ0ER5+Nf83lwVPkgno+oUG/zQAwR467FpzmRQ/X/3KxRwAiso5idXEOTOrYhcIm+vcyk4EXQz8zOZWlm67PYcd81bmSvqjO4AHcYIYj+T40qAc0T8AXm+jmHpMS8oVzVhdIhhaw7WE4jb2tAGfgG+ZVSzd7uPdnfQJGLpAZCXgE5v/PWCEIjRuI4nQhu7UCM/GjN1NkgmNIJ68BSvqpQv4IuxwSA0CEQ9hhQoHrZOterP2jwtp0dp7wqLsU16bgWJeLeOBSZilt+rbUUltvekoyYFT72jcrLNyA/3XdJWgS3jgvauWgYS8XZ1oka7/dSNA==]]></Encrypt>
</xml>


2017-12-23 00:29:20 debug :
------------
String:
account-ticket<xml>
    <AppId><![CDATA[wx7f83e93205d2fd31]]></AppId>
    <Encrypt><![CDATA[ORUkqpsLcaZ13VtqM40/dPC4FfIPYHowskPyXkJZ5yOjSIluVVUkGf8cWWT8ql8qKrittNn4nrUqdwKe25LdPfitVprdtIm3xDFT58/RblpdZIOsIo2P0ciUaK86UfohxweSfLFD/8x+PMPXejqSn64zicaTtVYAs4xXNI3XdVyyYTbuX5OjfAVKKayoR9rR8jfMAXRIqsAikexIoZ5rKYCdTozo/ohwUcEhiwNfDtOreKuNr9vVTB7Ey68IP/zHT5+kq15hTY0JKrKECO7CsJR1wi2GtaKjo2JLPiecu6X2jaewUrq+GTt2Ap78RP6Ajo4wTzieMyrBgUUuvZUn+2E9eLwtqMcyahYtVjMTNQqdrf2Jpjz0pOPVpl+7t+oeAAu+iKPpYhFoW3WR0N8vwM3medsFkuyky/D7RMBTLYMm/Gmr+8XlioGzm9dUU+DGCHf309eEGgDdN/qadPSm+w==]]></Encrypt>
</xml>


2017-12-23 00:42:34 debug :
------------
String:
account-ticket<xml>
    <AppId><![CDATA[wx7f83e93205d2fd31]]></AppId>
    <Encrypt><![CDATA[fiIa7RLJFbV7/j6pCrecrC61iZQxJWAAxEP3mC5NG4auSDArwaRqLTJ12l2FZ57ALuHbNiiUmthvpdG0jUoJoDpeHc+VUkZtbwd06d3Wnkx+sD42HihJ/1c6ZtrO+U2Tazy5BmRYR3YjJsvGLL9NvylU66Q/3qvxRi0eoNKKW62aBJGuW4vXQdNNMCGUht3FNMTUOsyTVFHbc0O43mDCYdgPrvOxNZKh1B06Sr3pXhl2uFmo6PameQDKok03FZsy9KipgYGd79pHnOMGQwdsmAhekkwgzW+P5NYdT5KQd5vD7TTjBapcBAu76ZWh6f4D93O8IVWVfLViM/w00DB414RNy4uQJTVOPTMsFnBpujRGEmOJYpuAR8NJ7RTdN65sJ6KM6iXebQL51yyJetZemOBuQrV1YMEfGP1JTQYr4B6GywL2e8W+niOQ29scBrJMBYhj+j8Qtniiznp8ZIYJzQ==]]></Encrypt>
</xml>


2017-12-23 00:48:57 debug :
------------
String:
account-ticket<xml>
    <AppId><![CDATA[wx7f83e93205d2fd31]]></AppId>
    <Encrypt><![CDATA[FPeIrvTlzYFNKiSPnts7W1iWUl27YA+mQeePk8GY59QJhmfiNiuSrV4I0aIyrnW9td2RVs+tTB3jSeeuInMsQffffeG9yzRWZ21HrgbTzX83l66LCu2usZNmC+y1hlLR+KcFG5PZ0Ct8hQGJvLH6afgWItC+fwCv2JQe+OiiLHeH2Xa0G3N1CfkOXFWKIYItrwLIVVbl5qMLp1s9iwNc0Un4wdCh6kTmNgIQCPYy/6phL6QuUfOoOB1jmVp0ZvdH9NdFas3TYVl2oQ/yviV7F2bQH6IEMkGi+732mOmANdwOXtGzocr+nlEE0ffg2ZtTR14rVoMLTPKn5RcLNxjUsvGYMQmYxYwOZhjb+BuyECCN0un1cHhgFy0z2ytSJw6P67jue6DAhd44TeRmKGNP7hGf5cFLc2QCjnHQLuGiWWjWemloRuaZEi6BZ7FC8PB3yUpx9fJLj/r18Bz1uUCZfA==]]></Encrypt>
</xml>


2017-12-23 00:58:54 debug :
------------
String:
account-ticket<xml>
    <AppId><![CDATA[wx7f83e93205d2fd31]]></AppId>
    <Encrypt><![CDATA[bPaxvbphPsf8FIW4h06onNS3cqUM/LPjpZ3e5aX6irET5Mef9xYaWVXFb0k2LdrNGTBWQfCMOwHLGa6WrEfgkkn4Tu+0U+dE9JLPKvSf/rs5PZuzink2fvV7UVOmMQXDfcVHV5vX8eb/QEiwvJdV18zupotOZbjk3Nmys6eVKsRgbAOLg/WKBbnW1hMTou4ACu/DHBbbjO287M3N7eVDm/0XUHjkDLLlaJCuXXG/IskaR6ZA1Mqk6tEYmldf/UEp3SmyLT8AnSJ1EXaMtx57pHMzlsan/JvHT/3+Fkv45Zmb36IrULJd/36Sxelk8lLYDVTQQ7M5TjphFArKSheq97DvUmEFYUyEtMdJwkQUHoU92YKoKyur1KNOao+qWdWi2JNue8FfAZaWlTCyEsKEzaM/Qc+zKB/tXYc1JgXDTQzh0N/xKX7bBDj5jKxo8nTndAdXYxCsikTSJpoO6sOTMA==]]></Encrypt>
</xml>


2017-12-23 01:08:52 debug :
------------
String:
account-ticket<xml>
    <AppId><![CDATA[wx7f83e93205d2fd31]]></AppId>
    <Encrypt><![CDATA[q4VSKk1qnRt1ZIfu1Q5pBllOwgw1fnP/YsCYGzSnoY9IPBIVKlTh+rtfRJB5hEQGpLBY9ty3BXXjej2/7w6AMuJtS0UUjo8BZi0TDoDKDn2orQVD76RPGBQsIm8uYkxXbFMHmTYDyagyFCXTjJnPV4yRTs+20Z13f/zsNjaV1i2P/cx7Fskq8NXUKAwROhIUENAefR8DlV10yiqbeGo8tBA4yJLVZEUhk+YGLFNCelIVqW6JMKVECZ/n5+N9KNr8UOnigJE7qasponp6jJZsphvlo2k90mVCV/iYUJK21wq4JhX/f2R1yvd0BW+bjIy2F+QopTVY7V9+wKwW8stPe0e9WBLZsbfY9cfW8gAppX4f8WorNFDEmQKyDVNe24Gmybb+EcG7L04zqLewvCibOW7RwtlcFyVc1evuYEyQ/hHItmQqdZy66ZOJcRgthKfRJxrsCxblE/2OgfUrN7MNQA==]]></Encrypt>
</xml>


2017-12-23 01:18:34 debug :
------------
String:
account-ticket<xml>
    <AppId><![CDATA[wx7f83e93205d2fd31]]></AppId>
    <Encrypt><![CDATA[En4TFwTTjkxNTMoBXYw011U/DGMdS4w4MLY8Vcd9Mn28g7X6cwE8cUZtbFsFiqp8Czh077emUaojhAE31IEWXBIOimMgplyeS45QwkfGDtnpHd7xiB0APDEPuaQYU0wiGWMKguh0br0yggahY54r6iK7IS5AVkUoAgvdmb7uSsXSrwMiu5mPNnOmO/EwHlHxsd+jxSfcJhrUYxmTo81uM57/x9WV+CS1KvruMb73C3uvH8uZ+fjrFqm4M0Y5eYYyHSErspCWFGIB9t7M65Bs1Z2RN/bU1M9g1nfj5fTuoo0EER+1daH/wts/cCLp9KnFvnSZrVEk1IBS4FJunYXPzkGTsypCoEW9slqsO4nZdFHQ+BBNz/9AkREW+Mymm/ww4D5WAkEb8fzeWbKEs/xKnZbGYy2vIKpul4aOncdWMaVlbuSIz+c/LNiWdy+QhbOe9quvE3+h/djLNBtRbOp0Aw==]]></Encrypt>
</xml>


2017-12-23 01:32:25 debug :
------------
String:
account-ticket<xml>
    <AppId><![CDATA[wx7f83e93205d2fd31]]></AppId>
    <Encrypt><![CDATA[GoVRsCaWGFNAZETsNa8f2j7uhp4OLZ5nSERilEtYy5YZTNZAcfYUYbb7TlANq/IlxoSEIconP5lPYqkW7Wjsn5G3u93mvGYHsiD65oNyS1F9IGWTN68A8eLXeqFhmb1q9j6jCIKUx0kYLrbkKTCz5XshrkrdIlZWi4fNBoe6n/izd84ZL+oZYpT1YPp8NESn5im+UrTaAwJcGYvkkfYNll7g+0GM/OaEKW+A0HTLjzAU53rpwjx2VD2uRZ4aThyMVCmiycYezHVA2MWNv0W4aPbMVNn5GUYHnCU0FnOxjnevJBcDM9RD1xmBdzws4h+JAaFm5RRFgHaQL7hMQhhk89Vvvv1mBtU3T65T1iicywQPpua9ajFWc2rW4xXCZS80P+bEDe9hn2xAnFo688BgeHV0MUgTThHZJI3csDAbYQ+djEwjbIRd/j8uwmOXQvoun3W7M2eTegKQvyzICnDJRg==]]></Encrypt>
</xml>


2017-12-23 01:38:40 debug :
------------
String:
account-ticket<xml>
    <AppId><![CDATA[wx7f83e93205d2fd31]]></AppId>
    <Encrypt><![CDATA[Ivy+64oJSAf6OZGh4CAQNb8f9t2VYmVj6BxX9+Fpq+CEtE1VyIA7BsmXywmeT+9nWXLiYCr/zU9aByNcbo82a+rhFHJxwbyG0i/zLNMvPZi7Bz6q9Rh5WTygqwobxI10Jq+WO7m1K4fZ0oliokPNyBYvqZD+KlgeVtOUBEmYhg/lSYA/5xVlLbxlXABOBzNFbOsF9ugKHJUtfvx7QK6VUGl5y6+1WXudoJFI8lWogW749sgY5AlMJAAm2dvdN/9RuJCrh48x+iyDDAawcP5RebhnKo+r7/yAgdKhDiy2GJ2DPs2o8B954EGYQ3reh0SYssnjopafjUzbYDs1fS+nOxv8NouasHJIvN8i6rWgfSChyqmp0gwRei12vpJd653bJNP6U1A5kn3iejAX7v7hSGI3Ly4Ni9oIBIf2k1Hf4nsR9qM/6To5zcKByiwsACSUGxOFtig94v/dVvh6tKw2yg==]]></Encrypt>
</xml>


2017-12-23 01:48:34 debug :
------------
String:
account-ticket<xml>
    <AppId><![CDATA[wx7f83e93205d2fd31]]></AppId>
    <Encrypt><![CDATA[ItIYF+VW+lQdwA66qz4HkdmEMtDR5AFDQscLrCjHZq1flQWluENfFb8VOyyu2Hm/uy/wlhM/Q8dRpIQUe3nv64SkLa7h6iLUqLgBJhTWfulyLjyIlh6qNdQpiCruruhlw0waqHez8IJb0HtYiK1jqj5cvsS5t1P14oIGVPKgUPKImJMRIt6ncccQh+C+Jnn28r8n2AKBzqPo2ddoQZyThW3rbCLdSQtNztC+tIDbuhjl9PCUjpRtJLLp902spaFe0uubPZSlNIentpuHm+noq9eIilpzpx9xE3SCNqAYz47rEX0v/MAUg2G+KMlbJhukZANih/Htjfv+CZKOg9LcNxUdSB6n0d1Prw5jUCrVwyuPXmS4CGw9e8KFi/6CRH1HCfRVsUFExS3Oyx5R1IEwKMa5MUyaNexRdlSyXFw4xCO9P6XP8LC8VXqnsHkQMG7O0awnTByxs3kCFgGT/zIHTw==]]></Encrypt>
</xml>


2017-12-23 01:58:36 debug :
------------
String:
account-ticket<xml>
    <AppId><![CDATA[wx7f83e93205d2fd31]]></AppId>
    <Encrypt><![CDATA[3h1T75SZox1F+wUd6O5zKElJWxU0YzrDRewshbLuYtESVnxq+FuiSaUvuMbHW0RAbunTbj5zSK+o0L0VizhNesnnu370dmu4fnZRprgM5455CEzp/jQHnIIN6E/McBe13KJFXXJEl2824NjFC8yXgXOnx/2ZCtrCbDnbnN8UFowmjhRRW5RZQTI6fygmCpsE3nFxh+8d930F+IVW/6N+pXlAmkFPnm683SZ69FSxZatVZvEzqWF/d8js4t+/V5YL/egj8c5+qS21QARhIkC+FYw/3w1wRTgCn+tZvOBXXyWFNs7BO5ZlnMQf7FHzKFIjG/wt1gT97Er0uU3PpBIYzO9aJw7Hctv26a0JIsX3L49/xaSqZ6axf2IY0Cz7VkLTTM3hMyIPhTzfJhrnyEA59RO4Rd63/TFwLi+nYee8PEw8pJunKisbczEG5kUAIstZvfoVX55JZ566iurgYgKqWA==]]></Encrypt>
</xml>


2017-12-23 02:12:41 debug :
------------
String:
account-ticket<xml>
    <AppId><![CDATA[wx7f83e93205d2fd31]]></AppId>
    <Encrypt><![CDATA[qvLjRkPNgKvCaSjJPpUQDmUutV9Xki12JZn9bPgRy2WwTyOOH2w/kFdftExPCayuA1aBGIGHKdLZI5xjV1rE4YT0e8etLqCONhJMSEfiygNtjeqdOJkgVPsKQQz+tNee1nh7WroApOvFQUAZbvwMEmB48w78ww7z46mf+0yLDgfLh/NnEk/GTdM1euDUPU+ualXLUXJHuXOpeqHUAaRqjc+2WkoRKb77WE4YpGSCdBnvIFB/pnKgLeOSyLpdblY5K8to/C12nIOdo5lh2v9iOmAgak9ubFxtrOUQnUQuJGx6+ITuytfulNSuUqROlGNcd9oafL1jx/34m+s0OhW7jlUH6h4mW7WR6DSXgvEC+ksHGS7hlit09okUWLUU2LMdtQNRENp9MsVLirRerw1JVgcv5Asp3jhvuVT+w/3ty4ACgG/jZuWBcRU0k3dXvfqgPaXdG0IwA5Gj1BHpXRlFLQ==]]></Encrypt>
</xml>


2017-12-23 02:18:38 debug :
------------
String:
account-ticket<xml>
    <AppId><![CDATA[wx7f83e93205d2fd31]]></AppId>
    <Encrypt><![CDATA[AlXbETiv8QMBEOnEjWUbopOQDIKd+6hxqttkJOWvciMMiW2cUiC8VjDxCWesxQDkzJbkPXbxhYrXutAmqiM/LRt2ersz9DtPr1kbeD7QYtMasq+64dLFZxEZukaATfqnZgiHDeuLNE08PMt1lU3/DtuEos078ScWSioEmXFCHRvVaa3xduG7dExQ/Kb181lB2+5WYF4PhvP/96X2tyOKb1hHl78oGYcwJIMBlBSz9gAalsUruu+C8MQOagtaTPm6b1fs8i9JfmoyOc0qB1A/PPHa0nf3fi8u+ecI9UcWn5nEGzoaSofSlYM+LIfSMTYSBwRaZQxT7EvfqlhZIIVjZsCw/EqAQAR0LMtm5VCcnp5+qZ6OzK4l3VyIx/3IBSzhmFKNa8sdGq8ZhhDNjpDFMU7x0bCz6/u8UtRvp9McpeLXgiuFIwwtjdCOWbfGngudbYHn6462cBGDOCxaeeRFfw==]]></Encrypt>
</xml>


2017-12-23 02:28:38 debug :
------------
String:
account-ticket<xml>
    <AppId><![CDATA[wx7f83e93205d2fd31]]></AppId>
    <Encrypt><![CDATA[u3darsELQ1HQ4e4Vis+pSFbb39cebvu8NxCD6gIRq4eVljYHwZYeqS9iPl8MENkShfkdJPGBxzY1pArEHNoBnK4+f0CZu5mBvPkoREnqHxNrFmu74QDBuWerf6uBypxlXMA7LlaBBHTwce/0rgfeDn6uJR9HESHZLu+iyCVvFVPpTOZszhzXUJrSx18hxVXefKrDqEJPQpJ3xvbO/+632T59YgZ/GeYYA/iGAkGreee4tG/in5ejVQDiQO02l2QY+AeY6O91lZeERzUTmfzrMcXJsEkat+A17/RujDFxWARYNm+R/39fH1NBqeB+MG1B95lT6l3YlJXqkSmEkSBb3AD7qMXfx6hnU7QsQjjGaV3PrqnWKl6VouZfFRRLs5vP1qFfPK4j1DZG31BswzbOhWJa3PU4g78hP8GlMMnhrEZbf9L6M7Sd1MnSoghnYRM1i6foF0pDH4JXTwuVh3Jf2A==]]></Encrypt>
</xml>


2017-12-23 02:41:26 debug :
------------
String:
account-ticket<xml>
    <AppId><![CDATA[wx7f83e93205d2fd31]]></AppId>
    <Encrypt><![CDATA[i8T5rsAVUR0cen/Tcp4TWGP0GR8IZse9qFg4IdnYnghJ4uPG1JMeBusKi8EwThM+JKstNML20EmYQSm1uzlP+5qNr9E/vW+KTqSzWS2AOzSQfdWJ08LFYxVkQRSX2fz9/19XWIoCaWx5vPjRmN+7/OnhWxT63L0RtHfz2PjDPb9O4RaK0RLJzIl8YEUsjAz401oyKIuls7wl2C59fSPmt3r8CNSbq9jHfRz/ojXHR5jvq2trd3tMC6N6Gcbzng0pfv3xSJrQswDFBg28rWcv1bmFZb0lm+RjzowAg4oXuzXhTwDDS2h9SccyFpjiZYoPEgm2PRTEPS1Z35+Is1T8LPb639RZpKoEIuntY8A3obbpbvEYQkNxvEojoJ1J1hEXZcgCnMecTC4j836rvYiYtc9gBOeWRg+ig1qJwbZiUvcYicQpCZGFx7oicTiLABIZp9SRXlkPkOtVHp2bJxfZwQ==]]></Encrypt>
</xml>


2017-12-23 02:48:40 debug :
------------
String:
account-ticket<xml>
    <AppId><![CDATA[wx7f83e93205d2fd31]]></AppId>
    <Encrypt><![CDATA[ml8UEtFSLKLqtoqxoucPOHEku9LCJWGeJMyQXN4fGYv+Q82IBZ6Xvt/+mo/pICygl3Ao5Wp8dnY4MImsglJQ9hhs4bwIeBQP2SpE6cueYqN/eT2tfikkgfx9o7vXKs3c8Q9YRduLWSKsWggW98/rEndqaudeUD3HFvWwEUbIspOeVdY6dp42Q+a9bWEB1HmH3y1g7wUrkVRHgDV9DIBqZJMlSSGCvBMWncFf7QdbJsCpV7p14OXGYNem6A9awNyqIMPd1D1Tkk92SZT3Kn8S2jBEnLxz0n93/7Lvop5Nk1JVbSo99kOJpRS73kELlLh8VwiiLHefpWdeT5vCb5VktMmtBz5nX6Vl/FUfJExJ0NCf1J6fLuv5gBT5Y4zIicH1Z755//u394EdZ1pjECwpchytBxfLYbNp81HlWrb8Dw/rKQU2ahsBLdOSU8bRkyMGHbnhylyWCNrwCqg4KDEz8A==]]></Encrypt>
</xml>


2017-12-23 02:58:42 debug :
------------
String:
account-ticket<xml>
    <AppId><![CDATA[wx7f83e93205d2fd31]]></AppId>
    <Encrypt><![CDATA[zvWmJRm+J4/xm05AzqucNBKwiHtCPdynD5yIaeA+4b1LrU950ecOPo+PO/7R5bgm4IdFk4N7oTed+nB4qk+6UgX4VhQMz3Pc2aoboshw4n+SiZFIOhIkMKIeehMNtAI0hkqMomRiY5nXGk/tLr7PD/n50UalbB5maFN0sK4j8u30ecaayd2xORb0Ufb3lt8Tr3k8a5YUb+/H3xsvQuA7MiKb2EEr6ovhx8QB/yHvyUe2ofepnMQB0KqzBvBw1rDnjJVrrQu1oMC+z3eA196//R4ymH8Hoi29bgT+jAeZ9vc/OSsXN3OgaYHHELNpkH587YkmUOizk+7KeDIOJYMqMVLK1xbjV1Szbuv99ZzpkPHItMKMis8pweaj8nLQzrNSjx2Sbxijp3zl2nlgHDKHW1+GLIjLDqNdojF7GMJHVoHkHLp5S8gOpe7A+KcsoLJBjlYNYat7so3Fomq6DdlEqQ==]]></Encrypt>
</xml>


2017-12-23 03:10:28 debug :
------------
String:
account-ticket<xml>
    <AppId><![CDATA[wx7f83e93205d2fd31]]></AppId>
    <Encrypt><![CDATA[P0oPp6kTLEqj9cDkGEpr3kK2bpXjF8PnGKyJ1/vGPdIGKsqe45WUpy1TbhaDbxRCjfWj1A6/40NK0JrLjWNJSWLXMRrFEzi65lds9ppoiwGUgKV/IHXp0ygFEWHBjJ6mOewBWAihoJRMW1XoyyhWeNUxIIwJOUSwhmlWXWm14vuUi0b472FJ5d/lnYs5uJeuUpS51BIq2wY09gB6dWBHmnwZd1iqhfW/UrsfziEvy2mSJfckUdFGqrv922JMWMXDqsOtG7VHam1IsYa8j/49S0aejy2gkz5GH/6ZcmKHxwSwG44fv5fmJnxKt8cLBECdZNLVHdRsmbL8tMJoAbepV40UeVujn2cDx3laWhyS4FI2DfedVBdu+j32yFk73+3x8Kkb0NJ2kHnynizPfn5V87D58JBVKWQkE/Jb3T9ZQ3MAj3lQjJX1ihhmyPLDOWXIqhVxnal7b/vPYO0wBrUraQ==]]></Encrypt>
</xml>


2017-12-23 03:20:10 debug :
------------
String:
account-ticket<xml>
    <AppId><![CDATA[wx7f83e93205d2fd31]]></AppId>
    <Encrypt><![CDATA[RKk5qyBb1vsf331eSkP2zkiKux7mcYGcYDcKPv5Q8GwOmwkIdLz67dnN7Bgy51/I/3xXn2hJD6iAc9Aqhq37cqJl0bsq1yuPHjyTaO2G7UgrlI3FZDMXSx8mBgM+scBG3OgH1nMJSu4e9dITL6jE1XhnF8FJB/on09KzKTjp6r/lbnVgO43o/gidUxUuxP4NtnnqCRrABI8L6ghXZp6PDNVISM9LgF8Kj8oKdGnFie7X9zY4sEsZk80oX8lYrTGmi21esXCFPa5QxhuP3n4qmCQAvqQRB1zjYecOci+8Zpt9xsM5PsjkAow6RnKTt8nkwvrEtZtZ0DB1jDCAr5pWJP9/y6qQjgebjAt+ouIl8CU1aqL/i90sgVXh1Yu9Nr8h6xL7Dl3mqlqJMn1M8oygRhO5+Q70lswFnoNpalvYpWF1yFwft2XmwznpnpcvsUVIw1lDbNp65T8t2eAdQpx5jA==]]></Encrypt>
</xml>


2017-12-23 03:30:05 debug :
------------
String:
account-ticket<xml>
    <AppId><![CDATA[wx7f83e93205d2fd31]]></AppId>
    <Encrypt><![CDATA[xroKCERXXK2hhebHSVPTEAADDNTpwejErtS0yoHtf/Y3aXdFwped8owLtVhZcVPuDxVCMfy+CFD4X87rDfScyqs3N7cjqEMM3aKTXyndAD79R7cARewahjb4IWI9iuluIZkucm8YnDpJEJhbKnhU4N4xG3gDJupIvefuSyTN4ln12Yy32D/UcaZp03YzGXFVMVLTWX0jviPBw7OScbpes36HLoJ5rixsnE+NjKye8J+ihcPZpzu8iZ8wst1DbeIKNcwfDe5Ly6cPFE6jp1wtmehjFX+nsjKNRUf415zGdYFzn5tlQocnqV9V2zEE6IdR3wSAgS53HZMbEj8Xw/yOl1NgMsDBVccNhUF+jOPPdDOZ+UdeuiDLQ4GuoDV66IBFOhipq9HfYMDPVn9sOkxCH3S6SxobhCOiT4t6MCmt4YYfjOe3qWp1vUuQY2uxmAbcLiDwpyak012gudoizL8DWQ==]]></Encrypt>
</xml>


2017-12-23 03:40:09 debug :
------------
String:
account-ticket<xml>
    <AppId><![CDATA[wx7f83e93205d2fd31]]></AppId>
    <Encrypt><![CDATA[5EgfftFjxi+DK8GWozT3uem9WniLB6eeKKviE1s5UTNpXg4104awsRxpIr0ZuVB3vC6DEGL2V7Hy9RgoaXhuXxaONiTg9faijgmh02H2cWAQpBSjYqyt7ynmCp552Svy9+DznL55UQSixGkyIgRuh2SaPtKDjS3o/ta8ojFTTVmwJ1Uzc6mbOv0YTiO5aTdGT0JAnHya8VYaksTjw4hYSktwo/Mw9+GmC8nzYHJZ6eXCHeqSglzqa0+25tQ2Cgz2O+ZEVxIyr2KZnkmNzA5ATTQfr7zWSdBwEsdrLplFNtQ6djkXMhTvOXhekSbb65EKtbaew8I8QBN0QlBVErSqtaTYglKBYYLY/UEVSFMO2RbFMFx5+QHEQV4VrjZ30vUuKS+guc0wCoTCgcAxDxGZHCgHmDYkgDQ1Twq6O6vNe5W8TbuaxFVfLOyJtHfQNRsKZBhKGj4LDBmkqwTTCTBWpw==]]></Encrypt>
</xml>


2017-12-23 03:50:07 debug :
------------
String:
account-ticket<xml>
    <AppId><![CDATA[wx7f83e93205d2fd31]]></AppId>
    <Encrypt><![CDATA[dKwkFCLG6g3tjursKsy7JpmFaoTVHHrEh/Ro7SgKxhAFlpYigJSftGd1MDl2F2ejdDc4gp1X0PLNwoEZ7fgqfEozJj/fxq9Xbaj+Eza1xm8ptdyxzvqshgrvQNZ+hcsxJkoYNZnq4cwTmRXjz8YCzJm61IRUIXq8JLbL2gxi8lc7JURqVXOUfZLhPsGxqBm3caN2N9OilrXK7/hHQG7ceHrP7TMaXvVw4e8NdbwrsoyPLdtC/1IS0E9wlc8n4eY7drgh45lpvfDFyT7aAQcRiiChrXPyEPjnyX8doqD91Jt93PI5KLEmiM0C7zfAiXWThrPjmVaRsuheM3okXbPSq/fN3WJJmhlRuZpEMIFavKcJPO/WBTMok9Ap70KDEt8F6EM4EHfO8zPCoOpIWIqfSXgQ/OmXZFwmW0HwarcfdHZes5FXW0avkzTNwY9tVm+zUkoWZVd/EwlOzW81IwoWCw==]]></Encrypt>
</xml>


2017-12-23 04:00:09 debug :
------------
String:
account-ticket<xml>
    <AppId><![CDATA[wx7f83e93205d2fd31]]></AppId>
    <Encrypt><![CDATA[O+PcGu6zv1fPnOXEmDdfwavLVfz575YVQAe9ojoOxtidTOcrqdRjrNO560+79xpRxfPycrBP9eU+iZcSiutJCTVTmk1ymLzBJMXK95Atms8LwF2POycXLjTiaWpzgn9y7/vRl08VeI+5ZjlrbGmDsQV9p4Hlt3tl0hvMLEIzpG4YtVZAxKIhAPq2Fogu48pQb2P1YNzG0e5wFZ//fva2C54SKxpxtghd8ByZUwdxZos6itbJixL8/1eGrP/Ft/9UKnwu5xicL7qkM5qjzzKLBWFjjsWAP2w0+vVHNN8FVTcdLC6u22QIBE/s+NSrum1X8ZPyP5fBPT9ZtwRm3tBOT4xmI2yaCHwaOYa8Q39CINcKslhX9NYzNXiC3G355dILdVHXNU13noLnnjQ4FPsL904RRp01pVy9eD5qwZr7GMFWyVptY3CrosWDGKFrIYdJxLIDeIZNHhVmcO9rjUNxFA==]]></Encrypt>
</xml>


2017-12-23 04:10:21 debug :
------------
String:
account-ticket<xml>
    <AppId><![CDATA[wx7f83e93205d2fd31]]></AppId>
    <Encrypt><![CDATA[vTa8r+CEvpOQrQrBt4xf76FaR5yjm06wrjMXkwHLnx27NXWOY7CTvIIHj9w6AJDAhRKvBz/PT4tRmXRD1gOwHqdMDfTz9k8QaqiNMnws10H60tMRKLluI5YaTtsKFEJe0fWSv2Z4GZQ0WI+OP15cEyPL/P33hRAABlJcYdkq1LNF1Ug8Kdq7JMMVc1paxRXXssbNbotnT8Wc1UXbDEBfeXxlMyCIDrXqnptVY/oUfGk8Toq4hFq2qLSww0BKKtXIpLaQjkuSTmVNNs4hfkP7A5qfooyEC0Q5vA/hBW3dUFSDx//V2zbWQxjhxjcvqb3qbR1zfyhagN3Lu8buHQb7Ff3h181GjG+Oeyy83M8u/zZcLLrAl0vJNUrkIiNKcg3gSDN7e5u02sik/rK0+rJFg6Tuom2HIxIKXXw3zTtDUP/rqM7EDCMu2GT02X7CijfXY2fX2DI8OEeRGC/BnuAKkg==]]></Encrypt>
</xml>


2017-12-23 04:20:07 debug :
------------
String:
account-ticket<xml>
    <AppId><![CDATA[wx7f83e93205d2fd31]]></AppId>
    <Encrypt><![CDATA[p9q06XMiKo5zcpTDsPjjkzfNBbvDDPj0huZ37RajQDBoDRmwZLf0cuswI+eTh5d0KiNGw6p8yp2exylbmNETuQX1/vIhdduOUPaWBww5uHeRj2XyPi1amI3HNM7VzI8ztBLh+FAQ3CZyGC2ZsOzXTxrcHQnckJ456Gkcg5nwcaiGpMXJpGGbb37jH+gcG6SUhuUTCBos8VaxtrWEJo/Z77p/n1u5acpKtzgH4tTLzGQ8zAUbWvetaKMT8okve81FJSeiGjJlmpj1IFuJSzHM7oKvZu6rh65X9KHKRP7OXD8L4w2mxztZIfFV5/3Dz6tPFzPQeF/dz56kLCFzZnrGJvx1J16++RDUOOJF4W5W8D7bhBXMF1c7hrNqgB/Cjdchls8TIbeJ80LoGKi7fA7eJbxEGCcigFjit7iFBw+jguxrtIl6DdLP3rClE97Kag4aFtOE5mVq7H+4LGOroNEdug==]]></Encrypt>
</xml>


2017-12-23 04:30:07 debug :
------------
String:
account-ticket<xml>
    <AppId><![CDATA[wx7f83e93205d2fd31]]></AppId>
    <Encrypt><![CDATA[Gtf8xoeIDU0JjaJHdtuzCT0jhIAXCTAOLZVLlkhHVfY5Q6vHm/a5u+GA3DE9sgOpcNUJQqcQaKULP4lE5R+3mBS1GwpsC87taOGL35fNph/vJqHX0ANA0hntGs1PX8Itkpqx1OlRzY3u4m0mZADEtGIgFQRAYgD4cVJmE4IYjkxShRKnL5yV6V1SLvLAA+2apwp7nqNneADAJ3c0BLSdEhASAXa9PaGuXZlNxt4U/T5we427bCYxkA5yDMZycb1bxUdJaCv63vnPDAq0KApfUwPB1xg8p7DhnI4yX831HRjATtjn0bmucoVs0MqnVRKtZg297rzPrr536DDzfo3hE8R/OOZ8fr40Y29i1mTmzVJmCBlTmIGhx56UDahkdlQrH2AgIkOlVU/zWo6DF/7iJH7drNBVCOr++6frhlfWP6+QQIVPYOjBqQgUeIlPvJYhOsPrcdEC/QIprwr0vPdMCA==]]></Encrypt>
</xml>


2017-12-23 04:40:14 debug :
------------
String:
account-ticket<xml>
    <AppId><![CDATA[wx7f83e93205d2fd31]]></AppId>
    <Encrypt><![CDATA[D52KOFowAf06xfzZkyNfzJ2AfBEX1Pq69zet8q+qykAibihkJaUkWIxdxbgpv215SsrK03NwQ1yk/D7UcQcaIDq7TUmKe5Kwg4VeSrgsVsHp/8yFjO2mqdh6bDmKgedDxk0Vpfm/n60vKeCSYQcwaVhiWvciRQz9Q0SKJAX1H1hLeyGyUiqlYnHX3z4a3yrVip17ETm0rcO1C/tqdl7UecisFiYViRuG4CusN8EARZfmYuSn1MbAj1JLyDgp49oxNvAlUSQfRtAzC+46uPGeT3AqVuJ48AcopQ5Y8O6U+B9LxSeKLa50dDWncZkmf+liXAO9PyApnPo6H0Sst2bljYVPoDrIre2slmSwYNZQpUgZQ2oytx0LKMmXCLvq5TmazWmgQajnbaHwh3YhOSy7BX0zsrtBkM3LISMJExFlizQ6NLf0mmGkKD/wmBowAhPc4SYeFXA39gx1/VqVNWbkbA==]]></Encrypt>
</xml>


2017-12-23 04:50:07 debug :
------------
String:
account-ticket<xml>
    <AppId><![CDATA[wx7f83e93205d2fd31]]></AppId>
    <Encrypt><![CDATA[ywrf7FjGGT19op0uqU0F7k9p2G35X+epeluZETfTk1SF5UPs4fAjKTelqD/iKAf2sYqOJP4Jtf72Yt416wQ2as6QwXLd2cS3UBDg5+XoRjn42mrM63JiAJiIC0kkPYTZiUoNYjJ5LYQhFhrYl105jZ7VZF+jb+1bjyui6TXMog9Idr5wbxBIp9rKbNLueIURdgB0HGpIUl2Ivdv/i2VB/9Os8vd7n2ND9A/pVn5yZBneVx1UMxKUuXLgNKzkeL+MQOUmT0TwRxNk2uneYbsRseJtRZYA50aiw5wQCAyfhxBQ6Qi8eAGwWCL43+PD/KBIxuHmVVk1LMsTFULPLfFKMfDj/F1UCYzt7v0Q4cB8Cn9lcr1ozTVuPEPLbRHPeoyTrhoP8IGdRMfbk0sqlYcR6r1YdMFab//anJwuosw4v5JrdBUCUZYCzS55Xbj7oHadcz7LuvizvmoYRO0AdZ7Y2w==]]></Encrypt>
</xml>


2017-12-23 05:00:11 debug :
------------
String:
account-ticket<xml>
    <AppId><![CDATA[wx7f83e93205d2fd31]]></AppId>
    <Encrypt><![CDATA[IIdSH/iuv3vdG6c3Nrl4+wh7e7YgjLu8FMwktx8HoDjbvJxCA40ULRrxRrVKvhvCbbCWDj9T/jyhnZ+RClJltTo6T4yE7nr9IfT0ffxqtY3dI1ZOy2WcasWHGuX0HK8KdPvV6rxdwpeJv8x/LwSLRHBBWgTNGEXOmNlPS2pE9tYWMZsTjkSHel9kcDadCgeTN8LU0CD4mKIH4LT1m/YguKRhWJqkdKScOMeB+LYz6KOrCWeeG/SQRq2x2yJFLfBVaecxtWmBXUuAc8nvaGtEbYvGqjBPV9Y/s0WWiqxa/bFh0cilhwC9peNflEn0pBSIfEYrCS8CiOSkX+2lpks1ThlH/Q1EePgVGEta/2IVAFHzntnjlgovUa0qDzvgJAIpMX7N5bA6gDJkGbgzXylrMp/EU78faVaZaF6qKpqp+99kOB2I2rHKuQIwzdj/kQ2bGynKbppdSULw3E3xiAlpTA==]]></Encrypt>
</xml>


2017-12-23 05:10:10 debug :
------------
String:
account-ticket<xml>
    <AppId><![CDATA[wx7f83e93205d2fd31]]></AppId>
    <Encrypt><![CDATA[AhSaXiUqKlbJDu1/sq5YlwngMGl63hUwgz9AIX+3uKb1yXn0h7sFEkdeaXIAyQVno3W7bWnYBvjUIYgYB4T5RCO7LXV2M6dNVRIJlbTjp0Z6ZQVV93NXpcWavMjLh9zCRrpeVmT7ynqA/Wpsfg3dqGAG8D22BfaGRtJ1kPXA8peSzZMzbJYceSdI8He/Jcu+8rk0W13HDVCD+7yqrFTWFWa+HTp+EkDUh9sIbqqz9vQ+YTahfg8d/3vHy61pY0VJjStox9DJ4LJjGSnzn+jNbM6OI5Qe3V0QnaFonuKLnxyYKAVGgNPjHoUQzcjj4zMIv59t0EiUO63aVaE5Y4SnHt+Tl9BOnmWmX4TpOG11ZmEXUS7WAKtxIxYInX2dKX76uC60hjHBQdQykddvr0JoZcVtgkIyxnmnQCqkUXNbgT/EkqXwqVvDvJzEL5kVAL/jyA8dEsisA5m5m2U5UqsnuQ==]]></Encrypt>
</xml>


2017-12-23 05:20:10 debug :
------------
String:
account-ticket<xml>
    <AppId><![CDATA[wx7f83e93205d2fd31]]></AppId>
    <Encrypt><![CDATA[hcUUE+6r+YybbQeLrN1LihtaiWcpdfUi4mnzsRCaIgndVZdQd1HdF9spv1mkQr1ptBqCZdTfR+rMsx9Ir3bM8yvWcOBRfHRjg/0uYPUUuBJYwMmLifRx8AlJmivXjPUiVS4jfE5Mpnopw5fYJPcz9gYSkE1C+ZIkfHa7Muy+mx8ZW4wAdJhIyf6+0IoKdq0fiT1cYqpfFId1BeJK8/7Xp5E/j9G0zQNwHHmJZA/V5YuqayqndT73qFarjUOTMfNMbvAKQ7s1BcwqG5nT8dp/G876hVrvWMvkJp07iEp3cJ4bGHtbq6HYOeS8aJQkb/3nrl6azKKDDfof93NKmBGc+AWIvz/Mj20puJIufqgybe5N/SvxfPxfIIbl/KABE8EkKIsxqKuwC7lAKHCbEOPSZPr5e602YKTlrfWv26bU7TGbZnUauTAFa0a1n5F0S77LpU3OILo5kxkrmk9S7A59sg==]]></Encrypt>
</xml>


2017-12-23 05:30:06 debug :
------------
String:
account-ticket<xml>
    <AppId><![CDATA[wx7f83e93205d2fd31]]></AppId>
    <Encrypt><![CDATA[r31uXnv8KhGp02EfbUg3fXvI+4ClDOBHHycoqMch9xtvQbj28agnWn3B42I7m8r0fMz4JqziDJpYg42N4PIR4QGV3TYUsQmuFzNF9mR0N6eBextE55HEM6qaHCU27BB8M5EW8ezsWLkr6rOVy5oEAcmlCwhCSKk1vOb4JtyAQmmjWvocZOKmOPmpdcSsi2z8aLe5GUBFzxo50lEBZ4cBH9ekgs2UFJIKe9+WGYzu67tLr5+Zh/zFMcODlqIdUvLXtie4V9bJ6HXux3HaS8uP8jS7PknwZaHGe6TTHonF+QoA4KNwQnstff62l7MYc0xl2t6JV5Hfcqeq/Z6MMad8fqVEdFknNvSF2hWwLLUfCSZYsXRhx39b/FrDALIU78s1gmGbUIqxGg29h1ieClY3F5BGTi38RU6VbYyDZ9nl/xGIWepDVfOnZxQzQLmltshDkQEvY1cMkw1xvd5UUfJZ3w==]]></Encrypt>
</xml>


2017-12-23 05:40:07 debug :
------------
String:
account-ticket<xml>
    <AppId><![CDATA[wx7f83e93205d2fd31]]></AppId>
    <Encrypt><![CDATA[f4/WTyq6p6r+zJkJ0s/wYIPCRNtitcSb+g7IUb+y0rdcSN5iQHNyHo+X8MmfYT0N7vJGoMXM0chp+pGH1qk9ECNRdJTARCYElLtXVfO+sipkHkKnAoIhm/u3KIWodue/A7MQWocrHcZRsXtbCsUgzf+tFIuQ7XG+yiTeva7gn8QD48YmCM5RXH+CK2PrCC7Mjx4d7FJt+O2asFb0JJpBG/KGYkHcUmjK66qIDEORMDN0uPic7XXHnxgk39fE5b+FVHjVnhc83GFOGnpqBvvu2WxOR9GDSLzsy57sARLz+ROkQxaWtweEYxEYzf2uYuVjDiBn61LC2aqgAE1IGhmzIor5O2rR5H11gR/J1Qujtf9yDDwrtS3QOvRgkdhYvNUJ/jfQSmUtZH9v9nK73GVxQ8VEpYyvAIB/74qIOjw2lufaEY8CBX8IrJecoTgRkTgYkwbEi5h6Z1Sy8rsxa3jouA==]]></Encrypt>
</xml>


2017-12-23 05:50:03 debug :
------------
String:
account-ticket<xml>
    <AppId><![CDATA[wx7f83e93205d2fd31]]></AppId>
    <Encrypt><![CDATA[os9l9L86BSHN7M4xA3GKQSjDBbvtgXUCNiNACGv28H/gohLWMakoSPqwA9USc4UfOTUkd9hY4fx9t739Ofzf3IsNVxaFmqHj29PQSI5tI0w6yVWM0bMfI09ZsujJKGZ/YXOXrNVtOUbna92jIjzbU7wxCBJvd+ouEBj9dhU+Z9nnjIaorgs+zwhsf5eG5eIusj23YfuVGj0r+T97NaFQqx6Kb92zPRqL1K26noXVSm6uxs79WY/Ws/bKNo4hJUNltU+AKgVOmzys8U1GrV3xYwVIKaQnPoWySyGHvtA9u7QvDani5MtkM5iIYvD9rYT/D8voy4R0WFBBVtGQiZU+V+KtnVY4H9okrog4cDdzKUchVQZmygpnhWElqMb5ukD9qn1HFm1DJsNSY0Llxad/Yyb/xdyCkUiUOix0hvtO6GDn2sj/z6QigzLLK+eHE+RvZcZ9VUGRfv15IDkNMT7w0A==]]></Encrypt>
</xml>


2017-12-23 06:00:02 debug :
------------
String:
account-ticket<xml>
    <AppId><![CDATA[wx7f83e93205d2fd31]]></AppId>
    <Encrypt><![CDATA[NJS97KT9sCKKI/ayM9F+HAd2K/jrc4H/GmoRmJJvWtKJY0Za7EwjWlo3NSxMHluJa9/xUAso6Jubxcb928ibztU0GBGdoMrjIQ40ILbxc7xMpIdvhZhYrWE4g9V3/n4J7AZZXi2Y441+zdAI249wV+y3fhKNcfeAW/JoiKXVe5qeZUPVsp+XTdAOqUkdg6bHwC6FIbDNvPCbeIIhMvdAhVBOFUzGNS1+e4W/no+plmbBaFWrHjqeA+NSHlXJUdUsvaX+MVEYdTW4RQWC1S6QJU86RL716ffucK1nwOuw8Ug5b4o9n482ED8nW6yma8OuVlhhIM+whs7ovqhs4dZT5FwtBpoEnE3ctLa0it+jrU2utK0akMhome2E99smfeNsR5jLymwL/VxImzNOXZ+LRrNoiTHUXpQWhVpoggXeLqxJbMTOug34fzM7TrFZFUOa5L9GvrukbunwNVUVaLPwxQ==]]></Encrypt>
</xml>


2017-12-23 06:10:08 debug :
------------
String:
account-ticket<xml>
    <AppId><![CDATA[wx7f83e93205d2fd31]]></AppId>
    <Encrypt><![CDATA[I74kIcJbGmCo+E1U2oKY1fzuS1dJqKpgkkwp9dGzXDiWTu5WkWSLuwgE+sUjVNMrLy+zLItSzzpBLxj+I7ZIyJkrOaOGCGcOXcXDa9/EdhpmDkUtoxIdjyVPHHA9jtzztWxplKfw6XbeJX6FHwaH2mLFEbOz3Yg0eHzcl+NSy+QfNOvgXe5PtmuXZ6ZzbVXApMDJaB+hBEhyGZQ9FhJyIIvWXC5f6RTimZjeupZqR9hYsfqm81PN/wecgXcppvGU6m3q0FvhvBCWALWh0BITcQQZNeV0VcM7wm1qpXizQ7YCUhSoNkX059QFJuXlocUytAIYL8Ulb68b/Nq3RrVzmURfOcLUG/iC6tWYdWjKdA0DTxILI6jmj147uVp4+8gVNuLplNG0A/E2bpIGxUVsUrVWNNg15ZxwOVtPNQ+PE0xAEhYd1ckxJO53/lol3A1iH/9kk2yPBxHTO/whVhtnVQ==]]></Encrypt>
</xml>


2017-12-23 06:19:48 debug :
------------
String:
account-ticket<xml>
    <AppId><![CDATA[wx7f83e93205d2fd31]]></AppId>
    <Encrypt><![CDATA[5sEcGVu5wx8867g1A1cpcRKjC78c9WDF4FRIO5PINQlj9EDf1Wa1uCGSXOvAqnhsOlwzxOmIZPvN0wEyOXWn9DmF7t/jWVq/NtxLxlKEeE5puVZhF9KUFe0lAoZM7sOjxOxBXZhbtT1Ao2svwWhc12CV8tr3pi8Xlx0QaNDHYQhFPjC58ItsFK0s6/YmqkFjXtDHpfQsgoI2F/oVrJuCw0nnhmcAmV7xmQPFeT4+vKVqGYpdGzirVoRTjJqvoSwp9qAimpK3GehbSvk0GOxpV04E0g8VzNvSe4jAjIgm4eovm3KTR3JtvqI/CFyqGg1zHD8XJyJrZjY2Nh48JO2ViFF7jegU3R/NO8RiaGgARqQ3k6DKi7S6/YlYly+tVrXt71mx2L+8hJLpojZS/7eQuWwkPWKfvwlP5dblA8g5SOvLqxp+WaBG+P79uTiajKL/oUy6Fx2JBaxiMpV290xlPQ==]]></Encrypt>
</xml>


2017-12-23 06:28:23 debug :
------------
String:
account-ticket<xml>
    <AppId><![CDATA[wx7f83e93205d2fd31]]></AppId>
    <Encrypt><![CDATA[pl/6w9vQZmEFDJtIr9DBm8xQ/bn89HXTAh0WDhDcTNQkozb3/zCH6/1E/6ogjofrQBxJUkXFrJ6dbMm6o4aoHarItTJyuqG8W74CHD5t/KrOzC3O97jzToOaLlX0MN2l5Ig2IV3RMwvq7CczZsLahEcoJsvC7/EShJkj/0/5kNo2YI33EnAt9MD0Qp9usJctNTxA3QZmcfKqWJToUNt261F1HixmzywViYVk28nnI6h1Q74PfFX8DIT6W7TKS7vzRG/LLdUnY2GW2RayTCarLBYF1f5ul0s3ZTeYUUQoJnyJMjHCaQzoWjszlSDp8/vEHRwo+ABJWZF/3zQyf+su4TfzFHVv/7bpEAqfyf5sDSA377Enw5nfNit69uz2MMRkpnwOP6VZxMfjiQIOBcDHzJaIiMOGimy5fhRLf2pGB5Geh97NKFMEOipEGwzyExCMxPiZ3vMGOJ4vJ9kFUctxFg==]]></Encrypt>
</xml>


2017-12-23 06:38:24 debug :
------------
String:
account-ticket<xml>
    <AppId><![CDATA[wx7f83e93205d2fd31]]></AppId>
    <Encrypt><![CDATA[EQ05ZRRYoJBilPMR4bE7y0MK9lTVJ8PYVE9uyID9QCDVfSvaSJY41GGL8enOSOxEwq51hD/EGOlJWdxgDzh9aYsf3Pd/bz60YnDZa3YzuDAQ7gSzgtt62SSSmuFnEdFqeMX5AHlrdPOx1WW7ApDBZ6cG1urVf+TQ9frKUtyhnCQ/mO+RKrZ4rq31ljupPzi7aijL/6fWLmjjw+4nw1UldFs5BAyOdFBGLWY9J8iGc4bR2kL4hoD+huov4LVSF7ozUvgh1qlAxFMHw9DeFiXRam6cx5SbxcYlJMXTB0q8dk/TlDFgRPycLrGMmrnVhEe2V3Vk4bxZBA3nTFU6JveSDY5vTYcztYK+OcB+Z1ipYggNgFxRsSqDre5glhlx36thVGVvf1wpvaMS6+wq/h8/bHhnLz7sDujPyxjjBfLCnoSDBgMB4zYiJwD5akxZtXG3OdiN0SxUWEUbbjeJ8cnqDA==]]></Encrypt>
</xml>


2017-12-23 06:48:29 debug :
------------
String:
account-ticket<xml>
    <AppId><![CDATA[wx7f83e93205d2fd31]]></AppId>
    <Encrypt><![CDATA[jMqUTKSSLWpI5m4VsLfiSiE1nhSkSfKLwxfih0xLKKI9sVA4RAwCJe02o3z5Tnkcf4GLWHu/dUS+z3W2cf3SFRWCx8oqI6Q5btGLHXmvHxFfGwvn8KZ31ksI8qhCmAYQZIRCHKgJ3KxfeWEk3sW26Xtb7+dTMLFtIu75fOte3x7h9itHkcl43qoJBadXKVIGu7OvncuV+sMntu6Ah4AF3aQoTYEZJ3RJeYDDc85hMXylgmTFPUvMXwnpEORHroaUsXm6X9Mp+egparJWXlVAtHWnnY6z0U487eUngNPCP6d/keB2XGJE6n8pyic/Vg4O8OqLqR1VQWBtxUNodT4nX3ddKC/E40FIjrog1m88/h+i7Nlj0CFPDoCsAgIm3xsiqbceVJNmQ18GBBy9ju/cdudCySkadr8adyFKFjPvVONIuEyj5R7z9gYuH6WMFZCiGo8FQ7bA3qNi0vDsyUvCDw==]]></Encrypt>
</xml>


2017-12-23 06:58:29 debug :
------------
String:
account-ticket<xml>
    <AppId><![CDATA[wx7f83e93205d2fd31]]></AppId>
    <Encrypt><![CDATA[dEvoMjEo6SRL24V0FKyWWg3Ry2zPy/sOWc26z51uDPtI/v76x6lUC06CsXcXsdtlllqJpsHNXTPFbWGutnx4pr/T8Efo0k4u0E7Wz5vwcjoJjkkDNB9BkQ/0a/jlq/Nu2ZLDELu6zMWw3qp8oRGP+QyU62C+LA/vHMDCO8p5EAoGPzMi5szoAPOosewbGDnjGxbbyNBPiKREarotZpXoBZIjau27fCLAhSWk7c6jasLdZndzilxJXCQWOkbc6tBWvGtU+6554j+0Wnybx3vWVjUf2ulpT+r9I4QL8sbaeJPSapI3JPHdaGBSlvEgaKQ27nZNiZigf6QuU8rvPZjpdXkv7V9I2kR8DILlhTQ4tLj2vZu53Rpy6iS+cUTnw9Ym3MuLEaEIDOHrd25Citiqomju+ZzIV2/DbcVrFu1Kn8WW44K1yJM6n2R8NT0zdT/x/v96Lfx4y5/VtZCvDWFUAw==]]></Encrypt>
</xml>


2017-12-23 07:08:34 debug :
------------
String:
account-ticket<xml>
    <AppId><![CDATA[wx7f83e93205d2fd31]]></AppId>
    <Encrypt><![CDATA[FN+/jW5UpkvO5tP/K/Puq7GxtjHvgTfmCFzVAg+3/BKKwmlr2Y+1UYfBBelQdldEKiblSjoX/YUcPMQocMWkFIuc4Mv79VQqA/MNoxasfQ0l9F5SaXuJKqXWvwrWrqRlOrmvwPTKjtWB0zbZ65SyCypKgqbk/iPJa9LvYabkWIeV7h3hpZPBSjRm4Kxn4x4/MQwEue7bvxkPo84OcBZmRbUQWVGhNhlSS5j1YFSKVx5IUVpFqnm5LmSMaCnAVFaX8CZMksX7/LeaS3I0XXGPgUSmCbcfXbBxGf1Qc4a04ftamoyZayH0NiuNmN85pyEBkqFpnbedGDVj3H9GVm1XwlByptWqX72i/RV3LwzSLUmP1GWzYMGxUqJ4918+/2dxB7WzVPmEjVf91RXkCs9yo2l63nVXOi8ByFnr9wNH/8Anrq01oPXiuPNRnlFfSvzkFHYJuabwHqe4tMECMKa9ew==]]></Encrypt>
</xml>


2017-12-23 07:18:31 debug :
------------
String:
account-ticket<xml>
    <AppId><![CDATA[wx7f83e93205d2fd31]]></AppId>
    <Encrypt><![CDATA[W4sSm8jRy0POHN7j7HjTT+wcDzcNpWeIr0mHKiVtaOGGJQj62+m7hqGamvFYoHPhygwCSP4SvxatkuXXkdC9WOs/l2lcsOFSvCHv7iRdRgeTItsgxc7dDcBl+rIUcap+M3gvpxrU1jmgpfrtzSHIBls4LC/BY7f92UZWi4VOE0cuFS++0zfG5hqykG2i9GRqS6gQNtg6BZcpf1Hd0fbrR3mnW+eZLAtRzJ+P8i/6i8mpK1KU9XvH4op2/GWevvKKXlxYNOZ8WCb70QDnWP8g0CHZMrPRh6VRzc6SfoRig6RiF9QS8sV+lQXiRwztnbClbsIfNoz6bz8bpsdJsM1vGV9U9Ivv7UZuzAhE7PqUVAPKnbzGBryRsvlJZpn3zezasFJ5DL755QkXaGoo6k7OAvQhRvENMcPzEgVRgyzDiy2SlAS6TZDG5o65JpG90X7Zuv4LFnkNhCaqdPgS2OVVlw==]]></Encrypt>
</xml>


2017-12-23 07:28:32 debug :
------------
String:
account-ticket<xml>
    <AppId><![CDATA[wx7f83e93205d2fd31]]></AppId>
    <Encrypt><![CDATA[yDj9oAggg3BI72iBuRSP02ZOsr3t+jYZXgiWsR0TNAY4Sx2W+7tp5GdJ0RJdzIiw0tZjSKPL+99g4ILZNMwS2Ym5XwXMgWrcSTOE/FS4j7ihe8EwSKFv/AL85HOlJjuuDIJvUUEOreYU/ubeOd72u0Ufg7PLSIova2naueilGYoFCq14fimsfEDfZqNBO67pSCCDXCKZQG0KIu/G6i4QwAf4W/k0i3A5+E2JTNQThdtlcK7Pd7gtdIMhpEef2HFdwJaiqXdtbzEW8shJKcDej5XZYl/r4a37UnQSnU9mNdfjci+w6p2qEZxbWgFAvMoAUo/e0EjQUyraHBC9qmDhAxKocGiKmFymdUlE1grlVIsWCSfMV2Pn07W1Czh/HDjYi0oUznDa5GIqan0ankLEwj8vKsrFD1gU2lo4iFYnzRVJq/2reT01ZIjBSOAqd2ffeGZU//5Jr7g3vdgJZ/NsAQ==]]></Encrypt>
</xml>


2017-12-23 07:38:46 debug :
------------
String:
account-ticket<xml>
    <AppId><![CDATA[wx7f83e93205d2fd31]]></AppId>
    <Encrypt><![CDATA[Fml9wNrBdsr5pIVk0dw8WzrIP2AFymoip9/nbky3nSoj9aer9kYUaaBf4Q7ybFsgX7dkJafJfyhN1kgB8vx5j+BGY+VM2xhJHoKGMfWMGg+c+IE1JDmOSItr37tPDhDxd7ZxnRQT0GZIdE8zm9WOXgA9R17T5PjPDgFT6akuCJq8d6K83lGkcCPDPI6/ffmt653cv05AwrybssosXQn/c3EjohQRnBDZ2qO4sStif/9cir8cp5eTSdxl+bER4VR9Xy/suZNb53KSbmgKi8PKrP2AlKZ3ZwUpPRjPJ1YPXj1i5A4/GJpYHNKYOXmy0nZnakaPshInr9xP2GAtsMsWhf2TjGiJNK129i6T8OOVoUibsYxcd1NDZpZA0p/KqsapAF1IuuVg4aQokpAuIeAvHMat+SwnOfo4lMn73No/bJjpuNeF0F6PydIP0Fjs416zUoGbHlhKKIwgJ+DI4+STzQ==]]></Encrypt>
</xml>


2017-12-23 07:48:35 debug :
------------
String:
account-ticket<xml>
    <AppId><![CDATA[wx7f83e93205d2fd31]]></AppId>
    <Encrypt><![CDATA[RtVPwboJYKdKe3IYS5DL9KSEcFArVdJ5GyOjnozGGgcwS61i8OGFLTFw6FGTaA+PrM03cn6N3jZIxzHMwMu8g4hICmnzaiuPP+oAN5ag5ISOADCSHa1BYFfzfGQ3JnoY8LjfQ1xRPjH/KIgM8KYfNyp7flopi+xHPihiZ/+tDCuuwZRvhIjDqzoaZNjKmdTb0Li7wAPIWCZgpPkGaFgr1HNTaJFJv7AkBOZobDAovECRgCXCCUfEN1GCL2HCFCybWp6nkN79SbUgP/5uZS8gtDqn6iH8YabdU74EixPvKuUA15jqVjLFehwtUMWE1Ac/BzC9eWWmsxpD0bwMglzLoJ6BH2n1TcxcF4dIZD6f3nsr/Uaeac0GAIEaVfKEjDej61EI5A/0dSibjOBhnUoVeYS0aur+8OX2nJiovOl7l7aWiYcvCMetjG7nassNaq5OCZiWS32+//W3/A296hcqxA==]]></Encrypt>
</xml>


2017-12-23 07:58:37 debug :
------------
String:
account-ticket<xml>
    <AppId><![CDATA[wx7f83e93205d2fd31]]></AppId>
    <Encrypt><![CDATA[6TIqzbQony4CTuErWXwWtdNFbMf3KRP1hA1v/ZMx+T1Ju45Z5JvgVS7fyW6RcElOctvRkwHpx743iBX/a76ajSsDb3c9QFs975rqWi1fFUtJTSioOViwgu7T5jTvZF5i9L/+sY8wtjUmW810X1/08kZBPNoWO1aoOOPrwA+/bGgEPV/xDfJxal2bfi8CGWdTMQsvkXUe2ffarK7llD6NWkNHyLWnWJhpkj72N//NAfbQBzvkZ4qQQwYnrf/ChqpI/BgqT/88GAa+pKbSQh3/LkgCkLrNsdlUXiFz+6jwwN29xKfg997RztrE9JIQ0Lg6v39+5EMXGEwdBnx2CS8HmxqAUQjJlMb2KNZywKwVPiTdQe8l5te0y3gvvj7a6mpnlsIhlVktzVFmpgTdlPl9ihXVZ04oYmOhlQ+vOqwXcIibsYclGrUTq+2rhXVecMqzNzjGs5lxVmdzVgqS+lOkkw==]]></Encrypt>
</xml>


2017-12-23 08:08:42 debug :
------------
String:
account-ticket<xml>
    <AppId><![CDATA[wx7f83e93205d2fd31]]></AppId>
    <Encrypt><![CDATA[0kXaraqXPbuZZvK3XvD10iBXpSdejoyvte3GS6TqHD875mozd+VM5Q5mgHyEDWLszEvQAwOshkDRw8wStR/nln30YnPXWyGQtJKqS5ONYyMa91UrqjrcmGD3mwoMnRGdiprxg+H3r9mmK19dDYv1I7g8uScwdzcbQGJkjJ9sztHuND0TmeskQIon4QhjO1LTr3Soxn+/ZlMgeViaN/YrYFQ8MbJE3NpJnhxPFMcPym0SUuW1Ap7aQu/0wSp3m80kfhOf81Pt0IaeMzhW28p3r1rIuuBl8NPn+1rUzBfTr1Xfr46oCHhXT17BETrh1y/2tN7F+XOJbFjm/fYIeiegRFg3mWW9TjsGZO+YrPlpf3uSL3gq7mCYJfaCQZwd44bvxL+dPPycAapbyCl81fcP0HCY66ipfDDD4eP+xAqwX8c9asYl3Q/BGnTEj8C5vJk5TpZeEh2QkkENJvqQTPBLLQ==]]></Encrypt>
</xml>


2017-12-23 08:18:39 debug :
------------
String:
account-ticket<xml>
    <AppId><![CDATA[wx7f83e93205d2fd31]]></AppId>
    <Encrypt><![CDATA[wjr0m6W+wWcbZKEmOc5GBNbqXQQaiUXYjcyhKyDh4bEdxzr3utLqe5/iac9XN/b0gXwBXAX/8ERI38BMTqddLcG2+xZQX16om1tfhEJ87W3J8cSoTlydAjt40CpRAS9cOIPj9An7kRPalzyn+rSRSj1BbNa8KYa7nijDc9mjgh56HrwnIjZHP4yuERaGJ1oSCzNS7iYJkIvf2us+Wcui76ljFv4HGsb/ndmf2h9zT4e6ft/sE5dDaQom1cnqo3K0EqRkwL0LheDjbKNggMzQkWmVVSIppL+EOe2vpXPe7t6kyz/9Tu4gKxEJIsKjrBFb+acc7tH9984iGQ//ufHUEIxbxOc/BBxr/Qo8pQP0aqIYS6Vqio2KlMxHlq6P6GVduB7IM7ifpYHBPiiWOnscaEyiqqwfcp+5Ml/obgemJST5NPFag4rnZadWi89rTJfgBkRgIXcOw6LGq+1oNu993w==]]></Encrypt>
</xml>


2017-12-23 08:28:34 debug :
------------
String:
account-ticket<xml>
    <AppId><![CDATA[wx7f83e93205d2fd31]]></AppId>
    <Encrypt><![CDATA[PE/sdJWd/Icj25Iw729c35P2a3wI3nm3pkNlo47z//wwkm2iZZm3yHQQMuAvMTM5pak3i2P3omtHePG9rdalYx5RxChFl8gk6qv+oOaoiVsHZLpmY8zgT7rA8w0Xaf1DXkgfeeC1efvtMpJ4R+V4HxkF+7KZ+jEC3/LlmecJhqJ63rh7WP2JoN2H3Sl+ZETt3jUGCLTUhARktlhK8Ufg0f29zPHQGqpchD87IAi1dW+/NF5YiGH5i/3eXtCffddv8jdabndpPOxWSZfZO9hvE799kBcVSiRa/g/GG3M0rOG3l/mQ6IVRBoayWGAy3J8AL/M7ElIuWyyZul8PsBpY4JQnOntWlOSpqgwwPdgnz5ZuCbUat/ZX7VkA8kh5b1hGxTfyaQdINLya+iZsYg0VK1VYjJ1MDleo1EJliQSpZp1cBPvAqfHDe5QYXysIwJMtt5pOBXGTEqKnmgkWXFDzWA==]]></Encrypt>
</xml>


2017-12-23 08:38:44 debug :
------------
String:
account-ticket<xml>
    <AppId><![CDATA[wx7f83e93205d2fd31]]></AppId>
    <Encrypt><![CDATA[uEDeXuDEFFCReIRHWZzHShG8YtLJokxK+UXNBdXpuD0YNuwovzqG1uqgDzV45CVr6eAnwDymeb0cbfVZNlwKDSho0LXKKIiti02pEIG7+1JXIvJtivm22aSp37NLg05saFTJ4dqWBxDYe5pglPuHE1vUiiaN13Bf2Gh73DxbyFX9RlgGK0kLApJpsw+fLD+h5qs78Wwl2wH7G5ufGrYoolM4cgnrY8g+70qEdHBJss/7T83Htc3nqRWR0jLQ7WlMMJPbNPn1QbGbgEEDsf54IsBxf5TZz4CSB98Hsmo13K67dDP5yr0POU5h4u7IlxttL0oEYU4AE3iDaNt1D5KBlPVU7Xak9uri478qcINS8lmgE3jaqQjpAijgfxHYdY/tGo111RXmGAAAZ/idK4hE+qQSmggNNJfXV1xhjlK0CEzdalvtaHQwTH9qGhxenC1YANk+18Z3g8xClv/JvrqShA==]]></Encrypt>
</xml>


2017-12-23 08:48:38 debug :
------------
String:
account-ticket<xml>
    <AppId><![CDATA[wx7f83e93205d2fd31]]></AppId>
    <Encrypt><![CDATA[ZOu6ON7bfTR+f1Y4N9icpkuby3k/0iwfdJ1lhmkmbwHMFxWw5DldNmuw8uUYXALqZoZ3W8nRbj8ZdY9cbHyOx83M/utbhGv4b7T/PcxPeT990BSFAX1AkeS0xzgQ1jpPSlLCXNW7y6R03811oXCwbGKwRp/uUgdIa6IuQsBFGcvv0PB8mHMsdaH0bkWF8rdBZZKtPYZaNVpAl8T6O+3W6eiv5tQ3WdohfgfC+Pj1UuG/cVwP5FSZELQCiv6GL1o2ALDy3gJu49+nmofhmYL7vaQ986WRdS4NN/thRcDac+6S1NRaQbDIbRoglb4wRfQZ6Uistv/rPAxpcXc1nDfTNDise6FPRvAhKiaHE/4Z9ZcOYFXfsW6DsybREk2ldIYCTU80ZPR1aQCTsmK4gICOYngiliyHSS8Dg8aY/oA54HHC8F+lQeueDuESvWCSfTe4ZwKBkX5Nxlr3KWXc9Ithzw==]]></Encrypt>
</xml>


2017-12-23 08:58:54 debug :
------------
String:
account-ticket<xml>
    <AppId><![CDATA[wx7f83e93205d2fd31]]></AppId>
    <Encrypt><![CDATA[3nmfPrv8tQEP6wS7FAGTrkUqLXQTyCwgmRgJ5TL7Kb+J85zo6EsBh/PpKBMOQIpC3luDGk4Ci5+3yoQIQsRPjoZMu5EeHap4F9iZHwqsSIU/oqxXrHorCXUKAn1O+anaAH9WNsN5iA6gDRN9qEf5hU3SD+Dbmf3+uJ5bT3XFiHvv683b0KW5m+P0HMHOwgE2b0RFPmWRTRqp7uiKO7yEA1oNmHivNpG1CFV0wHZjTYvnI/E247AxYFzQmxGk6o1pmTTCCzf2EWhpKk6yqkIlfKilJlQtnmN0yFyA8DfDd0x4/RVrh+IUSiYZi1ajC1Aulqku0dhA3BaIHonM7vBhr09GncX4fmNtX+B0FGCa1hwTprNlkBd5Gn8LmWkWtDbgxfRHXH579hqL1DtRYVaVUmm6R4YKjL/OhsLnm0U0Juu+tRnexdo5j2E9yubK9Lelk74kMuNB796xFmJBN4HiLw==]]></Encrypt>
</xml>


2017-12-23 09:09:04 debug :
------------
String:
account-ticket<xml>
    <AppId><![CDATA[wx7f83e93205d2fd31]]></AppId>
    <Encrypt><![CDATA[6OMfC3+6/Nn0JSIBEb9UBER4B0DvmyJmm1RlZJrgxFGkqjSwpzRFcH98gGUh2SsohuXQ3n5m84k6kmS24KUmdaGPSgGsDVeTEe1eER++vfei5DiIrWPPX1VEyz8GOldQSOdU9iWJAKOcrn68dBwBNOZo2XXOJobFrNYlZnwZ4ZtKSMje3x80+RKSLD9rEWp2pXz/vwnDtIHI9x0bj8Zpvx1oDQ1s6SucUFCRspB3a5N4Pw6znVTZY/1X6W/mCJlufzz4zfK3q6Gujhcy1bp0OdguGNaQmKIaTpN2ivq4UJrt8GDxC+qz9hhcWfeRGBJoLL7l/uYhBFIvCNEIGJVTV2ZlUF4CQrVzfJSA0hlIkBGALG+0eEtn36b9Lxdjff0XgzCerFAGBcH6Mi4Hh0ONtBSYgS2ODU+geqey633TbrV/q6jHkK8RfOTApaVDkbasJSErtpikYGV1eQSo+dYjiA==]]></Encrypt>
</xml>


2017-12-23 09:19:08 debug :
------------
String:
account-ticket<xml>
    <AppId><![CDATA[wx7f83e93205d2fd31]]></AppId>
    <Encrypt><![CDATA[bfR1vVGQLrOtoH6aeqFl4GEG4dJTP37X19TbCRg6VSSaT5nxN1QueaTIeG+u0Ix/pHEHEjsdXWj7cfcvW5Btik51GKaAqbwBkvID5f8x+vokPJEi4XtjbTW7N891CqkEXA34Cpm2TockXdL9SmOzoOUI8J8uU9hSyfgBjJUX6M/DAtNadu8wA6QZMUmuTsqzteAPdsPigKYRgB9X0AJ6Shq6Bn2ycC/YbrUOdG2nQO4Gp7hAjjufYNC9FIuh7GYh0K4pCpTf9E3DHERTNUECwuiiFTrY4CUUL2ULS5nod3HiJr+AfQvs704g/3A5xwcMYIgNuRRgybRaCJ0AQMOfZpuS2LDwSauGv1DrZd34C+t4b76HP2HnNVaYFmRAvWTXOf2HpcgsplvLYNhjy1DtFhZ///x1gv1gPRJPWN1iBZh8JTXo2jdcxhXVrmcSvKx7ZnYW6F5M5fkiKMpTRliz9g==]]></Encrypt>
</xml>


2017-12-23 09:29:07 debug :
------------
String:
account-ticket<xml>
    <AppId><![CDATA[wx7f83e93205d2fd31]]></AppId>
    <Encrypt><![CDATA[OzDsqtMt+sKsfJeH585THWuX+Y3GgmpNhoTX6SRFjjU571Fdk+gSVfh+cO09mj1UrLQqmaHRduntcTc7xZNujc4GOcox2C2zWBliiydVrmPox3u5P/nMiwYElsV1kZ1s/fzzc/zeWFY7hhkXqcXuKKKOD95FTGo+J2PBMdrMotl37K6cHTt4yrvruDSuE6dWK3WWFOwhWnQx9jzeMDNNn1Vz0AxmQ1ss5uKb0xCuU/vvhPQEmJ4WlN2k2vMEGDW/kABcixQm910YVI444cjs7RMWtyRWR5nCXkuCSbvev5goWXUiqy+uamATf1PHfFOae27aojYNUkUFRZ8Tok5vsFb0Qk0trB6QvHyjNuSwbV0I70D4ETVUPbP0sFidh3ybSXqk9QZeerHPBU/uO+fa6qc0vFmYBxBNELLZgbD+F8rcR1efa1okpB32kIsTwGpRVcPdbD6xkFjcDlJDM1Q0qQ==]]></Encrypt>
</xml>


2017-12-23 09:39:12 debug :
------------
String:
account-ticket<xml>
    <AppId><![CDATA[wx7f83e93205d2fd31]]></AppId>
    <Encrypt><![CDATA[ykGF5dhVfQycfwTT9q5tWX5YmRIhuJX+oKM9FkkxLG8y3pz6eeaR6Id9EF2f21QzEfIKD/I3m7CRbHW1pyDYeNVXFf2KnYxQKcVfAqBIU9bqtatuljP8rLgEpjk54HsBdd8gwBI/oZyJRmkvc/q87Znp7L8Yhub6H8EWJbcMVPCYJTeAT5WH6CGbZpWRpxsKSnbeCdMIxN6jH2Cg+/T0l06WfkswG7VTF/b7C8U4QDQ4YA/jL0M6QRpFrxY9k20OMx+QY7UJTlZpIKUGsH1NAHGPhfcXirxOuaY7AVgnQeKHxAaHrdTbxCYM4d6QtfmGXzv19oujOIdPEnsxyv3mIm+xjVM+mV+IfxjRNZ6Grby/Sj0SYmgujeWoxVsmdqoow1Jk08Dd6i67kfb4fbwJMp03xEFfJscFGGEgs8MgLse7DIUgEtCyOZeg0YQTHGocvveD2sZzEFzWx1Z1Ag7TdQ==]]></Encrypt>
</xml>


2017-12-23 09:49:06 debug :
------------
String:
account-ticket<xml>
    <AppId><![CDATA[wx7f83e93205d2fd31]]></AppId>
    <Encrypt><![CDATA[0qRQfQ65Sz4pOAdmqFoz7pKn9BNXjADb24mWdb+jfJr1lhK53tzUlt6LH85SpsPOSb7oF4RBRP6fGGTan72Wup21OLtLCMO/6sL5jSXdqYe9aHsc8eH0pzrTW4PVbG/UHyys2wEg207TBPScXix4sdN8S5iW/MK5y3YUf9n7yL2up7NH3CNJg1NvGpARn4ge3vwVKpDQoddAu6MwgVS8F0+zpABy/og1nHJmvW0+4DbiXhmdgAoJp+smKcuGf/Vzk7I23Fa6sFXpe7YXXVPGaKJv/PGidl7PbLdza7bdAwzju7ZNk2bw+4k2Bpiz4otJWBkUb4FNHx4IE1yNa5BJWzmr65T1n6qX+bsCPFaBbkcYNODrrAFqEYyitM1Hoex8pCYWxasnV4Pxhin09oWh1M6ranaWLj/eZf2TBPHZoN4sKkif14OYTuizCsl63VchRnqrsfZY68iujCttAghZjw==]]></Encrypt>
</xml>


2017-12-23 09:59:03 debug :
------------
String:
account-ticket<xml>
    <AppId><![CDATA[wx7f83e93205d2fd31]]></AppId>
    <Encrypt><![CDATA[0G5wmEO+O2oQD1ol0UGfpISUplv2TrggaYpGcw1GtbTubF2c1epVnPxscnLCnwyX4LYdaRQEL4p9OPAo8qZbbEOHDN0s4Ih+jV++YPe/z3UiuQDFd8vsJmkz0xEhqoHamjsOQZ4UPYJHkA+PGU/ojBlE7NfORAUt5o4tEWPHjf+xwjqasdvtuKhytmHsum/lhRXC3FQwnr7Rj/BQ49W5QOtfNkK4MePyjpxqG/pFZS7/sorjGRDMVwN0aZsK1h89xkxvrlVeHMLIH47B28ZlGIL016Xq68kZko7dUtuK9HbheHn08WXUoowJffmcoyT+H+a1+o1zTsV7dUj1PxCsWQIZWvv+VWQBii3aQPD13yDdgau/MVT6vvne8xKSaLi6APb0JtoM47rqsQJrlWPypmkn0GwRXGND0GwGL6/JseO9f/4nKdq8M2TUDa+RZ5TaJdshqrsDXB0xtD5OxnsFrQ==]]></Encrypt>
</xml>


2017-12-23 10:09:25 debug :
------------
String:
account-ticket<xml>
    <AppId><![CDATA[wx7f83e93205d2fd31]]></AppId>
    <Encrypt><![CDATA[2Acet3PoncR3ajYkcsP852nWY9NFRbxE0v4SQfh3RVOtnpKGggdpQquouqKBq48yjOSqKwqcmyscwnkgi4Ov35OqnYAga9X94raAnc2rmUCONRo7AE6o0yFaxpOHbLFzfgERU7+cIEEOi89LyJ9bS1MyhXfDk50H9GCFMpiBd/0Cx0tWDWUUNi0W87ESFa9y+L203icvRG71TFC66D0aMEnws1OSwEDUniYQyMlKg/OYYZx1BL+LAS8AWzX++QbqsXAXstDy2/rKGpDa1YVLCLDJADUJ7WLFP6UWGRzL2wb/EVrgAMJ4BeTWxVyrDKghrdiTJcAFCydexiSQB4chTCVo34nCYXVRBkREzbhIGf2tc4Ikg0asIBz3XCawnntWNjEAM37s8oXHvpVmKTNPgNtx3u/nJfQ3Fbts4PIGfH+kAeCBM/kk7uqNxkNFLR9WKcpZjKRkjOoO/q2nGxi79Q==]]></Encrypt>
</xml>


2017-12-23 10:19:14 debug :
------------
String:
account-ticket<xml>
    <AppId><![CDATA[wx7f83e93205d2fd31]]></AppId>
    <Encrypt><![CDATA[V+57xC3g1w7Ia2qC/X9xkiKuEXn5whOkXmOKPqqpRDzKzDSwWkJJnvIkTSDUSXjv4elqM9FUgPo2VL6oXv65rSAPQGrBVLDyLtg+tnEsUV9T/uvXw33KKtg+mQ4wnQzaB6qtrnnI0Qf7rCz9oLpsk+9/TXTnMVHE+5YrrN5ih09eAQHa97YhRu2jXQODdyIBw/mRjTNFyCYpDs9DkGpm3GuX5QzbGv+62bdESZ5AbgJDYByjfFeX9hIPbRIGXHeH3rNWaoqNaiPc4nRreO32glp2TenMok6gdGtIdViE3DQBy6Q/3hcG7r2owaI8z8L0xatb30jyMqH53WUyaAYLjniEsyxC20/qx4O2gy06X3/3nUHmP6k1ZRyelMAZJHi7j9rNNjBnSUIAFd1DnDJQD5ZhMZrsGNRlB1R5H6tosp4OaiN1ydP0pZ3W2B8ItLM+HcJ4bE52JozKe4C1ILt7vg==]]></Encrypt>
</xml>


2017-12-23 10:29:19 debug :
------------
String:
account-ticket<xml>
    <AppId><![CDATA[wx7f83e93205d2fd31]]></AppId>
    <Encrypt><![CDATA[M/YUME/3N1QNsXeijWIBst0VNj8u/pfEi2HIxGsh71RqDjK0DvdSqusPYgPFRlXxrkA98XUhRYDxmMqGayP7RZHA081T1+WjQ2JqkXgvv81dHFplJyPnI+kTmFtvGlgl87EDE8NSR/xwB9wTS9MrHjfDokftGsSoiwXNmX9wvpPLVXn9h0p+8nhVW6rHDPm7Giv8Dls2bNqglQ17ZGiCgDXWk92BxAWrkML7AqHOg7DbnFkzxPybjzcyyvjxQOU00EDxhdyMRJWCW0R4fkrDFCPxM19M2ehE+E7bYGRyED6NRICsjdvIXaxByWyZ4ONNgMPgLDnZZP3MjU3mhh60vS6tlbLU4D2KkPv77fH6fjTsx7RXkR6dMxv7SeZd9DY8m4qH3g37+3oCParCon2lDzebvygLGtOifRWm0uYL1Q/CWPqzau+ULkCCjlMC0eoS/zWYQm3Dc5YxtOMbOQsgVQ==]]></Encrypt>
</xml>


2017-12-23 10:39:24 debug :
------------
String:
account-ticket<xml>
    <AppId><![CDATA[wx7f83e93205d2fd31]]></AppId>
    <Encrypt><![CDATA[5h/T5Y6RRzcynk7pTvF88CqqHCTx4RBkfX1gLmXYTMvMOP/IRW/1iwt5VfmrJtULH874udDMNCctMZDrPEDjqR51dirDF4/+99hMevplKDJRFjuowA13QA4fYKmhMclznlDIY9Hs8pb80HlWLMazKJGm81jBlENEwoGcs3vhQU6n2TjhdSClEUdvZDzaNjw6WlyFDAg0fFvGxnW5LrfJPhqTsMv7tqXc+xKdRiK3fcrPYrs1Zftt/MOhTdhaMYSf+Ny12naOjP/+WAmjRDAtxyDfDw5UBjFa7mKLUE4yttowrzsovsi3RQHd1laiS3E4X9GovXUT7ZRpoF6M5S55BUfScQbBZVyZQ32REElrLfQIo4j9ezF9fSa3/tx73VOTEX6CYcY025MQl0gIoTYfJ2HqZ8sNfCcVFTECj8Q9FDvv+T10qI1tRq8hIgiNAhsJ981UpxxOop728dFX2hHdBw==]]></Encrypt>
</xml>


2017-12-23 10:49:16 debug :
------------
String:
account-ticket<xml>
    <AppId><![CDATA[wx7f83e93205d2fd31]]></AppId>
    <Encrypt><![CDATA[VPD+bV4KlMwPXwgUe6TyXMs3Wo7jbymgTpH+dkCu6aSi2FGkZnNZV7ICGntB6Emwo+D4apFlTFE9G99iGWJGs0+nYTI01dUld3veo1tVD08MY7Y4gYoV+h01c50ibtrfypJhIhvEjMeQ2bjYUh7muuxBwwtmxwgM6p35dV7yl9M2R5FdmNCMC5CyLr8rumPkDqZvLqE94tNzF/KIb5eQ5DjXqUk9feafdpHpfCQexP0Zoi5xndA1YiV5u5mkjMLxOQksUIYTWEirf2gZ4wW2PN+AtCy31D2BZ4NNbGqS8GrUbIxB7Ihi1oRYsvLE+m6HGbuuIamp+aujHHRlTFCl+Rswkk1mFBcHPkqs1AZuefRd2iRTSQQx6bO9s8gcRBfwmS5Z+4T6Ii9CDVUy5JK4XXEW4NqqB1NIin6jr1/STfNADMZRyc4EuTNhrbmfeVXm4p427LKk1wQ0YoG+112i6Q==]]></Encrypt>
</xml>


2017-12-23 10:59:21 debug :
------------
String:
account-ticket<xml>
    <AppId><![CDATA[wx7f83e93205d2fd31]]></AppId>
    <Encrypt><![CDATA[XKrcuLWIn4zrxWQ2Ho5ALeqeGymrhTO30RKE0TQdRZMpmFVATnkgVXux1F85A4bM/RQRu83ZAbIgtBRUQO+QDVLNr0+NWglQLMbq5Ez0xhpKBUHmHfA10aIJMOOeCOpBunsKa4INewRwg9M+ASqEb50DGpKXmqBgB87jr/Jo8fNWoHwpN4xTEX+2cH7KNHb0cnUfLkz1ThP8A+NnjpgcmM8FZ1Ow38Fs0xceLO94igdxpCLqOqz5Rzx+jU4KjPGjlXbgaD+6SDPPFJuke8B4ZsLhL1F+j2TnIxLFwGEOuD4tEAg6GSa3+TyLrPy6PQ3M5Bm9eMxFll6w8t6+XUYaacNn4TO0281x27jNwdP8hvdhWaUGfM+oHwRi/AvMoWJCY5snm9iRKvbrb/NZ4mbDZk48waxXh1SLpO5Pdal2F4Fo6O8MFe1NAAWK00o5EdqsTjeaMJnjrZCtB0EM+urPcA==]]></Encrypt>
</xml>


2017-12-23 11:09:25 debug :
------------
String:
account-ticket<xml>
    <AppId><![CDATA[wx7f83e93205d2fd31]]></AppId>
    <Encrypt><![CDATA[J0D0jmvSRAgNy1qIiQrz/sMEiqutE73aqG6O9MKTnZAKbUwY+4mzzzEAm7eGm+WwGopOFgCgH0sOJp64klAtorMHcSMiX1Zsen+Edfi890fD0RmogusWDw2ehEzaASYRqFSuwmHRUdtj0ovdxrqisfDgF/z0hPkhviQyaZDEUOxFWVw907pbhmUtF8QpJV74Cwbdq6riNF61i7ling70KMSEKhy8JUwQEa0+3cKuAL/hGUPG9WltOQsX1smVJ6Dm6cG1jo53vfj0ra1xbJQnALyz75kZPMCFEcetDAXEY5mafQuuAEURMA1wdGIYZ1vTjPiYxnNLyGHc+UhBlpqHFVIMmKwUJ5FS4luHLZTmGKsEliEdr9+rbprux3f7TDIjDiPfJ0KkfbQRqFdlmNfcu2APWX9bxgkkIM5aK78BK140GETk/+x6gIad/PB89Meax6Ec+Xdr9sj1vgkdH9wGyA==]]></Encrypt>
</xml>


2017-12-23 11:19:18 debug :
------------
String:
account-ticket<xml>
    <AppId><![CDATA[wx7f83e93205d2fd31]]></AppId>
    <Encrypt><![CDATA[J1DdF466MehueG+kuE8UrcCj5YWFXJImIk8BnxqOnO6I7+M4I2/gz+V1Dxc3cbVFgXfkAYS+hSmObOXDo0m9rWLECTAGXZnQMzFrgukePIRXU5L/ITn8/XiP6FTw8XK7+KHa4w7EBBDRvW3/C+u2vihZM+k1OJqQTp0AqcBMXUrFYCZHbX8AuZzGjT/if++e9lD45XIAB62wxtVTGKBQmlfyGmklaXCiw6kOUHpgXK6qJMQov0DVqySVa4xM7Kn7Ht9oKeE001LdPuPnwHHKI+C7uheUx0hXi75o7zgHVV4ZjtbW+1zJ5RKuaHn3wmLEnRbFYKzUJMpmRUVqzBsjusxnMfauTdRRgI1rzvgmSAP/LMinYnW4k/rg0sS/t49kD1vH4MpXGc/sUP3ikoaPihe/sb27ykdHBzwDQwl8Agq9nAEp+6j148d8Sgt9MslywKzmCFUJFVr6c1Bbvw55yQ==]]></Encrypt>
</xml>


2017-12-23 11:29:22 debug :
------------
String:
account-ticket<xml>
    <AppId><![CDATA[wx7f83e93205d2fd31]]></AppId>
    <Encrypt><![CDATA[HepZlWsysBcYBAEkzvtOLB+Msc7AcdFxANLuNDWQXAM8+GPuCboK8bXnKDcfdpqtKd2knfl+dvpiiamIvg/oUfAkAbGz1ssD138E9gi9xBuutRPd4+dcFYeJiZaRjRC0sKa0oFesAytS51SEPqT399K8da7SR/kCBK+rKJ+DUcLvtTlMb4P8Ae6s7Iea0VycK9FD1VXMv2AAo1btkninjBDAn5Uk00rVG5a7Mjt9OJu6DvQOSBl4/TSO1kjM6L/EMlCJhyqkTNO6CPdIYrgoKuOX7yBBSEK7EzLtkpHlP352h2bHRv2oLVIfDv7Y4gyZxdRf6DxKF5spWgRIFB6NmTJG4mN2+eWEOIUmh3YMgGPI9L/bmuqc5aFti4CI07NhmO2u0UhCl9XM3Xq6G/4W118uWm3w4vA1umQsTv4zt+1vzTDBEDOrw89QQa7Qe7G9qLsCfkrHaooxsZq6ihEvCg==]]></Encrypt>
</xml>


2017-12-23 11:39:20 debug :
------------
String:
account-ticket<xml>
    <AppId><![CDATA[wx7f83e93205d2fd31]]></AppId>
    <Encrypt><![CDATA[JGntu6UyFjV786mmblFfyjlJlONoK4n2NrqY7pTLiXw62JRXpo5sfZQ3z5kUwRwamHMuRr9K8vRVyWQRfRX3cCwbCCk8FlQSmdmGb+yGaHLK0Omx0KWlChUbJCbiRZ4eiQROOLrcz9h26yGQiQ2Ev8itrtUbsHRH9pqHlhnq4nZgaXsmhrHPlIMQrnPji/fv9Fa11pEQDZLdJShpihcvvhmrH9ELUZxsUMumNHucHLM1ZDhexumO66afpKQ6GJY7BGbl5u5TxeXvi9itb5kPstOm59Qb5H+TwsZ7lpCDNpNqDv6gwb2c3IfuJ80BVZiFY71Hk5OZBnGcTzGfHsYzzpX0PdspVu2ZGg6ZJ6p5Bwl2w2RgU6xiB+MFt0ZeuZef3t3/4xrKl0KgQKLLWlV/O/xmVGs7JtL6OORj3C80RBoPZqYRomBkD9tYYsZbF3o/VjdvO35ELBajHwcRe13VuQ==]]></Encrypt>
</xml>


2017-12-23 11:49:15 debug :
------------
String:
account-ticket<xml>
    <AppId><![CDATA[wx7f83e93205d2fd31]]></AppId>
    <Encrypt><![CDATA[TDMhIUY7LH9dCY0g4eZp5XqijWQ/3x5cDH74qvrvjuvRFxv9Ecq/4EZ2Mwf3HX2qfcplVNMzfFZAZi8nkF8oKUa6eKi6NFwybdgj28rjBVlLYBTDvQAzhQ2dvtc2BOz7Iv4gJP4icpA6G3/baMwMS2BfBoviq+lcgpv/5ql5hvyaKgiHq1gcnJx1hinWYMNmnsBpcoqw1zr0zOGgg/HhhYEH4euRegnmBKOv3Qvfm4fu/ANDmDOTenP8a6Fpr3gXASBvuOqwkzqPeObZjJGByZ00Hu9z8wZdhgpQD5M5Yjva0lpWt4c6Nsyw1gVXiPf2dL7nt/3CsKQpdxhehbiNHsL5mziS22w7MPsgWwt2eHkokZotjTiDcapjfCVKLg1ZDjxxJGgSd1J7hBvUqFkFN4VeN95deC+avxH1/sGbYbdjcQCxX9ZWSvDwSlGvSfUYLh65TRzhBbin2RdJ58LJUQ==]]></Encrypt>
</xml>


2017-12-23 11:59:23 debug :
------------
String:
account-ticket<xml>
    <AppId><![CDATA[wx7f83e93205d2fd31]]></AppId>
    <Encrypt><![CDATA[xt+biNs3+Wz33vzM7DMLherGkkUuf5YZAnjAUj57bkHkAyFbtAypCiWQcibzwwM2D+lqeKXu1Z1pngQSgguTfNJJ76Vpw/sB2QOaaIX79nKelASDr9DsEsw1rhRaG3ge7I2wRHmlc3fmAk9+RYEFUrBhWlO7Wk3n79kBfHHPCnqtMY+9PoDv7MgqMmW2q6mynRuEkxegHD3PemLKXkS0Yr7DnP5Q62wrEAoKPvc4BUltH8njSoPS2wa6rybfKjLtbthUOK/YsKnLdqGS1QBlc/zBt0M8yVI5/q6NAxtaUPeF6OdSyxE79crKixCI2z5eJpGmCemSMKrzYCWCE4CwevId5A08wh4jfQhyh4moDgv6me4Tc3mrxcxFRv7PdX0gL6u57vW0KQQKc4rpfPJssLuBjIqI3dOO+CWJG6U0RpHpbWa/Wu+Lb5FD4IcCVm3eEaavOlRDCEpp2pZ0HY8VBA==]]></Encrypt>
</xml>


2017-12-23 12:09:35 debug :
------------
String:
account-ticket<xml>
    <AppId><![CDATA[wx7f83e93205d2fd31]]></AppId>
    <Encrypt><![CDATA[pl4Kjwu6H7njm07kemwD/vi7H0iMwuG8vF9j1bT6Ivm5YnGqJrK0aykWSp4fdut6swDFkCjvLgMgRz3sCBq6s7ngLWeUYeoSXiayhnFuISzu8zAtIdOm7aTgSnCzg1O/fqgIqmYFNmKhmIueyB8Xry5ZdLyBzCyz6jMIb2y89zvQo1kSqOhbNV2e1JcJ5g5tCC8JTAMjR6Lk0EoW3Ctwl4y1qAJtA4C/ruBkR1jysS97Uw1eXX+45OGPl4IWHiNQV5NOm4Q6pIHdKnsOvnguxktPBuoSYBx2v5RjZZ7Og2JTna8xKGuvg7H20OCEYCxzU6MGgGJ700N8qo8uJ7kJWax6Ff264IIcyCFYK8SB5VKpZlySXckIrFxo6j/FZDau8RjCb1rh0ytGjJ6HarTbeFwte4we3vVvf8feEC74yqwTANcRAKWXso8QRFnEa+gqIG6kf4kUlDdETwcDNJZsqg==]]></Encrypt>
</xml>


2017-12-23 12:19:21 debug :
------------
String:
account-ticket<xml>
    <AppId><![CDATA[wx7f83e93205d2fd31]]></AppId>
    <Encrypt><![CDATA[ujBZDs2OPtgbtlKe1oLfgCKhBpXAEmBfUXpiY9mFlSEO1RZ6DomLsO3QHH/G8yMyZVQqbRr1H2AsrfqXvQbwvcA4P/RhSTDgN7EL8vyP69+owoIUggQ/xa0pmeI0zQsorMhzw7j9MQOOVt7bnfIp5VLhFGC7qyAXUkXn2cR2UXh2KnvzNwcpMWm+5OSSn9HFK4FGwn58Vl8YPZqxXB1KOmMsbaI2KR+H1mguSf25tKv8ntECZbhnD45xAPlJiAbaBHUg1dboA8KcT+41TZSKizL9kEieR4EEfxONPuYqKo7dZVxD0mgisU85mCuOrT5KtgJGkMNV6QkelmZanbTLnOEBPftz0vah8yrtIc4b/kyqtstTpZxMXmjy+1oRMNe/KSoRZQe9WQDuMh2iRyGU3X7ch2CwsGFTRgSBANuxKx7fn01j9QBh2mD7lF470yRDoIl4BIN1610JVR/RCO8FMg==]]></Encrypt>
</xml>


2017-12-23 12:29:11 debug :
------------
String:
account-ticket<xml>
    <AppId><![CDATA[wx7f83e93205d2fd31]]></AppId>
    <Encrypt><![CDATA[Ds2xa1DEacFV+NSZoLKr/HtFtifELWE47zK9MxrQaBDETT18oAyrmSPPAQgCyEW5IDKNcRdaH94TS8MzLQHGcMJtH7iBiOtTcVfWd8tTBOPZUlwToFU+aMetNQ9X50nWsp5u9YOuF5L4ZuZRSJLZ4azRf/8cQwE+4HVg8JLO9OZymhl9f09XPfCv0MH6D4/iyKalnLZoALUSfK9eYyvdEdHiGFJATTxbLl7iwR5RbgW1H8uZEM5FVnd/Fu53SZiKSZaab7q14xdcMrWhqDGT3bMK4gd7Vgu+1yaGINTL74fgBLkg3bXxAW/GS6dvcdGUs8U+7Vx/A5e85wUspwrKypXCmmca/67ps8uOCuXC7ZhyHQo+QNeqqwxS/MG8dWwgUzycsO7Xf9V8RUbSQrjs5xw/i0hkLQ+D4WjlgUHiNvyfWOPGeTzS+4il+N43R/awRldcrithELa9w1xO1UXA1g==]]></Encrypt>
</xml>


2017-12-23 12:39:17 debug :
------------
String:
account-ticket<xml>
    <AppId><![CDATA[wx7f83e93205d2fd31]]></AppId>
    <Encrypt><![CDATA[Kr0KVNVyn9xpA37rLo3uMftobxrqxlVPX800VJ5R/bQ0vhGih4yZlnkJzXZW1+kaq2ujmMMMlLf3UUDm32Z+oRsGZmOtfcQaMbu5vrQSnhZpUyrnnR/QanPSZSxVohPMzXPxGwIzMj8FNJ4CgKt/83rKHHoX8+yrr2XsyZ4LN20FxgRDyC47q4/PfT5uQ1NEGzlZPTBmyDsayAC6dU+hR58iS6oZ2l5R3or47QhJJcC1iX74gynnrHGthKUDbqYtKTA3+Fem02ugbT/Oz4jrjKSCY0ltYupiY6WHnbUp5qWkE3sfN/kw7UWLTVEzc3QehoaUCL+SLZs6eg6YMOSs1OFRMSFXKI2O8L1kk6AMwSgmTk5ChjKisTL90AUqXgWkBbXdtDfHX7hX/QE+FPYJuCdyYSZrosSeID+YDYcQNW+ycm9Q+gC/9NIz3lXaR3SqqlFaP3c8y+OeHyCiBADNIg==]]></Encrypt>
</xml>


2017-12-23 12:49:11 debug :
------------
String:
account-ticket<xml>
    <AppId><![CDATA[wx7f83e93205d2fd31]]></AppId>
    <Encrypt><![CDATA[C7uYGsYuzZPu0duWOkMsu0TcDYDq8/qCblEq/Gweir7bpctngCXy3uRw1nr7YvqaQutxd0iqBN67gREQrp7dYgViG1gokj0L4VRcn9B6Es3dojXmfpF7AU3qKbzqzeuTWso7hbUDr+g3uVKF0egzZvtfSLB1h6NOZcSsUONeyej4wZ9tecatZ2VhSWndhinUmLRbUSzRRE8CXHE3GYSfPDOAYY0hMLTnz72yTDPJv4Y7oC4z4unYN4v3m2g8gSAuZM3zLepe3/EE+fbRK+eT0gue/Q8l3EXA+MYEeQjbY3XSBr8vfPdApqvMxot7qk7xWiC5o06En4w84IeTAZvbkjfOcv8+fAoPoPUluGLaPiRNlz3TJFY6D9WK+GM008uMJZMgbTzFzxhjOfoXH/S7S5xrlYWAV9VeFyapDRFbJENAyKGNE5XL0dMNKDzjOPk4M4Y0Q4a27kaRuty0ezD/Pg==]]></Encrypt>
</xml>


2017-12-23 12:59:13 debug :
------------
String:
account-ticket<xml>
    <AppId><![CDATA[wx7f83e93205d2fd31]]></AppId>
    <Encrypt><![CDATA[jiiir7DC5xWmv1uKlsuM9XBCY/GOjHmGOT7m22zSHoDniARyFmWAm0T03gJbbMNGdx1UT42LJW7U5GLYliit0mPw81WErsrQNqyLbzp4YKucUSYg9H9g5g0E7NBmQ0WgTK+RsQXJYgg4F3LGI7udtOnv3T8HK5689FN2NoxHXow2VMQgOm4J1vEY/qHjsbJEOmImHpFX6PKHUKUmmFf4WXt8OfhmdVGJM9+BBADekInemzwDVuvEw9KFMILIsthHFLZmTx9+mDxoohX7MGKemHUI7jSpgFoQMaXRFMH1EbNRNKDjWHfQaAf15oC60PzCxoUaPkNKyjdX9DcRSAqCLS66QvNcA9TgHLpsnYCyoIzhIt2OHKFOnkMgU7VXqgnhsVBr4I0+L0lHWmre6fMz4y3MVk7x4BElp7QkBuhXSf/ncs1WrJ3lvbuCzhFUgi0XmaXf8JKV3cwOGui+QgvUFQ==]]></Encrypt>
</xml>


2017-12-23 13:09:21 debug :
------------
String:
account-ticket<xml>
    <AppId><![CDATA[wx7f83e93205d2fd31]]></AppId>
    <Encrypt><![CDATA[Hyv0I1BIHpGX+xO2EfKtNfdK3Tdo3p2zvshE4CT5cYvUO8bIA4qoeBAFPiRY0OWXuxAlhjr5i5xqV7Foo0ckV0Xz5pdbjZyCVqo9ai1L+DtxuHqYnSoe8DigVC0W64Z4C/H8uu5vm5c8onTlesF3cKmixzYUh9Z1IOASBpi5+LidjnYIQqwphhMAQpF1slv9NongN5a3BspcaLSXRv23D4bM3W/LTUcvGSVQ+TRvDmUDXx1hPww5+oK1XkhN6VEJqTKoixwQHT5V0vWyggFefrdGiNA0YePagyr1ee+klEtImk3FDKquKWMqCbnycb8MLvFzlWMiNrF74+Hnv62WFc632rQP3Igbe3+AO9TsTdudPcJ/KAB+c6Bkjb7LMwdVcxT9ruu1LWDacEUZzdqFx4QAOyEw8jbvoLaqaC/2tRIJmTgR+IWoNTjRmQG/z/mE8iekQXdfW3zCU668JZJmUQ==]]></Encrypt>
</xml>


2017-12-23 13:19:11 debug :
------------
String:
account-ticket<xml>
    <AppId><![CDATA[wx7f83e93205d2fd31]]></AppId>
    <Encrypt><![CDATA[NFG51lvvqmy1BTjormzOOGeNBy3fhq4y42wCO+dLbzd2PIZoemt/OQ1DsBubSYjqY5ZczEtfReoWMWYlygTrz2pCUNGVNCKVzGYD0f4rJmEfWjpzFPo8zolJgJECWoMeRN5Kj43oxDqSCd7TOLaK14fIvXeCKBfIE/jgf3JxIwtUJ7LaJ5bUpk5QTc7Iq7H5bYwlSePPOZAC6yERJPfwZdEMD0azK83CZtUD9GHRkYS81ZFXSMFLxRwSz0zrbnPDPuU/M1NW3p+qWU53UbFKWwWdZ47LZEuRawnqZP5f04ZOM0S1XF2Ci5ME9BS9MMcPUJe/Yy+aq9BFVHMmXTD2JSOPXP+XR7ZncDPHKt7jK7Lkmy7laIGPkOx0fFDtybbgDlMgG1uEvgcX1r2TNTcJLB2Z/mGN1/C1a4C/qeNhV+BaCooG/BDupQ4cI5AXau9E+dUULmNPRWikkgHjyWCDTQ==]]></Encrypt>
</xml>


2017-12-23 13:29:15 debug :
------------
String:
account-ticket<xml>
    <AppId><![CDATA[wx7f83e93205d2fd31]]></AppId>
    <Encrypt><![CDATA[nniefNplHdhcqOmwhE5ealAgOIX/G5NuJtXFOfrVVRe7fktL/vs7fVAsqC4g4FX56N5tITrDqIURfyFZX9nQ70XHmWaC0Pjj9RfjQ9viwUs6CHNae3dqjGt8gUvl3PE93mt9P3NyL6O895Ce2H9vu0wAqPkw9/QiZxBVyBLn84tllBLGh7BtscTBWSL6i9KIObrnLoVCGp8azjkqHdK6OFnfl6YhVwLSocVNTqMV/N2ZOw+YzAcPljhFle+ln9Ul9JZwH7MP68e5MV0YN1xtYyhZ4Ptn72JJvx4n09X/2nJlB4jxSEZALj1n7QwfOU1dS5KycDyKOBkoOuR3mMBm3XB+WgmJdUA1RjcRfetnsC9PptLojLVXMUiNv9kHkl1A6zzad0V/cMlwKmWs9QfjLqBoNDtgWYpPCqWTytTlgJsLqadcCxh8E/8lR8YXYNp7EpoIgH+XFiHV6bVsihMMWw==]]></Encrypt>
</xml>


2017-12-23 13:39:15 debug :
------------
String:
account-ticket<xml>
    <AppId><![CDATA[wx7f83e93205d2fd31]]></AppId>
    <Encrypt><![CDATA[gPxzdO7HXDGU7hvLn4DdBf50jiaeXu6IqBQhGlA7zp4Vih/CN9uGEDE/orfVH/MT1cGl23pnFWJ0Mo2QLnznMS8M9OG9ZucahfES3U6mQ+1yli1/+JeQIixs5iiLL45fn/rLUkRuRlcWnONsaSf7zfMVXmUU6Nq77jFj3fHigBNdYRPs/M7Hy5IWsMIcEm30Lk27mfjDCSkmMkBRfcuJzMRxlEJavENr5Fg9WZQxR8HeViCpqVSDI8lBLXWWwMCWaQ3ilOU9SmNZZEnpbOslzBYXRLfXO5iWujF5sVn31Dzpkezs2OaflERH7WiIUbe6j7YT6eb1NUMyv06vQWus8pk5049ONAmvo4j15ApNh9ERcwmeepqpW7Wj/Hva+mZoBmpUGrXytoaI6yAUFrvgsZGe6Wa8tx63/GRGcXNLKmTqBZjGzHws/sloWHwpEqxlnxMPBEAM0EJi3FPvtA8bCA==]]></Encrypt>
</xml>


2017-12-23 13:49:15 debug :
------------
String:
account-ticket<xml>
    <AppId><![CDATA[wx7f83e93205d2fd31]]></AppId>
    <Encrypt><![CDATA[a+rm93lihxXaBPYJPMmjJ7tajkozB2yCi+/Y4941pnOH3Kl2WJ7e4PgViEJ2FEwa5L5F41wA/7/4JIfLxaJrgkV9RWMf/AJ3XrWo561ZMLwz9l3PdWgjmie864eZmCUT4gaJcDcz34oYjriUo7z1EOHVEx+zrVlVn2zzbzmaQgxZxOYTsLM/A5EXdeKUqrOF00ET3N6aS6e44ZPZxecoVzOuZmg0yBVmIQhIWVMlu42D5eXIdS670y8fy388FmTlukqdkemITK1irTHbZuliVU5GHelpTwg2IMIMAppEpE3EOHy4lqoUfPd8PIB2Cm2ZaM73AhjtigzqT1wTM37MVoDJglmWTBPAs8LQ4j81fLW9SgtsMpnbM7qYff2kJA67nIxuQFlISZsSOqWm/XTOjpStvgSWS5XhF6Zy8xRYORriHIF5vKq4BqNR7S4XuUO0Y8KCnfugmDOhJe33Ux5Xxg==]]></Encrypt>
</xml>


2017-12-23 13:59:07 debug :
------------
String:
account-ticket<xml>
    <AppId><![CDATA[wx7f83e93205d2fd31]]></AppId>
    <Encrypt><![CDATA[MNB/H7TCY0zuKRZvhwzN3mwT3WnE8mZWlQCU84w2MYvnRUYRh6mjGjNj5U0ZuOOWHJSsLXVQOL2Naj/Dy4721DRBA8Elzq6tUpKXPAuTc/NxDOfQYwkI2IFk4yx9iIbFduM3+ceR97cuMWs8SN+OD+7/J+ee/WDSFcwjjTmDbcyzo0kYo0CoEplq+MnUKx7TPh1dXXYqGsZ/zFd3PuvTDg1aG/9R8BoqBlvx2eFECusf4l6NQcsELeigF612S/OBIcZS2y8v3vw3ilvxKLHa9htT2tgq0CGcDR1XGkT8MKux/hMn9gJONkaM/g8iKmb7eQEjpYF2mn9jlMevRX1cAMu985Hqu9zV0aZN3cltmKGgn7OQUdwX2zCOBOBlDQ8nKQ+6A7oHY4zmBer0QSsQTjJASOpe7LCUo4u7PTr8yLUTk+deWHCVx9kd81oh0+qTJzml752rPg7wpy502Pq2nA==]]></Encrypt>
</xml>


2017-12-23 14:09:17 debug :
------------
String:
account-ticket<xml>
    <AppId><![CDATA[wx7f83e93205d2fd31]]></AppId>
    <Encrypt><![CDATA[tvN3DVCoTt3+OdwaPEFetISsMbsDOZybGcgB8zOZn6RNl+woKCd5xh4rP1Syu6p1zdCrHo0V2GrIIJonogFYO8fVSxierZzOPA3FKzzXpX+k9F1MFRcmEG+MRFwCe+vFKGPQTJaRNDqVvZwtJS3oslA2nCa0VIsPmrLwwrpwlyw/3q44ILVMcArgLPIrFTR1Wh7YBoCBpU/BUaJagJW2Up7/uSmormSCf5MKqONRVW8vxV7dQ19EzCye4eYaED7Uv2Zo13JjUIdBzPMlR9DHXtrVOpAatjFhr3khNLG4y72f0okWVUUBbBIs67VRlaUH0d6I+dwpxndXly0wGbUkz+uExwmf+bWFXoeG/z1k5Bje+G7IZAT7uHtAP73ET55zLsCWH6g58f29aQVE2fjmTZ8RxXgWuBxmvUtjh5+JCco/uy/0B3fBthJK+nHFoUjagYRJWIgNuvJQeGyWCw963w==]]></Encrypt>
</xml>


2017-12-23 14:19:06 debug :
------------
String:
account-ticket<xml>
    <AppId><![CDATA[wx7f83e93205d2fd31]]></AppId>
    <Encrypt><![CDATA[AfFoiSGN5UnArC+1m/LovFdSxfS1pGwjCHlLRcDAPw6Rkyfz/v5tuyt+bSIzvbN283ooBOa8Ziw3ybEBku/9bpV2TmOuZGdWIaqOABtT6YkuIZpVr8yT6vLL3guyp13SJTPXalnV8P6ow15XugvXZj0wMnWv16mrERT/9jkarqkHbA6Wtx2nh3YW29RauiligYfgoY/oX/AYsgBL39h4k2EbRI0rehaqNGdEfzI0iLwP2K1dathlUdiK1lZGAFPsvL0B7ex+KmgZk5YORI2ExnPQn//uaie3yo9zC9uiutSB6r/crJK5TNeLJkoXPjzM+NIZjRivBf0ixZAkawnCcAeggN5sGXgrEc3XzX4/Z9AXiHRLXOXx7OscRRk4SNtqcw/xV2Bf8BWKLDchPgkKAXu6uTLrRqA27Xq9tG/y4IXrFZBjpGG57RqWDPBlfSDZkS6y07+YVx2RjjrFY80Kxg==]]></Encrypt>
</xml>


2017-12-23 14:29:14 debug :
------------
String:
account-ticket<xml>
    <AppId><![CDATA[wx7f83e93205d2fd31]]></AppId>
    <Encrypt><![CDATA[zarlBgUwt8Si8vutWXkchSeiyq8YsOeb1b0FeP4fiorVMKs0WMKGDBpJJMR6pd51tjNQ8qB74FVA6EY5bEZWfIKy5+jVaL8JqOX7eLdv3DEljXvd3EBcew23F+VbC2FtDaZGOZUOSxaxja4yxo6UglI0a3SuuybprqfuPf2ReAzASMykCG5UJ/l5zo/Z0UySn9K6XwAGU9DC2Z/wwJCTpvy4/mHTogU5b0hKReAq7SVFRr7kaz6MGKJqS88+yJVLDKgcxACx2AMjKkoLp4UBKnikl6sPXqsrbz+sFNc6zk1se6ENiT87BWGYnBab/lf6nFi13mXsGaizgdEOy86XbjGQ6b+Vslq5lHt7xc9i3rwM8PRkEh1didUoPzxIA7V0Zo58QF78KhlrKryJprP6jmbzQ3396sa5W74drC93PL/xLWNPNH/XVRBkxSL5Ynh7sSKEOMb8RC/4YAhjP9bwVA==]]></Encrypt>
</xml>


2017-12-23 14:39:21 debug :
------------
String:
account-ticket<xml>
    <AppId><![CDATA[wx7f83e93205d2fd31]]></AppId>
    <Encrypt><![CDATA[LorCSot+bVRsv8uJyDp9WIO5ZrPEfrfwjT5LJpyWfVTpiCjuAqbdBDcMKxWwYR32J6hGuHxnukR1Bu8jVFzRi9VDA38x67dz3NgRaDid+NwUrhS6lP/MXwbshTvHVPTUyZmluM6uEU3V4rNbmI4EXF/pMWZ0G4O+qF5Y2NWZ6yiuICuQcJBsBhZRWC63NDpj9PoUs6SnmGdEdawjY9UQTl4TnJNZVNTMfoFFh5yWZ/ImSZwVjVAMtGxVE3GsZK9x1EuUWfjvAzDyiK6oSuxmfTOsNx7LfE3mOhVzvdxQMuD8obhdDzT4ERxmiEfSc1icHqD6G0CAmtBmbK1sm2QrL+V0K3x+9t1hiLr78QTumFtnsQ7TMCkMu4kyxIMjIbmlgQs8gpTW9KQUo4APXnrSR60VACG7Zx0OAJtFnw8T8OieLOBv5FNv9BFzNf7jNkD7IH6d4GWEQi9fE+OplDvQJA==]]></Encrypt>
</xml>


2017-12-23 14:49:08 debug :
------------
String:
account-ticket<xml>
    <AppId><![CDATA[wx7f83e93205d2fd31]]></AppId>
    <Encrypt><![CDATA[kWQHhnB7aubUSGPS9JBt19l1uHGI7na8ZfITEGpM1SrZ/BBw8dQYAACmQvKckJuGBiAEmx/owYsLFbVshiHcH/HhOh8elFH6f79GEphstrFj6++GlxDk1ULtYGsSolq0A3KWWI5jykS4NQRm5OCzrfpovHRiwiNGckA/ZCvsDbT7faV0KWwp0ecWW6QFRRBVgH91SxpmDwa3jsOfmLgGXEeWeXKiHsCDlG5vZLiAumL1YsTK7o0bCRekTe8YcZqRZ/Hv5vldesOOiRodMnfJMsmAAe0964Pdj9jL5ipFdDFIZ9FFfqwY0ZtK3+OjXZJ/ltuNoVFL52lF/l1LjDZSy4jDz46exzsqjyxd5HuacP9IEhA/+ezblTJVUquknw//5hEmSrteBNjPFe9Wy9sgIBt+E0EdKjWVY5cgq7dYsmHmrtjrb1WhXwB+RUDLiDn+AGe7a0ubKpI02PPsgIxStA==]]></Encrypt>
</xml>


2017-12-23 14:59:14 debug :
------------
String:
account-ticket<xml>
    <AppId><![CDATA[wx7f83e93205d2fd31]]></AppId>
    <Encrypt><![CDATA[kue8qOFA1cuNOsKg8d5oGdRaB0PNOWZbbUZEVNGOktqhHldJS6xpgakd0QL3VulFclRvVtgOYUf6xOzMnbboo5nCPTbByc4eRvEKZ/ElyOtM8xIp3bolTPD2Bc5dNRBu+3nCXrSrjkStRX2kuKDY8Y2VD57fJ/TmpAWf5+XGFEl53sWlxtaaM9CdPCLX+7csyf57WT0iz3NcQOnGls+dPSu6t9kGwJoBGqX/zjCYuamOLCzGM5kXcLXfWHEfyj+EpfxYEJ9qVEYICCc56yTLvYOw+PwO4IyVbLxnUZ5iSIJv4tG6A8zSAAJgihqxld3aHvFtU3+ga0ZIawtf5zLZHMvuR9SSoMOmHdXKcFGGUgzR71d3/WeQRzYHTZvpYElBsKzpN71DmiMhx+7bxzkMcZ4FtuKk0LvcMxHW18zf7HlCGAWnK0xHqoXDh6OSzuDszXNU01sXUp81RV4zW2FSvA==]]></Encrypt>
</xml>


2017-12-23 15:09:21 debug :
------------
String:
account-ticket<xml>
    <AppId><![CDATA[wx7f83e93205d2fd31]]></AppId>
    <Encrypt><![CDATA[WD79hORGC7uRVxDI+evHeEUJNPZyAeOYvNYjMl64jOhduGaB4Asp1ns6spr6kYrsFSw+XRr7lLCaCnwULkE08InC9R6hvwpTdobtURtfMQJ/DiIZqcPgi9Mg74tZ3y1/or3U7Ak+MDPDIB0euvMiDGTB5pVWBKO1dWeYub5+ECbM/izSTV1DdguQMYBe0rlLfBEBrjYs1911oshqyFX4iiLaeB67Y17Zj0Pgo3qoc8kdw8RA7ewSmbACvGU6eE9zGkRMySk4ADU5HQD3He5NUYEjhIWcW9bGth5IVsckXiSYIcNvtsCdd0V8Dch5MwPMhk01mHXHpkj/LNVB6taQtB03ORq4NzwjrJlXNsJ76ki0sBSGZmXn8i+cbkk8x3gpi8Du+9VSLZhB8beB7DECmsnYDHqnOvcapv/hC9U7Y6YP4Bbrfl/jvnj6ET3hIaTYLRxh0Vn4+aBUyeewSUtqOQ==]]></Encrypt>
</xml>


2017-12-23 15:19:09 debug :
------------
String:
account-ticket<xml>
    <AppId><![CDATA[wx7f83e93205d2fd31]]></AppId>
    <Encrypt><![CDATA[nIF4S6+DuNdgZniuQrWsIfpT45XHTBnbIGefDzAgJVdHR2f1xTdp/DKWu6NTCRVFuYB/MmMwDyZTQs9bZM3KzX4s0VDVlWuUjoSSF1/R9LfgALctogLyIwkHbib0c7VC+uI88ezmOiuYljCKYrkrz9Q1w8sqlyRaFF5NuSGfbagDzn/b3ecAusMzmOiXXpxv70lbWEUVvKnZ50DZ7m5t/PMSkwyQqqsy+csBbesUuRYLKqsmybwVRqcaxbu0rlGMtoR/CxZfBA65HKsyoXTSxh6BsJ/hp3DKEJ79RL5ocWItwBiww5G63n1OyUnA/y9YzGHG3MOEV9anSlTULloFnxR4ffVM1yeSS4BlTg/+V0/M/M7bk0lhm9fNKFdtkE5a09ashUz+G2UzfrUqoWmSa+H5Z3rjzYC7oFy34pYoTy4QDrBAOQFTe1uJ5udSsVGOYRj5hdcjaUc6zwVO/JC1Bw==]]></Encrypt>
</xml>


2017-12-23 15:29:10 debug :
------------
String:
account-ticket<xml>
    <AppId><![CDATA[wx7f83e93205d2fd31]]></AppId>
    <Encrypt><![CDATA[+mL1sl62qmo0iURNiyp/RMQ2EvCFACBmJ+P7tvISHBphINWthPeXf5AfqIfmx8IgVqVqFjNTohT7Sq8VQn5P2hqTdDKDtTZnEPUvgAPOs1QzV99IPLACbE9bTKoQ9m0ICbxNyIv4UYLlK074Uy4a5aDCkBv84nVa4/WJcnC6AhBd8NKBETElhISIgwuNGJQeVheOiAFginYjIwnoNjRkFe8toY6pIAgt/bJDfquN95ZuqYczGDJvLsgfxGWO7heBQmqZlWRvxOPkCn0YI1LpAVgeWutmnG9vS4KudnX2d37SzBTebx+g9SmsIaC5A9WFNIgTncAuwxvmRHliENIjVz56QFQ2mcQBygWd0a1qp7qjJeqB84QK4VtEwgCx2RzS474/U/+ZivRptcOJTN9iNAi0sAl+xQdBHxPinEncy6RAFy8HaVH8W6zzQtKujRGtMjCS4T83SozX3d8MeVHkTQ==]]></Encrypt>
</xml>


2017-12-23 15:39:13 debug :
------------
String:
account-ticket<xml>
    <AppId><![CDATA[wx7f83e93205d2fd31]]></AppId>
    <Encrypt><![CDATA[xA5BIT59HwsBUCSvsy0C3YbvMl6PwGBppi4JnMY/Xxm8Lx39tJKttod86mnA/p5h8Rx6cV/Na+SybzjPyL9i0WBlxuiHR17MTlfiXN38D64LxAZAYywZgWubhXh7zjqxCOJDUVIV/yvwz91wWqublLgLqW+ZKJMQwnO3XazFAfs45s0Iy4/MNMMWsINfCyhzmTzRvrptJoCJyVb8Od97tiZRFwq6NZdQKbJZ03MlboDgwS2URMtT/8NpbfDVEksX6h7hIPMh6X3OGZx1CqZDtkbUnuNMzl80K+0vtcEVzZx/36oI4hp3ISu3EY6Ce0kkks6M++Smo+cwPWcVRt6GcFIQkhHHQeyMwGOSn037Z6RO7iUvKGkFaNiOF81NuG5JsB63fUEUCwEqgZvQkbOP0VKCv8KhmRqpPd/910XNyEnsfUgzYW7AnoUJo02b8RgprClKbS0PUsYzq+b1zGo3AA==]]></Encrypt>
</xml>


2017-12-23 15:49:05 debug :
------------
String:
account-ticket<xml>
    <AppId><![CDATA[wx7f83e93205d2fd31]]></AppId>
    <Encrypt><![CDATA[SbBYROS3siEn3d2C3aaYAF8NijLKuES3AqqXB++cJBKa3Q6yYMrzaNEcCNn5tnLGsGxzabCrDn8cwGxfQagRCC2JamA3EV0A0NdDSyhr/Fm6sUZ0ljfdf+cPMLbPRUad72kiLsRXUhv8Hv0XjV02HF8fIVO570wFv3TmgE59V1+QLq8/PPwgn2sfINCewjUGeKU/yqUxZP+pGNmLRcINxVzN/0WtgBa4xlpW3OgkKpV2k4J+YEwPperZk7i/nYmOlcFH79ExLNUaAs61Dy3Chp6Cr/2/ZaHTeuLNy44dNsSIdjURzgHYtE9wH9gSfkFE44c9HI8yEW9ENyuaARtl9+Hg4xM7eNHtr1lVof0sGn51SC/ksX+Jon9janCmkdTSzKU2YYB3wcKpt82G+Vj0LtE3HYYUMl1sjT6ZzWVxZppR0K8VnDHj4jjsIxfHmot26zOj5V+ea5X3QK2Ow4rkTQ==]]></Encrypt>
</xml>


2017-12-23 15:58:57 debug :
------------
String:
account-ticket<xml>
    <AppId><![CDATA[wx7f83e93205d2fd31]]></AppId>
    <Encrypt><![CDATA[RjFJo4zqRtBQCb6oLktAkdYAoOyKgvufPU73Q9cYA+W/biLAcj8IDDUF5GsK4WaerRS6EgAhS8TqmO9ArcfZpr1NkTaUllaj3kO5PtLs5eEf+d9cRnXPtEiod3fl2WXmAkUeaaP1KnMUtDdJvGRsGQuhegRFrDrPUOd9dEOC6Iz+zF6Q+t0yM2h3057pDxV3+wHv2+TmoJBvl3PdjgrafWy1EL6Kj+/LwZCdJSOd8hi+Dn+5nGp2dhC0wyVm/ZvKVQGpdfAZoHM9e7iyPL3DM2nba0L3lmEO246jMav1KbdQX/0AEUNqHnwXwTmyI/EAicKGjLz6cXYkVAw7YJ3K7AP0LZLJZIJBqT+X1qTJ7d5vEW22rF4ark8ZEHvC+plP62UemEsOHk0hS9JswohbRmdRCGHhcMSou9zMnKUCyXINCAoV/ayOm/vtHPWYknsTkDy5M/JFGPvGPBZgRQJ+HA==]]></Encrypt>
</xml>


2017-12-23 16:09:14 debug :
------------
String:
account-ticket<xml>
    <AppId><![CDATA[wx7f83e93205d2fd31]]></AppId>
    <Encrypt><![CDATA[Y+vfiyYbyenMG1C7Ll7I+d5JvxtdrOPODd83HcpqV+aChpsaRvarJsiac3qVVQjRBCy1VaPh/9RHC2rS6EkO6CdUNGq5YDrTJjRdiMGF3sJlekj0sHNZqyItdOGElJ962h5Umpbx23I2Ec+ZCz9eJgTiv+LxXJLtocuXefiiFrDke0S252n0HdR4riTHxZcukzapsGM7aB200m9GwAiF0rvKAUngBVRiTIB08xg/4ivYvcJw2nZ+fkuuQdjHN1T9JAf8C/IQZu2bHpSa173SQ2z2TA3NQmqeUiSp/7LZdMhQC+0U39FZScU+25IHTcKeWCgIwtQUhgB6AVoZAvP03FUctlwtu7M90e3Ugu41X3uJa3fcR5xbdblA8E2PGf4UCQV+cE97Bm4tEpqcrnDYtvCq1HlsU5kqCmMuC1u54Oe26p3yxQ1gJ83b+FOHPFh6CKCsbbWuaGFq06HgdRSpiQ==]]></Encrypt>
</xml>


2017-12-23 16:19:16 debug :
------------
String:
account-ticket<xml>
    <AppId><![CDATA[wx7f83e93205d2fd31]]></AppId>
    <Encrypt><![CDATA[zIdRzxlyGwkXzB38hWsi68WVXxGD70TO8WLHccCdcuytsorH3KiXNSfh30VVlHHXXHsCPGrnlzVQ/imKakPdS898C7mRhVaKKRkrYpbuEPtIIqicBjEfBgKRE2E8UYv26qbsA4OibwfSUTGCzlZU/kUdC3Ii5kKEZLqa8RU20j3tnrgyspS5RC6ZooV6Jzn6o/fgTNjkgzht2Jk4a2KMInfGST7xw81weu0Km3NGiGp03xcOfq2MvXXiRsYnlUtyFBoNhItGMMZRDkZvyGBRdOvQGc6WAW/DOd9hUjAJHdO3nq92QDEHK+pmBCv/r7TccHMU+0MuEpS4f+SXOPldLY40H1VsHPLu0+aK1puWbf2wkxzwkdGzrF/0WYnonjGbOl94hhtha1mifAEZ0tteC5o4IMPL1MF/kzc0sirfEwe/7JJlCi/rJmP5qkqtzXIXGYZI04QctbZXvxnSGnCxQA==]]></Encrypt>
</xml>


2017-12-23 16:29:10 debug :
------------
String:
account-ticket<xml>
    <AppId><![CDATA[wx7f83e93205d2fd31]]></AppId>
    <Encrypt><![CDATA[0TLhTICbZeZ/h1GuwdC+SlSnACwZS37VJUL2bsZy+S2dKt/iTX2VOeDPrOjyRbLRPNAEZGFrTCNKWCfNiposrBx7BaNVDii+KxJo0+0asEaNhUkp6smzVv0h+w2ZZSNFX2/Ksy64XNdUmm5GvpWhREqSV41OhBxxeMtjSvcacz+T/GrtgWgM9+iiGJ0abHMVRQFsMgZOQGZ+gJjzDuvFFtjeycxmI6bGbc3kiJyihu7cpwVs6HV6blW1ON/jJsjKjhqpm6NCxbTISjrFXF3r4tygJBQSlXv6/G3aQYtXFG2hwvn/5LZae5BHuA8TfUhwlORJI6Vob7GUICMN026rEmhvSPkrqH1kQJ9V4MekT8+PkWHZC1AkgmU5GJ1wplHJWFpwbeth5ELaGI0yBUHjW52h/VlLkSbkGTuCGIHeN4E6KV1CuJ8xDPx9XZ38R9J6jPX/Lr5bSvOKghTyavMpQA==]]></Encrypt>
</xml>


2017-12-23 16:39:15 debug :
------------
String:
account-ticket<xml>
    <AppId><![CDATA[wx7f83e93205d2fd31]]></AppId>
    <Encrypt><![CDATA[/NOYxV871nUd+VUM6AMPxtoCYNcehnKpuksY+1KGG/mtkSSWK9b+ch+FPxYlVinZpvBYjsBSrk2UE/lTMAOniTbqQqRWVb3bkwhs6ql4/Oj0M/QI95IFNgvbH/4kW24pT5D2CqsFa5gOUqcLyzeLrGGOJYJEo/O63OgMuOHneAuDi8oN8g7CVuN6Sa1YesJsWgfLojhzxAxeWGzs6cXb0YMLJv7x9+ZV+1h7KZe6m37wHr7teTXFTA0KUosWVFKBR5g4dPLmLNHoNZuFxo1l0C0Em10m0BCOzjN/xmv64hO7d9iAZpabsY9ObVVGLfDj2MjMi1A+Pn7ywAOe3yOHWkxHH8FD1e+IUQoidCcVQbMsukfQTiENPofs3BlPfPAizfKKYq4Hn8tl8dyD7LvTYYqsrx46mqf27VWyOh8xb7ls8LHNoL3rICWEmb0h5Ujj4fJsGb8ZVwMNnTKPTLOK+Q==]]></Encrypt>
</xml>


2017-12-23 16:49:11 debug :
------------
String:
account-ticket<xml>
    <AppId><![CDATA[wx7f83e93205d2fd31]]></AppId>
    <Encrypt><![CDATA[7bh/dhIdUWZ4CuVBDpQ7NZslIaRRqXXhC5rGt4lUuTS7V+CMk5ScGXJO0OS32udzx6dzRn/gqHBE+N49Y9eD+uinYgLY5w6jJb3cozE4wdmTkyk8VF5M1p8o4v6o4JEglDPphLmfKXjZYXZQOWCEch4Q7i/Vxu7BX+eTlIK25sUB9asHdv2AHbaessC2wzJs43jeU8+V9FQvteBZ5y50+V/H3IBL0s/0HD+JCC3aiRwKt8PGLa8CnN64Ekx2OMo21wghCfayuBLE1oB7kBupbXlmYrhvlpFWfMmf1EyyJRzFQiEeTh3C+EFWqHm8AFjD+8eAIgWbgEWbzV+gbwybjUgynnpbqfzbSmry7hsOfft3KoV4ahegP5V9uu/FcKH6Unj28TYAnSs3vSFDc6IIa+FOhIuuiUc6RwEHHcpBLH1qgrow4Tp/EWWPu2t5FvvjzWpERxTwHbq9Kl8/lMYIlA==]]></Encrypt>
</xml>


2017-12-23 16:59:32 debug :
------------
String:
account-ticket<xml>
    <AppId><![CDATA[wx7f83e93205d2fd31]]></AppId>
    <Encrypt><![CDATA[BvJ9ZvLknAw/NivjjDbTelvQtO4UH9+akiIarcgNH2NqYT9Fd94w+pQM0xhQHq4yDa9Tx3MVT54a/WwQ4V/4/NL/uB+KqCUe6HeJ2n2IuEJ90vVO8yNXivv5ED6uOgq3pm79fHWa8kvM0WFzE7XwrOfLZRVwXHnLnjwlss7mCyu0UX3tnx3YSC4al5+oPMzjQD5/gpgcATwRU+7TjkhSYiUrO9rkaTUfRMsdrW35+Zueg1sVPR3JqAbZGit8xtvSnBDcAZ2yqWVBylYjsBSU8lKBl+vEuofmMq8y3GordDPvaplWpuOORHC/N8SowGIB5FxQlV6u48PBXZJjzTd3krdbbhXLaKrwEUG8r1/iEV9dTh+0vMofBG0GrNFdvBDvbxVXbx7q9/+d0h685CY5bfKWY45eUqEso/x2IXA9yAJmKP8x2CNg+UT8xVxvZcudZAn9ywgg2AN6AJPblSdQJw==]]></Encrypt>
</xml>


2017-12-23 17:09:20 debug :
------------
String:
account-ticket<xml>
    <AppId><![CDATA[wx7f83e93205d2fd31]]></AppId>
    <Encrypt><![CDATA[ekDz2DhhgY4EeUhY1v3Frb55zAAvQg0D8q7skjPa4V8UZEcHHA43+8zfIwpyxNTmBzwwCE7Cx8S33W5Vi295oz1bEEKq4k1mGzrV/3bvIiboGXy0iwN0as0NEAIyZQt1WStlnZzOR1306pCwEEaXXrdTR688HLmBfw8FoUwWK3RUFocKeV1DsMooo3ThbFCzCzVeB8yaMhXuCuAZH504uHIW1ZkFDnEjSthaRpIz+zX8dESVZZXNH4ao4wETNGtO4E7SUy2lwDveobfiz976LBYbvW630rh8vp2yuoWtQl1gxxd14Be1wsYf1jWdNwE1dTik4Xdy6pW7RTO+1ALupIvle2oKiOSb1PDRKkExY0P8LiG6xaSHemgH0RhpkavsrUPOQbaW95eP0GzC/+EvxGDFoDsahg+upJTYDs/HEOS01LznPg95J3FcnlpunNVvmAtTdrmSioTCtkNWSUhM5Q==]]></Encrypt>
</xml>


2017-12-23 17:19:15 debug :
------------
String:
account-ticket<xml>
    <AppId><![CDATA[wx7f83e93205d2fd31]]></AppId>
    <Encrypt><![CDATA[hT7Ku16oCgE2m2EkO0a18klxrfjTHDXbPwtyjU63zaW+HPTczPGPjeFGEpIeUM3rb6LkxFDX53DVE21XW1eh6+tl2RprQ7F6aoIbR/27coocmDnllVcvFHtJrEh3cC/+oTdFct5/0VP8CrWfRYIDHyNPjnBYaGkBqKFDNoerpacuUSXRyQgHJd26HlBArTUUbpJOIHyNnbgEMGHjYVVMHX9dKj6wPb0LboKpH2MMLyaGerV0Pa3nHojARMKyu9akAMO0WOMtl1glue18+WbSgX/hY4X2k8b2yYkbNz6k0b2NuVUGRPODjRMiXzSlQgrF0i+h2i85VI4uC9wO26QFEYrWAdX1wh1cp6WKswAACNattbsFZB6jN1bqF9QfMLrah6TqZhU6kkvC9fEj614KDLYyhxC//4Npo8a7kAxzo+9Hjs06gSltO9cZqyZW1Fj/1lva20p153Q2QeTLha1PMA==]]></Encrypt>
</xml>


2017-12-23 17:29:13 debug :
------------
String:
account-ticket<xml>
    <AppId><![CDATA[wx7f83e93205d2fd31]]></AppId>
    <Encrypt><![CDATA[nb9zF4GuiVwN/bnd1atymrvEuRI2VH+6HSPXiVMSEYVLa6jjNa4PxBsgr1TpttPrK/FZEDU7XscmofZbwW/oFz79XRpEuV9p0kZJv7Iz/ic8QuZWZAB0jGFj+eWMWt4XvL07Q+at6SaoV6X/H/CvhDFZkF8MgEiawOeifxQQ33xu6HJ53RJIFvKV6in/FNrLlyhNg1gZENeWRFKob+S70MKoQ7CMCrtYkwx57vhu8nwn/3W2gAHYRIqQoJCQz8jYaLckV2/qcT8yaLqoO2QNAES0aUrPp1ST1A2VJBcY/5q5c9Pd2kd6bmpalHH5I0Us2t4B3LKhE01FiQoy8wID0x2ZZNMzuPPcojF1ZPGIefFKEi0o0pGCSookBPR4vVBHp6kgo36UACxtsnwvca6vxcl9MO9S7Mv5TQL6yLT4kZrAy/3xKv5emo/Hua0wtJg6xKQbCxP9tHQtrPE8yt/9FA==]]></Encrypt>
</xml>


2017-12-23 17:39:14 debug :
------------
String:
account-ticket<xml>
    <AppId><![CDATA[wx7f83e93205d2fd31]]></AppId>
    <Encrypt><![CDATA[6A+XRKswyxO/de9B6OPbm32UAu98wjyoj6t6J202iR//7++pL9LQ5UeeUl9UqtJ/rIaxomYO+6qrQkELKRHD9pZqluSDVxe3vNSgcwYRxd0xQQnA/HG00yWonrzKj3uGp54fX51wTH8i823ToOouV3uYuwmBhAD70uDBOaTdNSKuE6O74mZMyxvbNdjUGxBZpkXUkk4nJh5ebjD8HF05gOJOgitLenfdOYvsNrdsEUunozC5GuuEGcOW9e55GCNwB7OwMDKSPQ6On0wqr0xWI17+Z+ZMzqj3iyiI6j/URGMZ/Xvt8n81E/1dFVal8TdrJ5IIJvUP5gqprwnxBWQu8KHVIppxQaIFqbpRZhse/B8eYieeiHIGlk7mh1f8eLw0c7AW++m/sMXk3b89+bOm3z24+mLvRLe59A22JLK/fV0p8ygDLf1TgRzrpkKhTdeDGY8169quUe0XtSSXT/68bA==]]></Encrypt>
</xml>


2017-12-23 17:49:16 debug :
------------
String:
account-ticket<xml>
    <AppId><![CDATA[wx7f83e93205d2fd31]]></AppId>
    <Encrypt><![CDATA[LUUnp1KMbK+5sRgSWf1Y/j5673mqFdIkLq7AQKGXUysdqhx8MPffxpSUgfMbUCt2xIXFXpXSu8rDHEnCxHwHgvDvLRpLzA9tSu6C4W1+6+hWe8O2NaHlWYcTJyUzqsckfMCMrKbvFtMPpXmjqMNMLO+iaaDKsP585E71ywudDp1Xtd0bYDJVzLLHqjbkrHhJc/zq2+4YVe+d8TSlkZR8UfyNxBmt+xp9MC7wYfFHEGqhYGNcdu+duRklZ6H2JNfl5JmnEsemJ+mKubpv/UtCtfN5viuuhOTReCMXJQ/qcIOFKu35Oafj2W5ktNTKdoJZW6BSybsaES9P/lOZ6RjkkD9C33M0ngaVl7PRfok/Kd0VsZ9nVtVx2wNEKZepKMlZhv4edNWOmUIDb9MrLkhu1HThAzF5a5Nvyq/OMFam2YRCLDektxMbYOl22GsbgekwOz1BCpRrFndzc30gujYmbw==]]></Encrypt>
</xml>


2017-12-23 17:59:09 debug :
------------
String:
account-ticket<xml>
    <AppId><![CDATA[wx7f83e93205d2fd31]]></AppId>
    <Encrypt><![CDATA[3SYNUVU/5OaFvTw2SpuiInosVE6dS0syIlnnsXIRvEJazwvms2l/dJA6I/I15JgiZGygpk2ajS7bjqf7u5VX4q075rlx2ZH/j2xUwCoEpNYjp+RWZqGlzXiJoS7/hhiPXhD5n0NUYCB7Xcc+0dxnCTc8TiN1Ce8Wx+bR+ZWIgEesrN87s/h5a8zfKNfZo2fZgcZ0ms6LdlrWzo1AyBO7OtP4oH5GVKMrHU1zRLihHUrHDPC0/vc61qUh46llgqbppMA7qJqniDVdon81qeeuq9iHfcfPu5oCV49UA/Q9v7dt0JuMPvHelpmYpSD7vjfIv2uQYUJfxo2WqTOiraTAI3hXUWRAJecxcVICZ6lbizsBhaLGnCTpN1vfT2ZpRxepaIdptGJjSNfjVvC6mhhGJCyyRfxm96JrNWQIUk+sUyz4ipRruqt8EvkwDZx2XzOVPObIqueb6jHEoCgzAnOTDA==]]></Encrypt>
</xml>


2017-12-23 18:09:27 debug :
------------
String:
account-ticket<xml>
    <AppId><![CDATA[wx7f83e93205d2fd31]]></AppId>
    <Encrypt><![CDATA[Q6ljgkze6W2z4EcPI4QzOV0VXxbVVtIu3z2VRszXD3U1gSaqOLrIO9G01fKQHBZlDOD7HxrEdkaq+fHtg/pzAAekv0Hbo/H0/1t/JjVrzoVqpDU78q9OvKA/wh3yvAYiWejYIoO6lqQsqFpJodexHnQBmRYViixrac4q9QBKodk374R6pq1wYu55KevQcKKJ0khAW3rqf25FPjRa1M0sarN1S11QoEFzSBMVUNYr1WMcHo3U/lA7U9qM81QRDN5OYORXd1rjWWXSbHaMMxUSiiWsBG7dlmdyW7e3W8QBfRqeC196QzCZRHmLTZyYGOMhEH3MP+5qewv6A5N+rULF5OIr+o61Hdez5zU019puCQiekd9kiUj5oDtTci6JV3hJppJggxtjO495VTjUQgF2eJZvqb+5a9TuOtVwCc8HT/s55M33GzxmKTXH4d3YfESj+3aiznxQoceDQUr0yMOyGQ==]]></Encrypt>
</xml>


2017-12-23 18:19:24 debug :
------------
String:
account-ticket<xml>
    <AppId><![CDATA[wx7f83e93205d2fd31]]></AppId>
    <Encrypt><![CDATA[rZ/td72l1b+1pKbENsycwCc2jpNw5kzGaz7LrhGLoIBnvDhXj41RWKUaQmbevNrTa+888AUILOqtkPcMFGXsb8f1oS/xdLnFfmYtP68fwNQ+1sU0HFEnEpDigw062Sw8TxuqsMiEIRUKIHpKbuPAbdUnpT+Dn9TtQui87LkIRgW6Js1Kg1DWm2L9y3StiK7BmnpV3PsT/xhBnFD7yQW/ks4n+p7gzfBJ5IuxPkMBHAkqumtxF41zrXFw45FE+SQaf0sv3Z0nQt6T5m/ECni3vSJw2MDA5Vqc9opo+o+p9TwZNVed8IgBual+vQTYjtf4VMtY2yTwUTdNtRJxhcZYr0iNPln/5iq4uqo1hdkc6hd1wQNj+KWQ3VgjUdjn7oS0Vz9z2yYliSqyu2/TfHTf9MTfWr2+DRYbdG3VHmxELMggXIZ0ggDGffkKaucLr/e1TPk3JFU4I60Yz24IMuuzJw==]]></Encrypt>
</xml>


2017-12-23 18:29:23 debug :
------------
String:
account-ticket<xml>
    <AppId><![CDATA[wx7f83e93205d2fd31]]></AppId>
    <Encrypt><![CDATA[WhB4ZAEFcWr1l4F6PD88viQOXu3AJAS4ial+Zn1yjlN6u0hmx/hEPADT7hmJoEOIC8w5kZN6urmewy+oyIApOw5WGUEt0A/gy4TuO7HQz9amXkTjQO/U5iZ27Q58ov+VVRf+wmSr2ALowzieP+tpObhY2sPr+3gFlVV5f9WQlHQRVkfU8Eugo1yHSRzrl7eSc72anVGZuSKqXg2QJuYAWD6+pOSdQZHsDrMmWLQLhGmNluZaTfFBl0/aXKKToSnHctmTHHS5rs3CQ4fVjazM0JBnLOgimGPf9+xvPSSRhVT3eebCsMmomMxXbqyFUcW/vLF4alMdxKdIMTDU1b0oeU8ia/kbkA8GGiXE5zgFQHwKTqQhIHd/NnxyLcFyyzLSO7MpQblIvUKdvDXqdMr36pCeQxMkdDdGbqor5LFra2yevgA/lhX2q42PJImimxG4vcbUiXr5BF8EmymYqkX7Tg==]]></Encrypt>
</xml>


2017-12-23 18:39:30 debug :
------------
String:
account-ticket<xml>
    <AppId><![CDATA[wx7f83e93205d2fd31]]></AppId>
    <Encrypt><![CDATA[+2GM4YssOneKqcHjX3sIhW/YpcOV5Kq6Cw+1oRFKlrYy7tqNau+Ni9iqVrmxG5czhvHsTAHM89TG2cxF98ZMxlW/JNqrnHfyYUmOD99G7aXYcA+4yvFjAqk0yqYitSijIoB559nEa9pfgsbNfp7W6GWUD4Oq/FV326YvN7KKWbQ0V8szD+JOFkFU0ASBzhbnGnDuv9X3eXuiHV37nlIknpZleO0ZC9Mo+bP6DvrxWF2a2MsO4ZmsRtilrEYoi0V0t8FJ0pY37hS7cj85dSquSWowAFZDaRp4aFGxYXEfg7jCffcfGv2rF/tbqaNP02VJsqhTORZmdcBFH2n7Pyx8pzFY1q/RgAzz+dgWcRGFIOKgDA1spooape+i6W3vdpoC4vQXMLxkeNnL9QxkYPMFSvqZ5EAHPEo08gZ/GJhjqU6wVi1pUYN52V4giiVJx5BknarioilrYMlVwIng/XJPWA==]]></Encrypt>
</xml>


2017-12-23 18:49:18 debug :
------------
String:
account-ticket<xml>
    <AppId><![CDATA[wx7f83e93205d2fd31]]></AppId>
    <Encrypt><![CDATA[IvH/vr3ctdLZIpyxiXW66rywMYG1PNhRsm8vmD6vGz9gwPTcmByU4PnEW4746jeF121nQi+IvMlZpO96zHzx+oXR5ddSY4WgkbG76nnHWaPMH8KM8OJSiXQGlgXZQe/x+hyOmSaAKCVrZdEA4kzyt99K5vtIlWvVqCbd1qRbxvxxEmhqzOr+eTKWzZoFdL13y57iC8KYIdBq7AKsYoyyiTwrqpKS6SSV2yBE48SEZospyEI2JHI5KZcIagj/5yMsuW4gsDmChnmWCKV/mFfM1vTLakPDpekWShJEHE2umF3IKIJsB7sygp7ggoExnhLsoR5jlEBLqqQJiVgd1KjVs/JHYHdAIIc308zZW1FmhJXW1WRdozHLqHKQvymT9avbyrvBI2vM5C1BgZIcBt8agLdP4Q6BveOzwjVVwOg+AWM9OSUArwR7rnfCKnzEiX5wA9hHh7nyLtaxpeAUwlaQkg==]]></Encrypt>
</xml>


2017-12-23 18:59:20 debug :
------------
String:
account-ticket<xml>
    <AppId><![CDATA[wx7f83e93205d2fd31]]></AppId>
    <Encrypt><![CDATA[pE7Skj3f7sDVCctZTRW9BxuPjjfJrJ0OO4QgB57CdoiWu6edt6MAYOI1rlb/Az7UVSiiPlecrzTtK2kNYckuDhxDIjG+KEOtmb0OxiQs545F6mIEkYFbeAgn5MBJVT4pOPHTEvJYBVWF5Q+PWkabyd9qLnKkZa07Sa+Szn9unRLtpWTUF4XR7SOcT5zSwXUeoltUSyOXU8VeE8G9apZwKN5f5mnM4nnx3/JHvmiElGGIIMjvh9v+M+AkVvfgqFNrzufmgSj7jh7dzDxYWYMXI257pk7RtStJvtngyxrMN/VnT5EBgSKLTJ1xKDbfBZR1GF61sf2nBEfBkhkT6MkhFY4v5VmCd9eY8VJzXPlVHeR+t1hNYCgxA63rhgdQKbF5FI/lodf43CG2IG+/w0GmtSodZjLNTtmJiBmjCMc3+TIdXyyhCjnWpqig8e1/sC1VzLVj63f2mDzC2Vk4o+Z+pg==]]></Encrypt>
</xml>


2017-12-23 19:09:24 debug :
------------
String:
account-ticket<xml>
    <AppId><![CDATA[wx7f83e93205d2fd31]]></AppId>
    <Encrypt><![CDATA[udDLH7esLokmJ4VIAIZDxSrz/vsbKE6QJ6wb34NXUVrtHDFY6VXK1c4C1WGjE2Q2uOFWCBtu1XPOxkIP8oit+zgNugoCF1R0iq1Sd9aMi5hh0BCjZAgvCKICJ9rRcg1lCJASYUxVBk2GllGU7j+AOylBIx2lq5bCPsu47nbidwRK7xpCDW8FTU6EpLQ2FhJsgWB9y9GJTF6U0TcP65mVrD8xoN19L+pjoAJxLkHQEwMEKyZyf6+/s4Qc3ZPmwq6T+X55jnx2WM5D6bLYWhj/H/xFamYb3fQ12jHG81FUqF3PUacd4zr2YNftg3qwAM3Wbk/78R1Q4LdIC8QB7yFRohWlh82GGGomQV5lOSO+BoiLn0doAb4E2+oUNeBravhrxZFhcntmrG4Y/pN2asXjxy5B9McTgZaUA7QTrhJD52H3VmFGxjwisfkkh+JGMRfXv8jkN9ZF+e1jnYEdSXhN8A==]]></Encrypt>
</xml>


2017-12-23 19:19:22 debug :
------------
String:
account-ticket<xml>
    <AppId><![CDATA[wx7f83e93205d2fd31]]></AppId>
    <Encrypt><![CDATA[VaDRN6oyLweo69AcjyvY4gqaZkdcgF/qwqDziTlHaRTP2VEMVTo0cP03H90yUPhC1sntxQz0eqMsRy64dEoJtWL4LB7PvEb2SkJj10iq0p79G3dJCESBMsjD7zZt2uRhQa3F0aK03sZzlQFo1SVYvo0BhEH2e0AJjkZA3mPRpHCckZ80vJMZT/1D1evf7VavZRHcyq0R4wxosMAehD4dBlbCYLDLqx4a5/zf2B/n2JVuFlqZqoPRMAUnhH/tCPuIgX3OxN7hoOU+ExxOSOWnVgUaQyQyjg1YMAFDw4xEQF5vEeN/YfdmlzwWkjJtSOTUwQI+6H8It0VQjxVkrX9vGXraniMPU3StN7gGVZ6xBCxmgJLBv3QzJl+8E0OKBAhL/mfsHtaAl/otA0WZil8ABcKZ5HD/7xilEAh3MzBAKn0el4GPmnlKypJdT+eEHzBeoqOzzHs0boUuvjJ1CfgPLA==]]></Encrypt>
</xml>


2017-12-23 19:29:24 debug :
------------
String:
account-ticket<xml>
    <AppId><![CDATA[wx7f83e93205d2fd31]]></AppId>
    <Encrypt><![CDATA[TfbN122+twcp+O3qH66rULbfL9RQtQW4PHli9GGjHYQvuaYTrJgnvcBwJvSJc243yAsmE8hnh6XPu3d8dO4ebBdVK4jvYFO0lNaMlKb9hxJssVPTmdEXAXrzqm+WCAnxAHClfzc0pc7dpz9DfSuoolY9wcqacFpSoGpmemstS0dRIWhn4qSxoDyOcy5bLyg/UMpktQ4GvxjSHkvpETaM8EVHiPVu7KxUxrJhDb/LDtHyS7/EKSFn9RPj5VPcLgefS82/GlHcF5zy+sl8tOKCrCLxhWKmOpegmul+01YHhdPOdSulhZovo0hNImGzb602u5YKgglGcsG1b+5AALi3OTnvtz3EzIjUerXKLqkYi/qAGUVuGNkZz1sHmgReZh4fuTp/uyvsA5GOf0zKi9N0bCZJi1fbmlCfeP3hSnNX+BEaVughEo2bn9pFhDAzHwh4HseAGxFal0gpMoMZjYD0hw==]]></Encrypt>
</xml>


2017-12-23 19:39:31 debug :
------------
String:
account-ticket<xml>
    <AppId><![CDATA[wx7f83e93205d2fd31]]></AppId>
    <Encrypt><![CDATA[IcLv9oGeTjVIo1tBDKb6ikJIfEk240EEgvjOaBpMhKP6A6JeZ6RDnu26CWyzAKPqfWtkAWsdHUB5kqiXB2ru+17nBAfq0PfO/hkifO7zuLirnTYUZBxGws0LRIgihX9wnnC5BcHS0VD4Ie2fY07+DXTsQUCMndYbjAkdFiA3W+V6k4SfY63iGB+BssAo2XtyCxIhHfX4Bi/l4i885DH0JODcU/bj3LfNl7b0w2djI2EhqCFvv4jRWqA5YMzqRNN9eqVg9g8V9Sw/p5pRzP3wZbnumcmHMyh/PCksjUfOSxpsTu2d3GEuNJkUAHQ50rn/fEpJaeu3FAr8q9sAY3lN11YVhl2PY6ZVxe6zG0LuvL9FOsHreg4PYuG76Dl5oD0gItqtz6iXIkXvA339kaqEnRbHHhcbbf/parvFjgA9p259AlPkQ17K9A5GgV3QlQkkRh7YHsQMOWy+7BByVVeyeg==]]></Encrypt>
</xml>


2017-12-23 19:49:29 debug :
------------
String:
account-ticket<xml>
    <AppId><![CDATA[wx7f83e93205d2fd31]]></AppId>
    <Encrypt><![CDATA[kuZCq/a0lU3pM5SO2XW1YHgpzVyntzS2iZimpfd2FIg9/XCnet+vxrBEO0rRPE/IAc1TuhXz6mdL3tICAIrec7Ljop6p/fK7uz0rQPGKfsoxpxBn6hPwJbMOTNdzPch48jhYAicmsbYcVksHtn3bUREhTRRoGFhtOD85bC45BcyS4ZorJcUgltnXBn4BuD763M5VWSVOembpLi31plTlk332+UXmTKbBCXI7RFYFbvbpt2p3wdPvhoYAcww9rZcE3B7lRLoQtlEpWTr+m1atb5dxwSTi+ATwI8Maef6GvOpZFNJHEtuk4gJ4B1uVKXtauu4NDpfskF1rNCftiPpqgygS34GUInUpkBVLTX3wFzc3Xvt7GpZjo5tZblSfDWUbh4CqN7tz87ejGRJxXGNXRW0Z/nQCSJrI7dgbe4lj3X+noSZX8TslFFmHeFqi+V/POswS07dsZM/+DE1zpaqhxA==]]></Encrypt>
</xml>


2017-12-23 19:59:31 debug :
------------
String:
account-ticket<xml>
    <AppId><![CDATA[wx7f83e93205d2fd31]]></AppId>
    <Encrypt><![CDATA[VWmu4YT0flj3rqPR8SRjImNpXCVDLduagrANGa6jtmBqyRheMzKuANZ7+HJJy6Ii0gfqkaSliIcMhyotuxIly/nqwkFJWdJ7Wtqv7n0L7jvkX7+Keunz6mCcG+owGCRpuu4uYHCPCxiwzvg/HlBPj5NaCU/rC6isunKlOxozRVgtr4X/hiauuda8pZxH7B1ncJv9TvPntteXWR0dY2D7x9sYY0iDoB4mLDbo9FZCUE7Df3KHsemQ2JwvmEqCouqv0R0/T7xWvaA2J3ESLk2Nz2ht2vc8HCcm49xVhg2nMpuvW0UFRgTkkqroQA6aLiIpv1+4/pLKAIIODohTeXNKnVaiXjxvl6170mQnO/rhdwGJYX4LWILM2i5tzJuvtGCrR8xEmA5ikcn4nE1VzjEEP/9NZmuaPucKcavmTf3JYQ+mP5HeY72kcgxBTItku7gs7JGM5kybzKcRjfAcqdi2lA==]]></Encrypt>
</xml>


2017-12-23 20:09:41 debug :
------------
String:
account-ticket<xml>
    <AppId><![CDATA[wx7f83e93205d2fd31]]></AppId>
    <Encrypt><![CDATA[jTnOOf5kk4ku48z7+lWlz+oCaAf2EC3GmQ68LF8VyMso9spU4VduAstpsEgFibQtafmtd4mCDoRlbJEMqa+ugvf3OKhcpw+7lCaQK583ops689VwWqALReLIsMsebltqO1Fjy3lneeefNDF+bYiFz+VDQQgXRlZLgKq618zfstHyK8r9u0P+Zivp7UuoquaHQPUGM5wandU3lfwA+x1Prcs7WB1HtzufRAOtguKURP4/4geCto4fXnSzYboPcQGlln35GtmVa9yXWOcd5DRRmJBzxArRpJbqD78OCCHBSptg/v7d4yAsW9aFjq9BoGAyXR4WDyib5sRB359B78JvLc6TCoa+dEA9/4mSRQoZL9H+mwzfNiQbCcbNR7UJeKFmVst2j/FB1miu6H7tmS78jAMW0z75hs0T6BJxLa5meofuSOXdF0tihuk61YY8C2gmSTObQsaGqbKueQQJDhc1oQ==]]></Encrypt>
</xml>


2017-12-23 20:19:35 debug :
------------
String:
account-ticket<xml>
    <AppId><![CDATA[wx7f83e93205d2fd31]]></AppId>
    <Encrypt><![CDATA[HIOGbyUApj+L1qg6hfWI4D+P5hF/aRGsLH8SyVXV5cHmqa9WCHu92nZACh0zOOCrlRDffVs03L2TuWjok3RBWAcLUkpt+SJ3EWgZpJV2dIBj/8OsE9UCOHwl0TlKfBlbeJTPczfq9xKiK7g2t7Sjhn5UL2SoDKrd0ju5UOBN1Anc/dY1L4ZX/H+HfCcKV8Qwn8Z77ecZI2e1fgK0H2E1VxmCvbkOYuzTvfzGoZYUCfd5t4X6Ae/8+/vjzJ3ta3dzaxJdzfxEjfVtcT7j9s+2+2BrsHWm1iI347fm739aeZOMKpWrkOWoy7oWay3zKIV5uSojTszilIrzySdrupQQjoUcJ8d66tyckDE/BifM+aB8icfPus7Xvi0X9q2kgj+6j8I/8DzLKxwek5/6zsObCue7x/hRQL3sqhRcTCqjc0grovX3H4XmQ4qYjzvDEwQJlm1hC2WwRhy934ahe4VGfg==]]></Encrypt>
</xml>


2017-12-23 20:29:30 debug :
------------
String:
account-ticket<xml>
    <AppId><![CDATA[wx7f83e93205d2fd31]]></AppId>
    <Encrypt><![CDATA[FmmJMBnLeWjDHpeyl7Ih9AW29vzmPqJzX3ZkAD2dpUAeAQk2cq6Tlre/fX5UNx7Zs0qlM6NhNQ4awRM/3uFowQjdtwUx27a3DtYl8Rgn0qcmXlPbDJ2YCvU3s8lBdg1SgOGeHrms5sFCgmEGaHN8RfL/sYg8iY9Abd2j9WnC2rtgJK6xKQjYZhxpqDZpC4pAVts4kIJO+XBN/VPrKbCvtEhohyMf+BgW4LOh0QRF2BHdhrcxb4qE79nltNF3cUvP64JrsDldqSo/bZMJsAMte3SOCdwVrw0ERy92R2rAp3xyjLvCZa4wOGwi8UdsYd1zjonYniN78aRur9eN1nXSm1/ogzQI/j0fJ/mgDgvOacAj1AgeZ9ZovLROMOfFv9JRUwStE1UVqfJc3lqfHGNa66HG+CI4GH+tGFHJq4JGsB1NlxjXdLlatKUdwpMIszRTQ3bYT209sVyyirc6IuCQjg==]]></Encrypt>
</xml>


2017-12-23 20:39:33 debug :
------------
String:
account-ticket<xml>
    <AppId><![CDATA[wx7f83e93205d2fd31]]></AppId>
    <Encrypt><![CDATA[w9GpFOS6DJWDGWaMWFBkthO1czMgMoierK3ceWS8DdjXUpZTyjhG6Y7dK6QBtdEyQg1F+SXf313uJzRZmFegxfMZ3vMu2ZJGSZdluP/00hsCTXbpdrz/OBACxetwziDmCSagbCOdaoMaZf3prFCnSirJc5KtzsV/DFQpyBYtHsBZQO3d0xLUxrJyk7AZa3f7cL3eJaC9Q96mVAWN+j4fdXSCWCg6bRdYI4a2d+BMB0ZBGnYFVMGKyLoXUl+evybCJsL8RE8apCABvziFrnmm4BWbCFreW9WTkqYumufJFkkDa/SvnLovwqCswPXN/n9B2+U9kr6W0zo9i+KDOedMrzDyXXv2EjjbQaVsiqbeH/lCU21F8owagHUPXoGcFchtIzNGwf7GPBfhWSnrAv1NTlX+tua6UbBPYiEsT7MUOV5Anx7lQnV0xlfjJTTTatp2Bi9yCvj7MUBXdZR2edBvxQ==]]></Encrypt>
</xml>


2017-12-23 20:49:29 debug :
------------
String:
account-ticket<xml>
    <AppId><![CDATA[wx7f83e93205d2fd31]]></AppId>
    <Encrypt><![CDATA[FRSlmQCV7T+7kdOTgR/3oWYQ4H3a5As8LHmzm6B0k+Z5iXEUf37QxMG/JTPZj07OYQwdTw9aVnEwQjQBH21Vm/2PAB1IZrmyMepnAV9AJyr+nrKdv9UwBaZu1ABd259B/D+wDAb8bf2d7bCwQWcJcbGDuGM5LwS7VipkG+svRLoI9ZNjSYsdJQ5noTN0Y+LazXQW/kDwZrArngs0e6e0orGgs0EfNm92sExF0Uc5IgsPRTvqGs2cMPam9RmOo+9dFmV6SbxDlMLatogMEloMPpv6EYZkP23oxJglzkriABJAQypdxrIz9Z1ojdQRtUkmcLEGiBSMka5Ol85ndae2OIXVePEaqw1J5PgQlmVWAcEju/7fXT2IOke4nQTJMOWLN8HTJSjCi88UkaBDRJGowPJCf2j0L3Cq9DSLOgQslnQBYK6IZw14d4DhlFvXZOJytckgJoyYhV6xCEotyJ2Efg==]]></Encrypt>
</xml>


2017-12-23 20:59:32 debug :
------------
String:
account-ticket<xml>
    <AppId><![CDATA[wx7f83e93205d2fd31]]></AppId>
    <Encrypt><![CDATA[NxE0Zdx+3Yi2czT+2s1X84bvQcGGFFKWuP+TwkRSAs4IoN/PgXWnD81/Zg8SjrY8dOCOMqHlKxIosPdNDNDWuv5Ks+tgi6dzrK0R6Z8NIsZBym5Y99dS0V8M2EcnDTDmArnbCq2At9W71PV1QkNe3Ezs//rYTIbB0Zx0C1uCLKwmCNcdBcFcir9g3ktaXfSuGGg/hoMBv1fN78d1Y/U7vnPNdERFTLCk7mN3DUxtDp7vRmMWz414VuGzhiMG4wfizlAroA3Jnr1b7FShqEvXY9Olf0K3Z3UpPmGimesgRBwjoY40W5lbKGcXmC4EUSUFFRHEfIJ+RtHc4BgaI6G/6c9QolAuH1jHyl3TOXsa0eX1O1sFeSlJr9LWuvitbUTlN8ZY6nLNN8i4z9GxYdk0hynVBJs1mNwA7XasKn3DvKuA9tr6Js+cV7PyFXFh8MERp00j51hJ1f+rIAUaJNsFyA==]]></Encrypt>
</xml>


2017-12-23 21:09:37 debug :
------------
String:
account-ticket<xml>
    <AppId><![CDATA[wx7f83e93205d2fd31]]></AppId>
    <Encrypt><![CDATA[9mXx50RGLzuw0svlsyaDupOPjQ9uv6xO+rDOCEax5+bX2dqIbM0YLOcA0jRoFTfwHBRQFt7XEyWy9h9mAFMNfG/KSNk4jZC6cSdPZ9UyOA2lMod+VLVqNFWNcyX7P5xVFg3ZVjvePfhxOOmlk65T/4N5wZR0fkqRXmRNwxCCY4KejLwOXsl6dlhEqCRTtGyhrSfspwhVRlzAIyUyElHZHomOrq4Zlqgvpx4fDgwqQSUMRtiTUE7nu+TPj/KGKdPvOviidkCMuu2OnOVYB2IkH5sOaAhkUPY2Kae7Jx0/Wmp1t/6NZeAQG2GxaG/7fGPO6nJKvSydVwF6wC2S0CVICFtfo+j1i0PTB8foIOY+3ICrGRA4CIsc7eZXb3dE/Rpl8Hkb4JYNw77FBCSj1Pol4ejlP8ZBx3OvFGvmvEjYjn5XuHGZONNeoraX8IPt9zGP2Q3pwwVhgEiPhSo8uyic+Q==]]></Encrypt>
</xml>


2017-12-23 21:19:34 debug :
------------
String:
account-ticket<xml>
    <AppId><![CDATA[wx7f83e93205d2fd31]]></AppId>
    <Encrypt><![CDATA[P9USidHb+SiOw275lm/l1nCFdIT/uMe/5gqZsvC331Qvvo2PeP/s6wDPcJuYwxlp3U9nYNhyaSxWgfNtO65xspVx3vub0t3Fb0JTHQppWED6tlFibtfpq81PbjPFycqGLC+0wET+nKakNONwh0jfpKTj1/2AOKzHPyr1nVpF+80C6GgbpYRgrYzTYvsIcBKmYuXKftE93+LEJlrPBYk/8M0VVkSkowGeVSi7sgBLOd3FuFO4sEsCEvaEAbib7B40hQUj7zlp1xF6xKAihaqn4uS2t4+SCsoqKGfjG4qhpLcuamlZZY8+2ax+UrjGIl7NIADpu6EIu/n1JOTT480aAjxU3PiUwuklGU24gYyZwBQT+iyQW6cKlE4HktNT5gUGar7rimxPouM/C+TTnpI6ZQN1GD0JOqbXVjojMxkGd4s9rTnt6IF/Kt19+HW6sbhxJ4OLfREH31Jo3ySb/fX25w==]]></Encrypt>
</xml>


2017-12-23 21:29:28 debug :
------------
String:
account-ticket<xml>
    <AppId><![CDATA[wx7f83e93205d2fd31]]></AppId>
    <Encrypt><![CDATA[vlpt90QGzQBa/3yp2u8K7tHA+tvvJ7E06GCjuuDAIrxHVdhu3cr81hxEDQbqsArUA5AmSNe5L6z3LfHlECBQgU1mGoH8UC3ftSb6oC+CSGtqe0vGGMhth6RlKDlJHOSjoilGgHohlwdta1b73em6Xt4RiEpFL/FRFTIZQug+bshxRovCvQAvgDeNxMFXVCI8E14xYK5mutf63ZH2sbTe27a4cfMNA61Z0Fh9SS+4PmO5RmB1YPc6Amp7cxuCOpPC0hAjpGhvoSbW0WVM/LASVKU9gxbE3nqYJio3o5m8bCKGk6ie4MwFkL6PIVCpbhJqaXUjZfCYUmkJ+pVFH6p3MjbC4fKMw+46cCZSt/wVwt2HSJDi9Inl/dbTpscaP4DNC3OBok0AH8UbSybwRGKoSuj0QqOf/s0VniRuUn5XTAzR0MUdfOaEVsuwzzA+UIe99PvLTfyLfo9bmj2qw5VKBg==]]></Encrypt>
</xml>


2017-12-23 21:39:24 debug :
------------
String:
account-ticket<xml>
    <AppId><![CDATA[wx7f83e93205d2fd31]]></AppId>
    <Encrypt><![CDATA[5S1oaDO2mFwsHc3bs/zXD0jyLRL1uDMC4UBWCjaqga4tg5chuQQy2yHgZYpiLY/gmt30WPXGB2DgB93canAi7dQIXAzGjN83FUI6snOcMBCustRp3chOY38ddQrENapSVijvZSIcjLxNloQtius0On5fxNWLqJgkFWmWTyldPTXWV+D5qByXavhkZz825Orv3lWE4hQrtgAoxf77+uoCO70BHay+7i4xLgdVqfFRSW4IThXjYMzFbA6BjKSUb7vTbdsFKPZw92E9JPAzTGCNj8THjr+DTvH91pIt6PJMMa1nBK2EknU2D0QKUssV4KFHAlvsGb+0pmHwzrtPtE4jxK3Cw1w5WSU/hSKvoZfPVolXNIehgZ1+6LcmTe6NDDket0fTivY0msEUkra9EX6n21FNXVF8Ilz335sH9LR518w1AWfUcx5JvMiYxsLuh1bogoPuXtLP8uKOoisTgD6LEg==]]></Encrypt>
</xml>


2017-12-23 21:49:18 debug :
------------
String:
account-ticket<xml>
    <AppId><![CDATA[wx7f83e93205d2fd31]]></AppId>
    <Encrypt><![CDATA[uPb35fkQLaQ+ARN9xwpgGVvrk4EhVyah7ZKm3B6g4cDLnA7UmMfPrYNjMLcxKcJK8WL2rjEOGMO8woeGltOa7MG571HxJECeo4DYg863YVL3gR/3/7QiXdtQ/1a8VxJrnPHPa4spaEKKN4kb1f8gVnAf3L7vfOYPv36rH0T+Y94y1e9/IdQ7Caxm69VsbHwxrtlgUZ6JDg1vtuLmvEh3r/f76rhNL2zJ9QRXQR7Og+/aGImAAzfmzV4/YClG5wcuZkSUsH7vAksiqNYeI0BaglrJavRI90vnI11t8ruAMp9Nb6Tn1zPls63kQuGimdEdZ+ThB0p2txGeDMT6yWdYMliquz4MoN53TkWr9ThqU5L1V/c0fg1wavIPd7kZ+PXxCRzBpBkZQvLaJuD3RaYnQlUZoHmhQfk4FOlpvb9QrWQ6H6kCbLqHwOBEKsqnL4OSNrlNlGghRpviKuf+lkaUtw==]]></Encrypt>
</xml>


2017-12-23 21:59:19 debug :
------------
String:
account-ticket<xml>
    <AppId><![CDATA[wx7f83e93205d2fd31]]></AppId>
    <Encrypt><![CDATA[SQk1TtsCOoecPEs3Ttd1eG07T9UFY1poYYZSV8SYj7DeUQ1YO83mHqm72Adr4GQjejuVPXf74T2vio9aFl8EujBK7HXoiWUOjgeb0kjLbtLO0xYO0RhqYiewxO62qBFUUDXi/5iFxPiNK8zS1PJsX0jOr9TYWLuKoNXCLsdzTRKRhXaJ0cWa/tGxpzaVtIgOjqxtd96I4iEGhJmk+kxBAu3r6kvkMpyhXXF/5sJlW8IKAduvzUkq2xdn/P6e0q9W6de4BBhthKGVAMePq6DVtAwb71ctMOodxBT9VPHKQ+xR0sITaRf4lhNx/oFOUxNQIY2oSVZYL9VbY/4FD0o4lrVHs2ARmBuBUF+gxge+DIj/AAtUmvAjULN090ZhL+dd2zCKKLvBk3+T7KOour7AogXPXMkV52rDeu45bn8fTXWTuBe/d0jf4Z1l/SvUXGyb02X3naT3QWciMm6SLXgLNQ==]]></Encrypt>
</xml>


2017-12-23 22:09:10 debug :
------------
String:
account-ticket<xml>
    <AppId><![CDATA[wx7f83e93205d2fd31]]></AppId>
    <Encrypt><![CDATA[TQIYGGbgHyhc3F24b84jz42AsE9xcFiTc9VZpUTL+0add7cAI+3yNNKVXt72vtCFRljgy3hUuUkRhjRutBmNNiVNn9jL456sR/SnpvjrZYAP8CK/9Espm6zwZ/78vJtpmy8IUJMgWUivysauOLO4S7d4X5Ad8IM6A4LMGaWYXJ+Ccl+9Zz2BxSCHakhmpC7midgfxLZAqyIYA9yYkdSKLchCwSh3orsD6dwKXT8VLrayDF1JVSgohqudmbunLlbPhbf901R67BNzSpHB/kB1LmpbUBMvIgXb9pk5fQ340LwLVQCK3lCn5bJakpYjJlnxwtT9T/cfVYJr09asaEUbF1IRQ4Dt8+z3INDyjiERoTFLuyLcbMzSsdWx+0tuyc9IZuvAE9uL+hMZ8p2xcFMFGmDxQmLHxyTk9vQ1UqusX21oJQDf2Qn02OI5++38Xjg6n04hNdmf94YsuOOZl2V4Ng==]]></Encrypt>
</xml>


2017-12-23 22:19:09 debug :
------------
String:
account-ticket<xml>
    <AppId><![CDATA[wx7f83e93205d2fd31]]></AppId>
    <Encrypt><![CDATA[XXQDaVswv6o55mprv0VtdBS60o33UkvTG3Y0IXz3OrSminVrnjZnU3FA4zigw/7Pg2lnQmXWsQj5P1ytYoAkmdI5i6vpxSfi1gA2rThsrBFqLcrhUmgb3OLDSgwypxp6xFID8dfNUuKKBuHnofZvQkEOsPKZu7dBnC1mZjQHM+7TlN9hqw3w01G5+iZV1jgTw9O2TTxGnZ8ydQO3PjHYz8KgxKccPqf9CbjhWSM8wzmkpLgIightmLSayY8V6CwVyqVYUMLpqiQbWhisaozGDGG7syBOoWTh5s24Ja/9Lx5YdyF7DKJmk43iBVLX6EcmJyMPD14zcmvkt64Y6ZLGxdH5+tQH42lsabT/3Blf+qvTDIp/OqfK7vjIfiXAd6vaYj2UAp9HELyDx8Mz85GKEJXllBbX2lPz4gNqXLgcPpYGvs+NiNV4iRywSG+0rfZbCCC8GJwHzrlI5lVNAeTcqQ==]]></Encrypt>
</xml>


2017-12-23 22:29:07 debug :
------------
String:
account-ticket<xml>
    <AppId><![CDATA[wx7f83e93205d2fd31]]></AppId>
    <Encrypt><![CDATA[hy34TKiVUXSEFTIM8AbzERXe9hct4wc+UJIEoc0VFr5pHyP7N4jgdjhu93oCriznv7PaESoqtLZ2npjhXDwmdozVmPFl+NSTHKj9Gs/01+N6/SEpm1Y9MTjvoKKKWI7Ey+VQpng7TyFzYmLVZBgk+9oUQZYHn0BD7rrJo56g7MsLhFK1xqZ3njwpBL92R9E3b2UTOjcGNju0hehDXI31ML0n5HgW2t7tCtOgtuVN278btoDDX1FF6H6xCPtxFdTI9yzpinnr7CYLZs3tSMN561tgQgtrQuyQEwEJw3y19SVrIk57tCATxDzvzsFHgYRjbMnpxRjPrSEyU0XIYoQXzvpVf4EwGZgq/N6lTftItxxyQUS6f76Ti95W3UfNjPuUteS0VCWspf+Z8YNrMnmkQHx+2NTppG3wKg8IugwZWT3ydKagx64ljDe0Hl7lxnzLC+U2stm33suuyq/yIuqyIA==]]></Encrypt>
</xml>


2017-12-23 22:39:09 debug :
------------
String:
account-ticket<xml>
    <AppId><![CDATA[wx7f83e93205d2fd31]]></AppId>
    <Encrypt><![CDATA[/ou8IFq+am46DEw5uYZhBUuhYn5QxfRdRFxQM6I42iMNtHem+TPHIsGK260woXdRScxjPSE6L5rEgFcTqd6nGYWKMXf4ls9+EFlzPDPF+3fbmYtHQ8Ly8wYC/gou7+vgUeUXRVNi6hGuz/xMwgKlkcJNytkLuZt/qooT9uzF4QfOf6xOlvzRc8W+Hlh5W8arHA3erd00BWrC8bbCEMvITYW+qXqw8LzboziSNS1PbyAKyGtt9DHDvLBKhcVsZ9KL4dcl0VUGeemMoVK9DmSIazoyJ+EoUj5hUAeblNdxYXaeFYOrZFIVt+43ggjdnQxnaxD+Z7hM26Zd73jGwzMI17X2TsOF+9LjxOBYOASToXbHHjcECF+89Rh57hS/qOWzQYsRyt857tmcQ2xXLpulnejNKS8TUqYPIu5iYXVGQeZGIKCD11Kf5t6ZfTMJRxX8Nq5K9Tex6iFjWQEX4N8nLg==]]></Encrypt>
</xml>


2017-12-23 22:48:55 debug :
------------
String:
account-ticket<xml>
    <AppId><![CDATA[wx7f83e93205d2fd31]]></AppId>
    <Encrypt><![CDATA[NT4KBH74HGg2J469P29Tfz/HPYOzd22LYm/nTlYIEAuk9tTNRC0Vc2Wx5A81ajyu03JVczv5+MIKc1idm8YOKOxi8/xD3zPjQs8xHMRg3Qb4X1wZAjPVOWKfUUWkwvQgOGzRT79f/chYU/1AA8B8HPEdtX9m5CkL1WVySuM7/dsu8m4olMQdbNohBeyiinrjhtaUqYL2TE7HsVpz+m3JUiyohtY6qVCYcDNe+atn3PBLno9ZlJ3NSnCLCrdkOybfXdlpohZktUAm+QHIknogQ6SJiE9FYkKIbyN+7XzpneZaNGZWPdDkInLGi9c3Gyh1zAygKkff5UgnPp36pWW3Uls7zNKuS0vPYBZ1wjGIMRxO7ufc9c6TIn6Uzbb/AFNaJCeGpifePReUmohPnlbOe9XuN+rYE9uTnolf1NkqxjtXNZ4gltK0iL3IP3Xya9Ugqj1X7jzYXiPJCPNMwquVSw==]]></Encrypt>
</xml>


2017-12-23 22:58:46 debug :
------------
String:
account-ticket<xml>
    <AppId><![CDATA[wx7f83e93205d2fd31]]></AppId>
    <Encrypt><![CDATA[4yQIo1eMdZ4LfZ4WlGi/xAbn+gVqshmdI4kms++vjymBrQEvCNyKuP7toEwYw8MJgD5u869BbtBojB/om86U3Qdrcae6QkIKcGHpdMl2XU/oklAB7pVBddoltVzdrjdt7LI5BpTqduPlftXwmb9Q/4D29qj5DUnpVrE4xGg10RiyFUXd5auonmzSoNvnGendAK01Yc6w/HxvNT0nagFMnMw9Goqdv44UJMTSvkG6mA3tD3CLyIOkvndpz6ikmdBLTg1cpXKzzsMjfL0KFJao0yhUAwn/lSbgmqgio25pkll32NoBdnElU2nUs2C5YhfzzbfzITSLAHTvuwNYiOQ/BhaGAuwD4ugEVfVJlJ7MvkKY9q//kSyh8/ODVbQOkKTMmFFzfTQc+JEZNCeJNQBd4E49e2T9+fYBzJ92v8s+LWEfyb/e0W2fmYIQAy4xiCXFKqzgTUQ0qhPhaANc9Nx0xw==]]></Encrypt>
</xml>


2017-12-23 23:08:53 debug :
------------
String:
account-ticket<xml>
    <AppId><![CDATA[wx7f83e93205d2fd31]]></AppId>
    <Encrypt><![CDATA[rpMuukcMD7Evy/k2ZKGsPmu01+uO1Ar/Cv2mCNuQCwFHSWSqX3JSXx3cNQeloKWiztYy38e9/5wb1lZF6GQTtLLFcH783uHR2C7M0aIsdebFoZrdkaUluevevHF0WXEAGKRqcFz0UZUYU33tlhRcSeOukZ6ACVL3A0jGjZP1hcLth38PKgRs16EYXJ0DJNblLu2mgbGbVf9BHKe88lEXjZhj8dqfiJNdl+lguhags5w8mV/t0mXAyXPzMuBZ/qMrnS1bZbWOO/o5DJ+USZy5Fhy0t052fNhL+z20cAVug2+bwjxs3tfMs6VP6jDmEUYI09t7bjd1yE6xymUi277QFy8o16JgXN9auYDFRVWt8qjYsk18Va+kaYyr8dC0Z9dJMKISuIggUv+fN3qWvT3uzALVTWuec+m2L57ocqTTotyye5cvfnjdc2g16LM0/EcC4/dYRB1Umvj5uh+oz1bpOA==]]></Encrypt>
</xml>


2017-12-23 23:18:41 debug :
------------
String:
account-ticket<xml>
    <AppId><![CDATA[wx7f83e93205d2fd31]]></AppId>
    <Encrypt><![CDATA[ZeazWDVn1Jvjm/kx/HIzpqqXzh8mLh6v8gCxKrj30OwFlic9aRB0Nk2jz9sDtPgMb3MiKbjgm4+NbLOGkJ5pNek5I4mGJyR4nnGIMdUrv+0JjWcQyrz7SP3RfP0I3wuzYoUYMW1I4IMlpVssjPfGbZ1Wpc5vxa6FV1aCiEy74IIhFCQhutd/ABe4WiRLwtLuhcpCWHg2N1NrITDnbkuRDfj4lgr+59DtecKOReYYMIV2NVKySnt2JHL0ORPyQFrw6n6R5bfMQJmr7CjdzP6DJW4zPtrM39YN1Fq4c5iM1AMpkPK2LbRFwE+fX4n9nDBOmOIOnY7zTTkUpwIzse2I9vuVhMf0owtBDuiRr2fR30pXe1d/tHf9A5O2y/QLXDoF88Qw+QGe55Za0htuLCaPs95BmSSkGee7VLqBSJgBGueOoI1YoJKiDuymNKpoJkWuh+/t++AUkUlBP0fPBXZQRQ==]]></Encrypt>
</xml>


2017-12-23 23:28:36 debug :
------------
String:
account-ticket<xml>
    <AppId><![CDATA[wx7f83e93205d2fd31]]></AppId>
    <Encrypt><![CDATA[JyzoLL/chGRD/IVfOgdssipW4g9ifztGXxTnP2noX7HuRB2IRYi58j0JI2upiGNWcXGnPJ4wH5LRf+InaACoj0dq8GCvJ2pVKbdKEVncAzThki3gLEI6gfdVmdLccPLD8/V0xrHOzYJsCk3WTQx8ScusxfLALMFX38IZIkCW4SUsPtwI9KDTY7fTuCnqZ+W9aGL2DjqYbn6uy/dBnjE4dAoPvrJBKwhJzz8pg5QE9GiF/hBGsEl0qTA18CO1kwAq41LW8mh5CkimQ1xv9iNyoGGxM/0zNVDMN52nQMDoUu50QsPZIhf50p9MeWk9xPIqI1mmRi5gBWCHoVj/ORW+ErcKr0A+n0bYg2QPD5IcZBzFPcHXPHmIRBZn4BIKDvwZ1EFadaMJCW4a03agAKuOWA/5VI6NEM28U1/22DgF8Yxr+zK3KzVv2riAgb/Dfa5m9CsEK0TAzvbwLrUkN7cx9Q==]]></Encrypt>
</xml>


2017-12-23 23:38:41 debug :
------------
String:
account-ticket<xml>
    <AppId><![CDATA[wx7f83e93205d2fd31]]></AppId>
    <Encrypt><![CDATA[gf4482NZdeRD20wIj3NnJmu7Yo8vX2QK0tW42NLd8HbEEkP6Yv2DaBr77urAro40qbR+RNl+AHseH7Q1LLRjISaHZ0XLDMBrotFLMY38RNQg5O543rcM+pxmMokvRDilwlGTIVX0ScnRtuHzt24llVAXbSZKZ+wk+u12SZAIPw02AmIkdnoRvfmhAaM2j1HF76qfxhbAkFWjfzqEEjFoKkqWqifJYiBQu/oNrS2hsYB/AnsAb4J396uctEoz4NHOys9xixWE3C227bXD4mQKtHIaTgiZuHG3Hi4LtooC8JZGRLmUbY3s/Pwd34Ojcg2cH0JdiA1/S7iD0ZqMj1JAw4a1GfpiNSpq3OltLo819dbZSsyJdvUxDauoDYvAmuOFshk/Xm2ezsEuuulgMGhnbjVIbgFDtOxuo+Cyf52hojqQxWoTV7WV8PvJlDZ/ozE8z3VS4F1EwtYPZhCR7md6xw==]]></Encrypt>
</xml>


2017-12-23 23:48:27 debug :
------------
String:
account-ticket<xml>
    <AppId><![CDATA[wx7f83e93205d2fd31]]></AppId>
    <Encrypt><![CDATA[UsOiTEwra6zNTT2oSVT/cRc3PmPvhBGMmRtDogcxJdmaQedk7oTCw4jHAXJuzP4fluQffdvYzf3JNQjKx7pLHfERBAGnv0fW6oJYodsK+GOUSVQkSEXuZX+XYmrCjAtatiyqu64JybzIQo6DtnDjPDpsTVpafyGVWRGclQDSSE+Jh0pGk9col8nXnwPAZ+euFf8DTrbn6puRnuhHWdRBMD9VR6tK2n7JzR6dnTmdWsFkXeQx0g8LRFrmeKoIhlyg1ckimhqriag8GmyfvTF7S6tv3jiPo7EKtywmrbqsld2FLLmXpqoHxp8BGsOigkf4y3AtHBkEh652+I0amp30eOpGsKVYnWW9EKlSQJuDg9LDWnuY1mYd2UJ+erM7cbuA9Df268mrWovChreapaMDiX5xBaJvXHa3O9SAsGp4vB+TM+6wcOn9vRze+ptzg+zatnDJ5n+Xd+rv24PKinxUQw==]]></Encrypt>
</xml>


2017-12-23 23:58:22 debug :
------------
String:
account-ticket<xml>
    <AppId><![CDATA[wx7f83e93205d2fd31]]></AppId>
    <Encrypt><![CDATA[0fBdP/R87BOdeTuFahB+M4IAOPOG58DoIdwEu0D1JmSbOexDnjfePEyxBwYpk8ZHEdhWY4gfPKwSRJTJL3aM8Z9BwG363OGbZCyFLdOTG9xcBvtFpUWPpavC1wTQQplJDKNht4QB919PYgMGi96SkoKzlCgKbXZcRrbM6clg6p4GlXy68TVORvUxLValwpJKypS7XrJVZBzYbsW/UHw4sCESTuc9wFyp0iU7jhsebXAf8DYy67hCy4Su0O5xzVH0aLv2RPvuJm4WHCmi21tKoEWdAoLzc/XXrrtcJ3rQk7cVu1QWt/Pkueo7u8CieJrFyxHbqPMcP7Nk+2ut5Lv4GkOZ5+tajWVSqjddDFbVv9ybcgoPyRfMQKaqBywCeLLGGhcL85PK1MGwI0tK3lGKzJ8TQyqSqfqjyRJqAqMsP3ost4jmObZa4glepsSMiaSajbChjOceGTO/vyFManNmVA==]]></Encrypt>
</xml>


