2017-12-24 00:08:39 debug :
------------
String:
account-ticket<xml>
    <AppId><![CDATA[wx7f83e93205d2fd31]]></AppId>
    <Encrypt><![CDATA[7siAp5o3Dn0/64fGCA5hR4zGRsfg/N3yIYLhjB112eGE7YwuP1Qx6hxwnrN/mQ38TupdFET04rvEC/IK/D5UdqpKUVoI67y5BdxA+516eV2m6gRoJqpsaP6h9jfSBlWsCjDDHSyUIuuKnSgZngEWGwkUb8jMF4QJWEhzmUktUn/oAoT4VEW9NS13QVLTiK+T8Uu8D/ScPRBR/Ke17bG8cJMOv5Qu3y7iZ1Hc4inDXJSXkQqz1iVIddjpgvvaqMyI0331K1H31LS0Z6YVKk4M26c8Iwo23ALAGNa30gozho0qe6oKg4GgChvStu7AgmdAb7vgTbtVlUYl/uOLKB92JxasmLc9nMOb5tjTQt5RrwxmPFFjo4AwEdbANMFtcKo64LpEYPl4PUF+x5WlmV8XZ3BMcADtEDioTNaUg72DzmaW92vYsF52TnHEreWNrg1+u3y7YXQPXdS6kiJZ+BdoHA==]]></Encrypt>
</xml>


2017-12-24 00:22:17 debug :
------------
String:
account-ticket<xml>
    <AppId><![CDATA[wx7f83e93205d2fd31]]></AppId>
    <Encrypt><![CDATA[0HOlu3b/rM5kR0i7nhIoYhTyGETbUJqlHM566bmT2+jNUr0AtXea2cBs8SKtIDgxtTmGyrXNNH83+ceHz6X+CU/tUJIlo/ColSsajITLKQuTeY2ZXJ+ZVe5jXbgrxekcis9vArTqXSoxoop489vJ6wb/yyl8cX4VQLKfLl1LjcEEBEobU7idst2uMtHdvy33YCZ1fTfeEAA0qlKofMlDt8yTcEa94dTfdSUkn3kp+qYt8ilknymBB1Z8buUjXZgUwdern9czgQxJ/UUfhzBapCZV6qUSYbG/nj9XJ44iwCOMGweNdNLAubhlSfvPp0DQnpM2kuPs9py2HWT7LQc9BvYPDwfu/Y3GZLbmFXDegu4UIY1b87uRG3t+EdZR2OX7sVMDyl4lbSQ1gbTDqsz9G3mk7MPQ66hnvYBo+HEQkvYV05U6b2Dbkz1Aod+fH6kXe7xwuDQghdhy4K+oArpM0w==]]></Encrypt>
</xml>


2017-12-24 00:29:11 debug :
------------
String:
account-ticket<xml>
    <AppId><![CDATA[wx7f83e93205d2fd31]]></AppId>
    <Encrypt><![CDATA[U6xPguBxfCBLBaEfiPEsKxsMUIvpzgDKIOSUZKeU0a9OWVk++emH4ivd4UUj9q263Wsk/n146V6uB93BR0EnO8WVYf2cD1B2+ZbJU9H65smN9OYPuu20z+kfWp3HMU0pmxMNFGIH+p7HhtbtnGTlZNwKMpakSyQ0sWW3qQmrHWN1o405Xelt3RnWBXNFq8p1hWLaIlaSl+G8PLdxI6S+gC/uiaRLBfUWZC0kMLdqjYe/Ktd7YsPJFEBFsct37UTB+MS2oFnVqItwAPMiNJMnOFdb4B9CLyeOHJJWajRyEBSfT5u9kQrtASaPZrWsAnfusR5ZTKGG6uFuUUUyFd7v5j6Qncj+gapkAP+rWMaBE8VPBgxfs0gFKN3uNyOakOOixmhC0+Dsn6aN9mC3pb+ZA+mRq7qukN9yQVO4TRNiR1bqH0pynR3/R6eANulcTJxJkCi4vilBC0kgGDR1PLOshw==]]></Encrypt>
</xml>


2017-12-24 00:42:31 debug :
------------
String:
account-ticket<xml>
    <AppId><![CDATA[wx7f83e93205d2fd31]]></AppId>
    <Encrypt><![CDATA[id7LDdWwIegGpXo3nYiORBNbGAJs6s/3AQ0CZjHZrxNVunMwxKDFndc7VRowB38aiw+6rPhPcEig/Vhc42U3VYpWQG/g6sBsXgwyj5dG0j4bcNwynaSeFfinpxf4E88FPSAamJwE3LS/kWmsgfLC5QBK7S205KqMlDZpjtLVwamisce9IsqJ1xuRfLO6Q0a8c7ka7OAXJPSBgFiyfR6hioUU2BOGEmEShqQz0YVHLYnDNbgh576gdrRSpOkMDMG3GveHbq+V/ZqxxVTvP8SvkYNZ7KxAfl8AHrg00ZaJgETLviMrQNBc9PObG+1ioqQp95aIiY5WWoiswNDjg5jOcak8yF4E6h0P293jhLR4TSbLWaRShv3mzO6/BW9djRE+WF26J/EwcW/p1iFRocpfZMkFZ+Od7evtCXNC/HJrhyDZtT0SpEhuJ9RSzs3LFq00iM68krcjn0S+EBUTJsFL/A==]]></Encrypt>
</xml>


2017-12-24 00:49:04 debug :
------------
String:
account-ticket<xml>
    <AppId><![CDATA[wx7f83e93205d2fd31]]></AppId>
    <Encrypt><![CDATA[+6CMxrr9yn5qAe/9OrWxmzBBPecPr59xIAuxSaWaJpNeezZojZ/RptBmPN0JuI6E9TUCEgo+PpEYgB5gcIHG8N+QO74mSdzrwn97G2Lt6htGjRvpJups2DuEfGnI0UP5CzomP+eUtCnme7LVL06DfaKp/0MVicnwvfzPjktHpLm/JP8CiVTmxGi0mw+tcK7Fvix8mVTSr+pha8AxWQ/ohtzI/yYVsNNolDtyHvjdDe29lQi3AKsNkCdn17RNWxYiKyACokcyi1lU51DHnAgdNPjJ7m8q11aeUxNg8D6oxKLeW6UGrOUJGhNsVuieYlVbaYWQtG/XNfLQLWQ6yoXo0cj7z6izmjoOO8p9nNW9eExW8HwtsHueZpaWQvtQ0XGHS0JMlF/kaAymoMlGwMg4At6C9J6cIl2/IONFWhYNvObTgbbK9JTYvVZUH8VdD4Qwfdck5dOc/AvB08w/N6jARw==]]></Encrypt>
</xml>


2017-12-24 00:59:06 debug :
------------
String:
account-ticket<xml>
    <AppId><![CDATA[wx7f83e93205d2fd31]]></AppId>
    <Encrypt><![CDATA[+DTayc7mHdJkPpoiS2FAU4bY1xecFjK7INXNg+Vt9f4JdHKIzwARhUltW903GPFeCv9rNANbMlTPi/ChvTS3eBi25rRZu6cMAUqeEm2sofnj+LN6gDFj1jcZgds+8IFaMfM5qLJB5TrWS3Yaksk8Gaq6HinpeCz5lUo77XOIY5LMu4UQ1YHFOzqgMOp565tg4ChCE84FZgT/La2xq9zqQRj5N7KgFNqVahGrIWECTI5sVRR4Oya/65a4l+oR8yHO2WuypgYDp9eJiwxSRvY/OrJud6HnhTC64dsDzW7Pm1zZnW6lZ0T2FEmF/SLn8HSm9Iib7rOMz6MrrWDTmRTHfVDU3SINWqSqEgiZTtsEwF+TKCgAglIKhhEw8GmTVqlcUQa5YRFFyqU1mDLE2A4fxDkAzCxepcxLhtkFPlJzy6tzvj2OaUbmDfUOKeX7JdyOk4G46l83352E6eow1i12Eg==]]></Encrypt>
</xml>


2017-12-24 01:09:01 debug :
------------
String:
account-ticket<xml>
    <AppId><![CDATA[wx7f83e93205d2fd31]]></AppId>
    <Encrypt><![CDATA[e7OidcjfOd65cy3CdaIBxlYvLdfAn1wLB8kKxQ1Nz4ua0yeIaf5mea4DZP8qc1njkwxAWIizly/GiSsjX9ZbwQ21FQTkFF+f1dpwdpSpwd+eb+AN83xUkM46FErCDo1Tph7WjMKbSLIYIQS392fnENETRBeJT8YgEVisGYDx6aOhBZS7a+/W10hozq2n4w+z2RPpyp2N3URsRNqlDJWpQWJKwU86F5UhSaI7viobgzNWzlbTLX7Vhx7PUAYzGAvQD01fG2HwS6uFGBymUBiefDJzleXXM1xiclBTCZUeA0mKk8jk2l+HAj1sDNgd1ZYIvyp/P1yIGufcSXl82CSqALnNswf+LNmZ67nmE4inH9IHqARthJX7eG//YDd3r/tMjpbfNbSuFc7xyv0Nm6hIPSD3SaCs/jyMQ/lYEgRF8pbrSy5OiYwjIJO2kGRYBsG5dz72sIaQDL3JxchxMktQxg==]]></Encrypt>
</xml>


2017-12-24 01:22:23 debug :
------------
String:
account-ticket<xml>
    <AppId><![CDATA[wx7f83e93205d2fd31]]></AppId>
    <Encrypt><![CDATA[G2hyqsREuAB9OJt90HnvSCxBauFI/zuxYL3zIv6Ltc4iN0Aq1yH/fLue5q8V1/BxZt5MKAQfGnvo8WLqwSy36AseK7ssgfTx2zF6ay3ubSTQ8jHc0sVeMLuanPaP/8w8kpUpHAOAwUfpJV/6zyKn1k+G9NE+cKIvJAqkyLqoiQ2SFCnDVPkGL1IkOyZqfDhv6+ZAnAlYt+6Q74RTcBV4J4Q2X71mvxkc29jTQw0vAuD54iLu0WTcRw8ao+esq7IQg86siAdctQ/jiZE21obmXt00e7I0F2TzRLd1P6vIrRurKVfkjCH2RyDfb1cue7W7AJMU2bYV8K4bwZACYrAdk8fd71V1wBMy4a9XQ+SGQN4830T5FGzcph+km/CgRcrxhSjVD9vfWAM5yfznsNZcLcfiyYqQwYS9ppo9lM2zXtk43OI22oFmQtIdkSZUi0HSkxjZdjA3nQpug0SRGUbiEA==]]></Encrypt>
</xml>


2017-12-24 01:28:32 debug :
------------
String:
account-ticket<xml>
    <AppId><![CDATA[wx7f83e93205d2fd31]]></AppId>
    <Encrypt><![CDATA[m3FBvpFOQYiwnkfBTSaXZvF1cOuAjyIORTBO3t+TqtdAUftTfth+T6t1/NgfJ0kXonR7QOVm/GL/HHJIhiyv8dUvnmym3Vz7RHUVYdw7WdcIDJXLl4IkvuVlz03XjZxlsxZVKNtb+7Rbcei8IPggyfdjSOS87hfZw/FRdTbIAZjjOVX6ZTKj6UO1GqYP3GGsk0B8oLUrKrju+kNlfB35JTfW/6UhEE816I8+KsAufh19Qcgj4j5SIiE9r6+eM25XiLwQmKw0tAatRQhj32KcrSZICzi34feu+KyuMSqNDEKY1dGRXroR8QN6iRpl5ip4Ik+NuxGPPxnnyVC8g0SOTTZH3r1sGdse4Fd3VK8myZjP01ddUh/g5eaLNuXbLSfahuyJoUhnSeiBMwDF2EzOwI1J5GM/RYfQ8uYKuwszoW1nLfUxwObeM7foEfxKgSi5q4QPBVQIZHRrse5JFgJ69w==]]></Encrypt>
</xml>


2017-12-24 01:38:50 debug :
------------
String:
account-ticket<xml>
    <AppId><![CDATA[wx7f83e93205d2fd31]]></AppId>
    <Encrypt><![CDATA[j88XMFePh0UsAHrR9zPCBXPPbK7jP664eKVvJnEEc2x8bqZIh8UgpS20cN+atsHqbRsMg2YqUB3/oCVTx1ulniAQ/VdlcUZB7PX+PPQnHGqChNWrHq4L9wh9l+03FglzrrJ4zFRcTFUaeh6xOvy6xJMVsH0tkKWGYbuICIN2aBl6nWTlwgXABhHNt+/8sCVaIhiC3yEGBUUECusFbaQRWe+9L5JYANdT0vsR9/WT+MVhO/P7rsrYTbN3jjGdvjcw62wScJ+mjKdPXPwP0IwJ/nhrIE+1gY6/6eWnigTXhMycaBCQX3CzBl5IPOGSuTC/E8/vOlZfP7g72nXHXcqmMxbzfyLSYOOgnjIM4vaKL/K8Furx0NAFZ99GuXOokHxhiTlsJpOqyCW1dWEAz4tZRE0h9rQFLJtxgxDg61v4Nt8dE4nhSYswI0O/bGnPbuuwqXzq69/IzHGuJexZfgREwg==]]></Encrypt>
</xml>


2017-12-24 01:48:37 debug :
------------
String:
account-ticket<xml>
    <AppId><![CDATA[wx7f83e93205d2fd31]]></AppId>
    <Encrypt><![CDATA[OIDxouHCh5FK98vFDViXN8A1+/2z4mZehdjU+44fP/JxSczpyN0ZnGJEegd6vLOYpQwXIo1bNRCZOmrBtTsUtXEV7Qblvrzym0wTXgasMO9sCLUf/4vawL/PMgLrE0A2BfLNNZWdnOsc4deVVHSKFNL7KSIYHgpfeRNZnXgupYialDew0l+yi/Nd8k3WrgKiURWX3iTc0jPKdcinZF35s2syjTfvBV0rT9M8Sldvh3QHjcUXpibO/zOKZJqo29l1iv9s6BQVUX6WtkQn60OrB1nfxLpUz75sdb4jL1vA2JAmDVkURSkhmCLrTkp1Hfz/XOkOIpL8ToD6ydWS0L7L7Sa8tDJDnxvnoLnWXGtjDOHelIGXrgM12ShcVM/QjhCfMUIe/Xe9+VMbqxTw1/UE2B1Vfdrd8rG9PBuWcZGaFQR0xzJ262qIQjefp2GT6Rr8tM5Jq6PaTE8baVYMJEoPcw==]]></Encrypt>
</xml>


2017-12-24 01:58:38 debug :
------------
String:
account-ticket<xml>
    <AppId><![CDATA[wx7f83e93205d2fd31]]></AppId>
    <Encrypt><![CDATA[AkqseZYKsa51f+3Zqvte/xYn9wgdSV/Z74S9z1D0emhMto66okwv2tYw+PrphQfHJL1gy+BJ/0FeeouizikkBBjVhhyja1KJEXm79F5qVD5nREPSK0Tu0Zv2XRHoeKqQ5giP0VJz91le2qdtbTWaxHmlqoswn2bgOUM2OlAHdT/i5tUWL1j+cWZMERlaCR1ForL4Bx6vXCwgITQdxUn4TelK6hmVg2tfnR34mPZli1xx3Qrn+amYqOyBHLbXPJiCFG3GcSuGS3CDFI0CsCTaj5FIhC54TQvDBFRL4OifXN93s7W63y6SK4m3/g9JKwcjJ10lcfpFHalu+uz56BdDfVjeLnfLeVocfFbUOPCRc9Y83KH+UwX4FXm8J2GEMltoyC7DFiXAXrFskCPXL+3if42baIixySFCIsohee20Jy12p3gpxXsPrPHlhDWpnGPWRC24FtHI8SpgaSUpYpuc/w==]]></Encrypt>
</xml>


2017-12-24 02:11:20 debug :
------------
String:
account-ticket<xml>
    <AppId><![CDATA[wx7f83e93205d2fd31]]></AppId>
    <Encrypt><![CDATA[ZK1aRD+NRbiWSW0hE/kxEakyE0RSEoCi46PGuvcb2ICx5GgRcZxD7zyL+dNImaZR1jA5n+QvIVKOk+RLogH4EIzPWIav89RCvl2XL5yklO3oU5zqvd3QE6YRN3z9vSi17yQ8ZuHTzR1KGwhIyWMoeTylJDc/42jfxgPKaexQcBOVQdCTY4mfBJg7jQiBkn2LnMeFQA7zA+yVQNtuBPGmgEj9P4m1mDIJIpiik0TgpErONjBL2j4MpH12/Y4srwENbkHOZJGt4lepVdU/lAm0atxgChONir/HEBn2hj7ayfmMP9s4bMxsYIny3/JRjR1GQ+Ixgcli1hCuZWO60MCD5cOqBHGXqMkxkWJwBoadXOuxLtBhAgA62bi2PWtIbHyOmeGO2koOzb8zKFqwoWWLsbbxSX4vpono2f2fJFrtISU90EVa8FyMVMHsSXw54uMHgaLO+Ljqj1xf3j/o+jFgaw==]]></Encrypt>
</xml>


2017-12-24 02:18:39 debug :
------------
String:
account-ticket<xml>
    <AppId><![CDATA[wx7f83e93205d2fd31]]></AppId>
    <Encrypt><![CDATA[TLTPV+cYj1/WKteXPRNug5V/z4qnIIQ/M9HgeUQFVtxLr6enH9Bzr2PrWZF7Q1wtFdccJRwv+CdpZ/WRuG7gb9QiQm8ery+7infBPJeKc7v6bhMX1+AwV2yjzEIzvpAFNz4agyBBkQfAfhpe5jyCRaEdS684SxG6bzJAUxP3Nn0Z08BQOVl690AIT82tOGPq3YQXGYJP9ohr+dvyMOpZkz7rzOa/PIcrzb7F0thD1R47KCmpGFUpiSoAW/FmxNYo0j8B+pELfWLmAfb3IRVVr+4sL7P6D9BKoNQT7WOxCGfjQh+N8rlmAcG2BV+9NbkFk13kTc2izdQZcbn81oSLsD6h7SsFanDH6hIpA4CvTr4RBGBu78ZKMX0mFK6FgzbQv/5WUKBGVXAa4q1AgHow7EffS5vk8zWnubyk3IL21we+O+qNDo2zCgcvQNfDgTvQlNBA999Y7fYddZe54ooZ5A==]]></Encrypt>
</xml>


2017-12-24 02:28:31 debug :
------------
String:
account-ticket<xml>
    <AppId><![CDATA[wx7f83e93205d2fd31]]></AppId>
    <Encrypt><![CDATA[P0CIApXjRJ9EaAvLTPIFCpPv9PjiB6EuZpI47M0YnkiKKiRNlnP6VBZpzue14WUeoJuR1E+HrLsURgd1PB9i4PHQPzbXMnsPSDK+HtMQgeTa/w6HXQzo3JgwtjHxqk8FR2B9iYGJlPBTgS3i2HGmmCnb4DPJ3Zw7CZAEZPJxy+AV0TVMDAVV5/EAoA3pCwpulEJ8Z+abzZEMkr5b38iJlrZtkdKP/JA94kszpXT13VRoCRZbrz5TA11jrTdzfnk7rxjRngUfso8LGPxHv5eBV9DdwDxlGbxRRXP1ME2GYCks69kKeLOoHo7hHzvTqAEZHwn+s62zYTMxzYMdv8bXdLY29WGCSlPJWh8xCfwWaf5YTDjSVAyz367ili4YnGNyQXuzghnRFqE62sLIj3ngsgFC0t5Gl7xUKbbl2YOZApcPfAhOau3ebykYM5PKDtMj/P3X7lrRI5jiF4vnkbf3/w==]]></Encrypt>
</xml>


2017-12-24 02:38:46 debug :
------------
String:
account-ticket<xml>
    <AppId><![CDATA[wx7f83e93205d2fd31]]></AppId>
    <Encrypt><![CDATA[rFGxwtfsAUbKQA4dy9+xAEiXiv6FSMd2e+8jSzxGY5H06YuV6dzhpChemhCMqIjqneYAmYZuAsljB5kBvRe9bnO0Ivo6lBXlEKt2+mIbHtMep1RyLtNvNnkpgP4kZ/RJ1uBs75pgV+EdD467LtjHSQGubLnsqWXTAWGnpYA0Qgg9SGWGakfbcB3993j3zBJotySp422KuahYJu+aQP91+snW1kEsgdz9WU62hwE6TnAq8D/TAweuBQYy9ytpBC4hErn5gauCsrkNIWbV9DNy3BZZRYdj9awB6VdG1zK79uEncDhpcZ2Mdx271zi9+81e43GX9jFc6XXPTLQUPebRfPGGMLjlJXhHQyWvE2fOXlH/TWHl5nqh5XfIbd2d5h4qNmRx/Zvae0cmUvqjfaKy4HlECiDiwjWMgt/WDVmnmQfluERFn4ow2cggqfjrvYOBl3G7WRqslYrdLUmpt+3MGg==]]></Encrypt>
</xml>


2017-12-24 02:48:34 debug :
------------
String:
account-ticket<xml>
    <AppId><![CDATA[wx7f83e93205d2fd31]]></AppId>
    <Encrypt><![CDATA[WMoFbWdI2vv6qC+psHQqbzWC77H4/WIExpQH6jPOWxlWqQSvAEiGl5G1MVp6Pm0BpOyccTE2BuVBDw253TTI3k7NI1r++acaWftTPl/5pyoIIQ9RqGGLUvaSEcN8jaUo5fQ72JhHvkZlxRq1iZDmutnpLyHbg0UInV+/x8acd7/ERn+at6V1WZpSSx9aev5Y9iIUlmEAa/d+NiQz1NzK3QmDNDBqN/vzEfM7w4cnRKdOPR7WSQmIE81d47LuBOd0WaOOYaOn/OyqdOycVDt4lyT4B24LGZT3JeBuoAjI+6W+dEN9kCDiCboxeWCg3Wi+eVLRoYDKm4T+owZ1o1Z4cjDqBo6BAj0+0+u/hEksGRISqoAvxrY0LJN+6X5c1FmxIjfJTHlz/I4hIBtzMNBWFRkC7irw9bRBbb1sQ9LJoKGwSmkkQUZpehjfkk8rUs3HBQJ2PFmRj/Q17m1eJlbBcA==]]></Encrypt>
</xml>


2017-12-24 02:58:45 debug :
------------
String:
account-ticket<xml>
    <AppId><![CDATA[wx7f83e93205d2fd31]]></AppId>
    <Encrypt><![CDATA[8JSJrnEkOi8wIzcx9bzxfaUFxhDSH+qGkm/9g1VSWFH9Q8oXLtiOPGaowcxVcDyraI3qYnpxnSZSPJOUkjBm/ScqQDkL1k+vI1PDYlb0T9pC+EVuMWUAkfwgdJDDR+qTQ3tSAE8nK0oSANfbn7lOneeAtrzqBJI9SpAC21EdOynWfasan8BwoyCPE5g+NsLuTVDa9BiAT7iEQmUnhMG6UG54qHGOVAX1GmdgCMmniCDXPJOHyKm49/SZqjM8zCpSAHpo5hHLk2ZPl0O9yEGUbKEbHQgPXt3AAwi9hbAoJ+0FLobsKWAuPO5eBKCtVP3FWSOs2CT53qkBAD/KV7O4fsXc0W/Uc/G510/MmkrAsoIhocBshZyNrXCZyw7uqljxto8pdd3W6oPLVmYZcMON3v+CJ7/V7AEekBpn1fR93Gh3n8ww5cqFXU74SCNSbzsYll8Z9wPMN2eYJCmgt+FmcA==]]></Encrypt>
</xml>


2017-12-24 03:10:31 debug :
------------
String:
account-ticket<xml>
    <AppId><![CDATA[wx7f83e93205d2fd31]]></AppId>
    <Encrypt><![CDATA[U9KiokkRBgFI1AtJlCaRCaj2WNjiLb4V7oRzyYH0X3G2elhWzeXEU1HPg32DaYPvsNpMRGi0a4X+z2V2llkN2iKU1Co6Nd9Q5hlfzVWdOtT/HlMDtLyxsOoZco3rINluEgm4RymMbLwrFgRcIQxlaUoNIkpht+TMFavA/ato5bRkrz+G99vv0i0xujZIzgTnFdQ5Kopcn3VZxqJ++sGBH4aMXafF7ZBVmzSGJppcKqfgzoQtgyvkL52Z11h8V34RQem/uYBaJBUhtTLdA5LZjHbjONRW0/eP3zZv+fNcgZm/sVgkXxOEgF8DDL/pfo9ArYZxynCUDJrrD8sf6JHSJ1VmE2jKlUSFyM31hCm9ED1UKTX1QSKMUDMVgOgRo+fTY82IdHzBv7DCwTaRpDS6x05SY1U3wW6V5e2lyzPFdmBxgj7o03fOjc5WKZ+OKHzSfUOb0MKGzSADOCOFsIRXDw==]]></Encrypt>
</xml>


2017-12-24 03:20:06 debug :
------------
String:
account-ticket<xml>
    <AppId><![CDATA[wx7f83e93205d2fd31]]></AppId>
    <Encrypt><![CDATA[/vRKjzWMskVJxtFjMqVTx/Jgteggxl8xKJwW773vbdeZL6yL43Asj++oztMhja81gC/74KkjpotU/eiXd0mbR9guPs//Hh94hly/5JTYhkBJlKVNQYzM6NDxmISoTt0lcbz0u+CQgj8CvgB/oAdEnvMOXWZFN7dS39/31sZJ70SCsRNkyXatVEg+TCxwtZfqGolo2qohTjOvkJqHws/MgDk/5lB8klE18VlrweJszuhisp4r6h0dxevQtkO+q1I2Ajuj+2u2yOMKyTE4Jg6FU6g/iuNFUpNtQk07q7rSGgyrN4jooFp+o4jSqgmogPBgwkkcv15UKGrEanknlP87Cc7CCIttZjqie1T/2aOBBPxO9VxpSx1oNPWOwuhDm/PeJHJD+akmrQbXJAalQvCaG4p3xTtSaQ63a+ka/pAWa2QS8SKzn9XpUdJwvXK0yg/f9ANn+64bLUFZ7RYIEbUsvg==]]></Encrypt>
</xml>


2017-12-24 03:30:07 debug :
------------
String:
account-ticket<xml>
    <AppId><![CDATA[wx7f83e93205d2fd31]]></AppId>
    <Encrypt><![CDATA[PUeRJfj9042yiTTwLLBa+jQprX0ltGvpXKD/0lfPkOTenxz5TK2eKxslR5J0UoRNz8TEgGH5wgW0+Tj9bFn63UHC2iKzMB5HToIfcZcYjMliMfh2gpoxdQiWYd8GSUI58vL/ycssNoKCZVHxZx8jcdm+mGucaiE8T/lcL9Tb9mDeZHHNKMzCpXHLOY7VQLtD4cq5gscy/dzSdYnhkomK5GaGAn7fScZNLHYMeXIL5WPOXDmqBHkb79lUd4uikTa/iMYfDnetWhGD1wm0cLG0w8u5C3FwRmFDx3QSgbQmFaZCI3ExDtHJtaw5wtz1vA2e6rXQz9oPFlMmZSfAzTU4NKNYOnsQ79EqyqFIQFDu30LTLhJwVJnlL4myRhgTEjwbiJwLeRQIEg8rEAcZMpPiS1zgMdf+Q3Yj+7zhBhq9KInq+efu9lbkT8Gcy2z+B79RzIURzZl5NhytS9nIoUMVzg==]]></Encrypt>
</xml>


2017-12-24 03:40:05 debug :
------------
String:
account-ticket<xml>
    <AppId><![CDATA[wx7f83e93205d2fd31]]></AppId>
    <Encrypt><![CDATA[Gfn1+P4ah44brGZXYgK4vyi5M9piSAN2Ue/YBeIetVolkNZyjbkEDxIaHyBw+pvgjjmj/FxfMdTBD/Z0jlftEyC1DlLClbT2FqlE8VQrpRDNA2J9972l8685kPce+kU1iC2WHMcyphDMTSQ7KrW1huO2Anp1Nti8wArEduAAbLXhozPGqrEmTwMoR6cWQQsrIvDvcE/90r7ozhWHTAmwb7fGYHUNz3cF3wH5u1xV0u72fudLARrpZXYfGOv5YUtHeSJ3I/ml3OTe+B0Vmru0OHjFLhubURplZZdrHfgFXn2D4/HB9C8XPCHB2pDSCNGMLHl/BDyUaEfR9YNBtbrlJnySyYJMjV/NLpilQXPE4JQ2iJWW5ufq661P8Nm2RfPe62Ejk7FjLGIUzy1ZscPiq02yLMNGssMGm80EjTfPujtHEV7Wh0UJOSRbzebolujJoct5AaxsRLhmPUdZXR8mRg==]]></Encrypt>
</xml>


2017-12-24 03:50:08 debug :
------------
String:
account-ticket<xml>
    <AppId><![CDATA[wx7f83e93205d2fd31]]></AppId>
    <Encrypt><![CDATA[N0opbUk90B+aWuQUET5t0iaveoI+gAqmRs1N6hpuTfeuDbigRj5clOT4oK88t7JN1ETwNIJDnBfNpB6M4H6Vge8Cvq60M/gmdhN9ALMeebOUHATx0QMCjEGL4rsWhi/7P3tCQ6YNjEECOViWhBOyPnNyaQOt8/ctsWL2OIRHcZ282KybLuRgrvsFyR7UDXiCivLL09GHCdg8rCkdpNTEJzYjiwddyT5lyyA+j9fPPxFc+ggLAjdIS8h3wEPe7z9PJIjQShzRsK7QHybmKE+F/gGTVRVQ+lpiwUhXGOCGS/Wfb5pqlW/EJ4Ip340Dl+e0cu7mS3BunbiqFuzUA1iG+uScBcVwG3Vw2dVquydFZnLzWQIWftSQDYcom6Ik24aYrhyuyPsDOjrqkYi/++uOdpyLjEecniOPxH/Xo8WFKmrg7H9tlJSeaxUy718wzrJu61PYRLZJTI0aUcm8BBLEXA==]]></Encrypt>
</xml>


2017-12-24 04:00:13 debug :
------------
String:
account-ticket<xml>
    <AppId><![CDATA[wx7f83e93205d2fd31]]></AppId>
    <Encrypt><![CDATA[51GFRSmoc2IewWkTA1IMZ+fyojY2HqFnX5wPKJxfomzBvtxx28ixhyrbYPG5fzmq3rKdAepKBslfpiufvcqWNHZERca/HKjcWAda/muNMrbipSgvpm/VA41LL9AntmC7NclBD1KPjU7FgbYKnxe5603iFDmzV2P0RziYuerduhlbvXIgd4JEP8oAAiE1byUNcWreo4M88210W4TghfuDpzemUreZk/pOvUmEwRFTXwD+4xZYdyK7TjdNwrVRO6aSoMh5ULMNIvw+e2x4fOcN8GYoJZUds7uy0FrBUiBnD1uzLPGsof2LmNA2Tazn2SJ1M+eJwtRX/wCcYsV6pXvt2/Abbt4n9T/KQN7WlPsqQ0Y/Lwml09V7Dr/eHpINrliuA+m58OXuwpv4HrdFT+WjhiJBMPuX3/6PXl79TSQ3pd6rwnikSdcogKvP/xOgPUF8ztuYRBIPvzHJRk2qXWOQMg==]]></Encrypt>
</xml>


2017-12-24 04:10:20 debug :
------------
String:
account-ticket<xml>
    <AppId><![CDATA[wx7f83e93205d2fd31]]></AppId>
    <Encrypt><![CDATA[mx9fryuGtTOgn7SXiHoGV8Ty1O1ETooh7aSQ0ErbBZZtzP/8tX0l4uXi8qsiRMjM8rf5t/6ou3LLBpwtEBJafDVQFJgDAyGwkGDs2XUTOAYAaTPC6d99WSssItJ49aCJDRUkf+wYjMh2c4I5WOCrAnjRn5n3ywnwedSeDAHO9tNSrwaY/aCJPWvhbY8jp4G5eLBeju+p3ECYAWtkR5onmCyimMnk6j7Bx32OPtSauFeFQZ3KMcONQOyGV88RK6YEGkTfwcWj7SEwE9Kxd8goB6EHFWacbBVkehQF7or1+Lo6ehSSsW/BOQ9sfChY9aMAfYU5GfPA1RX+O4Air2cvuqe3/OHgDZxjMwK60BxL/Slp1iRdNh9hQ0ltSvLydT0gsSA5nqZcJABO4NAoiJ32IkDC4gwdIfRHPG9oJm/d5Ng21ECbKZGLsrsMfFfhYyMzn4upflRAP6xKp234sVAuGw==]]></Encrypt>
</xml>


2017-12-24 04:20:06 debug :
------------
String:
account-ticket<xml>
    <AppId><![CDATA[wx7f83e93205d2fd31]]></AppId>
    <Encrypt><![CDATA[Pxxm2jzYWm8iUn2BAKL79lhOPEAIAUxc6JzH51gg3HH9plgARw95BQw4g06qtOqZlx98PY5vLZTDfHI1f6CwKESjMd8JOgrjHsVGJU7AtHsOUqPpuysNw8VUbPFvnHCMR+n0Di6IZyNsUGy+bRaNsx1s5WvMEQjnV8rcdaKvvNhoHU+NSQ42uFWNoPtf6dvDM/E+4M+NevVxnyYOL5w0WP8Lq4gbzOu8CURDK7elx8ONFfBfTuGwy4sW5UK6Z7cD9hDpYyVJBKdP24GGKf9W+k3j/H/vS4Q/3D9jS2Upy3/akGgDG2jULLJ2VvDCdS08W4w52JO0TTSNkh4kCqYI8xuwVn9kYidS9ynGi/+8A0d4AeOeVHWliA7mnb6kwt5UvyHMhw7ngOGCYDKdJhFn38btUhcrxWxCaBiYtMtqQErz3lgsdxkDY0VhVpUCeOSsSdVZztISmn3HZoJ61IjvbQ==]]></Encrypt>
</xml>


2017-12-24 04:30:08 debug :
------------
String:
account-ticket<xml>
    <AppId><![CDATA[wx7f83e93205d2fd31]]></AppId>
    <Encrypt><![CDATA[mrWPTe/5fJcjNjfmE601HiXRjIJNgMrNz1hHJ9SpZTzbcE0S50lq6pfLc52T/+aUwcLA3/VPj3V8B0usauAtI81tb+/l1qURIOIgwmL4tI3FrrGGd+xRcxqUABajYpNskWSVPUCcpsdigfSVFW7yB43BEBkeySGlbscnAHyrDMQ6/6AIEdTbuevYG/TggI0c7pwzDRYyCQ1FrZ8kUpRcuuOVvukCZtD4IFtHU/TV06yXSw2YUCOGMp6xO/Lw06TObSjS1aPJdMgja/cmDzhMTczeTXcskrvsyjH5fEe6Tek8ougkZ5N7guT8U+tCd4vmGHzZyyZK2WxuuREz5B1w/K2/dGqDuJ/9tcQWMqC1kGcPm8gbL8xLsuzV+P4sPfe1Lqpzi37PqDUi1TH//pNHnogeDYxeT62igwkmZNyqJmJ2fIH+7+iIBLtxr4YCtfi3EwpiMfTqgUCWdalvffiVFA==]]></Encrypt>
</xml>


2017-12-24 04:40:14 debug :
------------
String:
account-ticket<xml>
    <AppId><![CDATA[wx7f83e93205d2fd31]]></AppId>
    <Encrypt><![CDATA[etr8Ms6WBuBuh6UAVDZOzFlw3SCpFDPMy4tmS42qm49ab8jldr06/wNH5KfF/YlfxB0zhN4GWp6XiZpT/ry+F9oiBYsTJfGKB+M3h8x1kUjDqM+j/etFXjZEjgK2fWumO7mvNkUg8rY475+f75BNLySxSDPIKkvATqp0qLMk9J4eNUIgHYZwv7gep16HU9NoiI1yEsv8+S0kho3gqMoJzuahZqWzInEQZ0QdbEzi4EsxutSv4Y4CWrQ4BACxGikKj8kWNVuVuRQWiAxOC3+XJoi0yQ/vb2qJL+U6rFEhstK+CTSel6vNyn25GuYKfxEi2cdovoVQ/2tzY/qZEHEvzrpjko44RUweXVhPNBtgZQHe6GiDApplFi5HV40AjGYXtfR5DhX+3mQTU3PgWM3orqlbK5UOKqnLnMlKVzREEuxyNoDCaVCP1jMBGBvNYISuY/4TfVuwU0QSgEMJgV0tnQ==]]></Encrypt>
</xml>


2017-12-24 04:50:01 debug :
------------
String:
account-ticket<xml>
    <AppId><![CDATA[wx7f83e93205d2fd31]]></AppId>
    <Encrypt><![CDATA[D0QGnxmnxNC7CpLdZb4V/hRRvC0me6sW4u4xSa0wyEhsSSe8M4rgY2isy9Kl13OMcS6GdA2Oz0tpI6s1AnwyhAGDRhUjyvNfnaqZ1UN/dZjP81FVVNLCLBMc7BComRi3e5von/6L6oXAldQflHJrPnf4WrBlmUn2Il8AoE/FPEH7GXUTh64ER2kmXe9FiamfPDtWw+0ecA/JOnVr3bkXrYK4gix8eNtYeaeKK+j0avQJlH4vqch+DjsjvUuFXTFNIDWcL29Rmz50XZln12lzcw0RJjb2ecSMmlw37NgHdnyZn2eCJKxLhgh7wbZFkc+DSD+kFOSRaHzz2eKw2szIzFpxT9cyeYn00HzII3DWr1C6WIEj3R+guP6W3jdbnBjshn3BSWjZm8qLz7ltZhrnIlGgBNZoGuRiDOgAwv82EmsLThPUDTqSR43iTB0rDbgtCpn7A6S/CZOvL8qfcs5vIA==]]></Encrypt>
</xml>


2017-12-24 05:00:16 debug :
------------
String:
account-ticket<xml>
    <AppId><![CDATA[wx7f83e93205d2fd31]]></AppId>
    <Encrypt><![CDATA[vjv8kVzRLzw1Ovjiq+sw7/JXGhTfoCTzEv4VDFk0BMr5zRP85kmALrNd0SvimrPWrpSH2EcRG1lLjXHYUaPmGaR8+ZCnLRqJlh/TStCfqNvRuX2maP8b6H0Po6M2rIwJPnmswRBx51mcuJxWdoTJXA1Df5YYsQC2emiATraHd5oTV2zZ/d+0fLLcXGXiHoDQC12dA+nnH8aVXuDoDgjttGSqjwga724hMJLm8c3jdFoJ29YM9rIm/QHtb2kk3CPUNf3XAbk7AebCqes7eNFsoeeE7KpCDErV3si/vAOqVX4slHEcZ28CNvw0N29zBQGfLSrkBN5PmVSrj2PlshGnNhICd89Eb0yoSHQwsQDaeSrrT+8VTi7pHFuPRLbyUR0jDTLIze8ERmvBnJkm4hALaasHoLFt6wMnvi2T3kOZBAJRmf9iOPOPZHKDitLY5bqBw6wsa7RODqRk8dXEcdbp0A==]]></Encrypt>
</xml>


2017-12-24 05:10:11 debug :
------------
String:
account-ticket<xml>
    <AppId><![CDATA[wx7f83e93205d2fd31]]></AppId>
    <Encrypt><![CDATA[QAZg6HlAj8MwY4/y9DdK1FPMbuRcAKNiw1Bu4ZxBDH0WEccpQd8yM5ZeZqG7mKD5O5BKt6lrWfZwMo/MTuO9WPs5sUrkI5lRcAJk0SdVhw2P2usD78xcGLY8z+BlAhp1qoHLbkfKM7493h52kp4wqiJfQEvMfk73JeRnM+q6lWzBeMlC8hntHBW579TpVwLbaV11dHa9AxYZl6xjBJpAp4v0ePgrXPmAJ7ABr0Yk1qj/1sDQmM5IuJ9P3Tn1+6MWOinvh0VKa00UDzAlMmSbhGEOBdgoDX/ZEhi6eaclw7Sf1mWHx2im4qSlmw9JxCSUPJWqT8jLuwNdJoHstfjKvghxyYbBLRqt0fAVPPZfRyTmj7c5IjBkU9jVro55H5zTd6IaALG/glSDTGYSsudsBLe9xN1CHpjhyfgJoOhurjblgHN3ETP7jrQBNm2OjrcRm2GyXoCSutsEB6gVqh9YZg==]]></Encrypt>
</xml>


2017-12-24 05:20:03 debug :
------------
String:
account-ticket<xml>
    <AppId><![CDATA[wx7f83e93205d2fd31]]></AppId>
    <Encrypt><![CDATA[aYUFLXc6AgK6b4dKpnxcxjWjq0cWmP8QIzRHF+eFbEG0/MvYdw4wI1/OedUOmDSegw2A00QwM5DzkTo9jShHeatKikVVjA5GeIj5hX4Ql0enFiJnxIbEaPJfPXkTV1cOVVgXE18By1KnzSmziQJDU4oKbxX90bTiKWpw6FAeBY1Jc6fAnqDBk8KABatcX9GKllqeNww68KPbzrFtyKQAbJN+ctG5BX1OxjR3qJ88Va2EOa1vDrBk9dWbG8vCZEi2uzcOi6Qv+t9zuEpKkrtsI1IzmkbbExbsTqGd1qiAtfhm1UUJPG1tBqdiKfwUMXnS0MzlJCFRbvQqhBw5lpNgdMh8kFCGWEQBhQOeZgEqw+mtAPife07nz2FkvJWpFJoUboucH3H3mMTD1oVtJbdzIqDR6bQtL4nqc4GfTpCSFT3XQgLnmYN2Ew6LgaeJ4QNtCe90/EU8YZUipp9VE4ykVQ==]]></Encrypt>
</xml>


2017-12-24 05:30:09 debug :
------------
String:
account-ticket<xml>
    <AppId><![CDATA[wx7f83e93205d2fd31]]></AppId>
    <Encrypt><![CDATA[GaSAVQC7Ej7NNA1dJegqgn2bdMMB535MCc2EE9V5+yu9WNLpZNpQ5jweWmDqG0tE+RYCQE02jkOo5xgOvNOJ32cqj2UnvfADRMtDYYhlq5R6osA1UXSm4YZceCFvGCaMw3zyZNAtDeUVVBXGcUQ3b1JSqVESaVYshNW/yjbLLX1wXDdVR0PWtluDs+IR9HdWvZ2cRaAuEgKiso4c0x4TVcHeSWpwINeSVurWLsiM4wSL6QqUmYXekjFVEtnnBUgtqQ3e1fN38/1z5a2B6DBXCgXDMDE2ccoVxQelv9/yspPkhZ8L/syOCUdlBH2ORQQLNG3AzxAovXVuTWPYfDPt59UHe7bbFXjWaP7WZ+A8QPqrby4oEir/uSzb5hApESiSrgxaFx3rirP/UNkqTJEM+xfej7sVNj3xLIRUFu00HQAk868Xxwlo2wGAKRcFrcgE5Ld6s7qvSG8VwmZqvfF7mw==]]></Encrypt>
</xml>


2017-12-24 05:40:12 debug :
------------
String:
account-ticket<xml>
    <AppId><![CDATA[wx7f83e93205d2fd31]]></AppId>
    <Encrypt><![CDATA[r6/LbJrd/Dy0ZkdZHtMLJosBQ2kNt3vNj/7ovUsUXPTnYVUat5ij/OoO6z0KirlA086iOxBlTyBD63dSO+OluQbF3MiNDJlOEbOp8nP2vY0XpZMvuNuNcvoqgEpj1rEvdZBiImCMeqTuqhBf9PCWVBrh0L8igC+q0mOBTyvN8wAKAwV1CZzIL3X9FtO61KXeWtXwMv7OoS00X3UfMx/0p+gcBQjK3WJGOZR284OX78qVCrWxi7yghUy7xlTePf1U/D+O7xJOd0tYSd8IhpaWLALLnMhJLWasVNGWqK96wrrgH9i/7Q9mwMqQ03c+E7IKk5ti7eYhEF6JMvJ15phNRx9GNq8JZK3H3v32dSkDCFW1kA6C0IMqAwwUF+KqmY2smJHi6QTR2ni29Izr+WNjoYnHst/YWk8YN+pxvfnpmFBfpItx23n8GQ//oBIa7PcojkXHEy9L70mtwyrdGDEmLw==]]></Encrypt>
</xml>


2017-12-24 05:49:59 debug :
------------
String:
account-ticket<xml>
    <AppId><![CDATA[wx7f83e93205d2fd31]]></AppId>
    <Encrypt><![CDATA[Y+Wv7i4ZWWU1mC5YM1jKNV5QyhQyQNBsyExQowPItkIl3qP0QDTbtySVWevHlyyVS36sHx3lJCmKf8YXo9mjyTg3OUp40GIVBBoXqrYxDe6ufK39QuGdik1EugVklY6YlnIY4OyL4TE2qNkjIqsXgTXZCPGMSgeJS/KZFd06nLX2DAcGW87nyPR5yzlhvk4ZzuUUZxH41DTwtSGVMskUYIfnuglWbVmjBjsFNhg70CWV/0JoEBvm5YvRZ/cpEBJyQs6BgMmi6UDcIbu+6ofbK6NEj9fUzLc7MZElS6Kh2YsoPuAm5+av9aIY1h8IEtmOe0fQqV2t+qXAgxPSinXFCqZoBFDhe0zl+b713TgfbZK0ExzKaCzF3tjRpgOV8P1SNvkJgtKwAkQen5CnPcVQZJ6FHQJCVtJ2pE8SrgxyXLpL2g8sQwiPNe/WkHXO0HOXWLSRBCPT9En+UAVQ6HvHbw==]]></Encrypt>
</xml>


2017-12-24 06:00:03 debug :
------------
String:
account-ticket<xml>
    <AppId><![CDATA[wx7f83e93205d2fd31]]></AppId>
    <Encrypt><![CDATA[VOmFkEtYP365kwNIgxeaJ8AcEtyO+jdEDaOzZQjadJTwX9oM/v7mr106hVxJCKTlwk1KiIQMf0wgzk9LOQXB2vymuV+M/EniXXAKdhSK0mn03tv0aRm2nZ0+olbGkl5i+dGDWi+RnQHJAoMYqnMStgUggJDK+GwKLZSPn42szT6DPgZjA3SQbw27nv0T5zsMCHiXEEOQziAySsqdsl0Q17O8usZAY1Tpa0X9oKetec4ENTM64fstxEZz4Z8jggNI2F7aEWywUlpNXaNVbV01IhP3XcWD9YZewTkFXhw2ONpChVzNtyxHXJ9juL72gSEppFqDGrmOdre1i4nk1lk3jb0/FQFVLEHPuHggFX8Yc7ze5zIY6F8+e+1fYiBcqb04ClqVKydIso6htSwSmB263xIr5BlKU32/apeZe5yjo7bZQeb5/hwoQTwDluIXTUiso4yxG+gmnbwUVO8HTPB8sA==]]></Encrypt>
</xml>


2017-12-24 06:10:16 debug :
------------
String:
account-ticket<xml>
    <AppId><![CDATA[wx7f83e93205d2fd31]]></AppId>
    <Encrypt><![CDATA[TCWWi9n19Ew9RBgB1mRXvJmfvRZpDJRPfj2QTdthnjCyo4+2TM8Q4+QCzUJ8R0sTMCg9AJ1NLwaDLKqI9Qyedf5mcnpiGIwGxeXdV57WRR2wTlXxyoZw8csIVi1KT5tMAyGf8DhK5AvhEScd2ucBLglpi00aQlHOXi1vSaLDY5T34gPgAq7nxMhzC9RykDYncheUcfg3wsHUWdMGj+zL2VgtksWN0KxNQ+5HNSf/2p/NRCwMXo2TxX3t6pO62UcXaOIMe6+Siq2AiD+3uOKT4fS3FZSqd1NZfToq7+1bqBiLAF4qmadh9kgtXB1CbJ2byWjfIiUvk9joim8vpOvupc4BJ/rtyL8z+UuWSntXESibPt8dviSiftPZ5AYYx2jmYJ9x8mH7BTnkvolV3Ixq6TnJEEZZZ0lyJHory0xdjLcudozV9pctVFB2ums6CLJNqWBWXHbETcD0TYqpDbiCLQ==]]></Encrypt>
</xml>


2017-12-24 06:19:57 debug :
------------
String:
account-ticket<xml>
    <AppId><![CDATA[wx7f83e93205d2fd31]]></AppId>
    <Encrypt><![CDATA[ixA7LWkOn7Q70a6LuhH8tyqAnizAI3cdwkcUAHyOjbzywevmPK9xkRapXzuXBuF2McudTJMmTX7k+RoY7VbSSD/38ytYbKzzGaYEhI+eMqf3cYWkwGd1JVPK4yC9XIspCUh+6WwU4O+7iePgG1zy9ifdzUM2VS7BaW75G/9s1w3Q69Z5TWFwOQQTk8Cw1BAkZn2kmGNBk1U/+zL3K3ASTkqTe+czaBs18UZlM9yK5Hz78qpYciAclxQKrvjBbJVyKgMqicqF3KGSDVRsSpulVN9pPhWNmOhlpaFy5tSQ7uQTctlCgIlIq1mYiS4Ft3PhiPPxK6MIWyEROU30vDoP5FD/uCevsO2eb+NY1EpXwFbxGRfu4pJo/+NCzDMuENCuMvQkJKe74dknmQxZo5SvJuzt5XDThyKqwrwBO16LwksKTchCsGzvCB6W+JYOwgqZY1fpqDygFTuOo9qxd6McTg==]]></Encrypt>
</xml>


2017-12-24 06:30:01 debug :
------------
String:
account-ticket<xml>
    <AppId><![CDATA[wx7f83e93205d2fd31]]></AppId>
    <Encrypt><![CDATA[4JsTRGw5Csa8vEk9zIVxxKLXCY4bNf27fdtGW3z/u6uw4W/JrU/4nLmFdX1BprVJhHusI17SuwnjUk5BhWZM3koPslnh27kPWSu32qkCjqUMf81Y4FTwjIBJA4HWHYzu2msWX3WI32nx6Au25bbQuQAxgWm6adkKFRySUsmKIjy1wk33R8Tlr0csdFJJrCzZifrQU2Bu0/zKoGuWLJM2Lveibdv73cXXN/W7sgzr727PnvP4TBHKGSNmlOZZzf/boRhcO8JbcEaHIRznfLDzPaXRUKfTlkAW6/yP+YoBeQ9DQOwgtjHCJRhsLZ//uInXgGisbFdH1SNV6aduX1GWg7a3GL6mUogBm5Pjy4qSA1EA3BURiCnpTl3JA/H3gvDIxBt0IyLC3uKg0gq2MCEqdNmCrOJu2bY0sPPArtNM+Bo9ZjYEiZR8u9XnZZ4dwPQ0KT1GPp5ethqvrVGgc+VQGg==]]></Encrypt>
</xml>


2017-12-24 06:39:58 debug :
------------
String:
account-ticket<xml>
    <AppId><![CDATA[wx7f83e93205d2fd31]]></AppId>
    <Encrypt><![CDATA[IyEyEQYuU7ZrBpUWQlVtIHMQgiyRl+TP/AEhCUKVSmjZn5SsXrXPsHlgWssdkH8tDGHDZRc5gI7xmfn57k/2QAYLSQUQwbx7ZrhgvoQR9h7q3fqdNyIz1rlBXv2OJYDiYDQ0tNUvbVwa6D/n5gCcPqls/5k8XZlmenqOLLlKFR8Q5hZD3yK01u8pLtwDOz6A5hiATVP3nzYq2gSlTTlIgIuHAIcSWB/CcrhqCPJEl5RayWcxwd3lMw0KO11nSreRR/X+nkEJR6onNIJcu5uiiR7vYJP628K/SYIALp7/EBoVL+Lf3AJW8SQAO8r2IWe1A9q8zfOGcHSy7jxTqTvAVC/nxLAgqv2updO0KfM/yyEudSmkLcweZMpBX6dbbtYRKExjw0umH8a6F/dKlBuqIpIZffnWzryvPU1lsm1fNwyHJE8uXuzGk5uPPcS9ANij1UWM7x37NAfn+b161mNJpw==]]></Encrypt>
</xml>


2017-12-24 06:50:04 debug :
------------
String:
account-ticket<xml>
    <AppId><![CDATA[wx7f83e93205d2fd31]]></AppId>
    <Encrypt><![CDATA[TnLjqrz4zGCyNF0iROU0+cBF7Ih5y+tpN+RYLUv7FLgIUOfk2ZfAa5ttXiRGTIcpvKFuTU+4MILRqyUsb1Y4CoYcJraMQzEbNBHHfjliShAbzNebt7dQEY+SWbBcL4DpighVOI2s+kJaTzwcBdzYIXtlKNMufuNqV1p8rr0AlR8z4keN1LbD/jZaOY4IfEdsgmB0msGVUpJnd4r5aObbKMxW50mx4v5T/y/SVuIkwdHiLSPvRBhfazPK2vnHT1Et8SPEZy+6+zY1BSGFy7ENj56FSAEE7N2tE+ao5RYynwDSqABtmARQ3mz1f4Z7DRUOA3FopUCwxelLkBTr37UzSKzLMX5UZtSgu5PfDr8rRZ+XIHrVYuvdMhV5/ocdI6fh/t9I549rcnfBokGn2MvzeQyMLFU3REmC1i/rzvICI+Yp2I1xVwBleD+mSMfkDm2k5o6E1arU6sTjGemzZF4DpQ==]]></Encrypt>
</xml>


2017-12-24 07:00:12 debug :
------------
String:
account-ticket<xml>
    <AppId><![CDATA[wx7f83e93205d2fd31]]></AppId>
    <Encrypt><![CDATA[63RpF5IzU4TUt5X+vFLvL7bykvzdF9GrE83VFufjwc0nsJ0JwBX2HVPA5Ik5/S63Ytf8+o8wrP7BmR2g+AYvqE8fUd49mi1nr9Opo66317LLZzGuWhbvPTFxfQA0KGn0OPZJ8HmzqzU/4j33PLC6NCWS5b4wJ3+9XetpW0IBvc5cdz+sZ+d0c++3RJpCvusWR5QURdyQ/xV7rqfrsirUzyVAYURe8/PdH1Lkwc4J4xKbTM6uDk6QYe8EO7KT/RmB6E3Snzc4Zt2crLjhheWuE6VobqyhczS0ZA3JzY3apew+uDtpSo9oNZQ6QxsOvZ3gX0BGa1S8cqz2nXL42TUmoO/2ljM1lZ+4/UbRfu9unyG24LgpAYZ9XTgbBkFNE9+g++MQdmW5iuooDLYMJAhNgB5HLNsplAMisY7+fp+kq4pqrf7/wIoULgDVXTF/VpyGUf3sUnEf8sj5a2+Br9qrSg==]]></Encrypt>
</xml>


2017-12-24 07:10:12 debug :
------------
String:
account-ticket<xml>
    <AppId><![CDATA[wx7f83e93205d2fd31]]></AppId>
    <Encrypt><![CDATA[PKfxfChB/JVnlb6Bs0TlgWYOmJ9TAv290PTPxaIS9jSm+BAmhf/nvL7Yp/pFO0Ng7whztT61gOfznOpVfJXwlJWYqNOOo8SelQU187labvBu0jQqw8/NKFDyn+oj7ZwrBfgLTKStjSDVbZIr4/I/xiMAJ8EwQHjF+2bURxJxNIgQZRAaLJOJgnyWWwpiT5ymenS+53ByJUk9HxU4Cr/UF2O+matoNqFmPsacyOdaA0NvYfz70MUpYW7Cg1zfqv3Wwco6zZg6402bWlxT5kLF+SMt+QE1jvZO7PNKY/NrNtp4FSmM/Qp5ei11Kz9a92SJoKxMkoVYWIYX9Ncf/+KkYyvQUok4pRhdAIDbobSWjZELZOm5PnjQst4elXQexBUBI5WguEg2XN31DGDH0psZ3facGnoI2KxUyYx8NXHJPawcQuENUPeAh4rPN7UvGkyO1BlYPTSM78J4ENuPSRrcLA==]]></Encrypt>
</xml>


2017-12-24 07:20:09 debug :
------------
String:
account-ticket<xml>
    <AppId><![CDATA[wx7f83e93205d2fd31]]></AppId>
    <Encrypt><![CDATA[5Z+zmHHrtt6+ndOklac+/ntD5+F4pZnqHu9Aa4TmKNoXH4/OiyxticIMujT0EuErP/d5mAsm7Mwa4VS5gAPTVYhIN0mJUs91JTCmDhnUSesvRbzFQnJJufaioQ4OZdgRm+LCWXfFW5Xo6dLOu8VklTMeEeoxyWcCiengRqWScMKJ1oRSC30fqgDl5+CBbrG70ff0BS08FwpDn3WHQhtLDGoM1JQBIXajmKOvEae3N/CALbHQUoNo2P1Enj17/KOF27XV7uEk2v1ySP1q0OW7kX9HyWkLDNFDcCjveam38QE96xIJg2I+8vyN2OZgJetDYbLd//lKp7NTAL+zcto6oKFi7Xtc673BloX7dOw0goSDB0k+IcqGGHuUpiEcz6o2mKCTe7l4Tc8/Nn6oH3/k7Kbfipq8KvPwsH4x8Z8raRi2tbuEcvmNn/ci/9k3ip8urcvevSazzXMDHzkOXFvO9w==]]></Encrypt>
</xml>


2017-12-24 07:30:08 debug :
------------
String:
account-ticket<xml>
    <AppId><![CDATA[wx7f83e93205d2fd31]]></AppId>
    <Encrypt><![CDATA[sI/ExGlQJwRAGUS88ja/jKuq7amHGVbzBQnOuhFYB5FL4aLkya8ELKXtt9YIyg1pabdzzPRixxYTE38DWfBSX8H7ra0uXMxxd+Hdp58tXTILD3gaqlKzjRv8XKgcI3UwICPuN73Fq/PdLcb+na4w9I6xFq/W9oyCnHoyrN/AOjQ57dRGAUhbG9y1xl8JJRmWpO9Mt//wABwc0NrOXNtPvlwhT/RcHcmVjoBTyB12VFQF1DvQA8aXy7M0WlTK+QMIXRV/kQOqWUkjSkycRi4YwnNjMWz9h9FkNgJV9qvhzH5m8btVXxOSgn3ljJxE5svnVlkYeYpYT943dmbkEAC3x74hmXqXpfE86uwprfs+nahEECIN/ofqLo6CTkHI5eOYoM/3693ruGDwJ2eepu0QNkeK4grewpSWsDRj2Xy/n0mKRi0Cmq/ZIB6ilujWuHdZZmmS84bmFUFreKzSwyLEog==]]></Encrypt>
</xml>


2017-12-24 07:40:11 debug :
------------
String:
account-ticket<xml>
    <AppId><![CDATA[wx7f83e93205d2fd31]]></AppId>
    <Encrypt><![CDATA[bE73QkYCShEwzxYEMP34R9cJ+dODR+N1DhavPzoxKOBWvdcNp1QDhid/RQCguIRF6jpbQzy5AZ6c8ycnKzTcrSYoiPMxc1T6CJwZR5MMNcPB5SIotQBUnvR2LxvYjP4LfmZjW5coAKztqaBGN68aNF4GfN4scKviyOKae/LqWuj6O5K+RA4ztHE3egB1bPeMgzjvI5Swazfe/EgUMdXUOsGUVKzvvP/UP56/kwnFvOvznG/Tmfmnew/mNirnEo4LJIL3hPHpmSmIKos25p8sYFHXTlldU+/ZEai0fVRx99y9Utr0X0er5hidstls3eLFza0Nnnh4AnnD70RqNOPZvllLw2oxSgA9a3x6AsAYqpJ9Gs25+Ez5FtalepK89vJyakxbTXgQz0Rb0NN9rLMOUa5r8okHAuYiJ37lp/PSPyJ/XhfHsbk+9oVfJm6eCdjOLLrqbChZXzl1AnOQlp5xog==]]></Encrypt>
</xml>


2017-12-24 07:50:11 debug :
------------
String:
account-ticket<xml>
    <AppId><![CDATA[wx7f83e93205d2fd31]]></AppId>
    <Encrypt><![CDATA[nL3NNlYYMbEhQj7s7NCpS8j9OMcMDthoE7PS3VuOc0hgdV6UEn24xWFiCJQSiDzPaZAzdm9ZJ+/BcytKMIheAdxIBFCLN25p05ejNbmuQrxEuv9NX7HYXe0q9Y4UqbGjkrZoBkeWYnZYkEmgA0WqIrabUw7gbpQ+/I83og1i9NJ65HYCV9MyQeSJbW5xUm/NmbMsCJTGkdAy3tg4NniZhwLNDP5e4ekJo5oALPB6F7XOEpDedpL4Ij2IpZ/fdDTMmcO/qbtiw9VBE895DNljouCSY0kHyJLHQbPgXdSeC7n1klSYIF5FL0dz80yAas+Y1O6rHpFFqkzDWP9zetMyuIJzFNGiF1BvJZE7j/kRZlLwa5eUqnznEh0MsgwPmpO7nXo1ut3GNBgDMmvyRr7zBAFVkb2JQpi1p8QZmlVdI7z7is11QmkSnhEouYVyCTWm1Ft2D/ZFv+djJFhnVwpVgQ==]]></Encrypt>
</xml>


2017-12-24 08:00:19 debug :
------------
String:
account-ticket<xml>
    <AppId><![CDATA[wx7f83e93205d2fd31]]></AppId>
    <Encrypt><![CDATA[MgAQt/VYK+Rwub4R2Axa8P5EyA9n+UgEILSPrZbIXsqPc67HOlWrx8APuh6QXNhLWEC6ZB+HLgAF/zcReEy18mZNNizGcjiUTasexAE1rJWLF61ZQNLCRKrS2JJNHfEgrs48XOUWWruyEznEmOnZSvnmR0Hb7LyjLwR1dq1yoOpPJtx71o8ZH3aOBXMtbrxkUPIJ43YPTKeFzGg6YiRItmDcWpr1xD5+WU6Aofa6LTOrpkW0enws2HadqUEcfNxrhwE9wFP+LySObAJZL+uNr824XpxHnJJ9+hm+ffvw9epDOeiTwkM2BOCJuq3Rm/iL2OO7KSRaqWIkBYqMRPmSCmZe4JXezPW1JcEy+maWLKzTuhi+I46Kc3tgIP8Pou6ArU5tPcY/cQdACLmhb06HbT1fFCR0ZpBWtovbPAYsplUaq8F0mb1maL+i0aXo2MUMTnbML4wgUtCWEaYHj5GrJQ==]]></Encrypt>
</xml>


2017-12-24 08:10:18 debug :
------------
String:
account-ticket<xml>
    <AppId><![CDATA[wx7f83e93205d2fd31]]></AppId>
    <Encrypt><![CDATA[Eq4RRfBohryrKzUS8j+BIDB2x+m09AORPDi6lL3b6UlxPG7hqLaq70KA3UAkWflqkxxyzAVJIVeehFuuvy1Zp56Ja51eVaK81QEW6vWy0uvdbHH33OIQ9iPvCMeJ41sBIBVYlhYbp5X5ubcClZ3JWZ7hFvuAaVYfoIesBl9GbJ3PtkHvrVbUh5/yFCZUxe8dwDw+3hf8Lr60jkQBkBjNsJDsxWRvU9NugUhyfiDXQ0Bv6dQhiDR+Vdt07hSH/s2diDTGuulBTj2FbFeLwGTwq7bF4vSaHEThhyLBpVqvR+c5uemIRYTRw2Z7fbZI3aFPF0byamlsu4c1954f5gSrTnGu2HMGOki0mcU4paMwQJ7f13nm5+SMpK9/oiR6YXNC5ov5JPSiZG+DwLuMljmEH304YiJhke29A6wpX1a3eoLSEljFqrrtFTAyNuh/NpKnhx95gR6gCuiZ38rLOneI5w==]]></Encrypt>
</xml>


2017-12-24 08:20:16 debug :
------------
String:
account-ticket<xml>
    <AppId><![CDATA[wx7f83e93205d2fd31]]></AppId>
    <Encrypt><![CDATA[X2qxbczJ/M4+h8SnBviiPgGlvSXUvznf+/lfFIAV7w7N30HCCH0AriAqSQoofbcGz26VYLR7VOwIL/0WQ3eSVBM47quuHLvMfZ1wGqZPtBNU5pE+nwB6LUSq8jCPC2ewjNX3pyIRxxJRcfQoJayhfa7VvQoXO/9ujkA20OGRFWURIXE8JoNtKYrwkCI/9bDm4+8LRzExJkW4MM3hLwNJTJd3LhGkMwdbCa82bDTZVnux1TykejV9tgwOdDzMrmrgPAPVDIfOinS1FtN/gGxY9cLcWfv8hQm26z8tnUK/R9A6JrIjgK6RN0MDU+4HpKGwMa+SXA5cloaKVmjqokgQtGHgl8fbgozKXU46YdRpaqEluAyDptE+z070o9AivD4tXmXM83s3yxHmCzGuBZdM3qogFhCBOobuwfuVj+Q9/T3kSMvRMy7F4rYt3r4TzCrQtoLCDIdneodXscUG2KemAA==]]></Encrypt>
</xml>


2017-12-24 08:30:13 debug :
------------
String:
account-ticket<xml>
    <AppId><![CDATA[wx7f83e93205d2fd31]]></AppId>
    <Encrypt><![CDATA[zS3DfcWDlqFE7AB2vdcdcNchpVd+9aSjmO2dYurJDQsL+Ku5nFZCE9VQH58rZ1smRZXc3HHqi5ipV6kypy9M4TpU/3KMyEbuXSdu86EJX2SJZw7sSOPTHqIBTfRL+yY2sEjDe+NLVywz4lwEFDh9hmml+lZb0ljJmeE+BMq8VfC3dSretarFFFnWaCwdyTAbDLcA91AHuYcFNYz1xUtQvfVW7tQhGKy8yTnMy4rv6VC0Ska36ypVmg/Gdtg7PS5eOJNNKYYODVQuq7cHFTtBhz4cuU8hkfvauVyQzPxof1Ob744TpgXJveqhCu9cR+wLALiMgzcX1btYU3ENSidyvwxDEslaOSyXnFV8gQDixgM1GBUK6+IJf9Og31F87R0IF1XqaNviM9Lkl3pE5Ru6ugswxb8tTd2nzwUNFDvRD9mTPmZzJ2f/qLphQPmuIEPPWvkCO3y47I4YefSWk9eURg==]]></Encrypt>
</xml>


2017-12-24 08:40:25 debug :
------------
String:
account-ticket<xml>
    <AppId><![CDATA[wx7f83e93205d2fd31]]></AppId>
    <Encrypt><![CDATA[AlppeMxVHFLUjJ7AaXU7lSdqFRmLZpyNbO8tp3tv5aDxvicOPeh50MBv5N4k1c57peLPndXKjzVMUZV3yEtH8+ZITD1wyWkNyZVtbGsF7wPeHzQ1sqL2rPXA/Hvqt+ttSK1dQ2FKe8qtu1V88oAkUWVIJPm1SLzH7kPwBY8XOUX8eIGBOFrK06Maows9K4eUALoxYb1eB30nH5vNSakoWNU0JqHsyghoKLeNmvTT+sNywABDWRZpFoxbT6Dp0pzI1ckmVVhO2Ie5IkbatiVqRuqyLa4ZA0eWvOFZ1tltU9ZGueeJXDcD5gnazKD5zrkBMnhDttjvl05ceeFCBDTMzrgCn6W1wPw64HbwTn84aviJtG49J29HwO8Jz95kK4uzVBNZYETaqQq5A6G7MUc4/Bc6592y1sqNADGKxHKhpR6bLVOqKm6AKoz3QkICO9vyXP07ILpznHLvHbMApg30jw==]]></Encrypt>
</xml>


2017-12-24 08:50:21 debug :
------------
String:
account-ticket<xml>
    <AppId><![CDATA[wx7f83e93205d2fd31]]></AppId>
    <Encrypt><![CDATA[Kig4K1xmPnEDeNsAlrH8FximYBr4esokaShXoaC6gL6DjWoPvwbFOjl8W5xQcz2x83hmfPbULhpeJEu7aA2mn7rZavzFdS7vuP8EppIQ11f/Ulst5rBz6SIBond3+vjW4MR8gkq/7K/AYwwjxHOz/q10eoNZhce9/st16K6psyFBY67gUPaU8aRt4YBpjhebvc/ThIVRhsrkFJtFTn9iFomqUY0edWRwa6Q9XU/Qa0NvPidtXIeHxxTddQ2zbUuvZZej2cSPUizYJyBmeS50fuv+JFs/xEdaJuk+rSbMWPEyxYWrv9aJt2SR4QICrVe70ojPKbbCPH4gDupeAg4FHnfp0ZkX8oVB9vKUZ3nwGu4MiHqkMqvDWs8gsCZ4AyPgCPd6Nt0ctm8lfb72TTS+yzC5XY+SAonaIDkX30e9xMEkaCU79wkxNEuwQdRAch4iWsxpU2c0ljSHKvLpl05bSw==]]></Encrypt>
</xml>


2017-12-24 09:00:31 debug :
------------
String:
account-ticket<xml>
    <AppId><![CDATA[wx7f83e93205d2fd31]]></AppId>
    <Encrypt><![CDATA[emCUlJon8BH4GNktItnlPKbDF4sXJGq9IX+Rv+0JAZLTT1dZUwHNyQG6thkyCiIDYZFFyU+WPw5813zQGG+dP2OzAymyu5iYdNEKUtOwQKLkG5/6Zeb4M0u/OpdWrcmXaTw9usLK6WPo4WPWJEqKSgUmhwyrLKetIc39D4KtkgmSj1sQj/rC1p+1rETrdEGR2EoTOBqSyhgqy4CkJu/k+TI2Lb81MLTFrN6yZ7waNHITdyBT7B9hK5xY0Q8HY2VvRIjaeDTrBOraRpSQA/H9q4xYueP3c05DFCCZrmOooE8eurXKQMLCIMTgNPtQbqc4FtQbZ94rOWIHAKovfwJ7iYuruzd7gnYXWfbZTnYyyo5Urs07yyCtatRDTzEnSX7BegWLwLPensLP9NIg2kfQvaYybR6HOtcOeOCIkrYzai2nowdDf3blK4cItNcVvIVUI8f1mUz88GJgnt927N+ojQ==]]></Encrypt>
</xml>


2017-12-24 09:10:42 debug :
------------
String:
account-ticket<xml>
    <AppId><![CDATA[wx7f83e93205d2fd31]]></AppId>
    <Encrypt><![CDATA[E8/797wPYcxhckt1JmN1wGQORrgekqSRgyPV96JJCT/f8SfPhyDq2IvOvSIkIdM7hMzADbOPqqwgg2Y+6sUGs3DJIV3PbLdXb9CVFYzxa+1UirAmHEBqzcBAYk47Zp2KKK3BjIGnkaFPvbCWHmJZk05E/Wrxe2t3py8C+BcyLyIKEUF8ZKbaR803+PyHSj5bS7Wmurz4CnDxF2nmrNEgKZSivaHdnO2PYHf7ECBT1BWpYoWZWsRNS/zM++Uiq/ClUnaQEsYBtWfWuJPMQRpGH5u92C2U6vcPMLUoeb16kIiU12yOb8MPc903X1DoqAT4r28ywtyQs1B3JE17sgcWyomhS5SAc7mdXJdiLw5MRh5a19oJh/hVKoXdwZR3WAXu7fg42R6P4Tq/M6GcYL3u/uyXTO/xJ8QU9PdIxAfg/uWzxfBpzfJQy8V9wecd1g2DhbsMaoy+RPLGu+xSP3c+2g==]]></Encrypt>
</xml>


2017-12-24 09:20:54 debug :
------------
String:
account-ticket<xml>
    <AppId><![CDATA[wx7f83e93205d2fd31]]></AppId>
    <Encrypt><![CDATA[/DNgeuBlW8+pGmk3IgzCandESGnR8U/igFmW3yuVNX7nRZ4PMiIlHqH4Ml2s/P1huOzZzAiAxtUgsS/RxYO04WrCMax6ureZRIv3kQ5MAvfTmwMJvwhcmEh+bG/r/Vq9krW57HU7Dfckw1Pg1uQxjNGIDYiLPTJVZibRISe6RlBs6C7PgP5AOm/HWxrMO6WHIJgSW4/kYWkuNlSHxA/29nZD5IlX4g70z+JO0xxujjkmR/maF8BKgdz8ZBaLKgzP7aPkdGc4sxr2s4fKKy9OVeL0tU+QZFe9Ua78N7+OxsKzHN4KwEBUJ65XGps3mRjQimitQGtLwie1iWN1qONjLIuP9aaCSnwPWXXqcs2EHKNCDmabwqPGtgG0xS2LD5q9TX7KTcq2czU1+0RqQvPpzyxSUsxxMvowR+r8lnovZTlZFWQ9ngBM0x4he/64XwY6jLUqS1wlc25RRoWnUapqkw==]]></Encrypt>
</xml>


2017-12-24 09:30:40 debug :
------------
String:
account-ticket<xml>
    <AppId><![CDATA[wx7f83e93205d2fd31]]></AppId>
    <Encrypt><![CDATA[BWCaKDZv+qsEF3z/tqmTgwbFJHZWE56WBCXLPSRtkX7lniKGw4WchYrbMcK9w6ez/64Hno2mmtlgEPMAWokHlr9G6duO4YFAqT0ZEwuc1/c0Ntrh1LU+MextAjO6qpky7zupVrumOVsbEGKTh+1vzYF5kX2hR5FXk4fTazwWbFcDLGm51AFnHxzd6Ioh0pjpL907eFY4SSfoQRstWJ9O1EzAgjMkZUv0u/a59IfW+PdE2WWrsT8toFKK6bhsA47XQnmUdVhOPbpyW8KDq4p/dGQIlyXDcaEDgwc0wPYIaOUsLITIcpHCbajyJ53rFY7bjeQJFs9p50SqgCYP/bS+UOtj99gfR5bC+tg4CFBMn/UPgX0qe5BK38hLBVW9SppKpcV6beB4ZnhApaRlSHqMOjYrmQ/O78CXUxvZpd76k8F0z6YvYhRsHD8GVn4MFJmr6f2kQQKBk69ExhpVH+iBTg==]]></Encrypt>
</xml>


2017-12-24 09:40:47 debug :
------------
String:
account-ticket<xml>
    <AppId><![CDATA[wx7f83e93205d2fd31]]></AppId>
    <Encrypt><![CDATA[RGL7McRfNrXWmv4pzoxe/d2pJUDT58zDqww1KNLTZdf472C4Q7hVj6WamE8qLdD+ndG0gPc/gzgiwmYdixhwr3qOAvtz8VoRCeIX2/52Xo1dOCsiP2qkZRWfrcTKHMPuBoqRa51nFTgg8BjbOV4dlhUaTCU8BdoTCz75d2LqwSxLw4Ao+iPqJDU26FNAtgw50QdUwn3PF70F8+oLErMNe6d/ntIdC3la5SicjvCkxOYkoWwcZ4Wyrr5yaJN6XoG4XD0Qi+kRLoiZdBnPwi0kmkjiu56CSXYzcc/pyk33JgpG119CArN+lZ2BalPAo60Ca6huI1DamU/ipLAG99Y17hrXMeNaCiz1+iu6P1EJgDb/4baNm7LwW33cE+rcfFz6SOBVOdEySI54NEs5qoksY5IscVlMKqSqv7orhPrPezHjZ/4qZcxzVN8RekutpPkj5SvvirYLsQyzK4jHR8QjmA==]]></Encrypt>
</xml>


2017-12-24 09:50:43 debug :
------------
String:
account-ticket<xml>
    <AppId><![CDATA[wx7f83e93205d2fd31]]></AppId>
    <Encrypt><![CDATA[JUeBnXUAgUVnAHoGjbOgWHTT9JuMaaZLycpDmIVa9oFdtWqYO2zHTQZIJD61sla6/pB28z1ODM9GVinUs8i7Acj/TQgRCdUSQUkaP3a/xTdx3tm72ke31pbYH42Z41CL0+iQW1tlUHI/gnb3C7ALE6r8tiHuOYaelAkMde27MmiIqVQb5KJrVA5rNVxTYHTTQG8Eqs96NT+APKpF/Xh4p/5xs5QXtn28VIafzIuBHpYJRiFvkisnYGnXUBWKb4coYjoSeeg5v12unwpJykI31u70Do8ZzbP8ixjlLwJxbuNL2scPZgIPXcIiz5Txx0NoW0ABu44vSCzgeG27yJRFGig/gBSKi3uFcGhFsbctX8jS6sOVUiPy0ucnwqEIpcFPrzWyFIjCNc7CIBLX94ssfMSDAPhndXyzuh5UnQ1IkNxlluLDlo9S5KU0X8z9tn6x1Bu5htSvlLks5cuKlch/vw==]]></Encrypt>
</xml>


2017-12-24 10:00:47 debug :
------------
String:
account-ticket<xml>
    <AppId><![CDATA[wx7f83e93205d2fd31]]></AppId>
    <Encrypt><![CDATA[8uGBHXE0P4FhsIZUsper+K+FGnfMee5g9i9lWXUUhHnKkMhQPp2WxdZHZ5e7htbWiUdnSnwfElnLjn9/iV8kaUCZWNPm9i2Jqtf4M1ZQ6bfI5TBT4UWPdQw+yfypXmBxLa7VxVX67rfXkivbRMaWPTJislNe5WJHbav1RIXU/FXcXwnhadx6ykLDUwGqoLVaohGKpToROWbJ4DU31e0FyXcmmATeeXs1kXgeo3Ci9u7c5sUyKdazKjtSFzULbaeRVDVilDUBocYpm4keqRUDAOU/g1BhSeAONdVBb/pOhXl9w4wBuTZtrmxS4xkHbS2Kcq++qoVtQ1iqhf6XjXBlZSsyKWJpMmCiwi7G0o3EpQ/h1gpWKslvpHaXy72TQjl5A3ebyKeir+cc0InbmoDxTL/7Jo0o5zL0u69NRdK4rQYPRW5WzCfa6yKERakuC/CI3mIMlXJs561rMQVIFzkZhQ==]]></Encrypt>
</xml>


2017-12-24 10:11:00 debug :
------------
String:
account-ticket<xml>
    <AppId><![CDATA[wx7f83e93205d2fd31]]></AppId>
    <Encrypt><![CDATA[gEV53MrtcBK0ayqn8dllhyLNJiMnszZyNVI0RO64lMsrRZdlkGt5N5qis7Y/ShD+e+IicK3lgFIvtHIt+MQecg62rZzLTH5Uvh6TMIOAiCVotLgQszuBF7p9Xc6ldgtgaIYt9ldNuUkXZv2kACqFJfVjGLwx+WBn0JLscFLdaRjJx7OxIAsmU+iWosWS9ucDCaey/iCnjFHLQV94m9S8FxOJNFVGVJt53/QokN+NzfZQWiSFlXWXARS3pHLGQqAltnGYSh8oEaLMDIEro1B5WnyMsOKHgaDeNojwpA2sG2Fbia0mJ93au/u2vR7mFaD90igvXP4RQioLxlMdX5Sgvagw3X6BuI8V60HPk4S/oQjOonC/jQea8YgOApfh8/OTPd7hwJsseMK2BwSbaDwDFOMlDAPnePA4YEXdaLC1kgTH9/7X9yHoc4PeyKHMLHwVlK3kbVIWrkzDIMQtpQR2pg==]]></Encrypt>
</xml>


2017-12-24 10:20:49 debug :
------------
String:
account-ticket<xml>
    <AppId><![CDATA[wx7f83e93205d2fd31]]></AppId>
    <Encrypt><![CDATA[0m3QjAwRh8vTM5wWLocd7HcM1WcYtek/JS1zr+ZdQErvW0yWIBJUQpdhF/NNWXZ3KtB94RsBaH1Z2sq/WkKwB1KwOmtF0ONRYqD1o+Rg3l+4Yp2HHnwavUpaR3ZlauMdIDqdrzdm0hZzUernQOpODlZhIm0wSE9A3lZUWMI+bSBt1pGEwAWPhBqHQALIXomg+xpdWybc2XofPJ37oz7WSaIm2F+w4/eZpZPMEg9MIyuEXfYrCkgeWVZkDxMPPSvkK9gQILa1p4YYBGObj6PQzBKKv+u9DmsOwjfTtSDthu/il3ICs3Dl3BtJiStwRz6vRJAp21gg3RnCPRHx4c23AhNWfztbzTuKmNGBHEST8KzHaSGquS1Nzjd/y+CRDSHvXBB69mnCBOUHL6OP3AYUU8JLb0ForW05k6p32B+f/UVzfuGMdjQv7FB8CqY2LAEWIG66fRshxpL1bmqr3HJHXw==]]></Encrypt>
</xml>


2017-12-24 10:30:54 debug :
------------
String:
account-ticket<xml>
    <AppId><![CDATA[wx7f83e93205d2fd31]]></AppId>
    <Encrypt><![CDATA[wuJOB7pBB3gSOycnmN2t/6J59zbj5lu+RTjKJjQLdh/+Nrhm03c5edIlLM8JQqHQrFXeeh/BzAPq33BNz2Nsj7e+ZXGA4imQ8zUHPCcujh6v7Iy1LmZ2Ha2acebazzz8lsiNZEhV037HgEWVT49h6FLFLVK+lZGdSCnMgcOgXFrHx80ywHUTydli0JlwUS3vSUYfvsq+E0fsJqKM8YjwoZQbNJx2hya13kmyuCQZOJzEOP5vzLB15+P7SibcKtnPVtA6dxCwj438WjJOXPaJOe8rhBDEhxlAVUVUyYMoNtKm2bzw+ZJ2VwPJ1loTvmfERsN7EUj7HIY8meWZWVno2SVY0ApJmovnwQRUINSni+Em3UKAw3P7buQNGxbDdRd+k0XrwR3wmnm7M4mZIHqpOQY/ODFAnXCjxNctkUeMPPps9mTAVngRHh9CC3qcVa3mP8fnmJLYM7YIaZRCczlVPA==]]></Encrypt>
</xml>


2017-12-24 10:41:03 debug :
------------
String:
account-ticket<xml>
    <AppId><![CDATA[wx7f83e93205d2fd31]]></AppId>
    <Encrypt><![CDATA[GHZhhRJ27DuJF0d6KJQWV8/FCk7r8fFeRAI1DIrlzh2wRwOgMtBltGJ8Y+l2sCZ/QTCT708LDKylQrht2oRELaLtUH6QCrII0ols/VNjA5P6Pjl0RbsYji6cIwdd3IoOp/Fdf/v1tSKDEiP1VDcKYGBb9qg3Sl10toS/ipudKJCX2AgfKVlT5ho0bJA3jsKHDptyW+YyCOlDKZnoBa/fth+M65jxVcGE3hzH7mAD9zGjx94fSj9ACHPk4WnC+CZzyUP6iNHaL3HLiYntm54zkl8HEQzedU21yVNAz1vjYT3KCJb4PhYP0fy4Y2LwqAIVgT2xBu+nZ3Ob+N0TeBruBjBJwn2HrrHUwzeHyOipGm1FBI4Jlqo6jf62CAG73oOimyBseukUuUQ2RjWIyXitTSg6Uw0yEMMAI28ini63AlVYdNDGvHb0rhHKG900z0ej0ZTdR75m3MbmQ+53auxi/Q==]]></Encrypt>
</xml>


2017-12-24 10:51:04 debug :
------------
String:
account-ticket<xml>
    <AppId><![CDATA[wx7f83e93205d2fd31]]></AppId>
    <Encrypt><![CDATA[pooEyPvsDgPVy8fw7+GzfPfGJNzzS71xjDwhbwtLIBkHYYnLt7Lz3wQUB3xpAYrgRP1fVq6BQFBcyUXEVUI+eLegu93hI4U+K+VyvBsZ9N/0uL/tUUzYi5vw3SGb6HqgETaRKD7IKKFbqv7D+k+CKYBoBoh/0by1zlbJTI2MmSlWzVqc+zB+LzIPajTDWU1blUr3BkoCpLFZJ0UIP9QqDZdabNuR3OrgekpSMm3PEjZqk+/L2TDN0L9UOlZg2pfvSTAysYU3AlPfKc0u/8ZrkFgWGTf2qouHdlX7j0IEcNIGqGCfHpxydJin3yu6xeEiR+tT5X9jVbJhNN+9Xxi0y/1tQUc5iClWEUO2j2aBXMNjsQNn9KN/bBI+7LM7RETGjhe7MZ0rS4fVXB3ARp4dfHAodH92HrpCXXBj+9BJHv9MIhUsVnqz0jl28dSOHM401aOen8cnGETDGKiJ0AhEdw==]]></Encrypt>
</xml>


2017-12-24 11:01:05 debug :
------------
String:
account-ticket<xml>
    <AppId><![CDATA[wx7f83e93205d2fd31]]></AppId>
    <Encrypt><![CDATA[Ar5wfudAX+kYmWoerPDCSNHhWYM7TT7jrpEvJtWr+wfOumt8X+FcqvTqFoQ0EME0RGKt5Fd75X33ff7Ki4Y+f2gfte/gLXy+Qz+UwAkZKykf9toa/86hlDEGtDgoceIBk8uAEvNaStNggbPj0FJbyUXcPaTL7g94ifQzRatfeHVTQT11Z46J2HDkfDRagYLNluevQ7OT2H6H9ELqibhKDYd4Br1ilrOs23O3FW5TbcKsQwEveaBc/qINkxvU62KGFVCY9Pl/OC/4v6f/WqVLuR28yEJMyEMsQiOAd+CysDRCEgNn5TepfyYTQENmMyirj2oQvuOpnqw2pixy7zkI/Bh+elC4+hQPWoUqOhp6NDo9ZiMNrGd2WlqYY6MSdjtgkYvtftvuXijLvWQDLab7i8HgGG9fRmSz2dkZK9nrZuZLOjZfjo98MLuwXV0rz+x1ypSsEUzXxz3ydNLXf2YRSw==]]></Encrypt>
</xml>


2017-12-24 11:11:05 debug :
------------
String:
account-ticket<xml>
    <AppId><![CDATA[wx7f83e93205d2fd31]]></AppId>
    <Encrypt><![CDATA[F0gVQ9cr8xPnD+BpFH8OSw90BYHs8xUyJPtdB2f4tAimtJpikHaX724uUxwsUeysJkofPiiWMwo3HBqv6drWCMQVZZFPCFx243hyhS9M3ep3QkJ+ANMLrn6uSx6CaA8ybzUAYL+5rMZA0PlC0VwYQLziXy9gXJVIk/CvEptUJ9raKjRyr/H+qo/r4Ug3qItMJ1avGl3PFUeysVA+KdVDvtSP93mcJbtGqvtq6rqfiGjN2GAIXH+z79XWZ7ECK42uwfUAc5YRoQX4EPL5l3r6e5DECSrafO7cOancPasWcLAwfusVFRt8HDm31UrqQNsJueboLs3Gdja6bl5EVYzIq/08o4y7INBRUnKS0/IwXapLlOgixk39NgHAql72D6F05TkexlaXbrh/FqRn6/I6Zss/RlLCG0lUicLjN1pV2skkCnL35WSgD0nl5sz3lIn/WN20V+AJjyBpy88WORRFuA==]]></Encrypt>
</xml>


2017-12-24 11:20:56 debug :
------------
String:
account-ticket<xml>
    <AppId><![CDATA[wx7f83e93205d2fd31]]></AppId>
    <Encrypt><![CDATA[hpTCqfVCIBKIA722avjVSJcKAqZlmxrlCxOiTvvgWWlIQUxGSW1kMq337usbq2G+7UsImpNjHjr7VPDTNOuZ7dwKItZ7NOWKwNHW/+ZNEspgx6ZzFUHVc08unDHyWpxsU5xn7FgtUD2AO5X918IzzG/SpBlUJqQjjW6CRnG1rx1hD7SJPCmQQBufyj9TQ5rmt75LphFKxdyx111GoLReBSl0paHyvh7JFtVZVrpGLrGsN3JIzz0dHsyy12Be9lUkjduqaIlP1d7bl4ZZWWL12yg/0vNpZusDCBw8sKcXGDBoCVWdphIbBtv20117qxd+DYa+A9iuur1kE+syOPSMNaftNAwQ4q6v7Cj8Iwy624bQ6cosg5hfXwiaYqmnSbkx+86zngk0scqmYRFnPPR5TkvN19+wC5CBpuyeZhdUeB0+Z2b6DpuxlHJde0d3n7AgdDXy2WowMOkAQh551nEbNw==]]></Encrypt>
</xml>


2017-12-24 11:30:59 debug :
------------
String:
account-ticket<xml>
    <AppId><![CDATA[wx7f83e93205d2fd31]]></AppId>
    <Encrypt><![CDATA[u5NhgaaHOkblXdDUuRQUXgjXPW0uIaKcGZcV4j57OgHYS3REmPuaHAK5nq+QybCugpuygz3jv5VNmHpoBhCjy5arTyXaha0ny1ZYKAqiaHmrjMZt/VnyzXNuJlSMuH0Syh8+4hY6nNS5XoIygu7jETxSseEJNpnqDFHpIFk/uEXbx2AUfm+pBiOZXWWHCJdaq9cpyHr0YHTgaSU3ZOaiO1qUDFK++Mdgx9itRxPH2JPSSlqgwbWepsSFxmOSjtmYGkfDIo40OMYgyhMCAy7MyeZoo945xseHan2iDhLX8s4KvTKReayk+7xjVAi9jyujFtcum8ZC1Wx0RgauFbTjeuftRXvW/mEQw7bSK2D/X8iNVIHir8rbpPIE20YcmynWg8va/suyNxkiELhXSpKsPogLzNeHY8iQwinUoMYKJMl1tAR+MzjKqM+QqxPB+JA/3MVZk9J3YxS1HQ+89GAcuA==]]></Encrypt>
</xml>


2017-12-24 11:41:02 debug :
------------
String:
account-ticket<xml>
    <AppId><![CDATA[wx7f83e93205d2fd31]]></AppId>
    <Encrypt><![CDATA[56VlcoHfyppbnMgXcCC5rGhdQur2PN5Ek0iHNhGhCgGK5J+QoMnZ1JAQwoe9uXS2MM35Wj2FErQs2TTNO6V4rjvJsQnNmd76zdmTYHr1ZRcwNn5BFb3TjWrTYYM7zRlAonNENP/q1d6XopcCyyf1gHBQ+0M+aKF2fo1RdPmSykaNdlwENI1A+j8q1t0cNvKd7ADaBj9U1Cym6wImBET+wh6bJn5vJ+OXMK+HOiuVqGNaCr8HFsMfFgNlJzt1BAez5th4BCHXV402xUz/6QWWWq5KZtKZstV+fM2cVXNcR6dY37Fyee0wPY3Zcub6zj6paEVrDI2sI7Bngnxp17RwsWLZ4w4SSwqrjZ1XhZRW4ACkdXrxXe40mj8MW1OLBjJQS7mKxrUEp0Jmwkn81oWZoFH9q+P/ltHLWScRPXE84MEpDE4j2FjZ02gY4EYLm/K4vKK3S3GxlqyiCylI7B5VSw==]]></Encrypt>
</xml>


2017-12-24 11:51:03 debug :
------------
String:
account-ticket<xml>
    <AppId><![CDATA[wx7f83e93205d2fd31]]></AppId>
    <Encrypt><![CDATA[P/9MUU6hEZ/LikrQCBePRtUc0x2I/vE2dxqs33z9VlXJLsWhmGaPhKFVx8zae71liHEzP814S9E3hLLBHREf3D7UNwdx2/Z4Ly1d6LGT0cNY4RYjxXOZJ8i8z7xopGIQyaVonduLhBeZcxiHn1xs9XOaZpTnfqhwVBPNyqVRLtPQDS6zc8qSHMi9pFFoWQ4eKOP4AMYeEtioCmaMayKWgmxG6JwwK/9HfHVfcA54DanmZ4zTs/069HURX0I1m81I8e/4YyQzOLhcWeGK+6/ciZHyD4b7Z4PWnaCbMUO64SerSx9lILfRNaBGEfMfClGh9aFP2GNHFhklj/dI/BRzU4/R8UM1w8583SwA+RnfaSZLna9WjFSmDJAix7SJ1v0lNrNnkRIfSMJLGbGTMd38+PCBesOjPaGK93NDsVp0chj1t853MNiu7BJ8ImOOvEIIb4Sa3QyJYNQ7GiuyXpli3Q==]]></Encrypt>
</xml>


2017-12-24 12:00:59 debug :
------------
String:
account-ticket<xml>
    <AppId><![CDATA[wx7f83e93205d2fd31]]></AppId>
    <Encrypt><![CDATA[bfAwhcbJ4As1nJSyGEkuDvRRfdRCRBRWnei8GbWv6IV4wPpmiwothCifnU3AErLYZ0cmd2myOIN0/+zu8QfqK9bC6UzKLy5131zIYd0QDHQ/Lo0wXt7av1nfqMgLun2OA1xNLkZ9OsDaKNuyZwi7yznrcqGTknsIyB0ZUEJaiPEb6feIahrJwNU6w9Df6NTStsYCLnNyNVeiWzFuKD5JZDjNyAkhADT6HOthi+CXgf0tMtfp9zDtRVl4QU9WT9cpQAAIbFUWj+UlCzuNaV+kpIFaSIAfoqbIgNfgBkBvTLDwdbKkev+XvWhrJi9dt+3Yn4N9XUCC51Zp7o6u0UZDbXFMNdSZh375Ogh5XEHfyKaMbFNgqYeqiOqITT2QZ0ZPHbhjbQTwDzqZVZ6tUVrH/zpP+yPlWiI1+Cm3s+ea1TsIeDe7Vj4nBe/S/X5EllaYo7F1Jhj54vVszoDE5Ykv3A==]]></Encrypt>
</xml>


2017-12-24 12:11:07 debug :
------------
String:
account-ticket<xml>
    <AppId><![CDATA[wx7f83e93205d2fd31]]></AppId>
    <Encrypt><![CDATA[jmRYgQ1El7+arXOkZUlrtQ1ykGuTjSR51ueIdCKYg+zH2mvdrAChDc22lCLvLFxaY7mFMxN206c90d9MbtG/i6TyWObHJrrkaseNGlxZVfKuWTVwohWN1nu9nV1QwBEkYhpoKKfkzeaznlDkGefQ2+ZmIAcLI5MP/alYPmfCQ2hWIqZir1OKhVYmQIFMEQSGqIQkSxN+bE+94/dePybP+1gkq5kNEnG/sEnrK5V3ZSvIOKHwA5zOgmp69Sk7weE2AHrAXViOXqZR9gmGxDrqYNLvPtnpo4UzVpMlzXMhpP5ZUbXy9sRohfVTmdmPhr2N6K/MMklfmGb/pqUnwETFapBOg/GxwCEG77l/ELo8sS1CYm6hHIidYzkJKQuwE3v5weXY9udcDV5e+AAQCARBNyiWWV1bXbbLhzI7tDqcXEkOkPu0GipyfZoipLntKa9YEfZySqzQqprzkEybt29izw==]]></Encrypt>
</xml>


2017-12-24 12:20:58 debug :
------------
String:
account-ticket<xml>
    <AppId><![CDATA[wx7f83e93205d2fd31]]></AppId>
    <Encrypt><![CDATA[N4tfxwX+OSoNH1GIRN8ItBIKIs2LVCNryZ/pVGnqMo7QxAoJikewEhfG63aOCyY/7KMgHyPf+TR65EGVG66y3VNWea2vHrq8xkTeNiukiwxeNJHfv8beMW3yU5xZdM7a131RSa/nC7QFu1kazoxPbBMIaQc5RQgrz3vLzElBIURV7sLu5y/IIHUZcX14+3MHu75k1n/6Z2G4BZkMO8gkxGRBYhuLMDNRjbDpUpT4ollEh2qQDd/j2KyGiQTgdSyV3A61oyK5T5urf1dRv196lQ+iSfsQL9lZud3Dix+YwN/EBf0xEHLKhWw5rdFTMo6+eju6il1jS6WN092FevfAzWbPTpJLA9TfT5lPeMKbJFFzsI5n7APQR6lGFQtAfyIR6Hb5lToRoXLA8/8wOQ0YzF4HjM0zdsWdP0GI+OdR0PpHapodrQ24MP5/GBSFSNAF6scS3jMG2aHb0jNlVrIP4g==]]></Encrypt>
</xml>


2017-12-24 12:31:00 debug :
------------
String:
account-ticket<xml>
    <AppId><![CDATA[wx7f83e93205d2fd31]]></AppId>
    <Encrypt><![CDATA[l5b8YR2KAS00gWCtmLXNEyQS2YnHdQQpoARQ8mgRQ80JrqZkkdJL1E/0jACJR47jbO6kbl0mzGikeyro+cE+s99F3CkSO7RR5cHxSqEwewgIbsTMzivh2r/5zSJkXizMbmZPSJaBmrkJsYmlMSbi/zWrfTXBD47rXl3wnvWDP3kdnz8mr0ljvBm+4Io0jEzlE9/cfIvLfCula3w93V5pKgFw1Gu42Alt0LoGsFml7WKbmsMLw7hPLE+rt7i01KYghLMkrNnHJ1eGclukFwM/UAZFiGtHw9vkeDraB7lSSvofEEhGHBnLVetcsUKzyp43J8tDzS0DgNZAAGfWajrYHJKXdNr8lAwGlDqi/2KvOIUOcR2FooWDmuDzmb6zaJ9yctv8y8pRlipWEF57RvHGk/5XWvm3K7ynPNVKKd+c/xhlJY8oBUDo4wPjcIcJhlnBVDI3Bhh54h88TbnajzN9Kg==]]></Encrypt>
</xml>


2017-12-24 12:41:03 debug :
------------
String:
account-ticket<xml>
    <AppId><![CDATA[wx7f83e93205d2fd31]]></AppId>
    <Encrypt><![CDATA[yCdlEJ9V0wSDZ42ZY7wWsXQ/vsJvRVmHmnlisA65bA24DqHyArC6Y8QO0PdtGaU07r9cvSj8cpr4gUC+OPVQ8d7HBjLivxIbNpC8X7ei1QWORuQZIMHv5QicZWwNQCQbzXVOB8U0k7esBvlm7VCt3R4//7Z8x/ge6D8marptusWXX+xN1pu6X4oYCU/7C1TR+ld9V4Uk3ZT5PwEdBwgaFijXSQZoEUXyfNKIADKTOLcdmzvmw8xmYVPG+jhJdnsnMPPdw50mxJediSjvpBVqPmWYHSuj+lcgiWyCPzOwIUOo3qufsWGN2rzfSx6KzzTNWO4pos8H8JEl2FNuq+uz/pjhfLjz7XzlO2o8QFJKRqflD2PUMEQ51cIE9Npl0n48xX25Oszp0eVMmcEkCH6kAtLSkNEt+CDl9IKjG3ejOoragUUZqIg+v/qMWXKHKfVvgaT9R3kBg4VtI22i37PkgA==]]></Encrypt>
</xml>


2017-12-24 12:51:00 debug :
------------
String:
account-ticket<xml>
    <AppId><![CDATA[wx7f83e93205d2fd31]]></AppId>
    <Encrypt><![CDATA[zzEC6D5LueOnhpdbtWRnHd/vPRxqvNTwdScdeyoemmZdi1U8LrAQ85JGpCyoF7fkjwXLwPz3BCFi5myA17oohfuS4d8AMxerd5XzFd/no3+2yAx1Ha1454+9cyNhn3C6GS/uNpHcQFBv226kBNTmCciLQVE+Yq/wMbyOfyWRDGm08C+5kAgKou4i8uy5JksGRSpX56aAKzKnK4gnH0emPx0nbg2bMxWtsG/Qnw9uuuqfsV47gbK2HoT29e6oFu9oYBHgAkM57HzHhDio3IDCEDSCL0GF0+4+rtLsxEI7Fh6y0FBqRxlMIagScCOW7Fg5GjnFO/sUq4D8IKAm3PVi/TS9UJRvrRbgUuc50xks0KtROmZRrfzxAXj5cYt0xVGCCqYFrlFR3CZ9vd/nSFKQL2e1o85SFQ1D44Tzca6XA9JmjSKsMu7XBOIxfQS1P+GRSWbEjWLsKD7sysaKaEGu7w==]]></Encrypt>
</xml>


2017-12-24 13:01:01 debug :
------------
String:
account-ticket<xml>
    <AppId><![CDATA[wx7f83e93205d2fd31]]></AppId>
    <Encrypt><![CDATA[VRxEEFlC/iZzww6eTX6OMv8sbLa+FgqSUuJEEy91yZRTzZcaMH4QwDxCrNwg4ntkS5B84+1zWcbmJ/YLLjiUUcj0Zo9UV20KxO+lzAUNfA1oLW3328YfR36Chgd08Im5rWHvOkjsixEsivRrN/N0mpi/FyXmbZs8CJFZPOVCSW06TLaqKpKA5Rqtq7BdvwH04IKOvxIEgIAEUri0bQOl1ZUEFFBYjybVQ8beoOWScGlFR437/9n4UUphwbuFz+gnV00p2vLqc0cOJdoFLPfzExmR4qg06eMthIRbwPgx10S3LolQfEUaAMEaRt0plx8xBUcMGyNGf2oeWg8h6X6Yau2rcbB4qqMHp1+GNbbWECJFzv7W4gNua5PElB2DhTD99GmqBSn4fN5+TAHgvs6r+7YGBkcawkzCoo27xP9tgj8nlwVn/YiJkGVaUgdXl9IZnX1v3Ulymqm+Dr3g1ycbng==]]></Encrypt>
</xml>


2017-12-24 13:10:57 debug :
------------
String:
account-ticket<xml>
    <AppId><![CDATA[wx7f83e93205d2fd31]]></AppId>
    <Encrypt><![CDATA[hLUwfl0wkPQewlEYV3iLaB3fB2eFzzGgb72eUc1PGd5F/3sI3uKFKm8LdBcRNKorFjhKOYZDY8j9rcoaX9bFyncsaTrGdcy1UEOHUkCS4xrTOs9CY6O5KdWu9e5A1ZAeoh+lKF49G2WmQ8KWDT1yaV6cKHjTbQEG4aUkE/aNtLRUZlUVjf9qfCUOemMPWvXdBuHrTF5yX3qUQp7oegtrWrvGzwe1CeAvl52pNSz8s5N5i4xJarKwVWriUhdIrZmdOq9+VO4/ZTq+nbQirtErcogQHIzFPPXMbosyuWIjAzKksryLPYlb41xih/Lh2DTsCWVC7i81/wHGRCbZC42YRuHlOa6Vl7hFqtQnnNgmvMDoCxrMuMjvdFzDgKRD4Hj7e6VGB20Hsynd6wtcygx8z3SvDQG8unVJKVgJos/vFOR2VAnx+Xv0b3DEO7DtXQa0LbBm5AjcKM39hZsw8QZjSw==]]></Encrypt>
</xml>


2017-12-24 13:20:50 debug :
------------
String:
account-ticket<xml>
    <AppId><![CDATA[wx7f83e93205d2fd31]]></AppId>
    <Encrypt><![CDATA[ndQM/a3NNshIIXBwXEjG+mcuUax9NpRmL4JXqSOZZT8pGn/C6/q1+T0xVAys02HWEKPe6vauN899jRoINEb5Pd6JVYCgUFbmIV0noFLAL8NQUKRwikwv77nEV4+l5JuSXgeSDTzU559X/ZNB1GGgaZuJwdkxgLRpyuXrkaT/YxizcSc2Y4VNddWtr7iQciwlAza5n74ascVkkFv9yt6hNGt4CV5bbdMNFD8wX1vZlpQz4UA21hj64VyBvORU5jxi2EpAqngoNPmJlMrzH3P7gtI0a5V/DbnXzBKezIijcrwP1cpSFlyBk6JpsRAlWgE6vhsbKoFVwRjm/lO8bQWZ/QcBUACRT1bXRtpI8GNCOR8B1Zy/UJ4amz2wH2k0i0r3AZOltuD6OMrIagiAn06X2XR1TNAFhBE/5tz7W9MhmD55zjdYQ7vFatUgi+VFaiBkrgz8SZRqFf9iBl5VIEHIJQ==]]></Encrypt>
</xml>


2017-12-24 13:30:52 debug :
------------
String:
account-ticket<xml>
    <AppId><![CDATA[wx7f83e93205d2fd31]]></AppId>
    <Encrypt><![CDATA[53UWFhxSKh3rCd1yZla5U+vl18hhfuATCZdgVrrQC71v6ge/eUxGpNnZe30Ck3EYSC1c0/cJ8BFCqoPlEECsifUfXbyirzs5batcLN0bEJH8Al+SNm6Dj8Qbvu+Q4tL3e14xN8Svt9lItOv5YxtSHQc1cpZAPpwlPkWxgCI4GnzTUqm7RzcFq+fHk02SmJbJOhOIfdC81IAybcFvLr0CmW0V9Nyh64VEWt5PE/UnNanKCcImNkWC8NpefMu1h0TKj8SLIaR3HLoT5dbs7+2dIwM1r55gFBG/K6RGNLLipRoQpQNaJJjRyi01HMvZGm2mZjm8Im4Udh3H/Nwkz0lIhwruW/Zu2z1kmScbEPOxtE/Nahxp/Bdpe9XmfEyoCYjEk2WeyLHXdklUyynfkRmRNq+ROIO87tvW6XIS5OsrysQiq0lQIf7mnygNylBPwhqffR8Z4Pi9GCxXo3B4wg4Jkw==]]></Encrypt>
</xml>


2017-12-24 13:39:12 debug :
------------
String:
account-ticket<xml>
    <AppId><![CDATA[wx7f83e93205d2fd31]]></AppId>
    <Encrypt><![CDATA[mXlF5B9TxpIjyGmESijOcI1rR06LdhMJpCr8FKMi8knt0Eu/P5liV/y0aviGh9Kz1I0/Myo80QdMA6AHm82AN1Aip+wrn2g4ExTLrYPPTuGL4cexwh0eksy8Ng1nab3xQbm4YFQvHlu284gVs49SRTJygAGGHWddN7K8tAdvwggOawvzkPZ2FeFhMqW8dD9b5dPvys7E5cUzGaclCpBYwop35r7IxHSAtKh5kB9kKUOTIpO5ErgX/S52SXVzsrNn/AE3XLL6df0/O3VK6j7pSxbpSXbnq2jbE9OVCVa905nnO1pQlwoHUrz1FrAL4Lg2Cj6z6Raj2bMnDZBEJnZW2pjiD3DMDL4tAfcqjv/sVIEOYBmu/F8g2gj8rMgy6G9AQeD/IBUd8cpMvjEGDaGd7GYKEdsN2I3z5tm79nxuh/jGglAdkkykvfJggBu9VLFeS+HFCsHngcvWLQb7SLG+Lg==]]></Encrypt>
</xml>


2017-12-24 13:49:01 debug :
------------
String:
account-ticket<xml>
    <AppId><![CDATA[wx7f83e93205d2fd31]]></AppId>
    <Encrypt><![CDATA[1FLQcAj+qr4+AG80a58zj/MPi69GX4U3wRujNaF6uxHL1Q3KSGBQ+rWNLwu7/+GIcNn77uu7ItVFRGLHkuFrmfgmrwf25o9ZRDoy0pGIDb/egKC/5hgMGJotR3nS66oL7lIlCpTOf4wQm0QnLrAyrNnMvxxiAXWBmy+ccvDAbyxFU2pkQFGcnjJPab6HLXbBZ68iLY00sBXKKszG3zoEhzMhrep8n6Vwm/c5AEvmVqFm1O4EQawojUH7AmfyWaZc3WBdqY3s6zSZa32uI38l5qFk+6byqYnR6qIFjwDjcuwdZo//nSx8dFexHoTFmQXF/Jdo+45iDozhj+XTrAXavaC0MuepNcybVq9uqJp/0SJ+xSqaRp6I6WCakxwK7C8VGtuE+mu46fCCW3UGQ5B+224TH++2PaV+kyJ2SszeksT/kbpgS8RJL+Q5ux7rj9K4RcWc+/XwECwZSBSH1tzyyg==]]></Encrypt>
</xml>


2017-12-24 13:59:06 debug :
------------
String:
account-ticket<xml>
    <AppId><![CDATA[wx7f83e93205d2fd31]]></AppId>
    <Encrypt><![CDATA[ZYPzsDnxVlTJRhUonCa/qe4CsbrdLhRqwDg2d8hMwLD7W+hGSW7EY5/Jc1UnYScAkb7WQHJixrkPeNvY+J6yYQKeZD7D0k30KZgOsV1jgSqxU+s518OdoyxfV8QOdt3ks2hXobu4izuhEBY4HEgAcEhKNdDm0UWPMSJ4wCEQ1f3qWR6ED9EZ+86BP5j/36K1kiOLST9GvrPHngQ1kOdAqSGZG7lbIaw+UQ0t+paoVQQVsZ3cX0tJgpNZcbuT0qjkQWYZRKMM+uAD34rfBu/JEOsLM84Ycl2BJLTnQ1jhA6LTpFW+vCek9V3oBneKfzD8QTHDoMK/LmNab8l02qKjHYstEugB7NCUh2OerUB8Sg8Ei6ntnhsXN+NjPZHnCnNXynukU+3aHHUqqaVtnX/An7iiXGNN5ufBdIPLtRMh9RcdYz+sc/D1PNd/AGbj7x48kqYB5Zhkvt3o937fqCLsgA==]]></Encrypt>
</xml>


2017-12-24 14:09:03 debug :
------------
String:
account-ticket<xml>
    <AppId><![CDATA[wx7f83e93205d2fd31]]></AppId>
    <Encrypt><![CDATA[RG2dTdUqNiZLBx7BePvY/IhlBgkxjPwT2hmXRa/7kVbGjT/A2wj80RV8+pSQlcq7WEMTzqx9uoFTaQjBNMzUBfhNtdgVWGNWPlw8p1JjQy7Pmr1rhExLUpmnts4pxXv7fB7kuoktu0Kgf5CgcUsd93xb4JcY7kLkFRW1rtJx9nD02oznwfVCClm3/QjrgrZamWnFHZz0MCqVmSG5KTpvla5pm+vAMbFD3m4wZ9lR1okXFVCEKeJZa0vtHmj27xNmLeWM0bUbNNfhNzDUcvk6oTXLO16XkI0pbwj9mb5sSit8UWSGizFrw734frWMcs7fvJiomaTTsCAnaD8mMdZRZRfRWNHCkrXIyMBr9uK3aWYwaJTSKRB3fBzYuFjO2p6EWucWoIS4ySQvi9MWraMgBw6lzwUFEI6ghBPUDIRCx4JfbREoLCEzvTjIBOoC0xBVlcHlovvNTsHQY7WnsN2T0A==]]></Encrypt>
</xml>


2017-12-24 14:19:05 debug :
------------
String:
account-ticket<xml>
    <AppId><![CDATA[wx7f83e93205d2fd31]]></AppId>
    <Encrypt><![CDATA[kcnb8yI0oc4R++0upV39/ETyw7YXxVR2pOfLqfSFlQYm04z9fMqlWh40c6N/cFp8AIBlvnd6TrNMwaAzGKs+m3chTpMyuM2DkHDFNjnbBnHmMVJ7jcKTJz0pPWR6oSxqW7pT8C7qYaUfNSC0ryAyYvd4UAcxLQ15uA5X9wl57E0WXMddSM6eortVrteYyRbscu4Z3G3pXEwBz71vGo+hhR/OOn0en9sigHzjWtoVycVtIykFl159fdAugsgDuA02p3VJEWaliG/sLGSAerduNdveObjRXKh4JdSmoI251ZNzdU69x6MVOeMnUS70UhBbcEV8P53VjvlTLWSxPiwvK0FYp8B7+69XgKAYg8VDUggdQ1nYcHOxBA21uoLt2j1M3X1gYhQumW0dPwJSwguQ9q29oglJY3+KFwEATBcS48JS9cDeQnt8teRNOwCu0ZtNXSSRJXE+0qi19rpkFCLCFg==]]></Encrypt>
</xml>


2017-12-24 14:29:05 debug :
------------
String:
account-ticket<xml>
    <AppId><![CDATA[wx7f83e93205d2fd31]]></AppId>
    <Encrypt><![CDATA[rWddsCMPQmAeZMWSc18pojS71uXmzW25/xGsD0YvXnaadcTJYBsep2XjubjBLIefcCKO/2ZUgZgx7fk2AXSnW+yZs1sgTmwkEgmTuQl/G0Bxvov1kvaFNiM7u+pL+A6pbSibYTl9hZcWdpWhi9ojQLMnrpK+8Tyid+nop9ZpvEp86ipa3PZ8H1OqWlGg7VQx9fplIEHge0KkoMTgBc5O/Y32PJ7O1dSqiy/lO5Siws6UNJ9wYr+U6qvHHJUpCka7paSwq9+n2UEwomFlrzgslt7k+jdSsomrbh86noZKXWDpJVM+8fULktWFWzpmBUmqeKyi2scllNMs/sBqDIbMhUO1N98AUGoa+hdvs4psa6MNIsPiyb/5nm65DWuGXGK0q2xM0fm/K/vuI1lk2aGq1IJ/soHLjkyLHoqZ3bS81zl92ZXS0hVWPt/qsC/K6CiDVmjTFmye2LAmZd8kT5AhVg==]]></Encrypt>
</xml>


2017-12-24 14:39:03 debug :
------------
String:
account-ticket<xml>
    <AppId><![CDATA[wx7f83e93205d2fd31]]></AppId>
    <Encrypt><![CDATA[/ZD8L65VbAmEgLd4HJFXvRGSzHxDKv681SrZR04nZBFcczgXceSkcbp9ngTkO5qY/2LpD3WG4lApqrp64NHQi3Nj8u0USc3QiI5FVR+lsBTCc10j3l/2gACFkBIkB+fLHE/DwNJVMviVQ/8NFRJZv5kKiQWrGAGN/ENkGoAh4S0rIIrdKIEErRDoUA2RAr+eMKE5XLdDHd/xEy61oKoxsKyMcWNmLSHj9KinJC6kRFHBKzJDQgZjT1e3WEMA4L0YPd4ew88u7J76yEds02y34XlOFndq7yiSxCqebDNobmCJR5BIT75OgyiUHPkXFVhU5vdwU5+j5w2GUHDgodYiay4tifUarU+PCu1KQ3dTOMbrN17LYDVqt9SXjOyEpwnl6b46WDNPmS7gENH2wjaMxkk/DleGKdHvAwIprvNWFEJpe4QGqQajIIpTwJ2qYERzbi8XltPDeRP67qEYGJA7gQ==]]></Encrypt>
</xml>


2017-12-24 14:49:06 debug :
------------
String:
account-ticket<xml>
    <AppId><![CDATA[wx7f83e93205d2fd31]]></AppId>
    <Encrypt><![CDATA[jYIGrQHcpynbyRxMjKHyLvBD3a5zIzysWE7DypbGXIURJHr7TlTJ/3X+vYQTarnmS39SxABKWs6U0jN2YEakjmYqEsOnXQzeJ++ZkdBVIMMsSUc1Wt22Ii8Ytfmb+sQrmR7rMFXjjUfatdShFuGL20MXPMU8rq16swvThi2HxoZ/SA2ecIXqGzAodoLVSMUJJHrjWGK1AcWu6uLkqVa9NuV1OavztzW4YWfpqhB4bbr9rexvwjj6pW46cAkkkQSZHnU/iRDXxjIuRXAvnl818aHzAsnf/oRNKbQ2KAuPTfDlSjMuzVYM4fcAT5/4ivHqxug7xB/yRoUN0mNPPQdEEKdDNREocd9hsW8gUeWG6hFHk9rKuuTIurdq9rizxdgQOPX1kbNAMEBfAXDeFBydGrZLyC5F5YtlPqnPEpX9NSvp0BGAbCN9cQpCKElNCnCNFosB7guUTw8+FPpMxCCdfQ==]]></Encrypt>
</xml>


2017-12-24 14:59:10 debug :
------------
String:
account-ticket<xml>
    <AppId><![CDATA[wx7f83e93205d2fd31]]></AppId>
    <Encrypt><![CDATA[e0hv/hylY+qIYvpHoxznUgNDMLMQ1ae1jcRo3JgIuKeNYHogrp0k6eN3w8plFGU8Vz7A/J0ZfcZH7e1csmEzM7O/3VlxotjgB9uivpzh+5tGYCxhF2VIXFhWQSPsNQdJQNZofpat3HqBvs6+CNwTK+0Rm8TSK+uiEWib6uEs61UBNFJmoojxn2IS0PjIopkkuUX0JZWb53i6FQBYpWo2Si/ZI79kM8pE90K7B2O5IyVni/13QISijN+SRbfCPAK+UvClGCCNuFa8R/Ba7AZ+zwrOqjj3+2Xs+nNZ5Ci+UPRU9TIX6EFV4GNBCOj8aUKKdzC/42k5e2hQrVKUs7F8r2Xra/dc5c70Ea/UwonNkwJu+Z1jhfIY5Aj7SDGX7uXaUFVmeqlGGDb2abZACQPe+7NdU8up0bGrN/weWTpczg+tC7vPj809QGhZ+xxfvbr4Io3lFu7pqazhNdoZ0EI8Qg==]]></Encrypt>
</xml>


2017-12-24 15:09:13 debug :
------------
String:
account-ticket<xml>
    <AppId><![CDATA[wx7f83e93205d2fd31]]></AppId>
    <Encrypt><![CDATA[xpVVjzXvhwHInXVUi3cb9waaCvOfyltil7YEc3DeUWX+1Gx7jBA3vNzN5gRUMpSBbmQdfuuDi1qPgJbixIQj3LahAebPyjXaWJrqgs5E6qH6XpLiSIUnPY4xwotkqEk1dvMgQwG9V8NTv0ZKfTBpAkzJlnCQQJK2wqucMs3rBHWgSyQwHH6ifhK6U3chklRY7+UkfJu6bliZ5l6zziX9xZKImc6XrWCigEmwCiCxvtZ5qCP9XMmtltn/ZlcDtPxSYQDfxwFFzJUEP9on/ZNGuO3DGHoQMGjLlm1Drvh4YjiB5h42+ylUdHG0HyVr35lWloNm9HWtVzAlOq0pK8S3sFnspmYhgxMtgwTPoLbiHPeYGn+i4rclHpUgtxwt+y87AUFQ/YdQZf5vyhBjtNpb/2rIXKRluB677e3hKcPBuu+Dyv+7BnSxrcEaTUt6Okv02D6d81uAP2Z8yHR12+Ieig==]]></Encrypt>
</xml>


2017-12-24 15:19:11 debug :
------------
String:
account-ticket<xml>
    <AppId><![CDATA[wx7f83e93205d2fd31]]></AppId>
    <Encrypt><![CDATA[yfoaTU9yD5MXXXkUJTQmsSMrnjwqxn86oGa3SZiHr9+0yJryGnrI8gMcC36LigTyP8ueLR5jsLgIaklUSE2IIzzwnP7zTR61g0cPWOmFLaF7Xd+3pG+qu2KKa7V4Mv6A03V6ye4DzufzYJ1VOPKykC87TL58qy3z4g5Slns1bBPdE827GzLJ0LCFMWhBbyzEKFPRoJxaNxoRSKL+WT2gPhf5tdUmduxL1NlfnWfO4edgoNozEuqx8I6CLAVaBFpZ4+WXosxyNqHL42cotSE2gvPXLqqulBO6Bztx68+Ec0BmIiW50e+Vc2RtgFLb54UBMBF3vdNiwTJWlMS8r7vor9bDl0pHFL0Ec8/CooyouuvuXBvrrGSHfyxADHLx6XDDaVVVAAGMbjBwZoM5OnGopXiqSaX01PIsY3cZVuhQIFgIa7td0Kw7U/hCHF8+DENVBixGvYCLLjaypzZ4QqNtnQ==]]></Encrypt>
</xml>


2017-12-24 15:29:12 debug :
------------
String:
account-ticket<xml>
    <AppId><![CDATA[wx7f83e93205d2fd31]]></AppId>
    <Encrypt><![CDATA[tihQdRtWpDpS/STTUN8HKPuETtWF82jy11DXQjkXQrjGN2D8PR++m48rNLZF+oyU1bYLo6256qDAWFit/fklfKBunW1do62s+CAdYB1bPvuoOED8DFOgajMY9gHOAocJbR+2PZPTiAcm2EAbqSDsn6xXxCqf+8iMQ6Dw3N4K+yY7BF8j6vGCW4LBKTE6jMVd6hRNbmOuatepQDxKHGTRK/NLnAE2klLdH0MYc3ZoEeJZpS/ZpUJ6wJwUcCL/DV+m3NUbA4/uyVSjUBc6Gj1Z887ghGeeMEdIMAH+ZxTX8qj2NKkvlg0mO8mL2znL54w1sV3QpiAoEnVkGDw6x0crosPxiDVXX5uIKwOutQec+Y39HlZdHne+Xu4V9qL7Ns59rsiGykwZeIjN7aU/eC9qqWg8kJ/BEudfUFArYrCm+UwzEA5SGwIQlxSKugK04S02ynrWxgiuBOIoGx5yrdovXA==]]></Encrypt>
</xml>


2017-12-24 15:39:06 debug :
------------
String:
account-ticket<xml>
    <AppId><![CDATA[wx7f83e93205d2fd31]]></AppId>
    <Encrypt><![CDATA[yfi5OFFHUX4zjx9LCL6/PVBc4LMiSByoBdOKblWWtqL7Tp9PIb4VbDIdwI8nS/K6r2xWtDDuUQkFZ1I80kbI5ip2eNZ+x225kNl+ly/PQw35uFGFVSbfpkTMKgR/+RRY7ftiU8TNpngYwbPBXq8zkI2tcj4aLtTIMAFRuQwjsIdFItHpX0GgNyboKULn+zeMvIU2BC4etaWAR0lXIRBclghWXOP7BtIem0nFJsHBnG+4Lgm2cH3hretsP2WWDLbv3cej+z9mKwlA9h+kwqRU57zPSYUYMtCxbLdFOUiDkRug409uYuF5/xeQPlA/AUB7afclMZcvUNl9+dV9WTVoZk1TQGEoNx2bPnN5cSJLeF0WS9sOHnjKCvhfyG/t/Zrcc3E8K1EBOhh27NRkUoAqn/lhtGNEed7fw7R7aIjOOfoURJUo2uTfxaAAi81HVm34GPO7mqUMiS2mM/4fYKqeew==]]></Encrypt>
</xml>


2017-12-24 15:49:06 debug :
------------
String:
account-ticket<xml>
    <AppId><![CDATA[wx7f83e93205d2fd31]]></AppId>
    <Encrypt><![CDATA[91lwVb/zZ9YShIabWLbe0ipXasTKbWgWhD4pM5JPkq5ouy3fVFTcabZRJoYMyeddgZ6v4khFjjQ/e8xoYtuklFgxmDDcXEADX2i7b+3EppVj5RcvTb4XWzYmdYn9K2bFI7cmIPPoGnKslIx2Nav4w0ss3aji+YHfT7kiO0PT2xDHrjtYgg5TysFYmNq66sra6/dVS72N8vXwYZ4AbDNAY3UXbalflTYCKEkUR59b7Go0RoaFbB85s/IjoRYC4RXWbFEspHx2cF5WNVy6w1/hwlB0U3ftvnzzF1n7kWrXu+5+hvzskGQ73VDOUr1JoKg3NH+DKCwmVZ1nlAXmiNWIReNUTrDuWZylRNoDfdKDv9TfSr8R39Dubfyu4nWr/dQbUSbgwqeUb65urO0F0vAHmfxkZ1d8Wm78jKvZZAc8G0p+tYGXDlcVvuKLHLhJgzneAF/ehZJFFEtCnfTgajYFhg==]]></Encrypt>
</xml>


2017-12-24 15:59:04 debug :
------------
String:
account-ticket<xml>
    <AppId><![CDATA[wx7f83e93205d2fd31]]></AppId>
    <Encrypt><![CDATA[B/A6gzxqLJxF1sKsCtf89svp4+ftEBSSm3VLYS1VYBy2ndHqvGVE8M+ezeVv9+1Vg31fftcLEiyhEnHGjDs/OzYYNsqjZlzhbQT2Ug+Jgdl8z9+27IAXTbJGtHHgxrT4cxsnqaVONxWfHqa6IJR2hdPGGxpY3eQ8dGCuKv3hlpicX7eGzx1KsBUBHoWBiXDDTdcuBZVVJU2j19s+SFeK6y1dW05U3Y0U8mUAoOgJvr2th+bMDdkg+BZCnBwD8GhYMQGqRrws58s/5nDgkVSva/6i4jjEEUuOtXCEztyjcJ8toEgIXUq95GVM9QzTA4GefXA07piac39wD7omSsjMBIZskkF1Z41xYSiHR32Cz5r+DFHJboPF6H531kX6kfWW7iIB2yaDGCkPolbt/ORr/NJthTmEmznDhRT8ZpRflH7aoPoVgn7x5qz2gGGIKdsXWH9bBrA0EWTjj7EYrFJM/A==]]></Encrypt>
</xml>


2017-12-24 16:09:08 debug :
------------
String:
account-ticket<xml>
    <AppId><![CDATA[wx7f83e93205d2fd31]]></AppId>
    <Encrypt><![CDATA[Af5nCJayYZIHtvXSps82b/X70uULuGWLWbVz6CzxapYQCJ46/gelulXg1/ga718DsIgjdwee3cNFHKIl+dkoxwzWmuDXfsV7CADmCVkemrsj4Nmdv6v+kHF1Fs/tAe2fp2ysEYSWg1LyMVn1CNR44urnGjmtGkbydE2Gi7jzL1yV443inrWG3duJe7y3/UcmYQA8KLZeJWnbUGh7fQnz6B0jkWK6nZWrjQsVE7aTBYd5LtsahTmISiarIUIfCTeBMRCK8+CgvbXWoHBLIcQee/WnO8Z9YnLO2TUC/MK+1APJZzyfbmEQ2SqwE3CMQSt9KXFlkm+zvJN7pHXHEScAE8F1GRXKBxT9fsjP1q/74CMTwzy3DpjkaruoxTbtv32mxumsiazoDwpgw8RCIM9Fbf0Jd7Ekuz59GyQFEs/hPjYXgZStlZclHN4a8fLHBSVUull4A2l8szuKyy6BANCfdA==]]></Encrypt>
</xml>


2017-12-24 16:19:11 debug :
------------
String:
account-ticket<xml>
    <AppId><![CDATA[wx7f83e93205d2fd31]]></AppId>
    <Encrypt><![CDATA[HQyi2xot1SI/t3QBA1XcgErNvP3gjNzCjH6kZIV9sNiAA/fNXokhlIpeeKCJP+ovVPKE1g66NkLM11aTWpayKwOM/8NEybtoclPOPWzRsSQx95strWAS8+SYEoEySy/hh+5iN8r4w9wlEdALZ3lhdctyHnQ0Mz1PKECHcoxqzH2UyWBORk2B+X74xcTCFjEOk64FG5gNwru/+qP7kz1kI/B6w8nlqtHVba8KiM/ocqyh5DWmOahOr8jadqEbm125V6ulC21h2fWFM6Y3zyDJ7j3XYWuSkhYUpkKm8/WFt+GpEb8kvU66Eu5Fqowbcxdr8ZIEyf/HiB6Ndhx69vsS/uGDER888YGQYzOfFRm1qSWwLWCAy+sAh6jrjswJZBRYbOk2IFAkXfNSc2hU9fbx0zaxODkimoXqeThQZ8bZE3qM0rSTtM57/kn1pCFS+fsyieCDiVZd53MrZ1/di5MqRQ==]]></Encrypt>
</xml>


2017-12-24 16:29:06 debug :
------------
String:
account-ticket<xml>
    <AppId><![CDATA[wx7f83e93205d2fd31]]></AppId>
    <Encrypt><![CDATA[Ok521tUW3EscL/p0KoTQ+p9DrQwAZT4+Oc1ejJn0IBDVj2bMeWCXHPpAO6RkH+cDhJDSb0NPIee+QjA6/sKPxER1m2a9wkIAF4702RKoWeCnygA7baELYu2VeLaHRicrHOfJ2ShcQOD7uIuToIT8yjm/GVcNoR4Youdekmk6/PYATvjaHvFIYL2afHJBG7lFNDZaPzzZWt1U+gni3oLoG8tia96Re3zVTHNOJuUuNNKQyBc4JlD20eRd08YprtWPB6sQCqp80IeNNHXxMqQuuczCZHurrFsMFUeYYoBp078dvN+51w5TOx5o+wFFPcjbJCSupptv61WnyIZSWARmd9e5tLqSikjort8dQhWDuEY0Ryn2ycPQV2tcT7SZF6DJWiwooBd2sMO5nipj9S42i95soaiRypLQGJ0or82Xx0I7sKSasuYoGEe/ZU9nX7fMQ+blHGSYz6shZ6HXOq6mbA==]]></Encrypt>
</xml>


2017-12-24 16:39:18 debug :
------------
String:
account-ticket<xml>
    <AppId><![CDATA[wx7f83e93205d2fd31]]></AppId>
    <Encrypt><![CDATA[qG/hosfIGa1bOags7v/nMaIsRtfSVkneFbW1N0TUMRoBDm3N4rZ7m7cUa3J+Gs5rE/1ebMsy4ZfzNxhMGZJGPmSR2okBh0W3bsRlx5STgwzhsej1b/1wr6aejXsgGUzKRSX37LFD39XeOvFwBN8RICsKa7+ZgFdyXHo5JiLdhO6bbxVoDj3yM3pa6EzMLsacD4RxfV5XAP7xb0XN3OJBwMsv/2zUvD0+mdkE9fOr20OKj1ZLZp/7O8a9U8kH3zC83XvHAVVPiAvRFqKcMHRftBok6qZQ2g4q/DfY66Zrv2DWtYLEVV3ONrGpx2RPLycnoH23iP7FiTPfNg4dS4PAZ15O69S1D0elKcI1YUva8QJicAWbPLLwqX9t/QrQlLAt3jqRAjzE9nD5j5GpWorxUPxf1lU+YrxF7Zy3dhO8XO4s9DEFXqsjB8aIJhtzvjDWYStRg9GaQc26z8sz7pYSrg==]]></Encrypt>
</xml>


2017-12-24 16:49:06 debug :
------------
String:
account-ticket<xml>
    <AppId><![CDATA[wx7f83e93205d2fd31]]></AppId>
    <Encrypt><![CDATA[jtwq3XckzoxJpd1LuNeeh17XKr71aq8b+s9or1L+v5kFIk+xYqZT2jWN3XFmmsAjOxfsmzF27H/XWMtF2fP1/tGJXf8N2tp5Fx73MNY/kE/gqmKblbE/0BEsqeOc4jAhWV01SxLfg55sCeJnut6At8dfLL0l/6oNsqwvSJGKbnBlZTanmjcxMeXm3FS8sFZ5N0KKHleo/zMNnnuZVSMYf3p200h+owZqJmQCDchJdvW+vvSGm4WEXjhIFwZKxqcktFrRls6RlHd6fIXmyS3Vo4GEGjI8L8/fb4jcsJj67q6xLkSat9o/KnC2jv4W1cuZKF/KVrVGQEeoMn/j+qv4cLPEOkJA3hSvQrOMYTDxTXAVw9jAhkcrEGUvsDETgmRqj145oFDFm6prtlAbCrxs3d2yYCq3dcDRG8qy2TFpFuC3tBkeRgRBDY/1vlQNnl579LNtvw1bSJ3i08f3Z5rnTA==]]></Encrypt>
</xml>


2017-12-24 16:59:06 debug :
------------
String:
account-ticket<xml>
    <AppId><![CDATA[wx7f83e93205d2fd31]]></AppId>
    <Encrypt><![CDATA[aaOH5FfxZfJIPtqBOixD18Ecef/fC1blp6AqEXu5Ev7PnZqJcfe7Hi/frOS/asP5LjDKuR3hJmhfbbKtBHZ0NmxNR7NBf8tM+jtUWYy0svjfgFNZfdFNSBb6BIb6PprE8Ww1BiU6kNABYbg6pVHXhOKgset2umwvC54y/vT1H3mc0uu2zg05MlG8Q7u6x8hdM+0AGUXB2htNADwZNF+shiQAF9Y/LoSpXj5R1jWDR2QE/4reAfgm+BTl+LNZWSj0/TLKSuszClAw7SEGHsBdudg5NshJYOQf+gXTiWg8/mSEejChaebq1rl2KAUjHQzyZP1sNLsilc5q5RK2urH0icW9rLbffiQzwio8pTChQ3o5x0PCD8tHW2TbXQJXEcIwMe/Vz6oPWLW+96ZCcTwC1TXB6AV/z+6UQHRstkIBQHnuyRzUFcL+iKXHaQILYdXrvrksXmPy1lVHWAE2Im6v9g==]]></Encrypt>
</xml>


2017-12-24 17:09:17 debug :
------------
String:
account-ticket<xml>
    <AppId><![CDATA[wx7f83e93205d2fd31]]></AppId>
    <Encrypt><![CDATA[8UQ4HwQ6asgZPL9URRut36fQZWct5FIZZrKcGftiIjClBpmKVhAsmQDiUI3NQLSMLj7EdNvzNRizHqfQ1sdgE9biKmUbAyHIsITB9kYeS7kztBWM0/YkBjxgUtCE2whjCis86WXELbwpdh5g0HaCFa4LeGYvOkWG0nHc87/elhyG8tObPVHnE9W/esCaU89lDs8aAzeCrYx2jIJgJfFt+CWY9IWT1g5examh8L5CryKvNvE/E8+vJJZXdOZYJrmnpSEPZlhhV3s50Vwormwsh+IOYFZ7FFEyk3pbMTcj3lrx1JzPDFg/rEVzC6KB12jz804c/ViSsfX9vhRCjDa+KRn4gjwBWycksGKmBE+AtAtbQLzuWWYHr2sjlbFUEYbTBr05BuDLYZdmob/7NnZG/fo/8TdpOmj1a47VI9cU2T/iopETD9XuoG9JWPxZGchl6iTUd5D/CaZFf7VXww9Ozw==]]></Encrypt>
</xml>


2017-12-24 17:19:00 debug :
------------
String:
account-ticket<xml>
    <AppId><![CDATA[wx7f83e93205d2fd31]]></AppId>
    <Encrypt><![CDATA[23KVfZyIXksPjhyO3KjoLEFdEPotG0fH88Us+qrGyRewKrQw3lUCBhZ99oID3ngXl65cs4EbmV1luUbNP6a+WKR1F+ODTL/TXfdvms+vIcv+ZiP3eaO5zgoeSlDauqi2L0J+2s+2CUYQv2X7NJU4WEQIAPHAEhbQ1ghaiSqPmAFqouaZYz+lFLK1XBLhINIl8IRk27UvcHBltyibJRj6RpqKJAMirOMYp3v5d0YU1dY+g2d8cp6k4YNTU8s17awknuOvLwReEpZLlfyHGKOorlsCYMc1G855m9vYwAyIsnw31yeHRW4ik0QLZ9arRcq0KT9of2P890R5IU3s5Waa4SNDgQ9sKQcEKzkL4Fhx3qRJHeau8YDLjhKcMMOijnTOBN/koQKztkzcfVQ/PtQYgxtMwLu+QWvjCVHWGR4hKAVycC6drg23t0MNpLfKtNT7IDoJVzt3XWo/waVOM4QnRA==]]></Encrypt>
</xml>


2017-12-24 17:29:02 debug :
------------
String:
account-ticket<xml>
    <AppId><![CDATA[wx7f83e93205d2fd31]]></AppId>
    <Encrypt><![CDATA[E6FpcmmKMJSx7L1zMsNwTZunlfOzZNAHqou5N8hd9fSGvazN/2RTwOt4V/1MiT9keA8znQ7gMT1Xu/1BE3FffaVSJ4oHttR5SqCSNrO36FIe/GEsvu1oGqItIRVWKGH1R9Cr/g6iBlMGD1xNtI3wwRvha9wuVApV+BXere4o6GvOV1QR+EczxX6j/mF6jRnF0/2Fdq4ViACLCQyg3NTizSr6R65AaxUyK8ekTS9Is+99QNXJj0l7RyAsqWPAx7unpspAhVtOL3pIC94RiMRpac7w0t2GgYCz+zdnEesamqPQrPBO/PCiR1hL4Lq1aFPsZ2MEQlE/ZygdM0+uchRD1IrxYjKzEOdwKMmuKaWW9XdD9JwFiMmGX5KtJBE3C4oktKZcu4m6TjZcfmFP2J1G6Y/xF9aldV/hMnGN41caZP6urf66GsBgAV86u85Geof1Xm+FowKCvTYNXPNwIf2/qg==]]></Encrypt>
</xml>


2017-12-24 17:39:14 debug :
------------
String:
account-ticket<xml>
    <AppId><![CDATA[wx7f83e93205d2fd31]]></AppId>
    <Encrypt><![CDATA[FAmu+TpMgV0HPpPRPxeWS0KpK8jbcf4IQ2eWDo7VNM/YCGjsIsKuUTshaNhthrYM21mfXE4qSr/y9syZHlcm+/xnghxsbFAsA/SDpPUt/Kck1OVK/QZ0Dt/EnLSXOdperGsoPzsfPrYJpAvCaZqO8d7zcPFlVsZq1iMd+n5CdErAXH4PlFNJsDidBLQsDi1cWAwAEw9Yzb7fksaD0y1YdsjBBZ+7FG9hqTr8kI2db2hvhciYOrO70zVSOVyYdbaBJxIEaOb4hArEReR2jAVRtdRxJ26h9ViodVttTK1JPAiw/bFRVgEzuxKdnz+beS1i/8qxTwTSlu/CuixEvpCWaPqb260KVUWBg15tuF/dpEdTflaTBAbRsnfCZFryPoLBT655T02EqVNohOSf/8N2j1OXDBMBv7TAuwaAxQW0B2mFp55jKs2fuT45wKiufIsQTtTGvuodLiXCif4VDwf4tA==]]></Encrypt>
</xml>


2017-12-24 17:49:03 debug :
------------
String:
account-ticket<xml>
    <AppId><![CDATA[wx7f83e93205d2fd31]]></AppId>
    <Encrypt><![CDATA[YW8x0AK5x3Q6P7GdvDdfmG/rs3azAwoiMaRJYbqLA/4v8kvKNgbQ4VfSI6FFeQ4bKSfgKDJKNiZB5hRq7rcjyFkU8R9yFo93PLo587hiWUPfvCcKIrX5biJLljWtbdF3NfArJxTExKvFxlTRn6gjv+GEjQIRV1gKeBsWlbOSDtMwoJIM0IVmWga4vvF6nCsP54DHjfXqJQgzKNtto4FkZe/nRRTXdcB4xUI7fO5/2GIDcyzBlhvKBjG1xVzCYi3jds9WUZOpPO25VxOiDs4A3YhW7ShoAP8ze5Ko+1rt84o3Wo8Z6f2GpsLgV/gE7nYF/xTPEJ7NapjECHmY3EGpt790Z7ZYhLuC/ggUf9bgusemw6vRVfoZYrDHHvtVpYRnNLmiFgZRPZRnO83ybmQUXp1cidv6dbwbRLBrKj9VuoMfCyOxoiQ0aS83Yjqtc6OhpsQVhZKqGlamUZ6+fblaBA==]]></Encrypt>
</xml>


2017-12-24 17:59:08 debug :
------------
String:
account-ticket<xml>
    <AppId><![CDATA[wx7f83e93205d2fd31]]></AppId>
    <Encrypt><![CDATA[nTsURPn1Vm+O+gevY0YuFAUwwU4XI9X9N3E4mPbxq9EOaaGjY/MxLagV+hVJydEK+/6J7IIo3Tql3nWkDeQaKNNhPpKfhpGdkxbZLwObDvSbWo4/Qyg6x2i24b/T4t2za+zYVvni0DwO543QZsyDYMAfq4NyGM0I/v+VH9dreOroYhh1XOM9JPN/XIk3RDcQlffDFti8NXUERY6bE9TOLOCRNLGcKOGXzNXeQ91cEAoV4RGv2d6czING7jBVGjExLL4T0HBH4Z6a1xGqTn1R8TEAeYHBeYDhW0HaMwvGXFFOxMU8KtqizHLA7+R/18l+pvpYUNAzOSfqwarPUChL4pCc0PjdQwmTIwb1Eu9wd8BKXwnGXeCd0SjYCucnr2Tz2zpfBrvKYv3JAkElfir6pYC4WXRA8pafJa5qcwxeNVu8IiAoNjPl3Qnqq4spYyxZyJovCTRJv9B1kH00P+JEag==]]></Encrypt>
</xml>


2017-12-24 18:09:16 debug :
------------
String:
account-ticket<xml>
    <AppId><![CDATA[wx7f83e93205d2fd31]]></AppId>
    <Encrypt><![CDATA[zk+nmobkgmWFd0OZv7DGO8fzgGyizPvAOpd2VKPkEf/vrNGrAPlR1o81x+aRnv//CT0qmwYdnFb6krJrMPUSdRoVJ7iR9c0shBuAnU5pfFesUtQaQNXxyXNU2KkvFS3S4jAPqnp8X0ICYMDz2b8el+RNk28pgFmzxEQ1VghQxz63NB6DgsjlEvHZjPxCoG8SDvKFSffXExpRJA2GXfeRO2ZZEIeQesg27TLgzz7lXuflkWh8FJRjMDlYbeR6+/dFY7MDroJSWLw8iDlYIXSt5hHjzMbnIcoG4xE9DwA41R2W9QC4DjQhCSDNjLT8s8GNEYqc0yJfHbjxrMUCubStB1s4Jd8yBadk7ReUmrw5iITSMG78F+JwduZRoqkx7URz62F/jJEWqBv+5wLaYzMgiEgoeeKQa+Yu2qdoySh2B+tANFACU2XzERixlE+IGT6Obc5TQxqI5apDcq+Mn0rCog==]]></Encrypt>
</xml>


2017-12-24 18:19:15 debug :
------------
String:
account-ticket<xml>
    <AppId><![CDATA[wx7f83e93205d2fd31]]></AppId>
    <Encrypt><![CDATA[CwTgTLYGceUKprmfMLoxN/D4sX16fGUiHaFwjJ/qjafIZxGxY3Uh12IE/coh92i93CMJiBucpSek6a18Gumn/A4IadpiipMYIjGhQEXirRYm+71gQKGYISleJ3HPqt/wedQtGuEikDkN09f6ECB7UsB20zMJK0WrwI4VTV8yIsTGSApG2Lx18+AQqIzmppT8XY7O4/EUkfCmirXVS6qhm1gHcNxS4+AQp4L2QkgNvLtGhdYqtJ+KPMq3w22NRyT1q0R2mcD8oK7MladSgMpUgob6FNEyP/YvNrMK/jNnIPvF/AD5CAx+rbmk18v5vIxzwMmqDOSdC8lX/h0qGGXlREw4RcodOBVJTP4DikwNL9qoU23kehmR9SG3Cf3nI78l3vWxx6wxE3oovTA1je3dYYL/XnNYJsuUO2Uj099zTcdE2BJAs4UJ4DoFGMo9mjgW1B3GDAmyX023axnnwHjXFA==]]></Encrypt>
</xml>


2017-12-24 18:29:08 debug :
------------
String:
account-ticket<xml>
    <AppId><![CDATA[wx7f83e93205d2fd31]]></AppId>
    <Encrypt><![CDATA[eEfTkmtvAQgN3tU/WkTfsCLRvE3c1qpK+JsMH4by068O7qgmtDiqMk+auHwdoS9Hpf3CRMCtRkDyIORjBwId/SCioM1iN/lEgsLfnstD59kPD31KwJwAPW6eWm9oxEp3/CEKq/EZQlU9jeqhSu35U/0pQEzWG+0XDPIZz/7nVozaqGiIXPJyMGjSkYxfdm+biZVgNCwWdtw9IZX90SrK0gmtlIckdeUuum0jKQ9ZL1VV2AknBtmxMxIPtWYTjNC0KH1s5Iy4QZFcDzY8mEq10ZbgUsMGwrgKMjm72ywpmfrzM2J5uFMV/lyLcWk6ta1ZiIl9ii4k3OXsSxaF9gMhx4J7nywHIvIzidrbZ9leDdYwPZe2RLl3w/h4wppLa/o+4fal3x3MjLfo7fOHQPJ8etVz5fJnankXXg6JTcAP+aVYijcJ9VbJaiwawZZwFeSXdq848GQEQjFN8ZAqlzEhNA==]]></Encrypt>
</xml>


2017-12-24 18:39:16 debug :
------------
String:
account-ticket<xml>
    <AppId><![CDATA[wx7f83e93205d2fd31]]></AppId>
    <Encrypt><![CDATA[hyaWm7KFSWUfSnoS+sqzuxD4V4J5S50tqFosfrW+RWsDtJIMPE8KSPRezzL0Uz+zMX5jbwy1THNVPnmCr4nmQ6xcZxpZoe3OIdUJ+vMaqab/HA0gIpPvj9/J9HjERonBHEqr+JZkzeL0haF5ps501C7o7U6YhW+Y25CQZUnZ+Pmvgn4mlhiATUXULS97dv+LHEUDeHDiPrpXnI/16V5ttkAuNw+lzxZrbMdplv7eKREeC1Xz9t5eMfLjqqLRBpsnt18NGPvWa4+2ldMXMdktERs+cwABaNn5wOQkJTtiTXr96XVtJzlE/QPYq7sOGV6n1Nw8LBX3rKwjERr7zK3qhHqff/tFIwbgVUd9iVIWORIP28oSF0lQXEw1x/HZ/gzZIZHbYuKimJ50wp9Wqo5VSk1hCSvxoQOvOlEkBSuzrqSJfTDbUDR+xdbAkJ8wWXH+kfeAYbtVffy5vM5zYce47w==]]></Encrypt>
</xml>


2017-12-24 18:49:08 debug :
------------
String:
account-ticket<xml>
    <AppId><![CDATA[wx7f83e93205d2fd31]]></AppId>
    <Encrypt><![CDATA[+EA12ghYp53ZdeAgV+ScgVN3e6BitZ63C6yKWKE4gIevif+QfXaNilTNQrpZr521Q48sxA1Q0fAURC6jtSLAiUGtNPs5y2cUXo7kMn1EzyguU+BU3x3hwdSf9lBLnwFzQhbSGVLszKo8BQwkP9WIKsg7E6+ZaCVmVqX61/93FuM9ODyEkLfk/A1qTUPh04pZV8tjBxirriN6hoD9tRgG11/UBxpHoTx1Z/MbX/ZRnI3lmPC3kaNju7cEurSxHhz0xZqbuTkm55ouB7gjsRmt6wExR94gMjeH7/5B61IAKE4XuV+8j9goe7/UhHBsf6yMUODJx/ayfLD1oq4iaN9Htniqik5gK1WlK0effYCFioD345eJowlownDfDH6dQsMD6FXRniBs6PEu85JJa2MtiOf1vsJ/FJZ4igAVUPlGOPeVQv2Ug6xyyc/hfvHGar5eZIkRpvea0I4eSlBZDMyYlw==]]></Encrypt>
</xml>


2017-12-24 18:59:12 debug :
------------
String:
account-ticket<xml>
    <AppId><![CDATA[wx7f83e93205d2fd31]]></AppId>
    <Encrypt><![CDATA[cGjIhEgH/v8VP4mo7w20P3DOxUAf6wwy6Q9v8qkMq7o+iYCx8Or4th+k6HlXH+hak/TMepcGpKLJjqXZSfkg4Pm9RwWjOl3OBpJaXlep6W7h5y7SyZ70PnajfiymIIG4j617KSLFKEUvXhd898HHTduK81W938lJbTUcxeUlEB7/kgESr3uy0CzHoAfQ1xC9UbgXkXbm671G4GesxEUSfNdzNRV01swDZJtsbD6UXDtIMEVjXJsmxq229GJjxHNUgXjO0dqNrBNFrNqC7TyB95MGtfpVuA6l7fqaeT01eG2TIkhPVxle8OSdBOGeUgGovLVLLVK9LY8CX7UfKsbkml9lktBIrTtVEreYgI+YLGApEfdf8FYm3ON4bdk2cxcMESbbTvz+hXEtS6V6vsjBiKN3NlxJNrV5DrCOhstTJ4dHiv7GkBGN/cGgKxq412ZWUxkkCdK4kFHmpuj10kcJkw==]]></Encrypt>
</xml>


2017-12-24 19:09:26 debug :
------------
String:
account-ticket<xml>
    <AppId><![CDATA[wx7f83e93205d2fd31]]></AppId>
    <Encrypt><![CDATA[mXM8mF9GjmWxWA2u57yg9SsfQd44xwsE/kgRx1d2BpMXwLXd8Pae5TlRBc2O8Q3ZEdsvW5GRRTRL6AgEBAvUELmQ5hjWJM9FER27ro90MwC3Km4A+/Wr5VDyGJixQnBw728eyE9D7A1WTNdePktZlBkZCiD6pdHASmtzpjT5LWjvSGpOPtH+nExEk9A706Z3xavomVRrWfAobvhW6Ht4i34bKGXsYKwmePO8oR/atgjvqdT7rwEJuefUhXmcAaeRx0m1S7sg8bOmERIHOnzLtnSFhVHRZNDP8sSsKPwPlgwOLpX+22XAs7LnjA6Un8423u0zBZ0CacJY5LxzYo94Hrcr59k6zXTz5vbdwBVn/NHnJZdcrRECgV1aELf+u8aC3r3kLGbi2qyKAn3LsLuFeFryygVhXz0+aXLC40THdTcfXPbifHkqeKupYtONmPCmHkl7+mXzbG5HVSQvQT7CzA==]]></Encrypt>
</xml>


2017-12-24 19:19:23 debug :
------------
String:
account-ticket<xml>
    <AppId><![CDATA[wx7f83e93205d2fd31]]></AppId>
    <Encrypt><![CDATA[GIkBl8PIvKGu5qajzmp3erkrwHIMGpCT+UK+QlJHHajY3dlxP2aQVcFf9kHUo+wOwGgDwVj+Yp/PtztGA6+qgCSi5jbQb+jqHqEqsng/UVBvGrGXrYrqCkmnVAeIcFdkaJxITsXc+mio2pRZZ81EOhkPOJn9GOokDob/SvT7pP40j76OoaoPYUnnyQCgR6YEUmw9p64nMPs9uXPOtllNvfi4GJMKyy9x/mNkUuPEPpYFwUL9FwomOFaBUnhBg+8sDPSRmkavLoIfvx93r2ff/SMqWfUJFsD+U1lNcy20y/jhGgzCihVCa67W7YGCDS4Va09Uh+vU78W4qg5vG1QsK6sL1JBrFimmb0ffvPFNhJyvfBAqSrfyhnwjk6zEXZwN/rJN2bHcz0XVlfIqEcB9IbIfpL8VPDWyI+gF69lVbW70+qcZY7NiPnO0DUbfrbfFc5AqPoiJqiwnZfp87GzZjw==]]></Encrypt>
</xml>


2017-12-24 19:29:14 debug :
------------
String:
account-ticket<xml>
    <AppId><![CDATA[wx7f83e93205d2fd31]]></AppId>
    <Encrypt><![CDATA[t4BmfsnOzr53LAZm2UhXWUvM5nvueJiOAnK4SpJ/1ObMXSWAyq4wl/KMmlP3ujW5tbCCQvvIWbZu13enRLBNKkppIcVx/DtQU4sdmYOMGFS60y39QEN201k9HCZLCX0iHtY9r2SqLsLQODzGs6wWX2ZaCmNbDzPC03zju5pvEjJK5F5I1dgMeZ0KkhazdgO/62yJ+2Ta7/mjqLTg7oL/lcokRdcvApoXUXfKNPHC5giOpUpKa/XaS0HniGe5BOVITj+BO4BmI+Wzt1FHRoYw8LktZZvxmqS3J0ca0xm1VM90zVVSuxJ/0o2lBosjAena4VXg5p4JFOq8d64W2K2wyZXvsxdwIvisBQmfi9RPwT0aAVozWQnPVh3RTDCoz8SQrG4PwDDeYGTB1pjKRs3T0+W6m9BGaCf3kfn+P49X882gwIxJRgGK2lDZloSrnS09mvYmS3Qpb5KKQH5BNLsEMw==]]></Encrypt>
</xml>


2017-12-24 19:39:14 debug :
------------
String:
account-ticket<xml>
    <AppId><![CDATA[wx7f83e93205d2fd31]]></AppId>
    <Encrypt><![CDATA[0MjTkT4cbNhzvZFdh32dO87GqTtOJo3O9Fb50B4GpwDzDCCacXawuT5Of5qtwjaB46D9n9Gi4qumm0CW0QlZBug5U+DyEFGljXLl1M+jyeed910uiLRuGGaWjabQSG9YSNXKwFS2jOjnnO9IqFAmiHx2QTxj9uuJznN8ngYY6mml5O9a5WSxjsLmPOuqANTkQRQEXWGXMBntxvJOQkGy9IEFajrPOWzKZi/dyN2tUFyx1LhvlU6RRNhta34avytUaO6KO2h43eU5J1s8cnn78kyqlpczRjox5VeUycqbh9tMlEaqqZyv7M+8XoPdVVsVVjZ/ItzE2whibari0T07ddzq7uTAMlz7M2z5c09yVtPDQKyzbQGQfASXK4I7gcKO9QoXXCMbFEwd34XcbfCHPQyb8YXOyRLnRhKdJhjmp1oeR0lUM5g5AdOYYhjO6QLQ87Ui4iJnUPBTCejifliTSQ==]]></Encrypt>
</xml>


2017-12-24 19:49:09 debug :
------------
String:
account-ticket<xml>
    <AppId><![CDATA[wx7f83e93205d2fd31]]></AppId>
    <Encrypt><![CDATA[9Hav+7TLWTOstheZVw80azcSud34AOJffIih2zilgkvRRx8nRi9ilY5OlhKbLYOE1NYwwJZEPbJ8mI9w2bDhJauBpggzNpe+nvOjfa8okG9BMgyq/4IRl1Oa1Y7HHo3efLgLXriH2HR9sFVGeqmgfZeOnsYaYsa8XUttrRWXSyKjIr8144j3j3b39fvp2mTF55vKNLMR/wOP9/Ylsxj+25B7/9trh3zWytPWdT2a8zb9R4Eb6Ai+/QImzSCqammXHZMH5GWYhwyR5Skr2RSSLaohcLBXvzmWhtxSTXCVWVhT0uStvTtLNK1sS0Nq1YtzkzUMfdZCKqZ9MZPNDXhfJmCQmA/YVazrHI6OMOe30bCWqY9Lw2+l860P3IXtpJMrn/gJZCiDV0l1QTZ9DS3OjVmTNhDua4H7sjhZj4r8J+vgB39M14p4B+H3Z9sDEPdw4yYVgg2yyyBt1x8lIjenkQ==]]></Encrypt>
</xml>


2017-12-24 19:59:14 debug :
------------
String:
account-ticket<xml>
    <AppId><![CDATA[wx7f83e93205d2fd31]]></AppId>
    <Encrypt><![CDATA[EZ3D5WgQLTVJjk5ra3rCH+7EHjUzqezWYmmJnDZD59WkDNuyxj/7M/3N69flUP69h+TMzc7Quf51YdU28Tw8ZT43K44jbtqV2/xaVY33ZZz1clhOrPr5PjoqBLM6qfkwKsJSguzvcHljwm+GKKX9WEIBH231KDsJb0X+yd6qxKLbQBETeBJ6iEeFy3wtKQNpYHS96FB7iBAWJ8q0ww6vSIHTvr0e5v1XxYzNkPI2URlSWJ+TP5C/ToPKMkZ3LoF1g2FqGMkQuzrhtjQuykJgUZBvO6Bv6LhyuA92LM1wCg2Hh1MCffRiCahERMqZtOTd/a6t2kRVWTzFgmo7/Dipomjj0KxRnsxB2VXWJ4h+JBZl07HX/h5ag604YFz8X0G7fYOxvORf3crhtwh0FkzTDmsbqGVuuvUho1RLAYnnV5s+Wz8tRhOsthEtSg2RlRqAgJHHC3lhcK9Lr/4D4QcaRw==]]></Encrypt>
</xml>


2017-12-24 20:09:32 debug :
------------
String:
account-ticket<xml>
    <AppId><![CDATA[wx7f83e93205d2fd31]]></AppId>
    <Encrypt><![CDATA[Gzj0VldNHeX5u+MBwp9Mei7AQ4u1b/9+vY76TyFIFiFkWszm09TN0+OBakP63sOKx+UdmRDvhaRlBHlNwrwiLWScmkJFkR9X7Z2YdXP921G3rTyBJ11mYKaW2wXpcX1wSB3yCYjjlXQjLmvJVTQ6TMaefkJfdOqDfmgP5TpRrgDx/LvOVl0gCbAX26EUEQE3CwFXcjqvZlMzgu9UMjMnUyhfVV3XPyo5FuPW88wouVITYjlQG9rFGUmv5Npae4kDBz4CD1hOyvSUWajX/TBJLHbKv4fVgqZRMg+cQO2IU9f2WAsT5PVVa0TP4I3J6PbjyxoxmyED1je2d5IjUO+jDEiqGpHdP3wgddaS52wwWHH/Mvf9LDnNIBkCHWj7dHpyrQlLilCxW+jX9h6J0w675qU8PPq1K2PyaRh9VxE6YOGYPVcAFN7wPVS1QF6hrZ7cgMuar2DEJ5PbrV6O8Z5XSA==]]></Encrypt>
</xml>


2017-12-24 20:19:24 debug :
------------
String:
account-ticket<xml>
    <AppId><![CDATA[wx7f83e93205d2fd31]]></AppId>
    <Encrypt><![CDATA[DpIcCOsOGswElWcHa7kj2Q//55zLP+doHNG/5u5FfBU8vZLGFl3i/9js1cUx3rFRGI3YTLCHB2D8eEjcP3J7K7Pg0jcZdMM4GwWaAGeV4Lyzzkn/2AVtyECgJ3kgFCu4nGW4yZdG93mCZdJFO2yj4AxSh9g0S7Tgn1RvKYPvtIFjl07iIYlrDMlTvrc6C8sG4YcY7/BL2YclzxaLDGhcRJW90/yoQlPZs7TIcZlTArhUYKRUOHV9XOAIjBpvZ2GlLY/mKZAKzyBpOTrCR+YhWaWSwpjsL16fawByqaEil/eY7hM7w76W/RAnzHThg83VNOzE3eC6f8g3yWTjEtIS2RVOdI3lz/QiK2LKvGo06nJnO5OlmtprKxfE12kokYMvbDKiYCOlZ8Qg8X+S8baqktUh5lSLXcwQbXD5rsOXbuv+GfvKl9TKCJMpJMfGCABitATt9FwZG3T18o8vr+AEkQ==]]></Encrypt>
</xml>


2017-12-24 20:29:25 debug :
------------
String:
account-ticket<xml>
    <AppId><![CDATA[wx7f83e93205d2fd31]]></AppId>
    <Encrypt><![CDATA[Cd7QNz1638Uw88J2K7M5KtrLRUL2aoeaI6nSZdyWYFjZtqLK9la6O9yINpcBaZi/4hdI6y5eOiKGy8GLOxj22au3G758faU36jiratOygACHvcEi7JNr4I+742FoqNfh23wFPcdfvx4bfmtVQQq+XFC9sg+BxPW9+3DFGURPv2vjSaFkjCMR6OhdunW84ypbSja7jjc0L6nbKu7X2lk8SwAfIgM2hh82aXMIXt3qBQvL7ZB49agGss+lAH8Qv7/Ie6gFMkWQ2U4nmxaC+wfTGa2N+ViZHenO0zUHkqFNO+mCCcmq4YQqGK8iNssZ5bFhsgjopfY/Z/Ay3/5wX1ioihcUqANwMvR89nOdVFYuBurBgW6EKEqqMwlfxHY304xC/u9+UEcrPiWrYsQyq8aFGLhXmqZz8nvNHoHLJF/lGi0nr8NmwRl7gBg+qvwa8huph+nYObru8xKkDFyrmv1j6A==]]></Encrypt>
</xml>


2017-12-24 20:39:27 debug :
------------
String:
account-ticket<xml>
    <AppId><![CDATA[wx7f83e93205d2fd31]]></AppId>
    <Encrypt><![CDATA[Mjd68KEqoXJQDvmz69lEbi4T1/oxUlINC2vrE8k8RuS8MDpPbFclg1QH4k0SXR3a5wUtgivycm7634j7axZaGMowEB5U9njlU91/srMArRzRDFcJX5t3sLrv+2xsyuxGsx30uV88bOWLrygi9/fElEsG3wGM6z/bUXOm63UeXiiOb3Kgi415qsffl3Taz4Nx7PloeLXqtCdJxBrHoJALe5urlhHrmkzPpll62FI0xBHZghXNLo6yqIOvNloPF10u9NUxcfHhyd2Gr5Wt9xeSPvjgj7m7+RpfMZl/1HpEQ3XL+r4GMK3nOlxGFuhTBxxszQFfXNKx6BarJSdj6lhlfRw69s8oPkfkhNEJiUSE2QdRLJJAxlP53hBPg3DF8yZTZBLpCsgWDSJJ2osq2Wnx3wn+7A3+XWGzVc6lm2XFf1VT1PJkS4b67tyHiOETvJ+5Dyxv1VIrPtCu7I8dHSA/UQ==]]></Encrypt>
</xml>


2017-12-24 20:49:21 debug :
------------
String:
account-ticket<xml>
    <AppId><![CDATA[wx7f83e93205d2fd31]]></AppId>
    <Encrypt><![CDATA[bgGNpd2mMogts15tB7TOi/tYXO2vVzrZhReMGpncuZJfVLkS+7EHlujbJnl9R6vbXeBHbEdJjNODcW16AI5hkQAclocFA6J1kvVIfwSoUi5zbGD37p0sCUY0exEXC5lZl0mMXTxxsMyVMOr2xq8mSk9mMUOwJSvT3eo1r7+ZZxPrMGksAV+gPDmg6WD3wgrdbBP1jJRsPNxKkyF4QJ7nhWtoAHnuivb3fd7bsZnhVV6jp6Xjt1PWCFnWBVE0BsqJsuj/ye65gZmIlebp2TfOi6KpSelYRNi4bxcO7kXe4voWQAh7sezwbwVlhQheXZscordUfqE7CWFOztczApT5dxmwueaGGMDqLi7UaUln3pBCs+VQ+ZIkvbMk0oE2eXgPKJQW7ul43JCz/alIsGf329NafC+AOmmNSx6ekped1a5CE21CX/2ju7UdkCpLUSh3aWjvGOAkqeyxSpQ50Xn2bQ==]]></Encrypt>
</xml>


2017-12-24 20:59:17 debug :
------------
String:
account-ticket<xml>
    <AppId><![CDATA[wx7f83e93205d2fd31]]></AppId>
    <Encrypt><![CDATA[c6aclvPuKdV5jHnpdJKY6P+ABG1ZtkVWaZ2vHe0QpkWsFwoa8a90Kn/bmHcsf8wKiEvC54nku1ip2d6cfpF6tgJFDquy78GgSQx6pV4WbTqosPnIgl5eGCMkyLwwcEx6PSlWQcum9kGvGLkG1cCD9GNGGCeDGJX17YiFPf4HeZuQ21c5i9RJRm2f4U6S1dJ0rTTc6oqS73uFHk0GQFR9Vq52++kPlTveTJH48qhacGa7nNRTbGBmShn8vgNhXmH3Zw7wRd7RlpRsHrOkGYDQ2sel0roC3v0yMl2qrlz00AgVrM+0v8evL6PAculWCjC3diIvO5usuLV5Z5vqW3IU4GcW/VM3rB5n6Pnipk0docfQ5tlXQw9FGuSxnQ7/UzzaVJZu1SvVJyFBuD1kGetXuRN8xILQxPc2utUeERb3+bbrAsPs7qkNzbmUksh5wu8TkIR3UxIzOew7ZD5ltb98pg==]]></Encrypt>
</xml>


2017-12-24 21:09:26 debug :
------------
String:
account-ticket<xml>
    <AppId><![CDATA[wx7f83e93205d2fd31]]></AppId>
    <Encrypt><![CDATA[zwann+hys8PxtdmPiDE/kyXXBvUspDMNyCh3KRgIvuvG8MpG6c0cO+uSRlJP4ztC8LW3lb3H49ZsYWYK8AV5tOIDc53rQLQh3Imf+JWyGFUVmTAqorWLqYb2UrWCsjXlmjWMcpFeEsgzU0VvZCgM1DW5yLneAaSPqKecd3+J34gYZkgLRJAlMRN9hDwCYRYliAelQonmZ2UTepevCCAbeL1RJOE+erpA7qipiqtDKnJWr0mFsn6HUjoBS1fycPR7Qs2qvsjF6FK0zYw+4/pFSgYbYuhFWRpeb5HvE26iQPNL5ymaP11TaIJrX1YywNT5SZ33elVLmVJPPuw33KkbWWIR4HINdwM0N5tlgZO+J3ngZWbKtS+UIZLn6yca529kuSU8X43fixpUzWcYohNenPlVmQJcnmNz99y6oGQITKcZ5kUy0dK3m7VTwWx/o9XYJvCvxiuSAWbuJDrDflj5hQ==]]></Encrypt>
</xml>


2017-12-24 21:19:16 debug :
------------
String:
account-ticket<xml>
    <AppId><![CDATA[wx7f83e93205d2fd31]]></AppId>
    <Encrypt><![CDATA[Tq41tEsMHHB8BcE8Chw810kJ8iipnuPFhks0oFx27kKkwnA35DFwPi1dVKjiAsBKK+XDVu7uFXhlvnSGzGrrIHoCj24cPO+tIeQEfzreGAZMaWedOu0HTvm4sYVE27hQVOQqOsyODxlaPiC1bxXJCdTX1qhp47AyvaCMv/3wJm+3/UWZUqfsAMId5YN84KyffcZLdWTLcNjKZ08gVxagXekYskEHmGi/LY2kRPJCeOlKfREk7mmNf3846eu/YZOsDJDbmvMe4UOKoopFxz24E0dhRGmITZHEkZxdlYd8fNQ/3V77acgItJV7c8xO5woRqWSebO+5Oiu3EJb1q4GDq7rI1yVQAr2PLzBpePMHhopXTdzEB4tV2RGEOVAFwKav3XDrw7rn/DEEHRxjkYkGjv0sHpJ81lxj4FLHAW+aAoOg4yOnsnJtA35slbieP1Nl8XLl+ONMUwUKFjKCZLwoxA==]]></Encrypt>
</xml>


2017-12-24 21:29:11 debug :
------------
String:
account-ticket<xml>
    <AppId><![CDATA[wx7f83e93205d2fd31]]></AppId>
    <Encrypt><![CDATA[c7aIt6/azCrih9JwerKYDh/M6tX+v/UVG50x1PEOv/9010I1GHOwb1wsyN2PghjZ/19hMXrC9z/uCFioddd5s7IGN/LiGIu7xGlpq2jeUGObQqz/Q8XPNYLO00klXUrhXSHVD8y5L/lPX+Dt46QfaklvNCQluBdR6iX6FXIg8Ii2oOcbjzIGldKZWn2eqf4X7Lt06R/yyvBngr+vxz4ZEIyKBxaX2eT+0qzfu7n8pX7yiJ7Nc6aJ2g5perk69OKpL1D1BHwDg2bfbxDpx5AReFHRt4TdAvCOhAYwgQSxG7Cna+HwTMgodHQ4fepWnkTQLjaQWcPQPJuL5QMFeaYtcjdpOzU70yxJitkNmHwFfJ2pEYpIN7q4+lZsMEBUkbP6bsUdYyI2ItGQqKuzan5ahDE4g92h54TtXb4LzB7G/IzDZ+s3qQYYGAQ6vCH6fvV8xF2gL961gNYYXY0a9Fb+tg==]]></Encrypt>
</xml>


2017-12-24 21:39:16 debug :
------------
String:
account-ticket<xml>
    <AppId><![CDATA[wx7f83e93205d2fd31]]></AppId>
    <Encrypt><![CDATA[E1gIDfASgJv+wkpgb30hmILpwNgeeVb6crgMay8ieyHOYXn1OXn9TfBSJD34SU4nEzllhIbr6X4FkO8B/sgFhTvrQ6j5gJin4mZCIKoVjsOVovwBg4mk/8caqPrdt1v4FRlRN1bDGHmojVuSuTPlz56OJRfK1P4LUhPOvDxebEK4luWJTV+cWmLFggd+z/8inSQVV+kyONsAwoZHliz2t0gX6G5xkihfo3/1SZpZlMGGFG0A2f9Y0uvcAyCbfo5J5B291AusiyKZ0ncD3tpO9rOaHhU9aXuKMSNLvxG4nMxoDXSLp0+pBpi3aS+P0A5VK5r1sTh3SPRNHw0o8P6BtrTzm4pLGS6BNjIPzT027Z58jHyRTDoxv0UWaF0Y0gSvCJOxHYNbe+26yB8Wh6wvVd2kCbyyxTABCVwOr1cRlNQz0J8f4dkDYjNbFqAMhnXRs+zJSS6vPO7M1z6sTYLSDQ==]]></Encrypt>
</xml>


2017-12-24 21:49:06 debug :
------------
String:
account-ticket<xml>
    <AppId><![CDATA[wx7f83e93205d2fd31]]></AppId>
    <Encrypt><![CDATA[/44WhpC329VOryDGDHjHbp/AZogd39foyEUk0GlmA3UY2Aot4kwL1IQGLlrxsOBFYPqLT9q6CoSJQcovae+N/YuQPbj2hBBQ/5C1uL3+BrdvNsTH3xbu8ogaoMQbHw4yXucPxaRVM+bW8t2on6uaqc8HJBBRT9RWg6/s97e8GVz+TtGETdO918YidDD2JLZ2Fe0D/1q+1fyIPGqNNvjoea0n9P+0Kg1aXPpr4d84AS9JjEHwBYSNK3fU9NZYhEw9tagLI88EpN6XF+1XNNY9olAuA6EmcQJGrpOY/SD0hckYvsQ5sgy+nOnE8zOEm0gCysSZD0344pPWAuJ+NbjuemUjWEFa3OHHBxpjEDW3LWTN746UgyC1/gP99+0XNMBec1shOjyRu+vGQAhU1DuCMzbVKMXaryR7Txb/57Q5LiADuPEeS/bLSJ+WyCtrgUGBh5zOTr71aK5kn7UJHyvUbw==]]></Encrypt>
</xml>


2017-12-24 21:59:13 debug :
------------
String:
account-ticket<xml>
    <AppId><![CDATA[wx7f83e93205d2fd31]]></AppId>
    <Encrypt><![CDATA[3LVXrvvtrKGRzE4S1fmu49F4000BJ5vODG548+x+vCkCKVtLxYT14BrbPyu1gcFMdBBK8akfOf9x4GS8Cq4vlHU3v/Kf4j7NeAj79syUKG7xwoKGyO78RbW6X74vPYvA3qZsKEpk8dUTBkm4ZXJU0e2amFsQ7HZcWvfbaABy60qHwONH+w8zt0ARsX5iTnz9FxjA/0eIxc30mBoILpc4krtFnSPXrTz//PDyTYY2301OPKCr3b65X7rHoisuZRX98LivetF0OTR//+DX9hqRz8Vp9gewSyKyWaoGyA6AhKaXU3u9oIlcKbUrdGs7Iggzsg8NLYMryxxwSsZwVRf/zyJ92yYdbhfQtHvqu3Csb34PZdG/s7IgX5JsC+ApJQexe+XMiE41c8xL8rveM0Tp8ykQ3XOajXlIb1dDuNcaJhkm5veTBwbwoJ784HMVr5oTSGdMoOiPP0RVTvubK12kwg==]]></Encrypt>
</xml>


2017-12-24 22:09:12 debug :
------------
String:
account-ticket<xml>
    <AppId><![CDATA[wx7f83e93205d2fd31]]></AppId>
    <Encrypt><![CDATA[wOUV3NNqMnX73ingCHhiLCD2DzyCDfwMoWzlqrk5ntC4XggNkRGcU6CGb8zFoYLWoToEu+OPcVBYiWiQ0iF3372etJ9zqMb6WjIJsq5SyrJ00wtidPYeakRBnvbzaFn5UL8IgUXykNLIL92rG+JaRo1RtmGOTXfB/FgfqTqlt/KNfc7zL0dliRGnFHCMSM/eB9bS4VOspljK1N//4dt1gNOeRGmO4v1wIvYv/wYLrZoFg0puFyj5caG/0r29IoVwPdlbsVb41XAM/xp0NPPnBzuq6cr66tBiv01+al/oRelVM1BfrqNbJjWiODJMU0B3a/hpFNzugY8iydR7Kws0K5QsM21KeSswjo3+ZxAgakaZF6ts2Tflv4xdVZHaqoi/Hasx3ynlmifPB+bR7FTpIuib2ol7aZRCCnjbvKLvn8QS21Er7L0XbD2wDY44wleKMmqPbtIyxssGAG1ROcD8iw==]]></Encrypt>
</xml>


2017-12-24 22:19:05 debug :
------------
String:
account-ticket<xml>
    <AppId><![CDATA[wx7f83e93205d2fd31]]></AppId>
    <Encrypt><![CDATA[S/deXCR7CuSso9BuBTLQ4Nh9SvWgW87DI1rUQLWAnWvZjQuTq8kAGZoD0Cmm5Qs1qah/52JQaOKhNIYjoOCHvMqUl7rLfU5qeEJrTZGBpn5iWfXSc1VtPsiBV3pk/DQWIffXtenhkruwV6vH/kSbvoeAVdCIpEts/XnWjkti8kTj/wRywNY7g+uK+b8HbeS7KyBs3jcf+xtPXnvkjdSROdkedXZX8HS6lHziEZmogZNHOimxg4FeeScr53JxIUB2hjrrQvJE1AkSIxIEFLuywy1kFERxiA5vIeaZq7t2378DAEBN2LIcietiyvwZC9jjLtyvhudNqK76LnVABLc/Oi4mtZjUzeXVkvxesjsgZI6Jm8VRsPcvnlI4kIRXCBEE7Un0vLYqgspr8O3oDB2aIF9P9u/h77KLHS2trpuQ8RDFBQ2rfsjdkKZy1lA70rt12y2dDt57+8tY86iuf1LbKg==]]></Encrypt>
</xml>


2017-12-24 22:29:05 debug :
------------
String:
account-ticket<xml>
    <AppId><![CDATA[wx7f83e93205d2fd31]]></AppId>
    <Encrypt><![CDATA[9g5NOkrwKBdeyeIZuh+HbV4Hy85v5cLMfjBp4d6Mm0P/L8KTkzFFZwOng9BgjhW06I4Qf5LXrpiM5QydcgpimnF4P14p/tvlEBEsErJ3aYTjiWn/arN1q432oRfK5Is9llNtiard2ybmcGJfb2GFSYCAj5ugs06HkoKCi76wXcYS5+4uQ4UJ//nqUshgXt4o6/ckZriRBOqrS5xHFcpFsrXGNiXuuV50FWGntEEa/bxdbyIi1fSJjB5ucnul2/Rg28QC/xWiuJyjFEdnbgxjRjN8l9UqSJU7K0ZjWGvgYAEnIXWS5SWFf56Sg7LPPjLa/THkZoMgW4jKouloPjAhuh1kBFGIJD2xmWDH/KTD2NXh1/4La7/OSqba0r1pc4nW9kMabvf+FRPf1Z3y39CaFueq0CFCqW7iqMLxpaKeHgEkzfGQThoh58OBYPWSVVmTwwtahd+r3qH3VfQcBkUxBA==]]></Encrypt>
</xml>


2017-12-24 22:39:04 debug :
------------
String:
account-ticket<xml>
    <AppId><![CDATA[wx7f83e93205d2fd31]]></AppId>
    <Encrypt><![CDATA[siugVTs9lhlhlm5lyQ98sYyFij8AI4LQmkp07gNshW77xBabGFLKUvSM/KLUa7W41sINyPcZ0cmcT5B/6SlXR9Tz7sRBAaragWf4WggvLnY9hnPUuIA9Ovyh9TZ03AnG/zvO5vErLxrLzkFU4h8f8KFQZzDBaLmtrgkFI6y3Kn4y8ybhbnFKFrX7zGsJm5t4Pb5sWjHzL5hJVV/ErbQc3vBN1N5/jdlUAmxwSf3vbF7ZwOvEMMivYN4niJe8xxJ4NqTVB1uzaSk9TN9uLUrY4gno1JLzK5lCollKMcxieLeK1432HE41rE/akEMtPZJ/jPoG8R/iDcqt9q5HX70DZ4fm5i5/UWFFvJapczEcmagi1AI38MieOQa2Owmm+DKIKX3N7usiGNuWdJETE8bhqs63kOFhm8WTValEbxXmhMAnlnrEjE56FrKaNwEO/A1wWXllNuo8Ptw5ynHa04M+RQ==]]></Encrypt>
</xml>


2017-12-24 22:48:50 debug :
------------
String:
account-ticket<xml>
    <AppId><![CDATA[wx7f83e93205d2fd31]]></AppId>
    <Encrypt><![CDATA[sCqodwAQWmUoz1rEt38yVssFbhr3KSWan/a7gQtNW3EKpVpEgAFu50uau47orEb/oFs1NYdBw6OkWU2ioog2Ukc1xj/1FQ7Yp3E84TaBl5S3rlG11DRpNn+/98JZtVIGw0ByNH1EtwSVo4FTPvwLDTW7ms7GCQbLA8TiDR3dwKuMZUDXrFjZliFDRGDy58Qw9hjmWiAk1q+09dv+3n0/FV3C/HllsyiXUvWyN5JOuxTpV7ckLRdKasU+XKoPDHU/g8pjNFmRV0YNoO+F90cs8mvY8bzAqxj6ZVUJREnHCBEDz2i1CrUa9KNCkke0zO276frZo7oP8c+YWU4HwrP67MByZ0rWhjo55Yo6aq0tMa4VD5WLCNjYymwrJQCf929OLAWj+V3lnlG9R2e+pgjYDRcMFje0y5Qzjf6JcPqJbT2Wp+hmMSeJI9Rl0s0HzdzOb//FzPuNYsNuDxcoF5OO6g==]]></Encrypt>
</xml>


2017-12-24 22:58:48 debug :
------------
String:
account-ticket<xml>
    <AppId><![CDATA[wx7f83e93205d2fd31]]></AppId>
    <Encrypt><![CDATA[iS4ZC518buAHKfiyA5j/cqyGqCQiGRaid8gbAT7k1w9RKOY9xPvveizM5VAWSfePdgoqgJAnIoFt2TpqtBNSWCuEgov2tMRia/DhzBLJWG1t4kMmKognEvIHd4g6DH4n9RzyDrFsvLJQMilN1uMA4TpeFZD/R2+/aJKNU52LoUAVntFmIZz537b0NsDiONeFgjmab+ZRAVgbPD/vJ+B2BXv5jjrkQVjTgt8tdIt6vvp4av9Z/F5zFsMEqpXrYajRmvo07pdX9mp8xRF+F2auEExiuJXqlgVCebmoa5LD/UQn13yI9Kr5mEHowK3VxA5c0xpH8Ad4j9GWZVqvqyHhkrqMwUndkP/2EdCtRjAsm4po/+MjPGyeNpyuQniawDfW8WtCaan4dgAz3v8RN9+gKXh7FQGqrmZc7z39SAjOFb0m3Vxw6n1IodKQNy94R1ZFPLMXIU46UWoPTYV0/5ccdg==]]></Encrypt>
</xml>


2017-12-24 23:08:49 debug :
------------
String:
account-ticket<xml>
    <AppId><![CDATA[wx7f83e93205d2fd31]]></AppId>
    <Encrypt><![CDATA[xqwPRsPr0SnGDzZTr8INwLmRvAk03vASgIvYY+DpP+DPb/3M69SeGAj1IV4qD2+Rt1tOD2MmGjumud071KqoMu2f+sdKcAL/oaEUJdfnLNH7J7+5Wq/X8sePBtTmk90qsotNXJwS9PXqvfZyaJIJOpTM8bzx8bP5cNy1aMo6NLUCUIAr8yk8JuP7G0kUEsctsEkJp9Mu3YwKC5LaEXoVdClPWQczm7L7S8M6mWcjYwLiS27G5bZMITlXCND6+SzoPKIuXFQzJNDbFb5LJIg+KOxH8Xi4JkSYTU5QI+OiEmjDUPG/SFVWOoo/t6vHMqR/G+qiY9BhFtVp3Oa57YM2yxNhCP5JkwIEoI8mOUloe7uATr4hifvXXeTuDG+U4zvz2dQWSVQI4Ey92Ba1/Qm1Wo/VSxdHgIls3YaqPLRGSDzL7IivhkBC32RYt0h29xer6i1N4ca9lpREbz81FO2+Dg==]]></Encrypt>
</xml>


2017-12-24 23:18:39 debug :
------------
String:
account-ticket<xml>
    <AppId><![CDATA[wx7f83e93205d2fd31]]></AppId>
    <Encrypt><![CDATA[/pKrWYo2ddlleBXf5CPnS2vj0QFZJDG00gTB8J+/aSjx/uiax2Kp5ovRIX6KiAAPfvZL/sBm+KTHQt7c74W4Z+BmeLbAlp+Byz5qxPorSGbm936QfsKl8YBN58NfS/p5YMK21mRm/O4SQP5vi/1pEsxWnNvCNW55XjR+9pgnMOuImacalnFLhEQYiWwAQbT+1DWlidz8TwoCQIlfDfA0ygdAWviX20C0DuILWveoEP5iDfi2gq41BqFehctJ6Eq/76zjSHw1GseizlOWD9jKOkZlQKpEPugbhQAeh1F0/XU4P2b6uEj8QOVOOStiPVhEynYr4rPmMRnn1wqvDtTr1/dD1+7m6CL7TpH/mKdl4mGFFd+1hUt4VrJihxCzPvtxBVqBAnXqh4y7thuHG8sEf41hfXPKEBIn/oLLNCtdttOl/lorlp8GVGAS5nEB1pYUtSn4TCcWE38AQ1cLVCIFlA==]]></Encrypt>
</xml>


2017-12-24 23:28:30 debug :
------------
String:
account-ticket<xml>
    <AppId><![CDATA[wx7f83e93205d2fd31]]></AppId>
    <Encrypt><![CDATA[4BI3+00t1qntAe1Pn/gYMZtSCPS2bYf00RoVJjH7H00cE7kDoBhdwr/Fkh/Anr+yCq2wAm0oXwz5g9qP6mK8kF3k3kafxHDQtI6hNS5aAuSURlhNsIh44/Hqtx/EcUv+rXAENtn1BaWI853nolzcMHjKjv2mUk+4C4mOWqLXdDOTDMMBGQ07zToc33F/FSKD0RACKtkoqOLeShG33NKKgom5sxyZ7sfgZuTq7ITB3NmhY8Ug0W1+Cu6FFyxEpzzoE/3OMH9nRF81DCkn9K7PuVzoJHBig54zg1ci59GGOWdiW+e9CH3PI8+Euo2/6jQnStdPTGf/KZ8/p6OEZ5H3zYH1xEujeY3x+Se4Q3FVN6tnLVKJ1VX/+/YtZ8T1ypeM96CcUAm8CAifP0/E5vBdOgCZYy5QY7P96W66ZIWUWapXMsyc+vUac8bf2upMsoqYG4VdWiPmKZuI+dnZYFZgTA==]]></Encrypt>
</xml>


2017-12-24 23:38:40 debug :
------------
String:
account-ticket<xml>
    <AppId><![CDATA[wx7f83e93205d2fd31]]></AppId>
    <Encrypt><![CDATA[VKFtESJU5l0j2Q7+MlvKzqedW5cwuVsTvkvKYIwBzuKYBsshVMb5L45lFiOkIXg3uPpHGzd3vXFVcAhCOLUZn0jXbx8gGC8ElPqFj9zyWvyHjbM+3OtgxqOtdgc2nAjA+G1Tj4FXUFl70EpyttODKKhPmRddv5kbY6jm0cXzeKb6d27mBx59JEY02N6DxBHq8AX365DtCVWnUGdAPpzCv+JHZcU8Iy9uyD5FxuWLaDwC3hB1HjIfBgyrZY4oFBjopZq6sIBpUB92S5eNporf5Y2zi+xgGhpnYJffpCg6IWEPrXVPrHG0Av/BmROTe10S5x5PhLmAAVNg7KTJZs3U5HG0xQjbO5c/v6PMALAwQNXkMKcgh5hkzZ7W0pVyJ/cazuAV1vA0s/+DLFyUoCM7DpGv1peyKzheTMs7x7K7yZSqKp4X+CLPNP3+pmlcJD0a9hI737kOJg339z13SDuRrw==]]></Encrypt>
</xml>


2017-12-24 23:48:29 debug :
------------
String:
account-ticket<xml>
    <AppId><![CDATA[wx7f83e93205d2fd31]]></AppId>
    <Encrypt><![CDATA[u4aQAH2mRk+3q58Ru06WMHk2LDSHKBB6T01iLBfk8hi+5rPf8tR4EO/jxkPvRGKNohMhR2nJXFlB68DJTnA53oQjCUTTR+XwJigYO9lPf8gbMBti9AmliGOtbgOW9XiIG5PMashJsTc7/7juKfehnxDJ7XEnER7ScwQk7p1KIt4iiGzNB1mCzkzvu4L7wphezTt8svTi1Uvwky14ktnthd3OSurJiWJL18oEK1aUAXizsRK3DDAMjLLncAGLTKlNknWswBPGbcRdqb55PJuflYtbA8QmL37yu7B/rBzJghagXYWzcCRZQrkUJr+pqSe1TzCTiw0tW5KmnVl8ilBhbrNjlb/li0nz1KqV1Q68Y4uVQ3Lyze/r/9KBMkZ16uH3D8Y02JO2FCx3Qi+2FwU3W+ATlsILatiOjj1MoBeFVmlbLHA8stAHtO2M1KYP/a94Fv6Gj53pVah6h6Uh23Oggw==]]></Encrypt>
</xml>


2017-12-24 23:58:35 debug :
------------
String:
account-ticket<xml>
    <AppId><![CDATA[wx7f83e93205d2fd31]]></AppId>
    <Encrypt><![CDATA[f5nVJC7MBi7Tr0stPSvlnHUF0QA7KB7wlpr9PFQcFv597dJRrRwmuF0d6DY7bqwSKLV5f2YCnEi3IGmDMliDGHfV97EX5T1pzhfAM3XfsyVlnS1JIIAjtE+/xrwft/XK7rRtIooPgs2fh0qNYn+Ye/h+kdeCdUy6ZuZOeQNE+Rdfg8INX/1TMjXl8WFI+xlGRrgcUpbSsjqvhKVWMBxbP8xeKxokMjqW/Zrx0d3XMpud+G/0JKw+1igGjKQ3eu0NXTkR22rCQGC4VbUBagvGrGkCZAJUgs7FZFYEaCoEL1lZURBUuPCnsExUBPt+JSwS83Lxxh+8YWZJtF8qwNTgRlHCIQ6VntBRpDDlpeqJo97YXAWtaQNLqVFvH28FFMIHD28xQ6Yy9XHmfuqTK/186ezJTdnS23TcH29y46b2KBRE/r//BsnFwXr9IsNDVxmeYLJ//0+MbRlc1OZimZGL8w==]]></Encrypt>
</xml>


