2017-12-17 21:45:25 debug :
------------
String:
account-ticket<xml>
    <AppId><![CDATA[wx7f83e93205d2fd31]]></AppId>
    <Encrypt><![CDATA[LpBPhIrDUlBaSnvo7QaH2zdH3QLEA4U5mh0GVL4dzB2SL4mOmIRIzyCiZtQKRIjyRvsqn8v1jHj8Or3vlyrp6KNtnyykauxHrotWtmFhW4gFNXG/MbNPwMsQJp06QobkPxKqB8dgDKi/1+bOYHf6HUa9EqxCCgli/gUy8j8ATg9AzzOnFt95XnXajvXIlS3X0WVvWS8j61Mq+bJXjLbGivgevAW30ENR2sHjVvtSYr/7X4b/LZ1fKPfsp51GZNZI1F7ZJgY5bvLRE3t0Wxf3pGlio6PY5/E7Nw+6HDJw9rp02AwAdgLFfq1qeWJWQJKMCrqUlNgimxnFTDs/VN7Dy7kte+75FGx90BBajoqM8qC14m2sg3Kdbvq/LIqPb6F20Xbwa/R91b/J3m1saA+GtP7dESV25o1D3ixvCz6N19fg+WdzLRvJmk4BPbvhajdaiBYbPQHzaUrP0ke68eL1TpcaZRs0rtkRozH3GWnUyoTsK8/ZL6n92N/xnD02AEK0hD9TFwpaSauhMKATfr0cHwlyvj/+y7qM9xk29A/ubez49DemcUxQLDTQCWfd09JRoa/+g8OSdy9A2DMrKAcy4KnRj5VlndkYkPYnP9SVISOrqv00VldO6Q9cmFx+4yWxOU/HoUxZ3qYStXydsfpSqzLxAQHZn588Xd4JaLFe4weLhh2TDPS5lT7ucdufm8D92ddvMFrLCQKVsNPLi4JNXGl3uCxYMqiZpD+5GfC7pVJhGH/ZahY/SYNo7iBX/UCwisFL1BasD0HLx0b1/y2zf6zi8hmzbPo/x0yt+dKCOlI=]]></Encrypt>
</xml>


2017-12-17 21:45:47 debug :
------------
String:
account-ticket<xml>
    <AppId><![CDATA[wx7f83e93205d2fd31]]></AppId>
    <Encrypt><![CDATA[cgx5jaqSHNbyXGa3UwsByseGvxt/2AAoFeoDJoK/MQufcye7mQDpZGgzpAY59mXwsujtR9uZgO5Y7eVqhReHq6MXnltd3F0VlaW/PhgJ/nOKDIRQeL3fKuV/GW25MC3bUjfZ/sCAZ/AQXrMOp+VS4hO9jJhypgkPinGtpq5ygZTx0Mm36v4yUNHHpQocEgIQI+kHJhh9tLgdMWXCALJSdz5Ls8ICUpk5/GOPe4vPcW4FzKU2OHkX2uhOEt8rR0iU/LI1h2Dke1ubGZ1CtdFA7+b9B8/D0cztT2o2nYmmfmqwlFSVMA4w2mJZ2Fj6B2moNj3t61K9qohhgkEy7cPPEg==]]></Encrypt>
</xml>


2017-12-17 21:47:18 debug :
------------
String:
account-ticket<xml>
    <AppId><![CDATA[wx7f83e93205d2fd31]]></AppId>
    <Encrypt><![CDATA[/040K5Eh/Tj5HJwUOcuPclxqFgc8JU8mu3O+g2qPvRxHX+jAVzDeP5IqTXjCHoQH+W/r69eEzPSshpv6RJhcqHgfZrJzYID4eDJWKfHkrniN0bCHtw6AvU2+Rt/06ABZSUDROquoRt6YBJdiRftAlx1D5ZtifOSaaZCgMm4UKZOm+pNuZmI+jWaDPzAO3Z4ZOwv7F5cK89q4Ea8wuFLpOHpU2CAwFruTqlCPXCwbosv+YKxkvocIa+XOLkSUe7GCUQDNVR7m2OkoiSZjPfEMpsxZ2Zb48MGUiYOXhHjar+qiVnwAWJK43WnL9UeEIMQtFngaJmAKMGyVULIovitXiGgEdLXTiB6xgzjfNgaaVMnsTZCMNImPHium/7wXyRVFDMxKMRv51r8s+xFFy0EftlJgdsl7zfCVEr1tx2zPTnnz+iEgnw29QEVm/91AKzDyJyKdeqSa25AuVRQ6dZR02Ap4l9rfx1nF00lDfRuvfBGfLNP0HM0YN0PNQF+QDsbas6G97sQBokC6MQTrGpWfxD+h8zEv4f0iYkgwdhZMhcvy3SlKmt8bIQ4oG0tFI0bZKV2D3C4v09gp7eM+N9+gkjEhnnJuNKXwmdOoS7slVVwVn4cdXF29S0bm2vpAoUYzBIem/P9cegQb6tJKQzoCUvK1lSED9ZYp4H8P/D6iljQJeFpkVp54YhJKB1MZa61W3CvG9zLCH1HLzHBenxjtPCq6zQRv9GfVEZYzclNvOQVpLvXMp2s1PGUshGgCLG+GG+Fwy91dAnAqchJsK/43LCq648Wfz+S8fLfZ0ARUU4o=]]></Encrypt>
</xml>


2017-12-17 21:47:50 debug :
------------
String:
account-ticket<xml>
    <AppId><![CDATA[wx7f83e93205d2fd31]]></AppId>
    <Encrypt><![CDATA[KMPEn6XGpi6zsUAa+s8yOPXQZzi06ROtGE73C1rZVrPju5l8mHefofFxRW52wAjg+r3DhPJFEOc5A1HXZeYgrqyQrve6xPuKQqKQ2AZyH3jj742eYUenDIYeFh8HytPutHnBlBznj3lKwmUk5VkU5DtX6sxWcQdkIqYg7/YWRe//ATFH+W6vr2z/ShIHU1Swkb0w4+bKLHYAq1/qtNIKWbrIv915YtrYi73noL0VKNzFcCu4U/vGUb2GT2EGXuiZeyEYpP8EDt9Y/cBe/GkV3wuo6mtcAp1voP2GySMGz3H47EYPMghLzUn5Ilu1VMbCBNUzn7UDTTqaoa0OaEx9GA==]]></Encrypt>
</xml>


2017-12-17 21:50:44 debug :
------------
String:
account-ticket<xml>
    <AppId><![CDATA[wx7f83e93205d2fd31]]></AppId>
    <Encrypt><![CDATA[X/AGcNIcLozAvYhe33Lqod6L0gqeTXl0gG1gqrts677E4iySouphO8I9gsISBkdvBIzN+HOcbJ5hv9RiSUofdk/kgHThesMPdVUVP9i1wW393zTcPDzxekaATEbxC3mQWExiaD6tWIhIUgEtBplHn3Rl4P5E7v7ZUv6yr/9aVBGSKeHNR2Fx5xY7l8AlC4P3OmgkCOGPagatmLUbG5iTwxAfwaMgiqkuF9nlUgKSwvY9sw0Y1VOSJUHA+x5Es0JZ+C6uC1cX2Y+pAA8bFhaeAW8uJm9UmO610rS97SM4oeH9CdU3q1lc2mAAxqJ7pMmkQPJB9EUDpbVFHZW55yWi+A9Idy9Ag796ti7h8zDG6aH3Ze5pzDgMLAzJSsEsWgFp/m05pvHZqsrtASBZ1CWw9R6YQRsg3oNaf3ew5R4Vro/BDh+knFXiJnKkqGTPbQyXTI8BEzlZWGya9JR98Ws2KvDVAAkssHqnij8TbPfaPxGVzbvjOpYphgmsfSiRNmsavsE5IZ4iSREqqIy/SAZ/rHUsOrEVFmFHy3aOOkJOvIhsumWAcgbJCpvin0QCJgc7jg6/eQfHRU80ULhxTpj2pipXSqEE6P4Tk8kcEdCuEWDPPUUrm2FvgOGlg8DmvEK3bZ8+zSd4zWIpfu4CCh/KFPv2f8dkhKAbPAhbmNRhoFxsb/7/HaHukc/Z0vCd8K1uZOc+9JC+am86pVZ5QblKXLXQGMAxoiNVFI5Qa4fa9BszvOsQ20gSOjaJuieRii2ULs3J2aJxhB8u/5mLN6+97Dq/r+jabmklP0gHS7/K74A=]]></Encrypt>
</xml>


2017-12-17 21:51:17 debug :
------------
String:
account-ticket<xml>
    <AppId><![CDATA[wx7f83e93205d2fd31]]></AppId>
    <Encrypt><![CDATA[+vbYwqCJFkxtnT2sc+ptdqI1f4B1tSFFPRsO5eDug5OG0lK7ixSsXCvn8YsGkbHZfHeslsFbOJnhmJMfE8pgbJ9umjA8Vlnt05xuumy8lkVeqxdWUencXJOF8Psc1bs/SWznnkVN2bGNlT9NatKxQH8WVew7in/KM3daHAlk5R6U5xt8yxIJj8Cpi3vWOWxIzaDLlRZ8+pHfJ0X3ngALwTkDe2gPs2uUEGZOI1Pfb+vrvbY4YEAMfRB4N2BHRfB3aImXu7N5uqaLNfnO0fAOfplYnv5zS63sPud3gqVZ1+N22vjLZwofeveBhkfIGv/AxRjjnCaucWbu8WH98CRH1w==]]></Encrypt>
</xml>


2017-12-17 21:58:54 debug :
------------
String:
account-ticket<xml>
    <AppId><![CDATA[wx7f83e93205d2fd31]]></AppId>
    <Encrypt><![CDATA[DNLvDB0D5tX0W1ZGIhX/5nxtLilMVVI61mdSNqWEO9P4r7GN3nPrIf4a+yZBCdNnXLG+xyC84AxmDfLMr5kNC0VO/JRZ2Dk7AJ5TdoXRrZrZ75QSbggMZH6xhhz0VChE8vdT8KwIJnfHGDaufLx8g5CNhrac/tUcdpOv3FsgRoRl42fSm+ejSezP5R+oh6gzDBUZLAEgA4gjm0dg7FgGjZvPMzGzza22tvQyZBGoLA9DpzWHESlj0f4TI92gx1k9m3t9honhJ32sKarORjsBonxNprzISOLfqIi1dpEM9rP2ps5SsgxwlW8zsCQGnMq7qVqA1Hut5e6BN3OYv0oRqTLzRai8/iQ0+8gHDzWwZGV7zFOcIki7VcPkdneHDTdixms8PeWMLNm+LpqidnwLpGib2ZFywQpulQ79kRnuLcJH16vQIbE94g0CZ50Knn/gb3AZkTMKVH4vvcigG3nwEg==]]></Encrypt>
</xml>


2017-12-17 22:04:46 SQL Error :
------------
String:
SQL: <br/> SELECT * FROM `ims_site_store_order` WHERE `endtime` >= :__endtime_42 AND `uniacid` IS NULL AND `type` = :__type_44<hr/>Params: <br/>array (
  ':__endtime_42' => 1513519486,
  ':__type_44' => 3,
)<hr/>SQL Error: <br/>Unknown column 'endtime' in 'where clause'<hr/>Traces: <br/>file: /framework/class/db.class.php; line: 408; <br />file: /framework/class/db.class.php; line: 162; <br />file: /framework/class/db.class.php; line: 206; <br />file: /framework/function/pdo.func.php; line: 58; <br />file: /framework/model/account.mod.php; line: 232; <br />file: /framework/model/account.mod.php; line: 253; <br />file: /framework/model/account.mod.php; line: 303; <br />file: /web/common/common.func.php; line: 155; <br />file: /data/tpl/web/default/common/header.tpl.php; line: 3; <br />file: /data/tpl/web/default/module/manage-system.tpl.php; line: 1; <br />file: /web/common/template.func.php; line: 29; <br />file: /web/source/module/manage-system.ctrl.php; line: 727; <br />file: /web/index.php; line: 101; <br />

2017-12-17 22:08:54 debug :
------------
String:
account-ticket<xml>
    <AppId><![CDATA[wx7f83e93205d2fd31]]></AppId>
    <Encrypt><![CDATA[7nDytjwx1IGyM38od6iqY92k68V/HyB4yMGNXZslKFa/SI1pRyQNLE2Fq6A5er0JvX4p2H7pjh1eL5JOqurljh9arHBmdHfO0q1P8F5pM5Tnu51E9fn006/cLCGGirh57pSlRk1vcgJ9ZCgUKjgonkqV0+FUDHHXs5IaHMDxRLt34GlZRL2iY7Keou8a/e792xOifSOwUZ+30FoeEeFOhsBg1mFTY5FeKrXVPTnTq8vvvA6+iw6BV1MApH2rWjU8X9icxZP7jPxrEYLmyl3elr96r9BGCybPS8xEWkIhaJU2CBLkioPckl/rHPqg4oCF17hKpibWhtFBBLOpCEcKEjcTnxulbmvOSo5HAKFORXepki6JX0SID9cG+nle8a2AIomwZ2xAB5Fj0kru+LpKVzt5VFZpDjaA1vKo17Cfh6Q/d3G8daEm2yKRH2D4E5HeIDpfueUxP+bdFub1ggIZKQ==]]></Encrypt>
</xml>


2017-12-17 22:11:36 SQL Error :
------------
String:
SQL: <br/> SELECT * FROM `ims_site_store_order` WHERE `endtime` >= :__endtime_26 AND `uniacid` = :__uniacid_27 AND `type` = :__type_28<hr/>Params: <br/>array (
  ':__endtime_26' => 1513519896,
  ':__uniacid_27' => 2,
  ':__type_28' => 3,
)<hr/>SQL Error: <br/>Unknown column 'endtime' in 'where clause'<hr/>Traces: <br/>file: /framework/class/db.class.php; line: 408; <br />file: /framework/class/db.class.php; line: 162; <br />file: /framework/class/db.class.php; line: 206; <br />file: /framework/function/pdo.func.php; line: 58; <br />file: /framework/model/account.mod.php; line: 232; <br />file: /framework/model/account.mod.php; line: 253; <br />file: /framework/model/account.mod.php; line: 303; <br />file: /web/common/common.func.php; line: 155; <br />file: /data/tpl/web/default/common/header.tpl.php; line: 3; <br />file: /data/tpl/web/default/wxapp/version-home.tpl.php; line: 1; <br />file: /web/common/template.func.php; line: 29; <br />file: /web/source/wxapp/version.ctrl.php; line: 37; <br />file: /web/index.php; line: 101; <br />

2017-12-17 22:11:46 SQL Error :
------------
String:
SQL: <br/> SELECT * FROM `ims_site_store_order` WHERE `endtime` >= :__endtime_7 AND `uniacid` = :__uniacid_8 AND `type` = :__type_9<hr/>Params: <br/>array (
  ':__endtime_7' => 1513519906,
  ':__uniacid_8' => 2,
  ':__type_9' => 3,
)<hr/>SQL Error: <br/>Unknown column 'endtime' in 'where clause'<hr/>Traces: <br/>file: /framework/class/db.class.php; line: 408; <br />file: /framework/class/db.class.php; line: 162; <br />file: /framework/class/db.class.php; line: 206; <br />file: /framework/function/pdo.func.php; line: 58; <br />file: /framework/model/account.mod.php; line: 232; <br />file: /framework/model/account.mod.php; line: 253; <br />file: /framework/model/account.mod.php; line: 303; <br />file: /web/source/platform/reply.ctrl.php; line: 18; <br />file: /web/index.php; line: 101; <br />

2017-12-17 22:18:54 debug :
------------
String:
account-ticket<xml>
    <AppId><![CDATA[wx7f83e93205d2fd31]]></AppId>
    <Encrypt><![CDATA[CY6d+weYCaa/g8JhG+WaLESeW2zAKeJXcG0yTTAVYlCEa4Xx5I+LMHdtJKpWPE3y6OD4ABpPRYt4yk0umInrqZWQN0C+yEQfxfxoWqLLfKqi6dv/0JxS/Ww/1pMzptwYeadP3ErhDARTPGQM3zslp0bNYBt1avzjdeHhlCSDtwHqZGKhNKunr6zC031JyyAGGzNpFkNVLuLmO21ae4ICnc69GtKtYPrT1+hEMEhrwD5a7F4yNeu1noS/I1duPsErZe6gOigmKbEcGbz/VLGHI2SmEOKyPI9WNQStHyY/Yz8IQNjCIOIBkhDncqP8RgPpfPOs+dCmVnbQJc4Cvr4ZsrasqckkcQ7IKtu53fTRRZ6ZEMjJlBrqKTFoDn2BeItgLmeq5hehDy9d5lfT+E3/uPFaUv+b9bDFjKJlEzWp/mktxTbZU0Fzb0xNXU87PzpzFu3RTYvdmAx1Tb4v/l8xBQ==]]></Encrypt>
</xml>


2017-12-17 22:28:48 debug :
------------
String:
account-ticket<xml>
    <AppId><![CDATA[wx7f83e93205d2fd31]]></AppId>
    <Encrypt><![CDATA[UiGpnf5F1mct6jfeSUZ4HGV2OmC2oHxBAeXZYWIWM6fYm3ml6zvpVtZFFwhuNANAAEiknso/r1prdxN+Ldqo1FLp79FLg+MdCXFmOnOqQ9mzJyI8aMdpmLh4mi8tN7g9jYb0zCvAPfI+I/LBxU3wCGNUfuIUl+ZAekPR0JjLn1c/R2kM06RPChqFoLUxxqTJ41VG4FlIjozJH+iPDAwApiYzVn0ct8FrG3SdV+E/ORjMIVHkAvs+qcGn1dfEwl69iq8T/lquYZ3Wg8Pti/JpIBfURw89RYNHxwEYz+NTDLw4PcBOHQ0j98s6ZXG23q8GUPkQrVoxuxCwyI8uqcrpMLzC75CTX22Ng0VcyiL/Ai70udVvvbb+AzEfyhKl+TKgkR9kmtwDLnqoNrAZyydWdOmAe9lCfrjR93bKV9x3huMOb97O/YQzHyHYQtOtJt1iAVDzhCJCuow69rTwk8gZhw==]]></Encrypt>
</xml>


2017-12-17 22:38:55 debug :
------------
String:
account-ticket<xml>
    <AppId><![CDATA[wx7f83e93205d2fd31]]></AppId>
    <Encrypt><![CDATA[7clKPrT/ItkCll1BlzEU7bZnkAFNJDxhiMfuXXFadQprRKfWNvedCdhJ6PMIynSOEKJSTo6u3PEQ+j1mu7Swi2NR2f65cndVyGheOV3G4udEjqv/KiuTbx4OnaleskYZJlw4Y5d5zVQX9XwreM8lz+7XMqtbnUkpffOu6KnvoUYW9zpMAqjMeqot9zbNyGuIUz2lpMaiC5WAA69UjOXCT82fh7MYXd5S71WKQgWhPXFrWLB29cYD1b6Yg9ZHhb2uJRfer/TqxYWWpCVJWniIpVMl9WSuAqkD6qbZiQfLtNaesWM9YujeZS2s7QNrMYD0fOaXTBlaMPj7aa5RVjCm5TuBlIgxU6VjSMO4P24oHFpcYeuLCGtDeI9HrKUdf512lkiWEygazLuHa1l0NLDNohR5yf6MlGcr1CrKai3RHHg08p4re/oN2niTYRSkEub0sd+N/5Q61LSQ3xd0f+x0sQ==]]></Encrypt>
</xml>


2017-12-17 22:48:38 debug :
------------
String:
account-ticket<xml>
    <AppId><![CDATA[wx7f83e93205d2fd31]]></AppId>
    <Encrypt><![CDATA[5TGNosuJWpBzdSYX/a+dRaBsWylgXWDa7ypErO5NVhd2tHE4SuCe20kkOIt5o6YQxM499owiefzCNWqGGilKgQ3wKa85GlkjYh7yFRsC5cfdgm5i5Js9jXgD2GB79VSPF11XdA06ZZFrnSXGoVv1ifmV5MdClyXWev4sGGGgx91KOnH2C/a2uLeND4tDJHBvax8/PDhUjIsGkjb7e+0/mlrW9YFxs1gSmVGS13ZB9HV/PIVmb/4pSHsaudmOJ9Dqpk4DxPQmdjuNCNNRENuh5tTZNgAKg77Sfzg5FR/E+qW2+KkrMscwbkAvEvBVSEHalBiNnP6i+ZBNtJ0/6fEiPzFoiHPk7l0I3stzyv8nWiB/miziH3vhPG0AhP3fNJfMsxEwlk7woB5dmql+znao/hXs9jH5M/gwLMO61yto1uT7UnJdSHJOR8GaCX38DmsLKqoH/MTSq+Sq8NY5xdaoQA==]]></Encrypt>
</xml>


2017-12-17 22:58:37 debug :
------------
String:
account-ticket<xml>
    <AppId><![CDATA[wx7f83e93205d2fd31]]></AppId>
    <Encrypt><![CDATA[1AWjdI+PIN8cK4tt2z0sMZZvcjczUGAg4U6aZs2OYPbTdBk5Tns3yrn+RWcthNAHZHhdbF/aFMltS4tyoPy/YgpZONGfEUo/Mn496cY+K8WiZ2RPPV3eCP8dJmb4rt2KNwncrL1HkUksB+/vkDwPwD6uVyrLkgQCAot8eKzP/lZKd2Be9ylsAlTMKtGuy6DwgbzC+Ldet09xv5p1YqFP+pRaZJbhfpGhdp/y+shPqqp0zOJne2gW3ubGZ+mbC8KDxPt8JeovNVn35EKN/ztr4lWNAqfvNo5Dcj3rmFP9AE7XBf7/8c9NJUHU40ObEXSDCagvbJiCy9ouJn6/f2bORrmMt2xx4saxkD0kMIMQdo7XUtPqeAM0JbdSllg0GxHS8EPSZRQPkn+mrDFcK0M4UMJJOGjixiZVK9wqh+/+YPBYD1uPmAPBA1vFTOoeFIaoaVwdqmO1iaRlDm0QB9/WHw==]]></Encrypt>
</xml>


2017-12-17 23:08:42 debug :
------------
String:
account-ticket<xml>
    <AppId><![CDATA[wx7f83e93205d2fd31]]></AppId>
    <Encrypt><![CDATA[Wqiyg8bnK+1HEA5MYYtXTlJWv760EgwJKY977bBJ6Xz7JKqI2W7bWEZFRgF91pprcpvRV9Fp5MkUI3xX2NU9LGaTrE71IjXz17tW4UDJMUo7/717oF2y7fOFY44GjJkGgdT8ffVjdTMcrMWtduvqDHq8IM4Thk5Hjc3qcdjdX74ELt40IUnkL8wQqKcp3bVkc1ONv3GB/YXpdbDeeyZF5+PbWCkHHDiOSM20tzEWzuGUxO05MrTUtT1f95uD95XHdmNjBzvTZu4w6aI7+Rf99n8O67tWa47bGcui7jGlM+TOLPae1Mp6mrLsvFGlXiF2CesUDiCwpYJkZwwhirxr9w+SyVJBP7mz0x9V/FFyarscZnGwH9iKR47AOSuA8cY61os9a7LwhzqIYw7eB96stKERRxSCjiSyeKUU5jKiH3p2yCzZRJn25hQxrIXNHsnC10cMRpW2Pvuz+m9XokGOyg==]]></Encrypt>
</xml>


2017-12-17 23:18:35 debug :
------------
String:
account-ticket<xml>
    <AppId><![CDATA[wx7f83e93205d2fd31]]></AppId>
    <Encrypt><![CDATA[mhmxoIDa2Tetf9W7bhqw/TNn8rKoZ9dUkiV0vep4h1dsECYrh4OgbLqd5+cf5UoM5tx2Ys5Onj2l9DaWdJyygJp+cJQoVAl4WT9tCpMRpxTih23gYiwUd2GCKq1y5AMDAoD3k/H3zQLPAFEHoLggY/bG6VCaYNzUuf4NKn8X+3hBW/sfozVFdcTdIcxP4X73XBzoDvzy3M89CrNZKF510gyfdKg0l+bvDwLApR6qQKMlH1qwustt9kIkGoBFNsyLjJIhwaxnQiNg3gB7wjx8eTNLRH2gqwWgAuvzk0SVLKSmun965Xc+Xllc1CmhIxe0kCRk1Gsg30l+N7sVAqqTNGkUxkNjLb5wMSRb5QhGYSfGuthkhLl4RPj1bmN5Khoc3mBIg3QSmZOCkaGvEmXD31s9brLVUCNu/mahT0GSsUBB3hFFVOAT5jccu/K0wbqMwt1IhizB7Q26MpgJxDeyRg==]]></Encrypt>
</xml>


2017-12-17 23:28:31 debug :
------------
String:
account-ticket<xml>
    <AppId><![CDATA[wx7f83e93205d2fd31]]></AppId>
    <Encrypt><![CDATA[DHK8BSoPjGsOEI9jr6ZPHlNwQKQmb8qrkq1XUYC624eB7GIAVIjrgfgC5lKG+kcZ0arav8SIQkqXBxdACZDjtYsgghSlEe2kxQufIA0fOdRdthTRDJFzCRzvkZJ+dTjPrA8ESzBf1weaFjtAoAqutN6kATxjCBkyhXhRSAvolZZ0bj+qFn5mmnXZOPS5+tlbH/+Wfo7IJAhr0ZBgx/VX1YFkzpPcLtT6lbi+YM0jSLHN43K9sKFN5a7SNZB7TFKEgbyeDZPwdEPZOXBF2NNX9eaOqolsYTBHKDKPMIauAoSTiwc6weyGIxku9BvUNf+4Xvl8yLyY/4Bu4rGDPsDhbyJeA9TOWsRAQ0TvbI9qjvTV7+Hn84XMYgosoX8VOQmEqEKqQG6Q2xLzoSyMyhF19HF7tUuxh9FD0/I/pQCV87QGcqfo6Ff8C1iEswMY0HVw6a7VmGuT2c1iCkMdcjJkuw==]]></Encrypt>
</xml>


2017-12-17 23:38:33 debug :
------------
String:
account-ticket<xml>
    <AppId><![CDATA[wx7f83e93205d2fd31]]></AppId>
    <Encrypt><![CDATA[N66d7PHY0/zjy5cejtnZGSqsM0fN4HQGTTk7jFML89PidCGLz82VhUJxbMM1OQP2zDvAeZmne2CYbhBoWRwoGTusqKuF3OBFeE1d7XARKmRdVJrp7MLFD5zNF9awZZ5N3vf7PeHn7n1T/16U+RBCwdF0alyqHtBDTs74+F9UzRBcbOayng7gzyGYWI4Zd6RQkpKBxHn/gzeZq2bTztV79bEBKu1NBHlFv32mVTlszNc6d+z5xk6Br0foEyn44MR6tHmM2w4EJcfih0DhXDiwJ2hHIv8HeI3Jrq6V7Cmq4lTgP5j6kuKObV+MjyiwsT9xCiNh1+5y2O8lOx4GOMNFfcAzTMgtykMnRrIcExILUqtbA0moTvua66Flf0D1blakv4cyA2SceCfB2W6qhG7NXgr7lMuJcl3//FoKyTKo23Ye882ZkM5urdwdpmVn8R6CzxozKJpGhofO+gcfANMeZg==]]></Encrypt>
</xml>


2017-12-17 23:48:33 debug :
------------
String:
account-ticket<xml>
    <AppId><![CDATA[wx7f83e93205d2fd31]]></AppId>
    <Encrypt><![CDATA[jHXV5W4bjjl+O0Y8clBXk/3kIiYeNVNkml89jFFIE404+RyofYFOMbMQ7B6MJwx6burpZQGnwU5EcT91JJ6D2ZxyOBN10dqqo/NoJ3oaT1rKUk+yzVDF44awyfeRy2XMFaisHn52InHVjAoXq97gKHxmWQFVOggrkb46ko7YeNXFKPb47f/AN3dtY9lXKx67G64QgcG2VwLAadG+fYchUIC5prsDgmgUdkCTZjj4BsA+Q1WIqWHWChGn70K0UEiHQFukHea04gaknCp7i0GOtKDzzfCXAqfIn60b8e+fgsN7pq3touljETCJzWjyXa7pQiwvhq7uUa2gO7eBeSiF0iVPVxI/PB+l/Jl4cKe5RX0s7USzQA4EiiasddEZGO1XvtGBMLIRWcinNVi1Ks1VWK32rzGFVqxp2SpSONr8CfYNw3r0HtmCZa+cJtIp5LxuRpJh59yFPSGcDkpX1nehdQ==]]></Encrypt>
</xml>


2017-12-17 23:58:24 debug :
------------
String:
account-ticket<xml>
    <AppId><![CDATA[wx7f83e93205d2fd31]]></AppId>
    <Encrypt><![CDATA[/DO7dP1G4nyjsOzjkuZEz52uvZ6lL/vtJDHbHUQh7VJb0hfCOUHOPwtYf6IsyCNijyL2K0xSLXNJa4ub9Ghz+dlUgLhsyfLd1Y+PC5ALbdi2WAYUT5ycf0YPlILEa/9UgoSYQXSSRXIqxchN6XmvUuqoSZRvkMjzKrfvdUjqr0NqKc0I4dspOv9tiE9dxY5qDh4GW+DMryZUY/HDon/5Jv3M1+DfxAZgX1ixDWF2YG1B6ZVHG7rNExO9IYXkhB8UmkO0Hxs7FBaWS8TT0jx3YoQH6JLHSfcbRacKjt2IzLG/g6RUv0y7AxQOexR8iHrULpASqYhmni0Klopo9HMpnNuHwxCyjsuuAmceGpEpuWcB8zzRunKtODUIzuO58jSF1FZObw+mj5rTiTP99MtK7XJnQ6U17WSB3aDJhXFlWFhik3XN1T6oUq+uGQCYWF8Rtshby+wzRg2JMbqjSLVU+w==]]></Encrypt>
</xml>


