2018-01-01 00:08:40 debug :
------------
String:
account-ticket<xml>
    <AppId><![CDATA[wx7f83e93205d2fd31]]></AppId>
    <Encrypt><![CDATA[UVdIE/yCcmtwfcSkN2ogMCoUS1rgvX9W3A0Ibs9LIQDVxh9N7MHxQA6k70YSEGkEMM6wMSJsGCQw288881Dw8H4ydzr3JNS/3IemFs9/n53KACilIhbUDAfH0vwyJnZVkiB9+Xhxo17MbAcHdpVJeGkT8T3iSL3shxgxhNA+EaKJjdiiS3Efr6xzAX5xVmFYx3QDm85bYALua9cV+1cC5oXRKjdtXw8djL5IuwbJfb/QT6nV04epstjo73o2Q6L+y2Q0/DTfrcle5EojAq6GGo5v/s93N+uvvXAlC/8eSoGay0ML9OeAGBo+IgbZMhgLnx78BUpb+jEtnN5ph0NgBQL4b3SoQfDQCECDgR67AhDVv/aaVIaBLVzXDcPpMbM6r6ne0w7Dv2T3DFuu5Br1gob4hfule03Gpz1num9q3oe0GAPsMu4mDqFkFUGQnlIA14/UyIlVqazN3+2FBPjb7A==]]></Encrypt>
</xml>


2018-01-01 00:20:35 debug :
------------
String:
account-ticket<xml>
    <AppId><![CDATA[wx7f83e93205d2fd31]]></AppId>
    <Encrypt><![CDATA[CVKpGeQ7CmkWbng9vjgmHm4XJ/hOuO/5oeWFGsMYzdWX4daOk/g57PjcrLiOyeUsTLvXDbbg3yULzvQ+3mCXrVCpmTHFq+trn34Bo9NkEt31vLKJqsZEHyMjSknQHG1IDZgJMizft4eBqQkpvhHv5JEGKQ8ioXdhqjSeRyLZ4I1IhtV9tmldWoYxfVFzASrwfL1Vr3liN/5TJRJhX7dwWZp7c0RNRxmM1FRHLhcldpolQgixMLbf/zTzqi9HlWwHb3mBPDcvIMWU6o7g1T6mQ6PtUMBU/K2n8vQgueHIBNru7jKm3ulihN5L5pJ1pDIcRh50jagpxiazHAT638J1eXyuHHWbOse8JXqdpdrnKot5ZWv8k1YnJqhUtgMKlQCe6JaUq2VKnsTe06HXj+ejf+v6GWwGQEjBo7iRYuVZUtF+k3MqJsJ0eO2NSVDGwLCxqddx5dpHw2rN/EOIglbPxg==]]></Encrypt>
</xml>


2018-01-01 00:29:19 debug :
------------
String:
account-ticket<xml>
    <AppId><![CDATA[wx7f83e93205d2fd31]]></AppId>
    <Encrypt><![CDATA[+73i/SWNvhqArsnopb8RYYbUjKhkXleMSSQkyCQ7pj/Kqs8PZf6x0kgziwcftOZIDAEY8EJSR8QfW8LZ7Gf5Yys1lbSF1QKBLanizIciNO1YaNRJ+aUFy80PVHGiec8z7Fm5Tq/9y9tYrwO+4GX9qQu+1At+ulaJV5DuejRPv4+TSMNhcnU2rOdC1HHDGHIH4E47jEZZxJ7wJazSDvVBBwxDRvSYXc6vCjf82rEBhNtwIa/1/pfnPMP+WPjGrX3lMpO2SxAzX/nbrF5bzjjPlmFJ8lc8+D3s5Xk1bUDGcaPe8PJYnao02fFuS1of1JQ7PNqgqT81PbSQlxiQ9czxw55iFS+rv53qx/yeV4kicFDgDari8YxNQpwk94f0au8QlHnYTh3/cZnrCjNFf9QoSNk237kkt39mo3neOqTl6OLzo/gKOI2LvwkToBjLqM3+gTi9S2eks5bhUk9Dp51J4g==]]></Encrypt>
</xml>


2018-01-01 00:41:06 debug :
------------
String:
account-ticket<xml>
    <AppId><![CDATA[wx7f83e93205d2fd31]]></AppId>
    <Encrypt><![CDATA[7vafAAX/NmcplfGgalFMnI/k67KVOfg4ExrpzI8mfr/D/2Yhf/+qMmZhSzctYKuiAw0z9Enn0WG27JJxkRjO3jBhDhMkKORhGoOqe1en4pJ6H1AA+TwNyor/Zr6l5rP1VlcgNvK9AGPCidp1jOmS6btNtntrbscNPinB+CWfxGwR4iaJQ8pivMS5NtCKXG4/Ss3UDUt09q/C3SpQbG5D7MrVDq3Ditw4eZeTg/VQPAuwpUz1aQ0MC3qsaOmOy5VNzXayFaqED29VV+6MQ9EwjyzajclHMaVoxqTQGajRIquZGTktFV/Ei6y9dhEKBdd9mprmNb57kfjhQbabWVkYZlvMlWBjw5xrezSYGNn1lDWm6s6Ge69j0rbCwjcdcVSYJQJ08/axGDNTwyclzUrHGkR0jMg8OQ0oDbbCq2KcIJUzfnt3HRmLzlLutGmS4XsW05ZZztHfKQ1XyxiHrdp7wg==]]></Encrypt>
</xml>


2018-01-01 00:49:19 debug :
------------
String:
account-ticket<xml>
    <AppId><![CDATA[wx7f83e93205d2fd31]]></AppId>
    <Encrypt><![CDATA[cM/iSFpP2cQqYDL68lk2xQD+rpBCXM74l4bSyyXfFJlRk2hl7gpTd/uZIUSFK4U4XGtBY9Kj388iiKweJdvG6AG3J3PuCnpxwMIMjOETnL2qB23RgcsohasIWcdvlBvAJ7ZvqzP4LzIkI6i4EOkcVC4YgRbrGIfmediq4cUccgg5LVQENaR3M773LG3tKWISzI+VlnyXMMkJxIHzqSByYl8sxskeh7f6hHTVNmX93bxo9erIfMVpOdSaAStBpJ9Fsgweq+n/wp4BoUN7OUPcat/Ee1Aabmyk/as6yvXrBtyC7sk8EyReBqPTm953joCRslSFosTh/LYQXoathRg3qVsPEfE7C5tPBuPNqVPe4qfcVnjqh0AGRZ3pS2aeTbe8mfS304Eux+ljUXNP4MkMdvdSZ8MUkyPtZL/E80DphdJ0eKDdwPh+KAmZtql2K2LXxHDIPIhFZxGfMqeFOMPJoQ==]]></Encrypt>
</xml>


2018-01-01 00:59:04 debug :
------------
String:
account-ticket<xml>
    <AppId><![CDATA[wx7f83e93205d2fd31]]></AppId>
    <Encrypt><![CDATA[+APScSyGIgJ3bVlEn1Smla926WlsFSPU8d2TEYlcOrb5fAjBbexykzYqIRemzTESiHHiGPP1wrjKyOUiTj1T1WwupCnFreJXirXISBVP+uP2sYPglmiOt4B+CJHbcvKMNmDD71Bj8emvG1yKXthOHzZ33bFXtO1bolCafvJW25pwGdy/4GmPo12h5NPw4FjvqxBoCJveSbMKXhXAaFK0xNw2fYjP1ikuj5EDY59mu6w+r3pKQ9C83RTvb8zZGrJW2huZRhkrNT5N99+k34a1yy0iJqnv3nh2LF78nzTXFn7OpyYnfTPuCYe8EPBPlLs7UOeFY8mZm5AZvL79Tl2RSbUTPvNrvMjxcaF6Oe4vKf4135d5+bVE60IeVXVzA65tkt2AN32/ftypKZitZQEzbg94/qLwSFjdEJ0M+J920Z4jKNtIHk852Ga1FQImljF5yIymp0BgtA1dMGkXp2CuWw==]]></Encrypt>
</xml>


2018-01-01 01:09:30 debug :
------------
String:
account-ticket<xml>
    <AppId><![CDATA[wx7f83e93205d2fd31]]></AppId>
    <Encrypt><![CDATA[us7JvwoRwGtN/DuL28GAx4Q8Q5iwHxugL1f5GjDY0yGjWvh/uEGP8Ki6DYBRbd7SZ36TyDREtWhxWGYxr+sP8xRBV5DThyS/EZp4DakJqu10rOoN1trhRPEwK7YNKIAwwF9VBPO8ztumSQlUBgGr4AbBUnukMetCY9lit/Qo5dC89Enr5PZpdaAIx30YwRYgG5MgF8Am+KvOSJSELAlmrYFBbV6tQEloRHqjMvVPqgnyWFvhHCWS/vtMQ9G1RCVFkOaMQLTZA9AL5+U3DuYPk127pOw0gSBPn0ygXSgnWIaTfpO3rJylJTYyeBqSP8fj9bYDQHTGC76BCkyBFYkfBhfIW5EQnzhkv3yJnUOlOkDlKlhcN3fWaFKZtmQpkd4ap7O/utx8X3cf6TICwOVgmPn/Mf+qo96mm7ckrmhfROnzZ7VkEcc44GiEqueqqZeOw+Uf8FuCCzq7NUgTLTk0bg==]]></Encrypt>
</xml>


2018-01-01 01:18:40 debug :
------------
String:
account-ticket<xml>
    <AppId><![CDATA[wx7f83e93205d2fd31]]></AppId>
    <Encrypt><![CDATA[/SBPihHV+erhP3Ud+rWXhMwCzqoUb6fE68Stj2BVv4HSGCrfQzx7FlTDREEC3P5JG/Z9ttxDl/mzm0Q1G5BR9H7p/gkBxrXJd6doZXpMmbpKsB3a4ydCJL84mrLFsRQ01YxFfevYDuU8EtkOg7VbkwJucDUDJSSlsuGlXVwG1woiesbGPCAQ7ir0O7bbpcwjNh+YnlIy9DYauBYtsNkjfHz6OWmBjV4owUhYyjO+Mjn3d8Y8gmBQnBOWGjhE8CxDEI9kU2SdG1RX1O0TnD2yd5hz4IdwzW6WWhSt/GIdO7Gx5mpSmgpuTOc7LqXy5gSXpu4adom7Lj8eXvSkeGfpG0Au1EkUaXtAYD/+OkEZbA1V7EmINYySws7p2qmYno3++Zl+TxqA86+Es3tXGLQ128kT8iEw5ah2tdMP36+mLtk+wv9HG5uk3QkWIpzGvxA0dkDamAAs2pS23Jp7Z2PXJw==]]></Encrypt>
</xml>


2018-01-01 01:30:46 debug :
------------
String:
account-ticket<xml>
    <AppId><![CDATA[wx7f83e93205d2fd31]]></AppId>
    <Encrypt><![CDATA[YVYGYbD9dv2NFCWtyofaUkGCGpCQfTqLxa6INu5eDrrGQsBxg95eqKYs6Q+4NnuVTNCyrUvg/yYSnXwODWBbUrqETuJl82WI3cc7c1mYuNPC9RaSoncjJ5CMJopkIF8X1gefYO/HJ4chFWwFsIPvj9kjlq0eKpyZacLL6dRhzb3GDoq9TgXgH99dq/I1nHW01N8+pyKf8BqIaPWlBdV7dBQZ8tMdwOMWR82zPDAVLuSAyP4BIRB8VKqejsQqDSG2B+B81m7mXnAkReHRg+j3pR7zKR4nhljspe0hHEsBwZGm52kAqHmNYut3Ruu1YR01p3jBE1N61qQ+RCCyjAtAgzaPRH1xJVaT9pIZEFy9jYBRAg62c6cpVF7Lzo1bUZDEw4ajH03aN6mjBD/7TC5t58i13jX5sKj1xL/XJ8Tq6jcTv/o5WCcu3nYNfhfWWj+InrbpKm/XCx3lD/CHJebMMg==]]></Encrypt>
</xml>


2018-01-01 01:38:36 debug :
------------
String:
account-ticket<xml>
    <AppId><![CDATA[wx7f83e93205d2fd31]]></AppId>
    <Encrypt><![CDATA[DW1foCzSMPgjqRsByjD+2jdH27Y3gqRn7Ar6n/UgphbgPvLKXnjJPtz6I1rBu181ghmYHob3aaLioM5w+RNqUm9z9odTbzmexdFZqDzSCQIXq6IRhiwwnOtbDOfH1bU/Uwpw2XZ78B9iuR7UQqVfmPQNFzyYkV41pCjgQM4BUok/kEuTHWtWX02B0neUjUFNENVdH0Oewm4/Rv/ta3zmTySXJN83cC2gZixCKkE1G8X1ni/tQABX3fEciDd1dwh+2ajrUIF1NWg2LRCvMiEHsNpt90CFJU4fahiehVWoK5/wfqEK35Xzb/sVM0OWqEV/CO84LvjwVXzEy92TzV6oaIUJ9uqTQ0k9qlkC3BGBS56HiB8ReK9K0gngkjsn4tuQQzgs8OfZ+ND6QW1Kq9S/XcBlrdZnJaQr5xiBakl9pYpDq77uF48P38ZOjaNLUPFDtJCgss8niLo898Nbu3Z1og==]]></Encrypt>
</xml>


2018-01-01 01:48:29 debug :
------------
String:
account-ticket<xml>
    <AppId><![CDATA[wx7f83e93205d2fd31]]></AppId>
    <Encrypt><![CDATA[/6HJTlEMRKvodU6KH5QJ5qFITpT6u8BiJDbccmPzlW11MnUzlCXkL9rP9rExg4uTk+2DanfsFeEV/8e9DgsO+nqTkBhrrp6K5b7K5IBNKolkGL8VDW1iRbqdQleKdaFjaVwY3ZfzCrp6rq7trqOlJaX3tMO7rRBsSE5ReXCrY+G7qTnPold8NBeTIeE8GKLxJb6vc1cv+9NvV7qKBJPUZodkH3acrxvbzKiiU7Cbq3dfQrezVYp0yq8tYGRLZA82rqrqGOPKy5utNotejLx2b/lr3b+j27bUqnPH1bsprJlLVoIvWt1Y4/2GtVzbjuXDhCl7R3Tl0hoK7rr/NzXQZqECZzsYdLGq6zaC7lNpMYqZHiaa47lDX1hZU0o/RApOWLEw5YPOkJNsHmV3oztsdcT+S3tN8iYs30i+gB1E+ktbiKl8pX1rohYXKPXiazU5R34/su3ulpKNTQlog7ICCw==]]></Encrypt>
</xml>


2018-01-01 01:58:32 debug :
------------
String:
account-ticket<xml>
    <AppId><![CDATA[wx7f83e93205d2fd31]]></AppId>
    <Encrypt><![CDATA[ZCdUJwJQW5AnS+uEwSGkEhptevp88jO6s9pzN5OfX5AZRG3FwM4V43S4OyLTIe28zbZmjaxV6nJBRunkudcpYbW2impKN180gYLIVYDnndvK5CIvwG5GD9ufoosLVPNIC3xTZDq9HqeANEgDe0oRlP0eLLQkI7pc2kAka7I2cA8YZpnxTWv00JWEEKthHNkjR+jerW441l6FSRA+jgUBLPg873WwHfSY4tC3lIyhDwJi6O/TxbUUV2+sLUfvz5c8LUw7MOnL/JMVWuLH+rXqDdVHA2+AxSkXHU6//Lu+5RaYlJCDXrkvOEF9j7eB14s8WxTWxRkKgzhOKyk3tUxUIfC2021aZByHomC7jzOfItV1WYK+eYuorNOGn+dfsToERrxo54+lbdLtOJp5j48NtKyEBbAFTGqwgRGQmA5YpQeJSTPfW4qbzyL+djSJaWElQYJFD3zWH3z3YJ/Aac5IRQ==]]></Encrypt>
</xml>


2018-01-01 02:11:08 debug :
------------
String:
account-ticket<xml>
    <AppId><![CDATA[wx7f83e93205d2fd31]]></AppId>
    <Encrypt><![CDATA[4W2YBvVy3ADFxqkJh69gNj8BhIAqeV0UQkvERVdsEFpD2UwxBkq0rIec9AtzBzPINzHShWgnEoI5q6NlzBk2jjx0hvYHbSzekaybnqEc4KhqQQFoXiOiIIXYvUiyo40v20/5YwLT/8/X7HRlpUgVkiIgqr4DmlSdR/UMLFwyDc/j8tn/kW4ZRtiLl49cQceqC1jiRj8My2byJS3TDygG0mhLwUM/0Dqx7qxUf43Q7RnQ1eGqwHjj02/FQMbX+KUp99W69ZdSGN+cnwoa9zqCuI46ip7mh0hjWxePUMww4iyjcsWTHemIPClid4hDhUhdAqbxYYOO5BlBawkaovTQdQvMoUy+32pdDgAEAecZFBBr6TZdxGNnFpskemowyKIgyyKGCNVNRgb5ZbLJiKADZwLaXHl0qvJ/6TKvdXcSXBk1hbrVAwrdzyheH85VG5d3aLp6P6ziKnH/W+NiwYS64w==]]></Encrypt>
</xml>


2018-01-01 02:20:04 debug :
------------
String:
account-ticket<xml>
    <AppId><![CDATA[wx7f83e93205d2fd31]]></AppId>
    <Encrypt><![CDATA[QErIN4gtgjQ3HGuOd3pSyooQUE8ACW65ZBMyCy2if/+an6NktWgg0eQIpvxAu6MydiFWmChH+JUW7R4bqifq4Y663DM6dJFuoSJpgn1vFzLUsvLPYMnu2STMm/DT/MvKLeKgfYDUULNUO6W/tZpDmxU2040f8rsKqAgf8/xsYfkUe1eC9yjO9P7NNDXINVRJozZNenNfZUxEw0gLlMIi4eYCtB/TS5EYmlEDV3BBlYF7Lm4nw4hKFD2e454VmvUEmWTVyN6to+7ZpT2qaUrEKL2Hm1bqAhz4ubef42F1mFVhivMLrUWTs0fnICnIZIoa+Urj1yO51tbydlluAT2Lyidy3rTcL0VKvr36S40cpbmj02Smzog+qEGDgJhIy+JTn9fznZIDRZWo6x2oZr+rExPgCSAlJB+5yaF+z5VwcX1QQ1ScoZl+4nLImhEgdG2EuQ/s0KNh5KTUyg1o6WUWgQ==]]></Encrypt>
</xml>


2018-01-01 02:30:01 debug :
------------
String:
account-ticket<xml>
    <AppId><![CDATA[wx7f83e93205d2fd31]]></AppId>
    <Encrypt><![CDATA[qQ2xMmKN5bIJ/MwDdrcXDzwVtx/xTtDJJW9zfCmaZha07L72hxpj81OfjUHwtifPoK2LQJpDG3TDpsZ9bP/++Vevm+cjbfm948uK1YvP6sfPq+Ork+lSRCgcLGuvipqMXLSkx564unXfz9V25yZIzXoyEpNruWA5ISBxmqds1eXGbRnUuR7f7mpQLtl+ObhRQCFQBEG7RRxXNgbkcuXSTgc+JnJQWb9j1xMsDewb+JVvl2qfvtGi7RvifK+HV43LL3U6wc1UrXxhARGwwCcWIVhMRpPeHm+YlblJJ8FPbayLCFsd/qT+8l0zd1r5XRthPpwgKzO8IUBQdlOV3mu3MuqRE1Jx/yRLZKPU6+0zsJKewWdeZ4TDB6uhO1IAUxde2cOQhyPBq6lnaylfc2EampxwVBuv9fim67iACan/4oiUoaHOvP0sufxoxKzfnId5jLCmEkLhqiRB11dvzkrSug==]]></Encrypt>
</xml>


2018-01-01 02:40:08 debug :
------------
String:
account-ticket<xml>
    <AppId><![CDATA[wx7f83e93205d2fd31]]></AppId>
    <Encrypt><![CDATA[RPXoawruqyLCMBe5jhHiHB9xbgWabzLnkD3bLRG+f+pabGJ4EAzbhPrwkPof5ywpEIb7FjXStQ1N1WJ4mzK4baiwCJIcgTCzXy/MC1Z5D9cjHR3dT3vaXcH1m+LQg6CNvzV7gnE9nRliM2ZVLlr8+ayJQ3bHYW0WhDmmTETtCYTnudt3bi5uPVf5xwtUGTmBDMzF23OkZzjJYapPmzRiA/xsMwYpHCa9E2Aqmkq4j/iDccT3TionMiFUQ+dHpViHssS0z+D6UGTsMw5ewP0R8Da3JNVWGOvSdUVI+HxtsuAasZ5B7pRd5hv6lU6d5ys6Bs3TkFahbClndjbQyxQNub7lPnjEyzHgtNrxKNkZwWgAyNCyvxBHdM5VK4EdoGeaX9wrvtYX0UkCYlj1BY7uJJqwKLf2Ixxa51ZPVOVNX6veH9bgZkssn54HXqfx2TRkWpGV39M1yIPQcIe06Fzr3A==]]></Encrypt>
</xml>


2018-01-01 02:48:28 debug :
------------
String:
account-ticket<xml>
    <AppId><![CDATA[wx7f83e93205d2fd31]]></AppId>
    <Encrypt><![CDATA[yr5fzVyKAgS73GSdh8zb9VCf0CpftVAAV2mxVc1eXZ5BpI1CC206SghpTIhvdsQ2n5uf36W+A85taB7kCFa2CXtxPR1/rxvdcluzsoS3SVEQS1QpB7lW2a8CrSCS7bIXpCRMJO0GV/iF+vJxHBymrjZYSXTR7W8K/VlAYvAZeCpmZEabBtALkXn4GsGnTKR8bWHccG+VZhfw4qnQz77FyYqSSeINFh5PgaYchJsvC9TV9NMLceGtoBtrhO5xfQ4cN4mY3oA9XeeT5v4ouCFyAUif6QytqOpiXEq7mhlO7rzrpTsWFaw8GgXGpjh3rkPMU5vxTKhtE7NY2rLJyDyocCIdcR64OKzmsivapGQK0jNY48Eti9YhZ6BhgAeE3yTwQs25AClZkSaJWQL0kLtZZfnE4eNeqjBacamWzUzSEC0jP7KDu8b87h0DHj6uwUzpiqWBLiDsF9pkTJ/dWQ1FrA==]]></Encrypt>
</xml>


2018-01-01 03:00:13 debug :
------------
String:
account-ticket<xml>
    <AppId><![CDATA[wx7f83e93205d2fd31]]></AppId>
    <Encrypt><![CDATA[rX9cMjCONUGgaMUTnZDBGRcIF5dSVMSnoVlqfw7hCc77CIO8eF0BgT+GuVfh1vTWn6Bc/4sG0aR/U5RbY1E6Gw5aDnivEHvEgQJatuderIgER8hEap9n7qCtnVRAUoGb3WVUtXFtQ1mwSRtNV4/c4V96DoFMowDitjL5XubEawPV8tbRLEx4kqbNoDRHf6zs13Gz5if/md7zC5jzdufEq0VRGISgfooV8qLzOz4KSxWaBl6OKm/Me0gzn1WTMt95NUVnrlAVsx+dWgDqM/wXunT/G5rgR/K+P4wd/xW1upjO+F/G9uGY9R1FJXa/4LHi9pqMiElsY/scLfS80fcaokwEoI5yNM1C5g6+JPWVKLDvdq26naLeLrtJzb9AGsQUYYAR59z11s2FW8ZTLqWnVKxl+DAodn2ntn7EyLmCxEVJD1hPLYfeAMg6oounudE4+/JOBxwIKzZqBVCJka7Gfg==]]></Encrypt>
</xml>


2018-01-01 03:10:20 debug :
------------
String:
account-ticket<xml>
    <AppId><![CDATA[wx7f83e93205d2fd31]]></AppId>
    <Encrypt><![CDATA[RXNdc/ezqKmTNEMdxyaO/5TOgUGpBYZKWV14h0+E1Q7vyRk3yEeUG5VUCAk2bSz1l8JM2gLAW2Vmfe+aWOH15An9zSgMwQ56L/LUrTawlmrM+lDNYgfnIrqtCfCOApK5gAD+oofAN20q2ZGThSz5cqO9UWy3eAKbnWWtQU7DbSMtBODz+Re26u0deJRRippCVg9+4bHCS7nQRujPghVzUjGDwiH/PUFWHnEAt21tXgIFjfJL63d+H9gPGzSGRxSvYGuoPX/uqtHjHvJ1qtKxxJjVz1QuTWfGQD7U546ib/PI0hI8eh+5fiOtAVqWrxRWVXmqpzvigdB56vvDQjzbIXBXVfpu84x8HFMtKS1G4c9dPtgLWvDhxciQnkK+cJGR9lljQjrsVUcF/GWJ3WZK5aI6Vyo9iokWn7+bg6YBsFw4XTN1RfOxU0cTrMBCQAmy1WIhW9UcEw2p5sTPeJZE1Q==]]></Encrypt>
</xml>


2018-01-01 03:20:00 debug :
------------
String:
account-ticket<xml>
    <AppId><![CDATA[wx7f83e93205d2fd31]]></AppId>
    <Encrypt><![CDATA[DplpWOcwUO3GVqI7551wj0p578Jtuew0v9zyl8WGdV7eflfj+WVnO2hU2Bg/cpC3mC4OeR1Mw3maUE71h2ReYDPMklJfcuBAAxUAbkgxWVkDzTwH3Bbqo2cismJ4XaRwqJSAW351+C6MR9WVFO0sCY+77GUx47VytTwvpY7H+xzDo0sD8Fte9xI40K0n9PPCsu+RleD1aLiOQN+h1z84SMzfSuTNk4YZ1sDiTwQS203EhmSoRxAZBNYMq0ccHaNocUcF1unxbSyec+po5pMFCmCUmxli3DwYxL+lBs3PaWA0VUA9RD0B80jALJYF9hK0ze6Jr6idfCg/DFnoenfids4SBOmBgpGptLfFZvFSDXMLPaELQdGWPDgHmLbsoUlz5G1eMvXi9yBLNotbcTfZnsvpOcn2lXcu3QKWTOFD78p7UENXgscdYVOUpGh+jqBlImaeaZxgncXZcVPp3zftWQ==]]></Encrypt>
</xml>


2018-01-01 03:29:57 debug :
------------
String:
account-ticket<xml>
    <AppId><![CDATA[wx7f83e93205d2fd31]]></AppId>
    <Encrypt><![CDATA[1pt6cFoLOdds7UkXR+5PZIDWHy6EMA6+pXUm7Hp9G3orMCZwLy4t9xIgTS3VWKTRNXT1E79D+WQr5QU+5AjyKoCqW6caYnpmj3CAVknhlTT9IJ8lqpULDrDcNnh9vJgwNUMDvGUhX8uhefUuDu4ODhxkneAoG+byROC1N75ksqQbPmJlBA8bE/GfPPHNsgqHPPJ7/hOschzvgnVxw35IBCZBC8XjbcYMEk2p5fkpS3vjB81NlLE5BfC13zd1siUKCk3J3qg91R1Q9Gvracp2uaBmg3MB67XxtTWdjJG9DO/ELZmBsrKy04LQLYUtzRt1XMqiG8zLS34HyAcCNFHEGBV75NPNYJghdishYdImorDfXZKlJM/MuIR++tEHCGj9U7THwfDFpmsDVd+abRwOXS0t9UNHEaBA39D981OBhSSGP0tLpHRp2ZUKXeiblSbCoT1xH1D2axQLvEcxevACvA==]]></Encrypt>
</xml>


2018-01-01 03:40:00 debug :
------------
String:
account-ticket<xml>
    <AppId><![CDATA[wx7f83e93205d2fd31]]></AppId>
    <Encrypt><![CDATA[fHmuKUyzuP7LiYWi6lqeAI0WjuYrSTDXtWvl83N3r7hUHM6Ve37wD2RQCLJLoWMRqlQDeG3fPRQu4ABojc3PRjgefzChzdQ1uz2REeow5AAe9wOU/mz39yfiPTcJ11DPayyYetf2aC3+a4Sftzy+v5MDku4SSTRH+pZ/hcZHhODJ6VmYiOOG5ay4aixH1YVNQdN70VABHILTSJYq1uBuIA6qqvmFEP5jqXpu33xv7YJ15czzVZUQelkBohptozLEKM5AwLbH9RU/bWcvFw8YfN4Yd9R0sUbw7EINvURCrO8YGuxu2rvYykaST6jP63EA4CqoaYsrV7fjT2SGx0Zudc3aPJPbtzVayXM4JyrJ/D+ewVex5Accibtkf00jxC1m30fTdlq8ICqagyrfS/AjK7f0hfGtmk4mFWVsdplaIMOcu3CTneqtgVvjnwgAIoIWCJQ4SgGqJbMj6GpyNhN3Gw==]]></Encrypt>
</xml>


2018-01-01 03:49:47 debug :
------------
String:
account-ticket<xml>
    <AppId><![CDATA[wx7f83e93205d2fd31]]></AppId>
    <Encrypt><![CDATA[oitzROYu7tXag97he7l58kbBgRF31yFqHW1DLwhgsYtF6Wrn8tO0i8IEl5TWCDqtEDj6ayiEfhBywRGQQ6a/zkerZGnPkF6amdepEnsQ4uMa6OgqRBjFce/3JLwgUD4qMbiLUAr2WnTGFYYwNTkwxdzPuHRa5OE+RQ8VdMacQQFJGlKFxKpJtCyV6vFw5BFH6KIzm2OOAcUZD5JeRKBlM9A2EtEMrTt3lhV+n+CYARkZ38MCoY4/YHOaY04O2cTXkXyc24Hnf5FmGiA3fgsc7VEi4rMjYLD7B/nJRv3Ko1h8w8MmbIv0UIgIifR71PPGqdgPXgJvaAxBn5f7x8eUIx50bx78uvbS7Eb89hO0eqVxS8mVUbJgS5DGTfUAp9TceYZupX6hDlu8um3RX5lFg4DjHBzYFSNMCdrxqomICfZIWAeDDUmvVVLfWYPZh1g/iqGQDgwD5Vvxac2tM+FFeA==]]></Encrypt>
</xml>


2018-01-01 03:59:56 debug :
------------
String:
account-ticket<xml>
    <AppId><![CDATA[wx7f83e93205d2fd31]]></AppId>
    <Encrypt><![CDATA[TIuBgsyHF6qWHJQITX/wzME1XkViaV38d7tsqMKgSggH0V9S5dcZ+EFU7MOFfOe3v6lzlyFZ6QQ7szOaFbmbYEzQLyAfL0WLpCooHvnjo9Pez8p0sWvWpqfpc1O8ITAXhSee4GiGN4tLjWHvGKc9HhQKE75snLg7ahduf7p9Br72Ma3VfqI7woHABdICKxwqYF1IbXIGhvGGfdwgTavRUx74y3gqHykSqpk1cXwvsVU/SF0FdVM6JoIUVTyBNK4GxINg7xVC/HSW/smS8eb/FSblJagacN0SEWgGIqjho8LLk4AOIIR6Drfgq/BsuOtkJsAcNwsVgZvXox8QD+/82PUfaCjJ7FuAQU3ogIKMYcF0SlUBqNrupUf66yX6yBhCR/cgsIAFXIzyR3dOj4YhF8VpNrYJfbk8cvPeyGnxaGnYKWt4AHe0avkbGUy8Mt5RSVa+FmHKaNkz0Tx5bcFbSA==]]></Encrypt>
</xml>


2018-01-01 04:08:20 debug :
------------
String:
account-ticket<xml>
    <AppId><![CDATA[wx7f83e93205d2fd31]]></AppId>
    <Encrypt><![CDATA[uYW3asbt+Pd1LFjCCYl2gvuUPXNikGgBGuxCECw0LQiBK4nzruQ6QDWwUvCzys1CV85R9f1mXDpEUANFNqMRgVP4Tu901Lbmwk2GMHH5U9GWl4w9niVpAU0l4UuSPNiEDPOIe0+Py79wjNOvI3Ryw9WKQYA7+K8lhildkINgoXtAWYDhnLTDJL863CnxRafEiR4nVtoAvcQRncTixtC+AZw1Yv2CBBpNDaTnpa06KZCAiZLPz5FI64JAkUkSOJe1EGbmFihUmG9P7t3pDrTKd/B9ucW8zYZhEhozuWVptNdL5mrkRy5mnGFZixAW0RnpnL9QnFAcLWNyVqQhkHqQp6rCUJ5juYUIs7r3MDiqJqIqdJbgtkiolOmENAIp+IwimbvzuwLgx2hwifnM7w9UTG3RrRBGjKsGf3+P8NbkmKa/eKgjhJh/AK5C3f93TtpIpLz0ZNc1R/1+XY025UwIhg==]]></Encrypt>
</xml>


2018-01-01 04:18:12 debug :
------------
String:
account-ticket<xml>
    <AppId><![CDATA[wx7f83e93205d2fd31]]></AppId>
    <Encrypt><![CDATA[/5awUTrJQHIDqLq3QI2UZZ7NNAYg1YjEfZE0T677h7mkhLOD1yZqAKqb9KTs/n5YXraWRxH+/FAJRffxprdMqyu8nBs8ln4FNkbZn71ZMwp0q6T9NMmBevrWH50KPvJcHt+RRrKEANJ+GPZHpyUNwWvY5Gqfg83knrYR0EtPm68sxRHTm4fPS65SlGon1eJoPU1sK0qL5XeH6clmWDu6w78OSPycsCt9KIINz9AqJCyytmH/E/CarV3n5hhAqbEtacHHjN8eo0u1Gl8viCecWFJ27eT1tS2cBlgHOcTWB4Bb2h9fkerXApHIZIxO/CaDAI7lxIhZ9YfpiRuwgAlpAQwkEgrp5AvaAAfk8acwfISScW1+eXx34EIv48fbyEZQnnXfo3m01PxTwhCFUZAI0EoSKYxUdpzdZU+4W5JsgI3idIpPfFrkMZeTZWiKrdts36bwoY5ZiUR13dyNKAV4cg==]]></Encrypt>
</xml>


2018-01-01 04:28:07 debug :
------------
String:
account-ticket<xml>
    <AppId><![CDATA[wx7f83e93205d2fd31]]></AppId>
    <Encrypt><![CDATA[MA69LkEwJwt6xVUZH9O6ok1XtyqV6qqnm3k5Jj8hZ0irn8msfdFPh49cHgyCdmi2KYu0D/DzOwfu2pfcEcWXCMR/FZRfpkkBSklqMaIyahXkJS4vxLOXu5RWHgqn68mlTFhKzWo/yOqWXWTxFUZD+thU+fmN48288kwK+IM0ilt3ziZDrV12Q/mlvKWlH2WNEhyTO++E6UtN29WJqjKGxzanKxzeBONnMrUC70MpPS6cojMaGetAGmhLoQeOropgyYaARcEE7qqu2ZIdxlax4ILY9X0qcJFaBm8OBu+qL0iSY2DpDuGzcEdrd/DyhtET8o3ATsG0xJCBfrlgsqUT1QIatZoBMFufjtx6gAmHjCwkqQe79jZrZrU4kn7lZ3TMCW3TuccC0dMAziD08rH/128IJmf5n+4afIiSVZ21kOwvk87rfDmi5ThUosLUWTpm7reHc28I5kIm6QSStlGvzw==]]></Encrypt>
</xml>


2018-01-01 04:38:16 debug :
------------
String:
account-ticket<xml>
    <AppId><![CDATA[wx7f83e93205d2fd31]]></AppId>
    <Encrypt><![CDATA[vh5BfgrTt/4avuCxb7S87JkIXQyBl92rfnU/tBcD7YDeG2w1riE3+masNEO9dv8VZVzd3Ro8BdQPkoEL48mc3uo2DZHjNpw9yANGiFdLGcyJ5dCTvmS+0XxGM4ZLsU91i2MgctLVpypQAk6yLb3rlvQ7oIzWWrAEzgtMmKaaLxuY50o3ul2zYghqTVWo8PT7gl+b2p/FCCBz9mK56z+pt16WTCVHrjjpt0PMVvsNEy4+IvV193YRnbL9cvBapmgS46FKMdR13zR2aMCJpCofk7YBspp2M1hqtp8hNdB5+EkfPv/XgDhr/z+qZj1yhiGye7wL2sU27PX1WNYCf80yZKA1ausSXtgpMnL2vHYnjwXWrEXE/qqQfR4M0D1RCFmnKWV7QhLq8F80QpvsGdgjui/gVrf8zaIEbF5YZlGqt1jv6BjKTDOHK176iXF7Viwol4P4NRutcQK6n3ISdD9m9Q==]]></Encrypt>
</xml>


2018-01-01 04:49:57 debug :
------------
String:
account-ticket<xml>
    <AppId><![CDATA[wx7f83e93205d2fd31]]></AppId>
    <Encrypt><![CDATA[LqH3Pm3T46PepzTynrN7YxkZXAIYktS68zMFg9sOAUlxGmf9W/hXDTW7Fi7lTdjlA8jrRLDrc0XArXe93rGltkHuP9jRzOd8ODUHZWN885z7NP6AhjCXTmoUmvdq+bEA81BtxkHeeoQCeI/2pdTUAkdcrvABz53nKSHXMdXl8Mxn2+U+gKkPprVq2KlerEQsq09LE3//nLu4mq+6MDjAhPvgUrX2oNXwWTic/ZI21dXzay7vYQtciVur9Hal2D7ZAFXkHdveJDNVxMTTJO1iRz7gtY57/Byl/ohsINJDz3Vf/jxwvYGXSgTg3op4hFJauuwR2S74OLsTc54kI/fCPSCu9M0UFYqFN7nsMR3F0V78UvUi/f9P3g4GqKYsNB0RWY3pZoWyt2YAuQDtP4XimkNwQnep7RxMcfwrqm6oJzJ3FVd1INJYBfFqYr2GzgkluwaAhYyfJeT7vSI+edXUnw==]]></Encrypt>
</xml>


2018-01-01 05:00:05 debug :
------------
String:
account-ticket<xml>
    <AppId><![CDATA[wx7f83e93205d2fd31]]></AppId>
    <Encrypt><![CDATA[hxJjZoHqDIciC32sstcyyNcMeJKvYALLZP+7f3rq1YAQK4N4IkzwV7z+K74pj099YG5Wn54oCP98t+tvEzMTZ4A0gv3Gjav/RYu6BGDQO1PButPo8b1hcOjS82zQzhKR51hgBu3bKAQz8n1JA+4zH93hJmgj3HmqN0SOi8K9TS6bV0ejGanp5lwCYDKK8Xa8/l3vwrs5JtWdItlGdi34nf8EMeM4AaY2mo7jqiz5U/kth6lv4lP7SWpuKcS5dY32ikF3s1tOD8Qzg4iPVom+i0Vy6lqy78FEvXjE7pGWotbulE+3lKUnnoMaLaMSzdnDUX4VECk73Kh/3Q0igsrcyzZ5eu/iUIzfBf+kjTmBMspjc+jhsMAIJJsGT9aTA+5hIWRB0PwVb51VS45eVmgXPmCRYl0FACPxZW8yB5hL/9+onjMbMUjaA9O/n4wGoQHBZscsDqiRLPLxMm/rL+09mA==]]></Encrypt>
</xml>


2018-01-01 05:09:59 debug :
------------
String:
account-ticket<xml>
    <AppId><![CDATA[wx7f83e93205d2fd31]]></AppId>
    <Encrypt><![CDATA[kf1MeUg7fPR9uL3qR89Np1Y9daIfbeMFEVtPo02SGWc91muIhCkTk29UeduWQqT3VZ/Npbc3ZW7+ujU75zJUq4YJBIyrwnHKXN5tjxYmj0VsC8KOEoI6tUZ7DK6RJQOO9J2N4Ojkaye32mF1Hkq//08BWN7MCJQOQDMSQjEBbL4T+xtTnb+xQVJkGVU/3jgfb3EIuSndYkICZRW60ti42dzrLxq7cESWXWssZwiyQ4MSJL0lgmSDD+JiWt2qYdGlziiVWEHLsnRz9T8VZozNQEwoHJW8BBJHtD2nFGU/1aiMLYPmc6dg8vk1DWlzM5k2ggf/6lbIJvJDhkbTa8ttGrvOntGcD0UKwyVXU6GXbAbqcQdvlDmTcK25dqoSVxGamP5oeTq2mFSYa2TGi1sxQqsiW8Ee5vqTvFRHfM1AVOx+4HjLxOJwLlZf3MFmLzlLz/m6P+bh6m2Vs2/3AAwI/A==]]></Encrypt>
</xml>


2018-01-01 05:19:58 debug :
------------
String:
account-ticket<xml>
    <AppId><![CDATA[wx7f83e93205d2fd31]]></AppId>
    <Encrypt><![CDATA[aSZ7t2IU3vao6JKbdf8WN/qny0R327mdyO0eOeruJJ7k2ENXklFfpQMeaaDZNIAaJhUf8IkeKhdoSMEZe+EeEfkd3XD+lG2sIVxnb8AXzeG3L5QpxfGACFn1OnZ1S7At2HdTUiY1Ngv5qvyrATAL3d/HeVuCYxA6pOjSWvdX7R0MAetD6xZneNDCUb6i5XxxjWis2OPO1DtrBL9spEIlD/i14mexK9LarQ1434NKkFFNsS0uD8GXImx3TIFJGzKTg3k/0EB49SaqFtXsPt54H0kNxoDJ7Y6ueOiJ5RdSdLZbrOMosm/+dhHFqAsWqWSoynKz0LnArfDmSZ/ZUH6tVUIThsQ3+5uFI6KvBzFao4wRN4KQ7/guPD9VkWysnC+193UvpQ7WUavt9f9E0H3uiX+XozSB/SJpovNzImaNghbIBQC20JjW/eVMAkpjibFf4c5NfIIV1pddfh8uWxBodQ==]]></Encrypt>
</xml>


2018-01-01 05:29:51 debug :
------------
String:
account-ticket<xml>
    <AppId><![CDATA[wx7f83e93205d2fd31]]></AppId>
    <Encrypt><![CDATA[2SeDOITyDntN4oqLUGSCaqRpLyBu8K5hl0ZmkYw8ce1g0qpGKfB64LGfYbtxxqLJTqP8bL350voeU9sJ3tBpbE9BIx2zwvMIPSxT4eigLlcknkASVJwLs8FzltQh0z0mUcsl6KsTlOlPbWtWPAljQtw/tLeoUmPMIVEvqE5YV3u9O8h+tCtuNZjwT8idcJ6oezkxA6L70dC08uQUdiXraPSXnqZ6DZi+HXrfV7Sgf+irHYxMFJulXqvKnB7nOW0iuUCmd/1k1yR+NhX+Ej7UYtF4hB/qu3e62PsGzFTggVvnU/+GPq3Ncios0Rf2D+88YOnbvd88v9+oQz3FD2A2/ipQ3Tw6NpwMn1Je7YNNT/AKayHkhwNV9CUlKnaAL8aGYH6kQDdoQoQ/VJ4/KPF8aFyC7oNWEP6Bc+XnLmW0KGCkI7Kk9hlgG3iqgJe6aBrubNfiLJ6zB47FappXJ7YR6g==]]></Encrypt>
</xml>


2018-01-01 05:39:54 debug :
------------
String:
account-ticket<xml>
    <AppId><![CDATA[wx7f83e93205d2fd31]]></AppId>
    <Encrypt><![CDATA[G7Dzbu7NPNGSgc8y/kTGWOp09T63rDhXpxdIzESIS5tYOPY97trGxcYTFBSqlgKzv9bQnBi3Cig+gj6sTuciduWK0//x9NHEBLK76Ykl28/DMEakNgO0RvvFvCHh2oXXi7gDwO7iYIO4FAjH+JJjw5qsg3fl9K6HO4kacrd5tWluwQPTxscV2aA2rL9OurzYrQuWnPNS0Ah33Kgvtr+hs8H3XF9XkKmfDf8GXw3R34Gp9pCOqO7ZYny38OH13uGfUJP3K0h6gcllM9NfgQKhs042GXa6S6mu6R3qG4hedXlOVRMYaO1Ov8Iw4nnfGJbGEiS+PZN+OBU5AZKhuKemPcJnJxPRd7JDuG0+2rx13A36y1OReHWy/7bgefiRB2tC1hwSI4AjOrrNjQsAl1ZJKqdLYGi+pOfQYtObI/5ojoPvzo82tl7ePRe7WgzDWvszwdk95lfB47Dy711t5g9fLQ==]]></Encrypt>
</xml>


2018-01-01 05:49:53 debug :
------------
String:
account-ticket<xml>
    <AppId><![CDATA[wx7f83e93205d2fd31]]></AppId>
    <Encrypt><![CDATA[xwrQB/Q0/DUr1BYGMQM4r2U/dpCau1vYm01LWZdEQsxkRAHxxaa1VzSBkYkjNJTFRT9f5DDrOqQWO3LZj1tLlblDgCkoCvhGOtb+XaM/e3ECgYDLf1CmlGVDjS6ghn/T/Qzcg7s8cPyzEQJO5/N8XaEqABrT+XPt9TsZq3Grty+/sgaVMp+1qMsgtFvC0vbuAIGs824fIxdlDnxJVCG4bM3CNmK64+k914ozSTTxQ/ncA/EhQqe+PgN40UYm8httbwzHsSFcvEcZGQh1Ge9CGkaIjka0ah/pV8fdAL3kuazcdokUdzpwijZXOPoCdUHT9LGDXi2FzMs0XL126/zeYgRkyl4J+Ay6agcpKHB74GMMOn7o7sCoaxW+ZdutR0ZrjhAt8tN+I9KEraYheIRX7hPpjHzruuvrDcT+RHX3Qkn0z/6FvxNjPztQiSMdZCD0YnfSM14fbsWejUexuTtK9g==]]></Encrypt>
</xml>


2018-01-01 05:59:47 debug :
------------
String:
account-ticket<xml>
    <AppId><![CDATA[wx7f83e93205d2fd31]]></AppId>
    <Encrypt><![CDATA[87pnx64fxOsGJ8qR+bTn0qNqdUU5lEugbvLnWG23ibE1vTxlYNKwHf7MfmwWCVtEW0fAynSTpCm0yXbChGVCLTazHila+HXUq0lrnD8U5KVf4vHMZc7YqGgbNiAejhrPnoOlok2NQ811xqsT7i1EzAky20P9sZ5JF2Tikyk3rUd+CT73s5xpPY8s7ceAuY2bAjE3kpMsyAH+MtqfYcy4cn7Z17U5wroqjzJktg/Tb61tkfCOXpqXv8R1XTya7hFnszdknGiKJqKfOEJGDeQf1HN1WvUD3jjdN+EmgZJ72ynyxeZxChpLDjj9xkJ2tgrZtLAyrdEy61XR9M/4JCzXJtT40PM0qIqmqKWjhW5/c6n2oAvbTnVyGcUOOgYD43xKsX1rCdcT9iBeBVJizW6/j9C7swabeaPHYEoZ30880h5fm8NnxSWGptDT4evAl4EaQWKJU8wpwJLjq/XmZ1zHqQ==]]></Encrypt>
</xml>


2018-01-01 06:10:06 debug :
------------
String:
account-ticket<xml>
    <AppId><![CDATA[wx7f83e93205d2fd31]]></AppId>
    <Encrypt><![CDATA[6rEKNmKRU57bvwyWOadSwKRRAlDoKuqIq6PWuULI1agVznnaTJmKdJsOXHuVanJkk0XY58dwsqQ6T/cDRu3Ou88X596lKPcuSoiI4m5aowg9hpsRGg4VN2A/gm68DMyOsDSLP26glsuiNiBnCzmZytUywlts5mEcCw0bebIM2jCrOic8OxpFdfnpFfLvnqgfYHkg2XrnK0FCrL/Owt7ZhIpae4gV13+E637Xzg9ZXpJCza174Y5/Wm/wu9fpOnVZeF3RxeVl+0FMbVXw1pnHR/6SWtxvBrCIXp7K0jV10dJh+zF63I/9LDVmHscJZZfiTIaM3FyOgOoSYHBLKHbBZaxZFAPYETtWr2zvPQBBKKGFJAVAWf/ilJgoPJZigfPTBUlp9mbYIYgNNbNloi6rTDiPJrXc0ydgXMY4oQNydeHo84Ou55FjdD+ltuLnKvd6tki7NC1IUdWyO7U5Ix9UZA==]]></Encrypt>
</xml>


2018-01-01 06:19:55 debug :
------------
String:
account-ticket<xml>
    <AppId><![CDATA[wx7f83e93205d2fd31]]></AppId>
    <Encrypt><![CDATA[WfLHTLzDnF4B7XITjTlz6e++4qwHwMY7WSpanka9XFAqG3xisf69DfxsVnl2W9b0F5tjjlG8OHIWOVgGeww9GWc5uiNzrhioYA5uzJQx2xglTWxHYlaGDQUrKhy/ug+9YnWeyiPFKAijqelgHBD6l4klmcjZrpXAtGAwex+ePyEAl7UZTbQNm8+5tsIb+Jq7UhIZoNd3HNBYN0bLIRBBGfdC3xz5s1SrV0aq9YXqciLo48ItMcbteadQxifg14Q3h2tV3ZiaMJmnysCQhRDqJOMuhfvun/NWiyYkHwHD/N4zjA/WCz0Rr6GvmxpVjjfqQjgh6JNMOroiL5H8jmBLvizan9vaFQXn+rNOClkUWaZ5AOnU3mlu1TKTa5oU0hJOUZZrBzpRydeUeb9mWz0UARUmQtAFzigltsbqV7shUWtEr97g4siGYZ+2MCC+7y0LaDcqk8BeNdtlS6efIVXyxw==]]></Encrypt>
</xml>


2018-01-01 06:29:52 debug :
------------
String:
account-ticket<xml>
    <AppId><![CDATA[wx7f83e93205d2fd31]]></AppId>
    <Encrypt><![CDATA[beD3NP5hp5go+hyFaoJSTC0eP1iJNlfI3ppMpyAdp0Up0V1odyubIwZHypfyw2Xu/K+FcbY06q/47cEYSJro+Y8XShK7PTiKFT1WzX7jYNq5DcZubtqxVqCzFPv3d5LQ9mHxNtcXVjk/CFONTmIYfWn/JzWSk1wNeHh/Ck1HeEprEyTDtMFvz5NrvXyxBElg6S1Hz5QQhbjtEphBOEHr6kXxuS65Bj//DsC+jketA2aWJLbjn32J72NW85DbZsMAu2Hy1sA4D3q1NKmCa2apDpuiyclrxbw/eaSYUjsNe6RbphoJpG7KcRYEr+V1IrGlXIEj+fLJ4muyWqrA6MxElF8FeR3D8m+9FEYhFougmFdI7Dh6MtXUFrrht4Z0YaATDUJJtOypAlgEol6q5GVR4S65c0US4YpISsA475nHqY11K5eoTQd0ZuEwkNjro13TzXVWWXl+7gJ0tCE7rYTNSA==]]></Encrypt>
</xml>


2018-01-01 06:39:55 debug :
------------
String:
account-ticket<xml>
    <AppId><![CDATA[wx7f83e93205d2fd31]]></AppId>
    <Encrypt><![CDATA[FZlo8ojw5bDtp29Pyoglk73dptSJ0RvTianNBNztxmKdyV2HfZ5u655Wc9zRyses3EPIBoAWVImPlTWe8aIdjUzJ7VgZPQpShoVnADPkkdlMKYAVVdQTd99FZuX/6EPo3pIbicvrJ0ylXRojXTZMnEeD/XMmb1+jfY9MZjk/ZAHh9XSlE4YgNWM34xIgkJJ9rkSZ1kRGfOA0KwNtblq2MWC89TP5t2Bqc5931Gm9DlAZXDBR9mtoizj+3pWz2m4PwyXetgkQhYi/BZV67LhpQ5vsome/DB+iOeoEPsd0TbNxhr4iQSV1nA96onslVSa55HAkst1egNJLyABlpjYeNLKbByKi5TOTsblPFqvBhhP+zd5NMpDPKL5HKebA7fUStSxTH6PkLIzUae3g662tfGmT04ICarizd1wthqTwAfu2U5Y+obLV/yYXykZ0g4pLK3dEurR+tg7UzCw+2c5kvg==]]></Encrypt>
</xml>


2018-01-01 06:49:55 debug :
------------
String:
account-ticket<xml>
    <AppId><![CDATA[wx7f83e93205d2fd31]]></AppId>
    <Encrypt><![CDATA[5KeJjLOoJVbN7zvDxk+ZinuoEaZgMFfrNoOh4yFzKmaeEoWXt6+hY5g0IyerGECN9K9ciRNP4OZmbuxzPvK9OKkpp8a6gPejMsLjP0rq/dojoplsGcO14wq3b55G5TOrkmCVnHWfwV48uPprlMGHBFVCsC6XfQDnWkZ3iq4OG4OPobxvnyD8VSt0FMQmzBxvAhQb/GEMNHvAT75pte0sDIpDY9fpfSVcu2jJdwhGnNoss1/UPO0ifH0ER4Ywy7DynvoHvt/jGjsb6Xu1qdppZmmu9tE8lAvdN2VS9gQfA36HBdbTH4RZZWoxuIFl/sxFoL2yl8Vb+Yv+OV8me+KApy7kZ6p8LpHkHDYADhIqtMxixHpegpwTLhFzXWNsExWhaBFsuEWnULHelr5EYHEoGIa2dk3M2vZjk1PhANmQuLt+NElAmi5+6ZNFmjhQSiisw62u3VH1uZbEeVeW7AAg2A==]]></Encrypt>
</xml>


2018-01-01 07:00:00 debug :
------------
String:
account-ticket<xml>
    <AppId><![CDATA[wx7f83e93205d2fd31]]></AppId>
    <Encrypt><![CDATA[0pZi0z8sT+pa7nFlXst0C+sNQs+OlAM8ooAG5QboPuoxnc+4tLu4GXFCJfsHuX0m4/QxAuWTIjVpWHWUNreYcQMTjtZCQbrSQxPttrZXtFs83DU5kDMjoXIjb63MZ1v47rNHWU5nIb9j+r2MhIglnrLhMU4mvBdIsFmbq0RrO6ULWSGtup5ZUWiKUWrcoipTXxQpNHPEl2fyFWqFi6kTioqXcJKGb7NBN+0IHxcoOK1QzLq2mJpkE4AApfU2l/Mfv2xFxdJZ2q8Uq69eDoMYEPy2H+AsPed6d4VnPhEO3ptQbOnK+PyD00zhYH700fAQ9d0CLFL9uUz4qBOCwB90VLjhHmR8V9QxolehPq1R92q5X/zCv4Fcb7xY/52lDMNoIEirhlsTBEYMz/qGDa172tVtERLanTQN/rb33AAB236o7I61Mm1FbXV4EPaCtqKfTm0gAYSa9DhRe05a8hdgTQ==]]></Encrypt>
</xml>


2018-01-01 07:10:15 debug :
------------
String:
account-ticket<xml>
    <AppId><![CDATA[wx7f83e93205d2fd31]]></AppId>
    <Encrypt><![CDATA[rhmiiDOLm/ct0paiGz+iDfJcfzGPNeHZQ17V4snN96BmkzwrmQRObTNrxT7BIphLORLXsLI7jeZrnQk9zJ7EiBaZBe4fi/88v3zInrGdp5GD2J6viNk185fK5LnSuU3Q79mFkgEAfxRnpwSTZppi751qvvB2FdooO1wjP/s0Q4Dc10t1SOs4VmVVBaHQx08TuBKZWd+/fNEh9fCLhPMZCMSla+67xsZJXAjiKmmPKLp1wKOvzBvZh6OQwEpF1zO3kNFLGgrjwNgg+BOxsLcXspwlc+L0O3B+gMFzB3qU3AHKsuVvc00dXzvz5vzn7ReOhBAe5y4QVpHkKOMHGoyu9Bjr0we0kbA3nyYUVyMfq6o9nbA8H4zcfPJsTV5i8nf6lhvoknT4766cf7gwufWJToQNuIouQ6hKJdKDCrR0KtCJuPVNWaLmUO0UavgZ69Ox1YCTt+Y0Bi4ebkFErcs09Q==]]></Encrypt>
</xml>


2018-01-01 07:20:01 debug :
------------
String:
account-ticket<xml>
    <AppId><![CDATA[wx7f83e93205d2fd31]]></AppId>
    <Encrypt><![CDATA[MVdhkTDTtOfhGsnys6d/+IE66Poyn72N60SmIrkmYQGV7mvDw04MB0/jYQXV9mM5x1fcyKCgbTzIdSNYpYcgORoJPd6WrFY8WcKn6IKH29/5GdqFq2EnFq8/mHh2QgraSsH8Gs3e4ACUKjLpfNKpuELPVKBlcd4W5iX/8SjzU8D5aBAR22mdhg+ufdkvM7qgulKG/TxqjsS852yLiWNAweKLkrV4ozM9l2jFarAosWs/N7IJoHSWhEkvq+2yH+4lxtwzckONlVsRVC6baKOJzMz50nXyYUXTfaG4S+BCJnb6LG51Lr/x1wuQ0tyx4/8hz8CmJaz8mst7Zp1OKNMzrp77FlScOX3ACH2i3cbONJnTWh92YWyjc6SGLXIC47MBX05EOw1IV6cuh/HrVG0Lg9mXK7gb110aiR47k8rDIL/6dsv/rePnJA0Hfq1/34Rms30zZDWjs4GIxkoiT3hVjQ==]]></Encrypt>
</xml>


2018-01-01 07:30:05 debug :
------------
String:
account-ticket<xml>
    <AppId><![CDATA[wx7f83e93205d2fd31]]></AppId>
    <Encrypt><![CDATA[tMS13JbhUC6OOylpC9vAoBFsP0xFVSo0CRPw5GLkKlg6KqhWLnkYRabt8ab520frO644r2sstyAo7czYUR1ZrSI2bS9UApEmIJVg8Gw2wWQqePmJlJWUSfmhtNi6LTWXSJyipKiYx5+RjGMm6JmBYH68INq+0aKfzo1DDwjR9CjAmobAm3wqZL44r+/z80F5ArJNmgTZi1b/c937Nr43WGsyYIl/1eJo+G3MxbzJmx/AbS6FB/neyJ410McDO3gYqDDu2q/QRrpxsv6vog874W2vGVegO/1AyxuO6/Gig2cpo8/LWk1hPHVuIAZjkyiapG6uP+FON+5FtcldFeSmxGSBIkvciuBPFJN2f4EfM7xmWmUXEVC6JNisy3pFQPhY3Hj5nSFyBOOX98BWV4E2eXwQrmRqMuEVDL3UXVQfcqEHAzcoAKr4Gef3TgBOO1JqayrDZqcLL6znClcAK8IwHw==]]></Encrypt>
</xml>


2018-01-01 07:40:13 debug :
------------
String:
account-ticket<xml>
    <AppId><![CDATA[wx7f83e93205d2fd31]]></AppId>
    <Encrypt><![CDATA[o7ngs+NdkQ0FYZXfI/SyCZqpwZUo7K8IvM831kHo3/txDcmvvRWZRn85tcItD8lg/rN91eWYVvz6d9e6MTactUH8MVJkzk9/LyMIFJb6ZRBpkjSbTC/8IXHPbBZPjQKgKVjJa+lhLTvYIdypwFxWedCJiNFC6EScmAH750QuD0/ErdB7zya9DptccsCssZ3WcaGbxsxRQG0eVAy0vP/BXmsrhmwLbRyOaRFetKkrmLh1Zs+S6t+pwK5RjI7LCF5FE187tUWA8AfKayWHXGW4FK7LkSrSPSxitf3wpfhTPor6CDaBdd427pl4uwr6Ijo/YiPNdr5uMITqmCVlD+PUtnm2Arcl7xmV+CP5rNferdgIl6QavFnMeBAGc7ISgsPOpOAHN09HNV7PCpttygxyuUesIdIwqkGyyHV4djYVjIcbRnYaj5WHNFy+LPfLhxg8PHTXFYQdArCGH1Xq+C8Uaw==]]></Encrypt>
</xml>


2018-01-01 07:50:08 debug :
------------
String:
account-ticket<xml>
    <AppId><![CDATA[wx7f83e93205d2fd31]]></AppId>
    <Encrypt><![CDATA[xdEhexaVx0+hVIbk+BtSZGaKneRhGO8D6SQBX25DD1l89Bb2ozesCFzZx3zhz18Djv5XKUtXHclaWcYIRgI5k90KMubH/vj92JSh0yzd9enBNMm4J4QJM93wEoitJMjFsCrMg3GIIIV6ypVb+tAR7d39omzDJ66X7FJrUt2deYgtib3Z1xR8WQ1LwbLwHWo74lWHG/dhcKV2MX5iS8eV4C9RzHdbjlLXa7M8O9G1oKQuSeq1887VGRaafIG47YDn7D6CWn8xmnEOYOG2uvVefuDGy8sU9uHCXyxZMkIS9y1QVTGtaZw8jodcI9JrfBA9sRQLuaVtNMg1vFNFIvx/TDiqZSbPgaB6TlYGs7v9rqEEOdIXlejYzt1M9HWPQDCTBVX50nKnjalq5fAsKbzAmCKYa7H+QiGEDikVTSAUJT6Dp3BfXoN7VZmavyTl+xPTA9sp4Q0urFhS4L1Hoe3sWA==]]></Encrypt>
</xml>


2018-01-01 08:00:05 debug :
------------
String:
account-ticket<xml>
    <AppId><![CDATA[wx7f83e93205d2fd31]]></AppId>
    <Encrypt><![CDATA[PZG3UQxzun6iktImycM5pBBVy4fMT7yd8R7EDfM9yMakZSdvq05FJp7/z3KGU/YGVGmXvd3qtG3uiHrYwiX/gWj8vDP3jvcv1zIe1n2m2KbjwXApmoz691GqavXY/PCfVJM3FjZEfNO4KqwGhY180iCrW8Y8xMwrWrR+VtLcyM8cVs7fvCUu7aW70te1X8HUaVdfTd09sEU+eMpzz+DvgfQ1ooLrIeyXLB9nvKBdhPJNDa1mLYfTGgvzAFI6Xl1Uf3+ZFYJbEnNeHd3cOCpsHlEAy/ZWNmFHBN5SgPiALf0q3ciwSNQWckt1nYQD4UyNNV7EW1+rEGeWjUaYaf1wRSgrz+QCKLO71vX+AYXHh4eKiB0Gda3GmZ1b/41OwauqwArfA1uS8a7vJaiuAPmOY+G0kC2YVWDfNgiAkXwaM75qR5JNCfs7/KiSplR5UyrSPrL44kbBvjHN1Mow7pNsPQ==]]></Encrypt>
</xml>


2018-01-01 08:10:17 debug :
------------
String:
account-ticket<xml>
    <AppId><![CDATA[wx7f83e93205d2fd31]]></AppId>
    <Encrypt><![CDATA[8DCyYkiYwl/yKWC4znb6S1P5gFm2a+hJhSNkSZgpmXYtO8EJrNTmHIrzc+drmFVRhxMv7kwFIAsrKXK1xqzHVq5D4MIlZ5mxFd++vZmVS0Op2Y0vxzKgU+JLd/lRIM8Tssta3dYsf6POXZIRFLTdTx+FJPLtE0B7crNBYj6iemSBEDta0S2dtrzL4GYoaz+JqHr/ct/KoOXfhWYkrU3vcoMxbK5n5MCp2Y5y3mzZGszOniT9SAPOh0Ps/bBLAUup8MnIAD+EftVPWLtieuww8fOIirh+KmJPl3CFWhhfnLjxiN2I5vB1c0XjtI8HqaJWvzGM//2zcRLpSsSf/mR+JSeQn+j9nLfGk9RCnd2fHnx/0JqTTUklmwfThGXJTb8epDY1ijhxBYb1aLgotjzeReRVajYraE+Cs4NkU3dprN+8zueanf7voZ9jDFrMigJ8ecNRn3VLM5JMFO2W8Plw3Q==]]></Encrypt>
</xml>


2018-01-01 08:20:15 debug :
------------
String:
account-ticket<xml>
    <AppId><![CDATA[wx7f83e93205d2fd31]]></AppId>
    <Encrypt><![CDATA[9Iy7RSuWO9JUTBnZNmdH94KYGDwSJvsj9UxWJMitLovGRPbA4Sx39DBVRBbCJ1ZsxnhbsJ3WP3SC0kEQ7rsF8wPkZ8PT7fOVkpgVt6oY1WArz/UOeM4dx1N1JICrah0yXEP4JuGHdZVwxitsFVmIqjhkw9tEjdFlX+yf8/vbQ+QoXdxJOR3D9S/p/0MrRgz5OTPH4PR32a7yqiJi/ocSQM7++LCi1f/1ewJX8yNBAuuB/57TM9rj9CjHP6W8ukJGy4//A9orx+8Eyn2yKdjSTxOE9FaGFNAu3IvJva3OVkiXuj3O4H+Xhs8x1PgG6npTT7zSxN5Gzzkzzxym7KvxUkgfh5BSLtPGIWou9jGiA2BwLsFXKPtqmzKA5NXbhqslMM7aib08Xl1SquFqzvLYXvM7ehp68zyKdwRD/myigtuN1KcIeqB24V3J6GDpgXrZBf0DcC42hu1x+1FXPQmfrA==]]></Encrypt>
</xml>


2018-01-01 08:30:14 debug :
------------
String:
account-ticket<xml>
    <AppId><![CDATA[wx7f83e93205d2fd31]]></AppId>
    <Encrypt><![CDATA[AovfXcVX98WiPOuHhST1hvfY/oMRdeMA9oTYfAck7O4FToNLQwL5J4o/vz4OaH+KBTopsTDbaqLxtnKillUxPsRYgjkYOhobfaAfQxwuns6Ez7+zUXvOkfgutfBctIrxYNZR67LDCrvUFdyjTsSvSe4C1Oa1BgCGyyGrppilsl1rrEi9MtPfOCEx6O3+PyWt2WBjYiOZ7KwRHdK6Tfuyn8JnnwFu+dOkqvpEImNL7xuiHw4j9VG7bBLtXLiPIZvk/Xjfs7LKPKOpZQp5xixCDtvQW5wzgcOj8p70LVF6UEV8sOUxkoVZDPUU0lmNVktI/xVhtwWOEjBqla6VJkktD3uZTr2DDsZwCzlIISj4ApIUAVA7DAZX0s52g2gZeK6C6k6LCAaWTjhOFzp/l+RcGc3+KcibsZH00yjzdx7Yq/z4FmUviivVsGBIo6tA4Vrk4QS7c6S1whpOUQw9SxtiKg==]]></Encrypt>
</xml>


2018-01-01 08:40:22 debug :
------------
String:
account-ticket<xml>
    <AppId><![CDATA[wx7f83e93205d2fd31]]></AppId>
    <Encrypt><![CDATA[DQkaJYtLQ9Sr/p2MCSchDYTGPdJHP7tQ6PLCDEtVaiZrMg87BCJJsE/5x6nG/pmNIZeYafmZdYokoLKb/HQtMf3uq9EQKKkbuBUz7YOLl0TKxud+SP+5y8rSwBoMMdjhA3M4Rxf5q0ZvzUJfuTmjAHVwVAJ9Qx3cILdo33Qw7iG/pkViDsQgtNLpBCMobwomdOITFYhOdT/TeXDqtvhzK1I/QV/kfKx6TLw0+SK1uU0etHZl/RA7vI2pEanIuVfzNcZ3Hkt9IlNSJtXz2HlHKvzMiX6hnweQvjmTacumtHAozdABTk7Bf1NBEw78k8lCaYhovFYcBNcVLLvpRTKxbtUR23ZVrFdSio7Ia1f5ow2B8ykk/LOicxCF0DpU+sDNcO/hrwtHNDdaNC2d1YsgX2CQ7KA63pXSD+uhgSx4sWs8MvsdajrmvwNhhHJLix4UU+Oz/NujmxYiaRtPmdDUTQ==]]></Encrypt>
</xml>


2018-01-01 08:50:21 debug :
------------
String:
account-ticket<xml>
    <AppId><![CDATA[wx7f83e93205d2fd31]]></AppId>
    <Encrypt><![CDATA[zMk55Wjiv/qo/ZfA0Weh/8HKIgtHsWesxb60gh77xABo5qGqOmnqiEQ1mTfnPaRB5+TMaQGpNeVuYlgFayvkDQ29Q+yNZepZUkea4aYVkXHxdFqU5rTGd20waEmVHpo7YP0tiWPxvSY2Fy/GeujwjLeWRMhrr8640T17YNxxpI3e6u+IPi4gLQzhnSXIs90Ag8JNl4Mr4VOHEcRrmOvzPVhQJiD4w/io0TLvsPWi1bnChWomS4/ls1/ySfCqwa/COdVapZf452j11G3HLnH4Rz6xal0OamXNDJwIvbZu+O/7Q8R2rI/jxcnV6gkd36nSCxd9P+iTevo0e+8b1/w5Vzdug/z3OmDVa132M/eNeBE3ulVSInAMu3/XNk5S8wjqHAw+c+ZwyGx8VZdHAWkTfFvIJMRxGSJ4ESxtixHkERa04mEhwmCVFxEwspjLagvDncMqZKO8N8BbgJhovDC71A==]]></Encrypt>
</xml>


2018-01-01 09:00:22 debug :
------------
String:
account-ticket<xml>
    <AppId><![CDATA[wx7f83e93205d2fd31]]></AppId>
    <Encrypt><![CDATA[YZOrFWK8YvT0y7u+IeGUqt2dgpgEHFBiQHICU1HK8DF7CVNH9N8bDNYG0MMc4eydofI1N/mAPAnMFeks41T5CdDDtlDA0L3IGArrL25O2+1Oj0Bt9ikjlprVx0qws0S+8/1aB+CNStqo9qGqO49ZsUbM9g1tJ7BPRp/AAOdfpjN6+cTJ68CsC/F/WJPogTt6adY5jQwZYley+7HFlR29wJ+giOP67r1KAPREEA4Tor3E+2Rl/y22gqdQqGtVazLPVx/J40lfGiBVB804e5VSNkNdsgXVGefqwNaMJEORY9QV59GdSE+pcqLIfV5KFz57EaPofssGhaVmqwLQ8lMg34A+PweV3sj2dErXYhnyhvVuoiZ6mdcAN0PY2uI66c6abzHXjIWEfgibMQWilGetzkje1k3pklEG3cOzZSfmYKNeaslyDmKpj12GeMHfeTL81QL27YYqwqFlr4DJQJR0pA==]]></Encrypt>
</xml>


2018-01-01 09:10:45 debug :
------------
String:
account-ticket<xml>
    <AppId><![CDATA[wx7f83e93205d2fd31]]></AppId>
    <Encrypt><![CDATA[2mTbvCKF6I4GSWrbzWgSROz514UP1JCC2n5XcsVJF8oiXHQIj8g7ttfZDSFdTa9yOUUpFtgAP/k9bAZbHRk5zgulSEczwU9QtZDBxls9lkTdw0Sb0B+DbBriwVXKFPikAnavefy2+ngo1IaYfhA1AhRZY4fxvGiyPyExBMRk3piQVx8mMZI3EZl1ymlaID/xa2skIl8s/N8iP3U2olbGmbhkoXmDu54arQFhxPXqlZmBvpCbo9AmYAf8MgEn+nl9lFccVoDBJdNnQVO2HJhIcG0HTx4ZTIVUqBtddsS4fKxPhc2P9Z8h1Euinm3XNWqnYEzrUvTy/S0GWQ8Jo+K/0ZVXyaiwXhxQWdDFVrA9aFTzRGUbFKhl+tUjSg4TETs6GNvLHkjZxLdtHmELHZu8Vdb5g8UZpRAnquRzDoaO0CTAuOKqUhq/1FufcnW8mJIjs0QUkqE29OouZZOn7vHiMw==]]></Encrypt>
</xml>


2018-01-01 09:20:41 debug :
------------
String:
account-ticket<xml>
    <AppId><![CDATA[wx7f83e93205d2fd31]]></AppId>
    <Encrypt><![CDATA[NUB0Iuqh+6n95i6vsEApssrZcCFrfynv58hbfStizJlo0sGb9FxKMC+256/F7ZlenqYzx+z3U7zdIILez30U5fqomDv3hyuvE2UsD4iMlhLcYY38sbCFliMnxtSSc4+bEHP3JNVlNiJCRBd5UGDgp1d0SoLLhbK/wybhmC85ch+SUcUMZF14ftBmAxl4Ry5fp0k6ZONRXT4jWQtbSETUE54qw/VY/y4gj2wPf+d+26Q1BaF+kX2I1XjV7NDenkq7tSApeKK2kDzPHuTFdAJguUot13L9rPmmCgIA+KLOKpKRkUbMXMRnu2HBu8+DBPkxePK6DVLww5qsRHZGOAM/wFFFmepYh3icpDDQRkClbusTNxuTZz8+eVSQF4rPw0d9YHPAMPnHEqvVUTXHcwzeWy/+4Ewln+o/TQhlC14EZIkC7icMllmDw2KPclL/IvoRO3+ECSX8rR7eAdJ1KBk9LA==]]></Encrypt>
</xml>


2018-01-01 09:30:40 debug :
------------
String:
account-ticket<xml>
    <AppId><![CDATA[wx7f83e93205d2fd31]]></AppId>
    <Encrypt><![CDATA[SOoiv7kvMggm7YUOTNN2jn6oxblm54LIuBn/UCMHXaB03+7MQ02DMZHiSzVQbG9SXnIgCabllgwMvDpOLfUjHUocOAWBLqOzkI9gPCbk+qa5q0vGwfxIW5SNz7kcM1dVH+utC3SY1lKfcgxEeeZrKkfYa0O2LNQaO36wR11MhLUCXOYO5VmwITeTuykitXFAeR3wfK1qR+4qQf8vjdShWaJpisLHjExVzB5f/DUSkviLTVRNzskq844zQRbnHrU3IqkLO6admJt8OMABgCPweAG6TgOxU2TrxaTwOSxppwe5cqj/d3/8/jhSZl+jTYErZ4jbrudGjwZd9WFRQm3VAVyeW9f/z8SisPaAN4wpU8jj4hlpRiwVCXnjCggT9i9S2t6REKiiwiKiSbVU6dMmlbLrFyltKvoUMVte3PyS39sJ7kzabzYTxqAVGa0wTDaNUHNNWXYK5WZqqF206w27YQ==]]></Encrypt>
</xml>


2018-01-01 09:40:42 debug :
------------
String:
account-ticket<xml>
    <AppId><![CDATA[wx7f83e93205d2fd31]]></AppId>
    <Encrypt><![CDATA[3ZauAnxlQSHRxNzZOCVGTn6gsF1VZNeflxW9YrxwKb2BiSVj8yDZQ6igWfltT5HRkq5VkTDCzN/xyZg+TGBIO+2wpYQg5CZ6rrZokbOuEiA+bnkt8JtVgAYSslwKeEWAb6JMEIC4L7WMonWisD9A3VtAnrv2eDZbGvXlUU/lqnrgUnRYp28LFdb1w4/66xtfR0CE6e8s5bGFQvzWJ5x3h2f6Zolje24754fhWgNowgutwPDHfKZvWgQ7FrdyGHEEtFArmwYv+gnObo6Sxf+tcqD8gTI0GzPbUj9GXsFCGDiwzb9SYFrRuRVeeGOqCVpGgz3V02jg8eH/NK+U6UbolnTYS1C6lJcEbSsENOVR2A5gWRsH75jjPYCV4Ej+44Tt1ZHZbsCawKa1Tg3wmXiNcfMhVPMVFw/v9ZB5/1o//isPQCRk7jdASLEoOGBTi8gEgFqLGFRD2Bvq3YjPVtmIEQ==]]></Encrypt>
</xml>


2018-01-01 09:50:37 debug :
------------
String:
account-ticket<xml>
    <AppId><![CDATA[wx7f83e93205d2fd31]]></AppId>
    <Encrypt><![CDATA[a5ZeqVBdwZVhF1bDDt6IeK4S738rKgI3zwG5MK6kBAUST3YgbeykGBwAAHgejOkvsNUwoPBgdT0r4QzlVKcheFCOMUI1B2397P5RGl21ipq4qZzT4d+Wl8rlkPX0CjKMjd+PpwE8PDx6CrEkwMgnlIWQrfnzklDRIqb0k72spR1bp4CQjVfHdexdbro95d8cxvpOUarz+bld1nVhx9fyvF/R4m6zSkqDTI3zBdubhPSv0cP9JjW0Ed7VxfVsX/ZcAqf13oGzXcwsiv1NIDF5KIWt36kAYZiisFurSNpO9/RXNhO4SXP3K8YlybpHpId36vz4QbZO9rvu5HRhTGmG53OY3K0Xq7hEczf4VFy8DhtYy7Riaxj09f+l2UwtDw7tF+Vaq5BlBdvHxI7ujns53Pelah5L92b8CJ49peOj9LXCZOcv4spJjJV8IHECBmg+XPbXvNJzdyabCJSkqEvQ+Q==]]></Encrypt>
</xml>


2018-01-01 10:00:42 debug :
------------
String:
account-ticket<xml>
    <AppId><![CDATA[wx7f83e93205d2fd31]]></AppId>
    <Encrypt><![CDATA[HXwlymUiUoVTQ7qLjKGuRpLwzQgsxGOz1rUrkyDFXcKI0uVivLZ2F4Md0d9ox+rTRnzI5WtrhHg/EbxHPUvVuVx3KhOyVffHZaeDBLnoO/FKL7dfZ0Bk9YP8aDtx1rV7bPhgTN95L/tNRWdERgtpyhIv3QT++b5oAnYaQHlXbkybR4LKxq4M33KCQU02xfe0qyHqIk+2zzZAEYGLcrc9KXPQHZ+V4f/WaJRy/CZXufulap/iMXNxnrGvwYZhd9H4SC4a9YPjdEqF9dAyZqUouy7PDCfu1At3s24v16FnKVUnDEsCyizF55CBhUYSHy50ZBQ93j/ozPWLunLy06MW9MUWzvzgWfG19+p8HPVmK4jS8vKedwMCj/44VV/yYqWEYBzohpC39ZZHE8jInjZzR/wYSHMIhkAk6UKbmxEWDv7YFd/t+ZsTBAvmCTz+hvmopOTKJHClqz9AxZ+kXd/Dpg==]]></Encrypt>
</xml>


2018-01-01 10:10:59 debug :
------------
String:
account-ticket<xml>
    <AppId><![CDATA[wx7f83e93205d2fd31]]></AppId>
    <Encrypt><![CDATA[wZryCsKC04BhRCjkmmbdFcPPvhevd6/waEdTzsKauSKIWpbDXTCyakpx74W/K+L4LOOSckt6RWK8Z2Antqlzy4dXHim1NhVHL/4jERp2ZLhaAbYdxlj5pQDLBw43QdfzSXPV9xrD2+dVIzcSnGe9VOWQeSilXtuQKIu3uUqGC433kl23wgIEU0Gh0BfdyySb3E0+B6Fq880tqXU+Gb+xYzgU0xHkD8rmqz8TYl4quz3k3EMQjCB9URMpp54tcer/IyUxpggf7GDMmji5sCl9F1qy/HnUXD48BY10nhMTM4cbTvmMzysW4CrKdTjH6/Go7v3qgscwYUd1z+F5x8d8vIxjsjw4Hp3HF3QECrWB6OSjM7hwHh9QXKSQtoXwGe2fFJPkB5NcN43j9zUASJCERKfrANHw0VjsTRX9+PFMzqCcCFJfdt8HfmQt/vuw84AvFVH9d0s1xWJdGTbw8B7pWw==]]></Encrypt>
</xml>


2018-01-01 10:20:49 debug :
------------
String:
account-ticket<xml>
    <AppId><![CDATA[wx7f83e93205d2fd31]]></AppId>
    <Encrypt><![CDATA[PZd45PtKUE8q99gA4dgBorQ/ViTJPWbmO/OnynxeG98c8daGMSXyDPm7HsQqbmVSRtlBOcpqFOo0raWPPs3ngQvJscDEw+JngLWOg1c1XdcHwbhvdilzW1LrUyETp67scye12VCzbymXdC2TI1ilLmygYbx+6AW7PO9Dub+ZDT9gnAke+IdHbAlfLFZjFpZBXTAWQTn1pPA+GteqHnxupXsMRixDU0/FuvQoaMt970cPXgtvI2L1/Y5iiqF/EBi7DWljBPzgpCw0bilBZGxUjmH55WBC/faz+HYeQsQPmEjkze+oGWF1IyUE15Muc7nop9CFWEPePxDEgRseeLyTDvP5GTq9emQ92DCM2yHEwjlwZTuT/FLILzYgvX1FQJvGJbnoDCHgaPrr0cETPQiZDx1GZGPbyNtjN58/lYYteZSEYdyEhMfxfmLzhVyaOoZQC2AsXh4jpegAk5lQ7nQ2Qg==]]></Encrypt>
</xml>


2018-01-01 10:30:45 debug :
------------
String:
account-ticket<xml>
    <AppId><![CDATA[wx7f83e93205d2fd31]]></AppId>
    <Encrypt><![CDATA[JswJK3vKu5BTm+AufQ+jHjaUwIbt4fl4xJpf5l+hg8wsOqQLfcGOeujbuhqowed50bWsIBMLfcz6DbnCNYsxhEQkSgS0hmq+cdYUtkJzNCZBA1rZWi2XzjinjpBbRz+TbVVRwDD6T1SY0IK0tgBPXS823+XX/Nxqe7xlIhtwsJDv37NvGLyZsKhtj5uWBZ9BqWfSvK7cgPWaPt0nN2vLc4DGQtTv22fxesUREtvQe8tL6547TwrLWs7GCY7iACDeeslzaRDgfUnbe9U/x5HSVCEMh8282ntKWQs/i3bFWKyPT6Jf2F6SGQDLEyKbMN0Ps8VuTN0Lfwi9rw4M/l7iqxYazemDrbXOvhYz4GzJ6Yu+/cntXSWAwfNw1gM4991VXX+e7rDLlzlurAepTyPeO9LJRvJE7T/yHf3irIp2yO4OFHJnbZ5DgC1bkWUWSDdO5HWwcDrjUmNWAtFbmbg6vw==]]></Encrypt>
</xml>


2018-01-01 10:40:58 debug :
------------
String:
account-ticket<xml>
    <AppId><![CDATA[wx7f83e93205d2fd31]]></AppId>
    <Encrypt><![CDATA[jxtOw0hL23PIbITiJzAHLmKCMS/Gv79OyXcDPutCHwz2zZU2O09Z6LmE/d/WniOZChkzmQud0REduBY5H2dktvhvUKmXuDCVoal6iGJTQ28yCjwW7pb7YWgwFARrRuVKdA3bMyuaLCThMfeApTXbnvg8ojddZIf51rNv6nl5+3RG9ViexYtpbgVLN1+r/ithvDD1KDfNsRhXCONNmzySlHMcTv3nzOzZFTwvEQ+oazpG8FpoAxQ+s0oIoO7mihx8+6KAS5H54Hn2AzW3v0iuq9RSvXTHd9qBquLFLr+aZmKHAEbO/Zm5inlm84irD+gBBynOOKKjF9P3ipMy5EQgtZ/euChuABuPI/x/sxd1ebrZdu2+Y3jjXcDQD2yYv6z/EuHfcVyo+W1NQ5DRAUOfP7SZP38dkd7BzpQkIr+PnX/LW2BdXWjYwZplh1E5+bfS9rKhlcqtJLKuWbAArQ/lSg==]]></Encrypt>
</xml>


2018-01-01 10:50:55 debug :
------------
String:
account-ticket<xml>
    <AppId><![CDATA[wx7f83e93205d2fd31]]></AppId>
    <Encrypt><![CDATA[wGHWeObjDzeyojZwofTCh1X0mVE40IMNgbLwkLhSr3TkNKHrOc3kfz19s7ZthxfMZBJZCHdX0dJ/mkXSkDTTbXlIq8CtpoxZRQn4nFIT9utKXIU+Xa/FScxanus7vPfJ9T0cPA8M5mr5fv6hU3et3cR8ZArwjkKqUP7b9vOrABs/u88VX4HHPyE3pLuw/zc88NAAYLUzItBC+9h3xpwcDKnVO9ICmLHYeqDJR10osiNdGUFuqvTk/VDb1q1xUlkDQxYBx0OOIN5QbW0kNrg7fIay3cjaU+kMKPQDWwPlxRnhsc9TQGL7To8MiMI1AZ+HYkymqlP/t6zWYcsV4fTpLS5qiUoCZ3eIE3YpCdDfptbr6ygeIKTVaA/3kj0lOFWqcWxoIO/pdfm/TjIEj5jAUW+KOKIwSaG5Y17zS4KDmZlzkvYwJd34bf5pvLtruojH5/IHAsA3J+R1uT47muy0YA==]]></Encrypt>
</xml>


2018-01-01 11:00:55 debug :
------------
String:
account-ticket<xml>
    <AppId><![CDATA[wx7f83e93205d2fd31]]></AppId>
    <Encrypt><![CDATA[1tixIem0SjjxMnzSkOMvJ70TyghEnhfBXLEOflyHWEY6HBtiu2clTLRPGNgIIFs/2C669d+aNh/vcxrH6YN+sw3ztCkcuD30QJ9tTjoIPPW6RMW+mk8Bg1kWGK2QrEu3vApLNH2NN0oGd1PnO9SuE8zk8lU0M/zN951lLA2cZzxfr88b0oyb3dOqDCxTs/JbEoj0fxdTCPOzk/KsrB8B0mbimdR9BfGNnlhValxrFWnn68bE70ewguMMWOPjw8bkwJhbMbvCIVyBcJu1/WKnGI+pGOp6Ggga8WHf/ICJNjpB45/6HkPi3Buv3CmxZSh7eoHaBoulneaXCvWHv9T5G9Kt2S6/fvUOAsgYtLUGtWQKxXS5+4vs8BgWDQ5SlgiAOUqCY6HQ8ZuQ5MLEhBeiLdSMmIFzPKsDalXy0pNLRjSUJnZTAdjS1W89DHQQD4I98LGvAvZP4hZ7KGyuzyOpVw==]]></Encrypt>
</xml>


2018-01-01 11:11:02 debug :
------------
String:
account-ticket<xml>
    <AppId><![CDATA[wx7f83e93205d2fd31]]></AppId>
    <Encrypt><![CDATA[cVLQyf8F1RxakUjuHeBHERBjKqlyx7nila+YB5N9ezHAQ4a5ipmzcI2AZys95lcw5KjdDEbyLlaoWqK6hGAvXwmd2H34oFzaS216cXbQoOSAyo4/YUrj2bYvZrDpmqFeG94E4d8sduPYgBue9ZYJ4hdg49SdLwaBZiJZZo7GR54KqPvJHL2bNbJvYW/7SYwLqEF3eiX0OkFzm+aXHx5LLuq0d90Yh7Degpl43pKWsB3RTyNCz8WR6qpBey9SHOEaIuelo9W/B/RyYbRVV3ONEKkwenfvXYsP/smYQ8+KYZznYBFZtf4Yzgt8f7mAcVs/tiyGKytKJT4JW36AKs8s0s58kL8TCyhsTmz3gZk0Sgi9Gi6tS0rytIR54SNzcYP/p8etN5ZwTwrN3c5+OTXoaztg5qTeQN2z8F2GdkrljDY0Xe+A3RAMjFset58isuN/d0SfDd+1J0Npx9Gf5syYDQ==]]></Encrypt>
</xml>


2018-01-01 11:20:55 debug :
------------
String:
account-ticket<xml>
    <AppId><![CDATA[wx7f83e93205d2fd31]]></AppId>
    <Encrypt><![CDATA[n7mB6Q9gTsG6dSfFs+Ns2dodrXil1qvRviyPlCYlxO8mdf2S8cTF2tpQE9WXbZkSBr5csuQj3sjZbahJAsijeXJ03A5Yq/Hg4GreMfDk9Ps+yV3Bi+1Zkhr+Y376q+EGecMK7ozb5kMEm62WpccSR1RK3zQxfvW656gaIxO7EALUKeuRtONkzWLgLxKjli+Lnl1kL9vBG10Q8KZlcOs/siZWHSxL8B1aQwzk3IITBlE4ONn8QfRbzV3NtHscWM0cCdB0IzITIZmrARUiqDHR89I3EEq+ZuV7Bq8sjIC1RrwUFt8zQCFp6WLBIGIk3DpO9v6M5dmkW7NsJ9hIrYIICryg3fSGVfaknEVLeOYeJu71txIPrklPXBzhFFEB2B1fbbpTcvr6AVZfvZmXb9OcqwzGZMTImEnle4lmfZDLSudF3eYigavBk/cYq/G26TycfXLWetK2ExlsTZvxq+JGlw==]]></Encrypt>
</xml>


2018-01-01 11:30:55 debug :
------------
String:
account-ticket<xml>
    <AppId><![CDATA[wx7f83e93205d2fd31]]></AppId>
    <Encrypt><![CDATA[ace7lP+SkeN5SyUqBy/lLlsHrHVCQ4lOjHegEZCZtLJMn2P9D0DV2JQts1VmVVKoSOmVVGzoRwKiSlAd8knKvyI790sRkzXYkWfe7UkZLIfP+v4z2j2j8WzvAomBtN17ijGYAd4xsjGadTwfMMtOasZbV3sdPnHFDlo1onP3qbxSuD/JTMwz/qVQchbvtBRdUNsRoGLqDvK1Ty1IHZfS6CIJGqUfnGFdweMKW56kww+oLu6aURAlVAKx9RPaz1DggN6o9dD8cce32u7DMx6Uo1Q0sY8EzMK10Rj2qqvxDIs6lc6J5AiCnp8OZ8wdL1BglB60JmS2Fxl0UP/5a7OFAtIrR7t3ZrVco15JJYCXr+x5x9pDfJ7tSWcpics7vlGHRfNts13iCaBVicG58Vb7ChMmP8g1Yg9r52bzHVoV2U3vYoPfFBji1BMBQ4kzqwRTbamZ2lhvyHfU7lZEvL20jA==]]></Encrypt>
</xml>


2018-01-01 11:40:55 debug :
------------
String:
account-ticket<xml>
    <AppId><![CDATA[wx7f83e93205d2fd31]]></AppId>
    <Encrypt><![CDATA[mYV3IpR0NZ91Y4jofF09x6ddrqdF5APoYhB+vuA1rC1+4I3KY0Es2xsi+NmIuCzIKjFD9IzPbwDIvb0fD+hd1M9v2Wn2m3kQe84StixjKoaDbnECEQFwd91q3t/B1Uxo7MXxaGx2slW5wGq87vMVay4Lg5hjNtR52e62ySsz0wKt0yewh8mpJrmhnaN+oa+g+wiEDrob0gIRwBFAOYfK8UWWTQRqb50cgFCqMxyZxuhmYwtCNSeeH3X724QG8ADVXd6cwLBqd+M+r28apDHSst1tPKI24iLhCPVypTPsLHJuNuhdQjf311XnR+ZpFDC5WwoGISOg3/SBepk6hl1vg9fvPmCIDsZwsx1dEcjQccxTz+e/SqcMKVcTDdNXuflxzbsylHi7P8mciByUXnCgS9JK3a3LuBhiUpnq84It8bkUtVCo/RylMd1trJETiaCDM4bmiClgeYBP0N9FncKLXQ==]]></Encrypt>
</xml>


2018-01-01 11:50:50 debug :
------------
String:
account-ticket<xml>
    <AppId><![CDATA[wx7f83e93205d2fd31]]></AppId>
    <Encrypt><![CDATA[UFpVjZPLp9qAUfSQ4wxlcKpyoLRrMr+aZVxTU2p7Umji5dYHSuT12vDWs76uclPRlyvY02lomDepTZOgtOWQzP6Npq3FQRu04B2EpymskimiDoBawwRJiTelFfiEis4WGj4Ipu9urhheYLbApeVHb9EqX9Xw1VZ9BDBPFLId1HmHoES+sUmuEsXlyHnqXBHeh7F3OQYOhzq2yxuGqzcYL3nQLXhiqMIzrIzvDaeRa8sm4463WUi/0hDIOnYAKP3zL6maWe3smDUpOuqpI+1LLVHRlr2wJBzEYZBDXv95UELZmXkmxlGK9CLvMegenzjtQTLHqD7BNmTWVkkdapDwr25ee2/5FM1J+j/OBlFamoCV8ihwAUa0L0ctlcps8D/Letx4R2u2r4+zYy8rcsMj9/zAX2EcQwXXi5sXAZz6ERby3AAee0g4TorRv1qia51lznmHPCYBC8Cpj5I17XAxyw==]]></Encrypt>
</xml>


2018-01-01 12:00:44 debug :
------------
String:
account-ticket<xml>
    <AppId><![CDATA[wx7f83e93205d2fd31]]></AppId>
    <Encrypt><![CDATA[AGuoIb/DKghBgCUDL/Q2MG3UQ5ZbMSYEVdq/OiE85G18jeNlDef8DU9xwQv/b/Hvvp7GBE3I4dkNX+UOV+3F+RHzEJ/JWSADf165XIYodQoLoc0nGRiCFBab5swreztsd4NVVSvakk+e4HXF6T9UK8hzvSxEAT0Prac9qc5SORDpTJ55X19MKGs7JFoo6hYq/lb00CCCiG/ypm5VKAAOWwGcHqqTY/HKyOIjgXPRMiXI0+LaLeni64zwywo3S2MTWpaFGGKoxuIgqSPnA71PsJNVQtt/wz8Hh7lwwH6AHsJjGYt87rQvxE423SvocPdDiBeA29A67fkdaSIOEi5DAER+FBSe1HNYoRSFx3/J72RC/6eGsNj4qMRtgnu2Z5HZ7vodlzcp7p0122vHLuuRCYWas6Q/WVMYNDFdkacqS9alr2ccvtsLFrx81bks/4Yd7rko7DZT52gPmx5n/9xnsA==]]></Encrypt>
</xml>


2018-01-01 12:11:04 debug :
------------
String:
account-ticket<xml>
    <AppId><![CDATA[wx7f83e93205d2fd31]]></AppId>
    <Encrypt><![CDATA[Cjr8musKXXgTrqp1si0dUdTQ1IH9sDfRyNwONQ3XNF1BANbp9/I1W3W4UU22zvXgQ+eAt8xWnYLS4obG8iCeHbeAV7O3x/5xilZrWJVcouhf3IxCsnBv5MJDTEsqlT5EECzE8vAb/UgJ/pgncV4p2e4bSosKGk3BoXSADGpeyjz9gt3FK0tVoy0GSGqh2rthuu3IdPSj+7AJHBiZum4OkyMsOZkGtpf7WSDu9n88tNo04750D8eXMQYcnxYOuwpJuNuuD8vwfYLcWKD5sMf/cTY3gSKqwF5NvdvfU5zcYg9UG2fcXWoNy+XjAst6DS6XXhX6joEdN9Osn/eOtnAARYGvBKusd1Ts3FuGTP8iTqh2WKVh7uF+iIbrc23YkxHa7zEyxf1rCfo93hFVglAfo5hZRersxhNnH207xbjU1vJyg+4O8gc5tr8vbxDwYaQwvQneI45jOPzB33zFjnLupw==]]></Encrypt>
</xml>


2018-01-01 12:20:50 debug :
------------
String:
account-ticket<xml>
    <AppId><![CDATA[wx7f83e93205d2fd31]]></AppId>
    <Encrypt><![CDATA[WRy+BMU1a1+XO4eDErEXLOYRzODg3YUy4LMGxZ3kVBh4oy9bKqgA0cFd+XBCbHIzWhXRg6v0QzNFdhJtS4YdkvjJTHTsjI+R7ikb+4/9C7JwloOITry9tyWIgWX5n4Pl9txHj/lZflHoIe/NZWhm7KOdPsg6qsnGXdtMF3oYaGRD/5A7pC6fQ31hdlEtuUVqUIkCcfUVk/ySp7On5h+rdnV2BNU7z/nqRud/WcOsg4h7Vin4/4Rpr9E63UEbZIZGxoAA9OqNfOrMj129EeygSSKjrvJOYQILRg1k/7R6y3I6Kx2n/vyvqTsj7Piky4AHkflwnGgOWLJL/AVMX5H1Xrnw86BuYN4UWQk1FGxGw1kD/6q1gras2k049rLLxpthx0b6bjF+lIACfRzOEsaoCtXYpjgEp5wDZXdQkHCoe5y52EjCvEgD7J/zy3zzBR8N3rTKQAM7oAJhNPoSi8AnvA==]]></Encrypt>
</xml>


2018-01-01 12:30:47 debug :
------------
String:
account-ticket<xml>
    <AppId><![CDATA[wx7f83e93205d2fd31]]></AppId>
    <Encrypt><![CDATA[Qf5swCIsdZmXO8oAO3spysT6KssgisprO9maTXVmi5ctQbBsJXOFQFywa8Q/yzqkrA0V4lTkWBMiHhaBvsvgOdMwE7/tfPIHgIoj5DI85Rmv5AwTi6vl7YiiuCKjNCivu2XPb9rjM2UVpiwl72h3dO8FsNKTKtCPa5cuTBIr6POcYom0cHrX02J4RW1zRGVauYUWnFJj1Yd+hzNacCcuok8fg2E4skWGh4m6M8dfOAM2M9LUqZTDDbPu6hcW0RQdIC9yz8e73MigvS/TFbCO2xJF70+ELe0xwKQEicV5eqqEpOCq5hRzmloaaqEPJxxgLq7a7szGAxu1fAN0pxr4/skue+W/druS/vf91eDsaoMJx5TIPm6BEbbAnIBTnfJyAONNdU0yVYRT9xfmRU/BXFbThDa/H6eTQOKmxVZGMwUMOKsJQSVIsHLBIHCeGJKeCV2wbn17a3Jkyh88/6ffpQ==]]></Encrypt>
</xml>


2018-01-01 12:40:49 debug :
------------
String:
account-ticket<xml>
    <AppId><![CDATA[wx7f83e93205d2fd31]]></AppId>
    <Encrypt><![CDATA[k9U2t3I0i2OPLit+YyxTQzL2riLYCBiQEZ2ShyzNdlXK6UlLJVpL5gB7+jvTR+EmoEQYjfwIq0h0Tpu66RnazXR7fhoCdXPAvDyNUKs0JdJdaKzG0WepDo0ZGOR7gikDHAWdHYLHhQKAAhDmpdeFVZ/M0/VILlHc214qmeLWCwUwqmKVtzqy/nVTOZtBvxXUQTYl7C0YbXZdm3tMmFkfnWH0hzDbqYt69gX8NSPWR/lxVYDmFTYHTBzU7C3S1/2lrcTr3iAgu+zHdJVcFTMXEDHyY79LG3bETJ3ljIlc10Li4YumxbjShSW48CUpT0FycF6Bc8iGPA9d6e6To5+u86J0HrUfuecJ3U//1B15aJNZq1+kpLJKl9pLHfZsuZsIsc7pRIu1bxrHfgdj5lVra4+LFNU2KEx9wa8hDxNrgNImD0npJb6j/g+N+ScEiFzT7k7Lp9a6NfZAxbep6w9mgg==]]></Encrypt>
</xml>


2018-01-01 12:50:44 debug :
------------
String:
account-ticket<xml>
    <AppId><![CDATA[wx7f83e93205d2fd31]]></AppId>
    <Encrypt><![CDATA[TZmLuninqM83bMxROcBRYGDYPhPz2Bd6V+BQYSpuvd44U4cgCoIpD0Nwt3JkuKcHDJ1QwA69D2SbGsFSiuamQjNhmxsVECPpniTab0BmaO3+cNtppDHSc2XlKZLjwEbN/Zdkhco/qHIf4exoe85gdEYp1i8a/cXY8h0HUpAMwV6iX9CgoNgEz7h3R7EXf5FCWoqHvE/An6wV06aq+mZYDrp89n9Qf8vh9ALCd0xogLxtU+G/yLnl5fqyada07O0Uj+3XEJVtxNdccBT6y1yn5l3oKNCh9qXmG/azfDjtVH+TUExF2IgPQyMoBEPRnFiAUbUyS01udo95dJ1pn0WMiqiFRRMwalrXdROIBdZUcHTQCKSlhH9nA87mas4AJZwEJiicqLPaNpS7Om+rMULsEN/ydW/8G2dEExKeuBcq2sEyEzznrr72N+fO6DvdkZEEnXBBalLpFzH7u1uKTrMdPg==]]></Encrypt>
</xml>


2018-01-01 13:00:48 debug :
------------
String:
account-ticket<xml>
    <AppId><![CDATA[wx7f83e93205d2fd31]]></AppId>
    <Encrypt><![CDATA[mikr3aLHbe9I1WI2s2RcGbVu78UD9Dvw/qGEyyEQ+Gw/kIub4G1jprljri4NgmrrH8d1gioC3WmmmcID5c5njcCUdjQVjeX5xP8VA0Ua2iislIv29GRz4u9fB5PAm1DEeyzveIAVupTDvrOErGwJH6itRxobZ/NdfecwuEHBHJq997ZbiOjrBz8YfVAEHkjuYYZjECyOjbeoavvet44Kdz6BfZwtNVsNcOcqs+nA8NGyoBTDqnaJBhKmeZSET2+AEQFGLFyk2oE9Zlmd9WCt2L0kkslNUvhLaxbWqc4pOnkTL5A9r0ZiBikFSvP2/nnCAXjmF4nDOTxGqZahJ2QYp1SbjWXxcJ0WTNSTA6g5vjlh0J4gEQ9HKZbP+gpLWJS9rRF9IxRVnh3uIFKUQxjbeX/7/MTo1xgmcCVtoYQnhdZOJ736rxorit3oyPWEieIU0tI9qluVa3gG2j74FABRoQ==]]></Encrypt>
</xml>


2018-01-01 13:10:48 debug :
------------
String:
account-ticket<xml>
    <AppId><![CDATA[wx7f83e93205d2fd31]]></AppId>
    <Encrypt><![CDATA[18bFklLh555s2zbHSq1G8kdzAos3Z0orV1FNIVBahBoPHPYGanM9WN2UHi1G9spSLGyz2ptRezE1h1QNXtVBG1VI/61pckWIOjfEBbHtzcrcZ/Y0HIWB+O1RwMcN3wd+5oqD21jJJ4EasMZEyaKNRYeaRzHYJh4rgrHL/fAX1ebuLuk961f2nvjM1QeDwDa7RHPrvk/KixVecsQnYGncM9MRdGKcd5VAbg7UhQLdXRcsuoBStySo9uew7FkwaCorR2RSPvYg1ttqjqSZOmlIhZGKwniTZfqg0FkNgJ91W+rmZNoxbzQnztn7NHjaWJ02skTxCB1UIAp2WuXlnz2vEIsFWAxPb9eHdsVKPDRvSbM86IFU5f867hU/GfLgWUDsp0OUtvH5BsEJE4FGAmLpFwcPp4Ckn9lIsYYqBQl62sTT+aNwJfBdKS5PJlmcIDc6ppnZHn6xNrgTOw21BoJQNQ==]]></Encrypt>
</xml>


2018-01-01 13:20:45 debug :
------------
String:
account-ticket<xml>
    <AppId><![CDATA[wx7f83e93205d2fd31]]></AppId>
    <Encrypt><![CDATA[uz5YBcq1BexGq7lCrm8iSOvG4Be9UaaYQ81tg7DfR681m4/0G4sXKYYoPL073iwGza04HHrmBgTKEC3ohbPqIFZTU8qMfUgs0oLMQ9NmhovC7Ftge8isHuChg0WlrcFVk5++aT19yMljyzd25AQp9/9OM07d1VhlET8pH4as+gSfM8GFuYo0iNPKCw98wb1+4KkMOohr9pSbXWnedKeNgEcMGk6TWY0QyRIvjOCvNPrXdZ2/BCvHP34diz0qR3toMiV8eL8FEHVnFlFGmhrAv8VbxAwOsfq/pZQY66My6YME56mfs0xv2/2Ti9Cs13gBNEoocLU9PZOkedtyDnMObTwNmDs5BZJ+SU0LJAkJT48V1FQeRIyWTxixAn0Z/Rrm3TxZuPD6X0uvqDidQT/dLMKIdiWRUXI6ajt0VlxzNxWptrNlCzwCiZsdTZB5OaBnDmcX0vPBOan6d/e3sUDm/Q==]]></Encrypt>
</xml>


2018-01-01 13:30:43 debug :
------------
String:
account-ticket<xml>
    <AppId><![CDATA[wx7f83e93205d2fd31]]></AppId>
    <Encrypt><![CDATA[wXDzNde+lW9AMsd/K3+Q7AaS7PT3rXbv+0ewHns746KR+IKinK3BMi84E2WfXjrJw6RYqTKO8ttRXR8C1nGdVg00Rur2lvynLPKrv5g6d5AN//vRaNo5AzxDxVnv/IfK67XNbu3KvwJH9/YsX0MJCWYjJUWafbeTDtmU+6BZBRvUA5ou/qxB7oWygA6lSmkLcaUxYhY80EezuO41uoRRg6ZsZAIsOSa55UB86Yc3ogbQUVu03DHCOH6m9m6IFxbnfcZlttf2wkWotjxPH64E9MO0KyoNekVAfqcrfMrF+fWZwaSJ3sWrZQnzhrZSI11g4c3QapwDG1CnhnMw0RgP7bNDCirLZWhh6dJ6nB/pmf3QUSD0j/XoGIGBm0Mc6l6WIVC8qpxH1kDm2uo6R24MR9XZRvyfbRnGGLJ6fyUz4dtYYjccsBYCw0o5kYYgdXJZC5Vw64ydYV0jNjivZLvZTg==]]></Encrypt>
</xml>


2018-01-01 13:40:39 debug :
------------
String:
account-ticket<xml>
    <AppId><![CDATA[wx7f83e93205d2fd31]]></AppId>
    <Encrypt><![CDATA[t6xHtL/qJsefVQOOXS0SR8NQ/NEUYsbVRctow94V7IxzQ7nyB0B1+89ZltIeDPVgZAcexJslf09yKvLtqYyYF4g8uzcNRfNlkvJndW1tl8uFWL3lBv44SLr4n572MOG/jo/CY5MG3UOIuUoVO8Rwu8V25Smv23jJmb9XN8JQHK6KIBv20p+2TkW6i23MNwOtM5nKSFxEzKfNcn943nF0YmbtxAlrWTmUGi6JkpUMnAbpB2f3n8q43FSrhcxzbqyv7EmvDhmHuFtPjAlmVs1PZ3H68X0NSGGx0vs4d50gVUmbZJYUoCEmzdU8+OnUN5ords3vuRJc/EARHnUMYEHO90I3m2Ulz+gj0j9gPnjsmL2eYvDVrYq6W12Dqa3SMk00n0PzQGqi5sXjIPVyqcnLLT+Qc4m+Jn3KOyBSraUw3aC6mbPkEf0jESFrZB2EQOcJvUmQyrmaRf47P/H3yTRaZA==]]></Encrypt>
</xml>


2018-01-01 13:50:38 debug :
------------
String:
account-ticket<xml>
    <AppId><![CDATA[wx7f83e93205d2fd31]]></AppId>
    <Encrypt><![CDATA[pmXMTycZ3B+UQX/95Y+b4QCySm1teyoEMdNS7XvIDjaHR1vNKQ7W8taWMG+CK4Iv/HlfiF/pbRD9tfYJmKB9QSMIpVU9xoQRgzdWsg5Rew9vTvmGf94vu574qP7QcjNSIdYY4n3HWTlMiYwyas3HGda/PWL051dncuLSDbl6gJAFYDd8/d0O/kRJ26TSTcie2s7drnYG1HkkOyJUlUh/aIUiMeDRZtcV6az7kRy3PCLoNxuW8C1Lr/TTrCI1i+raDUBWYpFhWDV3E1gEkRtkGmDSHWJQoS54EezJQSp2SDgefsJH6HPE6bKh97jJYx7Cu2ljIVzKSfanya26zu9o+yGbrwutEeY7qOENSJOo1tr5I4dCGfFqbVu4Tt6xNZ5thV4BROI0/aZkQdQe47/JkeYBzV/RYyLAgcV/knwBO95YFXfAvHflrNdeErDIlrc/ke1QBiBMpjQUdztufulQJw==]]></Encrypt>
</xml>


2018-01-01 14:00:38 debug :
------------
String:
account-ticket<xml>
    <AppId><![CDATA[wx7f83e93205d2fd31]]></AppId>
    <Encrypt><![CDATA[zLAHRdH3yWlR2DXoatYqjAaqDacFtgo1az3uhfgjbNmA2gjw4R7i1VZAuLtdEysbjQ9xToqju5xWo4POakF/7lqVjs8EHQM+ArKxft0HQ4JMP9pl9ZdcgAovgvrmyBFPkczGC9d2o8T1ERCDDlNiQ1eTRLtuCp4YuvP3dR65HbU8apWYt8+HlpvizYOkwFCffLxaDVtOsiRqvW5clYi2VhIOojvalL+kHE592rly2OQDVsn7MXCXOsPuPK/PANePQ1EEeUj8K/F7mt9zX6NbGVvMWtESM9KST6wt3kzGBC7HpNJcVmH8ysVbC70meoGBiBhjt1aAa3wRs5s920A6+b1o1ouTRjqanmAPyNw8ocu+9or7eGSkT1uPcUHLqjr8ype3TpkhACrS3K5e6p1oHqndfHEhrs+hWrCgb25XAy8zBLt82YdMGH5XEnBtcrsn/K+n/ke+o6ruNhDUiLxnfw==]]></Encrypt>
</xml>


2018-01-01 14:10:41 debug :
------------
String:
account-ticket<xml>
    <AppId><![CDATA[wx7f83e93205d2fd31]]></AppId>
    <Encrypt><![CDATA[ej/Bt8guUOdutp9SDBpBiKyGcVv3JIiNUtnw98GRNIgBB5uVNGTJm4XOtkqOP+WobYmLSln/Yo1CTGE/ZYJA8rNnvG+pWU9mlVxWqD8UTRMJe8L3jaKbxC+nekIX+WBh06VY+vmVREnpA4S8nITdQpQCQhT1c3mT+cjdtVVbzV+Q0nJiSJ5O+ULMqvgm2kRF14HW9iRa/00ZM0rqBRpGhdmRAok3+06A/PFxjgqrtv0ICN4Zu6kzHg9+vL6KD+TGZnc6Tl2Qm3vQm8ytvflK3gmq4Ne1aDcuU6WbYHOUA4hs1ZAS7hW1fgSPKh6dOYqn2da0ldIuUHmmfqt/WnvzEr5nrIpCow4CkULxUU6zYLFdl/9VlNCfXzlnmZpOYYSB+RXAlsT6qW0OHwbaTSN+2/qfzg4bL5Y/us2ZJwTvWTM0RlqRY5QFrScpsF65uG8yP0RsMAOz67V/5QxiJCuyaA==]]></Encrypt>
</xml>


2018-01-01 14:20:39 debug :
------------
String:
account-ticket<xml>
    <AppId><![CDATA[wx7f83e93205d2fd31]]></AppId>
    <Encrypt><![CDATA[TzftNkgOH0iZ9Ist7WOJZD/Xc2WO82jBPkggicaJtDSw5XgLubKz9sC6JrfeAfJHVQFOPn36o8/7vDUnrpAjR0Vya/5SWA9hEbM/xynsNeGhNPh1Zpc3084dxzrcyMh2WEUDc6LsQAHzg8IhpwYEzmEUrYDB9i5Hm4rBmhDJWxb/m37ttcwk1IsWgVYzxZJ90tVDNJU++1/oVt0id1aAiW82DH2U3k+79MQCh/e5B2A9ukjYLWcN7rO18YdOv206QwBk02PAXLTwKMBcVa/vSwWGcA6eklVMq3L5lbHq/W/72GabRV4obKPu0902px3+MtT1NF87QRAxZazUxDfDyf3pQRWc+FDhqhW6IwZ09s6FuwvpirTEdStgJXQG7UmPkZf9vbKhQB/f8JqeNfEkQs5i41b8Z6v1NRoJyib4Bmy8KR3IiavBd7O3lsVV8zdRLB+zVK4/bm45BbXP+kHiDQ==]]></Encrypt>
</xml>


2018-01-01 14:30:39 debug :
------------
String:
account-ticket<xml>
    <AppId><![CDATA[wx7f83e93205d2fd31]]></AppId>
    <Encrypt><![CDATA[YHMgkwLHOxeKeHxHVnvVUAK0EdhM6bY4h+X5fEUV5tOgKLluY+cPQ3bMqpe2tA2CSfoabDAfuS7L3t7PtB1iUJBhQ1Kkn2f+vf9uN7aNP4ugnqSbbj0XPoCBAbRueMq/LWqkLXw2/apbCq/pqRa9Z6uPYZzTz0Z1xSuRu+UwftsLX0At3vQKwqnrXgNeEN0VokxLnQredhTlXs9DnwGWjDs8/Adlk4+JW+FVBLkjhPGZF1uB2lF5e0IvjCE1Gs2kIfpbf52pircOZbKYkIg7DJiKdNMvYZtjdUUQHXOga4DLp3et7DMPjshESuLpHs/qSni4QmcqN/+EtdF7K+wMmeWJ2ijAsvpfNkQ2bttaHLktrg1tlrYZ1Bd+MeQTzTLMpu2efH6LoG5U4lc1OXl/wJcT2PhqjeKaNAxEM3ICNrZ/BbOIazo89tGSaPvuODJUtuMuG7N5MUqKEP97Idxgpg==]]></Encrypt>
</xml>


2018-01-01 14:40:39 debug :
------------
String:
account-ticket<xml>
    <AppId><![CDATA[wx7f83e93205d2fd31]]></AppId>
    <Encrypt><![CDATA[jAdV+SbKXCr4CuNJlvyw7OhU+PLOeKC7M7edxSEof87G7OQMe5VijJkVsOKz9qwQg02lLK87ly121q0uUv14DSZExEcYPDIaFf9mY9/4eXZUVKJbR5E/RqFBoBfJTrGBa70J18MqQ3iUl1R1vBX0dWML6d7f2STPaH760QarC1iAGv5m8IH7Rs9cQQl0/7/lV/h7JJW2oG4+VzElw5vOwOJAsLbCM53PXvGaSLr6gViOooYA9s1mDvCSfcavwCYti2zN0HUJzOT29a6ypzFvRE1TJW7uTeYvf7SHGHvTtAVWRx8VocBCBiE+Zj5NwFliVNyhPBDF2praDz0bNu3YNNUdqUU+WP4vNBrbu8KHMIdMb1kuXfJ1y7EIvLr5qrhGWKXvzNZr1eE5yS2cMyFaWZ6qj+CMMgIqEIKBRiNmpAAZCXAhZtqmvuLfxkPUYdmTZOJAScVp7g5+qqlD/kBEew==]]></Encrypt>
</xml>


2018-01-01 14:50:38 debug :
------------
String:
account-ticket<xml>
    <AppId><![CDATA[wx7f83e93205d2fd31]]></AppId>
    <Encrypt><![CDATA[FCAiTxKfH+NozRmBzcRIdaxTJl858AwE8oXtlAC1CCzwk5gIvLOngXILeKRqCOIuKq9gSwuTUbpPiNQHDfBOmQ2A1G5+8dH6TbiuH+K7k/ENMi1eL6dXJBvLCtELN/11xlT6LqKs9kI02qUo4za437WQG5QpzbHQ8diz+AL4UL0pkHKqGYGmFjO2qhWHeZ+cHjkt66AGwiDqmew0pS7ueiOaYjPz2cQER60F7yyjz3ebr38ADv4u+qFvP7iRJjs3B09BhXIZztUyBlyCTH7nGG+4nVo9ShUtsO5R5LuTFSn0Ch7HLSqFTLs3vMWhgBoM9cI8rhkbingZvLEYUh0ZSrm9giDiwnDkB29oDRUjB9u/qu70yV5WIIiaqBFhVFsS2tOiCjyIRb9vWeVKJ8Ahdf8wWe/57+qAlAd4S7N/JTOXudPf3e0T86TdxnpLjVdol/1cRFgtIyuLVMK7A0C0sg==]]></Encrypt>
</xml>


2018-01-01 14:58:51 debug :
------------
String:
account-ticket<xml>
    <AppId><![CDATA[wx7f83e93205d2fd31]]></AppId>
    <Encrypt><![CDATA[xtUG8PRXRsOZMMf7gSbmadg87hwQFB9iMTotTGc10I5EMMp1CWURp7EKC+uCZgsIS9syqTzH2bB2m4s2Tj9L8Spe9JgKAodE46bkFzvJsdiDMt5iYNlOrVDANrnWtvkITkV5ibEl6MCVvYD5x1PRu6t8v1XsNNGjoMkCRKfZGjZxIcSB1NiXX27XDcMi4FpSgKU2OS40qpQUouXmzf42JsiO4f9M+3OJUkx63MmW778wXvXGBdDVLe9xzw3fG1WMd+oRH+DeQc1FysUOnhDY8Dxvl3lIed7mtd+6TGs4wHme6tp3UpRFsVptqzDELiS2NtyiluAwyP6c7U6rplhT1IXmkmXUv6budvUS+Mpis2hmynTZI8JhwG6brawHSq9Ei6MrfU93Z8VwInS7Www/85TYbiOHg4+8Tu77lui4niGDpYkTdxjECsDGT5/bHwDPPOIDy4+SjJ9RI2SawsF/Eg==]]></Encrypt>
</xml>


2018-01-01 15:08:59 debug :
------------
String:
account-ticket<xml>
    <AppId><![CDATA[wx7f83e93205d2fd31]]></AppId>
    <Encrypt><![CDATA[aPFmobnChg7C4TPi/siJAt7JrCiFWVdJzfBXlwGo86Clvie0lOFydIZYK4pR++TYoBCWXi9Ve0GiHhMUWveL1U//v3mO6hcWI8n3sUQOqiTBpAR3MdLRM+5O4sr3Pk2Hf3vY6PXFG/SOg7gzo/iuQu8qDXdmnhOiqpUhSoL3HdwGEPkndcEOoRGA485dD9p1/jthGI1B6Zqyi773yWyzI7Qm95SRspsOVZLK8LMeuP0Y7kzPIUJgNz8Lv6kIbb0Ws2bnm8PNmTHdmZ8j2MGw0DCY7/ZqEXlXtblG8+TZ47K3ez3XzXbF9kj5gVQPc4zChgqdk6AiNhOLxogCJ4vmIWXD603jvMbCcz3R7IJoYXzv4JD1ZrnFykkCe5toZhL7L82MZ4Ct5lQ09XeQTVa5SDyWtNjpOkBnOlmyb+xt2+9G5crQxiEEzrpYdF8vyUKFLHSLI/GWDaMhCjaVY6QmOg==]]></Encrypt>
</xml>


2018-01-01 15:18:56 debug :
------------
String:
account-ticket<xml>
    <AppId><![CDATA[wx7f83e93205d2fd31]]></AppId>
    <Encrypt><![CDATA[f9q7ZfVMuOsMdcRZPTRFT2mRFwE7zqpY6Mjeq7Pqx52zZUPZ2ph0jVF22pJ2DJG/S9u+9opoOClm+bt/jhDnwK0ort1oIZErUkrJYaHcqMbkPYpWFmRgq3iZs7bbZP0qwTqriDr9j/cHLHw8tk/FYEz4gR8LJs0rmXF2+ipRpCTeLxO4XFHA8b98iXpldLFMood4wNJdLMzGY9qb2iJ8PntyVjR6jAlIOI4tdvDxI+IjknXX/DG3WL3WTMx+bD6M/PxxTT4N7p4UBVuYUnn1yTOKtRAgAOWuyWeukN2CriwljyfP/CC5Dv5CvNbaJNs+YYQybCwaHFg0yV3688DTvFKMZ7XDg4l+ka4WctfcDqy5QMb2Jnw6x5MF4Ln0EWUYHYcma/Kbsuq16GtUhrLNG7aV3Z1ieGIDUTiZ/AZvNvhsT51fsJ/Xtw8w3e9XlCyAr4GCC15wmFUnvJQlcoSLqA==]]></Encrypt>
</xml>


2018-01-01 15:28:53 debug :
------------
String:
account-ticket<xml>
    <AppId><![CDATA[wx7f83e93205d2fd31]]></AppId>
    <Encrypt><![CDATA[QJrWoRgd1fuq1a8Xbnrsp3D5zIdKgaJtyM8TLQIsa09BERI9Xosx1tfA9gpQ4jj3sdDVhkLOZRGD/f6f1BIETpw8xQVby5KS9odIF7yoRRXwW6GVmIfq4ZQKBLxpxLmtKDkjsRwrsQvFOOFiOGOEctJHFyPUHGWgRrjDo5/PoqtZ8lO1qdqEW+D8Q52dtMKGWvReqba+qhuPTFx1Hh9cOUIgJqtUAM46IWOH8lYYinPK7M7PVcZfjXhJy2Mz/wrLf7LKPab0mYDcpCTD9PaYymZO74ULwIZ1o4pIjkwG8V7H9VbgeIz8S6kU+PNS0dsDc0Sk37HESKDb6Zvn3TgK/BCK4YaeX4dajH3zGjQrNMYSbB7kQJ12bXUdj6TBCXGAMJVBVzIZ9xQDht8RR5WReu1mrbz3Dndk40i00JKsYOjwwW/jDQ5bhsyhiUHCYxW+6lThiGS2Q+Bm84P5j+3XLw==]]></Encrypt>
</xml>


2018-01-01 15:38:59 debug :
------------
String:
account-ticket<xml>
    <AppId><![CDATA[wx7f83e93205d2fd31]]></AppId>
    <Encrypt><![CDATA[s8jJJH8DMsp8MbnNmku3hvBi1qpcNElPmBe6jsVNDFLHuLjE+Xr2eEfyHCcVUZPdCHldZ7sJdprz/s+VJIQBdjeUNF1a3AUU1P0tz1BmAjihfgAXrbb2GeMGRGhhnKrjSKsUF9l/+s15bYJeH09xqdpE8WHI8WRa4DkjIt0AwZ7JNnsu3ggSV3lG13uOS9+Td/zba180qg9IiefAEJ31M4yhEUM8//V50Ke+wbh5UG8cP9if5Af6W+2UBKExDz8YuCXpLwJA8eM/oENPLOWyKF3suhko721lEMb2SDERUFcsmOY3P0FyZpig3taJTV6nO85Pn9T2r8pOzp6MoQ7r4Ww6UcK9QCshwnkiePMp86VNfBsdAMOGaoyXd74WAehxT1oUcEtNpZoJsZ0dU90PhveDsEGDHeFFrwwi104GV2TF1OIUns9SAVigx+UfmY69mbT2rZhGGrB3+KBuXpMdfw==]]></Encrypt>
</xml>


2018-01-01 15:48:53 debug :
------------
String:
account-ticket<xml>
    <AppId><![CDATA[wx7f83e93205d2fd31]]></AppId>
    <Encrypt><![CDATA[OWW8msQ8VIUcoeLHBysv4/QQmNTQEfL9LBGL0r0ht+Z2vaqKlXKI4/kpC6Yn6UGdP8sxqxy3GjToifVHw5RK5l4bk05WaaQRZbup3XULt9RbE6UBryJSWEkMreafaMwetslGnPSQjy0xn/N0XFSIBgCpqMygewBIERkCMASyZ6qsYBZHZtlXhy/8n0TQQzwDXd0d5GqZ7EVpAr9fXp+0XjGCzMlbEGgHu84U/B3YDYgNiB7qXkDRmRq7aPdXpcW1RIy/lH5iBJWQm76rbk72nu3XU/FKDVzZ73ivhocXg31LsFwDW2MMg/e1zaz79cdank1ZGBr+/5O7YNiXFzUBTk0WFF5x5dstCsERjJjxiY9Q+D7vZIoyJXKPUEptLBBBiBWSrmjMsQxt5OV0xbyBIWm6nlkkcvgdk0MjhjJoqAMsZb0NdEe8/HLqxfYg/6LCb2Btxej7ljYEu9e+9rQfzg==]]></Encrypt>
</xml>


2018-01-01 15:58:46 debug :
------------
String:
account-ticket<xml>
    <AppId><![CDATA[wx7f83e93205d2fd31]]></AppId>
    <Encrypt><![CDATA[CnDUV6/pmEGotAbn5j17l70a+ca8tOfH3e8BZSGrOoTy9++haUDhisfGrSMoqAw7A3QflCPazEyX9wtgDHDNgD4oatWy5Y7Eo9B6C9wSVXi5mi1RZsFoNIvmYIIM87OUb+ZKv4SHcKKtRINKIiyuUUR6pYwzchsF86CscYfTHymcYgqKgWnMMSAAh8LMxORU9GjpIlKH8CAd8ZPaUCEjn+a6L7Ru/q5/i1I3nr8XWXaR7m+gLALWkAh+5P77HGkL6jLarttbJcC69Q1JDWU1hzy3z1Dk6bJzzaajCHGH+5wpY49wvM3AgG2bGqGHyD5QtGOcc/YkDghR584XVOMsokqZfTDAGhWwY2iQiXSKR6XHZvn4DbsDNYKvRA8dDEkvttaQmQ9PDRcsSD4lRA9NuaKRLJ/UaENKF40YRbkilKnZrKxI5oR/g1f1AlpftU/vgAOWgqtTS8ThuEITCuEWYA==]]></Encrypt>
</xml>


2018-01-01 16:08:59 debug :
------------
String:
account-ticket<xml>
    <AppId><![CDATA[wx7f83e93205d2fd31]]></AppId>
    <Encrypt><![CDATA[U5fm90d7T6fZnjBZGT6uhluNh1fFriCFHJn+J7Zb8r8fmGwE574yoMxX65nGozItjltFRfsXQnorF+3HG+NQl6CjGkjJThF9O9so+YywnabOXYV6JnlZjtw6zCGjws45zZnUA9i8m8uROwRbo9puB4eUDq6QB53AlI/7sKwKFzBJCnBXb3bxcScpTcwDd93XMEBg2zXq2yYGrwopxL1MrKr6V79a13+JNgIpcjtr3C28FRoKEEVi63bc/BWH/EvheDPftn23GGLx1AoihSQqCUoAcGVP1yXWauAmyWGz7A4LGAMHzgRw3vcOmE072x6wHN+PprNjOPMfwgeZKrmoKTcsYPkspgPwD6Vf34c0IZ4wChy1qzSq5vr+nVQAUPi+fEMSj9/FZOcFjX0wDyhQWxp5fmLSrsF5B5PNsSS6wn2AXWTnIZKAUYZwuINqgBAeOHXIG5ObsqEuLNdE3/kMWg==]]></Encrypt>
</xml>


2018-01-01 16:18:54 debug :
------------
String:
account-ticket<xml>
    <AppId><![CDATA[wx7f83e93205d2fd31]]></AppId>
    <Encrypt><![CDATA[bxeAo8urlJ4HOXJ/YKu52GR82mENaA3AhToR8UEDNSlwb5UULsQSKDj0yMbd8DIqvya6ERV4ynWCcOxIEhoJbU3/oTqhpE8NPm795MmspJ8jpxZZLYOHsq/ZMP4yDjURTo+DQ2mhYVtVnFNQmLzEalTBz+95kIt8JPcs9SmSm0t3I6tfnAzM293rJ/GailHoG9aUV3dSe220SJ9rvjbK0758XEIFSksLxmsHOdq45B7GnVu2Ud2BSjCyJoiYapCnRxwLxhius6xJE+v64Rrx6PH9/E3fOCKMK9kh2op2tN/qrryW6orWF+TorSHvz9aEJ3JHzYLGngh/9LohbTnxkwAiGHtHQ8cZX+s0Fa4NMXbi3EXOvHAFLWMdLhUjSqazYSZYWWqaDcAW+FHCAAsqIzUUHsw5ctmHTgdrl/nlN81H0mkbOiwR1jB51Scl1EennLFYdCiHRJ8nLehpdPoqZw==]]></Encrypt>
</xml>


2018-01-01 16:28:45 debug :
------------
String:
account-ticket<xml>
    <AppId><![CDATA[wx7f83e93205d2fd31]]></AppId>
    <Encrypt><![CDATA[iZ67cCcBePfgxoNQjV1ftTEC8sx40brYSBkyXgoNXzXTGCJ5cP5aQH42tEgw8pmX7wmf2hpkpbRX14MCitIIFXTxfRM3N8RLQXAhhrFKTY3nmNYmGn3Vw582CbUXuUIasOtRCRkZGZ5nwEAHF2goeYJqQunxrIWRnDIBQAZ2LGN5DtrOwaHSsL5vvpgegvfYwcGXZSkMN8TBfB5MgTZsOT90RqzTFayqjeToMn/nq5Va2xGu/GVrqZpkKUyCsTRcwlmCRnBkmqDDrCsbIK9PK8R8LdQy8v2O9UxrBmAbAxJO52ST4unioCQvj+OGq+TT5pncPKLJpfYoxInrBhUIF+5dk3ED8eSQ5R5OW5ttsg43gSrdBW+8cszzLFYteqyIcY9th0n88rcHW+kge0Di/nSzZyVpsDWlfEH3Ozv2PHl6kkP8QISA4eZG7gpCkcC9jxEo8rMiJtSWNYGjZRpWEQ==]]></Encrypt>
</xml>


2018-01-01 16:41:03 debug :
------------
String:
account-ticket<xml>
    <AppId><![CDATA[wx7f83e93205d2fd31]]></AppId>
    <Encrypt><![CDATA[/zH92AS/knc7acw5hEciZrwMkUThEkfrt8gr/2t8vUDIt1W0IkN3MMryovfJt+GrIdQEftDRiz77YHA4mGd5xLD8i2YCXnkbPiBHzLXZu0qCBedogFGwiRjlxlNolUc18RjgnqgJ4Tfu/ePJdUq/Uy9lsidmAezYk9OJI1tA4yU9DaP8HysOsdMdQyLYaMMtkSYbO6E+Na8dR22fCbRvyLYwfGaP8TYGBpbLbbjmFKVU9owkk0IgPcftzR4fhS9N/lvlzwfSBpuh7rZDe7+r+ub6xjeP9dxDDFn+3EHolEW7ynvBW4HQcYHaG3M1eiU6PKJWzuIG7eA5kPFeGqhJlaso4BWUkTuA4WpJoYYSuk73HX9uqnGXQz0j7+Ty77apZW8SwxB0WhKTfwwTwaYGm0ywF8xg0tMl30crUv4qRxgbec+seme6dwljmBah2wCYtbBw1RZLk8GrPv1eYi9LWQ==]]></Encrypt>
</xml>


2018-01-01 16:50:30 debug :
------------
String:
account-ticket<xml>
    <AppId><![CDATA[wx7f83e93205d2fd31]]></AppId>
    <Encrypt><![CDATA[m7M71K9wRmrOX4DWdqucJx7xtm84ISg8YZXQVNDolnbzXDq3L6d2bs7EQgSXcpGm94tQeK74Dqu6sivTro3PX88eDSfSdUeP4eznoIjTyfkRL/2w0AQ33uGjqkjpqsuHLYjvYKJKuq3qLDdUND4h0wMpVkkTKyAT/2o/m196GFuQEZMLa+FHY1LQhg73/ovklE8nMN3cv3tdcHCfnlHhiN8VfluwnW4jDwKcmHpCSkQgLjn1aBfEP2BGgA4QxbUO9IP1QRa4MZ6S2Qx/+D15n8PjRnKHyqoZk+aaueGtq0NHEcKLwoj4/NJx6ru0W3SMOY8LvNXZXWRaoghYA8Vubsd1NzaK/TeuZfiLrG+5zlsgw7hrt13X66t0hyBYuRpA9oJZP9uRlevY96q9iLxI6E8r5MzRbpaBceFkjH6OO0UUMioCGs4WpHOjHuB9njO9OLmG4b9GwtS/xz+pb4O3Ig==]]></Encrypt>
</xml>


2018-01-01 16:58:58 debug :
------------
String:
account-ticket<xml>
    <AppId><![CDATA[wx7f83e93205d2fd31]]></AppId>
    <Encrypt><![CDATA[XMQ7ZpDLSSPlGMidzxXYO/H+eFsLoEaej8xjGTfMoiA90Izcm8HrpGVhRXywiV/dlSwpUpfknNjixRtSJn8By1rDze98jTHwJ9d68FNI6Dfbholcka+9vsDZSTfBGB86zTE1g/SuYSElSQ4sro9kfARR4uJtbGk8Ry3TQvR9dDXJ74BUJzVUbnUWbeWCixxia4moxdcx2O6Rb2V5oRMT8jNn/XyectGCLhQoAWmVEVJGIRmd8MKaMFOzThfXOsTA1PFxlJiczbpYjjPcKbRsEoCExv/hBJXIr3AKp0I4+3yIXyTFRA0US7Xdx5CTtQtJBojUAFjc9PPwROapDPt2WyD9VAx8fGO+TTPhfZzeQ++NJJOqzIUYSRsC0lMqFAwkSAkkl3JJpDGSCz20aN3fQIlVFeEXXmfiJ/2Rs9M9aL9XS72pPfFcR3OBoDsagDs4bw6OoG7sSY5sLZ6WXwztUw==]]></Encrypt>
</xml>


2018-01-01 17:09:11 debug :
------------
String:
account-ticket<xml>
    <AppId><![CDATA[wx7f83e93205d2fd31]]></AppId>
    <Encrypt><![CDATA[txXeZitkeMmK27VpJHDqYjRudNW5lhISz/+UQiBsZpq4H94Hc+coIKsXKDWCYHSLdAiyODekklP555Q54LeV35np/m7JyW68+WRsObmshx1ws9QacfAr8A/x2XTgy9YTMQ+PxyxAMHAgL1kW29Zj4Z0jf+yUL+iG/+6kx3MRROUG+QEMBeNVxLcK7T3CWnwe2RP2v57TK2ALVddruNbiHk6grMfK/bbzNfdPI0L3Ysbs65C0vXt5tmkkjjqUyVZlhJIYCKjEdzx1pJLln53fnajgZDsnBezju7bxfT+J9MgJJoLNPjDNWEWNdnuTjnIqUlLx0cVeZmwxvSLZ0gFlwYy5PVb81zZzYFE0vfNG4pNSqT7+aAE0PmG6MANaoqXMb5xBeHFsfA9hwQESXj7secl71TzfPaCKNSzVPxXnF/v0wc+O3yF0JmN98ThMVTqSdkS2pYkWMt5FzQ+tjbSN/w==]]></Encrypt>
</xml>


2018-01-01 17:19:00 debug :
------------
String:
account-ticket<xml>
    <AppId><![CDATA[wx7f83e93205d2fd31]]></AppId>
    <Encrypt><![CDATA[sCwn/+TyC9qmZWN2+FYHzZGgpbekn2ZYL89dPD3Cj6JwlRlXOEh5jHWE2KGZ+z1OTtF/P9qrLn+3De9kG/gv1znBojPlgooqp3SLRgubCucBGJX6pZIXrON9qFtuqqQrLjZSFha/mjbvFlgaD7kOErdk+v6jg3coh/7gqsWE4C8TbmKA15q/Zcl3MeeBE6bA6wDwLTXeCY2uuatY+50cBzZeG9bjGX2PLtoD78ib8awgG44ZxwB34UMdKXfkRHKMtbRQ/HKqojwda/mv0l4lwxw1OmVpkQ5IV65dwj2pAPhxNPxR/n/2yWRRc/uYZBPfM24bMr6CRSkKOUdyEHOv7lPYKUoauyY4gH75AwQt9DQtr0gU1/orzve/HjYdOvrvazcD2joRs7OZVF7V1fF+C/1CZPkDgnU38jdjraHN7DPa5hSZhQQIcbaxQ00ifvR05R4laDr4fjqPZl27NdzPiA==]]></Encrypt>
</xml>


2018-01-01 17:28:53 debug :
------------
String:
account-ticket<xml>
    <AppId><![CDATA[wx7f83e93205d2fd31]]></AppId>
    <Encrypt><![CDATA[Kfm6zbE6H0puUxnyq5nH2Ju5PPVziJ6K/TlEzUyY13flfzfPPvUDxiIF7zMbF1Sk7V7ePgeg/fRJqZkft4ib3ZjHJJG4ce9kblm3NnFRoUGle/PcHu3W32KlnbhxTDbu4656tlUd7FHGNws1l/tlPUx1x/re0TfJjBKR5mSAGkReXGMuT3EvVfeH5VLPswz0ClqhqhaUBKyOWkb8J0SOC5OtEW219BbYfE6w0nsjUhsuNKHLHz/o9AQLFvbFO2DpXcwBbuqQkPzJXGLz44pIBbmFuJlrwwhv3qsuP/Yn8IvvvKwHYEoYgoslOvsZVoLCmbweGCxxDaIn052FQEa7xkqyagyDJYW3/ctVRN7QVudmqjaoXNQ81uhoMbcl/TV/uQljySto8LbX0Qvz/ZOoMwpSCLYkOzSA/6NTtmU5wcCL5l6Ms60vmNDalORqG+kXvHFHS6/tQC2C6xKDSa26mw==]]></Encrypt>
</xml>


2018-01-01 17:38:59 debug :
------------
String:
account-ticket<xml>
    <AppId><![CDATA[wx7f83e93205d2fd31]]></AppId>
    <Encrypt><![CDATA[xVtTXhF+21GyqGqWacGKcgqH1FPj3UBTB2bnrOd/ECFiYIv66lj7PJOD1Pr85iXvJBxfprTRERAIDkeH8FUYDmxLHFtX4tZ/kj8MyoSSqBvcFh7xFNaGvMIQaLbdjjqKF4F75aflRwsrkYlEUxROfOUFmdZNaTLv3kkDRtCM20Q/FQwKB4e1xL2DOJszrD0X1ClvVBX7kixdKeaUPegIVU2dUNagGJw/FvYT8ZgjDJpsbMEYlbO2r9KaTM6oL87IQeeHykz2ovPmJTGU8KLf3FYySEBZqgPza06BBeexoOIGkvdlwPvK+htfwTFt6vF/JnYQL/epD4sSk01Tm1NocMQDwQTR1Nq1LsnkYuSwu+SlseYP7tGIhN3nC+3+jKi3ukbva1hHODFWnrb1j0xgu/cUmDsusqqqv2cbw74YvVuEpToHUHEYfz7O50UXpLqb+7OsoXUafZgeak/eQBoLUw==]]></Encrypt>
</xml>


2018-01-01 17:48:58 debug :
------------
String:
account-ticket<xml>
    <AppId><![CDATA[wx7f83e93205d2fd31]]></AppId>
    <Encrypt><![CDATA[uMfTfebfAgf2jqHNXHn+RpbOLhjToAVJmVi95/20qGuT5Eui4vYx+5Ey4pSqdw2kR7UFLrC/N968gFaY9S7gMhml7vllJGudafxSRSrv5NxwrlXC4aU9mbz2G70GBUORXozdxpGp0f/UkHwL0Cnharm9JKTKmbbcJbp63vliVvr8p5aYxIhQ2PYepyIw7ooNtaQum2Nc71vpAHaPKpeHAAdOuG9hmAcUfDByUzpM8aeUalKAIjStiR2j7rzSeUFVDVVMKzIaigO7SudpK9dtGQOndGffhGkAr1oAqjqr3qA5Et/xaiftxsT05W4YYYpKVU6UOFKKpCB/F533I4Bs3ibAQ1LEIq4RRHLYD5p32UL0JVfb3MK+Q0hZf+jWd9r/k4l2uUz/Ym2K12poCvd4I5FPWMaMZBwiYoZRkv2NZ5N6dNS3BJLxIstEPNfeEE34+RYPHTYZBqKfgBJZqOBAEg==]]></Encrypt>
</xml>


2018-01-01 17:58:44 debug :
------------
String:
account-ticket<xml>
    <AppId><![CDATA[wx7f83e93205d2fd31]]></AppId>
    <Encrypt><![CDATA[LKxCq+MLOpWUMwqMM6PDiuqofU6xgBbhXsiqyBYi2Uo2ev/KmVbYbtJEGb6r9Uxnl8ZRHKGI8oQo6O7iTqlyaldmARVvuF0oGM17LIGIfMnvnkamJqXoGPwI0/diuyzC/lWCWVvEyl6b8VDG8gprjRgOU9FKQ9v+HH8TBvBF+wYssivdhg4q+TIvheoB77OsJAUnYSnZjIF2SYJgUKrIoG5ikdZE8mTbTavDGXVBNTqD8pSzwnr7mSIwXu/gIZJtYpjFVbhLed9yi5Q1PEbucx5SR2C9QupCusAJOS/EPhuxflKU79SzTL5jnUhGkOigcn0+wqY+x9reDA7xCCHJ1pt/FHn7kVUOi+56jGAzeeS65QYhL+o3aR+eDPX4WwWm3CiP+q6j3nraU4wShSGGnTjR+PwHk3X1XJ+v64Mlm1J1Aa9PF5jMFbUCq3ZoHiwuUChS0MccP3QNXTFzRFCcHQ==]]></Encrypt>
</xml>


2018-01-01 18:09:06 debug :
------------
String:
account-ticket<xml>
    <AppId><![CDATA[wx7f83e93205d2fd31]]></AppId>
    <Encrypt><![CDATA[i0P3xKOV7UT2xLRDhkjCyD3noz3TgRACxk/HFsoD1MC1sYT9yCLSewFt3Ourcfao2F5tFXYEUbt7eC+E+MKlqnPSrv1dduz9Sjy5rVDe6rs64ua+dPi4zb9Hl1VD7/4Y5KQ0la9HvacOq35qdFU2/obxhk/rEVVb8auYQo/WsI0msRZKA/wMhRbk20W9yilYwmNv6soLK5RIJaleDdMCBSfVrjMKlMrJ3zjP0OKtq0HM4dqcyxVX0LymUYz46gm1Vzhy4WDiRqnXTFNlc1bXcNC4KvJtEXWYOjutEdvZdojxyXQyAgSlceEFJifM4H6CqnMT6OKXEThWWROzuJ3pvtmRwtSdb6f8A0yvOhItc67N/PfQOiR2ZbrT9QaHpRieKcuE9cRY+2an0Axdp8w5eoLqkBhjreLLgrTx6aBxV1eIzyHOAaKEgHA+b2ssOZYt/Tub7eAeyJFaAxltIdXDpw==]]></Encrypt>
</xml>


2018-01-01 18:18:51 debug :
------------
String:
account-ticket<xml>
    <AppId><![CDATA[wx7f83e93205d2fd31]]></AppId>
    <Encrypt><![CDATA[GIlVVa7+OsICU4DIjgzJCVTr9Lm38C6vFzPZCaeu59S0wm5Uc4NKSlasS7NBpdTWkHhxXCZt0cBfH0xxW0Ix4nd4T68k52jRpaSyZvg6W27PvL21GjYTSd+eu0UJLl797ArgfvKAGMSlfYApuqVX7vmz5uQgnVRW1+4SW5dRh8iiq5AmWf7Q0O2Jzww+Sl8UVyXqAencgiovnXss6I62HnC1Ce+pGiAicSTb10O/Ebxy5aMaABtiHYqGl7qWZS5S3mw57A1PtkCFtwLrYnuwZYfDCRITgYjiZEpIRiTECyMytN5vAV6IDNcT4gI2WQBpLHEJUe6zv4HbulxT3MuKZZ/UjPqFqRC+LrkN97KAlKsQAdQn3ZEVRZJuHiOqGfrl/SU2Z0fa/XSvMV5DK0Ez5VVHJdydR5AJ/s4BxG6XHtMDhdzj50q1BEO9O8RXUyh/urnX4FEhuuOVRyEBwtjSMA==]]></Encrypt>
</xml>


2018-01-01 18:28:58 debug :
------------
String:
account-ticket<xml>
    <AppId><![CDATA[wx7f83e93205d2fd31]]></AppId>
    <Encrypt><![CDATA[qvFHsA80urwm1EpubF4wpZi8XzgEjf11JaWqEgNp+my2Y4ERlNBrrwp7Pauzc8MopJSFxzxSf+ResGbVo2KB6IY9S8Y2cji+kuT3OkcVmtSEjvrZN0kj7hr+KbC/6I0i4bR0dmNb9egZrgRrhwTQJ/28LQ81V7d3vdx9DjcXXE7RYLtROfc0z/7dnwkLFt7/CoczWMF3m/cyMlLKC8uIvPUw2GNUoaL5DanLam1Db7WGijXVNMhijKA9iAuMxwfkI25xObLsG7OjSr2Z/MhC5dsV8XkVzwMm5h92n+hXevL4grL7Q86r1AfFSzgN3abcZV/QSg84hYRt+WVtBPL9rwYiHWDBbDtMQndTv7Sh3J+iUxp7dsyCEXjmv1udma0xd5wX+HseoNYIgUSnURzcVFaX/CwQjjGNPAWYuTy0nukW9It/wZCZCeYILpq3EuBT0hsLLbfHiZ6v+/VB5D6Lmg==]]></Encrypt>
</xml>


2018-01-01 18:39:07 debug :
------------
String:
account-ticket<xml>
    <AppId><![CDATA[wx7f83e93205d2fd31]]></AppId>
    <Encrypt><![CDATA[R09zNhCtW8lG0dJ3UmHt0yMgorPtwDPsYD4w1fvClnTnz3JkP1R3UaIdCB0OUMokpzX2DFfbVsJxWK391NUKuQVcFB3hYMMI2ISJDGTMwFCYblQJQTJ4R2kzL4567AvB/8J1VkAfcN50ATYcl5mCQL37osbhLQmkfxXHbeS8sbtwIkDWLhoUwbph2PC0GJHuFEyI+rlrTd+SNqeuT3xCuQYjB/PzAxM9ju66SybZGLUpKupjww2tJhnJCI4HYR8fEiWEKuw6CQ7X9/EVz0flziG/DmhXZh2kgyXpONMv/X8Sq/jdE2NsvEO4DtJgwabkJI6+ZtvcJRpMgOmdo0xuWQlA4Dxm8DWHD4qNFk+XpgCAPIjNJNnzllae8SOHsQNNIKeG+2zCG1RH3IVOJrUU5mkC13VDcjgUbCLZEMFhlu9IXIEF7i+bvQzTd3ariXAwk5TXJI3zYtMIiRpTaPRN6g==]]></Encrypt>
</xml>


2018-01-01 18:49:05 debug :
------------
String:
account-ticket<xml>
    <AppId><![CDATA[wx7f83e93205d2fd31]]></AppId>
    <Encrypt><![CDATA[6LdSqUcTFM+ysuF9lMYeTqtuUobeSp/PlCjFr7GFgNgVJO2fO7pa3SIpWE1zYDG7kIA9GNbKlFG0DpMuwBIDyY/+2m/KIGb3puUyzVI1C8cJY812FLHOfHLZL+kodRVyybB6v7jrsIX6OXwYbU8NKNjbxWMqZFQ9TNznb/7k7lH3C8+GC+636dRxL4Iwge2LjP3zmD15q4vR+ZqtF4QDgS6aHuDP43GmJivO0WNRseDIgp36Ks4bdeU3xqo9ZjX46NDRZ+g4AMX5D6QuwkB2Kmo9JAvuNY9d78vWCsR5kH5N8NRanUh7j796hv++sI8UiGDn70GMsbe3N0PPCLo3Zpw9dbuotgIYAZVM1JhS2RZ7crUFDisWrowQiAHEt4aYJ4BkKToBDj/PYi7ofJdc49CnKzlP2yJd6Lyovb1J2vHufiHeMTxrK9kaD1LeyfPCfi22SxvITiTAu+oa3GU5Ag==]]></Encrypt>
</xml>


2018-01-01 18:59:08 debug :
------------
String:
account-ticket<xml>
    <AppId><![CDATA[wx7f83e93205d2fd31]]></AppId>
    <Encrypt><![CDATA[PblXB4SKGtuuR/DF8eRzLXv7MhIwRgWAlrVDdMoJ4u/WvO9uf+A9TReB4H9p/rnqMIstURFBOMZeMoNgQd5pIPGUqhOCy7EDZeLPQGTLK6D4jUMb2fMlJz+C74MBVX/AS2YggDP2XPxJJj3nZ0ZxIfWqN7iDhwlSNT0b6sdPI8eZbLE6YvmjYdCCtE/8Hw/Af+8tuaAJEGyCC+F5M8aAMpZl0nYLugwZRs2bKJ9m1kwm1kV6j6TnKrQ50KswnDcrnaCnxwFK5Dt84JjJunlJLg9SN9S95KQjLgfZLm3dx3nus+AgRWCCC0CXpHmcenWd5xc0kq7dLryBdAVTH36HadJxHE7NoPYcgoRWMsSg5cscEErzpE5ZjsekB3zmObJck0xZRuVFCcq8jlB5ddfhRN2spwUxDftIVxjcrS3KilqIHIT+DRfC+nKWASfqIDuRVYrYT5CbCJxnVoGiNYXEOw==]]></Encrypt>
</xml>


2018-01-01 19:09:25 debug :
------------
String:
account-ticket<xml>
    <AppId><![CDATA[wx7f83e93205d2fd31]]></AppId>
    <Encrypt><![CDATA[tgPRiKAxMRl3aQbrIy02c5bpGFrnS1PfnYyvPrFjn2PAqWsB8+aerXnF35/vO5s391tiGfe3l/Mw5Y9nzCEGTbCFAz0Cyz7JD3JnUai2kdn7VkriviZJR0BQZ2P8m0kzXnf29W2ZG95fnUeBWqHgCBtovMAvVaKQ5Xn5E6lX/t6CohDlmRkLE5bkCyzY846CyIeq1XQjZzpU4VMF9wo/JYKnNP55jzp9Pf7Z2HhC5qe3R61q6NOdf/DRRcYLhCK9TB0pW2Hvm1tEiSONu1rQiRDwTXpC70uz38RTuEKhpuwShQ3EM1btIi0Jg4V67LCK1/8gEX1wEFm9fJFcrcj6fDu/dAL3P6rDjbnQe5ydlQsNSqqUH+Re5TqV4sN5wRAeE5Lm5iQaVLIaGv7IhnVVfclFv87VM2d34Cy5DT0FGYGxSJ4sC1PbJipeqQK65Icl7BPsyRNFJmfRfRQFD3g9/g==]]></Encrypt>
</xml>


2018-01-01 19:19:15 debug :
------------
String:
account-ticket<xml>
    <AppId><![CDATA[wx7f83e93205d2fd31]]></AppId>
    <Encrypt><![CDATA[hNlASOQRXjoqXXCqFF9Yafl/iKBeSPZ0JjIjWrOniSI86RMf8fTLzKoQi16eEtSKqNg2bKP81e5/h9gqB3TcNz84LW2rKWYBZip6duFMLiHym0pjVHDkl7/MUd1Uuyae4EJWp0ylLSVUnp1NajCPgbCBMpOqNfKI3lEoIJ/NFCCskYvqHhp5GhbtYDgJgqBtahQv8qvoymp8xlPhUIveOAeAIkew1scIhBN1SbA3fOVFjYZFoHWeF5+XE05eoDHZVtZZsy+91rZchhPC3luxfhGJjz3OyheHNu3X9v3T0tTL/v9tH+nHFX2eZDnwFUfbvDG0aqwQ1Wjkm4VDDRsNWLgv3Z2mBggO0IkUN5xIEknbUgzHR6r1/MUsGQb3bvu3izAzy8qmLrm2fFpmfPPIiwa2yCMm9BC7nxrv3h+etyWhUc0kh5ivXqHkbMz2f24Kghr+eqegsxkjRINu5lHQsw==]]></Encrypt>
</xml>


2018-01-01 19:29:15 debug :
------------
String:
account-ticket<xml>
    <AppId><![CDATA[wx7f83e93205d2fd31]]></AppId>
    <Encrypt><![CDATA[JRI+AL03YFYXPl6v3fg+Qm722Ve335vKt6U7/Zuf7ilOyl7tlxPCGwxlID41S3L5C014yNK+4TSOyOpxES8xlmS5fHJRIvCikNXXpQyQheKe7hEf3acBj8cWNjOQzkbFR6pW0MbGzpdUi+lVVLJOeYyRcM4DDELUouUFjbDsGwcmWPtHoAZaT35Pd7lbvCnzTba5z9n2OWinx/kAblglXmufGuNp4ez6arDYn54Ly3B7eaGXKWMRcl7T9XWfy2x9zQGFvYD8O34P5UhE34AejcyMPwLNU5tPc3vG4K8ZQSRJTiqYnHJ7vP1bO7qwsow2MIZETy+OTTv4b9HbeNTDrINaOVUJ/tGQtxtqjlMcqEPvrKZIODyZYGsHWxF4WkqZywNm1xdpZygZUrQ/RXoOEXj67Ic+kDWYrqykvU4uf4Zto/cjNloa7xAKJ9SQ56o4YBfX5ni9NgZLbu5SkixrVQ==]]></Encrypt>
</xml>


2018-01-01 19:39:20 debug :
------------
String:
account-ticket<xml>
    <AppId><![CDATA[wx7f83e93205d2fd31]]></AppId>
    <Encrypt><![CDATA[EQdLQeFG8Gkw6R2hc2oP+/rWvmkXHF1e2DJYVf9oo4gStmKyuedTC9fZpETf5ykLJX9+KVDDBmPZ9WqR3K5GntIDcgCvopIfgn73hse3jgkNVsoq+uyvE/AztJjB8tSIXg+2oJViYmeR7Wo6M/gVDYduTs2oLNOocKLz+aGzq2xde9HEEJvrbGChNXyhsfOS5SeBZTlMjF2a4wXOcXcoIByVvSZiEEDpmaumEIATWPzhloSXEUduyJsaa0VwMrKth4dkdAOTI+XMOxt6BmP9u9r2Q0cKdsTdhd6Sitc09jusX1F+wmEzBOrx/XRLCbu9S8NvK5kvoNo7bRBJoqyUzcpZMpRrsSUE9y1QEdsLz5G7Lf9tN/n8j/kOpNXTgmdatWr1tJekrL4k3OzRXu9hnQT3o6/i/IIt2hvHEG/35AmiM79LsMDIRrs1NlFBodwnmZBI6WecDEnfGqz7CmzXng==]]></Encrypt>
</xml>


2018-01-01 19:49:11 debug :
------------
String:
account-ticket<xml>
    <AppId><![CDATA[wx7f83e93205d2fd31]]></AppId>
    <Encrypt><![CDATA[pawu7Z9iZjurA/qxYm+GqVCJgSDAo6YRU72dTWwU/heqzfYk06CplspCsJKwVi41u+5p8wUpTWgXDu9TRNUSc+aFFxMBhT0fIbFXxMHN5WQ1L+/ma5RxLT5hA9qxGaHPSfwpXR1NJ8IK860rrAs+ZfjO+BHmxa0X1qFuDcJKx/Myv8ZoEPfdlc4uRl08ov4UJ0tOBURGcUm+yo/hK5RB5pLWKCWstLxFNvSNyCaYPFuXRAeA0yv7ZhzPqiLECy1J5o9w8Tc5BPRPuwL2PfwPSFe1d29IuyydkNEI0aURKtdZdloc4qRS2UqK5mcqEdpENxklEavW8dalAclgXU29tLL0zHUuV7oU62mLdFaH5WahOuMXx5oBOIWqaJrQL1odvZ0oSvF96lwF/UzlBhVti5cPXcvQv3v22ZB6seHIkU826yKEpoHpHej6OqKgpiAlCTqzOSHNw221+7mbMiXr7A==]]></Encrypt>
</xml>


2018-01-01 19:59:04 debug :
------------
String:
account-ticket<xml>
    <AppId><![CDATA[wx7f83e93205d2fd31]]></AppId>
    <Encrypt><![CDATA[QPmbIeox3LyNiQTFcjkCcK36Y6sWZsPHDOMmQTZZTbyLomzy4IgJdBiwVJkKOQIMQReqpC/Q4+cTZQuBx2bCsiSJXqs6fZ2TvXZriFJpaIwjkDlMb9DulLNO7LHpmZgkJTkumCZwkjBVFcMIxMasuPh9k+q9JlWGEmpRUZ2H3jJjBAN02y6dk3iOyS0S16FLsR9gxexZUtVMOwMQjqg534Afarf83nwR1qVBeN3LPCP9DrJUVQp/GKtfYz0dx/NEjU2Znit0e3T2m4fxxHOlm5VISXne/KdE81svQO1cSCQs7hQPhmMv4//Y1805yOCUXGxxDmQSHSb5cCS/j+7KpnOlUsBX4ztBTP9hqMjrhXNtYtzbSCIGVM7dai+BxPTrIdgohdQZSSwEpV7L+TFEK+82bT7psd+oQ8k8JfpCZXurklFu2t96WROfSKtmjhIcy0IwV0L/hx5dSoDE5MG2cw==]]></Encrypt>
</xml>


2018-01-01 20:09:29 debug :
------------
String:
account-ticket<xml>
    <AppId><![CDATA[wx7f83e93205d2fd31]]></AppId>
    <Encrypt><![CDATA[ST5jY8qSHqUgrsY/e3J74KYVnk/uw14aH5rERIhllLQ8xrU33dZy2fcocRDcouQ2gfgID+AMrqeivWhIj1ECW0/LRyVRuKi82vrbdg6UkNe+hHjU6+e2P6p/dNzGLO7uFqwyzDoWXHYLW3O9UVto31DVpdJnNgQ1ae9oouz2QzjXgiql12+ERuaTm4H14lkAJe7Iilyq6KOFmQiH3MVLr2AOTnUMddEBscOZXJzL7DpISjuKcTQ2No/SImvH6wQX6mnG07GofLC4olfMoqgvvbi2nJ7tx8yf/JtaHpDFD50bJVk60jonXgSQLeowA7fHaNRhIwX5CTgHBCALawlqxaqC9Jg2VrTNEgcuDSXvszqKmEOn5TW0/S4GebUYt+l4HQ4xfsyWruTnx1/DwcLmnhpOVasEQufgtsbGbiIpH+A5PNsaUTGFtv/9gmuYmar1RVG5KL9IiUDfvy7OqP3M5Q==]]></Encrypt>
</xml>


2018-01-01 20:19:15 debug :
------------
String:
account-ticket<xml>
    <AppId><![CDATA[wx7f83e93205d2fd31]]></AppId>
    <Encrypt><![CDATA[9Wm7HnPlPkshu1pEENVl3e0PJ//f5/TDJHQDrii70eaB3ACsmkGBL6qZuzdctKzQf7DfiUO9OIe4hD9o2cdjBwgj7HaNsj2U7YhE9ik8t0FJvylIg0DLAmxoevmdGp4aMmnMtZECZazesm1Q9D9xZaHTgEzZoe0C0EkoFdWtnisuXL00rW4ohfaQy/sbTGkZB2i1JrTmOdg5EsrGiapCN9+QEeDHoiSoNnaplHIKyukGOwmEDbxSLDqAZ1af4GgtMR0K4+4A3WWCxgkBXNUodnpvU1xox/xn/jnWIefc8Yn6y5i94exc7baLhjpdnape9Q6lklqZPGhnqvgPaVVkE0j1m/H37G4rF/+jULVE7HbIz1pxuF3kR38QnYMQqr2mX20M91DL7/7pRsrbnyShURs3UdxwbHbrzKeNZwa/dWAWw47s43bQWbw2m+QpF9K+IS6v45OkB4QezkkInds/2w==]]></Encrypt>
</xml>


2018-01-01 20:29:12 debug :
------------
String:
account-ticket<xml>
    <AppId><![CDATA[wx7f83e93205d2fd31]]></AppId>
    <Encrypt><![CDATA[xIYDbPkxYJZH+IYa8SkB6vnWLv8Bw5KXuQvlzmzOFAruQwxZsvqm65b+5o0EFy8v/HE769scfjw0nZcQ1fGPORtk6wvGPeIOwaNFo1nBxWLrG42O1pcnw3rGfM1FBNo2S22oiAUE+VV0bw0yY5VZl7CRSoHp5+XRw2jFdPApyMef1mkYb35vsx1j+WbKeK75UDtGnyGLeFoy+VY0sBwq9q0W5n8TyOehVmtQA5HOAbx5VqKgElXYN0pGxUeqzYiNvy+1z7R2ouK28pUfIySSx+tkCBuSX2VdOZd+xMhNv9b/Nat1hgCgJuZqKVFQWGsidVHzI6D9i2wQPGXL95Zzpe1n/meGAQl8urFGfWjVOPRrsoKzOABeK5Bjli+fwPAsR3RQMvuxexvlrzA50hQxgGjO711Pw9U1gttVpMcZuFPxiQt5mdsnJs2KDjsyS8ajUr3CiWo7uz+thD8BNVKTng==]]></Encrypt>
</xml>


2018-01-01 20:39:17 debug :
------------
String:
account-ticket<xml>
    <AppId><![CDATA[wx7f83e93205d2fd31]]></AppId>
    <Encrypt><![CDATA[xovSOZ+hXYbw5UAeyr0ZLpUXFwmawYSZVohd1hC4lS2wz3MKF5XFFP4Y4S98ZKWFcU38O8WVzHUvoR5myrfmHdH08OFLxJ4udnNUoQ2NRYrHvtPpDxjzy+PhTm+uvjve9T8ocxpGh/Y/RMneUx2RY1Iy0pP9gyXGzUSQI3E0c2kelT75Bnwv9cQDVVB+tRN8HAS7lwo3r1Y67wZLbR+dAXrRYjKkZZPeEswcfUdNAL3fSDHwtXvnJcrpwxy/hdeyIYbSbc9ck/rKvXT15pIQ2jlpzhx9vzmPHEMnmm0rFXlIYadLvAA7RfTQ3g6tf7AXLn+xHR2EAkrMksAWQXFaqwlcZmpMgdSuxtOMHCcbUHX4WxrRZbjLfvR9qBTqbx76RKHiFgPpA/IxLGuAVF7qLZ5qpGwjcsioCtyN68Vtdh2t2SsaQ3hH16aUfG+hy047VKmADAoUWOSeruEqk5BtoQ==]]></Encrypt>
</xml>


2018-01-01 20:49:20 debug :
------------
String:
account-ticket<xml>
    <AppId><![CDATA[wx7f83e93205d2fd31]]></AppId>
    <Encrypt><![CDATA[vdNgK2GpLtw4ktpAuag+6BQMY/4zZ6fgvgy1/krPfVcqlOjaABep5TyU1DJH2m7BV12OAO+aj85FuFNLS3Zyy1bHO7lj2ldYyi1aE+UShC6ZmKkF7kozEsZOTFxAOAKiu04GuZVLiJMZRpFmE/HRmCwafinHIBOSzHNVqtU10y3YTvK0txsNq8ilb+hzMhBNgd32zgLItHR0xTJE1wK4lz4+hXS4kyiX7WhvGJU36RIhKn+/pk2uoMCnpWNBxQzTdjifiotod8OvTBR1daEy7kApHAUhHMR3BtwePu07PFXCCZKvnn1juiz6+8le0yZQiM3M6T8lSG08N9VcgQU5bmkgHZc6UNO8KLNxikgwUkII2Ud8618tU7r7+Ijyul+MkXXRiy6mALkUqXx3sQo+3HJvYdZJ79dfnH+d9Lh1PmwqCp2gGPwdNaD6+orVuTePB9BmqhL6Ni6gGqzObNsDYg==]]></Encrypt>
</xml>


2018-01-01 20:59:08 debug :
------------
String:
account-ticket<xml>
    <AppId><![CDATA[wx7f83e93205d2fd31]]></AppId>
    <Encrypt><![CDATA[TfWxXW8fc+jkjbc3CO+Yhhb/hg4aqm4TZAJ0Bo+zv5xt+chLEZRhS4F25lTAt83Mqit9bmG5jH5a+wdhrLcKA/nWIBKQmI4ZlciiDWOACz7SNk/v0UyaGxLEHs57pF0CJLxOzNHBCDHze/73coWiAs90xUh76zREv82bsxg9i664qRW3Rt7MBValiiwjxAlkemPgsoGQaTr/eAKDbJ3xCXW+i9r8qh/Q+dIo9zFM6iCFPVZ4erTTDoKhO2RJSv77gH0xGxQC15w1E2mrdA+2mp9v1LY1uAtbOiPxETqneNPXDm/F2Tvm14LcjC4qrZ5hGRVUN2qpVVf7ANkWXxOroWoC8aE1eqOXpnuVtD8N2KVwQNBEsn9IOvIkD7HnD3qpmtrl6wwEQxSHe/k0vjfxrEyO6jLSNXATJLZRmUxdXpfzLUzv3cCbirXEhGpE2MOpPToh515uhJNgtdkGUl6sXw==]]></Encrypt>
</xml>


2018-01-01 21:09:28 debug :
------------
String:
account-ticket<xml>
    <AppId><![CDATA[wx7f83e93205d2fd31]]></AppId>
    <Encrypt><![CDATA[NzXd3uIzlyCOfSANkxbCnAruo44NAojAmn7N9lj5HUL2I/CEH60rMLPeM8iixS+kpCAfnlu8Z7xNT3n45Yu3UeeJQYOh7WOgP28uKN0q9wMyFT5NRBj4X7bcaa2nPYK1BKxSvMfh1gtnPsfGCQkQVF9bvpRFKfR182sCzGN4YCrYf+Aw/nNsKdeek4DQkvZj+lJCmsb9LBC3+I69iuTYbEqQ9PXZTVV/EtdjGR0NMKoCViNlfWzkxTwRsaF+Icjt6zlZlB3icji4BS+dBTBaj9zf+a+zamrCd07af/E+nUo9xRB/XxW2tfu+SFV/fU9jfZMB117TIn/XZfwvodTfEru08tet0ljw+hJb9jF2arvO24XnKH5uhRFRB1t5DbAEJ6CXpjQCinjOV2HCPG5ii2fkK47kOozts+jnWsyliLEL2cbwrfJKbEvLatr+/8IFdrycxT5wBZSpFdfZbb4xGA==]]></Encrypt>
</xml>


2018-01-01 21:19:15 debug :
------------
String:
account-ticket<xml>
    <AppId><![CDATA[wx7f83e93205d2fd31]]></AppId>
    <Encrypt><![CDATA[m3/72xMcIBhwHucAch3Tdr+B0STlCA3rmeIEo1Iufn+uwAYa/DkYad7LCjbHUZy+WvNEHfEJ+z0377vANFdAKuYsFnSDLUpqxjFDlcgpkJ8H9myEXWyDES3Pr3lrxgJbRSh35uX8wkhfBAq9rSwI1rJAF9Ndhh3uJkyiGyBThs8WD0XfEUz91TVoEwgdWE/YnDWw0r8vUEybHoxW/91j2gNOCPvSCaINgbtycOZ2/Bprb58ozIvmUJykycbXwyUtJx4PdySP8PCJoo72z8t0Rs0O6rGWnDBqVQiIHaWQQKf3O/9B7mYWPJf1usXxSOGYWkawX3KGIqG1YGXaX3wzgWt5i9sedpnATa4Uylagus/rg9KoytMt3nQpfeIlUFUs4gDLEy9u3BFAcKqO5eP3Q4sQRM++vb4ujI+VsphHI4040iA/o1O4Q7gU5ZI1zLpaX/5fHtbuq0TXaucpyRIF3Q==]]></Encrypt>
</xml>


2018-01-01 21:29:04 debug :
------------
String:
account-ticket<xml>
    <AppId><![CDATA[wx7f83e93205d2fd31]]></AppId>
    <Encrypt><![CDATA[VpOOSeImZhrz45wmAYAHKG7JC7od6D4van/Y73AdwSPGzRAqgPZUAUdhd2RH8SH5kr7amyJ5lrpCKkOsmxLDMq1piDydybyw8pszXp0V7GYOpERHiZEGqlEU8VKwH6gXKVp9ANDVgW8AHnCQjB+BH2lPixZwSdWBAulra58WQSwzPtlgdM0LXKbraLIdun4fA6NbLj05qyjrz0Eu24LjrJ7N3S2vILbC6KzeWjBW/MD/QLquaVhXoP4eltkqBKRysCBZutL5zWC20Kcg7YdAwjVAX0GcvL0gcIdPsCAkho+fbRfXT4KuzQcyYGiXdUPL9QeS1Zxsfdu21C9xWpKJ28Kwn5eoPVraUh3wHL1exTDLyJCb119Wq4mMQeNRv5NxOifYzA1vuDrGfUObkU3MzLKIhYbkYdcFsmrjyosrkav/QdDb0weTDIJYM3HIlcn0oOF4Dvpgrerye/SQLLpHAg==]]></Encrypt>
</xml>


2018-01-01 21:39:11 debug :
------------
String:
account-ticket<xml>
    <AppId><![CDATA[wx7f83e93205d2fd31]]></AppId>
    <Encrypt><![CDATA[oczxf7kE55fZpDfW+cMwwzsxH3WLiYFUfBoqimvvDRUcODhAUEW25VaplVKo5HCQCg4FaWi43dpJU5XzDIWyuRzzWkgcGJ8dqkBSDAgx44f6BVEMjRh8teGSRUDb4w5EU4d6kDh63GKH7NMVqEZZE36SyH+s7/Tdmvs4DplU4NZZGF27PAK1sxDrnfgTa4FK/DvuDSzSYXsaCBmiWuyp6gmfK9JTDroPrbu7XcZ+r86hlqsSKS5zQDEbC2n2yGJHpbkGu6023/f+T5otrsGChdtPQ5O3mvpLd5a1Unndt/CIWhgivFB7q5Pr/nuHjx1kQTIz9oxMXlxbJAPPWu0lP5vQAJDQMUBCQiZJZ4TC7RfrcexaTKXjrxkGkuZkbf5w1g3ObS6BaDBnwA2+IptTP7SVF41J9GlCTZJuhgJogH9TeUVHwT3/bFH5a6//Ish6mtkKEv+5rGeJ1GmBbQO84g==]]></Encrypt>
</xml>


2018-01-01 21:48:56 debug :
------------
String:
account-ticket<xml>
    <AppId><![CDATA[wx7f83e93205d2fd31]]></AppId>
    <Encrypt><![CDATA[fcfybhgvLJsi3Vm4nWoxRziWdsKzMrw/iizixKmbW0BexrQtkT4XEAPdvJL+iy9hf7NFVAoWUWsJTujC91+RNc8cmDFRJHl+vbYeSsC79g+J1nuh6sYxUIpikTTG9SlkVA1p9AcUrNoRd54xfkhHupbvnPEoUMKgITkw51iiK5r/kpeeeNs7cnPSRu/T9LbzicGxqOj/fByvs4mVnJT6QInhKO8T1xeShwtBqrN01yRDErW5fb9g6aOEyJxJEtJtCXOT25o5nkeyWSwGTrJByWXSEqUUj+ZdEDzuHoMd3izflJUgP66PFgXlxsOcNxXAvlCk4+hB1MJTxHzFv4h1BvNZcr95aV06th6uR4YG5zUXlF96+xhX5nkoJY/CaAIB9Y8KKJxYyOtfE2Y9NX8tgy5vr6GdRHf3MAXr6ACIuyWsCJ/x+M+1PiF2RF/GIbM1J1wp8Hwx89L4hIPxfcsNHw==]]></Encrypt>
</xml>


2018-01-01 21:59:06 debug :
------------
String:
account-ticket<xml>
    <AppId><![CDATA[wx7f83e93205d2fd31]]></AppId>
    <Encrypt><![CDATA[SrLlf+lKq/tl2xGu+DTqxmx9Gi0nmDUei/E3yxMqYBo5nco4VJT7spo77qwVum8A0dgLhwzoxbXnLBJg/IRwqdwfh8cHF+lvEYFkXEyWAplSgNzLWbw9eXjsTdQebERx2t3+B+TuYvrmc4jnLxaNtKygV7cvj1qGO0Zq1ZAYrPFcNSA+ltMdxRg52mair9P4VqRbIpMwfdop32OaDVM6Q4dnao2U8+FuTK0OwWeXN1pc5XyyJMF+VVZGUkYNABMyKiE87DmdfjDP9qXUBtLz/vpdI2RMajO27WIdx8LVjkDq2hvU6P0rN3k2iKKeUz9PZ8Zg/m7rJvIaGyfVJvnP02Hxbu+EuxTQaCYPd/tRm3LPGnOxyJxfhVn/sY7UIbmYIGKVGaah2Q/JbLlTaWE4en2TZpAO2SVuWmUbEAMBLxsA0lU6fkzvJMlXElspTbpFuzVrfyQ77Vj3Cq/Ukspdsg==]]></Encrypt>
</xml>


2018-01-01 22:09:07 debug :
------------
String:
account-ticket<xml>
    <AppId><![CDATA[wx7f83e93205d2fd31]]></AppId>
    <Encrypt><![CDATA[J8XAyLzc17Mqqrj4I+np1C3dc/C0PAZ3f8kc36bIMkooI/9Fb7UkWABs667WerVN8JNrhCldzZNUUbPnOpvLHBSYi2ye7lfQnsk+HpO6B6GfGxS/AQDMVJ78rbES8BENGMks8UaOqoTZUaWyN0EItJLM4w2WtnGX2FAEIBhJi5z87FeF0j5KJz2SGC+sAvpDuollelRb4T2+7Cu47XzutwCgxyeHRTuMCfU/e7Y8CkhNzpmTFIkuJVneSpZLgePJPvvDxJbSp2VLuLQXKh5iqYonKkWxBAhZInxuPU1XruacnXcGn7GJxmwRHS3QItFA9O7L1QA1LTUBvmuo1uCdLl8q62Oyg3UGcSomnI5r/5SoKDKzZ7HIYEpT0pv0IRxJr5HMXB2O+6aFBLVYmPKowcdj/lp4tptADO2ARTSQTMDkIbkMc7aup4POqLlWB8OlfN4w9VhuIOjZtxZJeAbXLA==]]></Encrypt>
</xml>


2018-01-01 22:19:04 debug :
------------
String:
account-ticket<xml>
    <AppId><![CDATA[wx7f83e93205d2fd31]]></AppId>
    <Encrypt><![CDATA[qMRUrKOQ/207SgymBU/9WIeOh/OqWUafrjlfil7v+G+P4suabeTDvSUy1WGv/rIyNBOyfQQsQFf19IUV2BAN8plsDwlFHqEeNZhO5Uv2rQ8MvyAcdfuubADvtNkGIEJxKa9wCposqNhMpTwWI9gzj8x4+WGzLIWy+4vt/QV5cTqTMgIjvRleiObD2SdoXHsoWjLO436pDNYVPtxLv8tgeSpz4bBBZCWnibt0B4cehP6dYyU/dxvbmkqJbn0UDi7g6HtZ/WWQPnRozq/tiyhWGKGSOOz75iLpun2vCsC50TnjhNWiDrUsnUg3QWRwQB6V5xROacS7lL1aD0igOceKMfpjpOBloMTXFFBWtoz5kJFjnfYA/hk/5tJwUNjVxYsQkhffoB7veONdFYTbXKL3PlhfHcKbrwL2YgT48GYe5MksxW+r+itSMibosthMXgn+utUKlOnxYkQyKidCkDr6BA==]]></Encrypt>
</xml>


2018-01-01 22:28:56 debug :
------------
String:
account-ticket<xml>
    <AppId><![CDATA[wx7f83e93205d2fd31]]></AppId>
    <Encrypt><![CDATA[JoxUPJc+ZE/tqRkrUkM/LzccR/unDKRD3ax1htNGxsneyDBJ4oo9HYHW6fB0Hg91HMsxpaeYjcXqJxeAq6Oqbe/wmQT3KX8jUdhJiB+nmDJXjF5KT0E+A41qawUXqRqjU1B2RI7d8Cxngpk3Go3eoolb9icT1g/I1ueMzI2ObiA9qyK3SeGPjfe35g0Vc2Px2QdxkSnXZrLA4MSrSY1gHMb2TD0BichlfLOGcvzTul3zPKnNIIT+pF7ElP4gwox49YjpWIV460nBWdfjMoJrkLydiwaTZG4NVPLdtJUWO4Yk+XUZP169ZB0pYO7rdtq+GwCv9yHkSY3XhZJEIYLYhixs+Ctf5imBH5FQ3EQryLC94jOAvlfCX5d/2A4WCklJJareFPwGblBM2uYP1JcvQXBQahiknZs+CKN8aOdiJRpt/p7TwPB3hrmLNbIgW8y9I/14frsu4eulP//dkiFLlg==]]></Encrypt>
</xml>


2018-01-01 22:38:57 debug :
------------
String:
account-ticket<xml>
    <AppId><![CDATA[wx7f83e93205d2fd31]]></AppId>
    <Encrypt><![CDATA[hNWa+ZLvR2bXqLATNTSEnGbCfmmDzOAD+lzE/uGlJi+Ly6ycaBaRYEQvd5P4LziLliYLi8hZKMKKXXpkcuP19DcFAmuAhAjPREyYf0g3CqqDj9F7Jcv2kcDDqsF8DZ8NP4bprCSr2eBSUd80xRFUFWAzfX77zCPBNGvDzzI/6gFKKVCWqIxKWLkMm64hbl/qb2E+R9Yeyk77QFlCdNGHDB3UanKa1pfT4h4oKLY9CzYRPuRXAQ7WkLqbmcFqaCyO2aY0CKVl7urdU7I0JRhUSSK0jwbLc3y9nj0598LeWxT/jaLEutoRTWTv+ACWjtwEoSjutaD/ha1n7mKxQ3qjKE3u8uZhq71g/NJnYKHLLaHofSAtF0A9fllGYg4tMWxSfxgTDuV9ATd8SycFRAb6mGhd75VXO740CgZmidI7soGatM1mD5iq4DIitXMnyAkgBOPheLdj9NGGvJyjMwLumQ==]]></Encrypt>
</xml>


2018-01-01 22:48:40 debug :
------------
String:
account-ticket<xml>
    <AppId><![CDATA[wx7f83e93205d2fd31]]></AppId>
    <Encrypt><![CDATA[OBhgUqhVKZmdHDDA16vV9yFdEN+QaL8HHGaCT4X7nCjdDFOUHwpftPJIuCSC8egn0iY0H37OEk9de3g8zKOmjHlEUDvOQd8nmGjoscv+VuHyC9wo/7/FakmVbQrVhOeylpFmHkAUTYamrhLcmgzY5iCvwt9ABJqbjUrWuczJQ3zjOhrkK8yNupcXITKil6icHvF8ebRCKJjAo/vbooUStPe0wsUushinJGWWMcOooYjWAun+Ib5w5ogNsaDbZ96/XplKAoBcw990beYTL6ew7Nt9LrIgj3viH/s+ZQPhINdDwbY3fzq/+k3LL8p6m6CAdH7ShH27SzAWvPG77T1JB2mrHPzW+C3NaR/MnXzexEWswvUbf9WhVoaFTh9vx8ZhIjWrOsP0PUr54l9zz6Omk4hKKFCp7jxEJD6U5iilcYm/jcqthzmCrhiFAy8r50tGvxQ/Om33OMqtsU/4IqSL+A==]]></Encrypt>
</xml>


2018-01-01 22:58:46 debug :
------------
String:
account-ticket<xml>
    <AppId><![CDATA[wx7f83e93205d2fd31]]></AppId>
    <Encrypt><![CDATA[mHqgFjO53dTS4+zCUEn/KwRp8Coenha8oF+BD9Xl/DKuvZvHhCdzGTqvr4FTD7vvfQiKDONfTP1GBOIv4odHhrNw9UiaZeIHdvmgyd04N+DJGC8ssRClJvhzvvn4GrVt6vpVzKyWyelPJk1/93vnDVu7fQAsiKOQfFTNQqSS0eowROlF7pm6qkLetOwINmCWqkvelWd/wqeulct1kOsKt56niLMc3jGv1Lv1UUujSdw0NcQmJh1EsCf8M5SwvXEcNm18KL7pKIHWiV0j36mjPnck6ov81u7n/Im1YYdxny/ShaegKvuP6u6xQsOtBdwmxQCoPijeqU/LYDo6ZaQeCsd+qsfNF5SNwy8SmO3gqb5dSAY3oIEQCvTSicB8ryprXCsRzoy5MMo5ZvWZRzp2kKGqueGfTFZxpN77TNQqj5kWlQr2IHXnXLbMxArFOT3GGc9g3TFGJWKzdFYkSLlE8A==]]></Encrypt>
</xml>


2018-01-01 23:08:46 debug :
------------
String:
account-ticket<xml>
    <AppId><![CDATA[wx7f83e93205d2fd31]]></AppId>
    <Encrypt><![CDATA[3FwTjpLr2M8Pv+aX/QOkp2kK+PMnGPcYpCXSGkgwUBxKeFy5fY+j7XZPEro/IGZkU5+J74xAqR+pyMXxnuTl8Sw4le/YlV9lsu4iqsYPCZsI4v35nLSpOAgYMRr1Fu6cH4pDAmuLudCtFqddIObVGXSdp6vGxVnU/xNnZjgtnFNn2KCqutfsQNHrk4rYBNl+PqI4XunBfzUnc1ffG9x3cw7kyg//qWD73FYEQhElZc0pgayRBUqqSmKjbVX9HkDkeyXNC0o/4PuOdUSTXJyD5bMQTAUaMVhYZGIlI4q62m7/qWyIcMPcoKd8fTnZ9NX4uxN52cyloxvpHh+LEUOHlGnvrr3AWE5bdoCNXE40UP/SDCVz+kSm6clI0vZpTI/h9CIbG06lFziLF7O63TQ8dqjbNVsViBjRcxkarFK2FWk+uH09e+mZIRtECRoiE1E8tNSUYjCCciYPow5NSDDmDQ==]]></Encrypt>
</xml>


2018-01-01 23:18:32 debug :
------------
String:
account-ticket<xml>
    <AppId><![CDATA[wx7f83e93205d2fd31]]></AppId>
    <Encrypt><![CDATA[3v6+mTb4kFGlkGKxOoEupTxKg+Vev6D25u4waXJQWZFse3/2Wnmcy8fxXMIw7zbEqIUc7txoaM0PzsswkOuXucpQ7ts4I5A4EaJMI91y+uklMVqWXK8j7LDSl+IcDiZH59jWKxx2N4XhRATewILeBAUdrsJ1M4KykNWVtb1ZCGGZ/BBpbXEevPtl4nT2QmC5bdK87FODL0z6gq2Gn01pms/dAN/GoxolCOgQE4TS/QDuChl/fsicpdB1KZdcARqupssQwppdU3TPVL6CKtdk5C49oQwpllM3Ss31qgSC6YYQEtZD/cX1GUltyPxujeqZiRyD3UT6b9atXFI+1qmurG5eyamrxOVgL1ZaN08TdM7dmmBueTYsGJRh4SrWT2z2IDsbSQAFb0VBzlDAth7wkjHicq4wx6FuVXJMKBeksPelqB1Yo6znS09NIky31q9AP7V4D0Cn66jdSfLij2vIHw==]]></Encrypt>
</xml>


2018-01-01 23:28:43 debug :
------------
String:
account-ticket<xml>
    <AppId><![CDATA[wx7f83e93205d2fd31]]></AppId>
    <Encrypt><![CDATA[cdame9KGtI/MaZrAAlhM/J5szTWhKtVfu/FNIaAgx1kmFk0dAdn89N3Q2F0diDZVbKKkQn3PCCosgQS9JA1KOFtB597XV/nJg4aXxdWf9A/I3mIh9RIMJ0zYDjQTVZBxXtoosyaJjrHKoHCNMB/6N7S9GQXpE00QEWQDTkwYFntqYtRMZ9TN5t/6SqrfH+X04IrN2EGHAYrpz9nbnreXrjcOvRVmcYnUjZGit0EwOuchv8rcyhhuEawJQMVjK7lN+iZI7m+BGJHO7LBEmtHdS1RefuhyOOlpnptVfBxpffvo87d3r5Fi1oShIewnyW9BZtj54eKZOEmdBPXJvogs4GWfO/hL/IP+D0417TMDBMfHD51CwEOwBr1U7y+I4qB5dcQ8LRy5YHOgsaMBHLpFps78GtVEb6AIAX3cNQgQOOe3+0iRJpAXewepNAHDjKDiPSckGTN/Mi9Z3D9gYTjzgQ==]]></Encrypt>
</xml>


2018-01-01 23:38:35 debug :
------------
String:
account-ticket<xml>
    <AppId><![CDATA[wx7f83e93205d2fd31]]></AppId>
    <Encrypt><![CDATA[oDDPgmdxCnDBF6ELHUbXJoR2BvotU3cZSXQd0Mv53+KWCv2PUm+TPmy8uyL+Vlb5LiOpCCi4siqOa0WlIVwJi3m1r2gLitZOJOyG38nzb2Lp6bxhdBLjU6S1K/LU/zZ+xpiJoPg2MZx4IB2J1FboFmI58da/ecLZQLyMYBixlTADTS2pb0K6MHmmzh5Vc6IimlN6MN4anYxZcBJ/rzuXaXZWBAQK4W+KtR7ffPBrP2un0bnZbXIFkXFBn81+Ygl1qtHxI43pnQEqXfS/yfM0HB6Vvd7ccn0nbb95AZOBrp+4OPii1Z0vU87+asRNHl8ExKxGWuMsdZvxQcIplgikg5jsRJUsEf/yGQiv3veJC3VEXc6N6xA+OkjupxKYYM5jI8rVt4dehUVGIfy4YD6YuHYd5fmBh4c4jHUhuOPk8g8ZSogBCjnz0dY5E6+YIpxJFIiosR+FdlslvV6qZFFI3A==]]></Encrypt>
</xml>


2018-01-01 23:48:27 debug :
------------
String:
account-ticket<xml>
    <AppId><![CDATA[wx7f83e93205d2fd31]]></AppId>
    <Encrypt><![CDATA[KBy6Q46fUV2MBCbSrQqqW3tvdy/KxSiLer8zDNu6vxMG93fhe87pUj8oyKr5w5aDCfTW7rOyoo85uvdN/Kzql5wRaWVTQcUIUG5iPKsvwGBxEZJXUYHuO6XOLsupRb0+MfM6P6d0onOrt3n56qGaey7xiKODmAg64ui3N+mbd6AElSUpkvboDJreewuN/ojcTGl70WtxRkZNlIoS+s5Iayzgem+GHffCadjQyMeQbcSVyspbaQkUB4x6uHaL2cNE+AUd9Yi48VXIDWoiZwF8HffVSd0ThDjlSZNlOH/HSXEXGULlybn5egnyrqJcZMzQJ50w26rTOrCkQfq7lpe1FCZds2Xti6fFBnoIqWS3PpGHRmYaVtoIwVfBQxR7rcFEK3sZKZNltgM+MMJuyf+Mz93Yoevc/fNtkw0/psRddqZsGfGpI2+oJuWOsJQvNRPEGXlDa6GvgZbQ8uS50VR25w==]]></Encrypt>
</xml>


2018-01-01 23:58:21 debug :
------------
String:
account-ticket<xml>
    <AppId><![CDATA[wx7f83e93205d2fd31]]></AppId>
    <Encrypt><![CDATA[VzOhIvrlzjOgsoJzUkbWXdOcaY4IxsiqKWgV3cLEuwgq3IC+b5UKG6w3pz0pAAboKglVAPNUW98HEerLYQxp0TROuHA7ciXDc+1f9xjoaoh7HEqS12v0oTrEB5HgkHOb9E5rkgaNCfzbrDtqObdYIRm4aFpJkAOMjNYK59M82GhLYzNnyiHszH3Oz8SHjVbLAwJo4VCtAtNfnnRs98MFy6fqKPsDkay4agVHUkUCuix6E8RyFj3WgbssC+JknhpeBDRx9AA2YGjA1HPd+CEopfVVvhf6GVGbqOm0TeyVVZOTMq/6BXDEYH+oQ4ktnnPoWmIwcx2wXS1dhxeewfXuwuHNzxkDlUBt/PYyl9MtA9VppujbdgK1adhioL8kghcg/DUAJKhAjlnRhE6Sw/FxoWTC0ShuJcbJMhEfoxnsiKO/Mr+AywYgB5AepVlofZ9CFUwdd/9gLTt7luqaThfhvw==]]></Encrypt>
</xml>


