2018-01-09 00:00:44 debug :
------------
String:
account-ticket<xml>
    <AppId><![CDATA[wx7f83e93205d2fd31]]></AppId>
    <Encrypt><![CDATA[3jfLqiTLNlqT8zUcPZw+sOIS7OkBfNGXOL/rL5aqtxJBZKkEo3TeBt/rFVfIWhZsBkipMvAHzzW3yZ+XAMbK1YPHdbSFcOPdjNp8U3e1fIDlU2Z+khHyKPucmfSLdhEWs1p/JygHz3Yh33f4ZyYkM0hwaToJ3ksfFEmX68CkcUCalI7vBIq5fsLv/rR4Hv6Tgz+Y/atWGKsdtX2Lvfh9JjGI0BElmIiCO7TeQiYYU/f+P69dCw9/kUlOjveqJ1p4uIXonD9SL8P//bMAjXItgRehYGntl0OlUPofpL77E4gGvHMinC8YglK3h1D7/8WNRUhv7ducn3uLjTPTxdNZfkAnhRFjUZHPqYQ5DWH6Pq+SzTxtPywY0q2PN3jaPW6DXfsuNXXATQX8BUmeZI2radYN970CPHuNeJWx5P1I1j9iX2Z9wvAcC9HV8qT7sqaw1RQ/BCXRLp3wpAdDA1unEA==]]></Encrypt>
</xml>


2018-01-09 00:10:46 debug :
------------
String:
account-ticket<xml>
    <AppId><![CDATA[wx7f83e93205d2fd31]]></AppId>
    <Encrypt><![CDATA[4B21VTR0PbL0a7sCPs6mGLeXyd8B3mthznF6UGb/zjJmC02VvMZ4H78eYsUsPboI7bIscy4bkjKFZ3G7geBPPm8hKhkWKsZ4AsmXDZsErmGgjPhDGX3FwD94ge3J142A9H76d6gcBCU5gcq34laGhgLclGdXWepjijcdKBEggRVn6RDe5CxDS5Q2X/09XM9nYION2qw4oBaF7TT7InzhUtzIeVGDLGMl5qqUIekoK7HdFSLXll7rMT9wpF5FYht0jNwXgdDJxqNT9ApeQrvF+xugB+L4Chfg3Ki17Rmf1EIF9SleZqvOyPB07qr7spkwFtv8u+pQsSsPjS2cLyyiyFwqI9KPhpa//3JfE7OXP3Nnw2yLW2hBd+MpyIP7dMK7tBEG29RKfDjiczCVi8pHeHULIvQaiqK4wcclh/w+iwdxGM8uO3XAf9pdR7m/7PpPgH3tmvoPP19E1pYhGGLdNQ==]]></Encrypt>
</xml>


2018-01-09 00:20:45 debug :
------------
String:
account-ticket<xml>
    <AppId><![CDATA[wx7f83e93205d2fd31]]></AppId>
    <Encrypt><![CDATA[v5t03AMvXjh7TwKnKVe57dGea+51vjDIMSJdj2JJC+Qt0PxKy2mcYU/mw3hkM+B4pW1CkMr0D3mX3RwVpu1lchZ1A5QukaLMxTC64LblBuVwItTG3Tq1KyTuYP57zTw+GKa3yna1mu7i0pKYeEmBUcoLWlaNRSZn5c9zgUkv13OK7bLqtn6NTDMhJldD7MHMGA81JSxCfMSWIskUIOHRAVB2qG3ZMjsi+mJ00sglwmpZg1fvyUrgHATeW7YL55XOP+Jg4iQ6vTssvoy8XzMGCwHGxdk+IE0m6GTbVhejVEUTOtx4KLjnaDQCNLXUNmEGFefd1GsbUYr+GWZUvAXYL37KDu0b9LBV0rAO6WgVbnWkY1nuvxIQEjyVpNiTv/SSTbHZM0/tzfHlH+ktdnmhZfMYQL70Rl9DOMK+zy/yhDhnV8KOLaYUxtT4lpUv2rUV5tMHX98YyYfAz9nah4HYgg==]]></Encrypt>
</xml>


2018-01-09 00:30:47 debug :
------------
String:
account-ticket<xml>
    <AppId><![CDATA[wx7f83e93205d2fd31]]></AppId>
    <Encrypt><![CDATA[j2DKNCauLgExN87tRKITAJUk1VUkullznLuTKcCcA30UOoRD7WnehwXuzoFicDu53DNgEEMynQN7TK8VFmZxPoJO1oI1pT7FUh+Yglj1TSIkNCyiSqB3xQav+gfdS8yIPaQPfBnr5ApOSP8MPGaIGqzSdZmoRrWxE4EEzt1lY7FDfQJDGWdGkcv66j3XhvlZUJJhFaz9vFfQoUZEQgkFv5w6Bf9YAnUmhQHPopu8q5U1AnS2lxoG/UV1GK6R7GgkhO7yKGCnvdWQHZ4t/Wr7Pii6mlSHQuDWCh6IJ5K3yiCPXqgQIhBb34Jw1E+jky2uGBPRBLgfJw2To9Yk/iTEx0L10TI5nRE82p0uJZCZR5n9fgC35LA3PnDK31ViG53kPZ7a3zmUoL2jzBhBPUFm7fvR/ms28tt21iUhp0smrO0jRwgE7/svWfpqaJ88iIUSEGkrJGTrhnqdQxCi2u6Kiw==]]></Encrypt>
</xml>


2018-01-09 00:40:39 debug :
------------
String:
account-ticket<xml>
    <AppId><![CDATA[wx7f83e93205d2fd31]]></AppId>
    <Encrypt><![CDATA[Lq08FTcN0NlmScbRCn+6zNI6VDcrg7wnVVtAef8fK0KuWHUyrHTA7qhh5BMcD6GNXXgFFaR3zSW9ymmL0Fms1keYTaczsE/4QEqjZHzlIDzo+T0kHwnMNAyQ73KGZ8AuXpNGNCDSpd5GCSyENvAzpKqfGNNdTfIwFRS0p0LzJR4UrhuP3vCw134y4wLdxAY6C7r0EzO+V1Rx3RoQ8kbgxGSGMLQ+rn2Da7Q8gRxqYF53uqzGjx1JbXUOKkOoBjDot5vrt0CEMz79wXl+98d2c/fF5xsPnKYneF0rXzemR9Eksr69JQb5cI2oMyHulcQYf2opUorWmIcUVR2zkLEr9f5PPUbYPZLkpazR4suprhf3M0ypKJwL5mKo4NX/hFugASDvxBMu8Cta560OQGx7cZQL7syHicx+SUBl4ewXL6H1QyEyqIhjlme+7DgpoJOs1DD0fKasX2vXwPtSS32uyA==]]></Encrypt>
</xml>


2018-01-09 00:50:38 debug :
------------
String:
account-ticket<xml>
    <AppId><![CDATA[wx7f83e93205d2fd31]]></AppId>
    <Encrypt><![CDATA[A9DdMbgd3YC65V86fsFMCCNiFqauQdo8sHKTmNM/tkdm5leZssxxooHt81qsdyZ2oMeROITteTTAUISH3WqvdaoudGtCgknx/Wsw+WtYD+C+HIS8V/EKJJrVajRtKCU2woSZN+HqB90QT8rIskENVrCIgFS7lJ0goDVJcviSThE3vS3LncAnKAb6DzbvsajXcWOtk9xYmO9pVdcLqTdYQhE9uhK6bg405skk+jX7VgX2DkZTG7fHJ0sVq7Rqt7q9V5S5wWrLwV2HzE4fw50Lmzj8ejaJ3LrIxHYwYVj2GLkaFWDqa1/1CeLvzUov17QRy09Q63wLD2hCBrNZAUCq84egDMnrjPCMFq9Dn7hRDPsKXM4bF842KoPYMIl5Je+gkmv13JK9m7zfE7qCuBpGj+PfaVVLwzNgE8bw0Rg6PcH/PhSIFYPHqL+n0uL6H17Ie9xz+vwbjNLZU6aek4aboQ==]]></Encrypt>
</xml>


2018-01-09 01:00:35 debug :
------------
String:
account-ticket<xml>
    <AppId><![CDATA[wx7f83e93205d2fd31]]></AppId>
    <Encrypt><![CDATA[Ell3sUZlv2cMQKYVsbuXJeD3Fw/sH84KAhgTu1/kYl0yuHWe40TwT3v+7/D+y5s4JSuELJgvqnFdVijg6QpGV2UZzjUcYfBIj/5upx9wrH1D6J0m1YUt7ZqDY/TUMCX46YXaqVse7FWdIbdpsfMYoHK3mqMvA9NDiVbwDSgI5kP975tOAPpGblR0rz89n9nzO/y4FyPL8qHrXeVKwfg0PB6Akv4wvdxGsUZsXuWIRRgF9lBbvcQ61lhAok0rI6PHDM0ajUOnXhS1VFpx6npVKSKR8BnH4Pozia8+Wt6dXI3sooSwiKdlMIjKzHevkiRrR/YT91KZ6qLW3KPBhue1IV1SZxA2gG8wp3FeHar1r8CbCY/RBe7nosa8Uwl7qBmcFK0klEnQy5PGvlq58lsKOS11amJ70jxpc89htb+EJH+JfcDorM69Ahtwu3D+VYYszGw6BuyeH7qaSmmyDYVwLg==]]></Encrypt>
</xml>


2018-01-09 01:10:40 debug :
------------
String:
account-ticket<xml>
    <AppId><![CDATA[wx7f83e93205d2fd31]]></AppId>
    <Encrypt><![CDATA[yz4VpR+q3SY1A9kT4sqRb5qh8seEMXmavykQPWLr4SdbYDJmsiRf+kpv29HWal+RiKVvJwIhR6dbjtPOHpJgOJv4OdNWWL6lYosw9wVwCJHw5twBEe7iCFYM/hpw8EEY6rGhbuYd+AuuEQRnovWvugND6653UgM1GcQeuISjm1WY0W2lFML51VWr06NinRojK4BT/MfOSiqsjtDBHg1dMdhS6ZFsB4LzUGGD5o6IFDALKt+pNJcwQIjZ9DhPHr+tpVifbMHK9jKWSiaJGqm7Ar/KEl76m2fUhPrh2NNA0wKrgU1P+RZGOlkI5cNeE99kfk5OjASKvzqwRMW6UFisSzvoTTInDuaGcSOS3KH45l2qhFJ9FhzDq3/E45kZE7tu7ruY/IeP62SYpAtIRg6gY+quxmFW70+qeeDSAboIH/Nza5Mn9sxWrBrSIBGCadYX8bwAi5GM3C5VIVTDwY4J/g==]]></Encrypt>
</xml>


2018-01-09 01:20:36 debug :
------------
String:
account-ticket<xml>
    <AppId><![CDATA[wx7f83e93205d2fd31]]></AppId>
    <Encrypt><![CDATA[yGZowEjQJGnSD1rb9VWZ97fb9/GyvweNCntEW8srW+S+4n52Yqx5VaOcmIt5yAZXbxp9mN8wUKegsSUWGkVjZeM3Y63Y2T0Rt6wV9RfpULxRnGKA1xxkjK+Yj/YeM0OCem/lnq9T8+HK5OUrdVIgb3mkbaObRpjqIHeQoTa7GakVcQYAthpuRfXSfpmyCvIehRC4fP96c//im+F8ocL8k9/2k4vdA5XwdLgTAyEOxcVQrcUthCocgaS4C/lVeHBxmQFACKb+4TAj0v0WeDSMHDU2Tjgy6SoWdMnQYyvk/zaY0tYH0QUBg6VfKqhhb0LvkaNA/sjCwlzcXT3Bi+b72398i11fah2/xFbGEWD8sqoh8HXrrxH6nOpRRjNWfSJhYOvzOy2D3AaChibiBxctt/1/9VzrloseGvfkwiE4yMyZIdSsHvfPWiS7hTyJqQ1nYTS85Nk3IKCkcMSHS9c8gw==]]></Encrypt>
</xml>


2018-01-09 01:30:33 debug :
------------
String:
account-ticket<xml>
    <AppId><![CDATA[wx7f83e93205d2fd31]]></AppId>
    <Encrypt><![CDATA[sZCgEZStiomasT4cS8v72UfNFnF0h3LFWg1AGwAaosZwyX26v+UHc5nSA7RZQbmiIR+FfMcjrsYr4WienAK+sk8r7u3XBJkV5RDJJpCtWzIsYEU8fEtF44Dl0mFLMlz1S9Sebx3Umt0KyPiu8+DMxJYrCpR8uG/YUvgyRw1/BNHDMdLfUk1+6zEXFKVsH0n0MczfcCV74fOr4CsrqXqbKAP6M5EfFjC0K8aC24Y082vC/6Af0TL4qy3MT5R//fZlHEiXp22THDhBORPowJHhd49VTwvzBLvtCJZQFGatiUs/E4HF7bZfIaa+ZBqOF8dJ8v9Nf/9d3D8g4XlZzj6243pON2jkz50vXF2tMkn7i+dUH4kLwl1lhLspPnD/0HxvnFpM7QZ4qqgGbKR7QsR8A8ts0uZPXCNu6lmEkRZGByt7LNEESYkixJa3WhwX9VqUOXAuqjQQcXl/+MtLxWtQlw==]]></Encrypt>
</xml>


2018-01-09 01:40:43 debug :
------------
String:
account-ticket<xml>
    <AppId><![CDATA[wx7f83e93205d2fd31]]></AppId>
    <Encrypt><![CDATA[jfeC8PMTGZ3Zdh9uiBLhGlMwCQgfC2vijSjTzz1jc+ocYaZH5UZPvKx37mvKuWGyh75gCtYglIGwxIMDZFEdzAdyu6KN/woc1hA0nekeRBRB4PAmgy2tfsX3+OxQx3nZpo4lWubOO+pD7ab17bBskNnnfB+ShEzEomeMfQF7dvnT+qu231HM9ZqyqUXIpeBx6xtJm3q9r9oKqzWEn/2d0Zt4oDX2ufA6yPxaqEcKIJaeLJ12LNfCW3V0mRb7rPS4ouzM17rNrazeVEmO+1WlFtkKn4RO1I4bm4zHfE9EpXbhwZqFijUr6vYEAFoRyNGvxeCMVSpzWWjozKf/YFrB51md6aqabABhoiWQ5rG70WtXPxucwZlgNgDzp/0tIVxe0CGJMiFjFzG1kY0Uot2aZN1nnsvYa94DtwSNW4uIMbPHbItTNy/cgQYLO8YCIwdqdgHoi0uORetCZLemDa5XsA==]]></Encrypt>
</xml>


2018-01-09 01:50:39 debug :
------------
String:
account-ticket<xml>
    <AppId><![CDATA[wx7f83e93205d2fd31]]></AppId>
    <Encrypt><![CDATA[dBmDNzqbTYXeBJ4/v9tlCzu0bfa7+x3Mg2ou3/l2p1KPcl2cHYztYG+5UoVxEG1MdPpF723QOPs78tCh3idKjyeNfdaWqjNeCeRqeTgvlqGeGqYAXaa0/dMCjCDsYYquybbkvdPAvSxGkyg9C5XUn+aJtcIX71Fajs3XVWe/2pElOz25+g6icfYVVccER4FmaczNlvgVcCtCW0MSyL6iiohTLgGBhROfJmqtOxAWAwTVZdfm6bC0gUa0n+CK1pkhWMmJxcI+KbX6IqEil6av5Xy+P/7aSfoNsXRZ+xywGPtkSdTSRIFvcl0D+G9/u1XlJUkU9m0aW1R9rZPusgp2TwmosHx1hfhM83rSvWD1YPrUdgbKoDd5fatkCs5XKmDGI0q1vqoK7SXVJXlGeZlC8yOCSwNuhEHfBN8mW9CGwdOfsoqZzYVxsGXTlSmfWGGwq/6Z16TnrhCw1Cbn7BY56A==]]></Encrypt>
</xml>


2018-01-09 02:00:31 debug :
------------
String:
account-ticket<xml>
    <AppId><![CDATA[wx7f83e93205d2fd31]]></AppId>
    <Encrypt><![CDATA[piqvWUFM5fVn5x5EbOVcqSWfEoZoM+PQgxtnQXryQc6RThFW9L9Zj8amxx82v8NtYDDKYDu74jhdfInZ/LQW+TRetYzTohu2Qr7HewhITrhSyUu8AMwHACnMh+3FiYAhDb4gDQu8M5SU/oDxT+G+dGRnmzkvHijNK3E8aOHlukEjPoZykEyf6P3K6wEeQkHr7hoyN+7Sf/mXGgdDkiH9uoEwoQkYTKoIqwv8EeBQwQR4qyz7OgQxFYri2T/MTUWnWm6LgvDvaSqLqmjtV+4c34M0gmJeVwVaKS2tCTygbPRwAyoXwNHJgDHqadOtCdP3cw2RsSV7E7XtcDfbgZ4jtnnobtEANYZugZdTjfv1QLjNkX59NauryUHYVOJ8drGuDqThJICF1tM8UAohUpf7Ogp54/kIVjNlbfxhOTmZ+C1jztcIHe0yDS0h7+api13CKDP2vTpYX9cX5nXuwpEbrg==]]></Encrypt>
</xml>


2018-01-09 02:10:41 debug :
------------
String:
account-ticket<xml>
    <AppId><![CDATA[wx7f83e93205d2fd31]]></AppId>
    <Encrypt><![CDATA[NN4a2zEx/vUIeltaFgxmOXgs9bGFXIOeNDuzkyskbePamytPzisxdfSqVpIuzZe1sEn6m6iZZakk3CTXE+6t46wJgLMlfI41E3L7Og9c1phUcMT0hO4aJfk40nTHFI6vRc0VOZtfmAdUoHz7euwyzv4nUKQjbofSJIu9Ai8gZp1xd1cd1ywXHNDV/dtJKCi0ddatAzSZJhz4G9vt/L/QVKjbT93z9d77F9Q7yVwynxOnFQ6czv5wW4OVpRqvZZDhffAIqXZKdCq6oCf2tX5Xpwd3IJ9ICzF1GCpo+2lAtnh9sHExBQl4rMCPx9cebvD2p//QOEw2ItbK3uOn/83h5bIbofG7W9YRwUmqICinuZKRK2+3zkZwbZVAuZmyisyH3scwdlDAIifucBqQrQyyoPT80az0QqHRtMgyfqTwa3Uouk7/8TYnUXDBsSIo26/cY0arhIUdJtehq99owHWmqw==]]></Encrypt>
</xml>


2018-01-09 02:20:39 debug :
------------
String:
account-ticket<xml>
    <AppId><![CDATA[wx7f83e93205d2fd31]]></AppId>
    <Encrypt><![CDATA[mg7ObDLtpy/I5y6TGiYHc2BjFKUoGyCkoKn2qvQvw7L4cHulsmxTOwLEZrXP9ELi/oeNZQW609+rsSjoD4ZURjSLrqBPUeMl3JZ4zIbaKaaVgqZOhoyMy8+3Ar+uY8x/VLVbwSPw2Y4cBmYSAj0kwlnV9W8D4FCag4STJzgw5Px9DMDn0c68/ERY++X7rQlVnlLC4MMJZkeqDBsV6NKeRTdKMFMnNZr6VbvKozrFF8Se3KWUixeCiotd8uO8O+PxZcUwmatYE2xeGw2ym8Olce1b1PfOBFpwpFAa+/SbL2EoMQLihSBoCAQ/TpeCbDlDd25y2tGET4KBbCDgF+h5LD6i4V8rB5+XLsVl4gao1mph8gaOLUMxTz95+78RhxrkCjd+OkIj3p5WLZz4jlU61qOPrruCI5zbxXgvD+TD/0SQMrflr39zaEnnEfoK6T4uDWni9WKlgsyEBN0pVNYWUA==]]></Encrypt>
</xml>


2018-01-09 02:30:44 debug :
------------
String:
account-ticket<xml>
    <AppId><![CDATA[wx7f83e93205d2fd31]]></AppId>
    <Encrypt><![CDATA[jCJemlfbfFlfkqcLV7yRk/fkYpffnbO9IMfVrMuX3++fu87AD9cflVgHOkjKkYi3ybfFYvgoG/uJ4zrD0+hsF71zVag+Dy9q77uGwO835GF9CGTiQUntDTSz45B7pgFPEPN8Uhyy6hQOWkAULvzqByJ0JNHa28oQrNbIEoSq4ak3oxT3RAFo3SY2txD1rgx71dRHIWjB6SQ0sBxjD1YHc8oa+RRAV0f2STf2PWoND8/7pejd6ggSldzvjligAchjmRpNEJhJEVQoTyGMzq3mrWm6CWI2iBGlwC2insTNPLA3tGJOIjX5VlTLCayotbM3G7WgNKj1fyri6vjP+UegjPCsOlhvKrhOL640tIbisA1BoHXp8YyvVfcMlsxW9svPMDRr1qzb1a/GWeCTe70gWqCS4IfD9+Iohjvppp4LycOWglphb90Bi/+SOmueN/QU84whf0QokUGZm70y0lpAVg==]]></Encrypt>
</xml>


2018-01-09 02:40:38 debug :
------------
String:
account-ticket<xml>
    <AppId><![CDATA[wx7f83e93205d2fd31]]></AppId>
    <Encrypt><![CDATA[ueC0fxpDQbqhpCwR/E1kawyNXClLyVyJrcSfNPagOJXlv1EBVN3S43mvSO+5EAEuhz9X4qX+xPJsq72b+tgCR3YQsv/fRGzQ8O5OPDZzTDAUhMIZ9wWixlhcIhGPIn/5YCbFGQa/RCo/tCaZnRK6RBjkmwRltrB1sMEKXGqXXMdCsvkurXzCMNjX4Vd3mCLKYUtZYadcC1c0mT7eP6XNndHwHMPC8VNuUKB0xfWHXZXetS0BIo39wYtJCcKWW0QRWG/HQA3sCuLWsQRYvhai+c04V5UgL1lYZkgG+XxofrCy41dW2Mbyb5KWeQ9x0OPG+XtNMEe2/fzuEwBOSG19QAa7FLpSQZgHpWzBUv45buq3ftOZu7G1J2n8W2psiaP4hESGOov3CfqSFKEAGN0qGk5BwFOd3PNxNZSyWjyN9JysFW/vi0tADhHE68/7OxwpMpGcSdQqNw26+ubsnZUZnA==]]></Encrypt>
</xml>


2018-01-09 02:50:42 debug :
------------
String:
account-ticket<xml>
    <AppId><![CDATA[wx7f83e93205d2fd31]]></AppId>
    <Encrypt><![CDATA[ijJbIHMo/FXwcBF3AZOFiuCZP8eh5oLBbkQcrOXzwuYzZIIx5U3nWIKxqHBnCDzdTH8SG7h09FGrmi2txqQgYVvHU2yyFsIiqmtlQQNhN6zrdTalshWqK0TkzlnUf01pC119R3aoskQ3+4EaIyfoP7N+tNlPTybKw6baESHmMhzLbUAvY5tMcGhPNiyruX84tHynpVEA5zNoIwIftg0ijVIlVtt7e0rvg7F82WdtGKWqulwEGUGiHsQSj4ufSz+rNbCWIZzW2kaDMU09I2ir5oogARgQH46DEK0TbD7Z/LKm1GD3DTmSEbpHpe9vAXT9MSWgMYgC93/ltp9/m74E158RcY56ELfCbrFsfM50OjQ+e8XT4NL2BX4SgGd4SqNJtAYgcy03kVu6BceGg4sR84LhV/12GqIMQFW9iYJLoTzWX0uGDu+c8H21aud+GS6deep+FGAiUfJrhCcO9ahxSw==]]></Encrypt>
</xml>


2018-01-09 03:00:47 debug :
------------
String:
account-ticket<xml>
    <AppId><![CDATA[wx7f83e93205d2fd31]]></AppId>
    <Encrypt><![CDATA[Un2M8b3zhllmeAP5NJWAPrJ3NJMMzjMB59oDej7LrusNrB5T9C/8FmxPoAhCwjPDXiT0yNdHEvTzS5GS59DB+8CthD+qSqdMj9gLu85T/nAYzDi/ZJM8yonuPnDs2SPEWYbbiL/Tx/tIcvVEF+7oCq91Y514FvRMon9YRwky3J1PHxOanoobdwa0CAtE4/NBXHIZyfnzGe9OukQnnFmyFvE+zWMDs2FMin82KMY33N37XmdZ7cDHYFOtMvicwysvUaIwjQtR1RdNGASczEt8x6/MicTYK/J6QFoQvTRFNBjLmE4JNDJvgIaKP2KrYpDhiaU7eclnssHqnYNNxUoLBIYqg06SofitwscczgLJTCUEVyIscGXRtZ0YtO2uIOC44ywnnlnDgIzBmct1LtRqJqr7dKoIjArItROXElHxG/9y/QQ0wjxWclYpLe68rvTeyCeFU8tGqKTtnkF47cIFOw==]]></Encrypt>
</xml>


2018-01-09 03:10:50 debug :
------------
String:
account-ticket<xml>
    <AppId><![CDATA[wx7f83e93205d2fd31]]></AppId>
    <Encrypt><![CDATA[TVOdshD64fnMKCE/ENTPkUym7ugeMVUCH8YTXWPDrvloQuV2OGhQ22fy+guhp8jWv1Eg6tl/tGIG3MXYlMEqZNi1TP+tpiyEtC9RATb3IER5vTee9j/loEwfIb/W8oPQ/My6NW8n/QeDHdwmLXLiU/GztoapRZGi+lKiOxyOsiktQEhNEKaMm4k4k35O6uqsjJqxD+Moh/G3O7jeXB294yw0TVlhUzw34adOZeMoe/qIS+LIB++fYf41Bv3ZmDBvzvCkup++iIoz58mEwtDjhHZkU1v3ZeO+flHZTuVoB69vMbZEzXoq76NJ4F8YVK/9mRjbDISQUAJgMlENvpBC9erPPdfQeJxV+R7jKe0DeIa9JAvPBlLjssmQwiEiJ3oEO4eaOZ8qZgwIbCvJsf4/4CGlF1zKOjfM9SJg4cBI6l2/NNX+jYIR6h06S+uKN5LlzkEYnkr5W7xIQ/2a1Id0lg==]]></Encrypt>
</xml>


2018-01-09 03:20:45 debug :
------------
String:
account-ticket<xml>
    <AppId><![CDATA[wx7f83e93205d2fd31]]></AppId>
    <Encrypt><![CDATA[sHfnkXE7wUFSwu8IF8oRo5K6ZtuxntyvO4+TLBVyPUmplEUwo6JblSlwUYeQMnTYpGgb94i6ypSb6aO7Vpa6w3DS9nkA5qoMX/bWyhaF8y3uDyedEFulJE+ikoeibWC8pQlJpfxneTR7bqm3wQnjxeszSVKsIcESl44jHxEiZyYbv3D53tq43kTojYihw7hFNMRLGpqeESyEtgdZD8O3xzbxoQfKGnDkhX1hMPboah0vFErWnEeRCM7A/SKr9hTz96k3zz3fS/KSxKdcoS49CWu0NaSBRI7sDVUS2MBsEzhbjkDrcZD9qgYhUD0SkUJFjDoEsdPa68VlNbF8hM+q+a85jnPvXXEnqDFgbsjI2aLVzElE7+XqfAOUSCjDJbdArLXUNM/aRDI2+3LXAhsKqk9RE4qdw/EcQCMJMBnMuTqMcARuCBoL4faSrsdKso0D9OF3qlU8VL5gl4wt2XjCSg==]]></Encrypt>
</xml>


2018-01-09 03:30:46 debug :
------------
String:
account-ticket<xml>
    <AppId><![CDATA[wx7f83e93205d2fd31]]></AppId>
    <Encrypt><![CDATA[nLnI2gtXwK16dN1JR3Wts438ezmj34UBAIyXLJNX2E1Rsufq/gYlnerAjIRWZ0wwqhGZKxLut2Sy+V2RWpRd7KC6aih5B1X4a1s5OJbvDpIsXB85MlA0dShPmMS29IGy2WCDst7h0m1K2hN399ni4LQGKsiWn48FEzIWckzzS8ja4/HFv8/yUMyVwtHIDjchlivBNmYSJo6roApIRXUbQCVG/5wiLetMqvcaxpbBHugoS3F84Q6UMeBNtz3OWYqMAy23vBXrZZeqHnbYoFX42bmOGOyUR7knV1fGMqJmlX1UEj9YfyrFoaCzMQSxOMp2xXLVZfKNpcgsqXDAl45GIUZ4iHztja72ebVxZ00d8phg8BvNh51tr+9GZjun3Iudfi0pNO+E4ES2nzmYowYxPFaueidPK9bCE04XkGapZ+5lCGVv+6zT9MjQFqfaqFhkgMQs0gTEMdEiD7J+dhJFqg==]]></Encrypt>
</xml>


2018-01-09 03:40:44 debug :
------------
String:
account-ticket<xml>
    <AppId><![CDATA[wx7f83e93205d2fd31]]></AppId>
    <Encrypt><![CDATA[lp5AKFoUi/QdkyWpRXnZ55WeQx2EM4z/1QnoaGx7W4VzXsRacT09zBsHC3hJKGUqwTIXgN5z5FsdoHdOAG6tnNR3pJUF080moQp2wC2EKsdB2dm7iv3cXCJyRjuJulXHR7nUtCm1lu6rN90uZHauck5b2gAHc2OkeXBk2sIfEAkoK10vNlwAv70IGmxRMckEPEE7BTSOq9FC8PCIR3ZHnU9KrFxA1hAWA8XIMg6W9ShFwvn2Dnna4pkSlUT3GmNAVR2KdTefvxWPayIvVW5orPvLnr4MgYxW++l5/dlgPPLiQqNyPN0OEBXzTftjNSYJm8H9BmuKyYewQ+YqUMdBeWy8ojADQ15DfzVtxyC0YoawlBiNbSTLgjYyVp7k6BXs/UGBudFr80jttKzKXswa5V1yz6aFnc1kED6zkF0gx/LmJOFZKsuSho0t3HyLYxrB6TEzc9TrlyAe/CSdhwr8Hg==]]></Encrypt>
</xml>


2018-01-09 03:50:48 debug :
------------
String:
account-ticket<xml>
    <AppId><![CDATA[wx7f83e93205d2fd31]]></AppId>
    <Encrypt><![CDATA[pOMl7JCJuzedBiIcvGY86wdIk7fNw9LjknSkwpA0B5z9B7HF35HQfQ96HUGcyHmCx0bVrP/PP4EUHW+2xcSl2Fki04X68ITboufOk19BrvPzs9Dz0xpO5ycnnzM/+wjaA4zrz9NK0HRkMx6cVf0HxCvL0Qp3EpMIw3n2/aZ/ApSMdz5yWtQoxCXvqO6wO0cc7cfxmHoXHLY1PQzroHAozhdkJ8tKvCrwK3Vv/UPubN1WnlsEss1ImauCZsqonzF8ND0H1tW6gosHTlYZd2lnQs6hfMoRiqCEjsngnTX2tCT2ZhRK54dGxXuuCMwlQukshBlY3mAsT7jvcUKZ9S9pyjYM9oR16z4tDMHHviL4b+RCfTOYunftMOK1WCuEfF1e4zUrQKortr/WmMnhNRdVKZ/012pQgvHYW2lO7qmswgHdzWad3/Psz57VThl8+SGjf4aZ1YC74FsnhUjwfC6Rxw==]]></Encrypt>
</xml>


2018-01-09 04:00:30 debug :
------------
String:
account-ticket<xml>
    <AppId><![CDATA[wx7f83e93205d2fd31]]></AppId>
    <Encrypt><![CDATA[Y5lOMsKVQkbsXFNntot4FKcDJtdIt/h8TscAeNACzbwVlaV4Z3TfMRFoBZnOw9U0T/KQbrMHcXJjNYZ5OtglETsJiLEvH3Ryi/CpybflDbIQtiGkD9hVPmFP+E0KgKIjPBaDokN9zmF+E+9X/eIaFnRo1fKJBXlfcYKGGqzvUwis1FZyfWUvXku3DRneoZXQeehj1lTeEfV6p+bfkTmvaBPgdcnsCeDONc819mrXMDj3jO7lpc9OzSmLEaQ+F994SAOV/k+TWnm9K/2jPX5zneydRhv70zh1OqgeitEagz3o8Ie0+Viy0bPlVVMu5VcljTlSmvQlf2Qqs6MMucdwh7nWT4mpYdCS/lyrJXnExWphkNYKZUBtidDdbXratjpBfZ3z7TElyYDjaJBw4Nh8m5Xq+9hhcCE4BDgw7c0S4Hu/SmUrb3c5rssB+Mil42gwATZgxAUM0J9/pwbd+XaHwA==]]></Encrypt>
</xml>


2018-01-09 04:10:53 debug :
------------
String:
account-ticket<xml>
    <AppId><![CDATA[wx7f83e93205d2fd31]]></AppId>
    <Encrypt><![CDATA[NOVj6phzCsEkP5IidB5Hn3TcXrcwl5WXY6bKEUnMSfcNBHwq0xrPvuEfABE87MlhydNE/FZ2aU/nElobOM9BLDq5+NuBskIH3ShAC7FZBZuInU3pF9TN7w8+a+sZ64kyCc4CMMiJDsfxIALIe+DhRwGIKBUJn03a7tlavXnJs+OcFfySx+o0zBqE6oSu7Y1ktdsslOYgZNEW0VTkdRBthsQ0EsM9AsZrs5svAORtm3NzLWQkqRyvMD+HkES4OidYy5R9wS2hMT7FmQuMA0K/4UyWWYC6jWLHTNs5VBkj/rXctCxPA2cm6f+Ub88mz7H21RQpJaqj5AkkU1SXy5Rs0SVlNkuPsjJ5Q0GsTn3CKOdCwZZTBfUq2EDejgyGcUFjbIn8Do/zSmbiybv49q04R/UVdSS+6FtSBhsE79xkMpXdtGdsIoUTjzeKelLjWIMymwmepT9k/xMGKTeGfxWDWw==]]></Encrypt>
</xml>


2018-01-09 04:22:46 debug :
------------
String:
account-ticket<xml>
    <AppId><![CDATA[wx7f83e93205d2fd31]]></AppId>
    <Encrypt><![CDATA[u1GMuJBPEUSxoozG5JF38Fx/Lgg6SCTPYtx6y2WZG4ZLoXRy0ACPtCL/CCpNFJwRxAUEILz9VInYQzvVJVjtPL45Ye6qiNVtaxQj0OyEiu9UXesEUpKacpS6Y4/15BYPLDXAvBJnC9QKZdyMd1UOvRLQBVbTQeoznFLLUAnF+Hret9XpxTWXO4WQDaOUX/uQVfzdn5+a2oNnJcvUfiVVQ6jfvx3CI7bsewqs93OSdt4fCPSi4bSgrZ+JT1pUU4XlyNEpxsueOwL7ToCXcShtkJbLKqQIofs7lhcEI6xlE/fasuCDnOSRWYZnNfNQrM3qolZ4X+yDAhyyxxLLrQaRwMK+GEdjpi7y2xwpwgTA3kQx0FNjokbByfqVxKGAdyOekjv1AXddi9MllpoXL6SdwC8snQi9yfLuGj67tP2aPyTz4m4okCRI/KZqi9QRiDYDCnp+J0jwLvnUKxLRaRgGrg==]]></Encrypt>
</xml>


2018-01-09 04:30:55 debug :
------------
String:
account-ticket<xml>
    <AppId><![CDATA[wx7f83e93205d2fd31]]></AppId>
    <Encrypt><![CDATA[/KSGzTVn0PnFEmCE8lhyaY04R/ngdOlXAB68GTXjgOurjGz6FOVXMOleOaG5wRqHUVBNky8Vi+yeKZTiEUkzC4S69gDbsq1j8WFnYfnqGpltcKb+6aL3vrYbT0/K9VA6nQ2999SSb9rTKwle4RsvvcE05jy5cRTIvIKNnLZ4Ti0I6OtoDudgZPyJSFiuUiFXsa5eVjDz+MfgNQU0aa/zl1GqgQyJIE5EugwCbdef9wkcsFSbbt/R8ibYC3Ed61zf2kkt+t+acsN0ofShMOMfonLHyMi3ts1b4RHqOLz4KwPRfsgEOMdoHeFJHlF23QM2x3cj6n4xyJPX2Vekd5HCKrcmWrF6gQF47UGVlsn9NqqO3Ii7jA5/SV4pWLzqdW+yv5ec3i9XlR1OdppTKfG3DxEu3hgCgezArwQgoVPyjykqSzaQrTpxQywbMaXSVQRGOGGnZQWqcoLE39e/XzGOlA==]]></Encrypt>
</xml>


2018-01-09 04:42:48 debug :
------------
String:
account-ticket<xml>
    <AppId><![CDATA[wx7f83e93205d2fd31]]></AppId>
    <Encrypt><![CDATA[E7HExtArQ9AyQ/atkcG2AU7ELsvlT/XvcIzlFPYeEFuKznc1+OBXx6Adv21J1/nArNiKVSN3Z7SnQdwIR5IVr8itfG1Lm3WqH9wngRtBigyt7N6L5lIhRYU65qorH6cKuARxWjZc3qScFNF/+0MC+tjv2VGGSsLXRaytcAe2ByyDVtyq9q2JmrmM4H1EC8u3U7vgw+6ecAlhZ7H6EIxKm6lAoQUS2T4m76qdyUrqWu94lKAl6qlJIlZOb3ZcUvOHgyEvFgI9LRvbnDy8jd/xG4o2JkvwWad/AzmF7zniknEUi4+IHTAe5s7cHLnnTmX6F7rTvtDiCgya6HL5EoqUZOgLvtmZVn8j73eceuUkRZHRBarWqq3a+Q1hU6Hyzk/XtE0wIJsWsgqJiHmNujZUTXwZa+6oWnVlAUSPUICYHHyRmNrMvGxlWHuQcJPi+zfTQzkBhaslefEqt2v+fDc0IQ==]]></Encrypt>
</xml>


2018-01-09 04:50:52 debug :
------------
String:
account-ticket<xml>
    <AppId><![CDATA[wx7f83e93205d2fd31]]></AppId>
    <Encrypt><![CDATA[p2/2NKTGjc1e+cm1Qp7ZcjTStEKzz7V9IXwkRnQxvXcXO27Q+GCljo8trlVfHwMeExln7TiMAB2kUSFCD3dbS55ZPhG6N8W7FN3L8QbaByk7TuVM0GQnltj2LHQw9gjGxDAhwjfrYtzdlIabxNSiXNAJojouuExEKTa6+SQ+4VBwM0QnHbWxY/FpzhePzfZpF9qHCJ48ZbueZFcFMVqZbBo+SrcgKRhgJTIIjxqK/q9HDAaLXezJGYpBC8eiZuAWcU2N4AAWMyaGhNXny/MwIv4dJDKWYVwHfS2KcQr/7Oq5B71LqEft/ZsZVAdJlguDkcgXwPqmwDTBGsce6XP958iJHhNFkr7P8fScEBkp9BbRbQaE9jEXYtVn6yHDIJnOc3W8Ss4kxecP4t9TRCI/MdCu1ExwkpnzUCkpt85Ub/IWRH35jBuliAoDVicZZ7DF+seV1gi6hdRXBguWXCFpmw==]]></Encrypt>
</xml>


2018-01-09 05:02:50 debug :
------------
String:
account-ticket<xml>
    <AppId><![CDATA[wx7f83e93205d2fd31]]></AppId>
    <Encrypt><![CDATA[EKhvdKV88PUnTHLwopRvNr1Vtla2IuvCB4CKRGE7LNe7v/bSD5xdeE/2jtig3KWbpkuN/5ffHk3ns5ahpnIzREC7F5pKOWHDv0TKBxb5SntLmWH5MQbChbsLxXj0FQwbAbbGE2g/AeymUCBAnO38mzHuspUODyDKR7svFPXA/0y//0cQMjfns4yPjD+V1Hd4VLYiyzg95T0NneDBasxwLHH4XE9w8O8rj5VxodpTNDE5PlWAPOQYlVcP1DMi6hfUqOLULLCdaL63LpWQFSxYZKX0lIUOt1LOkAEEvo7x9ULWoZpdxC7ayuasIG7iFpxHicCbvIoy7l5UpNiuRlkN2caODp2F58Gfk8K73OE964jLrlKUkgmEzpeudsDq2gNzl0znukvetcDITYMVohuVfP2FyfbeNtQF2I8kc9yLHqxjZYfJkUdJBHMQrN30oHbjrsyJreIQ8dXd72fwDgpGFQ==]]></Encrypt>
</xml>


2018-01-09 05:10:44 debug :
------------
String:
account-ticket<xml>
    <AppId><![CDATA[wx7f83e93205d2fd31]]></AppId>
    <Encrypt><![CDATA[1r3ESrcyHPm/CGIW+omgTMCPXYG9L3SoIL0LEZLlL6g2SuKASVFoUaYBmyZIrHOdHHfDzsl7oTF+yOgGVVckY0L0WHoTIpkfBL3sJyZ5OFmciI6h1yaRlPTAq59EhXb74tNLoFZJWuFHyqxZ6y1mBTTDh3v3V8DLzCHKhCegeAhL2tOfb0E5w782rGv6agsVudrf4ZoaDbgcPL3HaXNQgcKfnILiq2nTTdZ/HWJjg75fCmMDCRlpj0zmmHfLkGlOZghs++iSYS5dRQ9inV1CI7OG3ouNes0tQlhWwhR6rpK46oV3nsGuqzCPUfsD0LHPLwGwxVsE5d1BW/VUte2TpaTKaKyjeEVaoUewEhjKPM/opOAUBTbi6ZNV5ElNU0ET51TLqkQxBH8bKGEu1YU2fSCyIn7NhRXd6VoGVMI93vf07S3cT3mNSf2nwi3s151i7Pjph1zJeEpwnX6wix24yA==]]></Encrypt>
</xml>


2018-01-09 05:20:35 debug :
------------
String:
account-ticket<xml>
    <AppId><![CDATA[wx7f83e93205d2fd31]]></AppId>
    <Encrypt><![CDATA[RUDTyzk+sAOfpkLiMLoP3jMhZ22M9wF7taPuVSL28EI0BE5o2CrG57mk+L2Knp2Uue9sYdLOk8k+IkTqE1b8q110folLoTgsUukWLdEX0qCIlO8GLdUMEEsjX8qVvR8GiGG+T8mj6g17xLHxLZ0snNowMqGKZKdmRgrdf/giQL1k9uU7indECj6RugWAN3Rnyyq3eprcEhPmYGF9K08Vd+8h5rrlQoEHK5KMb/XaR2G6SqNOzON+JPb2qPbMpOW81A6QoURl6uTKMfUg082kXebxPFUt7EoSb6QowTiZ+iXmLZS5TuAufSaFJakDZXqZ9NuA67yU3OUIFW9lNylfOKrrhnZAa39jGAhMXZnzjPUh7excSporZR1ZXrd4b3aViq0IX2lVs6aYjgdOKfrkmL0d+I3Kmg7RIlnjuYaUVsKWmFWxbZVoxHvMUNz282LUXGhNc/8epknC/S5Q6Y5LIg==]]></Encrypt>
</xml>


2018-01-09 05:30:34 debug :
------------
String:
account-ticket<xml>
    <AppId><![CDATA[wx7f83e93205d2fd31]]></AppId>
    <Encrypt><![CDATA[/XcimTA6IiUyUyACP6kf3gPiVTa7VhvYZPqciYTdLMvllYPPFnZlyZoDu8yK4BwfiYKwe94m9zcC5dNLneC0mnQ8ZRMz8C6iYp5Eo3oNdpw+M0Ax3BvRs25CTy33WHJI6//gJsXBk1A8WCDzHMlV+4rMsUf4bf6vQ3OruUtoMrjK8Gc3scK5109BVZtDEbmhp0WaVNkpW8bD2vEatW+MKOpEo09I7hBeatfiwsd3GkHX+RPp8xzQ2MRSLP+TCxJm2lVmAccrZCjEKRGfv8VFGB85nCh7Tv1zbLqCxXb9/KglTU/+Vh+bKNPcXAAOQa1uxixUxRBp7TUWK1ziIIR5CR4uqNxqwXiMdoxhEO7JloO37KduN+q5+PHJYRq1FKiAm2sgV90BF4q0avf3JG7EadmFMWqkhGXnZHbile5glTdzCMyRUIVTxOkKeK2a/JJvx2ahliXiKPMtwVm6nrXLTw==]]></Encrypt>
</xml>


2018-01-09 05:40:39 debug :
------------
String:
account-ticket<xml>
    <AppId><![CDATA[wx7f83e93205d2fd31]]></AppId>
    <Encrypt><![CDATA[FGQGODJysWTxUXW6CCvCq+dlbHGpU8nythTVZTbDmgr00AlfmxLFosGsgMZHsjKbhFwQuAug3y8dtKGJTeimQOX1vBeeggo6B/R9RmBX1gwCg1LwGpSHzu5rbjXuiO2/mY4AeXhKEOn50WK/hmRKVUcWEMtd9O1bzDIICvGDylN6IUHEbDNnDCURFBUZ7C4xqH0ng4213KmYhRZMBx7fZd1hfZ2k7RxnANJFx9crBouZbZ/TsinwX+jQ0Oq+cIwKA74Dhy4ipiH2vXoccGf4ebu9x52Hg+zPwtSfZ8ooFvUrj0uB8rH0ijjUfSkQD3zFPqd4ZMVldPX8A086Eb/AnWHZx4Z6CygDpFDy3R8O6EC9kDFaFYK/+W1reJF1pl0Vgt4Excejg3dCBQ6s/Cnhi6/4W0dr7h9mUk7hWeLByqv5ZFpTEBeA2SrJjojbtGjNKeajmbxM6RmLukpQvWlWog==]]></Encrypt>
</xml>


2018-01-09 05:50:30 debug :
------------
String:
account-ticket<xml>
    <AppId><![CDATA[wx7f83e93205d2fd31]]></AppId>
    <Encrypt><![CDATA[UcycFQ2lht8p2zR5LVcatt0IvoQAjTAUD4cSNVKsR5/hOqpzUWp2WfO72pJ4IycykMBezZ0hc/1ko01Ye/ZZ1zadAA3cF1r39oS+/p4EHUGCqe5bJ0HptC8MLlTE4yDq0dq1qT77ZpWl2YGzhENt/phxYFmUoCu33ZkMofLFyRd15zt518NcHRpdLg6l9PnWqoHAip68N7Z/SeQAyKnds9XThxC+3Myw1Ug5gTVtGXPLPjKBnK0ET0XMMx7q/jnqKR5nIWDlBaMPdlB5m7wNdo5K7lHwELsYTWZuyHJ/ktn1zv3dMnALtkzxaIqPMkU1jBXritGVhdAeJUgi8LzudogcOq6MqITTNx0mF0km+MPx2bPiIzTQsSrgeyKiTGQsy2ud+qgmjxn24Rz37Y05aX4pwx00Dyl/JPt8ZCxpdVCjfgavE0m5wUZDXUB7Qb55paJFiWtPPsemcNTpwu3tqQ==]]></Encrypt>
</xml>


2018-01-09 06:00:30 debug :
------------
String:
account-ticket<xml>
    <AppId><![CDATA[wx7f83e93205d2fd31]]></AppId>
    <Encrypt><![CDATA[cOsl6AqCPYA87yGV7HYRyxzwQLgaXu2FVJLGhc7xKfG+w5y38hUgnxTzfkVs61bj8jcVu0W1E5EfNL+oHo6wh5NFP8Dw8Vdd1YqVWkhZ05gXy/hwYDDZ7+JrbZRDktM4UaM3LEFxjiy9lJHBUeCDDecJjHi0YF3qP41kzkHfTcXtYinQnLmmLslRU9N7pQJROJRUlGHuEe3kY0fOlT7leuqVnfZgvFj66vvy+P7avC/5AJzdaAFEKG+sy2oI66JWgMs/l+5AJ5QyJuo8aOE6Qt7OyZmDvCr2yo2P7w2shZUrCoaurOFFnaqq9I4A/K26T96oPXvGfQlnEI6lXZJILmp6zSOkK+EdQpBCwrOHzvgfpdrBH7JCG+FP7Alz6cAX9ySPeECIsfN7WTKYg4zT+bnioEI5vmT2+MYmFFlUI3yEWgHvmLDllfr++knk0wJz8tXnuqP4ZKa8iQAULatKog==]]></Encrypt>
</xml>


2018-01-09 06:10:34 debug :
------------
String:
account-ticket<xml>
    <AppId><![CDATA[wx7f83e93205d2fd31]]></AppId>
    <Encrypt><![CDATA[G8OLoFQuSKh5vTe8v2aKRkxYVqLlkE23YkOfJQ710n6EfV5k1dKeqAgfuSt+47E15JYeeOngyURJ1dXuahS2Kqqwlz1KbF6noBUfD+Tv+raPbWgQa+z2mParX99kFuMAP/3CDsvr2St54L11ro/b8aXtp/55/DlGiKWQnTaX2A7/2nNy/a+FTe5TFksiPtMTs++JrjopJVoCG5kXmBPPdqV/IyV2c/T+TY/2eL/tCrMtoz9cBCeRhUwHKhlF5IOKPHy5Hoec2U5zpej9aKwisJwokVxRWNYfOlQwMEJHctL8sJJe4Fpyc/F8TP+4KaVBjP8nMGSo1lOjh8I1tFON/ZNE13RKhFVaQwx8MQGa8v6aQCJIVKFO5fsSwLnj2M1twaTi9GDX6oode9hLXTHHJxt8NTxnXFHNIuyP1mw2egyX5AykpTe6jWJF6VLAQWVnDOsAWaemaVPYhi20ypSCew==]]></Encrypt>
</xml>


2018-01-09 06:22:36 debug :
------------
String:
account-ticket<xml>
    <AppId><![CDATA[wx7f83e93205d2fd31]]></AppId>
    <Encrypt><![CDATA[KD7w5BceP85VmqHcvf80GDmuXsg0lbLAQEDo+GArX6uSy6JvY+7nYT2jVBv6hnZN3wPiQi8gmS/rZJWldr56sb7teS2u5Yv/53vbve702+TaAS50nrrmafyG/ZbfQ88xu7MxMwHLIiC6RiFUyVRxw1WFLBqr615aFQczLWgy6uOqx0m8E4P8KGDzYDPafNheo2D3QIavpiXa2F3/DScYNUVsb0dmU4xsMxbLWdHKsYsB6VqXjE3V4XP0jEu9id7VjCNVpe05UdEEa3YwLH6IW+aA6CYq51KKwGKqCvFSc3pkcPJBERBq+rtJ7QtG2khnk+aXbph4JeNrA0D8VLxxwrWvYwvPkcnr16bmmT7prnMojHUg90foZvtNXURhASEEugp4XrF4JYZYZkFN+qwfdd5pMGcCtg6pIwk5iOOiNAO3Cv3c+ec6OCQQ8Rnc788VKX8RrTFQGPjrDFk5GGdgxA==]]></Encrypt>
</xml>


2018-01-09 06:30:46 debug :
------------
String:
account-ticket<xml>
    <AppId><![CDATA[wx7f83e93205d2fd31]]></AppId>
    <Encrypt><![CDATA[4KJuVSnNvY+AkVrjTVplkAK4HO/yD7p8jvw3y+lbPm5z1xhUbc6Wzfb9Pjn8nPivb1ZmYkhA0naL+ZdcACRXbhGeUJMNRCYglIMy2EoKkDik5qN3x1tAQ40GmkLKVR67LDVifmj6GonafEamRIMQmadDxd/gAziKA66IuGu9PU79do27RsMoK+XvJjpyja/vOjvoTAN2kBns3rN/NjSk7GzBLEsXsDNJLeaobmUGupTnXjGfsYSplHcUOSUY+VhygnNyAvNJc9hepBkHL/qocVUmzXqkcB/L1RqWXLJPIxM/dkr8JU7OeGYQil8+BRZWp97S+/6Q9BYxsppqNt/iWDUP/nHby6K1no4OFwk3eq1zLM4elgfpfznQQQI1B7CAVlsbWsxNGmHzUZK3Yyp51yGj7A+kv8I4iBF7ROiWqcYdEDTJSRVDLfwJ5DkFFhpAFY9Or1rDgGW1SQ086jbotg==]]></Encrypt>
</xml>


2018-01-09 06:40:35 debug :
------------
String:
account-ticket<xml>
    <AppId><![CDATA[wx7f83e93205d2fd31]]></AppId>
    <Encrypt><![CDATA[8HTLa4PBORMPcLiC2A6k8HfOOA65vdnv2joH/M8eoA8xvvmNEsoRnhW6pihJ0cBta/wSc+FsMepWpt0q1/21HhTeDQzt0tnNT5+D0XeMdNxuxvKqgv+GbEQu8aBR+HXQEuLk0dakR6ovGPGcV2kWnxdiEjMsqmbmZLz5mjOnXCo5ipgzJvmqdcHND1h8Ugk3NufNgJ3JJT/SM2+bY8/SwuEQCHjxqLu3qYBqZByYw7ELvgWzRh8Jwm7CCx7f8zCqTtylD3bPX4BCHxffXhMC7IyFp0vau9lxw7d+p4meJxLWs6ByT7//Gr28comc1R19huqM8InttdV/bJp640Krdow37a1IazQBs2bwgFev+DYGikwMaK6jN6ChMKIWo/qXA9wmKUOL1mscvmtLHVPjeKeZhzUZSO9MfwCAtaqIIz2HL5CGz2vUrTVvRecc6NsAWbCuuhDepFwDIJ2hj4RG5w==]]></Encrypt>
</xml>


2018-01-09 06:50:24 debug :
------------
String:
account-ticket<xml>
    <AppId><![CDATA[wx7f83e93205d2fd31]]></AppId>
    <Encrypt><![CDATA[3Nw28gDbcKGC9x9CpbIFzyrp2LzOp1rKq9jN6dsCu4E+t57YGOkq9dMbCHgGXgvvEiUM4D1xHshR3Jf/9v6FNlaTLVvFxMIrvXYRr4alu3dGBRoZLpHf/4EyuYJRsS8ElbKMRMV4cPtF++GhCk4iGQ9+vIXN3h1MjhP9qzT4QdT9VexKpHXBY55Anr1x7CWKOUxQjC3iIZ3XB+0MgjUph+V0qwUQDprlxXK4g8nOL4Vagb05HsoNAi0EQvHpv7ZXso56IfRB4SZUgocBJkXPnWGRKvqqnB+6G/9Voa3nSV8/+aIJ3wgu1+BDzJb4d/jp24vNzof6iLlBRcWMgVgeHYlgUjG7z02OkY/g2Ukq8PEB6KRzwYuB5bXqpF7293BKvsE2g+xAcMx8f4Z3NBGvG4fNOaemZl+cc741RirS9ljakl1Kks7tC3T8hw//Tr/uVS/kpylIPyGEgeSHkSqkMg==]]></Encrypt>
</xml>


2018-01-09 07:00:40 debug :
------------
String:
account-ticket<xml>
    <AppId><![CDATA[wx7f83e93205d2fd31]]></AppId>
    <Encrypt><![CDATA[isilxOfn9YXF2OxbCpXiEbwU9OihRk8o6/5sNPfpF7VjTxxj6TsQ1vfeRuuoYW9SUMEjavWCvUgv/a91b04dCQ0u0j7nhLPrVTrFdjnbxvnvk/0dXV1tSSu0vK6rvmv45bMUwykucGS92RyjKt5AwLYKi6+dU2SKhi0IwwzonUkHmfsD1VGuAeQt+/XqDizxJ5H41xAKN3lItwBhdN2s3hFTc7NVdpA8iQed7RbKrPiPuliyahyShYkzzC6xjJ4B2gCQBGwdCl9zheBs1eSnG5PR9n/IsDPIlUdJFsPOkHJPUV4HXmyXW8d602Tlo0yi13VGIHNWYr5e0VKX3PjuDXQ38GDD9JwhGaB5zOrkVuUGhR72QbEhTtrTrZFHfB2oOiedtzdK17zUgGp0DWl+aPl1sCyBmIUMdwiJZBYLMnWO26BauBfoLMlHTigbr+EkISbiIQXWWX6jWF+X8QJMLA==]]></Encrypt>
</xml>


2018-01-09 07:10:40 debug :
------------
String:
account-ticket<xml>
    <AppId><![CDATA[wx7f83e93205d2fd31]]></AppId>
    <Encrypt><![CDATA[5fFh9LlXQGiNw3imADU89afOadYYL7IhsW/+qLAPSa1Kcdzxn1CU4wOfbaF1m+Bx18q9tOKNCPtRPyPYXtg8l0JKpy+kcpPvLeSdz9ajz63+9W9ceW2A5KuGC7euAMXRyi0Yh/ctrixCj82r4tSOAL4J7dVbF3RV1d5TBOcSYh+Q1RWij9v8mmPTK7+1svAh/UVLFHBQTYfhjLkd+LopUqz5326Uo3/f4rhlpIwaNimtKgCwvLPt2Bl94oqgt3RpzSYHojPWp7o1T7dbmvWvBDCj3HuxrcgO5SGeyCSTPGoACdvpGn3ovVIRb6aczdnXe9K4dN/IzpXvh0woeFzblRCFcKdVABdpqmxWAhVprVnfhxyoSV7Go4tUOWypmkS2WOBDW0rCBUqohTxp8/wMannpSGdwAKSXFhDrhAZK/kfjfNS9cffZ/C5liCDfNRXLHrvtuRkEcIW8QXf4iWLnzQ==]]></Encrypt>
</xml>


2018-01-09 07:22:40 debug :
------------
String:
account-ticket<xml>
    <AppId><![CDATA[wx7f83e93205d2fd31]]></AppId>
    <Encrypt><![CDATA[etj6eSRhgaA+olv54M/st2DdbNUwnN6tDtGtV7q6dpKEwK2q/XDchNp5VYcPRYU2753uUVqAjRdaAxyILp9z96UKlNR46TZ+ggOdc8C9oY6P9MpmG9ev1rgWPORydmhIOdRjiTfDHSeuazzFaokZEOOgIYHj2cx9iPrz/yuFBQ/k2kyuhQg7O8ijE+ElPuQR2PJOa00VFFUzW7GFW74xtixUprQf6EuMydcKs6ke7rG3DRZsm983cFEuS+wS922pW2GYJkG3o4CRTGZhIi9kWvD/p50gUxUFTD+J8EWhH/WANiwFKyFPjQbjrsa7jNsdaHewjJsT02EDu1/shcXwQYk57VQ3Fdk9SgFn1/KBzPxQamz5fyc9YTpiJzU0tC20yqb9iEpySK9/uycceRWOvd3aUbNazwxgxaZMQ+r2NddOAJ79qDxovG8DhkD3DQQW3UIFHIX6Jw4KAsCxTgVeBw==]]></Encrypt>
</xml>


2018-01-09 07:30:42 debug :
------------
String:
account-ticket<xml>
    <AppId><![CDATA[wx7f83e93205d2fd31]]></AppId>
    <Encrypt><![CDATA[SgVwavL/4p15hNJHHxD+wSLAp/O/Oy+bulWKSBMyV+7iImMzfYHLPmW+vXfN/r8Uq/H1pXDj4OLLItDhgxZQlC0HZkitBq4OZM9CcQwmMehoO3MZt6LQOBsKh8I0e0JcgDnKx38xl/0i5JKE4RW8R2PBxdLxp/EiiT1glJ6fVMjBxOwzHRjfUzAVDsPpr0dfJRPUCNG8+kjIMSlQwmu18XbSXqe3v1EFYDD4jvyTIvTFZER/EInxhqrIaMcr6WJhnX1Mdbb3gG0/aqmGPZO6JbBiOPFyRu0tFk1q9LjmaawDNJrJsKlfPowuP6lYnO/CB+fMJBROUgJvKGdNxJI5UT1FkhQbq7SROS9r+RdPDxT/kdVy5oz3L8vRViN1G1Hzyym3gOcnqW8ltMrU+WnKJl8UhXYybxUIzbOcJy2mLQPRfnc9zszHiryVKf9fticalEDJ6UtfMbH57m0rh8mHkg==]]></Encrypt>
</xml>


2018-01-09 07:40:44 debug :
------------
String:
account-ticket<xml>
    <AppId><![CDATA[wx7f83e93205d2fd31]]></AppId>
    <Encrypt><![CDATA[7tTNFD0BsNGQff2WC7Q2cdCgGaDFcKTOxFBKWuaqsK6l/zKxLlk2n3EhDxaRlcc0NV1BQioNnI7WK7ZonXouOYyyZBlAV4f+tiq2eQCd8pp924kyOkpJ4Wye3oRjD91OFTKyWIi2hRDZP0aGTxGsZjRDXsf06eqXZU/tsI0mh7C/i3k+b6Xon5YcNQDMmPblWYLIH6ArkNS4Zn2EFveHx3Dnfuhq0aIJDb0rhIf/OM9/hHGKVaGi/QL7S0/xrF/2YxEtOo+yivV5ulyjzRJvohfMpRaRVjjv17T/ctvzViLw4oH3bU9uHp7mDxPE6FGBCqG4sHW18k+jzTTKlj8RZIIMSr7OvnG8OPH1D4NvKYhEWmtwLg+SmCJZ05blrZ0eUYWu0BReOF4Q5cPE2+OplXJMLt0qVHkVAKyBFxIbqYF2/5Z0l7BljcbcOumTfL3k87QXaObXCDUgNAwg4GUPUQ==]]></Encrypt>
</xml>


2018-01-09 07:50:42 debug :
------------
String:
account-ticket<xml>
    <AppId><![CDATA[wx7f83e93205d2fd31]]></AppId>
    <Encrypt><![CDATA[ZdRu3UPGe4yLV7PbxdbusbE0yrZAeBybuIW/xI8AMXZq7sIrr40Ei1qa60Kml6ve12mnT/9lfFAPqKMPzkvam7c8WaQIUYhwSDeYBZ/EgKFcdKHoN0UUNUlDOhrPvaTbV7d9ei3Y2oogU45KlY8TzWjXtLY6GXmeD+D9pDCco5HOgiDuRTftnEzONByW1nT/SBw4mvHJoca8RC5LvW+My/S2oEBbnStsM+sCKJqNHJJawLOUdctTGSXfn2MwFP3hX0H4cCLry45lgyE2KvNt4ml3CZFKebcGVAP/Rb2EDc70LUaxfj+SJWsi6Xk2o7Ax3psp4mLyXGrrpyajgkZ8epKxdBS9dzgIcbA4JkAjm0Tz87CKmNeHKoLgKQfYDWrxm0N9Xik+0RwuAIk+nIefXHdPIZ3Lsx+uTirvvZzmMrFY+SpX7PPg+Yabj+CQirBT+JsUXT9rDBPXsRwwrIwPVQ==]]></Encrypt>
</xml>


2018-01-09 08:00:45 debug :
------------
String:
account-ticket<xml>
    <AppId><![CDATA[wx7f83e93205d2fd31]]></AppId>
    <Encrypt><![CDATA[OYaf44ZjeTTs4WVzzTqOIEH8G5RL8RpKWItBdIZtNg5PocK/t4rMhQZKPRl7hzknW0jawuLvDH1r9AFLhE6ESyLQDfwZhSii6VYtsBGprWtZp7f5Du9+8MlPXVq5cyn8QDqUg7LMBCWPCWtsa8C8TO300Eihzm7H1YmYbkHXw4j3ncUA6NuByNdsvIITNccD9zVX2aR0tqzNe4TUi7IIVkGQIEtpjl5KBigAKORs0edNzwVqfREDDCmHIDqtjm3GvVOBjvsmErPj3PS3BVTZM/7ZSY0mwzbKhTVhGoPNhSichWpRn2sJO0tpePBg2lbcsRAteu/W9zOlnDQ98+NpyNAgPucR+gHnVuQViPCLGCgOSPh2MzFOeAOBBilCDOyr0ojBsTNcrygGY2zSu1gXvghfYTPYqig1qTdI1pLgJMQ/lYq6gAUk483H0d9YImo/L6Jvl+68k3tRmQ8ICljVcw==]]></Encrypt>
</xml>


2018-01-09 08:10:53 debug :
------------
String:
account-ticket<xml>
    <AppId><![CDATA[wx7f83e93205d2fd31]]></AppId>
    <Encrypt><![CDATA[sXlSxKlv80KWU0KCsw69TetjwCsrDF4kmZ3URtCSHK4CqV3mhO8+3tvHenw+4yDHaT/ZHN/MrP/NnPdpN6TM/W2VjCVpbo0OwQFgnzp8tkwSJ1c4RKqAq8n38uq7zUqtuUc+Zuj2A5PiOopCJWdEb23My6PHW5rlui1jtI6WTClZFDFXXofaZe1QZlcE4gsx/Uf2052oscaTjyn5hqpqG8nj/igOe2xI9/GE16eSm04mS9hA14ROrK3L7OOwEdCuQgUy7V/3ikayQvFZ4t50WWshpXbeTcOcnwKl5qugO/9hMU2x12Ankr2HMMMJ6jhh/D/kEuEN2pmdgc98EAQ1xfXJM1T/hb198aIsP1nTDtGD8lSlucz4Y56fV2fWA2oxb2jss+VDFMUBapbYcUmfXvR1uiXmTEfvYs3KpnxHPyE1aipjaQ2eeS+R2QXZWaf3pYJjFdWL4sZtNMnA5vCQIg==]]></Encrypt>
</xml>


2018-01-09 08:22:58 debug :
------------
String:
account-ticket<xml>
    <AppId><![CDATA[wx7f83e93205d2fd31]]></AppId>
    <Encrypt><![CDATA[IJTEtI6ma2U+8T/6pbqgY18qkU8riP8aksx7rZVDBPcDWwKNypF28I1qwGb7NUL1YSxlSME4jMuscHQjx9W5RQ51NTwrCIi1GABB9PpADQWLamQEGkkWg8bURgoLOZQXMeWR9dv7KNjrYPM+FWaTvRc+PdykaxVBb9gqd6gYd/AJR9HYPp/GFgQTqA87jc0yWX3pKo8jJ6GA++ZCT5qpjGdourttTp+0iNhNMqHXJjd4USgjqkppbGYaqsahzPl5j0c9U4EfL95kSIAMUVkNlrKZrh4QIeLsvqyVuOQVT3SQi2nIEDlcR5w6WWuxEsz4z27xbOB03Sz1ADNBFlEkVmbUg8j6lA2XPy5qQ3Eht1NSQ0EvG5GygnVAf4XLJyagxOC/Pa1W5FZlZ3L5x0pHxjgfwaUT7cdABYAkDM+dtg3UVMIvP5+sbhJpmVGflLTj74o3CqK35F4TjHo+8rKVRw==]]></Encrypt>
</xml>


2018-01-09 08:30:53 debug :
------------
String:
account-ticket<xml>
    <AppId><![CDATA[wx7f83e93205d2fd31]]></AppId>
    <Encrypt><![CDATA[i7FOIpiRYlQnIHoWQVExqU65CLoNZrbHsavgAYg2Wz/9ik12n8idxfeC76mueRgBvm7WTCN0GmwqhGRESFf6xkmkdhJLNl3pqAClScqik9eN84rE0hWgbNfnU52g8AvFpqZfA0pNYSboZ2u1xwLVOil3uc5aJzj8WZHVfppfmj6DOL6+4I09XJBVGCu+4ZgJq+Fy+yyQJ+rEzOddpk0T3RAhB93O8cjgsdyMx2MjFdaFBx7rTuzluRhl9DFuaszth2vJ1+I5ITlzxkhWy5C+GHbXxQdXb0LCR4IqkPb/iAqUS3EvZo9kpbGGliLjMBrLOvpiTOMZaLkH3wremmsoTgp0b61LLtGm2fbNmPK9g8rgg+/RqMv6iXh5K7g/+mwtv+vzddlLct4Ddb7zLbjUPk7Mq+h3WMUhuncIut7DGZ2mrv65m+rDhZfEtEnCQ/MPoApG6kIIfPOGG9OxkI1Lrw==]]></Encrypt>
</xml>


2018-01-09 08:41:02 debug :
------------
String:
account-ticket<xml>
    <AppId><![CDATA[wx7f83e93205d2fd31]]></AppId>
    <Encrypt><![CDATA[twVmgjaLDTkm/vj4o25cGiQfSEUUHe8L3fgYSY7QkifDh/ObMjVGTRu9J/i+f7pVtw4SfnpZPrrzfWZr8mSXVG13OSc4MVAD0Uv4lH+tOcCA60HrlinKZ/4zlypAlr5ho+UjbdSVmCUt1HwjSW6LoQTUy7l8GwJ2NV3Fve2AXrscerfhlBjwv3Hr24SVYpyjrKDTyMibw4GSJvNTAQjlFV98CKlj5VNBVHxNy6Un77mSlU/OKjYpdFEZuhckn4UKoBgFE/hYFi45fCWr/mIKAfzf1wSF8bPNrPhg3YxqNneYJHzpg2/3zODOm6nZh+HfEUXyEZhFirMoSWJr0TxhNvzWDM/h7Uo3xHKpdt4PyVOf1AIo5DVECLUN5RXEAAcoT2zeP9sE4CzY0BB38jgK2IYaKlLzh9cJmo2aYgcS8cm3WU+VAYbLaniP8nDcpQoe/QbU5cGHDdGpHqWdvr9PQg==]]></Encrypt>
</xml>


2018-01-09 08:53:06 debug :
------------
String:
account-ticket<xml>
    <AppId><![CDATA[wx7f83e93205d2fd31]]></AppId>
    <Encrypt><![CDATA[TpK40rPqgqFdB2AvGxknrvRCjIvh+QsTuJ+2mugsaX/PHczKDi2JP4XsL6bkwV18cVsDhwLu9lE+D7VJ4alwD0/BGnOKODCVlViG+uJCdBRikllsS2DAY75rOIFoKhYL6Z+5f0Xty8f43lmDI4P5JpF66kkfP11EoBshzCK4HuMJp+cIw7bNXeNjjjZ6fCSApkSQsXk8Fsa5RfXBLJ8MB14eayqKfwJXzS4CtlEqXeG+E9GGnTUa55dyplAp4boYm3mJQQKYxrQr9V5XfakQVR6X4ioCHk3TgkgfAJe63WMUvA5SE2ZIGOgAZmnmAyxjp3lp0ECML8vFuQE1uoVH/JQxWAMrjfvXsrII4zhf/m6wHPdK2Y21fKb1m2jXHzGRqJAXA/hXfQECK3SCVWt6JoVEBszbc7WNgNFZzHJKLWNOAJP9w+jhU3l5fFDTRinmihsdidljaOMuId6Ipi/OaQ==]]></Encrypt>
</xml>


2018-01-09 09:01:04 debug :
------------
String:
account-ticket<xml>
    <AppId><![CDATA[wx7f83e93205d2fd31]]></AppId>
    <Encrypt><![CDATA[ZS8QnQO5N1/MQtC3WHldq7ZX2A/1S25F1pM1gUUrt28ZSuS3d/J7vfQ34OKFTS3Dnjm5hb2kvO0QU9lsQEu1b3XqD+tme5dAlNkI0VWyoN9h6seVv3ldVY8hg1Vlh3NVh24rDMJDwp6saU0LKaip+XfvuiYOyHPI0Kn+VY3ONbzJHDNRWQahWJLKNixEsaZK/ORK5h4XqVIIjKDn54DkgSyENL9kvKcz9W0G7Uah3O1/5kyG3cIxtV8KiPUVGSox3+urPHZCtaDMTsCnd1kytO+bCQcwbaOlqcIb8fVa86+oqf7Z7D0rTchYgKsBvpK0nb5eymwgGGYvYdLq1ZOX/AVehcS+WJVDqRQAF/bQqXVSRmwDca3kbxzR2Q5iIIvi2tKRRMGsrRfrWVSJJE6c4uvN3JBC9GmyaO1oXNrf9kpFM0yfPAWPaYxpBRPdv7lWAaCDx8HY1onBVAjWGU1goQ==]]></Encrypt>
</xml>


2018-01-09 09:11:22 debug :
------------
String:
account-ticket<xml>
    <AppId><![CDATA[wx7f83e93205d2fd31]]></AppId>
    <Encrypt><![CDATA[Oynvnl96jzlzJz6L2YCY584u/R0WMFVx00BaPSgYIqa4j7zl/aiBpLhOGxVEquZW0cCt05hukdzZps39+V7dDHaJcvQ0Jaas/ug8KCGv9w3ctCUNs+v41pC3SvhKzQKDCnI+5V2RxiBmegRo374a79HNmWJUD2h7IIAk1TViie8R3jcHeXRIAJw856SQjHcMSE9ZEG/VVXk2nx30gDZw8dJ31iz8KlTJ68/t/LrYGgiHX3A9SDUWhEDsRZv073yBH5jokly/rb+CLAg0HM+LBOv/VYfxxBaVKf8i3euuMkwQcnORGhwHU21DLHHKic/Vcw3sxxewomYa3NTN88JKiHZ6i48n1eVzImqZI5a7gsVQ1MlJlOlQpTeTdHbItpNhJPmBHbFYgx58ChW8cSsh88eANyxJ+QYXdX4lAO2s5CisFaFNsw+OdUz3kdLBsrtJUsIvx/f1v248wdC7u5yHVQ==]]></Encrypt>
</xml>


2018-01-09 09:21:14 debug :
------------
String:
account-ticket<xml>
    <AppId><![CDATA[wx7f83e93205d2fd31]]></AppId>
    <Encrypt><![CDATA[CxmoI5gwkkXAfL/fMs9Rd684BpwGBjuzpRk1L0zCrO/hQTBnRjP44Z4QDY3jEH1YPBmy1BBS98g706RkXIx3ZR66YEHUjcirV0EfWRcY0FX2PB6lIyXWgD2WCnlHuJPSUrXrOxNtD+Exdrz2bv/SCgeO2WMJqF8krml7yoDt7s6EaWWf0zQ9n29JidqFAsCIWz8GtAbVHN6quucNjeMtEHEhrNIOPyKQyxSSAVEjy9cGn5pgPuZ7NLKLZWKxLS61v1RL/sVBI9DirLVNT4un9OFyg+8sCsrbTp92WC+XcHKpy8FC4N7aRULFgZWRNhUX4muIS404OI3e3JqNaW2NK2fa0dS2x2h8UdrJEmjqdG+flz8awcVWc0Ik15FO2WJuCpNjZF9GLlbQETSbdFG5bLqqn+43IjX3nmXKDdbSR14qy6NEMu5y3vJ/jjGLWIoDBWQNt0fdTVg91CGZVP/IBg==]]></Encrypt>
</xml>


2018-01-09 09:31:16 debug :
------------
String:
account-ticket<xml>
    <AppId><![CDATA[wx7f83e93205d2fd31]]></AppId>
    <Encrypt><![CDATA[vpj1xPB+EZ2BSdRWHsdErsKLCbwwzF97V7My8D6UqfC54kGcca2hlSlZUagd1dPJ5+cteHOp0hQt/9CXtReS1wmlOzz3NIp/yk0RHmgLTHGc0q8U8DLcW0XHi++CCoD8/p+nZ+vWNp5fWeVmmgK+p8RIt5QFhvH7WwqRiiRDU83BVpfTdfUCPgplz9w40Em33D91q4BuYlAwyEGOtgQkHBnOZPJaLnFdn9rD+4UnbTXaMg9KrPRG/WI+CNjpk8ghh8b+CwJvGlCGPRPEIZeZ+f5TXOHoUizHj/fAOze2jrj+0PGhElmlaV+G7/DUJ2dlItoqhlWR8Wr74wVXVmeQ1Vvp65cfJAR+v6wG4HvaQ4rt5xz4cDJuvmU7OCdoAE/nCx2xk4KKCTaBUJbrkat2M0313sEembAITHesXcc7FwIYMgFaycgmzYr3dlD5IbbMwnAjrcqV7qE2W47nQKHaOA==]]></Encrypt>
</xml>


2018-01-09 09:41:17 debug :
------------
String:
account-ticket<xml>
    <AppId><![CDATA[wx7f83e93205d2fd31]]></AppId>
    <Encrypt><![CDATA[Jp0yuJPMZTyVT0TLstyZjS3woISI/lKmIgO2WceseU57QhauIQDkiJ5XPH2+tXWcVSEoDc0WcH1w2mn6CR0HfvTVaV3JtnSxnQ1hGCfFFxZnaZNo5vx6fkVCvKQWl+8MhSO43QnjlHc6h9jJolbWXcPSjvwV3M5DEjJ2my1XvZJe3qlYwbqGS2kQpOL5/K/rc9JIAeqhuN+fYzwMvemeRa9PYs6gif30ICGV/CEl/azzObTyu+hP3sLsV63M+uWynrnbbYUD3yFJktKCa+Na+lpXbeudGQKhZk0E9ppavJ1rHXe4lKbdZ9FF3w+sHS1Iov1gZZxAF3m5IXhr24zxpozZNeK1b+niq0k62YlxbUO5ywXzLtChO71ZW4YHqZLoyi1slb0t240kZPIYxBxIwm0pr7Fw2KqFSSLGlU33WUi4FfKvhCJneYxVmdEW9DnvASsqNR+Hc8nPOx21mGqScA==]]></Encrypt>
</xml>


2018-01-09 09:51:20 debug :
------------
String:
account-ticket<xml>
    <AppId><![CDATA[wx7f83e93205d2fd31]]></AppId>
    <Encrypt><![CDATA[sf6wnTXSayGAIDZSnmrc0BRikoTdv2OXqdFyH9k2/xotY1/Vg2s3+/a7UVjvOqh0eHG3t0Wt0EfDGq794r5GiX5ZqGNRPcgp3RY9PyaMYYBb4Ul6TBaMA6NONF3DyoEJAxm6Ww2cozD/NFeIc/ZtR2Fbbmn6psVNYBC2YPI3vOw0H8qxmEvgncqWrtrx+SecqOrK76xtTeHNiJtj4cKSwMXUHyREFQbLUgiXkY+9U++51vnoZlV+pg/HEOyWvEzwTpqSWSNGQe0Fnm//A7cZ6sGgW8lkf6UoRakIbcTGW5/qYX/xlr3/jTaQqe0BAj4der0n3BnMmnmtjInijOalseWteHxCWLo7UON/3la84jwO2T+3g4l9AZ8nPxjoOR9OpUJenBwRrROlvyIfbq2kx2my+uYXP8i4bMPgTT1iO87r1p+hRQRfU0B844nV32mtkO82TfM4S2TwfFnvUorrZg==]]></Encrypt>
</xml>


2018-01-09 10:01:31 debug :
------------
String:
account-ticket<xml>
    <AppId><![CDATA[wx7f83e93205d2fd31]]></AppId>
    <Encrypt><![CDATA[KaZLySDUzlmrEv7dXXiOjYHSylwtVFW02pq8EC1yAzPEX852b+sMIy61sGVRLtEdD6l9ENQBIszf+UWg4d1MgNnxPB7tjFx6zoHqGkfHDpUI275mkeITicV9S526zp1BTblWXnmesXuygPyD2J0yXm5szRnedtgsmWcCYuGxFG+egVfB2n/KkLpQzt2P7E6acIa7E1FtXdbfkHwLJUIg8Y5uoy1OO9E5XMoPCjVIEOaZT0Bh8OqUzoSXjwpSswqiAQVmH6QMGHJOerOS2vxPFoFYcBEVXaScZ7OW2+yru/TiwwY3wJhLOsDcz3Vh/SRZSrbYhqm6WbI5HIjgiw47W4hPp3nOzxMrWQTanpCTzn0CumnGXpRKcIiBVpl5anFKrmtaRvrLBh+GjK4Z6UJsoOhXkNhAXs1jwe2fPMJQck4zwYVnL3ps2YwZ52Z3Cq8C6oXYtQju1Cyf3fuqnKBPkQ==]]></Encrypt>
</xml>


2018-01-09 10:11:33 debug :
------------
String:
account-ticket<xml>
    <AppId><![CDATA[wx7f83e93205d2fd31]]></AppId>
    <Encrypt><![CDATA[Dh+1qO9Gl8y92X3f3sRq8t2OtmJeuI7Umj1jjVyHIARL/Pl1fPj44uKIwkj4Ki0TMSGJ/Q3RVeBxc+Og2GyY96ysK5pkXPOrqklvWopa8i4tHwu3ct0pOcjEG7bLjNA5oNNBbLePHGFyEg+6oJSnFjv7B6pLnZZICiWixlLyEy/3FoIDmYhR41q/kJf8SBje4j2jQaX/1VXuKYgARckCM2j54/vuND4Ou0Iu2D8bArdyc0/kvo0uiaD9YgbnLPwdiAxdDnW4momzhHlJJuSP/nkJf/sVYa0OAjCYBKUiRen+U0dy3BF23/mSjJ20HscVeIPyvqEkHjURY1Oz6wfKEpK5EzBIIHlHryAQvEwbjZaC8Tm6HOHMQ25yFqXKGco1LqZhkyKUal7t3rKE1K30oyHlTNNUxp3zP8rwxQu0Bb8pzKZ/ee7vcSgS0mnPXfQD4yukIFRZ5mvoNh4W2nJ7rg==]]></Encrypt>
</xml>


2018-01-09 10:21:30 debug :
------------
String:
account-ticket<xml>
    <AppId><![CDATA[wx7f83e93205d2fd31]]></AppId>
    <Encrypt><![CDATA[MFAi9P6JsGF/wnDsab8O1i4Q0mNljtqIrQSDWN4GT8po50p3cYFivimenjE96siJpm6QnkZMvqpc+AbsDRkBjJj3knv1zc6P/rG5vOG/jr2c1vO7y6xCYbaPJFPPVUisZU1fEH8dQXpovYAUoOj5PZZBaxtS0EPBSKKxWlcnnLptMUz88iYytohz0YKFp/OhG1e2NhMgyPsaSiegEJbODEnVscYb8QBHwY0aNgkLX9e/LXcgTZDoEOEfshZkdwLrkq0BrxLHik304zcfG9hacXjR79Sko8IaVc8mWG+VBCf5R+RHiKeDKT3ClBDqlDY9TY/jaF0Q0wAx0ESqYUiEpVdhaHy09UHag5daLjLbjFLOypB3v90kOitrBKGl3tOMamQNp0Xha8h+LO3RHT2BCx2W0RlXd4dOPqxA2m6wt9vJzSI8NuZZztnh0zVV2vIFzmRHV4QWKVOZbWOYVsjCCQ==]]></Encrypt>
</xml>


2018-01-09 10:31:21 debug :
------------
String:
account-ticket<xml>
    <AppId><![CDATA[wx7f83e93205d2fd31]]></AppId>
    <Encrypt><![CDATA[PoiLTP5/RNukbOqGqIC0U67zNpJMW51TkaTVbDYoQr+/BkPuva6nROst8X1AETN1iKy9CdByypWeZhfnKsBTpFyLTVXpK3G/Wkti/uZQQWAJI+bTKk2Kvy2vjCkGdT+4ZK/uKmZmNZX+gr4Q6oGHrObSas7or4ZF08lio4Xp2VLB+sliFypSFP+K6qgi+VagUEwtRF9hPEnpsZ5D4O9WnJ8y0ys0IrhWOzeK+WqD4VZiOBzW+C0GtdUqxdaBkj2yeKknTZ9RmurdbkKKmjWwyO6lvrOISvekO1/j9HPh0geSdKPHDi5kX17K+9O+CiPdSv6YGxA0gVrBmjrhhzBUjifDQidd8MR1VX+PTxnRO0GQaDISJMKka9rXLmwSj8Ez7mzwvGz2WGJxs4uR4sjXwlRW3GWeAgMHWSER5OS11/Vj/AaiZCJcAPEL24mz8yRhHMT+trh+hRtTRm7iYw4iZA==]]></Encrypt>
</xml>


2018-01-09 10:41:17 debug :
------------
String:
account-ticket<xml>
    <AppId><![CDATA[wx7f83e93205d2fd31]]></AppId>
    <Encrypt><![CDATA[8sFRVZGujdN+BDlPfZF+5RzKaOS6m7zJ5cqrizcxMt7+JXmDe4SaIQWk51D34zdzS+GSHKiyuhgD7MawGFuANCvbCH6Acyx9aALZazKQGyDXFRrMSKPLCBKBxwGhwodH+vdkX9Gdi/QNqFZ3AMjv/sUPxnwELrnOVSAeXz/PJmW7doMPDUqQ7ba4mGaH5kCyASoVBVS+q2eEcFqv0K8Hj+S3PhGOQWHRgv/+2r08hAlZ+cBygNEvvmDA5RriKuZTHVgEWqbb0cJPabeaNl3DUucRWNhR3h0rg4zm5qnqFK3TD9220XVIJ/Xj/HCWeVCE7XQKr/MhiJ3Yb0jwojGmIclpkJByOU6opnm+cEG6UAYqkjAhW+lsj0U2mvMb1V9GLORBXZsxkTwrUU7ADLOjvPwimsq1v0A5XSK92eRg67Dkyr/KHUkW5idT7Gp/dr5ejyrav+0sNL0pqtBgJ+4TYA==]]></Encrypt>
</xml>


2018-01-09 10:51:13 debug :
------------
String:
account-ticket<xml>
    <AppId><![CDATA[wx7f83e93205d2fd31]]></AppId>
    <Encrypt><![CDATA[HoUI7QOQaXfKiezs/XRVocz+3pDwuiCpEq3f+rK8gkTrTR4ZO3q6yFjzPnnQwgTBoGlUrzEdVy9lX+YAZM9uv4HVK/LcxLlwEeyWEDgh/INqwkTpmDb2ZIdavMaYIoVNjVIOK4o7jAZ7XFhdV3CZQhdtlD/nAxOFslPOBi/QRWnks8NNTLzgFpqgqv+upN5dsvucmGSxGS14WHvPEu4Wh3HjFC9DaRfWQgzKUFhHwro2pT1IyQkm32XelUxJDXxEi9ftF7ljyb6Xt/Ut8W+sPYgl8JCsgNVTVQMV5pQl7U2cfJ0cEpfNNZmr6yeCotymgYs5vcU8qCUhzmzmopojCD60NuMy5X8BhlXC7tpbIaEoVBkLvTR0lllBGjKkOjthd6Lwk60TTwPS8sD8cPxqIRjlLqbW5kvsL9KfxiF161QE8AujQ9B5ukrYQdI5f/RYevBd4b1RAbYyM4YRv0hpEQ==]]></Encrypt>
</xml>


2018-01-09 11:01:32 debug :
------------
String:
account-ticket<xml>
    <AppId><![CDATA[wx7f83e93205d2fd31]]></AppId>
    <Encrypt><![CDATA[HoQm+QrUOuhufT7wk43iTPcf8CcVpMwv+5MUyk0MBRuH2GEEzTYT1wEyLvaGRTofLGqgisT3N4uXa0d+m+W4XM++mfPJYScz4lJNhZfXpBm2Q1ry7HGUagUmVyIt72oxFM+4LFYE1PrT8/e4pWQPUpx1tYI0V6l3w1r/M4dnCzZhSskmOhZs4iLFsgFwfG4RpAOtexkz+kpENFa1EN/bfST7J1MmBs6uE3GREm57YgknmxrUlh+ahUKZfCEw4LHZCwSeIZYCHHW/SwzQPdRlT1py5XZJDBGAK6QP7PlRua19TR7c8QkJzrKlZ0qcqUN3MJpB3U6gZ2uJX+qjNcDpsM2+MEKRENi00139Pa3TbQ11IuCtPHbVo8QC+wUV8vi0LsRP7zrjBGDdldz9Xovrsl6H1UZeffluvHtgoMciJhxrWKmOtp3zl+sTQU50Xe5OcVkQfMt+Ro2cSSyVYK1jYA==]]></Encrypt>
</xml>


2018-01-09 11:11:31 debug :
------------
String:
account-ticket<xml>
    <AppId><![CDATA[wx7f83e93205d2fd31]]></AppId>
    <Encrypt><![CDATA[g7EAyjGOVu/5dTLwXUb2GimEDzvBE7pdb2miRuvRD9U24Nrk/uESVdHGPQSlIdmBAiuypYBC/+7qWzIb2yOyTAIqOMzJwsDKzkx75MAUgEFYZ/5IKLnG3o4dn2F2dJk4MlWBpk2jXjhj2SY+O4ASOyAxhN3ddr7BjZPUtIrARGvSPrbhx8UGJbVz0HCNcTlD/YUjqlWVgCLNDYh4m0bdFipUMZ0kDDmQLvTdXUXdMv5UckAz47hi1vy+qArAjvEQsKSHJ78AKtJI5HdBW7Xwglf7Ijq8+l3qKqgmM9nNbnOachmB1wFZixVwouyT6HYan2ykoyE3yX82nYgUEMYORXObeN21hEbW/BOAkC8sm2ORf9LtjuCWYGxbs2YcenVwu6snfx2Rdgdmk1B1KdOqS6a1E2J5mj9Qi3eKOBRQBW9gZ1bOsbgcPEsOcQTK69N/A09dQwI6z8I3XQ2o5MJUvw==]]></Encrypt>
</xml>


2018-01-09 11:23:34 debug :
------------
String:
account-ticket<xml>
    <AppId><![CDATA[wx7f83e93205d2fd31]]></AppId>
    <Encrypt><![CDATA[GM8hhgF7flOzDRTh7Tt4Nd/L3jr43KuIy0JxnHYK/6ajf3eN2SbPW/1WAv4/bsmVB3i3j8B8nh9FxCh3Sd+Cih7koo5HBij9hh9btMokWwZT89hfL3JdknFvxfWBzLD+/hBd0FVhQdVSuZE/DTUreJYjSdRFHSpIHzUXBpoh1CoQNIKn+rZDJax8bb4MB9cPWAmvdN4Vu8wkYHt5E5u35px+Plw0bfX52R7PQq2UlISUqbUIrPLePa+Rc9XczwrqvyoT/AM/nwLWXDPYym76dzeVF22gT0CDLWcbbKQ5mOHVDU1VfWhQEqTflzRfHTZl/JRYDhWAWE7bJ0eqHwlPiBgRsrDpfSkfOKNkrN6WHZxPtaNO38zjIt7NEv5Tk03CcT5lCJMtP3YGNvw78SD69hkuJJevElVYji44EZJVhq6JVAgxEqvT/fj/RYIYrnisqqfY4uMCg7AiO6o/noVyVw==]]></Encrypt>
</xml>


2018-01-09 11:31:32 debug :
------------
String:
account-ticket<xml>
    <AppId><![CDATA[wx7f83e93205d2fd31]]></AppId>
    <Encrypt><![CDATA[oU83ZksPqLsvBqexQQrEznX0eTN3tUipCynUcBvTo2f5iFmUeo2r1JtthxptuX4/Rrwqu2CIcYnAs6v284OXu2J2vFNOA3Pa3NfHZvOUNgUF5AmvtYfOmojC4ojWFY5yStDp4oV0/AsDvQ9PadhZi7j8mlG3eMZZtFcGDqUohrhkEJVwPGPgIU4HHR7jhMedblgD58rLzDpnHUIg18UQhsD5ZP12JCqaloe53/VUZS45vWymDWZD45EpXb0uh7OqgPFCzZ7w4CftoTJ7TkJwk4xK0Z4R+K8tjhgS1LPFZBjXnSyYZQdR+qLiOM89IZKsBRFTp2EUUulbb9vzQ0w3VuHdOuVv4Tz+9cRnpeZ/ULGvx3jKKkzM0qxF9vc2F9lycpzvZrArRkVRXb9hxRUG8S28bjhU3sy8DOe0BcdyLTeT/LEpxB3+rABcPE66uGipjtbfSgOYqgAPFa2ClHtBig==]]></Encrypt>
</xml>


2018-01-09 11:41:27 debug :
------------
String:
account-ticket<xml>
    <AppId><![CDATA[wx7f83e93205d2fd31]]></AppId>
    <Encrypt><![CDATA[ooEtWyZxSlHMXdoPC8S6ekThrFPWjKo3qMYD9VFwkpzuNUDj8wsd8exa8pMkgt7AfTNiOEIKXx/wYbtX1XqpsPmfMnLTSUd4EXXqJ5/CTpo+l5QDivTfzldYnea/FFtvTZ23mSCWV4pGwRUUhvpzeyIeXYT0nq9oD1ZvCd5IJ1MIyS/NsITHpJxvW+xuWyr1fbgjdiUMomZzrrh0+COJhgzZt5m51skt5Zse8+QlQiL4efgiv2u1JTrBWf4CHHKUxGPnRhGWN26NCBUcliYPGrVC8acQhLKMr1ca4JjZMclui2IoAbYWZ4OXJ+z2/1TollA+uThB2iP45W3xVlhk2q83jGLz4GoUFRTpbAghl6SJlzH7EqzYCT64ftJPL1hSIw0WfPgbkO12t1UAjJdanLXuPjEmM36WgIEhjPWlevROGTShK5fDg3p8IoQQ6uonQYZP20U27EKOgBjAHWaS7Q==]]></Encrypt>
</xml>


2018-01-09 11:51:25 debug :
------------
String:
account-ticket<xml>
    <AppId><![CDATA[wx7f83e93205d2fd31]]></AppId>
    <Encrypt><![CDATA[hC373ITyCDZxdYsHXYrAnx+VTBaPm03l6AWuFFTQ86tojVzjIAx+0JEIg+MYuzBjr+oXI95/YKChjD0m1Z6Nyc95HcNMLkRofX+ti48KFBG5ni38DzmigbZzY+UgSYhfjyAXpWaTAixS+LX+xRE4s3kgxAmZPGVzXNi2znJ9GEB7QDfe72itduifz7w6MxWGEd6oSbo7TJtIJFPnkjQFT7Pc7dPe97oqTx/uL0LmreJz1wkCinD/PgMtHqv+KzDFzB/4UvSinNhxUX3sfnl8mfArQAe5KGITnHDskLgIHDCAodTsbTbwoKqQOO5Gy/UCxqj3GHblwakXn5/sIHJaAW+n8PvhCeZ9oI8/AEmVg931fSHcEZdxKUj5HUEa4L/LcuZolfLiiHmscqGb55uBVCdFXugCVj4DFexywAvVEzR5BFQwmln45xiE/bkDlO0WTXQVZW7GtijTtgz6MlAn5g==]]></Encrypt>
</xml>


2018-01-09 12:01:29 debug :
------------
String:
account-ticket<xml>
    <AppId><![CDATA[wx7f83e93205d2fd31]]></AppId>
    <Encrypt><![CDATA[TBuWam3/2aTFO3vy1bOWqMXiO6yh0ZOFGtuuoOJNykT6nQ26LBmK/eQx9X1ELY+BV1JPYsAz0E1cKtszv/vBnVaMFc1jj7+4rRLCfJ2mt71uR0SMR1UCHeTc+YebOCq6TpwqS5K7EwyFBJ/phnOSkYqfKAvyqwSQbnAx4G5FPkVaTMR8tifS7FDpHhMBMEsRFYiZE2Z4ab10DeovK/FdlJu8mUn9zjeZcNt60Wwl9hwwXVqsXgXe3Sozh2uCeqLZLpwM3WV7312iCcq2DwPmvlVD3twVWdkSIHvBchvJgMgLOs93vqTg+5TyvUT3YDKNgHgs2bljS1XmP6/L/xYhg4jd3hHeZt5MYnE3M5l3VtdNbAZG9JRcO1llOff6D/BZukmHWNb7iAh6xUewwwJ0U2E2l93B805yvJnTqaV3SIGnpjI6Gj/xV+Tg8T2JjMS12G3+vChoBkrMEAtdt0C83g==]]></Encrypt>
</xml>


2018-01-09 12:11:26 debug :
------------
String:
account-ticket<xml>
    <AppId><![CDATA[wx7f83e93205d2fd31]]></AppId>
    <Encrypt><![CDATA[4fIG1KDinXWo+fewg8zsBodtBOsYDeMn3FLhpM45lHiEIvtvEV1bhFs/Q/qHZANeiseCp3NHqTxaFHxRnZgsMdOhJ+GTewuUU6KO60K4VBbIobvmdiZs0oyEET+Ia6GRdWv6n9175ReI2yMre/MtznfEwxUmUZcUORDqhod6SdIH7UQmdBhaJohie+gZKmfTWFNHZmEuILJrcVxSPDginM91u6rl+3MheIYDZexSRefDlRchoN+YztdTc9xlmuGU+HgTLpoPbeowkKRDmg5wRP/8CauKn4at7eppEdt3oO1Q9W9WkdFi5235p87DLJdnqY+p/8TA1Hd5m8k74guH2fMoJpqrk6YW1EZoAPZVTHP1BpeXpEJ6tFPNFllb+7eh7m13DAH5JImOR/AV3nsW6I8AK72siWVKEYSBWHI451ZUicV4Qbl6REZVcfmPDhYS+vTpW5De4VnHb7BGg7qDQQ==]]></Encrypt>
</xml>


2018-01-09 12:21:31 debug :
------------
String:
account-ticket<xml>
    <AppId><![CDATA[wx7f83e93205d2fd31]]></AppId>
    <Encrypt><![CDATA[zl7dNZhtOnSmj4C0b6D2MteJQKhmQqJ3oY1MknAxgiuQymB9EvQBpPa3Qtsf+1s7yNSwdgtR92FtpR0PEer5w/aJcwnodo7iJAz9/Zyj98Fun4+omVpEJvvAEHfteb0YlexhtU6ZZpmT4miSXS0yRnN5t9h3VOx/R2xWslMLMh5ODPjoGgAMbiMHhwVhy1AD8ykRfgvTf2+/2MY8Wkj4Hu2kcUkYonikoKNXqdZWzvls+2eg52BFaBAxfTDyOvKU8lU9iU6uRvZxcBUmUJltKfndV0SoTk2xOP5zqAUw2lX+n6+IOjWoxhB//N9ng/MaVLbvUpi8Wi+sn9GY41Hc3uiaatwjQ0R07jaB3jaGSVAlZwebrF32y/y97ZC2A0Wq3Xn3bnZLgWP/T+YOK4Vwo9TvniqWkb5oD/6VAW1MbqKzjJVtlw5q+4xriEvF9RSF3ZLpU27IfCLFJnpxKv2Oig==]]></Encrypt>
</xml>


2018-01-09 12:31:16 debug :
------------
String:
account-ticket<xml>
    <AppId><![CDATA[wx7f83e93205d2fd31]]></AppId>
    <Encrypt><![CDATA[hdU5/heMKPiP55vfFssdssWKGMuFhgUw7mbU15z4UGBn1U7GieTtNLYaKYBztcc2Jkwq4yMyw++wVivKL6RFzKUhRhrs3sZbAezJdopyXsjcHJNpnki0qeR7z6GDC0W3guRsk4n3SswoJZ6z9q83W4eRJPN/KEz7Nbj39QTvnHnny92awp1/4z0LsjMuX9ksw/ufgmVADNeLiEnMLkEwbcz03hBSgUafHTUT9A6VArc7aiiFjPVHBIBKZqmdliJbklJ1vL80+cKWh5v7xzuWY5CuIq1cbWwbqQ63P4XmM/eWQCPxxw97DJllYiPRNAyZZp3GCEH4TRj0Qo6Nm1gBFiqDm2SC6K1Tp/tDtSKOtWcAgnLYjLOG2/uSYFyzJBFwu1pZLM5LmnpN7IActU6TOnYUfE2ZqNirj/3uFy8EwUpeAmvWw7VyHJ+e9NQ2k6kBUSf6qGU4m/nHB0wSjSQYqA==]]></Encrypt>
</xml>


2018-01-09 12:41:22 debug :
------------
String:
account-ticket<xml>
    <AppId><![CDATA[wx7f83e93205d2fd31]]></AppId>
    <Encrypt><![CDATA[Krdi7444IKW87N7qfX96xQEBuxWKg4at3EWnGDMpB8CoFrh0hGhhiWYa2FCV2lWjqpkFSXLwubIFIEDiQ/pbTRpN5VXvL65XMy69d7d+tSyLNgj/xI404vY+Qd1LwckXHMrQGnLCRztk6z0CWY8EtS7TF1g7mKQwai/mAOznnHn3uIcRkX+/G0UY/sFRrX1lupA+z330cNWoEm4HtR6GKYXXwwt+vZV5XkdAyPCK4T3+2D5dQ9AwVM71/J3ZKm5yrEu3myLvXcVoJ5LibyMpqZykcp9pSfeNxkmlbAKXlQ3wFw6GU/ieXzOSQksTqPhQdlNbTROLzWqvIpxuTYR5KfFuEXSaZAAwP3aGNl05oS+45T4MdydoXF+aPB7lOoNvnxZmQsfxDWp4bUmb8TZKkMgove+aVw9VvBxS2h7L+kox21ZrR20rmDMUB8sCERyoBEPENZt5hyJK8gq+amUr5w==]]></Encrypt>
</xml>


2018-01-09 12:51:15 debug :
------------
String:
account-ticket<xml>
    <AppId><![CDATA[wx7f83e93205d2fd31]]></AppId>
    <Encrypt><![CDATA[r4hHrGM6KkEntUIcqTfragHmFm741kgxqu9IvuYltA0EaBuxLZtdkfSlpcOv+pwyBm3zndTC7luYf//HecWWEmsHC1pQz1elFn5IBPoo2jyI+eqZ3JJcv7VotD8prLFNtZyYyuHmkz+yYf0E++wgp2CCbdhsRqFGJp0OAajvucNqWOog1vRmPs2FNz1jnqpFX2iLc7cRKLprQAHI7VMN+aZmrAqbOIXOpDdfaps9aCo/rG3/naxf0KDCGXx9BCRyuv3kDjH+ceQXnLZ+u+5bxGFnGfbDlvYYJBUPmq2/s6agbZ+rDsx3e8zM+jkVVs42VdMRSLHJH5vmyowBAhl/yhTVFJZj36ssSasyHglXGHIOdJpxFAd2/jaEH3wfMr4pqymFNKnKa6dFWJsBzc3O8IKJx8G1cM+TJo1Jdp1tHbGqSQpP8PT7Q4A/K26APbKEkLtm9hVWn6tE00gseLTJdw==]]></Encrypt>
</xml>


2018-01-09 13:01:25 debug :
------------
String:
account-ticket<xml>
    <AppId><![CDATA[wx7f83e93205d2fd31]]></AppId>
    <Encrypt><![CDATA[wD5tpFPZ7BnoN0/QJ0IbdMdAk9eCzv5CJERw+FqJV5ZVH1rAX/eMk3oAGxOQBn4VXNSh+PwLlGXN7gDdk3v8B94dq0LC5pndaqCuVRgweGc1f5SXt0END5gMgm7gUGlsim8QaRpN7yicQR6QEzqk5kQ19tg6V5kLlFf1DGIE8CxMj+701p6cbOdIeNPddKJX8rq7BQUt7F9jD5zxq7qBHAjXjkDh2xqTKt4vxIppY+uufrXUMichkpwSQS1wnCO+uZ4y61m0ZLtaQQvA/RJtqyBGGvbEjr9jLO/7XudnACgj6cr4fUNwrimBBLn+GMe9mWz0Dwfo7EaPFNQqaPLu1W2zTn3rXlw/1PaaH/YmQQq845RJ77gfNJQ9fqqNfKMLX3BOInCSMzo9RRg26oVWDQTv5Y/L5Falyp35nwXRcfl3UdBt7g2FRAJRMH6ixDwnmVkF8hKn8Go5jUUeSWw3fg==]]></Encrypt>
</xml>


2018-01-09 13:11:19 debug :
------------
String:
account-ticket<xml>
    <AppId><![CDATA[wx7f83e93205d2fd31]]></AppId>
    <Encrypt><![CDATA[NsNP0xPl76b3pJxeCokmv+dPtbhRTT/GU7/Ck49BEKsjF5OnN/tlmg72+QJG/m4SBrb0lDHbmVmxT71nY0MOFkKdIIR93BEfaJHoRsdKP/D41GUDleSJc2m9ghKF2FZpJuOReSeLbSuu6rI1rbiXVxFnhPu8ko9jozQmYSczUNlP3SVe6LApHgPxteTax8snjiDYdlL/V5m0PROZgpdIUnqB3J/PViAY3q+C84Cx/7XAVXn7lGYdNs9EXt6zdA3mFgfcMn7JEDQuwq7R3q3sKV89Z1yBCeynFMZ5g6/TZ6CBx+L6/1UCQmw0gasRwS3KsF8tA3cjBeYRrYVhTRtvo1hS/tbxC9Dbvmj4Yhy/s3xY//98cr6MNEXPmepCnSAbiWtcKch34MjvnuPe493botFrwlUjp2hErkq0o4Rn6gNnW5B4PZz3HJm0OVLNBWjcC168cs+6eaB7zmUz64jySw==]]></Encrypt>
</xml>


2018-01-09 13:21:13 debug :
------------
String:
account-ticket<xml>
    <AppId><![CDATA[wx7f83e93205d2fd31]]></AppId>
    <Encrypt><![CDATA[Y/3jdoBzcl2vqz6mjtLrWY7AMh5vKk6F8fWTrFID/c2326rL586WrqHNE4P5d5h2tgUuZf6KhcqNNNWRCcf4DUoScMbqUxqqV6GucVcAFtTlezDwo34XFyHsW9pfl8ogOqgxPjpapJlvJ0qYbOY2YwoD0+gBp+GFqgmdeCt40PUwf+ebj/GWcvdQYJr1IDklSEZFukePHDQ7MRP+XQ2tiW99fmxi7o9xVTsVNXM7RxIqaNNpWdMkhG51k8TZfag5ITmn4CoNvqQ5N/bK/Orw6PzgwsinVxiFbxaq992DX0t3sGjlGAJdPOl6kZmXOQVFVtn0XEPjFXy13i+jxhBWAwOaVm9whg6YkN5bT8LJnOHpT750TY9gBVCHI3nZb8v6VMHn41dTbTl/HHghtW2B8b3IceTE1RApi8wiD4wW66ahBN0ibXuO59BilmacyrHLR5sAhKTus/OPIKFgknUWFg==]]></Encrypt>
</xml>


2018-01-09 13:31:11 debug :
------------
String:
account-ticket<xml>
    <AppId><![CDATA[wx7f83e93205d2fd31]]></AppId>
    <Encrypt><![CDATA[sROvMOkvLeDnN4BgR0Lh6ilJWqRk6DZnGVWCMz61LBnv92gQanyZtwsaDFQQu8U7x0SRlbLtqQpn9i7+M3wMifI+/KAVVmpZ1IabAwL1CK9UGsID8ZJU2nisKo4MrKnhQGnZfpNkBAquZhfSXBAGIcGLrbSYHcOIP+X9k/zXRIjUs/mn2Wzmbr6Xye95Kn2uijsOeKWaLyH251EECy0oylXNZwXwal1bCUuaT8zhcdW+aHxycelc8euSTnm0veN4rKI2SyYyegIfkqE4eo0J+zAmfzqNXfcS62Ps20WLJtB3PZXWUKSEhs6nDmE45Bq8vkRqrMVEWsPHMLkRFjw7cBlXzyT5Hu84eLqWZZ7j3ooHOpBtHue+V7zpdcDago5aVi7+OOs9Yb8q83ndT/xEoBPDzdRMx1oJJTmPIjKeR+8P5HMz1bd3RddRe2KwxwQkaHvedHVug9P1Mb6I9b7iOg==]]></Encrypt>
</xml>


2018-01-09 13:41:17 debug :
------------
String:
account-ticket<xml>
    <AppId><![CDATA[wx7f83e93205d2fd31]]></AppId>
    <Encrypt><![CDATA[LfyK46PFsHrSOPga5bLjTJRSgUtTAIZwojearlwvf2BNia7ZWNENED5ulkTBo3r79escHCqjvhBqNlbwbu5+ZbVdA/s7i08EQbxPRH30/EQTymr3qkFO+ArYaoywo7VAID8vb+wwPFi+Fmspd+J5muBTylC+BHVNFWxbFMQHtlWiVZStRjYtnRIdvF3CLHkDVWzEDE8PTdYwfDgw16LqH7aRH2b1m4Tu+A+OwY81nhLOw7ycOit6WJzAx27qN+WVj+b9Nrg/s6Al/6/7s+YgQUDxPGW57KUfuOFBxc9eJPqiMEFpw5FEI5/2/XB5oMWVbmCaKpHwtJmbUsa2mQFC1wPe09VKVhphON4lDGKvuuauJziVPKAPYDQnLVz6R2pBhHoLw7Hmf0GVQhIlw1xjpKJa47VhPZAeCMiXgB42OxhUOCN7MSS97XKhX3h0L4qwMqtNtivDJ0ZRTyBldinvvw==]]></Encrypt>
</xml>


2018-01-09 13:51:11 debug :
------------
String:
account-ticket<xml>
    <AppId><![CDATA[wx7f83e93205d2fd31]]></AppId>
    <Encrypt><![CDATA[0tiCYgBal1uLNnU2JdlWXMQO5HsMN2bZFlt/L3sqtR1awnaNOSwt0SZQgN9FQ727qkoA+8txkF7puGOk/exlLE78sZ+mloM9i68I5HRSvHngHu1N3cdicXgK1lBFfDgJed0rdIk+IvJ2VUrHo2PRyRISeqXzT/wHow8ehZykHX+kYG2vNVf3m/sy33tZ40L9vnytVFXHDpgqBo4qqRVz2iHjwySHEcByP3liohcDcif08GDZCMUeFSfjZna93zegXT+NbhJt/YbP00v7/frYoEhsdIXWLbhXbHdn0shL/O3z17F3FSAac1EALjJAu1V34nXmrlCIrUbtuApIxb9e0Sn4teDf1a9X0ukFL6FEIxg8L5mFaBnWqtOK2tw51tGNlKX/ztGzPBcyheOUIS2DT4soYp31uklqnvdcm28MIYeidzSEHz6KT8NZ40/3q9uewDxov/RgMO1ZKUI/j9xcdw==]]></Encrypt>
</xml>


2018-01-09 14:01:15 debug :
------------
String:
account-ticket<xml>
    <AppId><![CDATA[wx7f83e93205d2fd31]]></AppId>
    <Encrypt><![CDATA[jOE/tJ8aVzvwAnuxwaekUhxE+TLw29pYnST+2A7wHNy1QLOAOONyscpsF9qnW8yR7Ll36ouNwolJBuPWcPes29CCVw5X+ffEwk0VU4wsFUW/Lw9JBgkNPi6bQuYSNbJly8ie1hVzMRpacJ0D3SjT9LXmVP2x69snOjkPCgLr4BSXMfsulRYuSRyRNN8jUfLmeD5oXSBRasP2nf3iDP2q5a76heXtKQZmQqf/w++KYx+yLR1srePAGuW0N8NxuaItOqQzndEt3EZL/b6mvbh2jD6NZlcNkpzapxh7lmFLelXOyzFQJ4dD/Fn5h2e7PVQRhfhmnt+++I0/y9D6Jbjw3I30fI0Faa/7eiRp7IxEV+39tBNQGEmdF+oCwoEzjMbX5C5qx9bKoNdNNJ0BhL/alVnaI9+n0eGH+OjQE0ercTQ0DVzRqXUfagbfUuiH5yXP0psifg4koIYZyCGTgCEECQ==]]></Encrypt>
</xml>


2018-01-09 14:11:17 debug :
------------
String:
account-ticket<xml>
    <AppId><![CDATA[wx7f83e93205d2fd31]]></AppId>
    <Encrypt><![CDATA[5LV3hvNUCjwXdhfA3m5MStet/3L4Imo7BCNh3+ngXO5qR4MU/mRO8J5STFTIx40bEj4z+2e0kAMasC5elkc+RZUQioAghAT5VrVPFhXcl1wIjdjQb8vuDE1hnBAN8+H+q7S4SewZ/NbvvNPIR7pdIhyRvxzhtwQRyurMZHNyT34ht0DYj7PTddp9kl7Fw3IMDYpLouKr4ri3yJKxUurc1j8EBXXNKRZh9tK5bqnjX2AekgKwnXdiY+3oRFTH7gYNjd2ZXu1KwwUl/h0PZiNlnQryEUXYWOBdZ/U6obYeGYy5yC+PDizS615qjdikKkGQsg/FKH+MuuPDLevePLkRdusraoDnjDbQdkF97SU91S9dUH3uJsDgq9mhZtcxyk+HX6KABMC2OqMisYe/6LpyALXNX4SkL2mZUeAhIDMcmcPsSnggx4fv8IabdrdLSMKSCTu/wVsPH57xy28oB1sFvw==]]></Encrypt>
</xml>


2018-01-09 14:21:17 debug :
------------
String:
account-ticket<xml>
    <AppId><![CDATA[wx7f83e93205d2fd31]]></AppId>
    <Encrypt><![CDATA[7ZV7GUo8nKa4BMtQh8vCXQwPfZ5VtjmSBrmLuJGpeYktqdPncHoKCw7ytuMt4LEVYocBjyWURQ6niKJ8P/FJf228a+GBRGjuACOpHZnGw5DT9fcmqNZ1Puj96Sn9Yu11yzAbI4nmBZuQuCCpIHMzmIHMc9XomEBC9USQuBBFe2LTnUKLUHN/qwxr4NbpwkD5uIcRRZn0frq2vt/QpDxUcpMjMAiDQGr3or8+VSTYn6qEQG8SWxNV9IulJIVfCUiWCI0xbdlNABZu34du6gwBm+ZVb+UibhYCfZpDipy+hy/g4PHGb/qxbIx1IDMbiQSQDkp4dZ+IR2bv2lO22iuCraHjjWh9eXeYGzJEjH+R3qg60Y7XJp9weSViiCvn8+wP43jyJdYC3ktzxZs3ZUz9kGTIEH10W9wlIp+/gHCJP1i0JcNVAry4AS45nkRFvvFOsyJ4JxsjccHAKKfP8LQNrw==]]></Encrypt>
</xml>


2018-01-09 14:31:12 debug :
------------
String:
account-ticket<xml>
    <AppId><![CDATA[wx7f83e93205d2fd31]]></AppId>
    <Encrypt><![CDATA[aESw5OPvGjZxS0FzptQCB6lecvKgVU4AqbaJ2EGJMex3DO0WBOnieSh2gQ1q/MIeUf1IpQswqDARx/G9F9IEUENgQDrAguqUFiX9cXlu0ANyHbj+UFd5MdNOtW5TiW4RISep8Gq1Ok4yQEt1HfALPWsdo+S7iot6gETRUSYMWjc46pgSrpvenCDFQcVmoLAAU/wKV5eB2N5QGOOGrM1xBTjA3AYu0cB99v6FyMQ9agPyOZAp6WsgCs8jmm/CBk6wdo/+zccHoLQbZXMEl/JAJNJHzG5+Qm9/jXWRgzqk36SnXz/4HfxDMMNL8io5EE5Ob7IrnQti61FbUhjosJSOM2oX08thgH6ANYNqsV+U9OQkMfdkTfd7X7FZ388ZGt9Re5CDh+6SdHLPLAshy+DjDOx59FmDaioTD1awlGlyLXGrMyEEkTRAlhdpZteQgXjz9MFG3/dv7CM08dDrqM+fQA==]]></Encrypt>
</xml>


2018-01-09 14:41:19 debug :
------------
String:
account-ticket<xml>
    <AppId><![CDATA[wx7f83e93205d2fd31]]></AppId>
    <Encrypt><![CDATA[MwaP63TcwGK8Bbx2GWkdmwxS1n6PuZwmH/D/QIdRyr/0sVcL5jeNGEunh20Yjj3T3vg/3DxKNunDndrBsCCRqi9rmm2XOE+T5YhFkbYlhD9Ekm7RuW0598GbSvyzSb0LymZ/J+yYaRyquzWt35EgJ2HczPk8fjKGOtSeOIu00cgPFHRNq78noWgXek7cjcoKfH0c3ReyJH3r+Ua1MksK6Icx6X3ujsq79LHkQGWZcQng8daaBb/IVo4Lx/UzU7/BL5IIx4S1bbZJ91auSBwwy1065YPqq48tA6v+cas2eAPMPTCR3jbtewoumjLTNhDLuyuLoxM5CVXl7+GuvBDtKSmm+RUYdqKwt9WYI+73tBj1e9/xHg65KiVm/OVmruSNkr4WyEO47k43knaOfg2uYmuNYXaNL1SK3Rw0R6aADMKamwSTwuz5BdRjg6QGlmWgIbhQPJEUbRF2w3Sh1M8GBg==]]></Encrypt>
</xml>


2018-01-09 14:51:09 debug :
------------
String:
account-ticket<xml>
    <AppId><![CDATA[wx7f83e93205d2fd31]]></AppId>
    <Encrypt><![CDATA[s2t0CMBfTA9rc2V3gVbIhJGV6ckYh/MFWDskOjCXdgeHBuqpSNQO0LqPQegBMH2i+4dfsCWUMbMLzHowvf1+MVOFR2k2SBKnPlrE2LOm+dAmXEKi/tIGExYqDhKXECVjju+bMq2tSwZeDaTiawgg42Ejm/AEMptNey1bYgzux44e+IsDcnsNWBJWzFcvZ4bxDXctxeGAqhvXXz5nwQ3nGS2lAJaT59r1QPiwpV5ab/WpbRCeqsxqII5f6uJpDcDhLolMopqXINNyn+BAlkn/6hQ1vniAjDpOkST4XSpYkUsZwj5rCOI6sUw0jx0HO/XChfDF/s3sxs/RtdFyUjygO+iZNIJkjszyUGS23Kre65qcjlLaSIcvdY6yevvz4h139jvgzdpuGjA7/U122pG88lDBw0CjGqC0t8ww+WWmINIYF4RUFYKPiZR65VjYvF5P2uzqlVyIXY7fyl1+o4WUrg==]]></Encrypt>
</xml>


2018-01-09 15:01:11 debug :
------------
String:
account-ticket<xml>
    <AppId><![CDATA[wx7f83e93205d2fd31]]></AppId>
    <Encrypt><![CDATA[Y11YXRZNJYmiz1jYAGw3FGb3CJbzpjGXS085OfzV1N4rVTN3T5dSNyiFDsXeEyu71AqY/IjA9ot4sHQBKN/z20wymUVWxqoGmtcvrK2hxE1rIUvUMYANI6oAfHmh5H3Q8bDPFhbqvmr3Cr6oHPhorRNNCmKdk397wacWA4CZRcTyx8Kf3MfJsfINVyByT98mbJL7ihjKYpLcJW+fPR6O7mL6gUweMPbeBp/qLM2PaVKJ6TSisvvm0BGNh0P/tz3mwXbpvzjBM2ISlytSdapVOSfYhSonPoHV8GInWLGu/mkriDhurZTvoLAqBm7dvyOa++9U9jywdz5D9GuZvXy+3ej0GDjYIsNtA81opgBgImemoVgDHLkbeYcJHDrNKe5cpUpAJGcq8Vaqj8CAI/EkYR+ket4rpFDJ4VdWH21W9FIWKQ19nl0Ex6EbwQEm8ltK+hsmfWS2PBrlQfehYIrOiQ==]]></Encrypt>
</xml>


2018-01-09 15:11:22 debug :
------------
String:
account-ticket<xml>
    <AppId><![CDATA[wx7f83e93205d2fd31]]></AppId>
    <Encrypt><![CDATA[2ISz8ye5zD5ULzgTvL6QJr8ltQfIxm3+zjVK4Z41iafB3u0WkGPu3jxdzxJK/MWi8xAdYTA+6RU+0v/VdpQGcjCtthpzhzO4sc1yq/ecPE3FE64RNazRWluciQgAyKCnbufKlsFS/n9uWRdvdeyTljK0DXezhGVcQM6AaQz9ZgQkfGuzWBKGUxZeeuwhiomVEVIbINsTcbO0TZt8NxhmSfd3RfSDQcmqFWV3AP4w8Y7ND2lqQbyVcXYRbFPO7VqGXIe4vj4mP6IKaXlCY7HnlOapKjrKDYVLxwx3aWlKCAqHCI3MYgXxrogl1yNVhwTWJaNkpA1IVc7JgezvfEqd/hZZyqaqXhVO4nOF7Ry+lMfuUdo3hdEJgeZioNvqFlP3PUTW8Z5zUbo9ENADuNxHD2G5Oh2NmAtK8GiFEYf++ti71xyM3cdz6/YHlB+UAk1zcZmf0BAbVCtuFtDgbYRxYg==]]></Encrypt>
</xml>


2018-01-09 15:21:19 debug :
------------
String:
account-ticket<xml>
    <AppId><![CDATA[wx7f83e93205d2fd31]]></AppId>
    <Encrypt><![CDATA[fKomQEYilE7s6+6ll7kUr3QzScI89rXX5xk0/7UBq6sBIkQU+44Wz7cAQsrorkDi7U8J7Lc8EhpSCWTQretjWQ4JjsWHoYF/r5Zu/wN7Sb/Aou8jRYEV9WhSitNlc+xWEwijBGdmIeOipyFB8QCr5U2znenpfZDLp1IEeUMCnGWWhGr6hLoCeZ068FQUgtD4W1SGd6Q1NAckX/Ijj7weutUF1PuV3q8wglnmKp42B+1SL9gPW0TbXj+9Tr4qMqyBZALehR3w3vLUC2do7hFBHQb9tNsyAaiiMIHQu9QhIpuMtUO5L/ymO4WOCGpXJTJENKonlb9FRErj00GH2QmmWgymxQWmIMs9TVHp4o9Ck/rj0A+dSYSwMgWqVmiLXuCsyjSZyl1tPatLO6LesSh0eS3YktoF+7sxK68jb+/KPdKLvV3BVfavpT0LMCW7m26wUhoQg2sQ9aTHG3MWjiasbA==]]></Encrypt>
</xml>


2018-01-09 15:31:20 debug :
------------
String:
account-ticket<xml>
    <AppId><![CDATA[wx7f83e93205d2fd31]]></AppId>
    <Encrypt><![CDATA[54A2nwVs2gq2PFmmCYYwSXJObob8K4o1Tp2gx4S+u/YIui1nZS7ATEpN1zX0RK56GaNMjIGDyZBXwyKqWj1xH1nVUWCZwbj1Ph4B5EUy98/6c/TNO7zqyvR5n0RpPB4fc/ig4wU1rSKEPkwQLS1p1UINP5HJprs/9//H8e6hD83YKBoUzRhz98GtgE497F3CDHsi9UOMFvzWNmT/SCq+YYsWahvmxKrjeX+tLpOgcqNwHrPSobRdYcKtxThxKF0iMrhlO/Tzo016epQZCs6zvzOs3tM3EIseBY43umZuec0R6oT7WAdKWR/fl5c/FHTq6RuM98ylutHiX0F22Q4+5TmRwJ/1O+fezXeKgAvEnwnGQsAyMBu+Poi5oy9Xor+e3Z50EI6+MYzRtupedB3ZHrhUmivskZNgO5lHq6UgXnktjt5GQrpKpGw76vpZ0qb0AlP2Py/WwWbf3yYgCDrhlw==]]></Encrypt>
</xml>


2018-01-09 15:41:21 debug :
------------
String:
account-ticket<xml>
    <AppId><![CDATA[wx7f83e93205d2fd31]]></AppId>
    <Encrypt><![CDATA[8tTRwRFJGCiUHoCFTzMmuVIGVONddOMcJibzImd3gvDCW+GbRst+D19JrC1KBA06s0lQscoEirFLL+0qe99HT0mCy5Elep9vV6U6fsDs4/ced161A3b5Tvj5JVyj3E+szFNXxV49k1scYnPfBWyiYIo9OxYsAEzooptSF2PPGOc21/n9MtUzTPPgnKM4wTvMwYRU6HbCpjxLyMtRNEjIR/9srNqLihiYgjiBPudHV7dfepOrgziYOKwMLpdNyJ3ed8XpjPrV6Nw4MPcjfkCUf/6IM2bmJOUR37wg1dlXSgTPae/C5tl2baLVnwnIyzYYYNol3SY+rgtTKE6KIob1mHr0t4gC4hIqrr8/vfvk+BKx1mruZQAFQ3fYc2CRRaqId4wP9gJty/Hqo8qPfMZVskhiT7RIfeK9TdYoZ8Jwc0HmtKPjyK18dEdWTBvxsKH8/s4TFZr5Syzvik53gGOCqw==]]></Encrypt>
</xml>


2018-01-09 15:51:18 debug :
------------
String:
account-ticket<xml>
    <AppId><![CDATA[wx7f83e93205d2fd31]]></AppId>
    <Encrypt><![CDATA[R7j/fHQ4KGyqrw2o7WG0aXS0U32h1fRR/KdzXYQZYNkIzdZ+LGuw68vlSJzG07lgA5+gyEl70F9ESvNVKkbB4CCA9st/bwkDpjC1iJ+0htc+qLnhvNHikMOZd93XhcJL8Dn8EfFhFW3WLT+G7B0a8sBRC4KjOFsmbgTflSVOOO0u7yRblGKY1pPXDwyHojsikWTaHVmNvYEwLhJCCZqWz8uS47KJ65Z2on6Th6Xmu08PLm5mcvKFLyHeVLyrwrubN4lM1NOB0ESuxyOAQId10BqSgcH1yDu9rrY8yRIWr4FdJG2RHHuONUFEVEvuVDMILRUtkCrxjPmL6mgzm5OsE+5uzelUxLIEQI6dV9ox9/2D9eIoq+ClAfTtukVJX8revHXSd7qBUO8tk1Or5qv3N0hqKbqCk88Rvc/O4+IoAv55gdJygUXMmq1Z+ZTp95psthPxYe2Lwfzu3WOWtELP1A==]]></Encrypt>
</xml>


2018-01-09 16:01:10 debug :
------------
String:
account-ticket<xml>
    <AppId><![CDATA[wx7f83e93205d2fd31]]></AppId>
    <Encrypt><![CDATA[k0PBPEud0ixzkrSJsWMnwkDA2/xkVGl00qvfBxynOkxwf7Zi/3DdI9bgiuUdq5k3Z+dMgs4zuvz5ryCUgTuI6VWihPcA/a5aK1t/677mzCmI9i2EIjNupakuG3aBVOhz0CB5cN1eI6qJFXGq2pjdSoSY4zaW2BELpTtc1T8ZfkkalSyF7g5G0p7scca2d93Z72WJmsd3E4Yy0zKayOywAPQbtoPJ6rd9DUlUlbn7BnC4eWORqikOGRANnwdj6J++/94ccwfNZrPgdAndv5RUFZ6aK2t0bWIW7j0APtc7uKuxYnyoTpcV8wpZLtlu8vMjylYFhZhTQv+OhCieKRamatu+sJkWU5i1pn79msnt/N4pOO8AXuc0BjKdEZ5jQKR2lkdoYAqobV3hzym35mN3ARpMr76TMdn9vYe0qk7KK9U7nGac7upJsX3AFdVDvNRZeGQRLwYnWmNVTs1IlaLVUQ==]]></Encrypt>
</xml>


2018-01-09 16:11:30 debug :
------------
String:
account-ticket<xml>
    <AppId><![CDATA[wx7f83e93205d2fd31]]></AppId>
    <Encrypt><![CDATA[QkT6uZ3wO2wz+v7O8CTdmIM3QCXYRKLJTxpb+OLyB5l1J6seQu/HQp4y2MDXu8+hSjZxpuc3Ee6i0SYiOvtJzse7p2SWHb6No6SYgTj3+rDJxXrniXq3c40658zpkMaiy+c0Xv9uq2GnQ1O3I9rhNGawpM9JAF0b//qLe6EO5Kogq99Lw6rdPeFToI8yNxEy2EFyJALfIyzJH+Q1CiFyVeZDau53J34bePMGqFDgTNHYHmQtJYBBocIf70wBK5IgxJKP5yFB1z6i8FzQY1jkURA5bJXeT+9jqUmCi8KmMNfeDVJNjU1mkfkGMPTIBoQKHB8NXwz7HbOR1CNE8TPv/5/B7irI/oM5DXR+64nRUZ2/0o4Nuxh/UVNvphaqhc+lgJWi/DVKLEcnKAZW5bogaxs6sFscT07XF2vlwpt3ZsygNrIYHxpEUdulrr7mT21RbitKxKGKH6nmH17JGOFbtQ==]]></Encrypt>
</xml>


2018-01-09 16:23:14 debug :
------------
String:
account-ticket<xml>
    <AppId><![CDATA[wx7f83e93205d2fd31]]></AppId>
    <Encrypt><![CDATA[oJ2akNg7+U/jFdGf893FCd2VcO8GMJozBeqjrb/MaKUpYLOYQ+bWNUEMTRLLQj01b8/v67Q0FSE+YXknp6LZKZHhDY5ep0Px1UCv1H0CLYwrKO9kFwNxUnWhbMQp9FmkCp7hymVBoI3v3PwB8tNJw/k/vG9FfWN1KNFgjahALVEC1pLzBAglVfGxx8EsFnTwm7F4BbWv3qJWNzmeXwtlPsuEGzjWlgZENLA6a6aZMA6WXAsxKta9k07plrWdz0ivKD3TpPhYiX8CzFmOEStywAgsUG5DooLc6uClfGxfSWa3zDOC3eHqHtaX4WzxmMZ1L7q+U7/54s455/SDTaMLEAqFHo9vbZPD1hSrEaasdRwly+Dfcb9ASfPD2RJvq1uEjhRp9j7rmNd1Yz8yo8QpSYs3BlmKnGagUxglkZoGmdTYQDE7tdnKG2+0sAnO95abJE2/agA3/sElI05qJHo5MQ==]]></Encrypt>
</xml>


2018-01-09 16:33:16 debug :
------------
String:
account-ticket<xml>
    <AppId><![CDATA[wx7f83e93205d2fd31]]></AppId>
    <Encrypt><![CDATA[0TWMRl+8QeEgc5Cj45bBJMiG6R2K86zR2JRI3bFvpWxsytEoMgERu+k2UPDfyYjT3Eqe7BLkFB6z4OYl/xwdFqhfVw3j+st3/uF+NU9g3DKg+4nY3abWcO6VJebG7LW47naAh6JYPll05HyeLsL6OgXCAJRn8vSIdLQAlH+xheKxibVVr9DGMnQ73yixtLTy2NE/9ZdhGzAqqrfFtIrF7LKNvjweLQClAFdCFvCXEKa6mOYD+QPI27D+wbycZxtHWRIUhmkGqEi1evqDcXbym/QvFZ1whGcrOlnUCMtfxw4LlVXorY14AQKlNxzPWJg/HHaEkU7UiN7NyPnp/Bu84fArz/wBbIatXhmhZ9wZlmIP27mY5si76sBsFpkHv48Sq/zayjEctFH5uyoNavxgbbMjKyd0THaCbWyYH8biSYnYvWg/jTDZYTpBl7Ggq44J8T382uzxje0o01Wwl1Kytg==]]></Encrypt>
</xml>


2018-01-09 16:43:20 debug :
------------
String:
account-ticket<xml>
    <AppId><![CDATA[wx7f83e93205d2fd31]]></AppId>
    <Encrypt><![CDATA[hYh/oUJYWH0FZ+eV5Id4szyHoo+wSIos+zEInt865rfnE/NBnsCJo0UK8tFpqDPWYrjzwEXyyhVPCzAaHzVZ+O/fK1C1UyvQDh8C8nOQMvIblhh768dwr6gEj2Wgd8xITdufI6LTDVyvhDJQ8b9UGmKg78SyMh6kFp+JCZYvT2pTFDYM97xPxRSWX/Ssq/R+2IaYnFe/sh/ZPFz51ECFQ5WvC/cHEqmq6TQmGjuOt+Fstmi6AM35wJYFeFkKkIG+AHWDBrUHxfJywASdmsgPYlfTH/nfY5fN7OlJpJRiGC5i2GasiMweGRgjOBuDFQfjUUFcqkWS3D+ILTOwW1p7U9J15PZFh4F1w4/RKamDBedLLTdPor9hbX5EpNYu9JKUhAVkcChtJGAcbO4OfP2wuRLrxqiP67HfA68AIvQJMsiV0UMo8UoNV1NvS9D0m5Bpmebonr9sX2z8HsKU1AIP3w==]]></Encrypt>
</xml>


2018-01-09 16:53:18 debug :
------------
String:
account-ticket<xml>
    <AppId><![CDATA[wx7f83e93205d2fd31]]></AppId>
    <Encrypt><![CDATA[Jgx1bnAMaCOsnoxsW6xaT70vTqkomsbRr8TyN+2ULEMW7wM4mCEuburdrInCcZzLEpvWzYUpaPuFb4/jjXlQ/BLSd1knjQ8YuuKARIgxdLvqTHEZ0z614oDmPq56IF/MLkkN0BbHeqrQqVMKQzye58Qec/46Mc2f6w0B9tG11ACXik4t+v0NZsbRVZhryl+A+pORV7fGuJ1yEdjRYLyISCmmuG3WSszPstceutEkXfL+8aP0izqJMuqyXzxwYOw8C5hUbDv7l3JKuPMQGs/eNJzP4nSzJtSD7SNZIVTxzLCzbXyJtY9YOe935fRhYvO3P5fCakDu85SKcrJ6I2K/i1FYIt0wG7QSosW+9yKN2TsUhREbkgo4bxaZZSK9ksW2LhNLtixvedi+rwegn18H3Zy/U2yJMNKDbtj3gAvBjX8hQPUNC5gRgHCDd7dSBoEzVj5ODKlzeaFcjTBAZyMo+g==]]></Encrypt>
</xml>


2018-01-09 17:03:23 debug :
------------
String:
account-ticket<xml>
    <AppId><![CDATA[wx7f83e93205d2fd31]]></AppId>
    <Encrypt><![CDATA[ZaTc0hVoEZXxYkaaNAglgwwKv0J9sNL2ki3uQhmTaN4+ap6UAMxdbtv0/kNyDxmiwLdeBA21Ue7GU7+hOcD1RSxDaX24Ty8TzcpQ603t3om3C4VjKND95qbz0iRDpNpgzsMarRcCS88fuRAYGrSQxdeIV12F3++44mNT/TOfoeW6je8xX+quyLwBsUhPvQah6cySv9DtPMmqJfbH4mbcXeL/RPg0jV/ZBMAyAAJNrvfKFLjm1H8NiPgyfb7A+vLuQqR0z9HxN+u6ETEUtj/YgSgH6ZbFopgh06KfuoOUFNQHpVYwr3PC7m/TkvSKeeRgaVuPXdGCJKMY4FZ08iIDbKZl9AZ/iai28PTCoW5PSH3d/58Qd3q9GJ0dDY5Ze4W5Ruma5nI3wLGjEWW0j6caDVdrCgq6xaGSlY7KZZDL3wn9QuJEqCntrupHdJuvWfNzcFsS2L00yN4cdxIOLljrSg==]]></Encrypt>
</xml>


2018-01-09 17:13:22 debug :
------------
String:
account-ticket<xml>
    <AppId><![CDATA[wx7f83e93205d2fd31]]></AppId>
    <Encrypt><![CDATA[zU+rZx9WSnxwc03La0vQdCsA0kGLYEHMds6jt975LN2WiJJCrC3X7olDzIvNug0a7T/rveXjswjDLb4XbDPmVPdAxE19VzUk4Oi+wKo7SLfssZDSuGzlE2DGSPUA2jhyZ6/OpoeT2SARloj0DN1qkNmI5cyV8lwHX4AFYciAGDOLkCRgCac68oz7w+s1r0HB1lcCTWHKQyyvFZB/K5flx+1tzi6LICjdAWAWegWPckgGZzocGi2adDaOqHr7G8yZBljFe0gBSzWVtwJ+5tV+XLbiGcD403/mLcERxh5EOvz7HgXGZZSA87pS6rXyhMLTkBtZbkSQXpntOPW2GQgzuRMqUNZ6XFJOjI923iw5kK2Y/pbI0dkinKHAv0MV0YeCuObkdOTmRpzOdkoRg3jP+GL/vO6oDDRw1Lm1dlaZbqUNhJ013oGGUuFU+ZWm3IqJZoRYBVGnzrcbLxVloUp41w==]]></Encrypt>
</xml>


2018-01-09 17:23:15 debug :
------------
String:
account-ticket<xml>
    <AppId><![CDATA[wx7f83e93205d2fd31]]></AppId>
    <Encrypt><![CDATA[LwUk9YVQxYVI0MGpljhsNz4pXqCDYKWqn5eaDJKqrOcGQF3WjOT4LZISu+HZGnazDorG9FEaaiPUyrcoASTRBcSwuPU0M010Jc9W2zMj6pE1xGC3+YJHmErR+x7Vq33Zsh9bZYtPDDm5dZRuvDdWnShFUYp8FY+I/LXDixo/osNPe2BpWp1rShjlW6/W3uiA9VVCJyuOAdycn17K4pvn1H2JM+ds4MBJM1MLHV5/qGykzZXewtpt6vYjsWiP/wyQ6+leEThpbRdZbfhShPYUbaCA75u0zdxILSu3K/uWilnSpJAoHG1ISWsWjaT+MtDWPoNRKxyv2whO1xmUon9XMBc7VZKN6DEFpRJQoeREN7MoJxHYkLR7y1V3e4hCT0xn5tg1/UnV6mJvT0Uo5nVrhvQkeLq4GRbxkFuzuykRtyVwi1c5es/kLp5vzNhLAGxW6iyE8xUFzIcCWzb50BbCLA==]]></Encrypt>
</xml>


2018-01-09 17:33:22 debug :
------------
String:
account-ticket<xml>
    <AppId><![CDATA[wx7f83e93205d2fd31]]></AppId>
    <Encrypt><![CDATA[YMs7NM7hmFxK2GDJi5TCOU5Dkz2/vT3yCNjU9OsxuF2NyBkiXm3JSD9OobkjHXY2uzmFAppwa2aN9bB4ROm1BbI1zh5GwD2sQlUOa2aZkTfaMn4NE7s6E17vTGS3tbdmfOzc+NLhyEwvBG4mS34Y5tEwhC0pike1iQaeR1me/UDYbRMN7j5pJSFD6ID5CVjnKgVlJiIy2JmHA7ycDH5UbSzjr+JJKeyoZ0zE+qkZjNv07mznEj4epeWXesZNwXZ+pKfqPp1udNeZDMjOpHWN6ow2o2OmXp2vl5KWkKB9Edesh9Q4RZWYbpLrkDNTbZ/qJEMbp6IKjxMjJ6HWRMhOiqopBcVC4PiXK1NCt9NmqT1KvUhtPdZ1n4OiepywJfORzwIEE1aPd9omNipH4Fbf3coZ7b3kopUONvYxZXvcjuajjIIlblTzYcsAxK8fBWCqMeY5LSuqyvg8qg3kss9pqw==]]></Encrypt>
</xml>


2018-01-09 17:43:22 debug :
------------
String:
account-ticket<xml>
    <AppId><![CDATA[wx7f83e93205d2fd31]]></AppId>
    <Encrypt><![CDATA[Haqon6+F9KbDVIb/gPrb5Zys0a52V1z4U9R+got5K2VvqE7dU44HJFpO8w8mkfWZtO5JaAlzcMy881HNb5pMr8rD9cLRv5XVU9WyMdn9e1z7aXFdLcnZcomlNQ/XXGcn2ymMlSqfzwgusEqQwPgcgyORIZs8ZPcrbPQa+zYknVK7bB5RHnkaV5PqjdY/3URUvFxmUorFEABN6eDGElpm2vpS0vvPGbUYyP5dHS2WST5j7f5IkfI1I8/AbJOrlq8h2hlE5NATVjJ6zmYd163dTpZIHEKkezZRnEsPxhAFIl3QN16OxiWO8jBT5nVp8Fr6BxmwGYpmQvz7H6fEdaKGwt/FXWPydLFZHIVBWZz5GIw9tZ8ZuH6dBYWuM3HGbKXV/3kQMiJ3Zv8mLuXFVlCApcSJXyiGz6j/QKgXD/Qc/eP/hbDwMga1b5nefDXrPWmtCWVgXvXNMPFuw4CmEZQUlg==]]></Encrypt>
</xml>


2018-01-09 17:51:25 debug :
------------
String:
account-ticket<xml>
    <AppId><![CDATA[wx7f83e93205d2fd31]]></AppId>
    <Encrypt><![CDATA[RQhjzPPejj/y6oQEqIuF5+NCxXL0MkZsYCV4DNoTHHZgHArKCwYgl5+Q0Pc5EM8U8WIlN7LVNVA6artdyQZiyHLAZraMlNU01OiYcHt2S34E3N3ZpqYwZSFSgCqJu6LMg9RPLzF9YS0uK05q2zzBXE3YXue2FlzgiS3PI58k+7XuJSgqTHzUTG9WJQCX1IdFErv+pSdd3YnhQWKBCW878cBHgEB6miNjmOkkZ4igN55vAfZpwoMBqt4iOxDp19wGzVidWlUP+pTUyymb5lmraGqXIXIStwY9EUUNrzFHNemYcr2Bn1z5wvoj4KZhnMV2AFDFDFAwl4TgD3JIoBfLfy9RSwAVmZzqtiGh9ln6xg852+lvi3kYvbQsXCtQcbhJtntbGq65gBcgzRLOvRBVSufloEfvqeWP08IlmxM2oWH3bln+KDiZ3V9WYSCw8MDUBW5h5RJydJBmHsF4gZWxbQ==]]></Encrypt>
</xml>


2018-01-09 18:01:21 debug :
------------
String:
account-ticket<xml>
    <AppId><![CDATA[wx7f83e93205d2fd31]]></AppId>
    <Encrypt><![CDATA[s7zjAKvku9eLbQRGUEBKEq8keaMptfWqeSYvNWOtOTCLO5F2ZWwU6wQFn2E3BRsyeit7XG1YQvD08ztvASQ9s+QjmpB47+5IgVeSInjg1BpTi6NlmRSLfReFu+LrHQClMv3MLD/2d6MT/2i+nUFsgPTUzGR6hOKYsrQuGjLNHBKA6edFoSxXo5I0DEbFap9J6NuMALuS1zbgVfpqoh5vJxMLEugGtN2X9YWJIqVx78OjCCiLurlzYpSiLP5YpI3qevs4BwARovtpQgiy8UqMl4t1vQZEP/ECA4xLduafbjBp2OxiOW2GETIswAaEq9YpOsAmBIUUrmGd/o7sXcELSFUjFrbMNwtmKznw4aVFLO8zlseSgvHGLEeYy8kbnV3SWzshWjJr7imAaFXc2AYtYomE5Bez4qV9456DDQU6L9IJiMohG/VilTS+x2IIH91bjCpbl4Zt2zASTFpDkISYyQ==]]></Encrypt>
</xml>


2018-01-09 18:11:33 debug :
------------
String:
account-ticket<xml>
    <AppId><![CDATA[wx7f83e93205d2fd31]]></AppId>
    <Encrypt><![CDATA[9+jHrYd1GBgSMi019QSKGE8BU+ZE55DKnOrA3VyAFZRkgZDx67Fq8wpP1Aj4gAGqXGqvakTp7h106sfGVzfCbMtP5kKG1vX5lUsR9uMxSCP1fBqShvT/zGtqA4Zx3sjR53fVN/4ujOd1oX+BfbmQ8S+yZjTHyRD5LxUjFXP9S59PYDe1vGo19DHdHnaL2xe0IfBQi8pO6kRmW0Ijbd6CKrSspFxmZar0wragWxwfLH+J6Hftpu75b+mOdj2E+RE3kjPX+exhQzYw9FhxOlauw16XO75eRi6gbKtcUiVTgs+9BwsF05YmCGCSLI2BKeUJN9wkEhG4B2JeCf2mLoQZ/5zmZDh5kf4mHWXyLmg+CjYGwizBtmqUlnHd7+H2ISeWL6UvYB4oPJGYS2Z0nLh9+cYg3U78mGLBlZvCJyIzkGzelIdSPc1VsWbMWmnoScGxWOkI2PYYQU9XodyV4FnmSQ==]]></Encrypt>
</xml>


2018-01-09 18:21:24 debug :
------------
String:
account-ticket<xml>
    <AppId><![CDATA[wx7f83e93205d2fd31]]></AppId>
    <Encrypt><![CDATA[cHmIXMmaRvKTPG7lihSYiLgQQo90HWOEnKeMLVhO86giqra3K8vXoyyYWs7bKDeBztBwYXpWv5l9Jub++89db+ZhjoWRgLRCd7LUYYmWLYHyUnjGu9nx03vY4Nxxi4wLKmegybsitFfzXMYz+dgTle6gfXy8+iGCTV5hKKoVJet2whU98UdziuwzPrao0rNi87oFmiTYjL/B0zdDzT2j6I2bUKQEewymc2SWP5LW2JDTQBKetlywCoWwnx8dcVc6Jn0aUhXvAXOlDYyAip5FBRqqHqwetQLAHYEApU+KAHYjIBO4rOgY5/+vSjKV8cRR0LMXQhv4xoWVTOV0+kFmGmZRHdmvNmTJmLrnRxVXbFrkTfofgyxxDgZgLlbKKwUifl0ys4exbO2CsIWbRgaOk+RYDuU4oPmV8u0oAa2pfZiibmZR0oG2jIZEDlQNciyGZeDS6eSkDA0bv0OgRSs02w==]]></Encrypt>
</xml>


2018-01-09 18:31:23 debug :
------------
String:
account-ticket<xml>
    <AppId><![CDATA[wx7f83e93205d2fd31]]></AppId>
    <Encrypt><![CDATA[ezuakyudHJIo+nwL9/V95g+GiElD/9sraoHGVsQ8aY4Qb5kGIXDGR7FHgp9QGM+KmBx7t18n1iLI27dKC7T1pcyUXuKUdwP+zWR069IWdAhrPgA5ac7D1H3QbEX5gyI4IOH+HBwqlhYOwrlsYBdWyzLYJqx3N/Uj/t89Cr7oohP6lIOSbuCMgThSpNiTwu3K+yoARGPc9FwksTQ5pw8H16bT9UKAng1Ts62IpHZp5MH2dIwrlyyIOfDxXs6qYF9bbMHhsoQQRwrmrdz7YwXEhyhNFxUu9fhEzel6Yb3SGIQkojypY+h2w72+U2YPRDqHedxn6Gt/KGATHL1JK2izBvhNBX9W0Xy/eAvjGe+wnrBx/6FMhP+6W6TqHxV9onefg5od3PtLjhmwyiQnL8Yfm9NE5xdR5PMdk/IzE/hc3mjquvC5Bi/Cw8X+m4j+CR5W2Fv2UdoajjI4LFhceHIeHw==]]></Encrypt>
</xml>


2018-01-09 18:43:35 debug :
------------
String:
account-ticket<xml>
    <AppId><![CDATA[wx7f83e93205d2fd31]]></AppId>
    <Encrypt><![CDATA[0rrjkVPDZ9jDz4g9kffJxU9iafb+fGbsx3LhQ/9Xa73u53Qq/MtieHNMgdlpREHcAZYEYW0I6hD8rqzoI09uyIvQEFRVOvY06DZ7P3HuWk/oDd0zpjxbbImpRfFlPXpJVkV0IV8hUCi/qTVR49++unAGCw5inRsr54ka9MOWCdKtLHvQg4eed7iSojDgXu8QwvSO/QTcaCim+Z70a2Y8AY4vcCHAG1rUu664YoaWB/4h2FCPMgi3830gZPaYolBrmUu31CGjHHnqf8UgLlVU7jkb0Nkr0n5BdFQ0c42a4dwubC7vau5jQ1Z6eUjEa9WreiItK8s22eg9HT/fvGXnNknlgkW5WGTO9ql4ycdCkP8JxBwd2hY+tTLuLfxifjNiN1FPRBJbangQz1XmdtHC6HHKPIbNRnZl+8OOl8jCZ1bZevrgHZvtWtwd76Sk1NIk+aWWigXByzUXIrRZlsASqg==]]></Encrypt>
</xml>


2018-01-09 18:53:19 debug :
------------
String:
account-ticket<xml>
    <AppId><![CDATA[wx7f83e93205d2fd31]]></AppId>
    <Encrypt><![CDATA[+Jc66hI22vo7l4HonJGmJYW8zdAYDze/072K3Jw9S7PSk17in20VAHtHmLf3M++LEzcLnfVH/MDDBhxJAN0XqLcmxDZB9ArmNcH0K5eg4FPRMB5fzrCaMKbT85C5w9f8krrYW2bgSnvPfAe2+Tbte5mZKWmE3HnxNxK/1c2VJ3x7savW0+5cfUq2ebE3BkdNi0ll2qLPrV47OaTJqmgHIFd5DBxsK1KZLp8LjM6OQjQrl3jzo25L5BIweKl56LM+LCRNJrTunVBkbpplC6VjjIBfym71wDXaRg/iN6S7FcDqOrooJn4JfFb2Scd28e9W7iWeTTli7/Ppl0CkaYYmS1idJ5k+ietxiwNsdxN90GKvHwlcdToAX5CP4U2tmROyUOZLswBW7QNHdfLUXoV5gaJJSspM34y8fZTyzfz19dTfamy7NpY9AzzCS+8d6hQJ4OQwaWrc1UduO7XcLkTINg==]]></Encrypt>
</xml>


2018-01-09 19:03:21 debug :
------------
String:
account-ticket<xml>
    <AppId><![CDATA[wx7f83e93205d2fd31]]></AppId>
    <Encrypt><![CDATA[qx2u3sq30sJDNrlUNeQHW0cPhNS2whFDjd8LBvuoiPhbw09wX8Xlt+3QC6H0BzvLajrMVygexhNhcvNfFAs5TdYEVP7vfOeot3Av8g74V/PNs8Y+OiGO9CDTg2foLbQnUq3H9/d2jTFl0DML3i6BzYTcziL7Il2VC/2alyy27k0AoRADvnZzqwINKCNneQbgYxfJRrZcUscoA58N02KHELTujegv50AtrImEGYQaGK2ZiZdH3Vjm6YzxPTV5TsqMJy+L17PRUjFK6LM4pE/zpXyw4XMJoXGq9/njWatGv5VNnMSy4UbZJCrVyEEwm+cdZsIP8HfjDcoRe2FRsaCjbIol0JoSyO9iZ4r2dKujBDVbEUNhJVe8WCuskZ+FyOmo5iSjJl/7eimrPfZHsKzG54X7wP/zFcTvNh45/bUX/xYzYNNkqNlwmRHLjHIGZ1aRGnkzS2vzSTymrBH7c33iDA==]]></Encrypt>
</xml>


2018-01-09 19:13:28 debug :
------------
String:
account-ticket<xml>
    <AppId><![CDATA[wx7f83e93205d2fd31]]></AppId>
    <Encrypt><![CDATA[LHEPpr1+gq6EN8aY71dShopSO8/LewTgpBpe5BYF5iT7K9oJbSiSlb8/YuFTbJYwhamTGqFW4V8331M88OZT4ERcQ0qEK2N/7F2Qyd9djCnPAORAr0ssvN4YOp4iF8LsYZGKmjIC7fsdjspyyywo2yYv4maMycDClPPBzalv+CgIo9J3MfV+5nH5kesyVT9vLC3tVEPHmXbgXj6fPY2+UgaLkzz1J6igxTZNFHL8qshZFtZyu5OFil5JVMV7HQnMk75r37HC+vkWYOwHvSBqnJUGa8zbKi7dwXkfh9FvIuOa/VRxXZBXw3HCICHqn/fFAClIz1iAMWnpZHIp+hyywG5rUoZUrBx/4m8T8UIFLKROC1dav3fMr2EWV7+GlJAuw16M7V/elxDhGev2TnjhytOjQPVgsx/3nOuW0p1XOwTWg5RK6n2t38EdBWtp8O4/dhsWFJ4yiiRtPpAmEdmn4w==]]></Encrypt>
</xml>


2018-01-09 19:23:24 debug :
------------
String:
account-ticket<xml>
    <AppId><![CDATA[wx7f83e93205d2fd31]]></AppId>
    <Encrypt><![CDATA[MpZgsXHQ0D84eHaY9yvZ3SDpXiOYptAyFjcSCCupeVwU6QLnYsT2sK97K1KwAS5PgdvsFBo4ZFWiuj3kHlv3Qpm1ZsglAXYh6+GAgCH+hsYBEENevxTD1gc8wE0AdFeXxKU0T/eX3F0DjjnCoOgG/lNXHNgUhZoDR5OQhcwW2ncuovEzf3XRPlhHSAr15kWwU27oCcAQ9lVntxSr6Z+1whx6684pX+pbAFIOiUJeyGFZGs8GX/5GLU/W5wDKG3FTfGN0hTrSIqzYGpoOc4hg6B48Tkh/d3SVuC9iKXPnGWG8yrAID+I6a6x8dGFDWISeOOnLzYkDOTXReOOsnM0QhgTaXNnaaIRpBMmwgaKGszgyPNNtc4UasnU0XlnSnmr9SqXRj336/NrckLN/HZnExH3qBDMk+fTpDnDey53N+wMUfOHxQK0jIwl3EpF2R19+XTvicJPIqv550/UbYimOPA==]]></Encrypt>
</xml>


2018-01-09 19:33:34 debug :
------------
String:
account-ticket<xml>
    <AppId><![CDATA[wx7f83e93205d2fd31]]></AppId>
    <Encrypt><![CDATA[o7U1c8WgmjKA7RnzM2HnUcbIIIiClBZXlbD4MbuH+srz5nxyXaUN8MNnpP2ggg2w651b9bpWvgbHBYD+4TZvxQWt8KPxQ4aHgZGaFjuggRKLCJcmg8bhlaKekgdexauie8zb/DDfhiuq+pYju+rCUNEnO6Fsp81bv5bfngqr1MbnONrn5eYkkzOtlGRawEqe7P0fm4gyl4/UhYa4a/gG2kjEQ9BOVQKN2vYfUgjeqLr0+fMCJnxIZmZIa4RPwRF7La6ZkNKZtyLI9A+5iCjjjl/rkyPATdzsYb/0s4XA/RDzJh47FXROEhNn/cXPukxf3gNDNaBBm5zN18e1fmbOfeiIUEImz8r3VniWRQSWb7j8FlLxyvDST5DbOjoEtY+rtOByj9dYvsR+Zr3T+cWzbHdUIF6EnywbI6WYsjJl67ZRyCNSoQU4yQOjGddda7paFGEozvjzGnBxhw8wKTiGtQ==]]></Encrypt>
</xml>


2018-01-09 19:43:40 debug :
------------
String:
account-ticket<xml>
    <AppId><![CDATA[wx7f83e93205d2fd31]]></AppId>
    <Encrypt><![CDATA[jqdO97N9zsn5d3CobaR+dVLhhN5sJPXKMdh0YcJhQwqkwwoK9EAXF0oIolVBFZQlRHQw5DV9PUDaoS1rTGW7IRJLSwIzwZGC+ndUf4Ipw4kD5FKYFkisTt2zhq3nvfYW/w/79VwCpcGir8rfSMbZpMVUBju9E6Rq4VDQnHX2m0e9XjBnp8LdPJlqkT7E4YC2z0EnS/iAFi/3WS9nCbCAhyV9WRoPfWi1tw7OYekE2J/3UjjsGXkwio7Vv0KOnGam5Kbh3KQcW9DvUz4ZdoX5qTGRjaGuSwu/mMmK65APD4FfzqZmEYlQ2pW/DkK/JXd7/i4KpbgfvOS6/EPaTYCQc69kdn4mUYYJSIORrFBMj9uJ7IV7VL73bm2t8uz9yF0EvXFj0R14YA0LVhuoVztIr8DVFlt3mz/b6hl2I4MxyAZaozdiBte3TI1EhaNTAT7jnDDuiifBe0wY3MGN30KiHA==]]></Encrypt>
</xml>


2018-01-09 19:53:36 debug :
------------
String:
account-ticket<xml>
    <AppId><![CDATA[wx7f83e93205d2fd31]]></AppId>
    <Encrypt><![CDATA[B+43f44M25kd5BaQ7H0V0JngfcE53fdDEMYlQmSjyQ4pFxSwpxTrPxu0uUxBb9CNd4YWf9aF77RMH5E6CWbbcMjrWpT+ob0ITyxY/dJ4vRcWBJb0WGobOsiL8zM7zvXb03EOzjij6KSgUrL8JcxBVTteEKclSPW6litaU7p3dELOYgHoMj2JPDB/W05rF3QZWzEca2IoDioN7K7xqC8j+dioAzaAA3DIim11gt5pF9ijJltTryxA0DgLJ9mI+q4dtd9s0IyrtnTDjq7g9Iz9dVzW3o3jzo3iKQjyzqcWku+hSBXYnuJh47wIAgif7sui4mnsAeQUnJUnvuQMT5XwjzNrn5yXZZItUUPffo0h2IsV8tJDqLk9tR1njLq7LPjesmjh02eB25z+Ta/2HajDEFxmRrdNoO1N7p4MRZVkWlkOvQ5r94Jl9xme4QHip+ci36A8AaxvrqFevBUjuvqTzg==]]></Encrypt>
</xml>


2018-01-09 20:03:40 debug :
------------
String:
account-ticket<xml>
    <AppId><![CDATA[wx7f83e93205d2fd31]]></AppId>
    <Encrypt><![CDATA[Y/LnDO4goFLgDAtEGKaiksxZjaRZ6RPUQ8f+gIOS2Vt/ccxN7fuZh4wD3NurFirED3Za+pxB2tRWt7/3QuoU7oc8kaBpZPegvASlP8lTDOQSMtz7D5gddTljT90PeJgA9YhE2NhMu1BaCEvWdVOuCMQ51JXXmTCzjx9BRPhOQHc0gghAyQvqghrNuh515h/RMaYeZLHNJFt6A7eEJ0PZYhWCTvEhXwjIVoKlNm1JqgIt5jA9mWSCKW+fFNMcJBq3SpR+mU2U/EhgtpYpqclEODewze7BTCkwVYQXorHxpB6iLIp1HkLy/39CjQ+3jCdGtB56Jvl+lFFmaSqQgb3rB5xxedSYCCPq/n1xiz7QRCWFtCNV6gpZJ2gXHpCJ6sndtn+cqeXIXi3HttcE4sl0sBSgN91ebGf2dRzn9CaMUJBbRScBWlFsI1gYxvgFxVXxDToDNG5W5ZETCiP5wV7+dA==]]></Encrypt>
</xml>


2018-01-09 20:13:41 debug :
------------
String:
account-ticket<xml>
    <AppId><![CDATA[wx7f83e93205d2fd31]]></AppId>
    <Encrypt><![CDATA[nozns0Vwc/JLY+jC4XzoB0xA5SsMneQfMhUisBUNQOGDNOR7b1qOa3xXLvjXFyrmtfl/RjpogH08slBGBVIg5TUTLBNRx2soAFfyH/gcg5EtwPaZiRJHFe6OdP1+Bn0U1xY8m5srtioqXvvVJNnBCYJhxwG0cYx/3cavVPYY4IYUoY4pf3ywwIO8v5Rv+T+Wlmradg58lyK5GP6yzVw06nou14QFLkAio/+YuvVZvgcdJvAXcQS3ezqvuuCuqIpCU4FEVN7q6LjK0QKEaTfTRWzJnIX+VQ5qYMll9cETQfMbaQ7NZC3JKptqJ8NGmXbZICc2TEWdZ1V1nhAl+wCYF/V/UxtjbXUMf6wtb2bKPKbmWCXkJXjhDIod8O3XbiNZzx8OVM/7T8sD9rtheEZOxiGIgGdcCsBWSmR849ksUe//22hW0sNHLZjsjC5sAm7rcbN9sVYbPWDfmeIk/3Zk+Q==]]></Encrypt>
</xml>


2018-01-09 20:23:40 debug :
------------
String:
account-ticket<xml>
    <AppId><![CDATA[wx7f83e93205d2fd31]]></AppId>
    <Encrypt><![CDATA[gbCuk3ymyTn35FHrIWdUgqzZx0gjdgeTDOmLuWcobXhtqJ/W8PO+xhkPcFKn0+L8dLNT43OuuT5sVQP9pXn/IaKbq3HNzhdewxx8cCsFFTetToXUnoRPQtHF5Rhdke+lK88TtTlVJYPtGNxXODpyzu3sG84iSLJZiPISwisYk7RHqWX4WtHZwgSAVMa2Mb9MameSHK04WsC2K7Ptnb1kMp8B5XOnQRXY6WmhUzEeRqMwbjEpRmuzwf/RLi7AdQFlweJm8nO2QKNysvVIFNbmnhdHc9p2+9Rkofwkh0wL7iPZJfVEj5uIIsuXG2fJ2NoM3gSnP0hRvOvHLdpaeQvCliv+C/hT3W8GtPMlecnDSfuE3oN3HsrQ+Rq9kunRIfEsojEcX47+Asj3RLsRT1Y8mtHJ+uQ+yAyQbzEYshenTnLo17rPjP7WuJ9WCTXnHR7sb+cWiDfuHTSFOXGG/WNTjg==]]></Encrypt>
</xml>


2018-01-09 20:33:39 debug :
------------
String:
account-ticket<xml>
    <AppId><![CDATA[wx7f83e93205d2fd31]]></AppId>
    <Encrypt><![CDATA[3gzW9jqWcQ/NjA7ezU/KtgJclRjuSArxdQgCZSnKQf1TuXgMfpKTNpRo4SKV0Za8muhQhxFDfQgHhLN1mUniHaXztxxJyapcjao9lKFgolmh6RFZEFCD8NgGUxc56Om9rmdR+vnhLJy23Ewjhn0OD1v3ZZHn5YdEfb0bRKa5tFxfRfqSsh/Ve68dWLYUn4gRZRP1aASJ7yPTklhylhGV9B9m2HvMlmlcxtdipEWPjjVDJu8O3EGTFhSoiWr2vYbIDQDYxEKxkCsHHcvv6/Qjwn+N1PNfeNV/VC5lrAIrkEM06BrdKv94X/KSISjENTswQFezfDN1dw8++48fYMxonrF3xUE7ohqHx2oaH52wiJBTjlsC4MY44E1mywueLocTHEWS+Fnov7B/Lcq5TRMm15ujPim9ePnhoEfSeptTVzM5qjgm22PnyzPYpfYJoCQt5m/5Dc6haGuA2RB4vj0c3Q==]]></Encrypt>
</xml>


2018-01-09 20:43:32 debug :
------------
String:
account-ticket<xml>
    <AppId><![CDATA[wx7f83e93205d2fd31]]></AppId>
    <Encrypt><![CDATA[TvcWksOLMgaZbx4Xg5v6SvZ4dw7rrnN2OeqJCGfJsVsbLNf/WEpsZZRX0k9hpbHMl3wWn9WnNMsYcK9ddOTR085T4DhwfMt1ZSd5glW8BjCQusU6+popYjtRxpWZOSsAbO5RoLPUE/lodDZTrBSXp7FiMbY7D0KuOOQ3yjG5QaOgNqAVxOcnX1FLU+vzoUr9ioD4licvKBdhag3k6z91yqGaXZZnltTO7K2EazUrDN27wN0GIgjmHWqluxkjVNO/0mM0iUDvAssvPkelQuL8VMv7JuoLOKdzvMAwRkibzuB2tcBw7ul9hWDFbh4+tlPOFaVO+NTQOryJ813tkm2/UCbINnPamUHz3O2socs5VmDuODsAMuDWfftiFOiN39whrRozdjTb65jO/tTcr1fCh0j7g1vyFxLtotzUMR5S4vhGFyHRX58mr3+gwlqWwMOlOO/yBQV1puEeBmyDwEY9QQ==]]></Encrypt>
</xml>


2018-01-09 20:53:24 debug :
------------
String:
account-ticket<xml>
    <AppId><![CDATA[wx7f83e93205d2fd31]]></AppId>
    <Encrypt><![CDATA[CT7ShOalLoptUsYUzy8jiirMJj2g6RCY8DSg4tXfpVNV0bG8EEey3VsXJX/uW5VZ/TdZNadXpc+r38CgcsDk2zRgChF5POmUzxpO3JX7cX/Yj7wlZogy6DShEreCSHHXdFvHwvz6oPYo6U1I5N6hN7IQUdJVS6C2E/+xH4x5d+rYpB76knEakbe1m3chTzcSw8uyr30D/4uFvpnUFIvbOvsSnUg8RDIe2Zt2cBTcEoYB8zxNZy8mnEuuBQDLPiQKa+ToJGY0NzZzDoWSi3hIesho5M/xUpmsJG60GXdaojwr20UFWWjSJC7o/s/cR4lCJBWIvz/+r6CSvyg5Eq0Auq76SQ3HfexcuJF4iL4p08ARbAGCkKVKS6w+2sA7pB5/fDeUMsJkOoBcubz3gfhUBO2apP6FZFcvTNYw5Jdb/pxmhUbNTRm6s9RDY2oLvqalVX5f1wrKNppZIstKahx2Ow==]]></Encrypt>
</xml>


2018-01-09 21:03:28 debug :
------------
String:
account-ticket<xml>
    <AppId><![CDATA[wx7f83e93205d2fd31]]></AppId>
    <Encrypt><![CDATA[q4SXPeytw2Fsx6rnlwV1YCzUpAwMKXKcYMWsdUflBTSBkk/gqpfdR8G+D/OQxBB0rmyJFKeVohMVR6whHbTNlyVCNosq6YHriVDaKsRfkvRSj1JroStEr9xIEEwwtiGnezcTPaM4YXSjnXaA5mfzoYIxdOA3xJlq6bGpz1Vtf2z7Sxf9YNmgmpGEAhl+lj3btY4hSQopOo69vPBJUOu5HyBkZH/6Z9CuyWc97yWc+ZxCQSYMMUxBo7mDu0hpRub4kjGF0P3Y7lr7NTGI/+LEfkaUuVQQO+wXMQe57h/9g4CrdvmjJj1/K9EkjDKKO99q9jw3pL2yys+Dty6LXfriJ4O0mtBwgqtFvB0KKlWm9EmrnUs1oZUOcSXretyLIzGaeodRclqs7qJbhwLvZVAc1yTIBM5qXNrCZ2WAxz7USg++okx7af8auWtzJH9815GelKlbIIloM6GwP7Ofh7jp+A==]]></Encrypt>
</xml>


2018-01-09 21:13:36 debug :
------------
String:
account-ticket<xml>
    <AppId><![CDATA[wx7f83e93205d2fd31]]></AppId>
    <Encrypt><![CDATA[hHVhDoSFvJxxcfqlgPMmJkLAQDHM89nbcbMzkrR804eSRx1tWqzLMXExqxxt4Ocmg0YWlfDBhc6xWXCFL8qy5dhWlAw9cxEWXFzvFlLrrILQG0jljC+SKT3Woz1WTC14GutDtRBWBhG96Dsrq1XetQYCCyVe8aejTnhQVDGYJt3E4NJirdXnCAt9sB6AULxBJMnqmiaQNQlgVTvC86F+21Jl2ipH22cpDfINsP85dt7Sjc5bRBRbfuxmt2mdZ4IpYXjHhCABsA7Hm31Zx62w3+eqZByq1PECIE3BixM2oLqiktbUgxqxPbKgEK0Tr6EO43odsNT674QTVB7bdIy7KmmJtj+vluL5N+8fahdA7zAeR+s2kMzPBFaIITSrXLl1HmxvhCadMnDPkoV6SYK5BHnq01qwWKxA4i+5IzYJons9ppUjbDEwGd+VATvAZNQMiEvXW75Hg5aKojwwnxDdVw==]]></Encrypt>
</xml>


