2018-01-05 00:08:48 debug :
------------
String:
account-ticket<xml>
    <AppId><![CDATA[wx7f83e93205d2fd31]]></AppId>
    <Encrypt><![CDATA[y00DmISdeE9A6DPUEPnNIZN2s4ra4nUSX65ZIAy29iBk3SO7jiXUDHGP0AiTKrjMOFVhlKsZu0IJejOeoXMaVxxL+krh8MSD5sTcgvMEBYh6tFU2Ppa1Cd+/3AzlwN/LeVcheQ6cl/r9XWQpkjHRziMFCF/o/7Iz5Emj+EHIjqdE3ZpuSmlRWsVCiU4Pnd/H5f/pdH8knjydmsNcwMN+92GbFG6SdoMWLxlIcMrwxuDw0Vi6xABCFu/ao9GLlfh189REsKQpkS2S/MD4Bj75bY41hWAsIT/Jkg4Nuw6ljDlod8300qMFyhjp3ndjP78al6RWHBBVfRoKDRn7SrsPTjowdZGhg8JaNiLcynS0YMPVS2fgyD9lWcPF6FlOGe9VY72elDOQ3drSFrjiMQ36EeWvRegOTOH0XnwWZj17VT3FZOw7eknK5FnOKphFAhCesz+H+IfuVBu+zSP9TAnwuw==]]></Encrypt>
</xml>


2018-01-05 00:22:45 debug :
------------
String:
account-ticket<xml>
    <AppId><![CDATA[wx7f83e93205d2fd31]]></AppId>
    <Encrypt><![CDATA[8LU930S0UPu6L2WFyCUoyBX6LqbWmopxSSkuJ/fXN6vsEfxXYuQo8Ie1qhVjV4CwBgxD6ASQ8uY/BtCOQ4xZFh9qbG4Ff32fXszcm+dvxm7Sp2nVEsr7cueNIGzOd3EshpEN0rIZOlFcPiSmxDEnIg2Q5/8FFy4ni/ldeTCUXzau7cDbC/GPea+aNJl7+Sr1aJmODVqDQzpkJlYTNWo/xhZipZu63KUURmF0quL7xYm5nrplDtuob1EUPdKF/9gsKiP9j99WdpB6gVmN8sl7HBA4n9hWIbWRbmYhsCINUXXE9FT5dJ2+ebHT4a9ZkCBzMaYN3NFjIWxpqqFY4gDmiUjPBOagVVc/5/lkda4n3OMsPiNPjBkqYzV+Gokz5aI6X8k/uGOE4+WiFaygnIOhcYh0hmOP3hQ/yR3AS4uwdY5cwgQ5IHu4qIDkqQOIvGdizIzmMdzgx60SezbNgov/KQ==]]></Encrypt>
</xml>


2018-01-05 00:29:28 debug :
------------
String:
account-ticket<xml>
    <AppId><![CDATA[wx7f83e93205d2fd31]]></AppId>
    <Encrypt><![CDATA[PqEvK6znhcxxvwepEqQENdkJEQvsmRoySXpAScA3h2XUoUT1whHuXJfIY6CAq/AvI17lCPfNeZ7LYD1vdChbLcTJnvAROjj2Z6BJxkk0/Tmh4QF3QGM56HfXnSpMLaaYb23OOAIoP8TFaYOaktsH89D62rBT2cv3Gmt39ZtR/XxPY+bqUB6yRrJwETYBGoofP2RABGAbJExgugin/GWZ3a8Vff+kNnSt6bdBn+YdKmKxhpJQ0mS69f9VMxk3mwjgRtg5WZbL3fPeluHmvOkbbXBxZh5VDfX7PX4te908wBJWdXNXcA6rOHEW5uMNT+Jmns4QSPTap0xA+pmCeXq6R81oHygAO5+5DTlBFM9Ch/ky8gHh2byiZ++ercLNmdPOjF7HerHhWBNoZY3Az3IfpT1kQt25ocDaceQDwEbA7AwTe9MnO50BhARlC/SXcTHhHRAUXtWvbcgxIO2yef8U6Q==]]></Encrypt>
</xml>


2018-01-05 00:43:10 debug :
------------
String:
account-ticket<xml>
    <AppId><![CDATA[wx7f83e93205d2fd31]]></AppId>
    <Encrypt><![CDATA[YZljR/w2sez/QFhhG5xXp/uXajt1DxIBzMvUaQEnlRnyBbf3sHTHQckJ+vazWRWWTNaPV+ACH8QsrlprEXpNn5RdD7dooXFmdlDcAxh8b/siL4+YbmWogG9cs+fnGnALu8kwM82Oo+8iCml0I+TvRE+JxLr5wXT/7LliLS7PXsv2sZ/Oaac2fAfa90jc+nYaD1aQrnNeomBxWttwNurCvOJPjqlgbqRVRFJtG5WdHPv++cLPpyMDTvlRv89FxMeXWDawgrnU25sHu+XEsk9A8UL3yS+9a8GRwQDNDOIDy7yhLiC66Z/me42Y3mTLGNyk/MyKGkVMYLf9hYJYxFBIxUFQZoqgLbbF3WQcLv+BHmfPi5c7o5KX6ZcbihkDjGwMdSTSRhH1ffX0muX/Jtk2IZVAlUjl6jtEfEJEao/mAYjqrUvpUqsJA/duha6KuZAEanrThvxFcux3epaLbsR2fw==]]></Encrypt>
</xml>


2018-01-05 00:49:15 debug :
------------
String:
account-ticket<xml>
    <AppId><![CDATA[wx7f83e93205d2fd31]]></AppId>
    <Encrypt><![CDATA[YMfLTKGpg6n7sP1IcU4TlU+i8kr9a9k7S8SfbE262wH+ZfOBU5HQnnT4bRXlJk9Cgr0jWOK8lYYsXQ23avLFD93N8wXJM4lyAQrkVaXR5zLUBJ3pM6spE00hutwRtOrmCMjTvy3bEGg2pbFiy82NCFDzJHEbuOS5DrmidUydxj8pzYz9Ks/8Smf85JOW2o0Q3Ys0aGNcIWWI5sq00oqKQSnKVb63KRZfWYvqw5r/RhglnEowAeaqMXJxf3WDQPEs7KYk2mdQqMtozPqMkbSPcC8Av7f8RJAzkWNRKelnVZax0IhZkc7YbzdzVAnbq8jURd8zHhKKHBaE6+WA/llphXsIWEEHOLRTI7bZTTmBOrLdu+OrAqgsovv2+xG0ib1XGhdjHursk6cfm4o1fiPTW3LzwSVYZ2E62eLEn+V4LAZotbWX1DCpMISJHPGf+TLwFGW6VoR2FDtwEFi/lsBHQQ==]]></Encrypt>
</xml>


2018-01-05 00:59:05 debug :
------------
String:
account-ticket<xml>
    <AppId><![CDATA[wx7f83e93205d2fd31]]></AppId>
    <Encrypt><![CDATA[zDkj6BJ1G+R+hCwd7E4i9AK/b4JagVfEhuNHrV63SY3RYCzv5P/l6nI8oF2woCpjwfmGAGTIQjLVklt+OESU9XF2vP/iu1i6yFo0Nc+rAAkwP7nfVvvM2OG4D/JgP87fLWvK4lpO8W1i424q18aGmc7mHfwxmk4xmAB04xu+Z6EWnv6FAOm9HdTYulQ90zmWbzlCfcnjG1mhxGPdl6jy//EI4XeCJBN/vbRvcPruA0Di5vPDhL6hmkpn88yrlfpsZcZfb3CJGg4kG2B9Zl5uNCRnSd6MZ/r5pd/sVMnLaS04fFXA7p1i3NNkXE8W7PUfDLOWKrPMG3ZvbcYjgwaZVsL88TnKoR40rotR4z5uAOEubkC7HLQld6YQGlD2BXGJJYNUa4depdvN5KCFyolCDN0L2cbLnKjj8LsaiwU7l4BEqHpvzdgsW9IE4yJTY9k9J5dzENe6uVb4dujE96T9Uw==]]></Encrypt>
</xml>


2018-01-05 01:13:23 debug :
------------
String:
account-ticket<xml>
    <AppId><![CDATA[wx7f83e93205d2fd31]]></AppId>
    <Encrypt><![CDATA[69fpq+4wAqTXaOoLdQ2N2KRZwNheaBHEWRZteB0+cn2a+y/RDtAXnayA1zvYXT0uHjGROL0dolMdas3eiCKNEUdYEvQuWu2/nc+Vj6KKPveZ7V2oc5V3Lb89swyfWe5wto7BedCXbWGYvd6aOxaaHRxZGB0XXtf0kfKnm5P0gFtq6+iCSyhoxRSn0c76QN2j7EIqgql2Nr0EQi0zzG+MR+45n8wnzEGfyixbChuml9t/Fjz5tqlPiWMHjQox8XPcgJv4qf4e3/vntNIgT7SBxgnMCiITPgrRCu5bkrE9iWfuKMIPx5e+pvQdS5+ky+Rdif5RrY/sspi8JxWS9GfpEVLGkJooCMEb4Gq2VporlHr5+w0nNQBIQB8hOIf1KvcGaW0IKj0pjJ0XS76/RRRyau8Um7bieKGIMv4/dZsZvwPc2RymgAZ2YzvRal+CBUnB3qpK+407lhe98nRB0WC1DQ==]]></Encrypt>
</xml>


2018-01-05 01:18:43 debug :
------------
String:
account-ticket<xml>
    <AppId><![CDATA[wx7f83e93205d2fd31]]></AppId>
    <Encrypt><![CDATA[kYXl8BkrL467/ClQ0bXeyq78JEXGMdmVY8rK69loPmWsCbEoEcpbBkvLWMvYylBkCYT/WQwZErKiDk24KIsGvuE3loar3mvvu36rIqahbQjUfqUtgg0TKdyNlHcdZOFLgwrsPPMca+C6m6rVQbE6S8caa73+OotKiour0trpSmIKZPxxm3mBs85QtE/WOkeKBaffzBp43QUykiDv9mRIe9SCdqHyFWjJFPbVIYKJEb/Oi/id+hU58RyqN0iyeCfccLwXi+WQJ7rDziThuKR/gttmjJyyrRizoi/JEpEmQfItsxNjX6KaUXTL97EIW0JbbiYJmyVGQ3CB2KgHecS6qEG3h6LYzFlBHehdNj64KOodI7BqtNH6/CjkAvK5GuVQONsoj3IWLzUrSgkjnUDZOQAKwmhqQy1z+erBvneNYOhqtXA/CGFQAFd3gYGET1r8vgN5wrqXVr9cHWu2u/mvjw==]]></Encrypt>
</xml>


2018-01-05 01:32:56 debug :
------------
String:
account-ticket<xml>
    <AppId><![CDATA[wx7f83e93205d2fd31]]></AppId>
    <Encrypt><![CDATA[xgiVm84Rq7jo2tHjQTTeWS6ARezwRR/oeOrilbNeQYLSzSIRnEeXls+MEpNpjNcmmjJFteG5s4bpOTIzMeoH40VibKsEnyckUd+apZMnhTYWl++148sGZM1eUr9MSNtoVJN8PI3xshpeYOT6huEYeQWAfI/jY62sb87oeiY13dtAggVsyxFdZweIQV9ppwgrKM0OCc926Sl5+CTCeypWalzNIuNUitoT/gdTPOiBFtjPMintxPsZbH0X7YhOd3GZS4hVu4joRnzAe8yr1JOpojoqaENxtHOyOX6OkCl4S/46InNxDJIh+HwBVJvq5SHg5myrxUO0n/eneNrkixq76Zs6IiWnBu3N1A8EdF+Aztn+TFPJTpODipSMt4tS4l5VMINkIdvDzb9Rj7vpqk12QUghDUJUUA09jdrrojZu5xY4y4jSaylX6yEi05iTwgX4IxBW8LvsLma1IJCxrqu+Tw==]]></Encrypt>
</xml>


2018-01-05 01:38:43 debug :
------------
String:
account-ticket<xml>
    <AppId><![CDATA[wx7f83e93205d2fd31]]></AppId>
    <Encrypt><![CDATA[NXNOxdM0WwhAvfQkdItwH1lGaNzjohUg72fSKoJxMxE+BGk9m5NrGfqEXZb+kEpRprEK+aZQ0UkXQSk4nriKosZdR6caUXA5COy74Bdr/zjQa7oW5vlzzScDJ7GUlXXCA+0ELWqRFsZ7uLLCHNNLD4mUzEr7nxnbSCt9dxS52mbut+eKn47EcXE78fqFHdJGXquxplJrsgPQxS+8aPJNmKMPfRkaU6HJ3CLhoIYut8DWfHXpozdm0Nk0pqOr/7neWmC2nNlL/ShOgeEjMWaXk3CpS8SalP4fHvjAgmxlXXkM0ypEzjPsUN2O3sNob8B1JoGhlPG2mNMw+rj6GBiGPTRgOzc+YQFfiXmCcD0tyggvfq2VaQAylA2nTU9/9sn9sh2iX5FYrvLXW/sDc8EnRs/YX47mvLx04Sih6dYNLmCmjOYIOUItu9iE/uijCUtgJbpZA8JibUEOW1Ui0mwcqg==]]></Encrypt>
</xml>


2018-01-05 01:52:42 debug :
------------
String:
account-ticket<xml>
    <AppId><![CDATA[wx7f83e93205d2fd31]]></AppId>
    <Encrypt><![CDATA[nbRahkx27e99Kue2e8gdQDnk0nxnX0xICIcwSPvopvNelJXGcYg0J4wTsVS4hqEJNTx3VuqwMrAr/GfvBr3hqYOK15/YsWeSqwHQo9qa3ZRKLd+0pB/rLi5eoCUpIzmQyJCcUSPa3GvMeEbEn1dndWNxoTCeDE6KW5c/Kz9h2N7cuvx6Rt46WdaJ1vY8/Z7irWv41nYz4Phv4I/LdTHPNUZLyH1t+INeprAIfzDelpMZ2O45ZWdAxYD+n1YCyQ6qEudJ7FByD9UvNGrWe6+jOTOlszSaLN/zJnCGLilb5PMezHZEB9LIe+Z7CSCwEFe8GT8aXUm15Dx4keFKmlpVstdRmy6a0Og/t3YITAk9CGQOxodfP2r7v79IDwUrnLUQL/Xe1CePd5LP7EuyuuhwBkxMLtWJ2QOySl9m3U1KAATVvdXNMj3Wrs3LVJp2OfaZDLH1mkfdrbgXm0EcaM5RAg==]]></Encrypt>
</xml>


2018-01-05 01:58:39 debug :
------------
String:
account-ticket<xml>
    <AppId><![CDATA[wx7f83e93205d2fd31]]></AppId>
    <Encrypt><![CDATA[+zXGBDDKSHaoDj5hrUR2tYHu57Vef1mHSG1RQnCQe+z4uJE0gJTFMVUYydjPZgiaO7g788pbaxLF/yi63Infuh6TWT9HIHd84Uel9n9wpEIU4GzRigbyi0/eCxTn9S9G/UiXq1BVxeqLpxtiv+gEDGCQFudAIz2mMmsNJ096enYS1QlYDoXGKLEpNQWDyk5Yh5iz3K9VNmpZ9hWufaleh03ws5wWxlBPWeLJ9ZEvwbsqiWJ7h2TSFZhUpsn4GMoNV+xzGNHQMYE70wlHnA45gi0QcjgY9Kf9ec/vMpkjxY3gSEgDLT1Oh6GCHD5TcfhKISFZBXVz6c9QNydlb274eI6EfI8oB8UUdXIOomVpkgbVmMwCcFx24voUROBixVRmFpldJmIkXxmB6rSd9Sh/exOoanN08yXv2eE0dLqmeFceupUTY14dAgDLB7qVXv46IPsedrQqRLput28Ef6AB0A==]]></Encrypt>
</xml>


2018-01-05 02:12:23 debug :
------------
String:
account-ticket<xml>
    <AppId><![CDATA[wx7f83e93205d2fd31]]></AppId>
    <Encrypt><![CDATA[sPs8nrJcwhoqZJvGrvWusSkp8rPqhL7KklJ8qpqsoumRSgEDynZ+pEUhyv6sn5zWxOxEhSkwc+jKyH/TB9gCaRoSWqRXSc0mSwK/rM/LUAYch4GbnZB0EyZakoI0AvrIhKvIL65j7WJVlQX7JpSer+AP9wKMx4DBu/+79WvfeMmePixu7oQx6mRsHLVyqpixtXby9Ch7rgKTrwWPSnswE/7tfiK66p7cG+nkNJoWh9EY2/yiWZUMBo3xqbrkImIL9iknnOml6XIZm0Gy6+y2vP2+lmfllMXqyTdDXtGyRYP7Ki9/HmZ5uS9WPM1Fcj8XBTJAXSMkqNDG2wsAHhvdUannv4AOsQT2x74cOUB/HMDKxEW3kLu/Wp4NRSKgaQ8T614k3ufO/A6qn5AVmaohxIHkKta0PJDahdqwJmRp69duQPgWFVbttMDDACWUNRCi+rPSPgg3qus9O8wbHASsqw==]]></Encrypt>
</xml>


2018-01-05 02:18:46 debug :
------------
String:
account-ticket<xml>
    <AppId><![CDATA[wx7f83e93205d2fd31]]></AppId>
    <Encrypt><![CDATA[IJNUOzx8HIld6s+NEj3PBa1MAX9AQOl5ZxMZRA+Tsph+KiA+XrPwkAqQsir28NohFLeOaRBPazj0eyMbAwtNZ7AuZNWjhOu8QhqZWiV4rd+ASminpm7A3ydxU/YofAhQ7JrDOTiUA5JhmcW4lO4Vv8Yt3HhvIu0JgYN8ONTSviUQtoKEo0u8SBpDcll4FgTnOcCqIT0lKQL4VgecIkAC25OEY5u/aZa3XNumMXA0OI6Aa/DFxsAZYgK79Ui11UW6GyzqjfL/c4lr5bzpGpYTtXqK3+pgONN5ssPYOqxHnAO4ZEZW+fkwXOIFSjClR6O+Q0X7qwfRcreosna1v2WOCluSx4ayGWm9uii6giChM4Wb05E3X8JMR5Rb1k6lOUpD+0FthcjGzhFxpMQmnIIYYYS/YAYonWBrw2XrSixH+da6Wv801OtQLousKWgDES5hDEwA9VvPxPilEEXaq2Ed9w==]]></Encrypt>
</xml>


2018-01-05 02:31:57 debug :
------------
String:
account-ticket<xml>
    <AppId><![CDATA[wx7f83e93205d2fd31]]></AppId>
    <Encrypt><![CDATA[OIEJ4gsJTsqExbJe9dP2JE7kst1gVvVt/I5y4oBNN/9/1JAQY37AFF5WqrvpGYQeltCpqGMQnj1jxWMDuu5wEPBc3MBkxKnMyvrBIHWxdSKZLWWr2L0QIK50bIE19PEPMJpNh+jMOeo8asadPHUkO/W4OqqRIN3NO3ReKurBhlD4NSyZMOcF2ulTvRE10b87USFVF0obHvHlyOmQwf2rbhYTijj8dJfkpBomYrlj5TJLE7SYf2ottMIG20va6Ahfnvbak5XBSeLkr1BSiOeRf85nFdU100Lf7/chyexh+4l4boQ2GBFTbCDpoeGZ2ub/7IPbv7dMY03b3jE7TFpeAXZSooMXYF74mWaQwRjrgjRDrDC4cl+yLkZzq4hiQi1iRAWu/5Y9N4r/vkMu74v9/yKg7VX9I2Ete1vA74KBWyDnwa6hq2ZOPX9y8m6BetCmaWkBVl9KhvDvIbumE7hKww==]]></Encrypt>
</xml>


2018-01-05 02:38:40 debug :
------------
String:
account-ticket<xml>
    <AppId><![CDATA[wx7f83e93205d2fd31]]></AppId>
    <Encrypt><![CDATA[ygbw9cQ9DrpiqxeKWGXhkFnWGR9bdO2ctXcVUoq9o4h46WVA1zB6tLc0thn762YB8YJIfUAIi85bHVCr/lb6fo4KwkA/Y1utXLA2PbM5cy/KTdZXhgL0qezIK7M7/v4eU5R1TC1u/182/Dca/njqVGxc/iPlw0l6wqvNmanNlDK/8lh41vXrWeEQXyq2KRHxlZB3tnaJwhd92pym7GV3jyNKT/nBpMxo2wvixHRzQEDTShvffGpoBad6rfC3TdlOOV1ZJ9CpD/E5S895ibITq2Oh3xsYE2J31Au3bizQ3cUBgZlkOv7aOhOWXbFlgX+VwWSDAYUQmMMmUVgyJ9eV4AQr1e1tRi5K0OCL3rRX8XeVyb/F5uCzusIhUsfJHssBcGGjJWkV1P0z91MG3fqRedgCS62tL4SR/CH/OXiyTnUAO26+QmRAqfrEREu4neKGlneGqOtrrC1ZYl3aCwdHsQ==]]></Encrypt>
</xml>


2018-01-05 02:51:00 debug :
------------
String:
account-ticket<xml>
    <AppId><![CDATA[wx7f83e93205d2fd31]]></AppId>
    <Encrypt><![CDATA[06oaGsF15u1VyfbWGMoHxwoK8aoIc9fpJ1pbXViV+0LMlZpLYXWUBdvhA7KOqTDjH9LWJQ60YG5JRYk78jbF6TydPlqp47GiUBfmaYSM8xHubnZZ1as5J/FgFyGTCGfdtN+vM9o/co2l/L4/CfNGIqtWAM+Nh6hNAXjWt5+8wjRp+tUX4cqd8uGtv45tv/L4tFBJ9Vu3+ryhXPRXpFQ5cYBf2hflNXko3NMeulIIwQchhyCCfJbAO1xhdb7CS7enluBIxyo7Znsk74aKEkw0jfzezpP4n+om2ywCRhu1exdGhkKwQa6ne1zkhsDr5nVq4mRWmP5r7PSvLD6vdHpSXGDDqFUqtynupYnEbN+3GPM7t8wer4u2F2GGBbc1Q3k1ntx7yWgHSSqScKVyf0cQ7V0Kwn6+sKOlJ63C/8NoT1cE+lxRvbpM//F1YH60NxdpZ01ZueM0+DqtHU6yPbwn8A==]]></Encrypt>
</xml>


2018-01-05 03:00:32 debug :
------------
String:
account-ticket<xml>
    <AppId><![CDATA[wx7f83e93205d2fd31]]></AppId>
    <Encrypt><![CDATA[hnfBhLD78WZRKfCFVhGwavh5MDsWtHY0ed3Gytgp0uKEnXlLOmCUBiKiwz0up4QWDgDZvp9LqfbBu1kV2h6wPT25NxMQ3Lv5PPjDwL4HmVgCZVg2RYffXnBVemLVNaDMiTOWwmlDJLS/AYvAc+Thlxd41WwXBj/K/BcsdADKN3jP6Z1r5Rv9XLVFreRwLlGLbKSasYhG1MauMPKAPK3qI5jkcrzK7nihknWTDYUmcOUDxDuFovwpl68AYMAF01ncXBFVf8VjUCW6pKi9NEWvubJESHEtqodBMdYZwJ8vlnqI0liOAVIBowTijQziMWkK5YoXHHxM8P1fQd6ZGLeX5vaAO9zTI2wSmveoVAv25OtJZbYV6GQeHaPBLLABJDziEE65BiSbdePi3yOl8x2bTa4mPQn8RiRU8v980aLrm9V43e6bm62MrQrsbZsosYWVFag5ivMdSGPYcyDAYl4KpQ==]]></Encrypt>
</xml>


2018-01-05 03:10:51 debug :
------------
String:
account-ticket<xml>
    <AppId><![CDATA[wx7f83e93205d2fd31]]></AppId>
    <Encrypt><![CDATA[VTOKg/OgQezuScfT+5gwPc2Y72WVXoUwFVYvlg6NHYhAr//4pnU0P6LTXD+oLgi82gi498wI5LHUzGtBgM3wLUpJHj013YBrWapFUxIQylQEKbQ2i0r1MDQSGN4bkYcW3BOlGKYOi08GMWLWTNO2JwmFbN8fAFzQ91EbXBVkLg6+xW1HB81i6Ko+vrrKNN2IZZ8YNQsoEzg0W+X+glFrsMMqYiG/EIYrD4NiPt3i+vJt4IstTD4cbOXv+XfAuhz35cU3msnzyJrDVD1ewrsQaCVoBPw0t6alnM6r8o/EUzqrJK6vkXnSaUYxtJ1QJpi71UPSXspvtAPNDXi6M6arjc8tCcUXh9kECki92Pu7tfDNYBBwvKoZfXsnrdHwYz7zRLOH8DQqvCqd4dZRZQFlq9FDzSDrikpeME6e5li1kp9RW71bEzntEnz79AZXbrhCCMbPVioP10jRcbMxOl/fCQ==]]></Encrypt>
</xml>


2018-01-05 03:20:26 debug :
------------
String:
account-ticket<xml>
    <AppId><![CDATA[wx7f83e93205d2fd31]]></AppId>
    <Encrypt><![CDATA[OglhY/M0WXpkjgzgRFo8JqdoNioR28G8uOb+p8Ct6nueNRKIqKZEIESzdVbClOA1+2heSDWXRd/M6R1X8vv+gi2r/dwoS900rUrJvlrN5umDW0LkGsBO722GT5LBmMIKMswdY6kL5fAjFDB1UrbsrQLS4HCvS5Q9KRpbM4Se5UWKpigZ19kFnuFqF9y4YVyVe3BHNISNGtQcM55sBw6zBV8SJdOB7IMGyBzew2K1+5vmnXpbJLMBlvice7yv8IAGpS2vN5+uZQAdUMLJfY9SWCEQm63vtJ/4gVP4mbV6LCBZiYUFu7wFQjFQ5jQ/RDfOJ+GRf1vx5HPSH6FyLbZWJw37kiro4SaWtaXvmAUCSgWYO6wVV3mX8AQXL43RlTPNA+r+Hsb6XtkRYuw91NLUd8We8Dje+wRbtnzhu5bzhxd35w89f+zCMfntDZtNKX+3kPxraQUDcoEZ8ajj/eMFeQ==]]></Encrypt>
</xml>


2018-01-05 03:30:24 debug :
------------
String:
account-ticket<xml>
    <AppId><![CDATA[wx7f83e93205d2fd31]]></AppId>
    <Encrypt><![CDATA[pxdLdjth0PlYZ6HTWKRgNr7ujJr7CZbcRal/utywldBEwVGzyKVp3zS/QL6vYv7ExUZ7bGPWyfRyPf+i2ujJIchCayFAyX+plZYT0CGZqln+Ap+Vl/uo4tX3rlxqQwjklNS41KJDm6rjuotL/DjcVNOZboxC3XEi8WFGo9HSrv2kKRAQFCZZ5W1CycjT6VhL/3g0Qkqd4umGMiqLfhYCRfuZFEgyzDSQB+wAIDdepzGUxuiqY14+knYKd0eyq9fZS6cfhUCOe6Sj06hXa9TVBSg79MTicDc08y0RskJeXZzwyRKvrz5pxGWgIQYVBxKLPohEcsu0HAqWrdhc5x44jkKEqLQNAUGFMeTjePKkewyRzDWU2W5iKCS02pMRWp0Ncoq4O6mKTqjQMHS1ZOotGp3L/7cO2mz7kcvIzmcw1JnC9xdPCwo0En+2U5KUPKP7prsQQ7sRb3u08gUpild44A==]]></Encrypt>
</xml>


2018-01-05 03:40:30 debug :
------------
String:
account-ticket<xml>
    <AppId><![CDATA[wx7f83e93205d2fd31]]></AppId>
    <Encrypt><![CDATA[jzNpSwf/9vEHOELpsiTa5EDm9/R5pLcEuQXLE8llBz3rbKKZwpmWvHz9iHQ57Vv9+oAyEFNGwuJ0i6UpggBDaQb3JDARNr8gJyvXhtMgmJ4ufmBFhWSkita4eW722OOUQq5+t1b6NssISq0ma0NqmFVzWSeVfxTt44/4zCzF2+KcWOTiEaBXTgPDUw60fwpzInOQUkLn5vGdJIR5e+hZGAZE8upUes2GbN0+NpNkugI59ebjYwjEvc9o2UjFSshmK9aBYwLg5O04dDVeWLU6q4d18P/chfnW/9wTj/ZTBeqppBFITZQxucNMhND6OY+rTVJH4gic6X4xh5HFCs4VlA4bjgs8EYxOoYR63udV74XHMaX6JgE7RMELhnFy0G0AsHKlroZ0lFk9sgSjjqE7N1wsMHQu1ztG3wIl2ymoGheGat5KOMqCxIDK+KAdeQ675Wcbcos7d2w8Abu1XC22vg==]]></Encrypt>
</xml>


2018-01-05 03:50:17 debug :
------------
String:
account-ticket<xml>
    <AppId><![CDATA[wx7f83e93205d2fd31]]></AppId>
    <Encrypt><![CDATA[u0PzTnn+1TjZz+dL447uT4JYUlHsuM/UynBFpDBPl0TaHMZCtTKO48zTNkJ1BTb5xo+f9B6Pun/jbHYM4g0ECHxSKB68tYqI3IVI6rWmUZsfERbHwCUV2v4v0/ERIqCBiDL5Usz6QbPBWJ9JmMdbdx/vpCSg1JGYZvMqrGwAFRj6zFSbFaFSRQNUcuZY/dVKx+/ysP0s+y/4iFEYjiMc5oZ1Mih/ausbswAJH4wJT5ZQ2eKmWVbnv9e9vqI9dW+v7vg/K1yIds6y3lKiDpJBKGDett/oW8YpyJ8mgn9cqx82kzw+CSrcbIABh+MGOs6WQhCzwfjM07IUSUT9hDnm3BMhj7PFMWn8V8mEjTAO7OtXfheqgMsq2mq4NyEPqwvuvLQrtqfXYr2478a0Z/4eJ2pWx6Hq/yHJdtrPNrfEfW7AEXpQxPDqxcTLA0sywfs+/C7LT3A7WTvQF0D4MRiUzw==]]></Encrypt>
</xml>


2018-01-05 04:00:22 debug :
------------
String:
account-ticket<xml>
    <AppId><![CDATA[wx7f83e93205d2fd31]]></AppId>
    <Encrypt><![CDATA[DY2ryidw41R18jyzudgTzRlte53Bh+2qAubYm2dWGbFW06lvPaEj1i+QM9BNEqbtcKvSYziMrXSCD1/50VFSyeG7cgzSznugkXLbS8fGoJQg0UkLMjWUFs11rKdqPgdhtV+hcaFA0eYdAT7Iqi2UEgsFZgZE1/QpsrWRGNmM4+dDeRGDw9+epspKlDKeiay9U9/aaheuDpOm9bIy6m5GqVBq6TQqNy/X08pdnXOpFtyQjEpn8hrKOMlP5s+YS8DPdCharJy8KCosjGtg5rEi1B7qI+l4aJi6VVG/J4JnrhW4khUAVbR7LI1svh9y0o+yEzit2vE7caengFcL0urvvAMxrxUBc6Ah//V1QnC1UldmZj81vQ9xDT+S38HBXTfVIFUkayFRT3y+/L2w1rQzrrNMba8dD6qWqM2UV47OWwoPA3pdH3ERqOdhktrFCQGPXL7/L1Xfmyt0ihcoUg46uw==]]></Encrypt>
</xml>


2018-01-05 04:10:51 debug :
------------
String:
account-ticket<xml>
    <AppId><![CDATA[wx7f83e93205d2fd31]]></AppId>
    <Encrypt><![CDATA[UsqKSmw27c6OoerJY43Jh2BP1ArPmCLA3xPbKdInxBtn/7fZaZHFCg/YUi8FNF/jmj04K/fm33AFuTnYYso3An34uemzc8wD5Ib8kJbicelf83a8+jO6XTjkOJFqflgOdQ7zhVI0x+iLGigSkGZlKpDQu69aUiFb1LDQcLlVGEw0LGsJU/7JNWZCjiqoOvPd+NMktc6C0hzfAHHn5FVv0nOTHhBsf+BJbtsZGeBGsglg/2rpW/H26M+Du7N5QNCWRlgXdKtdKdtCtjwDzLQutZibLcqXHvfe7n2Ytg3Ntrj+zplOAGsc/d5Ok7p3osJrr2xOBWQRmqKWPA0i9thiRpnzC6uKQ9bcLwf1wNAoYdXP86L65L/YyuIoiYl46RLx5I0bLhSzstCrZKrBj8DmXaVXWNV+3cES7TceNxBTJ0i2NcX1ckQzuEgW9y5Lc5iVTGCPxKQxJCDFFlO0u1JeQQ==]]></Encrypt>
</xml>


2018-01-05 04:20:25 debug :
------------
String:
account-ticket<xml>
    <AppId><![CDATA[wx7f83e93205d2fd31]]></AppId>
    <Encrypt><![CDATA[M4O2dE9fkE6a6N1otmgT4VS4IBVoQeNvpHD4Cwi79ZjW6xO5Lvu2ZV4HPux74tB74ibeOqsF/UMIFx2A/mS6dbIfTaQMifoR8IFarey9Uu62geFuCayfz2MMy+Was0JFI0pVPckSOnnIqzSdgOhIN9cLN/QKWW/IoWwJN+Dh78FNA5io7REu4b97DkkxbFZ7Xlko2T0iWqKqfeMaHCqfOyRvMZvVoBlGutpUqopCH9wL562BCs1PE8NxzVnKMdqMOfcfqcDqwW3AxK690uAxs2zSPfIZq+Cy033wWQ5FroL55xTwv8qbUaMIvwsbeRi4MvU8EQwXPbUhj3Y5njIsITI3jU1XUpJpMcVy0DH14TnufHSkG02UrHDiWRsiAyO0LL4jEffXdBXGhSx+/n8NdTCbpeDl43vL5w2lxFaXvBvdHSVQu6Tsx/INOMvkzdHvMqxiDiG5OBFSkr6Uz69jQg==]]></Encrypt>
</xml>


2018-01-05 04:30:25 debug :
------------
String:
account-ticket<xml>
    <AppId><![CDATA[wx7f83e93205d2fd31]]></AppId>
    <Encrypt><![CDATA[65g6iZesF+ZMHUa+qe8HJpOQH7kysHbgtEb3PIgO4UAS5nxTRlDXeC5XhcVDQQWgaHMoWE1mCJPfw9P1kG9to5yLJTNGv0bMEFB4pBF5F7Oyb4xnOnIB0oX5rfWiwPgyEw7nnaimXNJx55itYN3EcaY+d7V7rHRPf2lfbkotQocb40Fuifamh+mmUU4o7aENHI7J5dAjOv4FSb+zWj+2Xjac86K8bCTm9kQEpnKkJikdnwsOoL2EFkyT713vP5J5xlEWIfkcirhCtP/5b/Dydf7Op9jlvyBMYc0a2d6Fx07FtGlmAOQ2V9FyQicHxIR/BBrzw85IuImbL07a5+QufLiszqSLtE8fbholY92GVm4upHJp2l2ruGPn9R59XgWL8l5X6QxZ9tImi88AfLT9lsTQ9doID1hotsvRINiC+D7LvelWed6YnO0+jskLHqn7RI0A7E81DQxU7A37WXKS+w==]]></Encrypt>
</xml>


2018-01-05 04:40:28 debug :
------------
String:
account-ticket<xml>
    <AppId><![CDATA[wx7f83e93205d2fd31]]></AppId>
    <Encrypt><![CDATA[2k+n6NZxYmLJrNE95sBmHbhs1knYI9C9ef9yHMdqVbWj2e/DFPo8ub+6SqPBN9FtgEmmEvGEk1JT6xEURsYXOlcm3o+t9AxHIG2bX9a/1tWN9m1yGeCryj88IcKUcvtqxZBIJEOmgpN+EUDoZqxA+4uPmRaXwRorYVHyiuzz/Ja4wbUEjJ0fk0KsSRZoRj52grv5L+luTzcjnptGjHQoznTQCnq4QKf1e+VUzKX/TzpE4n5oBdb3BVBcwZRsWYgB0skN/BRiaXnPQv26K/m44zxeP2ARPhqu2ao2BjxXXOcDgPoPP7CzpjXewtATm8YkjNWsOJCzsa9kHVz2900z3Oe89XZGE1H63DvmfqX89FVGffqLqk9xqZIZ4ZB9Lpn03TcJJf5Hn3P9Bd6e8BySKIc/3ncckxmrxrverym4EUSTB4+jd/Reegka5iK2uW3q/+zklnPmZrd+xG9O0bqtIw==]]></Encrypt>
</xml>


2018-01-05 04:50:19 debug :
------------
String:
account-ticket<xml>
    <AppId><![CDATA[wx7f83e93205d2fd31]]></AppId>
    <Encrypt><![CDATA[QyGB6rTIXiusaPu7B/hAhPxvKwbpNPDYCzYrdhjo0B89IHWoc/RF1BSfWAajh9W3iSbO/2Vo5LJz9JP4VWctz4HqJyCMmnCBrsUObok/4/1fMenuqt0Z//jzZ3ckN+DHuYKktl9yOpfA+2rhDeg1Srt+BnpqNWZAHrMCPJOyetpnJTlgReC09uXyV0Wa6SiOnn60TAsGKoqFlUA/Gva5FsFf5zfdITjFv0lA7z6J+f9/it867tmX6ghYMsiKb2xXCvontnN7elfk6zIgSB8gRCZnqLJ4C84M/zyr5EXdHYXkEN4g/B5upHBWythn63s/50yQcz4N30M5KkN8ykKXtnDqSTUySdF9CYfqpE56D6f8JgtKaW+1XVHhE476EEq1ME/EUGmOcPXZzgD2rPMhvf4H4Bx2lVInmPXDl6mXYWTgtZ+P1rRBKXYevyhfy4V3H5/EwBZFhiENDevMi4/spg==]]></Encrypt>
</xml>


2018-01-05 05:00:29 debug :
------------
String:
account-ticket<xml>
    <AppId><![CDATA[wx7f83e93205d2fd31]]></AppId>
    <Encrypt><![CDATA[lCWD0xAG6QiMW/dQLHJImGVNqNluHcMJMjlUPwRgRWGsqlJXaKzFOwN7fZd00/VTP6aJ4ilyM1D8V66zgM7HDHwWAkhPosFKoQfJII/9VEyfYkq6BECAn5f3yYpvoqwqZxvPGuUKymwwsCStIuJg+a1mrLjIauzkNQgX0sdRMMNMgDQ6bVpC+vtST9nWIDUOqwDSop4j8tX6+sokJfeCPl5fHeE7cvHzpz+GhSFIQCYNrKlXdm5HlKqOkIrgB7vDaPVYqDvgWp8BTtp2RmxoPsbcfoM+2FqqIFPhFpZzks8X9sogNkCU0q8R+6miELa+BKW9GTi5DRndGWCmBewD6cY6UkqE1NYHz4tNhG4lDI2/wcfMcLFLMy4PA1GiwUGO33SbpaJXya4zMZ1Z39BOZCtA/WwGfvx0nOsfQzvhKQ4ofGSipb8R5eqSITb9jOtFvpeEygo0rS2MVMeK23hilg==]]></Encrypt>
</xml>


2018-01-05 05:10:32 debug :
------------
String:
account-ticket<xml>
    <AppId><![CDATA[wx7f83e93205d2fd31]]></AppId>
    <Encrypt><![CDATA[1qcP+9ttp2OSf7n2TmGV5RIHXXSRIlF6GMv+b+URBTBe8KR3ri7+MUzG0SXPmTTeerBD9/np6JLCEanEn7fB7olWrMYFSvx+uG/OPJ150j7v+3qEl7Asj2E0MISzG6JbnPNCplYc754cBRxu/UqQ+EdOsl52NFyzjHr/3FrTbWf6ZvFKhhN6sZpDhLNYaUlJzgvOoDEQVXnWEw+FTsJmO+VGWLJI/Ytv+mo+csdblfLGPkcG1WWW9p0DpD6mjAKIMk+8cKNF+Ja43+VDbzt7HVLajZHDd6+um3w28rqjR7cZMfUIouufKDxhFjNkvqZXUpAT+kugCeQoPrUFpo4mdsJBPuQf91d3OhrLbvlBVj8qnPo5P63ErVrEDVxQRc4F3phMH6cnJ4At7ye0IS2KE4URYSGLj06GmODKZhiLuO7JG08LPQI/7Rc2mxBQw4Xrq5u+og7RzwT+N2BRsmrD9g==]]></Encrypt>
</xml>


2018-01-05 05:20:24 debug :
------------
String:
account-ticket<xml>
    <AppId><![CDATA[wx7f83e93205d2fd31]]></AppId>
    <Encrypt><![CDATA[aCfIvVTTZmP7sFEKe6mmv+MfV/AgL04cXhkJLUPnXNyQ8a18F4byLKb8Xx1M3lvIARVXjL9Ik1dzMCiV0/rN4ThOZA76lMQIps5Z+p3z6GXGScFHL++p3oYEL7A+IjFFR6k+ThHTryH/l4j5oYxDrxV6IH6iWzY8SuR55LsEaIVeb9PAz1M8hQfGqVhlZXqp/eh8e0e1CXpk310jdkLvFVHnd17uVATpstRarJSrtQ45Oxj01ecbThwgs7S+XndXzAJ4sCXnisPI7DN/vs8+9AOCRuPi/xfkzTdEnUoYie6+0u/ATPhC9UGQsW5vz4+c4n5+hVAUVSIuCedJae/FMPqCf1cR1aljpihqOj/3rJTeruoPcgIF2v5s76nX2I/e8mwhwWwv62LAtELT7Y7byy9BibCkQILgtbL+qfhZ6YcYGxGJowCmko3S8BfZwv6F828HBpWHLLLvINznARnkYw==]]></Encrypt>
</xml>


2018-01-05 05:30:19 debug :
------------
String:
account-ticket<xml>
    <AppId><![CDATA[wx7f83e93205d2fd31]]></AppId>
    <Encrypt><![CDATA[3Fbb9kK1u+lFRaLkjtKN31F8IizfwtFBGTMuA1mdqdax7jgFV8uBVSOHPYW3DQtXFBuORIHHkH153cnT/rpMcy6EbB4OrAzl7aiT5fInbqU6Kk6GmTEwH21GBypG+h110MdjnrCA2ub/HmWxSnmwJ+GHq6fAlC7rKcIvdTbaWs5xwXpa60KSJQpK0heUOvoPYVlM0Y1Cv7bqtvn9M8UIcZF5bh++J+sh4mUnY7UXNWCfDFv3Y4jawibzgrHourkhp+hSnPlkBmS9dtaB0H0LOWZaWLIVR61RTM5O6m0RjHOoo9/8gmo8mNg8KNQArr+xJ1XNDwoWvpu1Q/bDatwSFNMHcBCmZzu3EHC8b7W96yT2TKW7ntBp6KFkaY6qDlp+pCqdtVM+KBoMYqy39nXDu48kUYT+A0B7LYJXnx8VqlPvPyxYk/FLrnoSSPgJ1KNSzqt3qh+E46mIm2wL6wF2GA==]]></Encrypt>
</xml>


2018-01-05 05:40:27 debug :
------------
String:
account-ticket<xml>
    <AppId><![CDATA[wx7f83e93205d2fd31]]></AppId>
    <Encrypt><![CDATA[wvbzDlL5AFwhwk1WKek2oj4W+uUcx6vcdlOa67Uq7yotVHyoKKRoORA9HgXNEcXr5NajbAT/CB5S0j3WE0cX4CmIsslwC3WLSpK0neU1TlY2XnWe9Jo1KsGMQXPYlkZtfA9XzpFcr3BiitEqCqGzz/+dFRYhSekOeV8GZdbkd7anLgrkcj+TfxH8n8nVCv9Udy7GiTOkXF9QWOrD1ulUWE62KKnFXMOT6tkeeElMDn/IPvg/M9YkGzSUI2nCPevgvjgVhXguFsfFzIVBtI9cufrRSwYMlLCZv1rJF9Mgylv7uGPnc0zJ3ZbW/KhPM7FqR0OcsXpa6TDIb/y1P7u97ntavQTiFM051c8Qyvd2epW9NPMkElBVxN53woD1OyWOskIcf+beT3gZ9LX+1MCjyPlU0u4KAvRgpyG9phaaKSXK3y2a8e/BEJtYc9tMO/7hh+a3J1g1hAPgsz+R0Px0qA==]]></Encrypt>
</xml>


2018-01-05 05:50:17 debug :
------------
String:
account-ticket<xml>
    <AppId><![CDATA[wx7f83e93205d2fd31]]></AppId>
    <Encrypt><![CDATA[kAxqHtTmHpAim3ZtWM4wVM8WJjOHvp4Wsg6M6UlInVALLJkgevAiDMbNiEPhwXefC8F/8M0Rgu66HboTtkCZa+NVDiWG1H8gLZIdQTkPpovWh1kPr6CgXy94EnJrOFfyPFFnjkTftQtgbrKpE0sOJaEckT94dcREgQKxrjX5pr7lcApskL8ZshkgEtzl/bqL+TYjolIsZzW9v52gyw4iBXqpfG4+PvC0NYk0ZnQx6W4DnoaVIoqJROsDOn6QFG8N4saMS+V7yb4SSdPx9Ia6WUaBdTSt8YFVaddd4ypPADFyKEosjsSNWsPDaZVftbiz+3NL9jXae1qTr/vaC5weGubnZURpvieknvCeXR5UYn16LXU9Gh3b0QfvQBaZgPi8xc/DRWZvGzNgIlY1+D0zyaHgx7rlxTzfhMYfgYk2bywCIZiD227ht50D7Y4IihS/GY9qrreG0LgM2uRTIzXvDg==]]></Encrypt>
</xml>


2018-01-05 06:00:17 debug :
------------
String:
account-ticket<xml>
    <AppId><![CDATA[wx7f83e93205d2fd31]]></AppId>
    <Encrypt><![CDATA[e42Y/3wBwwq5jqDzB8bcRyw1c7FDt6yDv/kf55wu91qAxl813w2+BxcTdODtJe2ln1Mce9PvC9eeTh3RsW1Q6anbf2nYkdCkonYeFaBqxISbJxnbA4ylRIV470ZEOHATOxsXom+WRqOKnYB9L6deFtQekklT1G01ArQGrqqgE3023G9drvRADoNwaMVZPLbCnIUStXhogbRejtMgll6n28V4k+I5LR0arGsjB746J3H4oM/YTsYOOa3wHcbFe22DE+CZgl9vpwseWD7Of6vQtelN4nrFqbFBw5VeEwstXpYQ4Qd+O9nWdIUqayxqaZecQUmKQunpmhLHrX+5qcC7Qt69JaRzRn6nmcHFCrliWXO9vWl/7eyRlJwgdtM5B0D52YcVr8v01v5uhT58d+sno47O8bK8oVP+g1I2GTzexZa82a3tADM9mO5R5RKi9GZfT/RuCDORA+mZFhnusYP+Ig==]]></Encrypt>
</xml>


2018-01-05 06:10:39 debug :
------------
String:
account-ticket<xml>
    <AppId><![CDATA[wx7f83e93205d2fd31]]></AppId>
    <Encrypt><![CDATA[kXMZ0k3lji+o2blHOVrcHh7qvCIEaynGQsuc2fhcjliaEi2GN0x7jdLS+vgDn642XmODZYh3g+QOPReTpzupymLvEDSwxR4dRMkRzf4Q7pMAwd6DQQBHCWGz8Et3h5LvWrvIJZFbfR1e1j7jF6xaSWh9gwIWUGvB7SNhM/gzNefxk7VwegRlsmmKii0Kkny6dJb8N3BQdKLOxraxg9Gk/Ekv3x1NO9dTb1Z8qh5CynHklgz9NxqzjH/UfZyQ6YEByY3XuT9NbeNfD60aVAQAqtIs8w+543JuGEeqblHXLcwSUJlk/9TdNQY8Sqxqb29ChXu2V3uiDrwQ784y3SJvYySimCQfWnVgSIyxlfuEhM3haCC1sIU1Mxh+G+0pcKFAFsN2mMHA+tixeKHngmzAG5ONG0BVqis/bIUkuU/La1+0lwrKhTmIMQ3T1FlXcp5pMKq8oEdVtjwBWHmlYg+ovw==]]></Encrypt>
</xml>


2018-01-05 06:20:24 debug :
------------
String:
account-ticket<xml>
    <AppId><![CDATA[wx7f83e93205d2fd31]]></AppId>
    <Encrypt><![CDATA[J97GfBfiBV0mCTzKawrLutn5CbB1XGcPVZ5g3qgY2tLJ0uQCXtgROZz2RK4omFiH1r8S2kwepdjvlRj5ofz9eijs3HayC+xi1S0YbfZ3anwWnYzT8WpUndAWrjYplHfJzaJSxqPLGe2R2f++2UJrkuvb5MBdNEjD5M/Sott2CAQ4XNlZ56n6OgbWqNP5fWOtn8RW7dGtkIG3ynIcbQmA61p9iLwBEKOob71eJpOnMh3ZUtyLSLo7Kj/gwJCQ+SpdhrRVlPoRmMPdwsriyEtDiLdK1JL9YSGuDWM0aL2kSkU9gSw67GgsBrGzS3e0kERHa4hXerLvLKv67TLxNvfI429ZgQOJm5F8nRbKerKR6JFRLcSoPC39krNcGB2mMvfrLkvs+ELXYPgHs4MAeZGxoLb3uvOzk7oSNY8HwjAjRGDETwkzS8r+Kc2o37X1ziJ4D93dqCvsCu86GfaRaVf1bg==]]></Encrypt>
</xml>


2018-01-05 06:30:25 debug :
------------
String:
account-ticket<xml>
    <AppId><![CDATA[wx7f83e93205d2fd31]]></AppId>
    <Encrypt><![CDATA[5qYFSabq9jHKhW4tP7WobPBOpoMf96/g6qcCZ0hb/fm4019gh1G5+JZJjQPnc+yU81lsZS/NDF75LubxDBX9yHDMeCnL92sYgIS6SPzU3aCdkOzFVmFbUGqWmTEc9rTEkyM4yUI5T/MQuy/dsWOs7o3sDB/QWhG5VqoOW3duIPvlqSeHZ4hB1D3tdd8v1x9WSmo4XbCsDaaq+XbactwGO/RjdrcEO9UKbTIh/3A9fN3QSBD6L1kjIgpefhrkKzSAPUKs/dwPKOOnPZ5f4WlB8XH9Y720cQ+/MLk8OyqWkNXNJvo/TXnJb18Sk1wolzC4oij/jvm87PXdoDknaf4/bJGSPBF1Syk0FsifpcF7So7yeLRlY/DKqHbOulsPY1JxJWMMwcFIVSk3/dqMR/Uz1AW/dR4CXeAWfFbe7ENW4yDyPcEWuxDNqOXt0gdMY4Xli7NAjISgu6bRsBjk/SFedw==]]></Encrypt>
</xml>


2018-01-05 06:40:25 debug :
------------
String:
account-ticket<xml>
    <AppId><![CDATA[wx7f83e93205d2fd31]]></AppId>
    <Encrypt><![CDATA[nI1umIA1s/UBX5NuWfr8GN3WcDXiY6nyKLOV2C/ScrSChRYLmhA5085AoAgXHeunMlib7v2eER+ib1SieVPT/BTXMMau0v/Y2GrDF0VuBkfUuIM0Pk0uS8EggR6TzlyRlH0wjDaHC82CN+s5R5zLzmu7soKG8DnNr+JAnJpkUD78NTnYBXx8wFO/uQDJq77AIEzMKodYuOa0TZ3zKHQ2YzpYqAq3EVJmiNFLOCl5fw6zoX27mVuAwuH/dWJdQsS10zGKBLp1UJEsmUZRbhSNF0a5pthP/r+iP+U3vpY4IhvX9hh/TBG07WSQzfsenRvaK73+An9B31u/KXhvFaHj9kmESiHZLGOhfrEP6ZPlT+PIt5SGlYNHBCZuurg2+pzXlyO7Fmc4VRBJr5mdBrNNC/H1GKm61YXhHPWBFYpqEwWDREhV/c0WaFv47ewPlgMFp55ABi7ciitdKIt2kNaAKA==]]></Encrypt>
</xml>


2018-01-05 06:50:24 debug :
------------
String:
account-ticket<xml>
    <AppId><![CDATA[wx7f83e93205d2fd31]]></AppId>
    <Encrypt><![CDATA[NatG9LFRnjMJY25a5xlrOlK+aQj6pVnNOZu+CdB4mud7Xf49i1AnLRDMAvhWcardcNQbZvy6tmNa0x70r3ohsMsF3gqYzUjF+6eIXp6J9PnN4/+UPiRi7VUstIxp0d8ierF8qXjyrhRo6l2V2JRtjsd87vhYXWupTFkLwBnEFQe/P7LnRY1Lqhe68BQNKz7wRXnjXApdi2rl+t0GXr01w00PRU/JJ2pQ8Yl+96o4yg3JI8uIVhswgD3ZUKbhVLUXAWjWIUB+HDKylhyrVFVFA5cEVOeBSrPnJgkGHaQupQqjY56CKnxyCqxSunhXL6Pup6UwpCk5SHNPNCyjlS6W7q1yr7XxyaaXwErkTgdTDm/5cTSYozAkeWaI/biI337/INN7NIXyY/PnsO9DF4rL4k2wu29GT7K79YlJtiE8lvKNFwWJMr2wSRLXgPzI7Zaq4SLp+twEkk2wyuDEmkrEjw==]]></Encrypt>
</xml>


2018-01-05 07:00:27 debug :
------------
String:
account-ticket<xml>
    <AppId><![CDATA[wx7f83e93205d2fd31]]></AppId>
    <Encrypt><![CDATA[L9rdUNh9RnX60/fCueWLpH0qG6PMUwlJdB67sXYwXisLNjdD5wGXNXR9U6ODRNs+83eUTGS1009qQBaySU1Hlcc4s8ADTyQvKDzMouVgd2OXm81+efOFqgt5j9Q+AmKH/mi60hgdLOuPNdADmdUXLw51QvdtUph09BmuKLxWpp+NPa3dKFgxTvIp3dSTsStqq880lY2T/RcfEdQe/MRzioUCi5k4GNz/VspQGWj7vA8azhDYOJLmf6SmBsKWRpf/BGkS49SB7o7k4k+y0Q2k+3bvovEbpyR/sRTEd4E8N0GjE3beI4GXHFBD9CvniAIq3e1N0QW9O+aqAn4Gs4K8Pg3suNYD/B50VjTYGw6CtdW4Vbirl1ooIjdCndWpjkzVzG0hLYWiD8kBvT5S1hl1qzvRmiuSTI0ukFQvNifVD6twkiOq6ytz2XEpGB2HC8rOHClyk1DEfzlh1yG0MNnrow==]]></Encrypt>
</xml>


2018-01-05 07:10:37 debug :
------------
String:
account-ticket<xml>
    <AppId><![CDATA[wx7f83e93205d2fd31]]></AppId>
    <Encrypt><![CDATA[ffHnGiWiqvGGx/8GzpP3AMIjK2yOD9evDCrC73EhofQlIQqmH0PFv1slc4YPtQXWe10/KBjF4UeLNDJygm9KCklJX3uC7tCpSRc3t33/qSG3kS/uQiokXDPVwaFhRSpPAr+DolBTT3Uwgrt7EfNgzmX/Sybe/WHrCYhoxmBTe5sO6+I8nH5e1x1Lq9PIFiI0x7j2FYBaE2ebDb/KEnfYpz8fAueUrxlAnBu+2EExTaN+bLgQAnX13Cl4Eq3A1SkIKGAbgVLsvsmLGiQvMQSS2olAoBu0KQo8TaL/J0RTmhFYk33IOqe5rS2UFz2wV0mil/0IpqwR6SV74QsbuAmxXJ0cMscUniI8irD4ijgHWXIB31UIzbAHk9Ak2Oy3sBwt9/8QS98kO6iwLLEsZdUL1knhNnCVfPGPMKPSHfksN+EiNxAK0V+K8OzID+k+xqa3akMdX14N6fTEtjlNKeNYQw==]]></Encrypt>
</xml>


2018-01-05 07:20:33 debug :
------------
String:
account-ticket<xml>
    <AppId><![CDATA[wx7f83e93205d2fd31]]></AppId>
    <Encrypt><![CDATA[w/jncAw41qVYNrjhVX5HLlIE9hwwr1F53/ySuPYCkfIFRalvYS5H8HAIK6YR9rUjojD9qqkTQwm98ZX0zjTBUqbvOzP9X39aH4W9Jqi+LNhybHYQ+mhoYkWWanQgRvTJ41W4r3IEl3gCNYZmDjeQW1D/HGZ4aCK2WG8GAMjitlIR1pw3OmCkN1guJdvkSrDZcx2rTECwmGPvQvhCr/ILECbKzyq4E/Kgz1R8rDw1tWvBv4f+ZDqK3WQggjcnqF088XJoY/4pGqjkc5UaQIh8g1RDy4mM+ULtSRkRGFAtPSs88XlbedpVqOU3HzWG0/+NGKR6WrR6Odk7HICrzf0vdUsSusxz2k2Gi8wgS5gOmfaJPbd/Zqh5kcXP418R43XipStYiU54VHBEpAQEj6H03mbA72nzUMLuqAgufIBrUi6TGB+G12NOcY5+3sKlvxA0+dyAAJ3xxEFPHKvnlQNHtQ==]]></Encrypt>
</xml>


2018-01-05 07:30:36 debug :
------------
String:
account-ticket<xml>
    <AppId><![CDATA[wx7f83e93205d2fd31]]></AppId>
    <Encrypt><![CDATA[33dZHyo8aTls/WtcOyHRmsa/r8i50tnslRuKYWpvObU1rNfDt5046/5/omTbJk4TSDGVEqMF5/gcU0k57rPY8P3tNIDoRA51nEneLDXagTThlb156NHzH11BfGach9elqMXfWDSJ9plW8sDtmz5+B1rHZF74zvRyKgrBowqhWq9oqhJHVb/M6Azh003hRv3Hrr0JQQznt23ujBmoHKkR/HOJ+xP0oaBXhvB6MC1J/n/Upwns2J3iMKWbDHbagm0t5I+ErF1pjiCAyLdQMPL18Cn36H7bIyZlSG8BQhFuUmBaQufMib+KoUoGj/B2e5kGYwpK0iwwRCwrooWhCFb4wxrcydczVX0imcH+BVUhc7zwjsdeAYUq/7UALNcxQtJQHUA1JD0K2/rOarh409esJvdsePqx5XKYD97oOKmGYo/s2xJ1BfvXAw5Hk1hAibZ3WXA9SbTXTJV9fbuXbml0SA==]]></Encrypt>
</xml>


2018-01-05 07:40:39 debug :
------------
String:
account-ticket<xml>
    <AppId><![CDATA[wx7f83e93205d2fd31]]></AppId>
    <Encrypt><![CDATA[nMSeIHIordW5wfmPwn+RYQXpexKUjRbCu2ws5rZrHfzA9MHWSm5VnzUCPE2PuUPd5TdIEM23hiOHfRgkOyvjFjf0Vs5pJ/UmcqEXq8YqJOKwS66/5309FN518QhQ5+2Fz+G7OkzL23xkUFcY6Typ/wi0ufHRN1o9SezILqKhfyDOR3Vvec1kKnxW0cSAPDYz+NUfp9jbu0tP0+ETuRPT4WIYk4syFxAXqN2RDOI8I7Nb2Vf0Fwxex65XkoNosS194hocm8qEFhBCePolNiSh6bLDNFlI4YwZxo4xhCcYC9LczRzhAfEh7RjoFYUhV/lXvTr70kmb2Q72mjh+eE84LEhUUvcDXrvA5a+fhBqGIknNQXn+MDfEyqqNjoeNs5auJrWxuQBKVfMhGIqW8hsje23DAYGt1x9cLJ9O+PErbEZpKnY7LIhWFkj7l9hYdDqW4tJb512wSyZwanKOh0JtWQ==]]></Encrypt>
</xml>


2018-01-05 07:50:26 debug :
------------
String:
account-ticket<xml>
    <AppId><![CDATA[wx7f83e93205d2fd31]]></AppId>
    <Encrypt><![CDATA[7qNgtk1G8QBlTz9zdhFoSDIwiK8RgS4bjBraul5IdT80vKRgPSMXb66u9whMqjRIK41kNDUJ8TcvO1oXBlyLrkY38EEmGEyZFdzK280ECQ7I1CHbePjd/YkbmFy+9EYsgvnE1egGZlLVLnUh6ByPk2+Ut72dCgYvXc1ZB0fMkOtx+3qtBBBRKGN5XrjBf+uovPWbfFzwuvhPmzpddCpOpDNicGXCnf//w6I6zUcmESinNzfaAX7DScTDx89K3VGOJo9gY55+HB4c5gDmiiHJHRRwFpNezZViNMK6qIfaNidMe2RR/tlQqE0bd6qjEPVLY2j/EhB57MQoWk3UDvYDFdrzQkzb5qiIim9QZrbyDeen3eZKnOfniIUMCyfkspTG7LRA8J5vj/wAEm5x0Q8TGTe3ePgkFyEma6Zym1Y2SANiw/8MycJZ4VyIoJf0UI5tIVwDHafkUaO/GqlqLJTA9g==]]></Encrypt>
</xml>


2018-01-05 08:00:31 debug :
------------
String:
account-ticket<xml>
    <AppId><![CDATA[wx7f83e93205d2fd31]]></AppId>
    <Encrypt><![CDATA[Nh0BNvHPaaAS6DFD84RI9HMIu+Lu16RpMtZFuKvXVD2xorP6f5ci9FD2MiugSDbn7ulik6WDX0liYi4NezESTLOfjFzk7JDeuGH88pkweskUh/YX04pJUOJV4w/wVMziGni7gki+gssR5heqVBHYQow8gOA4LkMa7qF657tmcL1FHQwnmcXph43oudD7pqlzSiwocy44Rq89iPRWc/1jU3Ka8fQuv+RWNNxjeKbdntkQAsx+YI8vT1+YSqmsTjIOFaGyfPjs9Kx1WQljH8HOrZS7AhxIWLgM8xFNDSwbRuL79051aGm/EuI8GekpvDt9FUiqXLQFUJqIB0REtgRJ49KN4Udciy5SvIWhkeieWWaNoHEq9LSQUOdEOHe9xB4BOr9m59z+DunU+/s6CAUP/6C1vfGp7BExWTCPhNBN1B19qDxjRy4sdxq4eecwfEYFkoK5Vrjm6TVOjm0DLK8pHA==]]></Encrypt>
</xml>


2018-01-05 08:10:48 debug :
------------
String:
account-ticket<xml>
    <AppId><![CDATA[wx7f83e93205d2fd31]]></AppId>
    <Encrypt><![CDATA[9KH1aliC6G8NhVyv4s8WbLbikhhS7WBqMCySmZ0eIVOG31loBik7Wefd5XFRbD7+6xsVPKf19KuMWpYzfAkCAVg7OI3tOWAdKKhyQkh74/sWN+ezzvf7/fDKPhriJgNTnPKdtIes7f0GgX7N0a/uFqYMGtxzuL88wWNGaNJihmO1idQusGtddldvlAW+Etbgof1aZZEQGgbrndNOAajZRg0NsmJ1cxWUzj8FDivcUCn04dRmG6tmpnEEOEPsP3gEOz8aLGElR6N7sNKfSAYGs+etZ3KfW1lrVUPSy0wAeEQtRtfkiyF2y/0mTUzSk+oRCsdgveqrWvifBj5z88e25wgqkL1Qqx3/PK/6ObXpm9BIpeiAGhHWCgfqbSgWP6+X8RkeMqHsPzp/rqi3NuC5s7EAm0Vje3HffLG7qQAWz2hRy62nEw7BUuY2r1APU2escbinwlacdFwnfoCrhyeZpg==]]></Encrypt>
</xml>


2018-01-05 08:20:44 debug :
------------
String:
account-ticket<xml>
    <AppId><![CDATA[wx7f83e93205d2fd31]]></AppId>
    <Encrypt><![CDATA[FnW2WC2lU9w0TEjYqD+eHHzFNK2Mb3onwfIKwftyGGHadNfZuI0sAJ0E21Mpj5MP3omy+5Y4xtvaoGWehgWCbdD0LrV9zXCjzFb0Jfq9LKpa2DGdRjI37wBbumsHLegmgb3To9sT8eMyTBlG39MJs0Mr5p10Gd0xsv04MwW3mFMYHcMHM5rwdH5O3qH//uDpF/kY/GnSa78DIf7ywRnwEIOrH+I+9MPflFE0twAzjaJSofdugbE7485qAmZ/XgAhKqqHRosoycV7ZiTGlEfYj4WGIdZD8quH64+9F+qCh3qMzVzY8tkVNwQw5R9Z93iF4Kl6CjQfKDYargK8HNINHWQ6f6LqG2//R7KQAWgVYkBNfRkzW4kChsViQ4aT2bu7Ack2Pubd+8AHgmOIUDDuuZfWlYn0DLsANtpw9HmYsTw9XUnE4AFmPv7fHrhB/bz+7Nc9dby3TZi3MQIC4iiteA==]]></Encrypt>
</xml>


2018-01-05 08:30:53 debug :
------------
String:
account-ticket<xml>
    <AppId><![CDATA[wx7f83e93205d2fd31]]></AppId>
    <Encrypt><![CDATA[opVF5jR/bYgV8AwpePTLwcrmgMXkDU7RIXq+0rVpptqXwH/cQX89Yorx10CYMYTQr65WAQ99sVNk00ZkdHWQP95JxJP89L61HbPCkkmK4boeF8T+lbpcS9b478K07edR3pGxbJN3l2FXzyLVB+OGcfQSZAkdPynTPwP6Kffa2LIJjDW+AoSMn4sO+19l7i31u5AWXYQ6FHdcqKs/bFvu1AHuWAEaLHe2R9sX+6pCeLDf2gJJW3mjrmGe2t5LZuSv1hbtpxo3SxbSM3O1x/JU92ONQrZ6XbHIjTZXfPb1fkL5Lw/D0yKqC+IZuki+b/2/AX0xnk1ozfnVlSJB6tgVsRJqRk/dhhm3RL1B3+kCDtNkv9vr73XL1t2hkZpCDAUKhU4sqP6DqrN0poKz05qIy8pXljUkBgbSb+3fGxvyKocyWM8OH0TEfhY/PF9rQpNTD9qsl1a4TYyl9BiKvtt/OA==]]></Encrypt>
</xml>


2018-01-05 08:40:56 debug :
------------
String:
account-ticket<xml>
    <AppId><![CDATA[wx7f83e93205d2fd31]]></AppId>
    <Encrypt><![CDATA[/TlJ69A6QNKn6kWk2fuCXAi3HbmLwRwPa+RqWl/m2LZ9ewjJDsZ/DSotgVegAnGEqs8vwy/3kfvdG1r5FC6xcNWdqCNY75YIqoJhhZzWue7G3NMwZmwBSUzrEsLyLjKbpIwbk2G8uDJQ3vMO3nv42Bg0qWQ0xlp2UqefxxoiwKVPmMWtAYwoa8/tDxpajUv3FO6C/8Z4xMHkKY/9QUd/e/ro9wmuIZPwL9yBjPbSO0NRm7UkXA9nQLWjyC+SqYCN+2wpqR8x6v1qObcbJXNwTOdPC5SowzVhxiZT2gOMiCOFdFnKd3ImyU9ZgNX89cPCbttxXkNoaowp9Qf/a53/WHGMvai9t5FUmqpXUfRoM/BJOV3TnsFROh9vQn3TjRCLFPtjve8lCjksKsj8khliw0rG4dKeSlE6UXyagvnHfjeBYPishJOqH/BxTLKxO6wrpqyG5y+OwIiqP7uJBovatQ==]]></Encrypt>
</xml>


2018-01-05 08:50:53 debug :
------------
String:
account-ticket<xml>
    <AppId><![CDATA[wx7f83e93205d2fd31]]></AppId>
    <Encrypt><![CDATA[WHjHNlOKFl4HsaopQ2G10ObzkhvlfUDahiPjpO8c5rIpivAB2+QpP8GJ2O2hfGBDKFqFdRbbqXKWcWojEFx21d8YAIUozfLjcgH9b/ZN/L9x2S5FFLytc0RUN9MD5JBJeZSPJbV5OnDKD2hd62RuT1HoaUpa/cAy376oGDNb5dNz1nVcO209Nvdnn4wOZFlbdeBljlhNzaWhoKT4twola3JoS7oaJKRFk2fph40+v9bwYQ3GzcLq1IPnD472SvBOYZLsgKbs6G3xsW0bsS0rw7Zu5sxQWKLjRmnXA4PWlzw+9GdYRIaX5JnAN5nCbEKZ5uOtew1Kt6UocrNERx63mEUul3wIKzcjN8gZNgq8bFHPS+XjC9Jd+lvhCPNHE2rMBMJTQaaLVqbaDmmK7SG7eBXfXRXr3qW1oc4NAGnpRQoiyecgH9tLZQ5zd3K6pQ2+JJT60aDJVoe6IxmlKcg8fg==]]></Encrypt>
</xml>


2018-01-05 09:00:51 debug :
------------
String:
account-ticket<xml>
    <AppId><![CDATA[wx7f83e93205d2fd31]]></AppId>
    <Encrypt><![CDATA[yBbdFiunf8k/PCQYyuxfQLqrVemjjPhiN/0vlK1D2jKU5o3n6Y09Ih9/oAuwKdy5c2YMbFiJmxoi1pWdXrINLric8ppYaZcbohs3FCq+lZEd+qA4WOmWM27gLGtmtU59GWJcGtCts9WvOw5co3Fiv2uZ0wq6km2Y+kcCCqUK/q9zEZa6YpGmGitoCZtdyxOjs0RPGhHsllGupWuwom/KC5QrWXL63F6bp/a92wyifEbG6qUaf1dKBsCGPhmoLE+KCq6BrlIJ5jSMUM6wkLJaq4vdVZt6mkUZqNb2PFFdcJgqJY0KAuPqPgzvjUEceDSBJSTDA7JIeGLQjonXBKalZaWqcVj9D+SsradG2lvTJ61hl/cLPO/Uhh0LCKtBOeIxaNRlXt/n44zjtbOwnwRFfNVk7DLjVF2zyZ+POVSMRenhP0fEMOJdUM2jgtACuSHmtOeNWxiAh5RQi0gVXMua/g==]]></Encrypt>
</xml>


2018-01-05 09:11:10 debug :
------------
String:
account-ticket<xml>
    <AppId><![CDATA[wx7f83e93205d2fd31]]></AppId>
    <Encrypt><![CDATA[LB+GEguoD4+O02O8yZawtu4VxjwTygcnoLW1pZBn4jk9K1C2hh71DR6XegOeFlsWtaHwnFYEyA/eEdl4hp5BHS0soRnuLc3iCHiW+1CsOxDlG89ZmDPiu5VL2wT7nsXyAopLvPfEPGvhZIotxEyofEH0EsoT7NBEh9UQ6tGvO40/RATlT3Yi2TBINzRkp0edcqTBMZY/+5Ya29G8WzWkzi6MZ30Tm9V4Synkqe7OCIL3672ANIy9X5tq6IbLOqTdHysKbCza2NUsBDT7lIxX1yLuq/9WbogIRhEV3Nml1iU36ak5Ta+TLOUSqINunCbscvanxWhFaFO68YJ8OXTIjh5UrTZ6p7whoNHW6YLnjdRWhLICdTYRgo7Otc3+7b8WS8x88NUVm4dOtbjWmUdzPFH+iUt+vkSN2NVu9xz7fG4f/M4oNcYVfMf3Ho4ZCPorD1HJj268RzIHvjobM7j2jg==]]></Encrypt>
</xml>


2018-01-05 09:21:06 debug :
------------
String:
account-ticket<xml>
    <AppId><![CDATA[wx7f83e93205d2fd31]]></AppId>
    <Encrypt><![CDATA[z5DDuszLEm9xUFOJfvyoudJjwNYPsHns6U6DaAgUGxwgQLi6k6Qdqpa0nxrM2jhtjk6aq6Td8HNI5sWK44crXCTUmxNFRxF2t1FJtKrJXgKlLI2mbcFJwLOIwjOUcyN8tOf4IKMuOhON7xIiiblqcMXWbdB4PLNOgemfS+LffDlI5oX3uJjM6fidy6kGHR/JIGxe5a7uDIuiNbGMZD+PT0M7gz4Zji/SdlUfO8PUFw7MreDTdt7NxOrdbaQXiS5Z5MyRec4ioVk1h8gLFB2yUwH2bz34FAQQ1FYDm8611+I+vmLxL4fqi7o4WfTMaGz5+fz2WLgDr8nHtj/4yNEgpfDQgGNT5xJmi1JOSNJ2nvcW95mzoBrJ8gmU20b7uX4nD9Vx/y7L9rIPs38YW8zD2XtPBVaFOWMsDYc0OpIpOt9zqzmG7p6PQpqITw1kdohsp4mrJAFdAU92GhOqF3+1eg==]]></Encrypt>
</xml>


2018-01-05 09:31:07 debug :
------------
String:
account-ticket<xml>
    <AppId><![CDATA[wx7f83e93205d2fd31]]></AppId>
    <Encrypt><![CDATA[Hn8V6C7dxp4BQG6TLcSsH41nweFDiwlWFKaKFSpJbBgt3Wz6OCF5JGumUZlifEXPyGI5ZOmUHq6SvUsCfY1P2Tj5RNIoTE8cxSQ95x1hiKXDfzCu4PjBNjfrzPSwa5PQgSHPRca+kfk6u6MtgvStAWdIdN5YFRTQecLRpqUmcLQQJVXUtJ79078s8tWzyBeve7YnQtLOnKX6Axz2WPnkLeY42RahO3eCAp7c+uaDtifW5AplEVDg1H8XQyw8FJ335JF0FG5Lofs5JOuajFkiyFxOnccVXPzZYXtmlHuqK7vVzs1sUqXis5H/0FsLMyI5XtqCwh+FmmKWEeAqisZvJ5Gago5a5uI3MmbJfCh6h0xLPckla1AjsGZmoQ9moKvkKmMiQeUWKfXpaDCNUlefWVRZ3ZDEdh66x3TIv6SxLqreeI6yyC6haqtfrTZxiPGMMl6+mOE36WfJ1HiH/67DuQ==]]></Encrypt>
</xml>


2018-01-05 09:41:11 debug :
------------
String:
account-ticket<xml>
    <AppId><![CDATA[wx7f83e93205d2fd31]]></AppId>
    <Encrypt><![CDATA[OwwwVDwyG0eJ9voSjAN9TF2BDRdtAQAAUDd0J48Eo0dhpYll5+77c7y3pPwxGuOvPT6EH29p8rXl5tvknBM1MfJbfTLhbaZuAvTvs2SSgArV3aT+FUGt6thCf03FGCbTNf2EEXYbwaQbbs8VmNkhAmik+SGf4y2WtOwH2JHczdSPw+hwpJOf9+AZ3TLteyGPoCTqpEX7IAwNrlu2OkQcMN/yA1lG4RGWhga4CLDMBaCO2aDQ2qSE2hjo1gr4ciippV+C5jL2tsmikOeKj3pqUOXMDB+AO5OJ3gNE87JgVBM1QO6UNihEz7upzMj1TFKhQtJXEehp4saKuU2eEJfmjwLL/VnQISJ9vwe/QzaY8L4oeThYBcfXE3J/QuQQFTd5B57WNnQ0O5qMjLL5Y0dHztt8uC24FQ4v2gcUCH5DJwPo8CuXEOJRyaAouIiCM/g7j4dCeJ8992RcY10ErqvuOg==]]></Encrypt>
</xml>


2018-01-05 09:51:06 debug :
------------
String:
account-ticket<xml>
    <AppId><![CDATA[wx7f83e93205d2fd31]]></AppId>
    <Encrypt><![CDATA[niaLhI4PSkrkctj2S3Indbl8PzzP2rsoDJLDC9ohLEnbtV3JDEyjKZuYqU8eQlQrpWGSjtz40bIBDyDkT1eeNMAaOna+44EMzEPnfsyhXVHnCnwWACPUT4n9X7nHm1H2D32X0gYkRShM9tj5cAIS2rQ89Rb9C4BplEQz0qTghF2EqW0oRJbhMQvTSIt8vYSaPDFsfybB1bpePQtNBecd2YLF3fZIqbBddiz6sS3QQf8otC5rEcVuhRfPN/6TsNSls+UGYcIjw4WctMhAgcI6+g1gSJCa5KeibNmJBxujacgOuShwx02lYjqN5qKtp1bdEMhP7qSXkHekNhwovzAaP1CfU2IJpa/CHfXRyWW9yei+YqGHOCrZlZI4Ddfj7fC+ieOB+NtUNcf+0YAn425P0rO2zOFG5cQAEAAM/WVqX5a9OG3pxUdS+2rukgSzxTk1lz7cNfHgxw6EXZPV3zgX9Q==]]></Encrypt>
</xml>


2018-01-05 10:01:14 debug :
------------
String:
account-ticket<xml>
    <AppId><![CDATA[wx7f83e93205d2fd31]]></AppId>
    <Encrypt><![CDATA[fSAG5JBhkMKmMLzpfQoIv2mfvxe5/c1lpUzuh13OFpy/tlZG8RGsRyre6sXrwp9YhglwuI+nvS6PxFWXDoiroEoz1Hgd/QU0JhwZ8YZ7BxdEFm1nbXBCOX5YJ51xfOFEFb3ZGcJDC78aDWQabgnLPehgTWC50ouC9DhycHuBL9qX17AluNd2NdnwUJccrSYmcO0xRrZYWdMlUjp1s0KgnXivsxv1c5jqStGp4GgazhsbPyR21vU19tUngAeKwBrDtdaabfrN5fRPiGkSyRZmdzQ85kqzovCNDiLfezrKlAaa5zRLan8y79iK+fuNedA/aZ3VPbCHoB1oRt+i/jfmJKvXo0FF9u07c6OcyKOUAWgV4TuJdo9vhyS5awK2WXt4YTS7MgbO0b7iKYl1C7S54g5iZpjKu3uO6stacZCGi9HkcFl+0muqP8Dj2nUvsYfMye3jmA+7uKV7QDiDZ7XE3w==]]></Encrypt>
</xml>


2018-01-05 10:11:35 debug :
------------
String:
account-ticket<xml>
    <AppId><![CDATA[wx7f83e93205d2fd31]]></AppId>
    <Encrypt><![CDATA[daE5joas0N7NFb06orx7Z+Td1kqzT2vYSUjT+/A6qwj9j64MOw7lXF7IGIUvWgh8rqjhBfeEmFAkjj2vtcLnHJ9JY9S+uO3aysXqhj/y5wOUTeOCHWpYDggzEHs06JRHl72asURCi+Lc040E2AXNyN5v1X+rtvgxC8CQZN7ah0mzmq6R2lnAI1VlcnMf2s+y/v0VDy0ZItzITwyr8lzNbBJT7JlGuOo1cgRz9ets6MFpDXJ92PXaScqLVq6nO9IcuQAxVDdPjh8ifmhjUXgCyCZjvWFbB0RnB7MsSTebwyb4eSD8HVxOVVapg5xizu6Jbu8cLwnMD1gdPt6OYqSGI/D6g5eOQiw/hocD/qg4Jc7pGXggl1whvUQKxvUdvEZ2Ze75qCsl04zKPajhpRRrQpvRCSfZt0VeM6TdNW1c8vxkHv5IgocSQXuiM2djqLx9jEO/rqcF15diy8UNOc4aWQ==]]></Encrypt>
</xml>


2018-01-05 10:21:22 debug :
------------
String:
account-ticket<xml>
    <AppId><![CDATA[wx7f83e93205d2fd31]]></AppId>
    <Encrypt><![CDATA[e9cF6GqpWoPO4b2azAY//NKM1FRjUwIXYNik44Xm9pn5QgfXSIaignrODLnjYkkeNhx1pl+0ojq5TJRbbKnJT4GjQwbKHtIlvDkMKtRPD2/BN3S8Znyts/h4lXMRU1TQX4JYvgRVQQc7O5wp6g9/wPuocKF5QRdTHB/G1wKUFpAmoKIzIcN/1lcs3K29cIpw3HhRJDp0D2sGFo1ByZh4tdlhUClaBvsyvyuhNWuRue6m7EmqfXI8A+MO+PB4e7cKjRbXJiJl424R7skz10NOOJtOiPWRVWk/2DQBIc+vNFUgK152KGifkkUvqhTjAsX37Go49wk2coZNp4VeN31gEN+Jw0Up50SXnqZryroRNEvbscWBSKNm+ghP0SW9bh8wsMncixJGGb//0rWaAhTEMYvaLqeHQu5olgWN6AZw5USpJa5kEXvtIDBK+wq/gghSzGcVKCCOLB9VQhvfTUS3Wg==]]></Encrypt>
</xml>


2018-01-05 10:31:21 debug :
------------
String:
account-ticket<xml>
    <AppId><![CDATA[wx7f83e93205d2fd31]]></AppId>
    <Encrypt><![CDATA[QobxpiqgOZX2GBUBdon05aqiZp+nvIPDiqOhEszoM2+fKEAEt2dsZyxoBDcU53Pac2vpxDQoGOgvQRx180FSwEHoR5EwH61djs/PJJU3xn7Rbx4HnnqkQx6/xVUOzMYYUR3unOEpTGx3EA9wvTjkNmQkCWs5my0ElE1PUHM0gWbgTZgzf3OqBXb2lUydqNS5MPyaAirsumKLR/9eRn3O7iC3U5Ccc4odavE5FldlTOGrGkL882SvuFmWrr1kRapDOT+YzMWKYDhBC8dguoIhb0Q9Z2xlOgidL4eJbXYldFNtgbNy7r2wKkYKzeAGoUxoLnmKRxUvZgxghLZnpHl+Z7bAqaDifvucqMl5+AuF9hGR86xk7CrmzBMlECFneEuDhTL6LlQ8F+rwD/wvOrrdSgVpVervxjUXF67siKGkvkIGwQ7coYyu+X57rX8NYzCctIZGYvxkErUhskTBCjjcOg==]]></Encrypt>
</xml>


2018-01-05 10:41:31 debug :
------------
String:
account-ticket<xml>
    <AppId><![CDATA[wx7f83e93205d2fd31]]></AppId>
    <Encrypt><![CDATA[LCCEOzntVyk7sj1xolxXf7Ssj3H7xUQFkwSDt8wD6Yaf09CIUBITYPsoMfnKR0P5O2Q/GF7R9IPRiYEDhD/450ZWK9byy6C33rLuBZvoaf5MkgsCG3puCvfcAVlHovwt3OZ3KDoe6fHVFs28A6vui4ZmQwxXV9lxRmnDWzfHzG4SxZTUUc6SK/7NB+kLcGir9pta7AfVFuQwRuHIQhFIrPgXn5e0OJ6R7f83v3WbXzciGTktpYrfjtnGmTO2ivLv02LxtGG9dRmkZ43e18+gccUhCqKXGGZeud7LjctlfyUE/Rgn5jwY/FRnComYIXlwupgMJQJl+ihh9k7JHTxJw3N5hqkLyYcOrBMJ4a8RgUG9PthK7T9OHen0jB9TcmeKCqF7deNebULlce9WjdNIOPrnbiFwXqInfGU7mxwQrDpJSfEcf5BVCOagslUYS95TpjwNn1RCsWYdifR6y2aQJg==]]></Encrypt>
</xml>


2018-01-05 10:51:26 debug :
------------
String:
account-ticket<xml>
    <AppId><![CDATA[wx7f83e93205d2fd31]]></AppId>
    <Encrypt><![CDATA[JfmGyZCV1v4dZkJmxxXKQdZhaNCxG/LVvQDMl1UL4eRQ/iHb+AqoSZxWndBXP9hui+5XWGCgz6qWBNzIgZEztuIW+BI/ijAH5yJ3ZRfHvL5hTyFsdWT9jngcSiqNUyckfpM14e8QN6ZkKNHMeHO3qjiYYyKpWzfS2cKFwrgYaCrVPp35Sh1BtA5Vggu6VfIE7oE55paqP2hql6z5l2O4m+6IXI4g3FnQvu0+3tgbqEQv++OqUgxsxguHM8hCGidpRwLw4NDCIzCi2k8M3MV44RbTPNcw0oDZqEXDdNaYq71FTc4io3yg2kJ/1wG/MmKuFvLd7YnlqgrMFbXXB0pEr5xK+fzEbvvKmwe2FPbHTRx9apC6XcxWoPxOU/8V8EgoEDw1e7W/OEjhICsFvk/+jkYqubaQy1lFAajdTxWDre7Q4SAJeblmCypLSdjP122qW9WOe4YE0sEJchcb93T4hg==]]></Encrypt>
</xml>


2018-01-05 10:59:40 debug :
------------
String:
account-ticket<xml>
    <AppId><![CDATA[wx7f83e93205d2fd31]]></AppId>
    <Encrypt><![CDATA[yB8f4n4+LTCeH0EIfPmxz3mghTmuPrgecGyjm0y9N/6Wg7I99P5hBm8ZD2Bm7K2Vbc21I+UeJQ5/r4wjzXBO5hvfYpQNP6qgNQ6+AWXmzsDm0+re9BElL1oNnbYrqOOiZPk6NZQeUEAD3BXk91iwRpfO9s+1kFiHY8QDnWlY6Nw9D1+xxidjak5ORr0074grow7DzV16FvGccZZMW4TWAValgAYAzxVDmcbmo/3YziRov/tPJlFZx7NIqs+kzn4ePPoLw6wKmtp2x37OVLPjHAnCgdjsiOcCNnCkWF0yb1qRcxhztrAfTjzZa4XQVEAWkA9YmtQ9s87D8U9bTEVZbfI2tijoq5NheRgKrl2sMEzOqfuX5Knijz0WrRAaNW8I8C0Ebi3+Fh9zy2dqt2y21p/4/rqxxepXyujOzEILK0JK0JZo4YaOPKu70z3CpYymNPOQ8a6rlqjL2dX2O0nAzA==]]></Encrypt>
</xml>


2018-01-05 11:09:39 debug :
------------
String:
account-ticket<xml>
    <AppId><![CDATA[wx7f83e93205d2fd31]]></AppId>
    <Encrypt><![CDATA[SqJQNSKqSNdcO2uDd0ZN8AWZdXpr136A7qXX8U0iK025iUP3xxq26vB8Di3jXh5FGPf0z1sfIg4mtFrNoSQ8SpQwOVGVnirkH/cLQxUID7mvqdTDKm6xEIEsieETwmVZy/Ib+qAbVR09uC3fJ+MrqGBsk7My5xUXQkT24uz4AUIAurJqxjiy0FLlT9u3uaj/51CcW20OxGK/P2s4TgZqQo2333vNPjZc/Ln66IloQ1hyAHgKH9l2LDEcQtEFLdcWaAT+xictUMf8+O0nSa0SH+tiS5pZzUbUUO9ERjmYGu2gu4oU0lHG4duvWJwUqmiJXVXCmFSCJcqJXao7x/XPG3GI+xP0VfeIMEf6IKPFVUpvw760hs5k5+kYlsb6BCgOBQ1wHE12ZUqYThf4/CRONy0E18T12nQNKCJ9j5t7szwjfBQwItRESP+qQNknb/P9DXbEkW8CvmahWIsceedMtw==]]></Encrypt>
</xml>


2018-01-05 11:21:31 debug :
------------
String:
account-ticket<xml>
    <AppId><![CDATA[wx7f83e93205d2fd31]]></AppId>
    <Encrypt><![CDATA[GHymGE7vs177V16UOe+nkhLvWey3gtg/yqpo/D+3wtEnnQnpHIqz3In+f8TrkDZsYL6bHg1BDm5EkI1qJrpcWLf2D0NrLQHRmFnLMW0cUz0Qboz4ChxH+xBixIqYGJA2FR9x8xKD6lv3/nbfFGvGljPystmr4VCTXNzVAm6z9VYRNPGDuYz3pvdLUl3WkxqCKsWMW1OxTlhH1THtmk2LbExuyF5LeoeBjL7QlRualNOvTiGc7GwSETS0U+GIYx+4PbgmTlgXjcfmmOgX8EQFeD2EGJSWND5bPNVlFIpfexCQuU2Fxs0ZFHlHaxwH0nDWH5FoKwV1dRKtu3hWw4DenxelbHubeXY6S/gi9GNAEABIsc/kq2gvTqOhxxjmctpsa+TNdHTIfMjfJpabtGOAdFLQysmCqXj9MbU3tUfZZDLVw+DpTjESUjjqcYJRnSxRhwOhWXR0uLMZUdgV5kAqHw==]]></Encrypt>
</xml>


2018-01-05 11:29:39 debug :
------------
String:
account-ticket<xml>
    <AppId><![CDATA[wx7f83e93205d2fd31]]></AppId>
    <Encrypt><![CDATA[BEIlEGaf6lA2BVhf15In1stxI2aMLPpoRGCtkNxgH4TDAr1tCDXnu7BCZgBKqHtFQw8vpfxnORQItOjwCjQkGChxlJtPcO3W1OTB7Qp3STWkpC+jsp3FrBwLVllKUOyIkYMR1dGmB+BvixPZNlzwDZLZDVGCjnzIhh/Azr3axgnNRk5lqAb/yNUBgmmhQEw9nHagFUICe8YUbuSDWKAbIIiNgsItoNhjEXFhhR3ieq6nXtR5+fwIhLLes5A3K8MObYnO9xxfbJFh1CkgHTukSGPrTS9of52isUJPcwmpMYm+FlPdM99Vlb3vurcLHSF+oyr8nC88jbwWS6MPEPxh2krU80QXB5l4Yl8xXJCu3AhSBpFMqU/FFNqtl5fIkM91c0BtyPOQ0ow8mYynbUSUP2JhrbiidaWQzSnMB5eLSRCwe1lbq4TrjZsKESamAmnRjyYMtzCyEQf3A8q7k/Dzgw==]]></Encrypt>
</xml>


2018-01-05 11:39:38 debug :
------------
String:
account-ticket<xml>
    <AppId><![CDATA[wx7f83e93205d2fd31]]></AppId>
    <Encrypt><![CDATA[kQspxL9actQSW8IjV95cHvLSiSZIV4jWmRUZFjC9hhwVVLChfCi/LbS+tI39knWxm6tDDlGBwoitwbcF+QbEU3N0MhKJrpin4NqslHn/HQP+Yv1y6m/2LFuAXwv+OuN0AtA0KDGpAlYS1Xcn7D28TJydcxZGepI+ehfEaq7PQCG8E/mCn+of8FLjc/yxqm4AjkaEaYDuUla0rmqRqXViM0/pRfbolatomTJ0oq8Ft4R5Zs4ES2IuhSC5mBiqJkxnbUoWYwlRTpIJY+/RV+NDpAAp0LGtnI2OOly251gTUMpw6u0aonbPuZ/nhpAxtHUsxZanOkvtsbXv01FRmCZ9d2dyTVP1KVrIhZH7ziHSPYRvQIcyUgDJZjAOPf612OU9nmvQxCjcL/Ebr+XZBnJE99pgpwepsxb0UDQAiW8bUZ4MLMI6G+D7pfIBic44TPhJGU/6kii9/xxJojvQQsZneQ==]]></Encrypt>
</xml>


2018-01-05 11:49:33 debug :
------------
String:
account-ticket<xml>
    <AppId><![CDATA[wx7f83e93205d2fd31]]></AppId>
    <Encrypt><![CDATA[ske/FfFL5XPW/Eair7zAyjglJ487JdCbYWmiuqMGAvsX8xtezPMgG3CFByfY2yMmjXPi6t9iOusmUhKPUX17M/FCQqxJrQ1bjMXcUFWS+EgdJXdpwU0eRZsU4pOXMuu3haRzxLDCn5VCOLDuRDktKa3VeovvXJ1gBqiqnJknqZU8EdxxS1Dvc393iATa8rXV7DP5RwKDaALAKWBdULmdtwc2jXAHUSKaK8p8bV/TZLRYmK1bFojskFHB6/uuub7BbcVAF0Grj8BSal/kEkrmUQzENkndCQUyzLbdmlbJE9MmCm30MpiQT0jrEHlDjOdTxQ1NXcjILneaT0dcKtHf4Efd3Zkq98exoirnOEivxnhEI4xPU0VxZPJmVSIreCB3UesOUeRne17oEabTJ04sxUnmRrPA+FM+pt8jQvU3goUchxSSwACEgMk2i/ze8YQPuSmgWN/IDP2YlC50m5xcvw==]]></Encrypt>
</xml>


2018-01-05 11:59:26 debug :
------------
String:
account-ticket<xml>
    <AppId><![CDATA[wx7f83e93205d2fd31]]></AppId>
    <Encrypt><![CDATA[qxS0UA2bITwRkkMteed5LyY0lemrtMRDezx6GL5eSTppFMN3y9wvT+BtfbNZbz7Mw0d4N0CNMPg8PczUNdmrz0dsfkz9rcycP4appZd7TJCbWnpDWEIxusAmPL7m86z38TKiST27YWtYZpjoQFAGwWbrfyfEmzWiIgaanrLsiCLowChZZlhey/A+5xwDxwoZM1Pcb0rv3GydSUCdMbXYYsitk4Ls1q0CmRochUJKbeGcQdaVmz3Vi2JIVr7X6UGZA/SwsfmSCuWui4SlD0MeFb1HKhDg4CN2N7d4+YtpXEb7VGF4vqE34d+QCZ6BMGjQPL3o492PjTlzYicCdRcI29GqBbkLiEIl1ddP058eR+nhpnwL+fsPLUx4PMQQXl+20ag0MpbfX1z8rp06gL6TlKmIe3vqIEdY9Zmw2je6xKjV62/1n82VBqCFLGvv/ZCUpFknt36dVIUwOQjvk23Waw==]]></Encrypt>
</xml>


2018-01-05 12:09:52 debug :
------------
String:
account-ticket<xml>
    <AppId><![CDATA[wx7f83e93205d2fd31]]></AppId>
    <Encrypt><![CDATA[D3hAmOxh1lb4Iy0FdwLpDT11LBECvN/FixfrIjlTDUTtWDleV9mxasSy5+3NaIimnYVILIEE8swjbJYCwQCVt5gUxnc8yhmB2zdgnuCMO2i16alFjV1cGEmSTz9fgwJHupLUF9CwzPQdn7j9c8kLOPEFzgcWDjPTDgBSvLRjtiXh/L4i7ufG8+2lHrDK4DkFNIeZeXUruvqWTtegAfrbHQzUgX2oP30uxxog79imVLqb/NjZzh64KJtMN0NWJD2YHT1MxY4qk5sPcpWtxgHr76K1/nherk6e/qvx7i4WSdQimEH2anfbqpiVO/I8D45ZRvkVcVLpn4GcoVGNE8S0R3Cm/tZtOIaXEmU6aYly1HIWjUcvoQpaBlkAmKxsk8/S2IX2fFEMwlse0QKJaZGc+JLYHK++wfimbRaZlhzlSTx8G2NnaTIAWQ3PI3KHHc3wY5kBtyGL4mTzxtOfkfnzhg==]]></Encrypt>
</xml>


2018-01-05 12:21:27 debug :
------------
String:
account-ticket<xml>
    <AppId><![CDATA[wx7f83e93205d2fd31]]></AppId>
    <Encrypt><![CDATA[xkSNU4mQeENRwLI7TFEPl1vZSdBTKUsdHeouJ2qjoZdEAyR50VdULEjmS7ei0LMe4bdjGfmBztaCbV/BPrlA6sCvuW5FVGGh7lHjeSwqsEBgZJtY53iIljpAdlSmT4FMu0qeWZNoQNrWI1254h4aAESqlMb+YpfCvP2Ftc7mlT5gWyJxgplZWW4hOQjh8PGinv1q8OV3kbk4CexNHB6mjlLw9M+PNq7G/leIhxpmXOewtBA3Rbjd+g8n8zoXnX4uFUxNtAW2V7irA0BQzUeMazbbzhkCbDY9xji4wq87lQFJYW8UZDSXNXdT8lfIrSsMtdVLQ2lEwn1+zD2bWlkfX1s4Y9LLn7Bzt86TioFjtFP8qpRN6FrNhMYW56Kl4pJt1qE7grer+i0YstvY3LST9oIQoQsketXissUt03OBQdeAgzPLyr7zGJrhHOY69IxWAqlFLWIeC1uZsL27RPbYYQ==]]></Encrypt>
</xml>


2018-01-05 12:29:37 debug :
------------
String:
account-ticket<xml>
    <AppId><![CDATA[wx7f83e93205d2fd31]]></AppId>
    <Encrypt><![CDATA[9b0d0B4sqMJ7fj1MC0tUtJIN1TlXHSnGLseGM5venC0HU161w9yU5RX1gtVEe2Hq04VOAFxv5bw3+oWC3G0inJpHM+zmtquupbqgfXfhHZWdx4dEZxClbH11U6MPznYS1a8o5osv0VyIFz7O39G8T/h3I3XqO7KHJhxO8USGwyVwr7PDfrCcnX+I9eOYVJPc7XNOnY47GAn1WaSPic940yCXb+kI3U2u7efJIXJcXNvzoLfYupem69aSU8HzIYlYptqNzoKhslUhux7NvPlpvKo5nPmrRIX1P2i4Z5Swu0w8trRLv2i+nRHEUs5SivA/PU06ONwMguqrYNwACZQaizqnhCLkKbtOKakJaovxd3kjtlseo7qcNBsjopRRPtpHc4/9X4z80DU4xBBoN4ifJ5iXjBhv8lZWAYD+X3DDMouBVd3wy2FvgU+EIoIzzxtWF2+rUHhDGwfh8D4X44jdIw==]]></Encrypt>
</xml>


2018-01-05 12:39:24 debug :
------------
String:
account-ticket<xml>
    <AppId><![CDATA[wx7f83e93205d2fd31]]></AppId>
    <Encrypt><![CDATA[0FRjeYpamhflMdXTtSPbK8w9mGtRerazYjP42RzSt49jA8X5jNtA5Cnr7xKi0bt3hmZQrvLPIRsIxdeLtnxG+N/FXnlPpbz1rSQquwfbwpbssLVLuz824LbSciWNT8POWPCF9eErkkT5FbXp2twhjtFWovKOTlrLhfFnoXHvMlUAQ6/CMLzrmNdUDzSxIix8IOe33FbJSlfy2fX+bKylYnzDPEMtLD58Hmlf0ZFEPoCUvrYBMOZcVtLx7jCjdkmBEf0Th02UrFfrK0OyXYVmfbd4Oxx2Z+lx10T4GiN5P4djh+Y8HLzSvqaLRZu/iz0whKhqZmrOeDhzRB7KlBjz30oKW6IC4xL8+5Q4QAexBgR7VByUUEXgmE0DNqb8HZIj49/fYKr9BmvOvTOGfERakkhvVCuChbDiP6rwnFqir/fPh+daiwCssJ+VQ/26KlQzddXaCzA6Q8mE06Xfwyge5Q==]]></Encrypt>
</xml>


2018-01-05 12:49:22 debug :
------------
String:
account-ticket<xml>
    <AppId><![CDATA[wx7f83e93205d2fd31]]></AppId>
    <Encrypt><![CDATA[VsldBcMUh0uqblhyKN5ZBTdcyR/i7dotFCC5rnp9wZaWj7c+/1rMtRPNVwga5kDNRpjws7NepKOkW5Quwljv2V3Y9Rlfxz8O0M+nlEM16bhYpjOydWMmAEqruYSQRci6PvdCT+Hqz6sE3gm3Uw4MBPQ9qQbvbVdms+NDWeEnSdMo0jcqx0skP2yyR4hH6rMKeNLsL07pOcBxdNACUio5q++KKEa8WZbZCoEqHEvAp2GRICepgEL83IgJnzjPMZ3FSoi7vZnDuJpD20zaWIrIEJxkQCh4KWgTd/cXNnBl9BpP5I2vArEZsUBA/WpZAf28O2AA3APeTdCM0Z3Hd4nu1TFqMtzJRZBVGr8LducHQywYorkhhB3/J7ZWEGiEbnxjCSXPF7Ifjw69CXHzs8GDSuJjIvA9AEXhVsnK4ej5vgk3zQ6vteKD+gfR309tU/VR0ojQVP0zyMVqseNV9EoAJA==]]></Encrypt>
</xml>


2018-01-05 12:59:25 debug :
------------
String:
account-ticket<xml>
    <AppId><![CDATA[wx7f83e93205d2fd31]]></AppId>
    <Encrypt><![CDATA[BOrmo3aM4+ki4RIg3DQd445DEG50xmp9oOK2q8RQzcZaT7RplGSkCoZ76xHiC9oUMhIJ7vSXIvB597+HdTpoj0NtlLjtcXLhKYrpMjOcURSiVQstCj025GwA/iAami4vnCSoAeHbKNyDCPHLC0CzhvyvdxhIbCA4vndh45D3mnFjgVvaOvNhfZg2dz6p9k42UB2kCi7jvlW+UpynCKOkkUAZ/gMdDzacElcM1ulnlT0nFR9nWIOtEzDIujDZYMkcyZVLvPcvfFSTSBvCAohlXe6kGHMpOHAj1ZvKLRd9txyoLkXseDhcrusF6sT8suElmIqIwcK0SgW74JP+Og8H5gwv58+Z+9dDBn9GIWVcF+5gCfAdS5oj+I0OXZOPGd+XUJWOe4oDwwC/0sIuMs8bu1RBZVQfbMiCsuiq30fTKLoQ4Vc9imWZPpr6UK25WjhT5fvUzWkB68DGQ5psgOGiaQ==]]></Encrypt>
</xml>


2018-01-05 13:09:26 debug :
------------
String:
account-ticket<xml>
    <AppId><![CDATA[wx7f83e93205d2fd31]]></AppId>
    <Encrypt><![CDATA[YlXoWd9vN+nw5YotZdZzPxh+PZ2QNntw66zmwNzePgRe2NQzjf5Dfo6kAcwPkpqozZJqArWF4SRo3odco2hiQPcbFKaPjpl2+FUjhogoL9BoYAH3mpNQkS/CgaP1a8QNrn48QhZl+SPC3+vJEpdWCJr+rX/4Oaud1ZiyIrSAc8WXnYZvXmPgHRqJInPOvcci6b3S+8E7iUOLO8zdiyvzOhYkvFKChLpfPqnFYmZ133ARqvdhv3c6QUP2BX9rJvGaz7QLn8Mh26XKX+v8WWKHOI1Wf6tpv4UKhGJLi+NjU6gNY1Q6s6q7ISSud8oKgaqvHr2eS0n8I7xDwm5G9u0abQs4oI7Wqi78digI1ReBExXbRI229lNxPoH7tSSkgngoBeupmQofQPNBGy3cAj3nd188tcpZ5XI2SLUCCgK2gmtxXK45Mm7F6S+tgHfAzULm5ki97oqCfNbqcQzJgiNLMQ==]]></Encrypt>
</xml>


2018-01-05 13:19:18 debug :
------------
String:
account-ticket<xml>
    <AppId><![CDATA[wx7f83e93205d2fd31]]></AppId>
    <Encrypt><![CDATA[V2EV/QMQ6gwf8GCpSi0oTwL4rEgYy+sWNOav19t3Vd78HDYbCv++67i6DlDxIvFb+fRCj1NwuJQZUBzWVuH7VZ1Q5J2F7D6BS+FwGmxFXizk5USI1Fr1z5ouU6mgamj3AWj0p0rGSETIqCGumt6q54a0B35DiJLnqPHHgHyWDJluIIK7QOy1C2mg35V9yneSXpjdrXMkz25GE2Eic+PvyEJC3keUn6WtleMavo/ex16e7lCgxIG4ixEWU5HUbUr80yiXDGs2pYarnhQywKIsbfg7xOaPjNbUwVfXbimKfrgowc4hXMJD9gRuYfXcKKwzMOhjS/jmhFSrTZYKHWvYbQxOav3DdznxRxJFVS4tDcdo+Hq/6PGyPuCMOPR1qD68X2q2AWfO7PgrZuIu5d0L8b0pwVyyE5Y3MzusQwB/sJogDRa7teRjiAzLAtqYTH45OwxOX8sa72xurBIvVhLAhQ==]]></Encrypt>
</xml>


2018-01-05 13:29:15 debug :
------------
String:
account-ticket<xml>
    <AppId><![CDATA[wx7f83e93205d2fd31]]></AppId>
    <Encrypt><![CDATA[XWSDQKS2dyUGWz8lhiYu63q3SajnpfjRnM2EyV7R3lUdplz+q8DVtsYfeKsfS8Ry6IRk/2La9R4J32Be9J13ix+thUTTd2lg2qUKVa5W4b2Im2WVSuDTphI5jOMrEtiBM8rG2v857FII1IlINfmW6CdZuFRFS6FzMolzcXedIS4G6MgeAltq9on2Gmz+NjYwyfHD41Wo+FArY1Y3AmeSZglFXpWSt1g10FxxppYAyedUu27+0DwGLPYH7E/RNycVixg985GBeeIfIxWKo0atrn2+riUrqBY38PBBa8yhTb0WUzPeovmgfC3vsRJNHdzqtyw3MGJtGegtCf15+10uy+WZF6upW346W1t55iHMmArVFKwzPxDCT9tGU2dcYWFboSnFQgClmhZsn4RaoloM5Bm0o5WhqBaIrIc9czs3YGdh+1V9B48ibMMpHR2sfxfGeqEbGSQDBZ2mGJvhapt+Qg==]]></Encrypt>
</xml>


2018-01-05 13:39:16 debug :
------------
String:
account-ticket<xml>
    <AppId><![CDATA[wx7f83e93205d2fd31]]></AppId>
    <Encrypt><![CDATA[iTIXXDR9pyPMIvHQ88mDCaP1kHgaI33fDua0m8cwTltXKdTnRiBlpd/YbYe9sJzjMZHnTdKg1tCBKgbMwLsTRB+5SgOTh2pVYX3vjb+QkeC6v0zb4BgZ94T/+W8NUx13B0qLC+x+EhJGPMDf5NJQn5YzG2ZbTG0PBlYwlMd7bsyqtHVnDNlG/hli7VKCVHWverY9Zzkp/zuU8cSpWoWKa36LTnF4ofAQfM/RR20kyelkIw/9pWX08rcs/c0wti6JTVgWkLCpuYIyV+w1sUxwLOBVyMtxAqzm116ATbUE7b1kPTFqxO0CJVGcJWvzaaqKWpy208UoIblG/DChZkLNdceEKOyfn93YsAD6sAbhwQAecQdKalBETnHCi7hdunD9qyq2vZpkA+8K0qtWCGTu5E5M8/4PCNVXeAWNbFcn/qPPlbTdDiKCJ9glw5fXy9YaYYOoq4B/eha9f1OiPBW02A==]]></Encrypt>
</xml>


2018-01-05 13:49:30 debug :
------------
String:
account-ticket<xml>
    <AppId><![CDATA[wx7f83e93205d2fd31]]></AppId>
    <Encrypt><![CDATA[sIHqKe6/1aqklM99jRQER9vuek4xc8krjRM/XWE5GVcfE/S3RkT3yQ1MVUkhshkz27SrEzht6zPzKSgIWJHpMVlWedyz1Q4YK1xHCbIhKYyYqZ75VtQJxssChwVlPIEtZwbr7MJ+7DthTQUAWuNpFdiTmi7FDcMw8+O4dl8pwxw1hmk6yEovAOxmrTYTGEuXOUqtcaxz58vAFVuSxjYnPAxwDEslI6yHlFy2ZtSQqV9FhxOdr2iiYN2XfzVDx7UOi4dwB+CRdK6l4xO4Trt/XwrtHGt3MsFT26Ylntv0OQBNm1rXDAJbrw9ldRWrwsQDr9Xn0PffQL00bhhBr8fikfEDfEQGhCwR2W4QZPiQ0X2lSagH6STLGKRXey9eUPSnUqjJFAyX3QQ0vNvocdi/NHpn11/liVM0CqMRR9kClEg9hVSvZLCaH2KYgaT2Kik92JorcxmaMzKYZkznxKZQzg==]]></Encrypt>
</xml>


2018-01-05 13:59:05 debug :
------------
String:
account-ticket<xml>
    <AppId><![CDATA[wx7f83e93205d2fd31]]></AppId>
    <Encrypt><![CDATA[haEr5tY6KbZtMMuhYJectQwmfyYHQngpVonN4dIwulPHu3cQ3ywPQws1hypn+3ir1v2tACFJXmfF8xPO5qnf26AO8ByiZR0WUELFC0H+2u3XOk4oEp64iThmMNLeokY+y9VLhAI5hXe2tJlB4b/NeS6euZZjL8AsR+DyPw67jaG5K6O/P5mpU9yIcCQfQvnZklyYNgvx+uvI1qeMJXSG5v83m6V+n4UHv3zRZxW1qle+Yei/Mtm+I+zCyHyLwqWFEB2889AIZuuYkOrO8x/7tJ3bSe/IO3GuhQbiH3/BIpihx3WndBnbFimFIp/Wok2SW5rxw9RYo/JIx4p3pPEEGuJ5ZZrBgvMuLJ7BskChrY7FvScQAD8sstyv3IALNkRIggsB5X0AKyVCy1CYK0zciCJT8AsUxRngtEqPclZ204YWP1Q2p5cbwjpQClOKrq6HngVg4d6nUKajUNo6mgDYxw==]]></Encrypt>
</xml>


2018-01-05 14:09:22 debug :
------------
String:
account-ticket<xml>
    <AppId><![CDATA[wx7f83e93205d2fd31]]></AppId>
    <Encrypt><![CDATA[KooMID1s2PmT7FGGtA1rFPAAMVR2luKhdu+xLqhN+OL10wYJ84mtiIoe1Jml5+fTkQObwfUipT8sIzWCbyT/0Oup7QAgrmIJyNQaIzNkz1BB0ENEpNbLrpuPis8FGNjW/NbtmjAAZ9KiQZyKD00BRLEjlb7P8jxXF+TddMUALziSE2PP6rZFZ27cfkxLlER2MfxuJDHdJ86Ta+pRbfVUc6Tb5L2TmaA65OPB9b4Z9Uxed9P1T6g3zJnvG4ldF/Yp5vlZGwEhm0I8tT8rNeEIfaLtajuWKhObLRrTEt1Kvl3iX6RF/2GtOcdua/F1i5gcJp1lbpdUEPL0Q4g6B+TLDhzXUAYej+Z0UjfYZMiG+TEaDgAxG2N9SjqknUrX8I2fvO4tgH+UAb2pqEOwEN1BxiELZA5aOJN8/QOwWzsssd9n4CB1ZZyC2JqDzN+QL9UtLAgLdOmwWY4wm3ItxtrrvA==]]></Encrypt>
</xml>


2018-01-05 14:19:08 debug :
------------
String:
account-ticket<xml>
    <AppId><![CDATA[wx7f83e93205d2fd31]]></AppId>
    <Encrypt><![CDATA[4SwH4VHmZQCUGfOH4It7DW54Qw78k7CahMkkYcsT+aACdk6dd+pnaJGIFPQ+xJkmYG9GyoxD/egYHFx6pX6I/MBzmS1LEyHQTwM+zicxaykKylQWd0LVRwrY6WRJb1X8VpmDxI8fZ0tvalhnJGYCnYTy3H4ILjttrdxWIXqnr5vWRSHYV1mA4qLf71aiAb3I35BrNLmaqIAHLKZwkMvL/SfUkx+5WiCxOjY5c9kEb63dfumoeQ2qYTIa753QP77pBkPy/A1esdZUXbadkaOIxw4g4R2EHob+zURvyu/DscnWyntiy+TwApYUs5eQN5Uqy15HZ35CIkQRwazNbPWGXSUo2a9uB6sNcVpAkp0JZI9UBtbwAccTviow2FRv5tR37XtKDWQRmbUbyUVg5hxfLW3SlabI46noQSc8rHzagSGv/MUfGkWLSeGxYCphHjMHPBlS1aAWan0xoPnhRo14lw==]]></Encrypt>
</xml>


2018-01-05 14:29:06 debug :
------------
String:
account-ticket<xml>
    <AppId><![CDATA[wx7f83e93205d2fd31]]></AppId>
    <Encrypt><![CDATA[fUvjs/fd1f0SyMuaSxlAHWFjLnyvJHzIEcbrprOxodfFyWq7wN2X4i8D7n6wvduD2hBBx8wFvGwjkdq7rfyBUfZH26MkMSW1abn0f1OUR0PMhtHyqcBI3VArbMmGsQkNZH1H+sf977jf8VUl7iKSfMZXX+WESh9oOjK2or1bc55NK8lWUpLoPNymSwe76FnUqv3fyAViSBHgsf9maZTacFn2ScE7FQmNDi57Y+vepv99Y6Qmc7o1/whn3iHjlE54Nk6gtRvJQytavE8pffCbVgYxmVOfH/XINZbqava5/YQQFIurZzSwnY343igBzS59BvLCvmR8A6gfFuJWck702KaOoNECKZMmpyieWxEQ3cGgdguxAd6JidR+vDzO0R0lYbDRd7KqI2Rv0q4LcVyq3LIxt6E5Gq+EKsuN1VgpnmdjOg5I/0dFnDLy19b3cF7/Z+IXePmHH61xwcJvhTlmCQ==]]></Encrypt>
</xml>


2018-01-05 14:39:17 debug :
------------
String:
account-ticket<xml>
    <AppId><![CDATA[wx7f83e93205d2fd31]]></AppId>
    <Encrypt><![CDATA[SqCzMJ0kuYRvca/0x6O7YvQs/aZi9FtJDgMDMeFAyRPHB7TTP+AbKMGZsCW38cte0hD4mrnv4lnqQ65CIoCFvEd6aaskWGgFWt7LMYSgwehL8NfY1RSkCFVqJEug7CZtT/KTGffkWrGmb1yB7AsBamUvWK1Z8QCmHoQtrZn4TaL+bRkyeQw6nF15UTENW3bIE+ZhnLfqQzVBcBeioNs1/s+gXL/zRHygGDtNC7rlZXFnOmlvLUBm43vJa10hTomb8wFRLWVluoGaRppDqnPwMz0JXEFKyaxQHJnkLlu83mWDdZB9Rqm03o1zXSVWEdy8uBW9+b5z+j12NOPXEoEaNBGV7R9/PSwvEhpldyBm8sHty1bs83AQ/GpMhY/V+upX7cdWh9SOzxBmEiXLmw42oWeTH1jpnOVaHAHZdHvCBcnpVxeHAFA/ZAUVKbYaAeqhcBejJE9d6KhmTnjZssbsXg==]]></Encrypt>
</xml>


2018-01-05 14:49:09 debug :
------------
String:
account-ticket<xml>
    <AppId><![CDATA[wx7f83e93205d2fd31]]></AppId>
    <Encrypt><![CDATA[NcwTKbxq37I41Bs1u+BWX1XyHOr2wST4Wbi44iZCpqI6AP2pDPqbCgYiKGJcHmtBtAmgW2b87VCic0s+68YI1JdB/+FJEwyTzrljPAnpr4XVS7WnJUWuI/044DsT3nrTZY/+olmQQXZ4OD53m6+UqAOig9RHVZ+D25im0DjonRsMr5ARd2bz+M/UXiNKnckhUct0DIEJm6HAgaWaB8WhcdBuub+mbXbnJ/2C6Vxe7inS/xvusPgYmUvAWwysz5veUHrkN1Cn/qB5YpVFmCbCMyZyVANLgOTvg9eZ/sDzpO1SFTHKZk9cOkRIG4OERg0JaizlcW3svKk4KVV4I5GHebTZSYeGp6siSChdG9LwmsS2e4NNTNpqVbOjmA5kBRFDnDbmUQCQIpNtrTI+838CCbYZpJHNEoqU/FJg9OHBPTXQd6yAGn7cU4MT8vj4QgodPFJBcw3o8zctS/dRiXpuyw==]]></Encrypt>
</xml>


2018-01-05 14:59:04 debug :
------------
String:
account-ticket<xml>
    <AppId><![CDATA[wx7f83e93205d2fd31]]></AppId>
    <Encrypt><![CDATA[tEXCSvwFZ59RDThZfn9pbIdbnGDYhPti0QKDvdF0qevBdMsfDTjEVI1rSU+gw5K3gkQpPonz1qQTBK7yJQZvG4qGKw910czUtFT7rcg/1d2R45GaXDkfPa3gT0iwoUxpzMy/Zde80T8GZegnhie2uhFYOQPNlA9tzQVedBPZccLM5/2ttUn8+eImAAnR79wHRaa1zKAdb5P0Pu18snmw7AJKkHS7DxcJeSY+qqlAC77Jdf+yGljRMedpf2OP1OEHY2LdTGUPiuNlnPSJjv+1q7BtNPpYvTWnkvn4ZU+7J92xRdbgJYg+XOde7VLEtLByT6SXWlFKQOIOtEy822hYp+cmVFkUUGBLSKJU0o8iWUb6GX/GZsSgG4fMqCik+qLSL2zBf52FWGrL+mHclgoKfQmhuizk5t5gZ0AS2f5i4j5Mkr6Rv6Vr5mSLF9eiBCYaP1mwuTNanGn7i0YJ4ll1dA==]]></Encrypt>
</xml>


2018-01-05 15:09:28 debug :
------------
String:
account-ticket<xml>
    <AppId><![CDATA[wx7f83e93205d2fd31]]></AppId>
    <Encrypt><![CDATA[fnlPEWtOjLX/24DCP6Fafau3hfd1SvlUyEhEA4RqoF3/XTVUDQuTevupn8+W1TTa/FcGFsj1P4YUAJjQxuL82YOCb/8N86x9SBjHlmNvSBKgy8YNYFMRfXZIyZHGlNtw7T+Dt3ZbO3QYWVMF0Cs+jn8rsDTank46Sx5F4IL2fpADSHhS8524MP0W20LRR9OhTjOphhMPUtH7Ic1R04TPXewTxXRJcXNsbMXTGRHe0zCWBkcqFDZor+CvbW854uY2Fhwf+mW1AHjai/crz+aGSfah3CvgTm2TvObQ1CT54ol5vKr/PkdbSjcx03wZfvjh34y9kJNOV6GIuX5OR9mK327jJf2if84sSXiHnbXiJc0UwDoX47gu/Osvl6Ks0POn7ywQMAzlh4MKBO0L3hcykkCH69QYGuu1y9DXpZMTCQL+1hsecvB3PFZooipcW7zrNjdRIIvIMJ4HS0+PcSFNMg==]]></Encrypt>
</xml>


2018-01-05 15:19:28 debug :
------------
String:
account-ticket<xml>
    <AppId><![CDATA[wx7f83e93205d2fd31]]></AppId>
    <Encrypt><![CDATA[RjZ0MVacMb5GmN42dAWHQ1rU2VL9Q/j/TtbRlN+xAjpN6r/Ccty8S2hyQKtKRifL6eHo7fcfI35n0cC6AnJ/s3heN4WuM/afgx+2UFl/Ph7HyQjLsg3fHLcNBX2N71JS8/xJHbncmYy0zq3QX/tap1TwLIH9iynj9YlpkRMeP4V+GKwWawd4fWIYnF81RlqiFiUuw8wp3PUNtBdYj40ZfQffKSrc9IhJN+rNu3hbJ/PNvPK32i8Dax+xRrHsXHq8qq/FLLdzoE7uqx6DVXSjikc2Jq3iKQUVvrqrlvKXZxw2J+l1iYoa330I5vqczYhqFBNjQxc8377i+/HaQu0ZT3yp69U+YerFOlpDXhnKKrLTRpOgwOmCRze7Pyr4/blpGf5BVv9X7UaLI7L3x+pi1ffmoLV16BAxAg0Nm5HA29xhjOoYFlw68TLWYmXKFlnInNCuie0dELielNqPj8lPAg==]]></Encrypt>
</xml>


2018-01-05 15:29:19 debug :
------------
String:
account-ticket<xml>
    <AppId><![CDATA[wx7f83e93205d2fd31]]></AppId>
    <Encrypt><![CDATA[LLUPMG1ZaYfKGpdy0As66tuZRJMsUlXxu+2tI3+SVwjQGJ+eHEuAUaQrkbzyAK9KlByFtb33mS4A7geP7DbpBX2QyoWdEtiWGQqq5fvaZgpsb9DF44lb7AbZNxStvzajQ1XbeZNv7mR2rcJZ99ughI5cxzhEiT4TeWbJM3WVyXYRuaUVzeso9UMHebMmmrkBMrAVecvrTQNAR+pMusb/f/DfFej9alHP/oH2V/7uTKvBk7y21OgltDY2FoB1UY/QsGLsA++JUYRZXI6NqEUQN2vsNTCKM7wY68bO5gclsY80rqstIiNFIWOuDxn4KDzwUPQJWST2TGD7bF8qLMx+5WMx4x5b/7Ivr3DDsyRVv32ERUH494XIaL5Sd/4eknhHXIyIjNDJJHllj9gy24Vutfg3AMgEf5on4FNxPNpVeBHX4FME8L8rsFeBrBi7tWFxYwCY6UIq2ZrEjzvd0T01bA==]]></Encrypt>
</xml>


2018-01-05 15:39:26 debug :
------------
String:
account-ticket<xml>
    <AppId><![CDATA[wx7f83e93205d2fd31]]></AppId>
    <Encrypt><![CDATA[Q6nZC0NmCHl7dWaruZy30vHnHR+Q7RIqcOtF74d8OzfAyra8q6c4RSOXciFjiFLQZd8zl5JkaeX5ZhQ6/OQmMLTsSz9dHQKGlBKb2AWPrHCfCcnW4OaePWQY4FxVUM8x39ykmfQj3dKjkG/Qao9Slu7zCmDFuD2ByJcoULViYJVhIE3g4/GMbgQuBNexbcZHXmaSYTJtTR9e0gVF7g3s2iub+MKbgR2aJ+stnQCHOPYXKfCVwod1K7OalVQBf9Np22WRnirz5Kc6o+AVpJKLGI2L59AsVajMHVfJMMDehVX6/uXbl5qbOOxwWwYaVMaK3PRGdKalF8HbNjvj9HWimEwrpQQaMriGMySZrxb0Ygp1vmZz4svvTtfYOGFVQ0OOF4dLBeaTLu14Y1TjeyZqIrgnbI9dCMUyWoaIlqSG+uwrnvtw0yhR+79h1cYKYycfFd1dFZv97PzE6UsaPjnHkA==]]></Encrypt>
</xml>


2018-01-05 15:49:19 debug :
------------
String:
account-ticket<xml>
    <AppId><![CDATA[wx7f83e93205d2fd31]]></AppId>
    <Encrypt><![CDATA[bdiKk6ghz0Iasiye/IJBBZj4lRnRWyf4bCVGGNuBjbgBz3eR7p0noDkFZQqlInDc69MWoXp1Gs4mq8oVFgCU6HUCLga9xSgCuMSBZKgpgMSIhDZAaeV2QEwybiAeyPoai93/JG0h4m3kdXLqz2jD2jkZT6rEHnUIeB1rSA10Cqre4W0V/++8PnOZgEe3Kgd8W4/cD+3473HqpK5rVuEFBAFWhEvMwGUK5C0Zj2Gkfwmx390SJc17n5emI2jzuktRTvgWH2hKSmB3tJ/HUTkd/PiQFdASvGRcOR/1aRYXtI/cxI5mKz0n7XpQm/TVPSMAwj507PFHQC1wxm1LEY7tlOU7mORalEsp7RpwX+cuxu+SS0GW0rQFRtPyfA3d32Wp9IOjsUn5z31VW6edVXJd8g/rPX9Uvne3T3bA9jC2LYG2NwbFEdcBv68FoPro+KZDw26PH5NzXFPYzedy/y4UyA==]]></Encrypt>
</xml>


2018-01-05 15:59:21 debug :
------------
String:
account-ticket<xml>
    <AppId><![CDATA[wx7f83e93205d2fd31]]></AppId>
    <Encrypt><![CDATA[ibPo89s3Max/jPvwSFuBt0DNCUv4SnuprQABgkIbdQ+cysHUpre5I1IyZ7jVYTcey5BhFhi0hqXVSZQz668R69NqXC/B/3H8RRzWN+WZ1rvl9atNIc8O1HK4hWbHzjMsZrpU/4YF3wrBF7iuWCzzZZnMJqMAMWfK4iUldoU/bmfLW/gRQ7ko0UTUXtUEhwa6qG6oTZlMQaD79Nv6h6zkkxoeoyW+4G07lL8KzwmG63vz3VoHe/13tDbbq08qMuzgbt93iMbl+NH0qvhNvn7GLecG1jk7oB2Noe4FYic2y5xdwqkVCz+nU29dnuuqS5wldo00al/5VLAK02Y7JMiVUOXexXV0f8Et6Y8jUwO5XIB2Nhwd8Z/Dal3bLOBH2RORVPUOuOux68BI+m3g4ZNsdbaUw59v3/8JNOxZ67E70070NFMSBnVm/jHl8ZupYnueyPTPzccagrOL/mps25WwKA==]]></Encrypt>
</xml>


2018-01-05 16:09:32 debug :
------------
String:
account-ticket<xml>
    <AppId><![CDATA[wx7f83e93205d2fd31]]></AppId>
    <Encrypt><![CDATA[+leYSOZPWEKynjEU7ZNSisi4FM4nc06TmPs8DhH8m40LxgwZ8c/++9OxcD/uX5TqFlnTLUF+Xy5kD0bYH4qM9k0QLDIszaGkN79bb8qrg3zkeKxkk8DD4fCJgHvGPF5TRB+pt4iDC6IflJ6BMSfjgWHNNtpag8ClOEtEJ6ABEHJRxMJFURHhTDPFrpma0+oqgsuY2dwgqugVUVkyZit5+tye+rnNHekrM0cAmowOD0352SrRt4DD9lKNW6f5e8ZzQzbXtINeMMP3zGAe3tFxU4z3B8FhNVbdzVLg4cJC/lHvsY0DgmgIc6RegOHcnLQEoVLKg9kEjZ2AlnWqV+Zis472kVDzU9s1LPM20cBrG6hR6p4OrgbrOfVbDRUZ8zmfjXkIIkVSdJ1hMgMbsm2eP/Qz9ZFvVJi4LSyn8AtLQme0YwYrGfh5u/5ab4D+hYb3TKidZXJzpkrxojLhMgAM9Q==]]></Encrypt>
</xml>


2018-01-05 16:19:25 debug :
------------
String:
account-ticket<xml>
    <AppId><![CDATA[wx7f83e93205d2fd31]]></AppId>
    <Encrypt><![CDATA[r2NJYv6EMroPMaW+ozYE/Gm1NzTXQSNesA7CTuA2CP1JttAbB2sMvDQ1rwB2dJwJnM2HrrsMBmBBWwostRXYpIBstlmGI/BxEiH59teT1q/30puPDVj0exfIw1OvtNs2t9YKENZeEUJnuz+Y4RAO3dHbyu+njGt7uyNe1VmGPd3OKaGy/4mYXgP/wOJU7EaiEyU4cpEVUvpgvT+g3a+XzonFeqtGpbDRuS9+PYIJXOmIHd7NdOKBcgqC3ERIxI5u5c3sbLvuMcdzm0OOQOWhS1prqi9twhwDp0u28IRjrhfZlfN4L/8/dHDM/y8Auc3JpEgOmRZy+rgJ1fW2iAsy5S3f78M5r7pc/wbE3tgQ10h9VGM7Y+F/q30kA1Hvnm0buuvQBaJwBLcF9OC3HqrPn9O4uMLP/uSc3yfFCW1B/sOL3wpXG12AVcBmUcTgvtEL1r2L8yUK00aQVsYJbfz7FA==]]></Encrypt>
</xml>


2018-01-05 16:29:26 debug :
------------
String:
account-ticket<xml>
    <AppId><![CDATA[wx7f83e93205d2fd31]]></AppId>
    <Encrypt><![CDATA[jOGTq/cG85a+EaQxqhaSKApAxKEh3vGi4xClL1OUFXRB67af8mJHohFM2etMCdR/tedweEwSVPqxKJBtNbz67tOBynJAK6OnGgRf4hQUGrWzqDOS5Xzr7/mHopIc1K7xgKDhqNbB5Z59o34z36zcZWYMvcqCdJoDUgej+nULRdz5clduHtZfVGnp9elAiIv2HoOq1+a59ok1xs1JwEAoIiBx3uglTB8nkxseS7eG49LarL0JiRzf1/zBzU/EpsbxjwiOQ3C514UvotN7GaSlhtqmrIBdTnQTJSqOx6gnN7w54sgnSrJQHcNReVElrY0ChJLHnSn0Mh0mIijUOO4uxg2/ioQBn9YDSQ7Kty6zLkPgqTedU1mWuACRt4ulGvyRcLDQZjpPk851WT7OovjHj7VR3JNWkE3UZvnzN1V2wM9OMQ8YKilZH6RX7TBHG2fmlVtHhVDm2k1ttvvt+4a8sg==]]></Encrypt>
</xml>


2018-01-05 16:39:27 debug :
------------
String:
account-ticket<xml>
    <AppId><![CDATA[wx7f83e93205d2fd31]]></AppId>
    <Encrypt><![CDATA[zuFDeLJXOpb1NITtNjLc2Sm5w2/xHqZhPY5/ws0/hxeljRedj0QEacwXeBttb9HZnZmqkl2CsZumQViuZdeh1aCyIbjDc26yckhxsaeqpiZHJh/jzxPYSYR1JleDjqgMClQXt7jhvxdxTVW1dFj8W3+3Plz1ThhTbc2HX032t7gp47F6A4v6rFgv8FtMq3sn8/DuczVJZ1EL9T6waJikd/xa3wjsaOLP/u2NUnY/sEk+H/3l25yJalIliP8FP/xfE+kbgAhQouatHzZw3ZZLc4Qt8JhcQvOPujv9Ws3fflLkABkMbdf3gqqIWTaUXuKlLFvIyZ5vZ2ZxQN5tJ36uXNFj/AVew9PpNznU6kV9FX1TcCeCe/PJQJQ/FZwsnO1vcXrfkn0ZSjQWPB70Slyuo5upWePaYkG5oop9n324Es9YTDe5RTM89W4bbzW2X9rNNBXU+4DdiYRaQ1TZrrx1+g==]]></Encrypt>
</xml>


2018-01-05 16:49:25 debug :
------------
String:
account-ticket<xml>
    <AppId><![CDATA[wx7f83e93205d2fd31]]></AppId>
    <Encrypt><![CDATA[d/1L46QUQ4l3frrYLCmVNFXV7RC9wqU5kNLdBomZGKJRwNXFqLEefFpxLD71bjQc8bHlvxlT9a3N6bIh0VsQMAZfWZQWqowkKvNOFbESyXyrxWb42Y+bHptZlNZdkZAa7G/s4wrfcwiwrHDiQyBnBHXi/Y7Pfrd/qLUNTyQcnslud8NObzOJoCWPbo2iiWICiVcDPmNMupojW/cbIGwF4nwyXJCufSQPV8B+hxoeIYoJLQqpGhQ4zcMGuOhblLzxWZunBrqgFl5gZQuBadLouKlcNiiY1JXC9QDGXmhLmLuzz0WcGl9qD4iqg+9n5iercPNMPhDOfnrqn1Ipy3yGPS5if/hs3Z2TFG0snlYXdrqGZMVoDONEUyeIQ5uKPtt43P31fQqH/rFyyWYnMrD+KpAghaxC8vMtFgMvZS4sJ5HlqM0MR8UPyK/i813GudsnRhTJSRIDP7SkD9SFAVol1Q==]]></Encrypt>
</xml>


2018-01-05 16:59:36 debug :
------------
String:
account-ticket<xml>
    <AppId><![CDATA[wx7f83e93205d2fd31]]></AppId>
    <Encrypt><![CDATA[WBSoV6XnLs6MrPuiQ+1Rhnhfc+1A5GGIOBOpIpCcnd9OhOyAVp7PS5pdRAZjV0NlenXSmejX+6nT7+2SC59a9W2Oq0HaT4ba75hOO/AXGkAGQRYW+p1Z8CAbgCuKUnzV53xqWHwZrQNelwnKsB6OBgCbBrRWN917YbFQ6JQ2gDzSQzwjtcB6xvEjKOR58CY8mXVhXEuOj036Z5hWzcvlQLgkWU2Y3TTm5CCTwiImXtiDPKj1vFtCvL600cGkoTUxWiFnEtuB/LxIutcjscBXPBhgGHe0B06ss5hdzKxA9/doggFe+D0bpp+4kZcksbgpvtpHcWc8fzDzMeKLs1rjcr4oxOljsQZEqmXV4wkcEH2Pz1absZqOcOAbiaNLGCcudN3ntY6NRHzTrFKb5CxspSkVm9dZOUc9G+nwC40kDJDlm6k+K+FCORChWFyba9M0xMV1UO88FzYacIfAnqzJKQ==]]></Encrypt>
</xml>


2018-01-05 17:09:50 debug :
------------
String:
account-ticket<xml>
    <AppId><![CDATA[wx7f83e93205d2fd31]]></AppId>
    <Encrypt><![CDATA[oVbeY4J8RAptYc5Nomg/rcqtg6ba8anxhRmmIjNw5Vt2r9dooJBjaaxMdMZSqKhmPSkS5wkTBG3aWmbxtnj75EGq5P7E1FrOvYHbkB5+chdA0z+THnPIiTefq0bOqHh3PJi4IAFHSGEGv9xd4q76VPR6OWQ3KDWTRdIuN9vy892QtR+afbMCWqemaiBADL2BKF4nhAgw2OkeDi7kZhNYNfwKxRZbjYtsZA2LiIG6j47esFMvgaTvN8Ennf4myrjXP1aGLNEE0dNjxkhljA7zmi9rNj0PAP+7QiUYJbLd5+psITXn59O37xRp1qeoFhsoq6Q96VG0S2Dc+7noGra+9w0DvmYQF9f5YJ3jIKYChF98YpiwSKoi+hKGx/cbS0yvqMiGAZoEcHTA15wakreFqaNzdmiZCHd0XicVNUp/EJOd0GeUUEq1gQt52UtQ+kWj72qnuZQ6UfN4CGgvdNs3qg==]]></Encrypt>
</xml>


2018-01-05 17:19:50 debug :
------------
String:
account-ticket<xml>
    <AppId><![CDATA[wx7f83e93205d2fd31]]></AppId>
    <Encrypt><![CDATA[18RWkTcMmBSEjYTVqyxto844eK6TsA5C+cFIsfwRII4GaXdBf9DtH9e5cCRXBdBCocWbMikrES853J+nqqcx9je7xyALTpWUlL5ize67WBUlk8D4hE1l3/W4lR81w6J+OMGwrkpTD0F8W2MDvvjqzwuVdqT3KgelycKzn3/yNSSUVNGFPwFxdB4R5YjAbRleQLu2/NrS60XEiseMl93Hsx6rfFToX4A7e76OPFS4Qg18lysADGN61dcmCtzhyjWtO25H3ixFv4gH/rfXs6rwD0hMCfRM0AByJm5cJL8yODo8X/WXIONFZpW9H+5qtwOjmqZSsahlERORMq5pKac4/RHjQi6FwYRLiz+JymP7AYQxsjb+lsuX9sCayDd+4YQ0yA01CL5WmXhzn/2S7bS3wZdBSZzd8Jl+0coX1/alJPJMp0O81XCMb1Oqie842+O58hjg15oFkYFTxSDKKBwV9Q==]]></Encrypt>
</xml>


2018-01-05 17:29:29 debug :
------------
String:
account-ticket<xml>
    <AppId><![CDATA[wx7f83e93205d2fd31]]></AppId>
    <Encrypt><![CDATA[W26kcGdEXCHdcC039D55G+VRdayBNu0XzxWK+fQv1GOirFlqdmTKkjI8+kvzBoe4LjqQdmoQzVXIiD8/XRRLiPHMIngGSlk4lpc6ZS7mDcqlTiZ7drFg5SwjC9TwXJceGqpDnT6SkFy3+UtL39v1EfYZvavPT1Wtp5yT7wE/8C9VGsSFoypI5lHpvpzaYGOh1/gNrdcUKVU8/9xBebccmziihhEBY8X5fticB35C9OT1AJwWzHzN7MDbM7cyEEs9wlr02z9AdmJEXb6z9enVoQhXqANxaIYNixzzR18Cmw1JHjTD4Qqneas6Qmsf7JKywx2hEqPbzJWlVwJs/8L98bn2VeMsjkMOsQcAfshw2m/bA/ZgsgrHvgb4ja3SMoe+HTEKzPHQX0mfu4EOwFK8r3Qc15kBavjwhl+32n4ujUT8pwHPXMFafdXtYJuvEuQQdUmamCOngmKJU4X5PwQb0w==]]></Encrypt>
</xml>


2018-01-05 17:39:47 debug :
------------
String:
account-ticket<xml>
    <AppId><![CDATA[wx7f83e93205d2fd31]]></AppId>
    <Encrypt><![CDATA[dzX8H5qmwzRW8kzSK3Qf/5X0C/JuNvBI5NNHq7JT7Quh5la5/6JyS3Vm2XXOcP1uzt6Pz7wFOdp4IfCZv7zjhHmbJQHb4wSTSFV9duERwSPRx6qV+Q4PrpXuGGvO5Y9Zzr13JoibOjKfZ5Q/MdgyVvmrZWHCqglDk8bwuhJBYavo1w1rFYpPLzsLnCqamaQHaFAo9OSqKvrfzpd4xbOLt9rmKardPPjTaMSbX8uod0gS3JNhuVd9cOlVO3PiFDsMwRtesXtBWSBAKW3bnOA/WzfR4gkDMx+VejBd3Jna+3KFu71M2U1YyofZYttTCOeG1RrXPCsJuHGo00/+7PPX378t1l0yRW0YpZT9b5iND1JQqtATJZTdxC2XDvgmPWV0d3hXG66KMbrTgDLm1Xd4gHqdEvDKgHdXn24Qh1B5uNdphst6bbaSWgqE4l6YBIijdR9hXpi/gqfXVwTcVXqF8A==]]></Encrypt>
</xml>


2018-01-05 17:49:43 debug :
------------
String:
account-ticket<xml>
    <AppId><![CDATA[wx7f83e93205d2fd31]]></AppId>
    <Encrypt><![CDATA[ZDGXaHcN52FqYQSFuzQC/bo3IfI8nmJV/6BJAh9qwxC5sBZMHvrj41jPq4XtDIN42aDHKZemfeI2qZSyMWKFwzGM9D67wT4vKg6m4oHFDAtM3oRuyFIdnATAIZuTM4jO8ejU2ApC0ow+6zDrjn8MPl7jXsEVI3ATOOeHNRnMxqQRvKzVW+m/nRj/Srk1b07EOQR5gYTwl/YGzLcRsdPWA0xGBZkpOCpzeDFjwXFhwZ6Xt5+IcWvSxIEDBoAD507cN3mMILa1y7d2J8+IgrrDq3VuMEb11g0wNsMMv2T7qNwtLnGSbYiAJmiHQyegeYvD1MEuAN0Kk1w1GEqZVCgNUp8aWkOQvONUUJ1heSFJDi3hVwU7As/WGZpejZUuP1JFpJGoGg3TZQeD57JGX7PhTaMx3pQiVvFOGTKxF0uYcqSMBNEoKdcHzQmvMm7l8DsIgrZEGpMQBEmXHP5K2NJn6A==]]></Encrypt>
</xml>


2018-01-05 17:59:34 debug :
------------
String:
account-ticket<xml>
    <AppId><![CDATA[wx7f83e93205d2fd31]]></AppId>
    <Encrypt><![CDATA[eSxFmKM9ynEibR9unSjokBFwNnzX0cUsZuelmu0qdCzZWmXZICTD2liA87/V5l88UztxAIxLFI5hwh9AwryEUohe5msJj2LioOq0uWnHMJ4mW4tCvn2jBKe6kz0CWBJhvGWN77l38bhhq0Ag/VRwLU6RVAdkSOs41/dIT9jsATdnLouAHhIZYIPSWW8eIMGD0AknlAk2jrmTYGqOQN8+HHbNke4il1UYpSCPVXE8idE1+1nWjpP0Tihv1NdwfIMNBE94+z6Mjobv0nxjv0/R//mQuWEf/3TJGTZhSiRQ5sw2XeQbrYrjLGNY4m0LRQawoWqkvipRFm/lPjogovJE4vW5CvTTmzCDdNpsoA+jkr+yznCTJ92YSM2Oavo3Bod1zXjs3+BsopXqL8zAOqT/WfsbKCGZbn9NveG7zfmm/tCL2ieiFdhnNhCqiQc2ueTFPc2UDiQSdC6QlJHTF2ALtw==]]></Encrypt>
</xml>


2018-01-05 18:09:54 debug :
------------
String:
account-ticket<xml>
    <AppId><![CDATA[wx7f83e93205d2fd31]]></AppId>
    <Encrypt><![CDATA[gvCUqCTu1E5mxBq9RqO+ZuDnidoWp8qYMwu4sr6iFg2iSOcnkOdrnHG/4fIbOI19wsWiIORXtFls85kZYA8ONu/GbnbT6MNpr9LFoqFgzJ6E/DYrV39R0+ItZNZTKCkbWA+Q8LrEDaIZPsOSPZYE+x9fwo1DqE0o+FTBqnSt0CsklUSMGE28wOC/8YM4FnfWwPDByXZFbrMM4IykE3EZszNJ8COMYoNmpxCPpOjCQ1d5s20e4zoYiHw4mEMK1wXRcSnJm8xqliPIq85aG88FFtQEvI4JWpEohM0I9/rgp2dJ7GBXzGfbYUamlI5LJ3T6+6DYvvnEcfVXcSrn/IRsvNls3LDHr1dAKzMaww8hXcapMlvi/TqD6r6gYuvZAID9ysh9hE6CTX9nqtLir3gQhAIHCjxw5MkjMqKXq740lKZ96SMNgiOtfWsecESYRGnsjIpZOgOlRuNmmcU4YFd+2Q==]]></Encrypt>
</xml>


2018-01-05 18:21:42 debug :
------------
String:
account-ticket<xml>
    <AppId><![CDATA[wx7f83e93205d2fd31]]></AppId>
    <Encrypt><![CDATA[9oPkDRhGsoUfmLrCf5QDhoabTuGUpXgvwI0sI6U9DHFaBQi8+uOEgxNSZlAebB+zovD4F1opY/OaBgbjUhJLFhDW2n9U3Lhq66r+/H4nasJpXPz7Fjw2Q/moYKAB4HSLudgSsDSavwVtO9xOYAhPHYoAjsNolaGHN7vK0QZXpT804kUWj+x4ychaVbWqFnUjgzR2ZXKyb0AhDxD5iSc1+j/7oA/SnIpz5tloEsYcDhyHjuAE9b32fNLy3bPQ+Y63Wyz8K34afMPfmIQrb/1owfSXziZ6+50INrb7gBGFH1UjeqvqZPWR6jZFiBq2lcj7JT9emQEcDVH+TXeRy72xjV8mfDvDrpLrM7fgpJdhwb4f3ppJPPBhF1kjYo8d1sXj2B6ce6E9j30dUcAfvWZflFi+bShlNz8A84Tv6KyggcMMnu8ru7MKCCjZgtSjpvP0HzCgqc4N5frMV/1lDXoaaw==]]></Encrypt>
</xml>


2018-01-05 18:29:41 debug :
------------
String:
account-ticket<xml>
    <AppId><![CDATA[wx7f83e93205d2fd31]]></AppId>
    <Encrypt><![CDATA[dUIO4uUMIPGBB4czurhcWDNThpD0qCfClZ4GmWP/WllR7+nFmSZhkby5XBInL6zMShy/vJOQi7RWTzifhNzLNV8iHWKEEa1MA3bMG+fdPeQa7tJ2FC4qUgbX87rAsCC4CziHPTWdSa1pAua04KpLEPDroClrf9I2SyjTyEgKf6nPzHtkUUpRuGXyvNGne4+s7rX4/YhSDz/kIKtoIPz7cYYhyt74UcSemyokzjefCCh3x8Qsm0z1u+gugOWnfWv91Wt6j7LHdHvGvPR0ACGzvFuRF7KKKkmge2Jauy9F4mkjpPLqYKRMCKnTwgGiyFYFcU59+t23doZ+/e+/WeU58KME7oBiFa2gIzHVMReAPTbIJt06E0wdUkRPO5J54geyEK2lOpXfEZsWCKPqzp0SeMfZldv+tgDdG4yx0lbsL05C1t3Rx9G6ZFjdFjASHyd+tCRMN/ciQMMScDGRYys+zQ==]]></Encrypt>
</xml>


2018-01-05 18:39:49 debug :
------------
String:
account-ticket<xml>
    <AppId><![CDATA[wx7f83e93205d2fd31]]></AppId>
    <Encrypt><![CDATA[n5gP/wHx5R3sBu0gWyWBAjRrNFCFhY5pcaYLZQfMUOHq8S3VPeBNAHujIm4pPNt4OY4Z24mm15d0A2F8Nt1OdYsmyQwoMIXCG8+0SpWppTWG9rL7cQrwNxL6rUjezyulFe8bzoECm2qs4vMceR8WQRrbA4a/LO8GCIl/cv/qLbMrgovn5wxHEpd30mjxJf1U4Ktp3PpJBYadWejwk6MaUisKz98uqYI77w0DTyWQ9KuXEGCfnBgjLEfwe2Wbx2eSkdGmiEBOExlNxsUYYRZf6dzkvmXtsNfhYP5yz5QmKuBQObpl/cnxhXHcqP/miMxHJt0KiWb8a1zIyhbv3HTajs/Ih/4fPyKwVbqKzosPHY09drdJtfnhBHQVFtmdqwtQT4BZtX/WCdOz0e9H46WWWUbsLoij5mhdKW4k9ZU7s0wUF1fofHfp2W0fa91Vss0u8iapuRusO+yMcx8PrMCbpg==]]></Encrypt>
</xml>


2018-01-05 18:51:36 debug :
------------
String:
account-ticket<xml>
    <AppId><![CDATA[wx7f83e93205d2fd31]]></AppId>
    <Encrypt><![CDATA[yJSd/Klv0POZRYtYT7s1hA35PXUkS8MttU6R3coAwgklLQxSrdEyLMsgW1JZGrKi5dEn6fLe5emWSPCwsXycLl5v9mTnXDhtscTWizZ2Pa7S+IsN14SJrzyqkB8QdGEhTJrc9yjpt6sPMU08kxNiUO6WhdIP4Booo0tSbSq0SD6MSoeVNJb0Oc+ciW3Zki56tqUX5fTLVDzlPwpuCu3mHsY1d3DD2XiiudYNJruSLla5bI7LNamapk7kVeuPWUrq7ii4WI9giO7MVa7j3sLSfVN1fwCl15vXzjHBX0AT/N1F0F2TUYf6BOagQ4SijgC+VSlpcZ7YosQNG+Gm56ejc9oV3WxcXMmK0jNPWmmHmfdXkvWHY+/9ufEygn77fq00V13fSep75o2GTy0RldGQJElXSHSl+9UOA/2TuLseKk6t11c103Hqy1E6HnWEeDFxPz0fXKrb4vdx766fJDEKcg==]]></Encrypt>
</xml>


2018-01-05 18:59:33 debug :
------------
String:
account-ticket<xml>
    <AppId><![CDATA[wx7f83e93205d2fd31]]></AppId>
    <Encrypt><![CDATA[hbpmm1qIqop6e/zC+yoQZuv1vRWsX4UyIT2OQBo1YKsg0LiRuFQPRgxfsmJFXSG5gxoAprNtocDuyeuWQp0OTqvR69PSuOQJn1Ag25TDlKsm0ikkIaKc4kskQqyD3/+XpxXbAUoRHb/dfPiKsj5rjhe70LbvuyXHYNxfTqK0U6St+l/hYPWFfX61USDgA/iSny7086hBL7nJ5nX/ALUYbA6MR/U4aI8pCbA4zXunicp7kOB79RC3u8aOElnH783x3Ao1cv52MAdLBih4RnFW8YRUDhj5QLBG0w26Y/yPz7bVYZ5UMPDhDmJLTO+nCtiodgbI+I43oglbpib1IeH5bZQf1hrQpcIXsslMGXkgbmmyFeIaIE5YvncDMR4mgjtk9wtoGPvOi7TV0m+Mds2VeICG1PqgHeNdLUdyJb+OwiKikNGDg4jmMMT58vlQg6R8Hu8PabiVcHSDNTOTRie6jg==]]></Encrypt>
</xml>


2018-01-05 19:09:59 debug :
------------
String:
account-ticket<xml>
    <AppId><![CDATA[wx7f83e93205d2fd31]]></AppId>
    <Encrypt><![CDATA[MoTC1UwjcaUQuL5JwcgeseyniBSp31oOyBPJOnKj3bJ/7Rzcw6be20AJBOT5kh/kOJgm72Yzo44O3tKbs4hfcDpbdmAXp47OnIqv4yU45rYZ3HlhRbJcl9gII7gIKs4oCiPrmz1WW0B7fROoTL8gI8i7y0O9u5tvBg0zMHzUS4+rbg01IiICtVZLDHPdr5WSZQ9txG9fvGT/MMvmcgzrjqAX5OQRaijtwaOY90oKzSZUlLaZ6ZdomjiGP3Gizl7/S2N9s1ALsXNPmQGhsgElZKeL+jnPrH6NOKtIq6S4ixJUYnwII5mp8VmRV0S5Ycn9hMUxFt2ivrgthbMzVktrRaYbzmIFZmdHoRj9e+1E2aayzN6w754WbAFa5NjyV9rjSy89lxn7X9wISqx3IeSWloyPtZDYOSOzVrQIGOGawFpWaw4zPoHMWyWtNjxsl0fhlLM6OeXNEBM55SRIWUNYfg==]]></Encrypt>
</xml>


2018-01-05 19:21:43 debug :
------------
String:
account-ticket<xml>
    <AppId><![CDATA[wx7f83e93205d2fd31]]></AppId>
    <Encrypt><![CDATA[phoZ5a9DH9SWKVfK1dgAPH2K2hb6WeVNaiWShIg/+mNVdGzbhah3qGF8LBSZYk7KEnWvb5vqikH/yIqrMRe0hTAvgVBCaS/ATna0uh5bJ+m9g1GHYbt0q4knA4Hf5sZptsCBqmoG53YR8Bg2kH3hRzwXJMCrg4VrNjrTwKcuTFOXT2U8SUmY194AsciwGnOeqBlUMKyixDepDBjYi7i2KPqoFEG4lhZIklR7vOnmgeV6ClFCr/6FuohejlbqJtkjpzXA65wQ26rnXtF/odp4iNTS/j/gRjNKnBq5k6xTUWJh9GnB6QMSz5vdNQr8HpTmzOivgDSdbG0SlgMLLfis+9Bxpn8blPwISYHcKPcgUbxaqo408c9mPszCrT3P46DxwGEN3097HRUwRzQH9FqESPfT4jy9lqeMrxam8Cpl2si7/ItjEscPUAugP3s7ahBoIfUGv6Z8Ds7lZp0sdXnemQ==]]></Encrypt>
</xml>


2018-01-05 19:29:50 debug :
------------
String:
account-ticket<xml>
    <AppId><![CDATA[wx7f83e93205d2fd31]]></AppId>
    <Encrypt><![CDATA[fthSTOubfNZZCqTSvFvHxcfzHIKGdVgs6JuT+42HlLWxYrz0Veh25fk8ygoNUnha21BSKSS2ZWiRcwhXQYqG99sVxQXgFkOHGgel3Y0f5fWrKV9xq4B2l78Hp0xKbQg/mR8M0j++/wg2W8c38KHHh2V2V73ZAIZKJyEDzL3p3Snt+d9TV9mkY6KHjZRkLCJ8QMOBtwqheQqI5qdba9H785jkw9f7NNiXeHKuZ+hKV4h4xfxNUfsjDXcxZCddgJy/Cm5sBMmbzDHi2FVec3fNj+lnyJuQ9fJH9gY1m2bsS/G+Ue0LEIxkI568bcWl8BvkM8iqKvqgX7DaV0I3sCFBjL7vCVMIURWPZCPDSr/KZu0BkE9YIoXd27eGZf3grD0yHaESxP4sK4EFecBCpZ5acklO51hvkYkdXbrUK/TrdUeuM6HzTqyzGZu5FGT9ccAba6keEDduq/NclA5tHAThgw==]]></Encrypt>
</xml>


2018-01-05 19:41:40 debug :
------------
String:
account-ticket<xml>
    <AppId><![CDATA[wx7f83e93205d2fd31]]></AppId>
    <Encrypt><![CDATA[YpDVDCeexX+z1c4/o1nEkHFfxB84a7RquUtwldxdoTWXfBqh7AdgeiEFdRYUeBC5YgjxNt0xGAwzwiHUZghA3Bs0i1uG3WHtfn5xnFXBCg/+1BCQUhjvOV36EFU9SzvBbmHFpwUfvpstCX+eJoyto39W9K7+TH8s6GcO3FiGq+PrdHPcts6gIr7QjrAcBCfOvqAlzWk4W+ir+sLHa2D6YaXKBMBQq5hsT4aDFPh8JxcyVh8kAE7txeW5lG7Ibseun8pCoeA9NkTprlTL24R/ytU4Cgfn2fM7PPlIYjGHqxk6laELg5mRuFD2eweQ9OcOd8PzkM9yexJUMqK0hQGYhf3mxv/2awmI0gKKEFpJEjuDG3kLqCE6WlB81JedXN1+/3k89288ZWr6xQjUnZvsLTAb6Ouh4K6TbeiR7jHPYtTrjZlukuEqNwzHvzGItgHDA77AD322PmT82WGyy2Brlg==]]></Encrypt>
</xml>


2018-01-05 19:49:46 debug :
------------
String:
account-ticket<xml>
    <AppId><![CDATA[wx7f83e93205d2fd31]]></AppId>
    <Encrypt><![CDATA[6d6+JbrC6EtYidiOX6zOUy2m1Anhx/jYJfHjgx0vhBSkgmBqqDZeNUJN4Y5uhfrb0fl2O9rB3pWTXj2anaekUyta5lP63NGL2wlFZeTFD7qoJ/vEfIPppeMzsNIoRXxf/G4CMGREWAS5Dl00XFbtiVXrQ6l/XloVKamVHP9EUJM02njHSuuZj7afDjXZy/nyHo4RtVX4KfKZ70Lvw6WLPOU8ZeRGl4bPU1dURezSRvpjKQwKC5w1+jmwP9VjnIiNvG61dEJIyiNDOvap6sSuamabPA9T7gyG1fnZ4+OcQ/1XO2s5f9adXQRRVl9Gyj8m3MlnZyJN3eid1WH2CKqXWYz6wxcmXff02QvWjnm1VV4fyWGaEXxzoI6jT1EuCuhDW8YROG54qGTH9/QXXI8370aKEccfBJj6leSB+CW3xS1/442oqwMNoZd51cRSqz98g7/WAOgiPlWKZ9uvGxDHzA==]]></Encrypt>
</xml>


2018-01-05 20:01:44 debug :
------------
String:
account-ticket<xml>
    <AppId><![CDATA[wx7f83e93205d2fd31]]></AppId>
    <Encrypt><![CDATA[/zcgr34BiGYg/TEqCOYb79hMRPcuXZd31Y6YBtqQHsmnImdF65PaivfZfESSuI22T6luCkIvyHvaP1bA0VHNxZMbi8HD6k7zWGlrFrPNBVa5SyvWWHh3wOwWPHFJxyz5vf4H8rw824lgmOAoh0+eiGv1/TOW3AHhkBqOcy/Fir8FYMDgtsQ+7JYinhYYKqU/1+CjWc7kKZivqLrZ9zkuYa2f0N64rdExWohgklTXLc/HStZI8SP8KZ139sQ/nWQ8Lz9OyyRFooCwivqP9Ypv9gWeoaCchku2YLOc4omIII/YwkyYp1qA+sxlE891nqZflfTy0H3C2Fj8PmpY4jbAvjSaX6JPPwdOuZyf7AP5xNXXSnFf+AcruFMyWcedR7RHOJkmdUUbmSwKSY1KWiha9aQD2hF9DkBw9c4YNL7FocsLAAC8vXGIaV9qF+QIVvGkDQDCOo71p4HH1Ugi6TxPNw==]]></Encrypt>
</xml>


2018-01-05 20:10:03 debug :
------------
String:
account-ticket<xml>
    <AppId><![CDATA[wx7f83e93205d2fd31]]></AppId>
    <Encrypt><![CDATA[/ba5WSB33QTY0ANHXvS4nmLMrMoMsohI/g+VIT8WAcvYoHeZxDTruBwX+bJ+333CUAclzRkkZSZJETmdYXbhIs3j7UnlOhw+uCm6gXF16F4xr7L/jiIeHOsAiJqD+/bBxP4J3F/BkCVtlnsESJ42aVsSj/jopOKj5ShSb6tYd/1Xx5jvChcG7mGLTLQ0EkVsqVGWUrWW7NmDXk4Aw+ozclcTCldn/nj7g8IFR81E2rk9FATpkxxvSpuA3GFeG5bYCSFsNX4YZWKD0huWdDWrf3dWlr0GmiL1M1CPwjZqkiAJNggJaa5t83qYlj/crlT8/nAoxNHeP56VRA3vAZwyRikHps6Z3mQfiWJ+9rUWV88STQXGuD4RuYarEjbkd6dclF1ABL3HhDQfBhOvlqQFUC2XUYGbgvvnZJustmdStbhB0LfCjZHOmgRQDnxYVLy9CCyXDI3NgEZd0g8vlELUng==]]></Encrypt>
</xml>


2018-01-05 20:21:45 debug :
------------
String:
account-ticket<xml>
    <AppId><![CDATA[wx7f83e93205d2fd31]]></AppId>
    <Encrypt><![CDATA[BUSJN7jxjHjgQ/lBDRhqFVNXLXXdwHNLQBnNQFXOlU6r9piCFcVO9kNQdMc2XQc9nVDYLU1VA/2NxOV5xBajwgdKPcRLjl06pR1WNBTXqeVJHF+JDGj1yCc8zGvu9wQrMIFW9kBnl0MbdK1FQKQKybeYOPSM5iMJsEYibWqU9/fT+dNn0RIDJlGG63GsZUT5Nc+HjbvoWZRUd73sHP1idji/LDdIffdRB1g6lKZsPeUPC1FVZ9aY8VH3ophQyCnQMIAjSa1Hr42DjJd4l3iLsZ+QL3Y/UyCdhTuODvJZS229mh7+o1bqEH7FknC6On94trTKbiFVwnyNv0Q2g8v4FExhlPUG115xdvU+cozLhs9EIB21Cmvv+vwLJ2Zh07f+3vWIUzXakVazjWnmjKztQaUAsgIGxFjRFLToz/FvKiRm3qnbMYeLp/m/xssoDChfQnbZAWO7sazFw+CfYHILYA==]]></Encrypt>
</xml>


2018-01-05 20:29:47 debug :
------------
String:
account-ticket<xml>
    <AppId><![CDATA[wx7f83e93205d2fd31]]></AppId>
    <Encrypt><![CDATA[tmANuw7vlxTDjM7lU4DJwYdsqDLXQuPvkWkhOXO+Kon2KObVfkdNaZej2f2uF6Cqa2Xzxe7lfHdY0gYi6vuw3Bi1oI4C2mfNZouxUGjq0qFSvoXCgxaQIEiCKrc9f7EBJNGKBACS2Eph7+RKi569Hqo27sU7fCbmJJl9XrSfvLjG9zq1XqPzDyZ2MYKw+8Cw0hB7ItbNkFGFklO38po+QeaV+u47mSeE1+s+H9PPBT4MDUBOWU62ebT2ezjB+Z50WvevZjP4c25bTwUixh0lRdC0HTFcfVA6EMdl1+5Y3KTaEFxhjOZ9kb+cTEcD/6YsBZYdegepTbB6AtynMYUkTSaRyXAxsbP3EeEZwgp08tpPZcPJSdjun5T00hPbeemK/GQkHmuSE7wO65Qf/ny0nQszWv+YPhrMomm1TlqbdxdZxvSoxxxBu8Ju0A5+AWhSYZydfXkviuQf9fjw5Ywr7Q==]]></Encrypt>
</xml>


2018-01-05 20:39:46 debug :
------------
String:
account-ticket<xml>
    <AppId><![CDATA[wx7f83e93205d2fd31]]></AppId>
    <Encrypt><![CDATA[cFA4jw/l5gE9qmgR5tzEswCegFEDsmMI5JH2TfM78eVxYMkcmIH2py7H7tuE5a82ka/DHduK0mJNzZzM2mDnSirt4zxM2FrNzMW8+Q3y7fVa20f5kAepBBcdGseE3LPEVXsrZ/PgtuWsPuaYwAU7v7vOuRaUZVzbgJTWbzclRDTRMK1Oj1MA/aAoq54I5O58MotS7X3J+cgDMaxlz8gR+c516DHUfhIMl6h2gtfRfzYQ950XxAKFvrmrjIg5BpQrHyzQfgGDaB7WpUY1rjcp9g2MmJKn/fKOOs6eL+Z08pdY4Q/FRb6GB9ZMq2NaqC0aECZbl37VEhAmYBACNNSzWfCF20JTDVjqnBFMtsMpb01U7ttLFzeSAOkcekWLmJRD0EFQzR51uShtmLQ40EopOgczpyfNQn1R23eewOd9zeY4QvuMZOVYBMDZzaS+5BmJ03bZzpAF19VR6lAbNGEmjg==]]></Encrypt>
</xml>


2018-01-05 20:49:38 debug :
------------
String:
account-ticket<xml>
    <AppId><![CDATA[wx7f83e93205d2fd31]]></AppId>
    <Encrypt><![CDATA[Sf8Y4IbrpqEawcDRW5PuqSxkmDiOXhYlO34RSzo7li0y6L7movYins1+dtUEB/6mTHX+tZyMgxhJIS4H+bzai/sSBTHsBNDkNDqC7lij4U3Prom3oI28z4pjBEaB9vthxdsBTG4pYxP9eOfkaBEQTXVeHoOawI9X52Q/Pmlf2ce3uCXhjcWngYwnZBLAvDkVc4wFafm8950eHI8/Jou2unA94kSJzOlyiH+BkGAE9e2GFmSXvIf0tdSnWG/5esTz6Wk+uawKBM7rcdbFz6FPyfv1Ly0RXCGQJcF31lohRrVyahNb1dl8AxFpDzygJds3rWhISF8Z+ZHOcgh5CnmTjuB2aNTV6Y+RPNx94JcXNfUQBeoAf8hDldF9uJU+Aa0rNDbVnM2nAbnNTxkfXeuHfO0OXMI7oLKlxDx3aVF4l4Ql5kuQzz+73RG/Z74LFayNT9KQoMWTpf+qJYZ0I05UYg==]]></Encrypt>
</xml>


2018-01-05 20:59:46 debug :
------------
String:
account-ticket<xml>
    <AppId><![CDATA[wx7f83e93205d2fd31]]></AppId>
    <Encrypt><![CDATA[I8LWJRdP5vQka2AE0Sg2Y5jlW/Oi9lXpPtz2hdpDxlTbXFmfjTzSSMg9dWsL/dweH21xh8mTdELZSS9DFPAsQpct6LrEmrZz7VRaGVYMstVpn1TRKVqdEvDAcCFt8MrMW+UvF+ZCy8UU5+eG+l4Iy/ZDFr+q5Kh3ovtpheQVbP9fYdwMuKrlQTFKECyGtZXXzk0/0D2O+ndxFyTmeHY8c4lI2KJSGYr3j5YTg+EWKcsc3KTRCXoiCm/l3Vo9RLxBTvil2HAq7VlxITT06DMXUw1PyJ9S81G6t2E2+iOQohNLb/gym+HnX358LJUEexT+RH5TNsSbkD8RJKJUzyrm7ZYkhJp5farUAlk7tqAjnLiwjS3RQVrgc6WwKJieabzJj2wytmHt+QggZy0V6mjgmFdmxJZUSoVhcu0aGgf0yr880eRA0laODQHm0UDEwXPcWN3xCYgQzsGcMS3lHREjEw==]]></Encrypt>
</xml>


2018-01-05 21:09:50 debug :
------------
String:
account-ticket<xml>
    <AppId><![CDATA[wx7f83e93205d2fd31]]></AppId>
    <Encrypt><![CDATA[M521pfq/AdbeRuh4dOO5eitXV+uW2Ytf/8RcG6R1SL2ua4iioqtZb0iESm4S63jdh3j1HNvqWsAzVLOS0y9H+wf6gy+Lmc8jNBLoQQ1pZbuZxzslfG6W+2A8sJS8JrB3BtzDukPQxv++1ZXaAH4bVWM/8DNBC3MboEWQ7mUvlVAaGaJzxLUaXZtMTkHYZu4bksCoYVwCHrtpAEiCZS8cws8mpqQB2Mgy05FeHRTWKGRlnLdAhUE/vCPorhFepcGWmD5Pjie/+A7nj6IipO2K08G7PBAv1KW4btRFTFqLfWOBjLncymyC9vwX4wvNKpRaruWIYzOsBMN9zImKmjDvNT8XQ4roizMxN+jy63ptcZEYbk+EFZ5Li7vzU585VF9h0N/Xj7YO94tU26THWLsxb3G+YdmUJJYXH85Tl9OIL+kMJ3M86lJyPw5ADiMq6Di20xl3Ngr5UBgamJaCScr8Dw==]]></Encrypt>
</xml>


2018-01-05 21:19:43 debug :
------------
String:
account-ticket<xml>
    <AppId><![CDATA[wx7f83e93205d2fd31]]></AppId>
    <Encrypt><![CDATA[Jp6H2nVJGit2EDN+Eu+WnVxPIF25SYMs4Q+hnWjt3jMch7sEWGynaPpq6U0dZVHXBPpUKEEf8l6cCIwdEvWMnLdBWQ+/cizybV0baZb9d0iS41k4gO3r46c+UQwN/56FHKSPT2pVz7Vmf1peyfuZSpba3UTjz6MlJCAQPUyvSNot2EtX7GdYl2RU3fRAhr4YaYvVQ20NQ5HYOtXhB6kAJI//gQYF+YrH5WnYz6IA+eJhSksooqXnsG6ixUNvXxPqOWugF+RkdR9WmjIMv8u1v+Ufbg+YcMdOGDTm/5N0jTuWohA20JyhELaP9/+M8aIYb4ZP2K/VJODQVPkImMvoSJEkTQVdJDurIlKIMzeeMeD1bmIZVyo9VePKPiyom49V2ry+5AV6+o+Ke+3NmYM2mNJDe4cuRBGqPW+tkf4UyoVm2SmtpMACDU0nlbxiDzpp0RrP9VpBYDGVbX/1fioAHA==]]></Encrypt>
</xml>


2018-01-05 21:29:30 debug :
------------
String:
account-ticket<xml>
    <AppId><![CDATA[wx7f83e93205d2fd31]]></AppId>
    <Encrypt><![CDATA[mnpuWcM+PFmWU1OLyBDKR2v6kuTLOaPKWs9zDZamrOq58aucJSYu2fRJdvEi4sFlLGmsql56KvCYqPcoDFI1Lqp5AHC+qgln6lu79E9tSqRZ334meVBRohAbr2+Qb1H6hl3qi2z+lR51Zskx3JqWy98kjrwAFq0gk//A2WqQdiD4/ybVnRH4dZEKQ+5wb5gQWrinYZeU89QEqxY9BGmQFs4aZUja5gLThi05rZ4hKsayGxqyfN3tHHucEhHMTM4i8n/SbR3MYQIHfUdzqq4tgt/cCZknezyE/mMBPGZLpT5GHWopOEdCpz7zI2bSAlOtLI8EqEA1AKO85aUTqLSdfQU+8S5J3njyVnuqy/MXIC41mmzkknYS6EqxY50nstBohRLWseR2uQb+UsqWV9JgjNE3noy/3mVlT6Q73cd2echgLWhPWFhii0fhBdsM4/9I9XflCr8h3wXAiJ7MH9EVcg==]]></Encrypt>
</xml>


2018-01-05 21:39:30 debug :
------------
String:
account-ticket<xml>
    <AppId><![CDATA[wx7f83e93205d2fd31]]></AppId>
    <Encrypt><![CDATA[YllT24f5FLaBX4GE1bdaB4jImNgzoCOxXoL8I3hIVA2xpuWOeOTWYTbGKC6kuMjR2Y7aXxC+KEEjDkjz8mktES/ygWwZU4CTkxkrar3L7P3ck5nRsD2z/pOyvpGKAhopaVKD5Yu/krE0O0xguamNe2hCqR9TvmhA5PbKmd4hg+m1cvQ1Pi2wUcblPuhDsLbrTt/X+CZfsgmpxnbUBEjrwzVHdVoz8ORwUo3N7op93CbISV6MLP0xjq4T1YX+cfUv7KsLdDz0fazCTZqktdvjYryq0laAi/CdknKtk8fr+MILqCEVPGYI/p+nQNq/iPyfr6jfzHGKnbfnk/WCH7qwRtIyiqcTXS3MlfV9+mTxjfcP0px3I0qJQR2sbSuZkw+T83OSL+6GLM8CNmt1c26LhdruyYfAG10e7tJC7pOe5qYwDXw+Ml64JeycekWR/AC6c0eXMzg5BCuQ6jY52T6Axw==]]></Encrypt>
</xml>


2018-01-05 21:49:36 debug :
------------
String:
account-ticket<xml>
    <AppId><![CDATA[wx7f83e93205d2fd31]]></AppId>
    <Encrypt><![CDATA[IdZEeaZh/wh3jvw19E5RFQZ5wqYCY2miF8K0360zJDQPAPb/j5wQAMdASTIYL4BpQIkAMJH5OHROTL46MQIYW+OkNB7SmTNaAYg9je9R0iLxup0J0135Iym9S/RLgn7g7XC1NIQaupx1k0JFcHWAD4d/NiMk2nNC6BaeCkU3QazhK85hdVTCaKWynUmstBaB+KpQHb1LduXnu+lJUFkSjKh5wQs45nmPzQxj5ogUenVE2Eh/oSA3uDD3mSLnfLL+6jlImqAM13/hV6jmD04Ablq01pvU5EF5JgiG+pbWQNC5UppEZE9MKucmWNz48YsUMAqeIiV2jYzMOVGt0GL2UHbS0VwXOqUZHRUsy2MQG6mT6N7STB4JPsH++8h7BP7Jl4UFPKajaTgCTo1jpi0ibU8jfeyogMed5CLPdO0L2w+5tfyHew16Dg7G1lL/yoBI2PgqUNYmkhjFJv+XPbb9Kw==]]></Encrypt>
</xml>


2018-01-05 21:59:25 debug :
------------
String:
account-ticket<xml>
    <AppId><![CDATA[wx7f83e93205d2fd31]]></AppId>
    <Encrypt><![CDATA[wqH42dB7nmVDb44yvnG17aX7yQD0i72HnszxiUgLeGfoN+2/dymK+W0auTsjfH7wmXwRzuqr95DKOeTS33hQ1+0wTnWLMkx8fUNIVqjt86X2k1vpaTSZTpFi9k8JKbDNWw+Zi0n1PCNg4w/sFHx3Ow7nw0sVtFhBVJhOuGj/oknjHmCWFJAS0li23a7XDecv1rjV5Hkrnw6/1hRpSOPamNXFhavQ2In6R/q+3BJhqKoGEHzHmPznJt4H0+zhhh5AQ896fgbYmNXB74h29AjfriGI/RfnLktdqZRpY3ZKsM0rVXNtAG02yO9tN1D8Y+L5es+K9N8UosoJxHavYlNunSgNMsizd6UVz5ncYfsXSbH4mroNyP8FZfWFnjp3+b0yRo6nHy0SzgVyYAb9X6F8Bukd9VOxShzRVfIT0yoGQ+P0RBNYyuOvnuCo/j55dX8v6gkNDvp5KfyGB8LoeG2vIQ==]]></Encrypt>
</xml>


2018-01-05 22:09:34 debug :
------------
String:
account-ticket<xml>
    <AppId><![CDATA[wx7f83e93205d2fd31]]></AppId>
    <Encrypt><![CDATA[tL7XX0mCWwtTj5KOBUvoyv2FP6b3qiFarOtIf1lLc/L1FM3kG+Biq9uIQ6VqgVXHsCgP0wf8fxEiqjChcr+U92hMHH1mh/RACrSn+m8N40D7BXCRCwxSAz8krOQif8eJB34y5pu/Et6Tsl3SNQSBPZvW/OZZKErvGVrKegPFgIJu5OUvjTt42KMDJ2aRZUct21dVrn6kNUEOCuiNT6l6lc97XBPTEt7uk0BzdftrcL650FJ9zObj8dwYiTZ8KJntReQiEa7mj1vpTpagyPYDllT8tHiH4kJdC+gbA3Dw2JLg8eFiqSAsGIZu/MaBO16JWIyWi50P0hhHrdbjOOdgi3VmfSF60VbzrxaXDiHrOP9a6cP8Lx7hDt8x0mIBUGeZjyPNa2X5oW1h/nZ92ERSKJa2zh8IiW7Z3s1B5ifQBML75Vf+mZGLK7kwzQXii/rlY0zcRJRGfk0YrqCNXpJVhQ==]]></Encrypt>
</xml>


2018-01-05 22:19:13 debug :
------------
String:
account-ticket<xml>
    <AppId><![CDATA[wx7f83e93205d2fd31]]></AppId>
    <Encrypt><![CDATA[oSGndhBXwHDZ1gKLN3FxVL+1oNZWwq0puRXblDTQN4u41cp8ZoKKAzcfp6GK9cLyxC2WwuD/f08dVW30ldGutjYQ6Lyz+Dq8/yT+QOGwxhaFT2PYaysHtNqBpVX/BJSifzkLTILUF+YPRVF9ZhdGw8RnBbkmsEboN5Jowx9L7DMy1tdJmXnFhCM9XP+P1rVdH6IBEhmZp0bhs6JPFCoX9E1ou7l0jVgZf1hRZZqBwgbFoZSYlHcS0f1/uC55VycZDg+EwX2LiIGPurQ6va7Y5aaoji47VoQCmVZG9N6Xgaj2kKN4h4GQUW0LtbvXnqIlpCcnVj5z7OCrSVCfrvQx9a7ktYqVLKSxZAXFZXZDB7HYKqE4TJxxmeCDLcJI308pt8MvTAlJdOO9P4GQmoRIwXP6BafOKKCgo2a+Ou44N4AQBFI1TiVdIJnMKBjn11zV2gSkboa68up+9Xj052tl4g==]]></Encrypt>
</xml>


2018-01-05 22:29:20 debug :
------------
String:
account-ticket<xml>
    <AppId><![CDATA[wx7f83e93205d2fd31]]></AppId>
    <Encrypt><![CDATA[DsgPH9k8miJJd2/Ajflo4PlS8m42vPT6dtIqAUODuNeyPpm2YD0n5vFWdQ3FPI6qnfEdXvQ04z8bG4oxB5cz1hMaXskFGIZ/pCSzBGGz8IjsR492tmZZbLzIzHN1SchNwCaqm7VwXEALZQZ73gymNeuAFf3i8WLIxOT6z/SADKFotX9VV/E0Z9fivX9bNGdqkcB9Aio63ulyTQ79phLF+Il3uGC9cEziV6QTTkKMGpTU5jedX5+f5j+hoVbmKOXPRYMo7jFXgs+Uk8wrBET4NMmacdwRSs/zJRlXyTSh8sCt0OXqMCUljQoWXxz9I4mZwlgKab/NsL0GJA+6NSMf5GydiryWu19VVR/5E281LyZZLKrUSs8W3KpNEzuDInLuJK7f0qz4wk9oEblNnUkTiVAWsS/emAKZZi8Xzhw5phmq+bWLXQpotsCHYQg9qSEkFfzmhcZCLSxdiEjMhOC2xQ==]]></Encrypt>
</xml>


2018-01-05 22:39:15 debug :
------------
String:
account-ticket<xml>
    <AppId><![CDATA[wx7f83e93205d2fd31]]></AppId>
    <Encrypt><![CDATA[N5wNxFsG1GngzIRYEopXquYNGXgybwuN0WvifU5eTTkER69I34HQBXWdKpM4wUNCdtotHaZFBuPJds3FJCgk7r8XjCrs40bcVtZc/tqiqN2fcvR1Gjk6iDBx5gow5l2A5BQHPgPSayecjz3sfbBwxuFiyjJ8zmrLCmxdH7m1B0dH0/YZRmB1B/xR7fU8Jspq4UVqEwaVbG56cSAqRIuumGKLVD7k3AucrHqIHG46zByYmMWrcG03Buybi1uMufZICIILxnOKum0Se0Cbl3w6ELBUNI0TReqQKPuow/CBMc8dQeIVdgJyzgs9pL1hmZJ8f3L+2sw6eudNq0TVbvJg1AIlDh5AfHMOAsx0ppJR9LvBsTx98zbMMPF6RErSkpEF0KGyup0aJs1Ptzhv59FE65azLIiA3pajWxYJee/eor+GhV1hU+q6fQOgcfGnCUNzKm9hrv2zUtqo6pINII7HAA==]]></Encrypt>
</xml>


2018-01-05 22:49:03 debug :
------------
String:
account-ticket<xml>
    <AppId><![CDATA[wx7f83e93205d2fd31]]></AppId>
    <Encrypt><![CDATA[1Ec1QIMLZVPItN118XvMfeQ/EQDXaNA1RoDzmEpXjMQe8c66iSLnvu4gdOFqZQ813PjGdSVO50DjFEBTl/75m7bA6Rbd2zSXIyEpYJk6JoTaqChbCekz6LaT1GpNZLAB7A4aEl82UPS8iUxUAuSNK4j4s32MGgXligv+FCFU2jsNx+eLXnfijwd3VaGOuWbJn80D+7VdkKpv6nbaAlVUAPePkp0S+zphRQ43sQNpgoVWrW0vyJXEzjA60RG9103WYkihoVWSvLs4nKs93MoypuxzGKmgrbx+GI8zNbaar5IsWSeLO5jVLHpDtrxEr9BdtclWPYkqmJOfEHZpAhG4iLv8dxx6ePsRA0maICDrmAI7jpBDRyKbf2BPDY9jHoPDNwdA20/bonF9hHxs6UF4Q4SM9iyPTSsqO1ySs4vHzoKLyoUXYB7yWgGxRKi6MdcpR8Mu/niWjv47dCwlKlGtag==]]></Encrypt>
</xml>


2018-01-05 22:58:58 debug :
------------
String:
account-ticket<xml>
    <AppId><![CDATA[wx7f83e93205d2fd31]]></AppId>
    <Encrypt><![CDATA[3D5tWlW1Ll7uFS31VxaqFcomk0ltR/PWtvIIhkU+peoLqPwQ2Ktvz/E99y3PrXKo3P3ly/kRbera5O7JR3F9AeWrz5zJvhO0Rlo7gowbzZp+caV46JOgogaeOVVTQmFnOW6uEIkci42kXTwKW3ZLlCU6ZH2svNgOuialOYNylfzBpLwPduK/7wf2ouY2f26sk7zIvaPGJeVnsqXFLNG9/67t93jhZkSYg9Ymq0SQTEn+HSdMc2YsBDB4+BfY7PitOJxxEgrXJZCrotB6yBWqBUpk5rFBJHhejHHA+QZIapBCghB+z6iJ0Yl7i6upy2IHnKeYIqXrNTd2JMFaKWg1BHwXaKjUzwazPLCM0DKtZc8bcnlbeZEcXOuugRrN1+PhXSIijOXrSM7r4LL/v2c3jspjldy6QPN+hjmy5L0msCP8vQXEmMCTELJjQBMT/1/Hw2031Ww6tWyaBFaQtxfVRQ==]]></Encrypt>
</xml>


2018-01-05 23:09:00 debug :
------------
String:
account-ticket<xml>
    <AppId><![CDATA[wx7f83e93205d2fd31]]></AppId>
    <Encrypt><![CDATA[GGIqVP0RNcvQjyGbiDYzdVUqURUnxB2ZPKFrqsoIm/uYJy8/5/ZNf6gSpSJLoTSG9Qr9gRD8ed82tONjTp1h/zMahEXhZ3kqSUwqYU24yNcKI3Gvdrh87aHyzs7mz3sx3T/n5040o++Tp2h+U5GGkUwMlNyyHZWaX2oo2nK8vqNrfF+rx8+MbhhdTijC/LYRAd3rCAVBc+YsVfUNJHgWlxZOEvmA9/eGqYDw+bI++VxkkKxeck33MmIagmkqtL198nblZ8r7dvXZSDwyWPmhFhDf1l0rLqE2mFuHGgIowYmuK/nrVGS5iqi7jITK+63HAESh/QCmXauLKsvUSuqRcc3rlgpgaHCQMqsJU/Z+TUJJnoeaJncqn87rFxwHDFOS2k2pDG5aJLOyyJvg3c/6T285MPYkgyPC+qLtnqmM+lvbn0lmEFnEiclPNxX0GsTDvr65Qc0LOg4+deobJnsDjA==]]></Encrypt>
</xml>


2018-01-05 23:18:51 debug :
------------
String:
account-ticket<xml>
    <AppId><![CDATA[wx7f83e93205d2fd31]]></AppId>
    <Encrypt><![CDATA[ajF1r1GtysKnR9EGMN+7/60rNLpiqvITkGOGdQYGSSNvQWZELJ612ay3syLIOyMGHw2ewyFpoMbQEShS0xhS1h9qpFcTgkvm2OWZpn6QCuklDr0RDQU6zPyQoDrrCtG/SADJwhqnyhAV2Ly6jgmqIQCCQJi72alQPjzfLzIMMQw1iQHPNliPyxGSWQDI7OFdqHtsm+56lNSy7DlFghEQFYiK2Mpj8LTV9R5BiOYcTFYnBi3sJDgVGfO5gHao+lZW+H5YK+//V8J2KihJT2Cu7/F6SCIqTIi6N4mzMR1wDaB6uDySXQYyyPYPXZ4s8fL3xtfFLpfAFPovpXBUw28lkLCbEVLvb9YfR8sptFhUiPupVFRNc6CEUJGeoImZQ3a8qAs1OmowMg0cjtuvx7AcOkvLULSnAbmCJJPUXqLHG97ZQhDHAfGSOBtN9QR196w2EFK2YER8m0tDjCtAtNt2rg==]]></Encrypt>
</xml>


2018-01-05 23:28:41 debug :
------------
String:
account-ticket<xml>
    <AppId><![CDATA[wx7f83e93205d2fd31]]></AppId>
    <Encrypt><![CDATA[XSj+Babjul1CEnoO2TFur2/moyehU2bl/CR9XRzrpPcVc2GD6/FDMvkkNl9yRnsyT4mWsp3WFPKamJFYlw/d0ynI09jYvpwDeYqK7Z5qUInT3zsZRIIt17AgwjPjmj1mc+79asgxVGIFIi/MSVwD/5StQmatl/FxqjQH3UeeaByFh57KbusNBvcOin+6HWMtGzEnmCWV0TvTWktafg2ynp8YAVA0GmakXw7f6E+SoR6bJ17zczgwuq+L2jrFLqAWzaRXddXYjrYuqbEMBtOZUDq3sL2ehCJ7JsnPGvEM27Izxwfpf/3gbasbzc7D7+U8y9SKbFiTYD1piCbeMwGaSiuoL9AU//9xUZHZK/AcTKSd4+bHWxyGw/XRAScNBDu4IOAPp9RC8a6ECO1AyZsRFFlWkGygL+0Xc4uCUzfhsdyBHl2juvra17C3CunzXarhRE0FBhzvlkGlylxZvJeKDg==]]></Encrypt>
</xml>


2018-01-05 23:38:51 debug :
------------
String:
account-ticket<xml>
    <AppId><![CDATA[wx7f83e93205d2fd31]]></AppId>
    <Encrypt><![CDATA[6s26PzoRdLXnxECShmN0rT7+KQlBmgq0+iYckIcxT3ZJa5pOZgVfPX/t2VLa6laKGDJ9NsEW3a+AQkMMLQYO1ZDMK+guk5uGYreCR5hYwua8g2RHip9uUNLTIrDjIGsky/j9kQV6KsQrbV5edQQz5KAvOq0TClJ1vl1pl0sRdHUFYokFnqRBG6ncyXiiYwOFrHySPPsttgI499OER0O9zojozniVzgKlXI4NztNQ2ezy8ko9tNWAMpNr04mzJ/0pVyncCruihZoV4Isws+163UWQQ4+UkUzqlRUXCqCs2t/ovTA4IkfDGshcfi5XEmv4h9Lk0xEkOQAD8exSxPmzxG6s5FoChAKp3Xo1i7SJHg4aZaL0kYM77kLtL+BogTxqyoFC2LSnJUiDFUcojlKjF441+RJpznw5qjN2klNLk6V001miti0z7XgHq2M9f42AKivw73Szn0a7EVYC/9JHOw==]]></Encrypt>
</xml>


2018-01-05 23:48:38 debug :
------------
String:
account-ticket<xml>
    <AppId><![CDATA[wx7f83e93205d2fd31]]></AppId>
    <Encrypt><![CDATA[jUuAOgpbpgn4y1z76n+C6PmsnmBlScKOvzfGvoX+CKm4/lsleGWJblMiX14XH+7qImDAe+2Yq18WcNZBO2rjAXMsOru0Ru+F9F/WXKiZHtN1gyQKXGVOqRzzA2Qv/ugkz3QR4FS32S33sTdHFa6YMxRAVbXw+QkRcccRMGZ1pRQV/A3sxayQIeBaOu3fgdMOAwkRiZ6fo+SPuJoWBvM0Oj54I51n/aIXW2je49ayCzzmf4NplLmzB2zo1ikqwIB7g2GWU6iO08q2lfHvXVsWZEshEGoJkbldsurArJ9GqaCXsdwPf0uCSpEdVPPW7+pvwfKitJKiJIeT23C2JonmdiHJpl4il58V1dY8QRFrWxdfqEf+vsutiu0MEdfIqxS/k+elUOWe+2fh0Vcm1X8ih9mn9aQW7hsIJyu680Bt6Yt4tSVlJ1cxrMAxSrxdyN6LwmQ2YEoEr1FH549j7UVytA==]]></Encrypt>
</xml>


2018-01-05 23:58:40 debug :
------------
String:
account-ticket<xml>
    <AppId><![CDATA[wx7f83e93205d2fd31]]></AppId>
    <Encrypt><![CDATA[taGmfe80x1Sj0vnuNdqj4VsHo6Qw+vS4ZZm7VCOoAUL06li62j+hi94NDVaR+o5AMW56pfXdVe5aZ1TXx6y2JWoaH90vx9R4xZGtua+IfDLAfmEfGwwP7vtDX3pH5L7D6qnWPx7Phf8g0Lz7L2O0GpHTJCoqD9A+j4PSdGcJiP6Wl2DpDKzKrlFvTZTWbToDONrG8b4RNzgaddh9mvsVfq6ULOa+Iq0/KesvCGTj6Scf01etUJbo9bX4FjPe1TxhRINEkzp0AC4l1TqVEINihThEYLHFDtOS8+xOjk0QW8BhzEtHfLz9iMWDiac4VfEoQf/1IjDI91wFttxUFAnjwmlIw/dFy5GWbB4CPZN2iKEdUxYkWvIuCbu3gN9FVDsTDe8zDlCq58vYvkJEilzYEIDgkYgqbldb6bDW5wyP8p/2rAT2niwxxLeZwE/gtOwB2B3xyXB8zo7WX0kirmd8dw==]]></Encrypt>
</xml>


