2018-01-08 00:09:43 debug :
------------
String:
account-ticket<xml>
    <AppId><![CDATA[wx7f83e93205d2fd31]]></AppId>
    <Encrypt><![CDATA[yJhe8lFGKFFE/R6+4k/qZ4myckD+p46Lgqqc7yaIVNf3hmO/V5zaqDW7KpginUjREpPfkRCo1wyJv1D6MrruN+sWiRzMBRpr3L9Ysim8G5YV+u3loYwmE00SUwR9XiNLGBUfyPx85UrL28qP2jsIyjD5v5KZgPyC3dwacooiYvisLba6zc7AUDIl+K6ux+bFMAS4aweuOZdYUcmmJl1i0lgUlzAqH/q3gAaZx8Z/gSb2JsHcLJ781XrDY6kJ+O3jGP7e0TUrd6gbJKSPjjE30qHzL0wnE+vNkw2ZOgGTxv9kVX+aJuUD/wGoPakQwRnMZjkZ1DNkvsPUd5wnCCGqg/hq1v8ZMpMQ8E5/eF9AAupw4LGBhnUobUidz0KBwFg3bUfc3FzjsUo96EMfhsRIzK5y/mFDo0YxByqOQU1jlQe5jrM+fYW1xR0naBQ7oVwlMptPG03g/hSBoMpKjUG3Gw==]]></Encrypt>
</xml>


2018-01-08 00:19:26 debug :
------------
String:
account-ticket<xml>
    <AppId><![CDATA[wx7f83e93205d2fd31]]></AppId>
    <Encrypt><![CDATA[wf4RH8bu+E3GnYHFwGS5UncWQTgHDTBkiuM/W7de8Kb8pOwvJL7iXPIwJO3zTlmAlmgcvTsvZ1beEwXqfLGDaTkKdGw7nnj/Xkffh5auPdnGcc4KBFX8lqBNzr4pwWwXbAIHcze+rfISYoV0a6EpCzU02isObfPDTP3O68gePATiJoZwCu+2EovWJjGMH/x3pYG1e3W56bYPBH1hIr+36zXXmMxLlUCesGOgTKA9Ow2xXZW7OS0mLrHPlmDJzfReaTx5mEYpSyKEa+t6AfKA6HIfT/8POW1gBbbBs1jNw+9xl6czPLf/ROxrWD8Wh5HawrrDTpk7OwBZkGVcm2TrAJBW1+DbQ16++qR8H4SPWLswvuTCDKE0YJOmV18D5N0aUhh6UNqqcuVKinBMOOsa1gvJUktaiRq+dejLbmFT9ZmZssrVa7t9I26Tl1C87Yj4QoOnTeJQZPPQvbR4awxGRQ==]]></Encrypt>
</xml>


2018-01-08 00:29:00 debug :
------------
String:
account-ticket<xml>
    <AppId><![CDATA[wx7f83e93205d2fd31]]></AppId>
    <Encrypt><![CDATA[aXQHwk1ZR+RVdWwWAvWLtkLustomZZqa5eKNRRoqZwvKZN+WEmXX43Rad2E7xWd2mHgCdNKaQydIR+NGiK7ATKt8qzNLR8ANpL8qolyH9m3A1oX5ntTQ6a6VylhcwWoAi8lwaWQexrf08WoxWouNskHavPb8hO6lVn0xWXN+pwJ6QI+AdOeXJtlb/7/QKaEXrs3TpLDdgECkxhMULbNPZwGjKL5ViCZkUfCknGeLMRUZo7xYeH52g3r38xgjUTX6pGuIBfkfAHcr1BJ8W4mQFhZUDHqj9pHai2nISO1U/YOrFQ3tAv4Dt75NOSHxdtRi/1GAZMluqLxlJk4USc3WBYYgb+nDJWtqJtVx0UcEtnxNIP4sI9hlFm6Idpr36MuRunz381ufmac4IjBm01DpxV4iXn2b4Al1UjDJnBmnzN33g8BNz22eIklsh0Zf4S/LlZhf1seT61fEIXDk5u4T1Q==]]></Encrypt>
</xml>


2018-01-08 00:39:30 debug :
------------
String:
account-ticket<xml>
    <AppId><![CDATA[wx7f83e93205d2fd31]]></AppId>
    <Encrypt><![CDATA[hkgY4ZEiZhZCHPosBS76EdH5gf4HPklKhYVM+z7BYs/L+ce941FWhwqNuf0vmklCUoyJvox7c9GHAa5V0As+b5obC7gzoZPJPJipButOZLyArXs6NEy2dbqbvXD/bwa5u91yNkuFzHG/gAtO/u/TUEe/6hlEFK2kmmZ57ussYIGzKK0BlIJlIRE+ZwmmH/BYincbF1min0sHYj2wGBqIvJWTo+j+23NSUSdIULOcC3XJDfYuI54g/cnJzVZ4dbbyT9MXZjb5wioEuMhdlOqSIYp2O/ASZ+YUmG+QH7mMK2NSWIPk3iiv9t0r2YHRtD6jd06VQHZS85vVHHRAd3PhneZiDGWzK9YUbqkaf0ea4XPKZu19w9Ac+qZVEtnwWZE3yyWhum1wfyoJfnHB7/jQSP115APEugsMRivwMG2NABjzoJECpWZwIr4QDlJ9egQ2UOnHf871MQnCF+HkuIcyvQ==]]></Encrypt>
</xml>


2018-01-08 00:48:57 debug :
------------
String:
account-ticket<xml>
    <AppId><![CDATA[wx7f83e93205d2fd31]]></AppId>
    <Encrypt><![CDATA[zvJnXwGgioNPN7PR38GpiBcKl42SwKsme4NoFv4GEZEdZonvyvDpp+vWWDQ2lpi6SYnJCSyB8wH55LZofQWX2We/hFmCsQTKa2/DRh6wLddASlTr/LZ2LAWnZehrYybnlHbQWGEV0TnhzQoXgMIiikhwDeepIITuVMP2EzV4zXEU4lgfdgquLWkCBmOB7WadIUu3kR6cXIIH1xp0zDZ84A93HSLgVEo6fPZoJZSGvn9C+dB1F4oUXI39Nx2Od0SqF/EmJyTsAlCNFULAyyYSsWnHugLKs0ghsp/CIo/4/8Agv16TIU3Z4Cm0QWnAksdkmpH5h3n96npx7AI8e7cK5+eHQUNjSw+0k7yW10aLfnNi4I9Kk9u8VbAsxG3vLnprg2QZEVMGgdtcyskjzY0zsbHz1hT7i/jPMh1GWp0nxMYMTyFUVdT3eb0G674DwVqOBkqMHeZqEHdFHmLZzKQZDw==]]></Encrypt>
</xml>


2018-01-08 00:58:46 debug :
------------
String:
account-ticket<xml>
    <AppId><![CDATA[wx7f83e93205d2fd31]]></AppId>
    <Encrypt><![CDATA[A9qgfM5c9JM+uKTiXGwyY20tXWHUsyLo1SeynyrlcIkScwe5Y1xVQzbO0wn7CkXg1LEi2/DW4F06FyH90N0wcAdFxZTWo/O1fLKd04M0Gl3gM2jKiZ6Dv5G5uPNY2/5fha1UacJN4weqy/cpz5VbvdndILBBvHX00c3aQh+LEDIg+ss+XDuyWtI1rg+Apc0mAfd81dOS+JxpWdIOo6wmBkaZlSUulsgiKoXE9zN6L6f85TdjZmn2scJP8lh0f+gTSlBu6gAsNCrPXMyuP3bFvl1imKJzslBl/iuviodbMljp5wfcm1QLWOIjWt/g+fz8iv4hUwZ++ix1GL/WEjmzEJkQUZ2tNDKv0Bvh7eWRbA/8mo1Aat4RhKWkT6QGVHtbC23JZ80jGD5jytqx4dXhsaaruOSnlOQwlz602Kivv7rck7oB0Pbj0tV0hwGPsCyOq09ay21o/T12RXDe/+6Deg==]]></Encrypt>
</xml>


2018-01-08 01:11:12 debug :
------------
String:
account-ticket<xml>
    <AppId><![CDATA[wx7f83e93205d2fd31]]></AppId>
    <Encrypt><![CDATA[f3w540qJp/hZTRdS4RtzAU7QEU9GEB3+EU/P2t0oms/wz7xILUmkUsrWanCel5WieTguXQwN6kZ0oia2MAKa+Qg0pH7XXX6MhPSBb0jvt/RHtA5vxV7LyJ4TD0xSGazkEKa+1lDDbexojHzXwIMEzztOmM60+UmiEN3tMJDzt1vStW/HpHO5pfLOPfkT9dt2d6Se/zDk5kZ/tpn+sIpNIYzQ3TArfAn1rQUyaeAuTEHweRvucv0BMeF76fV+OZT/ziYS6A1lEzMoGECOF6ewNRQd2Tt7Y54Et8jw8sFWzrFwRjE7FbM8CCOIKRcucovdD4RALO7t2pnXTI2Vx81mRuphPa1k0MvK6kY2k9i8hDX11Thsl4Ffypu1ZCKN2OO5eV5A6mmm6HqtAmLVDAAbc/A5waQ/plQSYePwBvBtOYOkfaL3Kgh23nZ06qf4FOtlSb2bxuPOXdnk45Xqj7hkJg==]]></Encrypt>
</xml>


2018-01-08 01:18:44 debug :
------------
String:
account-ticket<xml>
    <AppId><![CDATA[wx7f83e93205d2fd31]]></AppId>
    <Encrypt><![CDATA[tnmT9nI+wWuMPkiNHrf9CPEQ3LEHHw+5lzw4QUhw+8ZInBzvYyfN1YIyBFY7VuvLjR9yw885WEeHyBsT4DlVZrzJGoJRk8G7eIsRgonnLbHINpkZFGX2yuJo4eC/36GamV/TQOYcwiWLYpvpUBTfPEAYoaeZRQmpcWajF4PHAIXHpDYvMYjxumlTYaNRV8QXb2BPMxxrhqYvdtOvhiZtVu2Cs3Ljk0+DglAzdhbrh6g8NcTxPlJ2ogOzr8CT75JSY4MU/T0EP3HK8m4wToIAfLCEVJJ1wMbiWnt9hTIdxQ2dUF/J6QuM4/zewK2buL8Fym4MhC9b6ZCgv3dWBlLzXpkEi/d5VqELVtQ5nDrgel3Q4wQyfGvuFL5lw3b5whwSB/KY2wivzdL+n5ZDdbwqBwof5etp9GV7jQDRoEwehZ4DdBo6KSvjiEhB4G+h/PCNo52LZalVp2AALuRi8gFuSw==]]></Encrypt>
</xml>


2018-01-08 01:29:10 debug :
------------
String:
account-ticket<xml>
    <AppId><![CDATA[wx7f83e93205d2fd31]]></AppId>
    <Encrypt><![CDATA[RbvEoLjhHh3pJ1LexNYtSLY+PI8IIKTC6YAHWu3KAkcVbbPAJPQ5NqlKLZOEg4nkb/NIzADWiGixMSLKDSjDXGLb3ESTEjFWWynqw6Iqk8bUv53yME8x51uxqzClbCx6IAyuvErpgwDYJlW5JSAS58L6K/XpZZudpnWHJQ0Qks/l0SmRlyTNpVEGVO8/ac+bRDesuLsx4AVj8x0jT6OAdvft1cKnLI+QIbeiHM4GgzRiFwj+0ly1YVmvL8DcTltpD+HRy2mzTf6L2Z+HuRiHzTUQT779fOUF6MDXYb1MCkMRMnU/Tahnnl48HVGFtoj4WH+uBlQqpoRAayoHufemj9T0ft0hG2cN3MslJwNsjt3rwUX4xSk3SDBdcFC4FBoQNocExvZPLWJXbrIdge/41ViRzmrrKEgvEvoPYiUb6TPvmqLlMCnc+MGp7V6cmox8flZPWep8MRVS7ScstqrK0Q==]]></Encrypt>
</xml>


2018-01-08 01:38:58 debug :
------------
String:
account-ticket<xml>
    <AppId><![CDATA[wx7f83e93205d2fd31]]></AppId>
    <Encrypt><![CDATA[IZtr9jDKiYCN2cyS374SC/UpE55DyXOQ2bNyipYfqBYutht5J9yuEW6nSusNNfBNbzx+G1Lih7t8pMUNrGNQtlZMMJTEJ5QmBzTYvZqqFD7PbeVfQUdZrfckQHIn6r8j0AcSEjhZ4ElmW2Y6ycDNoyeCdW33rISqoBpMV2OUhETY3ssUoTB/tLxAjFLxKo0/xiYPzBDCQM+C9gEOZt10RtBxCSZ0jiyXGF0sE3ukODo79Xlra8zOieBYoY1DJb/S2zoz01DfC4DoxNHU1cmvumEh9z7inpLz2q79nHkPLerP379neF59/hv5HO+eHifz6dAiVEHudms+GdCinE3PBipI8Bb7a5LDKZH9HPTquLVq7PY9cD9y7JoNzuEx81VYaujbJqX0l0rSBP8nTyeckBH7y7xKrjYy7iTus2zR14IygOBarJTdIOAszz7Hw1f2qGP54pka5IRyyiu3JwF8Eg==]]></Encrypt>
</xml>


2018-01-08 01:48:52 debug :
------------
String:
account-ticket<xml>
    <AppId><![CDATA[wx7f83e93205d2fd31]]></AppId>
    <Encrypt><![CDATA[xUZ8eBX5NM0BEFqNqW8+s8356oTMuLKtSQ9VmmJvE0XeEaOfnE5z79xDeWPG5t8JpvmIV9IiWSyr6Y41IP12UqBjXg0YBzEUxDdnRojyEhwXqaTSE8em/EXAhgtJ/6L4nJq3HTOItmSYgNDomYIYq44+uFU7Ta31RwDxY+nkrm+3Gz9GcjcEM+Pkb3vkbOZs8VO9n9M+YWubJNCLi6GW6x/Aq9rWvRTrMVUMroK9UujYRipXJM4fFZzY5XjVFQD2XeOOxyzOe9r6h6kYzUvzSf90amVP7JP6JmTj/2PSIzU1SPNNcDZLvWbwZva6O5sFMv01Z8rmSY6PQ7O6SQSwgCzm8yrumthjvA2kD0I6l87buMGyxbzDCQdd+ETE44ZF9vVDU45ROPlbHZ4+mG9vSo21qdDKW3wB87fNMrViar9jc8CGpujxhXrrQRXx3Qn3kSte8GhcEZxQDhu7pXPiDQ==]]></Encrypt>
</xml>


2018-01-08 01:58:46 debug :
------------
String:
account-ticket<xml>
    <AppId><![CDATA[wx7f83e93205d2fd31]]></AppId>
    <Encrypt><![CDATA[CL5cjSg2ME4qYja+PU3x9FDfchWe/N5vC9qkmFNwizujSy2wCAcKyZIGwMR2UMtb7QQ2FZZ5x2bHDqOLhqiOTe8Saxi9UFDISCivl85/EuP95Qwx68Ew6Xyk8n9uEAle9QKwOoodWsl2/NBiOWPOIWnruJErazG6+q8jIRyepHk3+K2cgAAupKHF7LDY0NO9WoRJelPOLs7tEeX+QcK8qVdmzHvhqBbNRJ5q+OChH2axIMeJ+WizRES6vPgbrRhTFcauGMJg9V9yYU9TNBi+60QwOTrZEJDzxok0L0ZV7KTdJ+uGJ3KHmI/ox7bFLkXyHM7R2WcHfnepbqVT6kIVXIeHVzDluDA5HO8qwVdnQBOvbvIUFQXe4EBG/wmnneTwWUb8V9HARU2DKMIsK1M6iQii5iVGyMukZBxLc/O528IV/gbp5yPC733s7jIgfFgPoZOd7ltV1PmwJwW0P80a/w==]]></Encrypt>
</xml>


2018-01-08 02:11:24 debug :
------------
String:
account-ticket<xml>
    <AppId><![CDATA[wx7f83e93205d2fd31]]></AppId>
    <Encrypt><![CDATA[NVC5muDdwyUkmsSJ0LSu4VBC3Y6i8tic0l+8+/gubRRY4CggfF/bJslTgxq4x1OAPhebp4Y9akywyEDsgksmMH5p9GOSz48E5Q8PfgAjEuxYMEkH6YdFh2lF3emvAEFkcMk4MKum2ENtRu6FesLsLagMfJgp8gdT7I3RhlY/7E7D/N125Z2zLHcu2PHw6yrqhixINCDmaX9Zwop9IVf0jibn3cvBU9gNsEFq/VIYi4mlLRlAFW/6wQIo2Ra+1H1ESoGpxRRaEHINo75eDgZf/YEU5JHLi96BvYobBs35O6l9R1AnOUs0fmJppDQ8KZieNGf1j/ST0NMu2gZAuEqsSpoKowE0HNqoowuc3uHrL2FDp5xA6nwxfHH+JUMIcOdjSWjorWXW6+Xp0Wjnx03NMVtxwpZtTrjPF8GW963hf3UlJeY7docU+dN/ssbRZ956eqdW19am/9lIp/pjV9Zcwg==]]></Encrypt>
</xml>


2018-01-08 02:18:59 debug :
------------
String:
account-ticket<xml>
    <AppId><![CDATA[wx7f83e93205d2fd31]]></AppId>
    <Encrypt><![CDATA[e8w/utSzh5DGgzaJkORXfq15+dynPaU100DLjdQJKs98FN5+y1LrEqILbspVOZnNwzZ+fHUK+j/XLOlkI+8wBatubVq6K+oPS+RjYoyUXBtgodcIppApvULFsOaX3cIPdZ6OPW1WRLpw3a7hw5PHwijbRStYS0LUaZRbi/SUx6iWFe+NEZirCvHsOq+F0JyhC+aOUM9ycyen28lgQGXOzzANa2lVj8oNjhqfTDBzmfHGJgMY5NjfdCqFsal0h74RvenH3wrcZCF03t1B/zXGxaLN1+7mkP+IlbS1oCZP7UAb1eGnTX5LowRab54rwCayQe3PM7onCAs5NeWSa+7J41n5kX80aTQ6NXKtdBZTnlePPIFHxlLW73H2zbjElpyppS2TFifgaD24MPUhK8JbEMc6iI269pyNr+nVxB9k7kQ8VgdXrc/EzEpe0TtEY9zrCwJ6lD3JZhUxtifXrI2sJA==]]></Encrypt>
</xml>


2018-01-08 02:29:00 debug :
------------
String:
account-ticket<xml>
    <AppId><![CDATA[wx7f83e93205d2fd31]]></AppId>
    <Encrypt><![CDATA[GA7gnVryC6VCCcz1iALu36GPitvp7KyPhFn+UdXfE8kSeY8kvw8DwPDu1UxC1SrYZS/jQvFO8luSNnNOcNvbT2z0gb7Sq/ubww/QI+TQCiwmYzHWtA7WBZjdXeVSw4F7TdBKH7kPlSH4zgOEcdACB697+ZrWI9NQci9O+IT5+xhZ4jLrXeWpWx/y7BT25Lp/RBlOGdEO9XMzXwxAm+4clNlVjbknCHmjnvvZk3Exg6HJjzS0mCjwvY/Ol5iK6g6VH392xEf9HCEhB0bqtmUR9600zZ62D8F6qjkyZBgDkXtX14SHgF8d2mtUqOrfSzGhMEJIzUUI5X+5NisYNNrV1bMoeDf8F4uUwg4cvBp3MwRYv8UwSX6CmjmmI+HAf/k4UeHErqR7sCu7RhCe983axj7gYDHe+LOEoeob2zqpa8+Vw5ppvAjjz0Hn0DxEIdEYpL0ss+rmhlNxs1OZbkEZhg==]]></Encrypt>
</xml>


2018-01-08 02:39:15 debug :
------------
String:
account-ticket<xml>
    <AppId><![CDATA[wx7f83e93205d2fd31]]></AppId>
    <Encrypt><![CDATA[vldaocjfXaKqlqY7PgM+hPG1SqkKPbz0ySLw1+oOIw3YBY0EeQ/cEIIAiBQ3tsw0DLjCCI7jox4Tz3TQMbbzNbZ9elVKlLvshg26H56P13bdVb0d5h63TK+txnIGEB+HUCRiIRkbinorXInUHZHBsAcW3iPn8oLdNqV7RsJlSfU/yMVYpyqjq94kaPVNE4ac7Yo1KR/JIrmk3Iq0sHRQzd66J3d/R7MQ8oGJRUEdh5KOkCj6i33UlEywk5eVYCB6UlNfjHkuduCCc8RS6wrVPr/H/UbVzIm1Z+5m3VABGlEOn+qYFRUlSawDTemePr+91d+FNCLmk2kNQivsROQO58qOfj7MT5oX9aiQwRi2hp7oTjCEwNeoJl9xYXwbzBIL5lG/Qd8SLRMbfOmz0Fcu2SIUwosMW8V9m6WgjuDuHasFZK9Po0rY4M/NoTvJcpciIjNKt7wpHUdzn+BXTQrPIg==]]></Encrypt>
</xml>


2018-01-08 02:49:02 debug :
------------
String:
account-ticket<xml>
    <AppId><![CDATA[wx7f83e93205d2fd31]]></AppId>
    <Encrypt><![CDATA[kQbkaw339peWPMcy/Jv+/pWT5jWPSgbncAAnNO3bs9N3c9qigx3HX3OlQTJrpOhWIbtK4OVfIU7zqaptFGypDzzFjsh7qG05ynn8WVOaCeHO9DD37hJO0skia4G1z/xL9jAGlG+WN53ze8WQo1dQvwF1dnibNUUpVEFBajwIrx4yMmWGwKe/DzpGn6xBTn2DIC/pMuYOIA0avjGfK9QTCMvf0+TT97MFwYvVxikxNF4PP7xof78mgFJSpRjWR1KzqbxySAXKT9U5NEEx0MRkBCtvq4PS/NgDJ6+1BG900Pl2/KSq0O60JkCbQRE8vxroSzO2q7kvhOLgFoJYW530BKY9/FKiTXUbP2yZVBeCLjdMkl2YK50KIK152Caw32OBUxJN7zHaasvi3wpjs5uYHkXbShfcNcg5aioKvKBBBRIiYe/vDDBfAVgETtZj2Ls1Y1BPN8zCj5LmNn5YbzANsg==]]></Encrypt>
</xml>


2018-01-08 02:59:12 debug :
------------
String:
account-ticket<xml>
    <AppId><![CDATA[wx7f83e93205d2fd31]]></AppId>
    <Encrypt><![CDATA[PoIN7hkjaOtGJ0Y6ScgDmL4/c/DFvfCuaVMkbewyISAnVqUKPw8fylibDK4BL8sCsgcy1l2dxhBxOJtZXmD3r+cM5MySwIUArriy8i/4q/Q0RZn0P4vI+T5fjOTcHIQaFysgJqbVtLUSeJS8TpRwXC8JSidQL/EkTJXGhlkvYN51e8e6lbB0Ml50JqU9y0uThnCenS7uw1YJxi/qez+2jcvvVMJ4fA6aoLvRcBxLiznHnI80uph3VodRVt01H9oukMvZ7fs/E4Oo9TMNqGV7ewIe1oReU0FtFpLD9xgWyt2ex3KdidGOLgrtsaetEthAZIHnncEEyL6noohMB53L/S5f6fS13PiEO7CPP68dcw4WqSAZwKxmxLJlxaiMfXMqkvtbRJC2LLSag4oAmXBJwpdBABWxAmYG6G8CnDmL9jTrlsF1bXP/BhGT/u3vE6jsxjamxXvf2BQEviK63+oI3Q==]]></Encrypt>
</xml>


2018-01-08 03:11:40 debug :
------------
String:
account-ticket<xml>
    <AppId><![CDATA[wx7f83e93205d2fd31]]></AppId>
    <Encrypt><![CDATA[JPZe1qcZAAMbhI6EY3/UhDE3s64/8MBV1BurgKwIWuYxOuuKf+nEyfrwVUVT9Eu0FU4dBSrd3WSuB9HAP0ByffL/vcKTLpqDDXWRJ22SDHUmkQKgdJlazbJIXNKStmgQGi43AMNqcDXopVHlSMpDSE/2U39TacvR7NHWV+enzF9bTi2ll2eqrm7jS+IaREZHYNDUXj+xjHvRjV0VBYg0nqqs6JV+XtJ8QCTUxA1Q5vPotd8eqYXBB50l5OL900QEf0ph2wVNGLJJDH4Y6dsZCKaey3iVVGcEk/4/WIHzmue9LjQe48jz0pN0BxmO0GwdJdI8gzQXjsDVVSY7LIkoTrGltznKbJ0MGx4i54nb6Dx/oXcKQ/eyP/YU8TOPBq5k4eHQZ+EVo9JTSejyj4c4kWXkWMg5OZxzdZkenbhixamkXN7xDKhYDjoiBejmDRkXMqT0FUCVs4VtM20HhqgNSw==]]></Encrypt>
</xml>


2018-01-08 03:18:58 debug :
------------
String:
account-ticket<xml>
    <AppId><![CDATA[wx7f83e93205d2fd31]]></AppId>
    <Encrypt><![CDATA[h9YV2vIfgQTIYoImJtMJBaT8mLqlKUVXUk2HRhAQ88DQ/S9QlUnYGZ0RIZJCdBhG21bycEXiyGWmq6sx+wSEvuA2eEA7OeOOx0XlhHIeYwjgG352UiJuZ6PC1K0QOMUVyE3WEVQY506aT5n4IWQdhz9eLKMB+IsX/XA24Z0EfkM/uHJ68xOwc8g6zQamuvdXlihARtUW0ZUaLbq65ZzBCGh5F4G+kqZlJARYhQX7ROufdvZ2P/UdOmig9w2ekRElWtCBH7y9rHq/fmDAvhAk2+onCCOZNg/iZe2R9jEgEr2t4/W8ODFgEtESfEq5NHf7XzwP+Wkf/iXmn0NAysAFGh+3zVcwxZUTlO0e3MXaMjQj4FhCGwGLIV6dTGuz7QJAuL1RX4o/uzQmtn/1OG/cmLE7dR8rYw3NWMzTXg4Nl6OXu04qL5vCOCXCGfMse2c7EmIXOvzz7alyt30fN70Ftw==]]></Encrypt>
</xml>


2018-01-08 03:28:55 debug :
------------
String:
account-ticket<xml>
    <AppId><![CDATA[wx7f83e93205d2fd31]]></AppId>
    <Encrypt><![CDATA[kwJexgmcn8nWJTYbS3hIXeFlrCHBV4NtBuOaUvRvygBOPs53VcV6v4wQL/qhdVyJvNbSutVcD9GK8l9H0fn7B4XOAga3HBfJuqD4/Iqc6lOttO4JRf8m/b13/vIPBuahNuG3HdeUFX475UzeXTVjTge/6AY4sbexZ+m1wcPxXNDQ8s6lqPaDk2R8EY1HtNfTeyyo2SFaLA+uIMMPCzwUjhQGUHUpshS0nQX0HcbhCNtmHfglN49XZGUoHRBbLTRO/ciRDdzu6P6B2VfrKbR3R0sRSQliIZjDOllu389iSDf1fnb+5C1xk/v+mx1vFHm4PNqNMjRZPVuhEcrPadrTufjvpXz48vDgxVGBPNhZ2oQlqSptzhnTC4kT+ks3SH2TnKPpWL9hdCIdVKwYu9eld2KWPFx7jju8ya3podHQ4fImFvtLK4pe14MjZ3jQV3cxQAT59d7EN11OAOfWLC/WAQ==]]></Encrypt>
</xml>


2018-01-08 03:39:20 debug :
------------
String:
account-ticket<xml>
    <AppId><![CDATA[wx7f83e93205d2fd31]]></AppId>
    <Encrypt><![CDATA[bUcCOmbZBF72v16GeIsn6XQjugQQI8X+fqLj0rdu+5OcUjMI1pwIDRn2irzyeOUk+y0stW4s4G2P/mplK39lABA4G/vLmjFtjrp69T5NyNSJPL/goj4HGzTXACgzJ+w5BGHZnrhS+AjAvkVsUWvpNRlzRKfWzDfelOHXC3Kel2jy6fjv+AMBH0QP2R1NyXjHvk6HqOkRhgwi6OqA5Cw1iQc/yEv8dbs6u8UVVulRlIn5awznyrw2TjmuF2Kfl6ZKVQbsA4qbgoYaOC2fAdy4wV4Wrej1WNtXN/JpQdodaiQlymblGgP8MQILd0uwMHnaTyBahkrJHVDltwTCIqwtpLQBlseZx4tzE0IGIsF8WXQZsvfW/8PL+8dKN6rcMdLzcJpFeIwY5lWfmHrd07NTVrj2+1XxXE7HIq02c+YFo3SJr2+NFEGABmJVIt5VIZiUsvw90/6cB5siLqF9NpBnJg==]]></Encrypt>
</xml>


2018-01-08 03:49:09 debug :
------------
String:
account-ticket<xml>
    <AppId><![CDATA[wx7f83e93205d2fd31]]></AppId>
    <Encrypt><![CDATA[+307faI5hYVcN3RPBGQHqu93cGw50BYS0tVixTc2/J+bfTGQe0p9bbJDCB0KIV9i5LDsX0MYC//dfV8/VabMmU5K3qRPf0EWutEcRLRUCjp00G55UpmfooPm+jbery6djFd+Kpbh2155SogfuUZkDCnKKWM+m5cizc3YfhFjdl4dwuDCQMOkVkYZZ62Wh8OgCkARWyKjI25vInu6FdPyeAZPCXJYPHxAphV+YJaJvdDCg6lhEZnL47dbh1JSBQ8P+VZGaBj482ccf024JyzH//AwgYX09k48n/bpbsYdJwaiWEoft/+uHTdBSWfmk+ZxkTbIJebcDnc0aACyoBUicsE0qz+3+HteRD4JPJMM/OPAIhf4L4BugWz4FgPw/cpTWDg+YY/PY3MNl0/WeiOr6sN8E8wteKsIO72CxxJ1jcoQF30Zwjhmw/yZMVol7jD6irNlUlh5TPP3soPNYgRn4A==]]></Encrypt>
</xml>


2018-01-08 03:58:51 debug :
------------
String:
account-ticket<xml>
    <AppId><![CDATA[wx7f83e93205d2fd31]]></AppId>
    <Encrypt><![CDATA[bN3Hiq4UhYQXzci3yVlq7/348PXPX1nD5NqyoYdin4R6PsgT4AkKlUt5++gq25UwM54T5iL39KD9Hz1fKrkoaLEDzNNFYTB388eUkojznhoahp+ApePF6RavFXwpxqKEAspTZVlIKqDexZ6AHzWEJ6rLWyq9+H4o0zIuMUxhJ+T0MbsukGLxxc5PX8TMvLfOaiqOiHzyRTq3OyA9uWLbgU+XXlX1GxGGY6m50nFv+thJqdy3Ca3u2HD7KvqTR3eq+rRYCaUnjTWWx/9y+/LQypiSnPpGELMqnbHn5OiJqpv9E8gv65lUAfZNNGxELt1Dn7jKTbJPHkpxINtoWPnUvO4yjirft17wVBrp1gKi0ltv35v6q9b4hew9cQUUEmHW5/emdG2LW4Tj7HCDRVLJNie+7KyLLroA++BZAQ06Rrg2t94p23VreRzE5RrGzHrW/aw9Uk1EYPy8I/AuEs8N3A==]]></Encrypt>
</xml>


2018-01-08 04:11:50 debug :
------------
String:
account-ticket<xml>
    <AppId><![CDATA[wx7f83e93205d2fd31]]></AppId>
    <Encrypt><![CDATA[VMtq89v/AUFaRj3F/IjBdEfqxKO5puWMEX4nYA7VHkj3tLqrwzwvDPX+rIqqL4a1Vpw6J+APaOqKdhcKltSjk1+nFHNjk/HC17yeYuGmvtI1l+njZrWfz22n0YqxorbYAdHAaRCjMQ523ItulZU8GhWHeKXiCCiyjvj8BxoYlTb9Rh4a/RSeZO1KdSvmeDOyXOia/GZtGHoxt6V7X+kXVzmxZ2lM8WbkPcRccpVCT7UuHKfthq8PvJSZGRWDAoiZVQaJHGXIaZpqpMIEcN4Y/s3Xkssz6rJ/MswDE4nbjBgfMZwFXotJvIpfnDRhVbILGfjG3ib11Cx6knsKLHgaytTOtpexXE5io4wT95DKAfPckDBjhj/S16P+Je8nPAS8wDFtpmTGdnTLU2K6OknNznrUEt0CSM3/dx6kIMfNxJMHq6F+pZ1GLfjfMbDUzodKlhJHWqC6Zj9FGQvaN6VhOQ==]]></Encrypt>
</xml>


2018-01-08 04:18:53 debug :
------------
String:
account-ticket<xml>
    <AppId><![CDATA[wx7f83e93205d2fd31]]></AppId>
    <Encrypt><![CDATA[zQ5jFExs3Tq4sBM3r3bHsST+tPznIJMxN1P/tOZ2uRQ/8+NuEyZtrtececkCKnD5KiOE6lgjvkUJFPkPWAHMYyA2AbGcLv9jzC3cDbsdh4oRau1KfJ/oaY6idRZe2+p32Kon7nkz/eSVSnPuhS7gU2UJDcs3z62+TLIGqS1EwTLCmnlbAugmo6BzM1jkaPiVw+IO9HkAUp/tXhjrsg2a+ay+B3nZBuqSNtMfdUmork7qI51uGMZEBJ1bDOI1DEWiZ12idcHmNtOYB6oRz0bgN2+7FDtJL2q9ZHr7lapjO96ijFhMCY+MqCkkyzvLzjqq8HtasnPVxGGHHYcuedp4dD9I3P7ddpB6Zg0n+aB/voWffbYknCDavdbzekTOOfAoQYNUKBGHhA1jFfGonl+pRtRm6mnhF4+FZOauWtKRYcS9jX2gm2zcPoW3PVr5ETacGCKeATXjCHUlmc7qLkXvoA==]]></Encrypt>
</xml>


2018-01-08 04:28:44 debug :
------------
String:
account-ticket<xml>
    <AppId><![CDATA[wx7f83e93205d2fd31]]></AppId>
    <Encrypt><![CDATA[wITW47nWksChjL3wb+FCicZVjcN9AceKtvKaE3AGfotuJyAGdbePXrIaFmj3T6qfuqC6w+DwjiVa1iRAi3W7kJS2mqk00/8rCww/0zpn3l168xQCv700Ky0CJYILXSYdeLKIqbKCJoXjXMGTMmnxhAMRmSlOnv3OiwFA4AnCX7B1ycTEfOPi2keM9MIpQJyx8wMLKrT2hK9E8DYue65KUP2sJ/jrf7rBRfHMj6Mfq3QCgTicsrszIVs/83fMwEcIPZKykilBSLUFsWkwDoDKDvzBlS3v02cHbys9viayHYMrK/L6h3fEAW5dVZPTPhK+lfcxXnMKQGDQamGK1/PW+QyFTQHj3PnEoM1QzHBJ+0/arNnh1W94tz+v9uprr3Y30ClCTD/AXacB4m1B9wg+mbypiu+lBaJFVKUCBdHSxrm72yT/r8d27HMyAwcQf3w6qtqoYymhiTB/PIvD72MUTg==]]></Encrypt>
</xml>


2018-01-08 04:39:16 debug :
------------
String:
account-ticket<xml>
    <AppId><![CDATA[wx7f83e93205d2fd31]]></AppId>
    <Encrypt><![CDATA[WP+Bg/z6qOb5c7E1xpy27vxR0W3CPQ9wFsRNt1h/ufhwjfxDj7T3weNP+4Kjh6Njfbu7/BRqSug+wCrKAIHcil364wu5cIU/EN6fU1QIRp7Q3THy3vQvn8lFZJZBE+BkTUr7DvxjNj2o98Wbh/joh6J8EQq5hmfR6kl+t2T+YuDsukigvxuj3ZW8etihvmd4bRcSSRsa/QSssPuEpsKJPHtb0JsXVhPTPYB5W+/Rw/fYrTzPz3z1Is8cvegB1KLHKpTepqsh7QE4RCHlw9w4GaR8KUUYj6LNUBUCEoeEpyU3WW3fMyD1Sz/rJhSJi0veX6nrn/Ye/roAIsNmzJyoCtttL8N31JrgIqrJBzBQuTcyJvHF51njTDEi7UhWYzPCkG6qTqBTlUS5+voqS4jsRUuwz+tu/dMowWAHU4ggnrBrhLZF4kVohzu/yD8RQY8wT91ogjXTe6rjMARQFGOIjA==]]></Encrypt>
</xml>


2018-01-08 04:48:23 debug :
------------
String:
account-ticket<xml>
    <AppId><![CDATA[wx7f83e93205d2fd31]]></AppId>
    <Encrypt><![CDATA[i4Ke3eIxicvmSxV2UtvZppBzc9/e+OrdaVoOsy9zuFPBeaWCp4HbDRc2Ce2Vvtm6JCJxhyjrtnwyINPOonwdZMx2bqSPsaVSObRKM3pn7AXbvsfJlqlbFXwbF+bDTT0iPWkqaw5/FRVdP4bEA713DcQFYHfuvnEEVwJmH3hUrTnO33W1ALUZ7P4z6Za9yDY4mq0Sae1bKdOe1prQRFG4X35CNpN70aM2Pqp2zQRR4mN3xc6mvgchJFqeQUwCO14tLlA7SWBBrWPJHr2VozW+gZvuBWb6fYDXhieZM7nhXWfrcDrb/d6C3y6cT2xSmLom6H1yhR/9dMp7MmCZ1jmh2IklHJp3SO4ygMxmOnfqb6sliDJqJOWcmXDUxDXo6D7f+xM+KaQ5Lot3xcMqrWQs5dmR+/b+jYCuO3YgTZz/bwDsrt0PPlcKwEBS92gZ1gKwEo/saVHpSknonZTlI1QNWA==]]></Encrypt>
</xml>


2018-01-08 04:58:50 debug :
------------
String:
account-ticket<xml>
    <AppId><![CDATA[wx7f83e93205d2fd31]]></AppId>
    <Encrypt><![CDATA[42KhfpXimTdTCNn4Gb/75mLwG3zffMiB4VEJotINyNCK7++kapD+nljVppNYrjhsnZ1fv/GThbvB/VqL7HAK9vtsZtRsDScYPH7vznAkASaHC4DU+Kjnlf7R3m6sLZjEdTCHD7+7k7r1qIz4c/3fRCcsMi6Q6ZketaMnwnpGD35SxotlglHWdZPpQqvIpuxnEofLex4aLxczBCej4d+XQCcct5qf3AQxO5G5MRf/vNnUVmbUq+enIJ1o63e7v60iyZKxMk/Xwy7ZVOlHMAIYzVBWDb0kodHQK48oJM2gtVDS04JPWMfe7HP0UOiNvzAsxRav6zKU2i8Eu23naXmoyq3ZGIbsSE99Z3VfXwlg2qa90q814lTGwtpPV0lIWRUqG6qnMVCrBvLbjVTx7Au1fC1y3mQKgkmXJesI8GF9heLkKQA5C3UJe1yN2Tfs1sQghO9CM4FU/uPns97GOtl46g==]]></Encrypt>
</xml>


2018-01-08 05:09:35 debug :
------------
String:
account-ticket<xml>
    <AppId><![CDATA[wx7f83e93205d2fd31]]></AppId>
    <Encrypt><![CDATA[ll8CzJrU2mIdYT8hh+tBQv5Q9og9OLRxIOBYUMdXg2AakgEY9u4jcDfLQbMmfPd+xhtRJyuAgQixhH2qKFHijxwOA2ZA07cv+ERt56Cwj7hRuFsyri6zYxdo4LexQfH4UcTue9zzOSM7ve23dc7Ccw+GaK76QkurHx3nUxN4FBj0sqpuOB6O34CUVN1tvg7mET5646OeBgfAmjmvx8T9gLvXX9ceNAv9/0qdla4wwLtQDu470Bq7NpGTmd+Ua1MO3m0Z9ZuZMjL8QWAqWlloQJeNOq2sfcVUYV/0US0LD3vIT0pxrbMop+38Bp+qckIOjcukbNGDhgasWRwZ3OICDuQCQAyjr9vUps0VTPIvVrPOl6F5LpLQ8g36oLbndlLYRfYTsU/gBpznwf+TBIX65dh/70vbAJc5UfZUSoAQ7DN7n7SqkvQ4OAyz1rEa5N7nA26CEwIOH/0dgMb6g1Z7Cg==]]></Encrypt>
</xml>


2018-01-08 05:18:29 debug :
------------
String:
account-ticket<xml>
    <AppId><![CDATA[wx7f83e93205d2fd31]]></AppId>
    <Encrypt><![CDATA[QTISrpNsJeKBWTEAcQxkGS/nmolSU40zgXqz05c+IfgpcIOytpjQsR3jnDXGNE2CWVDv7wKDsBrPlkDTHORmFiMvk2c325wSDXvbw0UKoIDtB3E8DfvfTHGkYAcAtRhUsL7/0vlegIAt/1rIyHN/AUi4paK+lTYI6VkIZD14bddWrEsMzLXw0IxsK3qBVJkxiCEllDojQ7sv4jdrAUrI9oBbmGlUjHFI/VUSVqVjy/omI7WM/ynYDhH+5h3aX7+0N3HBxJYUhf+jAUam+Dsf1eY/unj2pEdt7oSQGUB510GYpSP5tuEcoXGXxpdwHZ3z0Z3l1zbLxASyekwalwNisHqbElW/HuGEz3UcT7ER5rb/BPnf15yEAO4OxphMSZuY0DgZzs/6PEdfyIvcO4hZoAoL6bkMDgh6rCFyYz2GlstkjQD+dXSpKd4ekX9xvQeFSGGYzymYd8wTCvQUhWUmjg==]]></Encrypt>
</xml>


2018-01-08 05:28:40 debug :
------------
String:
account-ticket<xml>
    <AppId><![CDATA[wx7f83e93205d2fd31]]></AppId>
    <Encrypt><![CDATA[MoQS3S0gGo05xLu8gnK3vGKE3EqHxeOwx1ZYysOaNDicMZAO0VJEvRUOzOssgDYF6PgxpOUbHqO8pXz8a62ZLEMVa+lxmZqheL/+we7XWvivgDU6SyUWe2cGqrvSRS1iUOI2II/6EeWgsOwxXikcHWvmgib33e8g9PFnva15EBeQLRC1CjQaGevlaQXSdO2vmHzQTFZqRoLq/cGTMSjGdSjTuG9VBrWo0oMIuNMeszXNbZnYXcfAfLkhkrRuPIG8dS46qGxjqgAFu94X01+ITLEftWZxSKCM9KARIh7Ty8WhDKKuHpIu+M5/u6znag6SdTqX+vVLemGc1Amzb0Q1spme9mKlX4fALcTB8rdtAz4w/7lhFJihZ0huEV4YqPL5VfAkFppy77zxOxc/y6do3jt/nK7fGXqjztfwLrC/1gfTklDY7ejkjx79/McChsmhKrY8++GKt9Q1F+p+BgqIjQ==]]></Encrypt>
</xml>


2018-01-08 05:38:27 debug :
------------
String:
account-ticket<xml>
    <AppId><![CDATA[wx7f83e93205d2fd31]]></AppId>
    <Encrypt><![CDATA[hdJJvTQcn6OGsL8Xzj802rLzHs9ge0P2LdEONqctysMJ1/izG0nD36L63ubjebisQDBXrRoeWnxm7GqhrmKnOWAmZyhN4jD5ouppLzT5eBCr8/EAjJSrVDIJicW81rNydWxVj7k9vZC4Q39orvpjoDRmF79b3bPK8xPXradP5JtzRiQ/bM2yMa7Oz1srnr09dn4eJu9Miw9jHCI1U45VPXv8cXKcWzz20MQ/ua8o9RV9FdsFFjwS4iV8QEzIksEq3ZcUvzftr70J5xC3J0DDMagAxaLuLM9QfoJPSPbtlYJvdNX1iWnhMWEu7U58fpO5iqTRENpx20LD1moe54AWo8xWowA18sitbplN+dsr23g/3+vEZpVYxgneIL4p76Vs531tywTne23/F0432SZXoxKvVvPyB1bVHwvT/jTgempT1VbZPETwIN+H9XKTD2Zbfwu/hM1q2/5iMK/IRMnsag==]]></Encrypt>
</xml>


2018-01-08 05:48:30 debug :
------------
String:
account-ticket<xml>
    <AppId><![CDATA[wx7f83e93205d2fd31]]></AppId>
    <Encrypt><![CDATA[6fQ+5FVG6kRXiybMOS0P5fQjezoSH0EPrs2WO4uOYqq47kwfkH7ej3AfAwZuM/F2MArKFPro6PgH17WJYhekuAefibp8OshtTxD26j9c0csfM5oQPTlTINEhzHZbEYUyW8JnbIR+XPTL/WNdPJGsHvglBYzHnC8AormPxjBLDun05N+EEg79WIzyCpCBX377MZKbpOqAqQI6lQacB7T393HUURQKH1uTerd0h+VYRtPvYWSHjRjUHQOEQI9DZDGpLz0fbOAMMEV0x5Cznlb4ZI8H9cwKPjsrxgSYMD9PFT8377mIhlX9TuxTJU/NlB/YIg4bGLUVb1B534t48gYcfvUIGah1VXKjrE/8iF+tV2UpKlvvTlbx/ReICtT3I5q62HIRa4b2XM2MtjNl2FNWJZBo8M/g0IObip38uT96eZNq8MyqEpYCdcT9tStwDVWpzrweOHVKKZi0yeFaMMfqvg==]]></Encrypt>
</xml>


2018-01-08 05:58:26 debug :
------------
String:
account-ticket<xml>
    <AppId><![CDATA[wx7f83e93205d2fd31]]></AppId>
    <Encrypt><![CDATA[+BNR3kLho8ZTrMp8rIYxdRkHphbqeWaLZhmwLLz5Z4MDp7qgE2KIaGhPFLvSXEeXKlX0vueGEMFwbeAYd7YbREVMIPtuTfF7lK49ek1RRxYESM0BjQm3vLV0sukOyjKM9bq/FQc9icUNg50FuRND8IrcYTmljDEQpmxyDdScurso4++a/sAuHlUIQiQf4x7jelrO0vYsY7/bKbvqERuGPDtGDDmtJV69enBJ8ZVD/L3EUmpOerzpidWbVC4tLETkqY7bmig/eWRja/dDPu8u0h/ca6Ra9pIrir/T8vD4aNSUA90I3f9+5PSOOvPtHtulwQtGyzVKWFAwC+whKyyGB7nyLWE0XajkdQDik65jY4zwbTmqkbyD8X+asPufMfb0J3DqS5yF3JaUscx0KVeGW47Rzpx0ADHMzZcmsO8K1xmuQ0nd5XWz9hTxOpzdfhGLI8sIQZp2tYZosKyxLlbTeA==]]></Encrypt>
</xml>


2018-01-08 06:10:44 debug :
------------
String:
account-ticket<xml>
    <AppId><![CDATA[wx7f83e93205d2fd31]]></AppId>
    <Encrypt><![CDATA[Uc+U8a8+VXOhuls1WHWsa54dGbNKwtG21a9it9ICU762GIPKNIVc3A+fJq7vG/LhHJNF1sAsp6AL0hqpu5VLnCKCRZgfj2VOcBR3p79v+qTXhknu/oRkjQK0CUJ96MMNkYIs4A3y2949mCltKFcIybhVyEUR50NcKcKsgYywX4Z9nnMvzp3+TXcyTnx/lcARDdqv9iZBXvo6oCoZXAVHc2CZACcezVWsIVa6qIdHZZKDSWhh8BE4RhdV/YvTJAbsB8FAGcr+xytARRcuzsGxxUBv7MEU8lUD5NHyl7/kppxLhNDIcUOyUX2OLW1Xm5dZBVXIcNCr/93W9yM0Babhks+pd3o74CO0LTIna2U/kY9TzsIwPvaGxK/0a84I3K0SEvDaF6MFmH7kre1NAIDkRdbTmT8rabQ2yLSqyY8W4WKiHeQ2tcgTqUGeonAEOk47CvDpCYuEW5hM2O8xmxjbtQ==]]></Encrypt>
</xml>


2018-01-08 06:18:54 debug :
------------
String:
account-ticket<xml>
    <AppId><![CDATA[wx7f83e93205d2fd31]]></AppId>
    <Encrypt><![CDATA[HBQ7sIhjn9lFtg43rAF7N8KWn5GJ1MdZjI7vKiWWKiFcEDo09wrdILQIxrr2w8eGDC8nrUo5UOx5URML2hFJwAwQ6Po7DiZp9spBgROC6SpG5nMCaOGfsUp4LTzRSUNhn4aXsK1cpWuuqPtV8j3BQJEXRHFgkq8StVbJcJbKL6u2lMh8r3jlfQSX8tYFq6URdpYxRosvZoe5TMxt8yRKCm1iiEC2BdvL2nho62vwrFyemfNnWBuzhIGVgsjdQqrldz8E5bcWCJc1Dh95JOBcRw8zKVejmIUOfhNZxu7/RfBwtxMluZqBiaRSMDjaw4RQgBpDxet5g3fIZ1qXDn29sEjyhtKn7r3C2flJyjOLtoSzI0iR3m9TtTiy81tms62MoUlfzvo3SiISKHIK1XeDj2otboP8kah7sav0o6rz8ErUfgZAwLkb6e9K9YbTlwHkOqi9CZtYu6g5BlnTR7YWzw==]]></Encrypt>
</xml>


2018-01-08 06:28:23 debug :
------------
String:
account-ticket<xml>
    <AppId><![CDATA[wx7f83e93205d2fd31]]></AppId>
    <Encrypt><![CDATA[G+lIJo0nCYlvoxLCajpmrpSfrJbl91WnI0fgevyoLTJLmK08Xlfdhmc2vwhswPJVPGYFAiZRBpxXt4YOcVmyPGgs3NkjRW1Vnl9gUPO1bXpLI33JiV3c2dHU8N0MzHxmu3VStmjiqDEuSTGlz6R4z3/YnSK904HViuttVVnlLTThh9qjG29kWtpRvdqbTZzCVwNBU5xBQhnx+ySTb1vkV0WIPerg66mnUMWVglMapBKAk6LxBR9AqScha4jvYvZs1as0qFuyayCO+G3nSkCZlseZkhs8i3xpy7RLCFU5F3CpqHX9/QRsMTsBeWE0wuzUFv9/R9tuy8zphMj5tvUo8u6HUkdvWI1oZ325vbYqiLKSCigcrYitU9V1Y9EB9nKzKD5UAn4YfVdNl8oIj4ln95VBpuao8zFmc7109ZfUNzUzw3P8IzKdX9y2X4TDSTsuY10gMlmmDwnUXtJG2Coazg==]]></Encrypt>
</xml>


2018-01-08 06:38:25 debug :
------------
String:
account-ticket<xml>
    <AppId><![CDATA[wx7f83e93205d2fd31]]></AppId>
    <Encrypt><![CDATA[jQBa+PW6DNqPlSbgvVT+oiFfTZWBDdM2ieyk0Qtt4O5H8GKds+vKELOAFRp1L+1LZhGdccmbFEnYWgHlBGil0UWiSK7r++tf5wS/gyHnilwMj6zqLQ/eqkv5bIG62wdIgfNNqyxhXD84lgKaCadlIbbxdzjm7mSko6uJgJExU3U05Lh5XKJvs7hPEiPQ29jquvG1j75T0GxnCauFg6HSYR6yI4cGK5Trz/AVjF80jnbMocnpQsP5jw/VkMHEKPi58fI60i8as34QBn1StYx7nPbt8Ube78VeeK8xVOlSQqF5L9t+3EXzd9rc262+cyU6fF5QEziYZiKfUn22mVJUXBbG8yO4Ejt1TDt3W2NTxEHhTzD3mveT0PfHe4PaI0JKmRmfi6nvR8ejeSj//vNqbGzJEWIebcr69wfAUJHGShh+otH2NwDaw2t41L41LnlPazXJRVPidqwPUMKzsZ+7UA==]]></Encrypt>
</xml>


2018-01-08 06:48:20 debug :
------------
String:
account-ticket<xml>
    <AppId><![CDATA[wx7f83e93205d2fd31]]></AppId>
    <Encrypt><![CDATA[87JxC3Zu8nAWbPUOOP9jXw4vwrrLafxYuHjcQz6Rdn/u5zL0AtXMzlxAwj/3Dlt4m3HWqoTTZJwMpdzT64bZfWujLh8GeBgN//emzQmHvrK4wwIyGeDT5JEw6bVC3WUmqDycvgh3vixOPn62X5Lmqdpx3HNSU+xGbOd1a5tXTaxlQrCnCU/DKgCWOGhCXtwm988XymM158zh8GzcD/jUZWwGg/pck576iuO0y5BLdU/11mwckSxalIvBAQ1hpdjGVkHSQOhAEywT4oBidMbOpLFD2r1TSv5VLv4qPQQSyypJcVQCf3vT0QcesuwDhhevgBf0UR4qoulFsnfjIzESXWU9Hio8KkZPhy1+r4tqEY9ajw6eJrzFOrvi/46ZDtgTMuTsxYH1nvO0/zBU2DxGOKdiLOTQIzk4IPNLEgQjhi54gfTF38MZqB3oRJi3axwImLGHAo7qEuUq4DGew+vj0A==]]></Encrypt>
</xml>


2018-01-08 06:58:32 debug :
------------
String:
account-ticket<xml>
    <AppId><![CDATA[wx7f83e93205d2fd31]]></AppId>
    <Encrypt><![CDATA[9F0sXPJRYeiiQ44by63Ps8DkA38olO0oBXDNnzHqstT2ja85CHqZrqSK6jFhgN75Zm203a9Eto+y5/ombmpZbB4KklBA7Wv8OBOqTrEjZNChMIDm9Ibotvnc04oGbsXIQQp0ctye3zy4QCMD+fKUPRzV1Vm8lrMBC7jhYYcya1xOSeIOSbW+qjbxDkq37lnW0E27ybvY9hppre5/4CJOkF3fpu2VzBjkbu/PcF59Y6huPgoT+e5+MX0BWRvGR0gSyF6yZFxX6AxwqpVzzhHfOhktAzbQWbkb7PXGWDNYMCL+55ecB/J8vijobmVJKC/41nYuRXcjmKvtswZj2dT0S9LGUToFOsc3d26tYRGVtWHvo7d1Q+CXLozzGaYESFH1Kevm+VOq4RTt+dtX8wuOqWN7QqFDN7rSkdY+Et7itrwRDwjnUyBy0TcXU28ikv5SUFNCKjTlKNCZidPN2KbklA==]]></Encrypt>
</xml>


2018-01-08 07:09:37 debug :
------------
String:
account-ticket<xml>
    <AppId><![CDATA[wx7f83e93205d2fd31]]></AppId>
    <Encrypt><![CDATA[fgIYcISnvCpda1o0Ygfngq1J+/4PsEO5sc2QfkXH/EJWlkc6MxCsUWDW8Jy85mj34ihx5Varz++dtNWEpXFSOCrRTSBICvgfHrPYSqXzCKaAXI+fJ5hVuLis0sbzoPWeilySPZGGM5lbG2sZ/x3icDo6/ooYYIeGBWns6oTjfKjXgKrSo7fi3zWOArgsmaqg9QWNRwlzUWm7I5a+OIcYNNM97Wv1OIrfNhzpi/7wqJIJbby9wlW46KkncpmY3xXXm5AdtJEMEM444aY2TohmZ+L7R6lT3UFrsh4W8oLQFWic6Zf+Dh74NFkNq5EuepQnHndR3Ngk+sBrvsBx56j0sNETvYMBZ+CAXM+RJ4q/G6smI0vG7E79dlzr17lxOHUWRUnU8G6atZou9v9iZ9OcsIkQL7ndNlfa6sdoy3w1HDMwfeatVZuBEmDW0AgLJV5GPo0UujD4F1b/MoSQu/xVsQ==]]></Encrypt>
</xml>


2018-01-08 07:18:32 debug :
------------
String:
account-ticket<xml>
    <AppId><![CDATA[wx7f83e93205d2fd31]]></AppId>
    <Encrypt><![CDATA[iVkGgpEeFMEyyPbODPmvHPAVB5yFZJYY0KRUfbCWcrHKJ5P/EcE/7ZlVKmYgNUwHT4LDpclab94xZo1tfwAKB127M9KSukaKIgthab8nj49b+RlxHkiQMZvTz9IsR3ZvFmtKGHb/p2Ginsf2WU6mFqxzSttD8ZUWfdbLz4ETXbgh9TCbjRw/eYduUE3mhwyeHBcoozqZf44EIvB8iYvS7fnZeONe5aONHJCwkfeS/pQE8K/xc4Qv4WtpjoNT6fPEc6FWwIZFLtreJKBrkRFU48Q4dBdVgzjsur0ZzkYRNUX+LWqLxy4MN34DnX/xWLjyrUFsvSn+mqIKWPYqyZc+KTvjp/ctKFULWRD93DkgS/bQA5hNyM1nxlukTfjgM6w+lNtg9kZxlizlq2HYU9agHfZeXFDcEa0w/ETZ1XXg0Y6UXpZSuFpltLSJ2ksKzBnv5t3DaEH9V8xgxOIJVluZXw==]]></Encrypt>
</xml>


2018-01-08 07:28:33 debug :
------------
String:
account-ticket<xml>
    <AppId><![CDATA[wx7f83e93205d2fd31]]></AppId>
    <Encrypt><![CDATA[zxKlph6Sh5qm5FYBQeaIx+/bg4+toeDVtb7x4AD1dkfatRLFpwnG+99Y4hBc6TenOgu8OPwR/VsYHDij+5qNjbar+2Kw1FG6kmM1hlJoslpnHnQ7XCXQOVEwTocAeMIXxg7twa6Y0vCMPPrSeWlgLH2WzZ8U3l5Xazy4PYQ+QKs8WQaxZXixaU4Tf9V5DSyzZMTkzsgDKFEx4Ip7sD+qvP/iPgjx0l97MkzElroCC7R055jyyHTyMNoxdCmbaXW7xiPWpQWI2BLi/ygn3eYC7/A+MRL12N1SZRAv+YS2IqayExIxkz3uaajnOoUGbec1mfaJeiXHy2dPAgQZljYJN5O9IsCBO4snZhoRVrUupyizhwxBpCNWg6GYqIQSMkogrIHuSBhhfF3xwBX763saOPt7WYMCMUwK28c7DW07oQs8fISEeDnA3VLvCoTmwWerEUoz+1bRht41mNk5I3bWTA==]]></Encrypt>
</xml>


2018-01-08 07:39:05 debug :
------------
String:
account-ticket<xml>
    <AppId><![CDATA[wx7f83e93205d2fd31]]></AppId>
    <Encrypt><![CDATA[mthNarfEPzo/HkV7e8jnBe1eV3/6gSHvvMQvLe/HhJAASpWKHS08RSJFS1KQEmeqnr1gZw0OQQFjlnL18xPTmdKIP74/mtCgf5Yg/MdmrhlGau82MdLxI5vVTqUqwDD7hTuxrohaWnqUrmxuOD2FbtheJmeQXL/9ASoTda7lEDNk5MxavqpcJQ/8l7jdZ5E1oNHHDjSXKaOCZOA9S+LpyD3oIym6SlNuJlA6BDyz5Wb8LpLQNfRJ0Y6nBWPJZG/aiClGI481PV0zBvoyWL0dyZ26ZMzrUR8yOVA0DW+3S/OMoNi0wW3tcVn/6dz1XWg0XZoTpiJHeNOpzjzQoKECPjojU+MUz1qg3xsM5lQv4LrTAGVTWn6BNBIgKhqePyTufbMp1sx44UtCjmF07DNMdjZNhuRgeDntjXnzvvt/Q25blrv1X6wXFh6gAGOhq0mZXY6J1TC+mBM/WJsePtGDjw==]]></Encrypt>
</xml>


2018-01-08 07:48:27 debug :
------------
String:
account-ticket<xml>
    <AppId><![CDATA[wx7f83e93205d2fd31]]></AppId>
    <Encrypt><![CDATA[1ZexPBBji0Hbpv15jnDsaKO/BuFb2pzk31uuDYrqB2guYcM8s48LutBk4FtjAyYAoT9menn6Hgdh7OglvsP3qiVsQweTRX+BWErH07ewzkUwq/Xywosd9Q61VLdivLdIWeEAmJEMsyu8t3Zpd+PU0o0tyPiOqr2px0JkumLrx0E979R18mJdN3lrfB8X1jQjE/6QsMtMAcpGZXq8Km4gM2Yygnfavqh+6PSDQozvDNEt+2a7EdOiwGOlCpVhQF2tlKskaVKm6fOJ2kp1qlBaW/BbtXzllHga2cFBhAKMxrHbstK9nuXX683H/wXjxlgEnjtORcIbCGdww9JW91yXFKYfKsGpnMYwncydNARfGrICad54bNlXB+vQR7/CpzgYY2y78CZG7/oGfekF5vgfJpgQPSv9IxQPvtECDY2l0HVK9wZJo5IeqID26LkkgsWn2IvcXjRFYR3PDj+FnmoHzQ==]]></Encrypt>
</xml>


2018-01-08 07:58:34 debug :
------------
String:
account-ticket<xml>
    <AppId><![CDATA[wx7f83e93205d2fd31]]></AppId>
    <Encrypt><![CDATA[8KtX4IjXzDKlVCnwZJfYdiXG1Mi9VFRXDTlp0XqqPiAOhWDxsnQBwB0Pv+flqHfvtnfyCVmIEojUrbcqmkCD69MTYSU0+7yTr+DxMf3x1whrzu3PmEeLneY+jrNZizc3B+8+r+TXoX4PJ9kRx878nyxHBdI09kZVdQ8LMPW0x2mI4Bb0jru3Hy+8xWyV6BBKdPB7D8IwZ4GVKe6h87103DlTtPTmdW6ivgb/lJUln/P8bJnGfOBd3lhPhQhIOjSlUGu4K4MB86MU1tO4n7spAaWsQl7ADoZj8nFvLF3/ho7zK4C3880/7MSXRbHL28lIexcyfW1RNQo5N5xg8q++ln0YXbeLImCIcleVQOKVu+X1KDCO6vxCOwyQiuQFq9J0OCPuJFA5yfj+SjmOPHnc67611dfDWO8BnLtxxfjDtjDCMl7dnxZQvvfHSHj+UlZou8Vrq+BJYKRxTjZczZ/8NA==]]></Encrypt>
</xml>


2018-01-08 08:08:59 debug :
------------
String:
account-ticket<xml>
    <AppId><![CDATA[wx7f83e93205d2fd31]]></AppId>
    <Encrypt><![CDATA[ENgPhS6ioWGknGcujh8pla/ocqj0WBqoyapGoa5Js8I0tFp0d+rbyUyWBdDDB0ifMei4A+Te9O9t3+eXRUndeM5WZ2X8nk73kzEpJ/OkiBfjdZxk81uD3Lr02bRHPxXesolL8Hw4WWBEiYlteirfMM+FP/zgi+5XtseMthigub6zvJENJKC2Pofaf9N+UFzNS7Y55TDMZ/nd/QMarj3sO5Sxi7hmU8zyU6etigccmXjIpxoFmAkUPpWV2Mkz36ak7iaJmO9ie/nTIdYluhKiO9Xz1hnfRkKO4UEqg1MkSUGUsq6VJKPU284j48dFqcNbW+biq/+CAhswgZrbp3cSnnyGWIdGsmWxvEcPTQzLAYKjrkk3doB5B3vK0PEtpPHmlJQH5YrgpnmL3LnqV6OgG0IyRk86MV5mEDAqQpGdz5E2oMI2PBAGtOZx0taoa2rLrQtyvm6KLzXcuHlTk9KC6A==]]></Encrypt>
</xml>


2018-01-08 08:18:50 debug :
------------
String:
account-ticket<xml>
    <AppId><![CDATA[wx7f83e93205d2fd31]]></AppId>
    <Encrypt><![CDATA[2bEedc1iCpBbQAbC73+Hpt1OxY+NTikie1HaesTwL+XdyAfTFvFjQAgXd4THs6vIfMDS+lDckZ6yhRPtpOe2USxgC6cLdVcW+iDsliv+7cgfF3Bv3VGOifYFHS3BM8khjniC6+MflBag3TQxdM8YLVlev6Jr0Ph0kSUQstKVJ1b3Jm2T3qervjoeXHu8iqhRmvztSvMablfiPu4E3ykmNxivvkE99YKVifWsI5g6a0bTbbP1L8bIJjO8L5DjXVz7XBXLNXugsTONgZGmFbSXPRxKDoZOEb0PGhh9T9dkrqyD9fAsPLCv2UM6twjPaVnDsBLToXbQOwC+8JTRMfZqJl+GvOPyV0I1sjVIgGuBgv4rZ2m0HIVWQFkvliVCe0+y4nirrIa1kmeTuSlLEXTKS/R/pdHXHiqI6DqJ6NAT8MDkVmQf8NGRT3YoFYzvN41iNmLQEwKpZHzSr7D5Y3SBCA==]]></Encrypt>
</xml>


2018-01-08 08:28:52 debug :
------------
String:
account-ticket<xml>
    <AppId><![CDATA[wx7f83e93205d2fd31]]></AppId>
    <Encrypt><![CDATA[gfs7yRJjuxjkrEv0KSQMswXkmDFuDCXUbUClsKPi4/aybyXlkHRcDzsU5XAoqXKxR4IZeiLsCSpo37gNnG49rswlGPpYX8T/MoPisumea9/DPwnAFYV6E06FMiMSrbygrRuEbiUHf8VROfqnMKAI2TmBauy6RCmr+gQuPT3aO4djplCj5GxfsKGXp+5hVG2Thoz12Xw1Mr89SvHIU7gtf4+e7uHbHJ6Gu/uB549kp1/PU26u0XJ0HjFZ0WM8ESesfOubo0BjQ8e/dV/0H/bStDis0ZEUu4YyH7dUDnIU1gzNto+wGN2tCO87/KrHr3xKXmb7CgRZBbIW01E9uhbqo+i9x8+ocu5VqtXnGGxe1ypCWAjC4EnUbvIYBzfBvvyZpvb+uEUjhpQXhezNm3UR/n9F8TNr/tolyGKziI6zexM6ZV67sjs/WGcODOiETpQHixuDflFPpwfHVLKRFIRIdQ==]]></Encrypt>
</xml>


2018-01-08 08:39:08 debug :
------------
String:
account-ticket<xml>
    <AppId><![CDATA[wx7f83e93205d2fd31]]></AppId>
    <Encrypt><![CDATA[Ks25cOhiujChcm21qgj4qitogC6palBUXko91CHy55QoIC70KTceIuyTU7sFaCfTN5QGjnICYDEtrS3GwvH3GalCmcg39fkVK3bn6Zxam5y87CbW3dfPArNfQKhLFdLYkWmm/igDyWCE9WceSgWqP0ATo1xYRfZXdYLtYFow5xDQ2D/vh3QM/Zf9LQuIy4G7ssciUAb+VxUPwhAi4sZydJY3Juiz+s4qRFH8kVR7XTutf8cpsOReqov3SaMo0Jq30uzILomm6Qc/TW9YoVQ8l132Y3w5PjHFrCWwVmzhYjMCIdXd44EaDa2OtLU2HlcY+gwZZEEfkO02yXovmSExotZ90d1E3HxUpDUlXVLy4xeBHNR0XPtcrUIydo/GyoxuZKccAU/tqqf69qk7UtREvN+W6L7J1+vQ1UHLXRkwsp5ojlUaHA2RtSqRj2dO6dkC3eMpIHFm0TKvbM4iDhVP3A==]]></Encrypt>
</xml>


2018-01-08 08:49:12 debug :
------------
String:
account-ticket<xml>
    <AppId><![CDATA[wx7f83e93205d2fd31]]></AppId>
    <Encrypt><![CDATA[2aRzmCf9aMjJ6NjEd6O4VglNXCuh9/zepMlf8zayf9YWlx1ZNlSQIYUEPLTkq9ubTUrLCbxmJ/q0picmfJDHzshG6RJtk3nctKcZ+lxdtiqJkIH/AVKevJQ30vq/CEvqDDbk5Tm/zOlVOte7mviI1tIgcFzVi8M8ojuvTVYKetXbVAKQXps9CoIgy7DaGI6hDy4huz2Jz4oVQdiOFTsP6p4vSfTYmPkcMH0ulncGQDxnWiMozrqfQ7ooZT+4RGH0lwk+14QSG4pg0KNzY3m9QQ94DXcsX3MhbhQJd8+V+XFIQ6BBC6J0iNw0FiOBkydQk7V61aObEnUSjxkLlN2VMvNz6IAscEVz9bgAxsEj9xfr63F+FmJE85DB7Sr4WztWK3KNHkojWAgZYotVvpl7n+UqE3zpZhuRFjyhcn5l/egJraRvcx0rb+frqu5NUMbwiT+Z4t4qgzjnN8XGQWVW7A==]]></Encrypt>
</xml>


2018-01-08 08:58:42 debug :
------------
String:
account-ticket<xml>
    <AppId><![CDATA[wx7f83e93205d2fd31]]></AppId>
    <Encrypt><![CDATA[FZbtfVELKlrHLTlYvdp6B98WQzV7HDMuFsiNsw1EXwwnI3EqgsMIiseXVCsGMSgQYMQN8VcFC6swtbCPDkhiwaX/WSR4KyvtlY9BG72BtqLUw7DblZKMFpwFQNvQcffUrkwpZpKa8Ue5obbFYGQu9MPZoBFGYJ6kF2B7qLjq9evJSqiO1epxLaD44tmsv7Np0G6FXXxCvUhqq52RBgVknPIDgLucwGpfQ1NWzQbUVkyCkQow3wwpJ5oZgAf/dGZuuHaBlVFOhVM4jaRqgIOkfrDIWXaxGpBtGW9gqcbJdgH58tKLrbY2fI2lQzORcLPUBp7sUOozwpUvEINNHeN7tDxKwLuM5xH4HmeHCkJzSB58FSbZPaggx8/LprW9waaBVs2V5fGUO/8rCPPMHFboiEYJeBIq/iFgbrZi77KRS6tTDRB1hBJbcaSf3UbFQdJ+y6FPOVy+SMOMpFNkQ6wjVg==]]></Encrypt>
</xml>


2018-01-08 09:10:37 debug :
------------
String:
account-ticket<xml>
    <AppId><![CDATA[wx7f83e93205d2fd31]]></AppId>
    <Encrypt><![CDATA[i3G6e6i393egKq/00P4qmzSxfHFv0RqXihldOF/ORaOxIzg6s20uPXcrGX62y7mrOAfM0EDM8VNvWlWxOc6OHNxgRGdXwvZYLg1gpb8IJE2LH0BTeEgFztcXYNzQ5ytDWJkmRx+iZ7ewQMnCO3/7Zc7K8mKV+8rvgTqmkXHHxDtxlasdgZCInQG5DGGRqThX7yc3woGcx2ZrPtYJNCvogkybJsrYHRelISobcSSBHVgYRBFkA7urHGwXvLEjGCgpHZIw+kad18/KMqt2DeEGQKaEK7/OTDJ4yFlF9rsr8v/2mc+Uv5Nk7uyIctKas+tKkGUg9vkRPDFp+RBFEd6if4s903cys12quXbhEN219BJDZz2OYMmVgJf/UqyCfE4rQ88+KGLqncE/MHviOg0t1djwUmM6ifm8rABihu+t646AuhU7FuwORSu15e8g52q0aV2mgVGs3rh8pX1uPBG5Hw==]]></Encrypt>
</xml>


2018-01-08 09:19:12 debug :
------------
String:
account-ticket<xml>
    <AppId><![CDATA[wx7f83e93205d2fd31]]></AppId>
    <Encrypt><![CDATA[S0h3acOY5Tx+G3faZAXk5NJGXptjyxADYwwB+zaFGMlS5KfseLrg/0od2z7/zun1hjpm237fbLE24QPeyL5Wnue6vofadWxHNhcVfSlHjMiR8goaeOOgqJLsiztMgWsBC1DvMn9NSfgyhPZDbTDOeoyDqkQqRRR3gUTtK+tnDBj69nkgHr+tRu48M7F/DEBysUalrYQrmC5H7EMTHWw0rT/MJEgePTNxdocBzTNMG/zd9Hy+mU/+2XBGpC4y5cgUhUEk1IU1fvxljLmKwMl6FpNqvTEcA21Mq69xc6F43BC+Vs90sjKDYTSXHHhD2LJ5ggaORkMz+zG3y6pzEh2seQBlQd55IsKTZRo7N1va1V7LMZJ/gpjLj+iy+GuEK+83oVoxKczKbfcRMUL5ASB4edJQxdBZve4yfgx9ULpQ9/2EU0QO+N1llqWvBd8ikvJRRfQlOPZKBMYYpetC4s3KxA==]]></Encrypt>
</xml>


2018-01-08 09:29:04 debug :
------------
String:
account-ticket<xml>
    <AppId><![CDATA[wx7f83e93205d2fd31]]></AppId>
    <Encrypt><![CDATA[yBaKx/KUJhhuTWrXhFbX9wL8gzdgBRAz8DaCZw6nstvJ8YMzTg/Pa9nFZJedy0R7J5vr5uoOslU2SqdwaXou2UM+ia4S62vAHyGjriA6qtyVPjqbwU5g3e/R72/vLf7k9BY6292IkbGg8dSeMBkgGHvKeFfd5BOKjCmJ3XeTKstduc3P8sUwJVkm1KtQ3b79a96KIFm7rT/4uQvJhhazkbJHvKsLjmOs72DtygHVxDokw/LEKwGwPy/miHT9Sp8aRsT1507cyXx0ThW74antNtdqs+8AeDrs2pLePgSCKVilAGIQwFaOIn6yZ1hXxyW25pOzq+Sw8jJSe/hKXMj03sZuTaDB/PkFJ+BOwztjNyTaaaZWiuu4+jg2nUqjZTbvhfiXhSjyWuegSFTznScBbKXa6lilf1S5VQXFT0p3JNRKu7Qb8Y6LReiMvr5OBwBK5eMmQW8Lr1u4+7AusSvXyQ==]]></Encrypt>
</xml>


2018-01-08 09:39:08 debug :
------------
String:
account-ticket<xml>
    <AppId><![CDATA[wx7f83e93205d2fd31]]></AppId>
    <Encrypt><![CDATA[K1gR2Uohkgxnjcm71YCjdJbHaBcWa0s98NPR/hrIVZmF5J/R5Sx6i7e85cCxocyXgxMOz01UkEhel2qhd0NVA45A79zH2Ww5OwuetSSWbxj3c2cd855X9Dnq6IKiMf47AfYPGej1thegRHsOQ5AYx+fOw9sdrXW8VE2Qfmo6K0F8ZSeqAIAi3XN41pCezxKnyFccENTr0e2Yi6oD/i3nuSW22YShEVnpzMkEbdvdMnlYNDSBXwzCxIcNg/jbDkpIjbDmVxdjfcp8et2NZ38Bie3mv3HA+qgY7OTOIjwUqXCK9xa4gw70yfLzxYUitfq/88CGAU+o2qUrE0NudA1uYK+P3ffx6pn/zAsLSlM2mBdgS3be/MAdlPy/ZSUZbfLdxQ/SDOJK+flEfbyMtzViktUk9UBDhE8RAmdfDVUm7YWxsFydag5bwYVPbyzUXR5vsPLuQRBf3I+nvPF1oWlexA==]]></Encrypt>
</xml>


2018-01-08 09:49:27 debug :
------------
String:
account-ticket<xml>
    <AppId><![CDATA[wx7f83e93205d2fd31]]></AppId>
    <Encrypt><![CDATA[aJaojspO6KdVlfV0WP7Zh8NAkO+sHix15A92cmOCTtPR20yhg6OZqM2FugnZqdcyDUyoJCvJORbGrwsmV2X8d3arkjU+WuTOP7oETR+LauIAH1O26bT4vpxl7yITqfuucu817fl2/x+LoR3dAzT+3YVPbDZHz9k+JXFs7QDFrThcu501QBEzj9fchCfT3iVb8nFKFJD8d5QmOPAnM6vBhr1F0KaEt+zQka9LGmIRv68ER4kKvrslCyJsdcmC3Emg3Ku2Wa/zb7F8OMpE9/YA7a6azxisq0RP5oUF6HXhWTBReeh6tL8exzeie3fblHhurshAayCDRUhA4/Kr7KyfOijCpEYBSqWfvWWTZwE5r49XMkixYI+rrVr6GVTIvvRnKpRzcldGbJVKA5jh6GKX2L20lKPMdpfqLkt3fWsY/pe31YahXNXP9pcJ0KkNfax43W4sHAfr29/cnpxhJZg3QA==]]></Encrypt>
</xml>


2018-01-08 09:59:07 debug :
------------
String:
account-ticket<xml>
    <AppId><![CDATA[wx7f83e93205d2fd31]]></AppId>
    <Encrypt><![CDATA[XMkQtcIEhZ2YeaROU7PHdMs18+Su4442gWFijrgTP7zQfynkq9LHd4xnyz0IcvcaX09e9CaUu8aIi3Ju0MwSsnPoiM7BqHSWFbmz24k4yuUryUnILDjFi+GuNtjM6FrCyv+f4zFDJP+RyxLqCsj1eyTJjWysJER3AHJnA2dTRrTjXDZTCAuYJMQdxybjprcdTe8SaaRJFPB5ViIrrjdIj0yIFc9xlZQkwLz1hBSjutyaSP/MZl1t9Hk2D8YIKSE7tRYS1YU9yrL/t+3SHrSkCUKH7eXocAbPwvcjYBeogAefx6qhh005gyYbOuDPf4gQ+SxdjzDylXYP5/e7kblSyPO3+c8AhqG5wZXjoXyWg5XmjUW+e3JCt1rCsOnHZVG2ZktTWsaLH37KI1k1dkN+rvX8+C5dRjIvebLGvJYhdkyoCLsVZF3S6EiMcVD2EGsd/nfJxEDcKbD/cDyQ3muEXg==]]></Encrypt>
</xml>


2018-01-08 10:11:12 debug :
------------
String:
account-ticket<xml>
    <AppId><![CDATA[wx7f83e93205d2fd31]]></AppId>
    <Encrypt><![CDATA[KqjbSQOQt8XD9lQREBTkowdjXhKBIVuq2PcSHa+ZeHQGEENDF//Yii/w+zFU+SywH6tTo6Sk5wCdZEqqE5WFVyZUCjwsFV+Rp8KDeS7EwC1k/RV2RYvpH5rbLyJ49TVi+4sMhym6kuCZ0MKRPKwL2sgVr6IfcmFmTX7xIjXxdDDHsKW9yPHhCI8hwZj4pBaaZWnDKkLrq3+2w2ero/6wLrAz6jVxgoH7XHOIEMGgdR9g3POZeUkvJbqwPbvEmm//UdQTO3AppttE0Ci+S/W6LU8Mb8SOSRoZNXevKAspsQ0ahEFn0oSn3Dtakzd7gkwo/ksOduP4bel6/MoX2Pc/3S1lKC6921seWAmXLNaLrP6exNYNRHRQhghf5W6Q+s+6gx+CgW9Z4YQDcWDSp6WaO90/FS7gZ6NSm0kAPX9UUhKU9M7Ji9f48s3xxgpzx2DbvsfnwMNn8m4nChjg1obhKg==]]></Encrypt>
</xml>


2018-01-08 10:19:32 debug :
------------
String:
account-ticket<xml>
    <AppId><![CDATA[wx7f83e93205d2fd31]]></AppId>
    <Encrypt><![CDATA[f18qbwp6uvRT6bKkDcJoeARE3eByewgVhW4B1yG/UKiMtjU6euSO4Gp93pbJbXTDjeXtz5Tj68KfjgoNi+78YBRtjlGsA27O9NpM7D7/jgQiPGTA/Cs6PbbqjNx3Ez1ZN2+mFMAIUL7crfylim5kheCQwP6CuAEC11kYcN5uQEvZ13cdYt5vvKQ8aBNAqocc6DiVGCJ2x4GzVq8HU8k6whnl3bU5zuiLvSG1GUAWkXjK78/CYysvk15DX2KKHasXlbOEQ/popxieRgStAr/wKeMLubt+RXTkTbXF2ych2JRzkO2zcKA/MoTP3aU52OgjmxxfWEWMGDQbvpsqp0p7Iac9pyFjhLsxb8g6gNmNM4qvdPuoRJLKWnTqWFWngK6iWS4OQksE509z2KoI8lL0gonVq+oS/1tJaWqXLODU3nSfv3FAjMSnwwLisELUkxFH1N6sPgvYBtEPEWkVn7n7Tw==]]></Encrypt>
</xml>


2018-01-08 10:53:06 debug :
------------
String:
account-ticket<xml>
    <AppId><![CDATA[wx7f83e93205d2fd31]]></AppId>
    <Encrypt><![CDATA[lYO7fbGf6JzNGq9rkKRz6z094pLy82YvPcqnL+AMn3MEmPjGmsVtO6mmmEbIaav/EWZpYcJDRUf1xTPdyVra7VzOjbqSwcS3VjomxDtZE3Mewp6zLg4hT/wrLVeEHHOVAohj9A19kCH+5ALly1Wu7DVKtK61QoMddhfe4RNhn7cwlqJqGK7VnDXkFd3RMiz0oaNd6KNGVACbx7oRaryJdTCPmdSy/Eyjah5fgNHh5NIGNQfzUQamqvTu7T9t8zOuuoU8NMLzHlKVH6QIzlzOhyaPWuOmfdhNiClDz8ZoUNbjB5yDqNq4Lpwfydt1w59ieqio71kDk9qcFgvISJInV62xhxPKSCwArL2LEOVHhLn7496DkLuLixiwYHLuILAur0eZAvPFY0+2zbKkX3L9PA+N+uz5oL3kKWokjJv5MODsgnyuk1HLd5d8lMtIFczMHuRBiz/B4E+DEg7wI8nk5g==]]></Encrypt>
</xml>


2018-01-08 11:16:45 debug :
------------
String:
account-ticket<xml>
    <AppId><![CDATA[wx7f83e93205d2fd31]]></AppId>
    <Encrypt><![CDATA[CFKEipIR3JUW6lz5fbCQi3V4vhQdgA3G+rrNGyjZykzPRp6waMakFquM1jT4UKnRD2pL9mlImG0gLgmr9f5H/Q2BwCKJYyXlunxR2zdtDCyGeoAN+5rJ84HHEC9+jk/Lb8Ivt0Euy0eLWdSuo54V3T9wn6gPXB4K2Q4k5gvLmc3aMD2gYy6kZerVAwgKtdvn8ujTLse9lryLnBdEa59/JbpktB0t69u9Ge+Pmmp2a/9H9RlUSQDclEZAVJpxkZVKVQqSMqNEWRgbNCT3JffJW7smEHIyuNAupPY99fxJ7U9xgjeTX4N3M/g0xSF3sOp7CPEkcHLnyNHwj1LpGcvhrYfdKocMkW0V0MM3HgffBCN7YQmwuS2QDe8VHLLgvZkWPo9ZDFmRD7Q1Dlj1mqaTzzk0KOYykuaAovHpx9U6oIx/wnj+rLNHRSCU2xO3gW2IqW4pHZn9DnJh/g7ZY3Rmcg==]]></Encrypt>
</xml>


2018-01-08 11:17:26 debug :
------------
String:
account-ticket<xml>
    <AppId><![CDATA[wx7f83e93205d2fd31]]></AppId>
    <Encrypt><![CDATA[4b90o6A6bA98iRyqK2xkbYCYfqMzMjZt0IOGd2xFH70r+BPiimRTGCqqyaAQWRqMEltbQnOp+tA1wr5V+IYdVYoPr1t+ZGhdYCCrQ+M1ee7zjkdHVFj0fbajpff8e6e+IDqqxjdby1eextlhh+Tx0eQqyDDb6sW7X++wNyIf+1g7qsmRpeZcOxtZxs3Xz9YIaaYqsl+32g2415hLqwxVdGDW5AK+FbPXyIaw3QZGgjocNSfcFrDinHe4guk5h3Y2paoSOgHXQnuYfTM8C/McSigBwmiXFheKLle4roMNMIpWxAs2MgNT7h+YrOlWSv9XNJg92eRlWfCJNnZkIN5opCchLBXVDxEyGwEOq1FtKS6Ke7bVfE/2Z4VvgukN0l0x+GlbGr8YJflWSRJqa0aBqI4LYcg6mzRo2G0lSYDjMdDKbDXL35FxFl05icr4/R3IQPuqqn8UW3F0ydJty/PB0Q==]]></Encrypt>
</xml>


2018-01-08 11:18:07 debug :
------------
String:
account-ticket<xml>
    <AppId><![CDATA[wx7f83e93205d2fd31]]></AppId>
    <Encrypt><![CDATA[LC8mgV3mWqqS9uzE71zy0+licsL8SlCaDABLGzOv3oa/v++WrvhVHuu0TwxDcOkmadT4xsl92TDzRfWsvXNPEFrKZq2mufJlwSbe2P2IlcApWjdMO5rjuZaadi1NplPQJAv+vSw3kxsY2bMBbgWUkJYuuZDotY3Rmo/vyddCROEzb3b+0MV4inufWQrg58f4Eyhz525QE//tAegRRwXcqT8fGqrMmpDLgoTKRLTOX7x7Ty+qXZR53/fQuc3pUy+qrvyBam6/rTN7+l8tyxG1qRSklkLe9Cv+ZaImtpOSW2HJpoKLMNZ/weSGCwaoWyfN8PBGBjNkpcMeyEz1X/B0ZdirSJBUhMuE/1r5sBUP/ROD+X6z9/AdGp6IwrnEUXtID5wKe5mdg6w3uaOP7TeGaIKXaloZLPtCDEWMD04IPOy2ZzQ3NXSU/z0rxmjfAsx1AqED9Bt44yaKYA5FVVeT8w==]]></Encrypt>
</xml>


2018-01-08 11:20:13 debug :
------------
String:
account-ticket<xml>
    <AppId><![CDATA[wx7f83e93205d2fd31]]></AppId>
    <Encrypt><![CDATA[b6nxENW81Tv1OC28P7mEtEeGNy0X5/XPE3DWpLZg4PPLpGUmroTo5euuUVq6vJUjIH5MwgH8xgCC84JCWEzyepx1tyzHVaNb1lk1U3JXrZyrC2U1bG+mXVVCQlanN5RU/VGhllbiDSKP1N3mh4BSnUK8mm733jKnXZF1G0njOc/X55yTAJ625ok6C2Vi/5ZUQFSsnkqpdZ5R4w52dmj9vanCJ+IZdUw7bN1fkmjAPNrwCN0Cb5t0S5VvjFxD2EaXlKsom1aX3PegjLnGtKLnOtQ+otfUqqNFXhgEWj0PVrl6SGTmNTEh57NNU8/FK0okGz0FnDu6QJgbZfY6UrRkX/znHW3I4pBPVJKbw8TmAAwtU0e7r+lHaWKcFWDN6j2L+xHdym7VEOidJaWM5IMDDn1wCVtUdvEXZ16UmzLxe7o6og4w+lnkUXkDA8Cj2OwaSP2o/9GJDwj8n3vjt1YqWQ==]]></Encrypt>
</xml>


2018-01-08 11:21:28 debug :
------------
String:
account-ticket<xml>
    <AppId><![CDATA[wx7f83e93205d2fd31]]></AppId>
    <Encrypt><![CDATA[IjTZxC2pmaw7kx1ZG8f/ZxpqNh35Jw2JX/pQCHRNhxeWAhpDbUbqssTOuKHHApue6yC5T6aBs/zOeVR0FzCSV2Z4cbA0dNg7GC8XiLVawX3mjB0ybc+fWYwOgCxEisbv0OdX01F8EXjXVf3JP348nY3BQXAeyaMyo/FT+Aeq0X1mj+blnmShdo2THQ4TGDbrCeGq0FgwvRdrYWfLpyVQysr4Dkdyr0jZXHrbe2h3TSEgdb2krnu8Byo29qEkxdcEY7EJprM/8X81LVsvzrTfsawitAZ3uNQhYfuhZkvAHpUWrh0zzMlXPBum8AETLPUnXwRhcgp7RBrejNr9m/Qup2KVG7TV9mYfNd1Nljz7uBcsLEb7l4WVhOKfT6mF1//cYQxUL5tPKGG5+9RYzNUM57qVeO5JQEfq/Yv7hBtWDLtDxbvQEqTKkkLqwslY4Z1T8a7LnGQ5pIw4rICzYmEb4w==]]></Encrypt>
</xml>


2018-01-08 11:25:48 debug :
------------
String:
account-ticket<xml>
    <AppId><![CDATA[wx7f83e93205d2fd31]]></AppId>
    <Encrypt><![CDATA[vHzZqfraGH/a/UQPL2rZvJVEsd759kKa34hF/PT3oLK88cu28tfQ2lERpGSfh0UMxTYqK6yzYr2NPvca6eoiiMsI5XGJ8j7zRnBLh8ULPfNU85nMe9oyWAKrJxDA2hYVUb6aZeuIecRMY7mJYi+151xk/bT/zf542xTXvSET9vv5BBj1zwBLz+pE0o/hOFh2FX/p/EoowaVUfzyMiakNsg7BlqfuW76QkuRgKozmX0HaTIAy0My8KJEdS69DqgoCsdRvdbfF0QnLLn331Sf9h+rDtQr7aj1SxK5CXeJbf2jMyc0KK+moRiB+A23Eml+b3kOyW3wDxcjvnpvGvf3wxOs00qDAwxZVHwEv3crYnqhn6QmetHqqK0u+VE0sG0PbV49EI8RA8wd3uUUc2oab5HbydLOktJ6sXjNJ9u5N94pXmlJudQu0U+UsMnoHjGn4ANOxOCGFH+7Jvm8rL0t/9g==]]></Encrypt>
</xml>


2018-01-08 11:26:37 debug :
------------
String:
account-ticket<xml>
    <AppId><![CDATA[wx7f83e93205d2fd31]]></AppId>
    <Encrypt><![CDATA[YjlChRk2oVC1YJGqYxOW0FUO8u9znp1/dewnL+uWJet+9b5RfZwTeLSXK1lg3L3ADZrJe2XHKWtJAOH7QrJf+n9TrlJDYhy+eJKa+F4j9Iv1EmrRaalxJLKK1C3TCsbPYm/oEkFYBmHHi4jzyM/hQO5YbPa0uA0v+5Z5FjzN08jR7P0wDQ4ix9sjazre039mpfU83kVpxVIzWkMpN8f/4zInX47MpGVdnIbXRKXo61Tad1RNJ3KpofAYHJj6SBKPjKefSoUV+mI4JLTVdSyJumtw2OJG+0UM7B/7jQGj+347yWr4Q6RGPuXdVdMdY8WLt6DQdSjfMr/Z9KQFuEdsBSwk0W5p2IsS6zy/LHuPc6PLdlkU4rqDogYQUDJrJ6TIBUsroaNKyesTu9sE5zzrZTVL6FMCLkmHPlLR61Gjsyx++O5G7tyKEY9DLQ9ZAC+Gux9WH0ssLWObGZOzfZ0WRw==]]></Encrypt>
</xml>


2018-01-08 11:28:21 debug :
------------
String:
account-ticket<xml>
    <AppId><![CDATA[wx7f83e93205d2fd31]]></AppId>
    <Encrypt><![CDATA[duXRjuyo6pqChEroVvKnpP6hD1wq8Sd+vUpRQYU4RcqUJ5zkY27ketnWYMK0fdBSTbWX6IpdHjdGEbv1FFofkTOF1omatuR1D+c6eppJMdpy3uNqW/8RGF1Jlbw/BYn+xeVkLlqPesoyq0E+/gmKO/NpaNJ4UX3ZQxCiEu7fG+HhGnnD4SwmeRgw0IIN+D+uvTjRIvEvZ1l7P9aL6w8cpCyodgMX2NDNg3zZO0Lt9HKBjES3Ve73UGQskhlEN2UKSgO5EPdtRo2Q3XAx664SvByn7dw3ZMyV5cyEXvplI5d2O7i200a5R0cD1mzlncHoSX1eAVTOH9UCyzr5r9MmYG+u5T4zq9yJwEnkIW/hS33htKMKQXl9PIpX3s1qHkK/lNf3Abe953Hk0bgTJrsPsZQYaQZmFe74znYhmArjd5CxwJRGynDC9euV0KwJUlDWAA3I3DYzuYwtW3FvWAz/BA==]]></Encrypt>
</xml>


2018-01-08 11:33:36 debug :
------------
String:
account-ticket<xml>
    <AppId><![CDATA[wx7f83e93205d2fd31]]></AppId>
    <Encrypt><![CDATA[5+jSbf1pZH17gdJFpn5nPNgNVY0zS1nIkligECtaQDZyrxwPxLhGISjix/QK3GP1mzhwzoEENmOVlJ8bBpP/5Jo56OjuFBAgUpvITm/Z8z62C1ROETK7XbF2AyA1ZxzjNVmyMXBPWdZnhtJwsT6wmAtUt703K7fYgVQ6O1vdZbka6PFw1TxQSsFNwI2RebETNZ5uahK792MkZliYjCyHsaMxAapVnT6eV0bwAUEBrDyyzi5zR0q1GglnrRdXMNXHOQ3KsgVaS4HfwXhbVvY40OQNv/5e5PeljRl2+R8NIk6N3GkRj0t4xRdqDbUoJE1MlJufCB0Az90MafYmaysY1y/+WVruzeqZ8+cKHvcYFYecbgSUZHl/oWOm7vvVXV2LCLPNbtVHuNdEDEz4hBByjxCA0wN4YTkmibmbdr8mvDYtw/e0D5YKSP2KgTVwuM5rr5OiTV7uHyVYYVqbj85LHw==]]></Encrypt>
</xml>


2018-01-08 11:41:11 debug :
------------
String:
account-ticket<xml>
    <AppId><![CDATA[wx7f83e93205d2fd31]]></AppId>
    <Encrypt><![CDATA[IOE77VB2exNWEJHJRkS8RvRkiYUSRsgDKUo3ydkuGvfCTgloZWBXHXcu+gv4Yp9hjeot5fILc1OJYCRpE+3k+lDWz9vUzwN6JaCTA9pWULaWZnbeN3ZQ1lRENkYy7ZhLB04Aza/TMf3/PvlEB8EjnGMuh+ejAc0hOT2rg1zvjDeSTlgj/QrjSD7HnexUFeCi5MPHQ8lhyfN8hkYhNOvG/UDemZ2bjfuWMzSf94IQ/J/ngx6a2HUt1FROHBjgi809ZKrZfQrORI+uXin7I3+7PX0ERiDiL34FQk7PrKwZUHVNrC8cplea3Bfd9btYv45WljUfY/nWefgR1YPKuEugfFv50IXYawVPnuQC9AA/00gZTzFxJb1RGsrIK5Lj5cM4Rbl9JHZs/5QRlx+l185+4He0TyYBlM9EZLk8+jXfTS6DPq37O+WTs9q4zNRBHxgktNfQaxA+3XNwFad7kxoDkw==]]></Encrypt>
</xml>


2018-01-08 11:51:08 debug :
------------
String:
account-ticket<xml>
    <AppId><![CDATA[wx7f83e93205d2fd31]]></AppId>
    <Encrypt><![CDATA[Qzws8dcHHL9JMOgWogNLADrMJLDEYXqyEOcDumwbATiFomDShwGsMKzleEwOyTz79apLV27ub4m4/iKnVfiFLtbcbpoHtPXnXQNIrZuZS2odhx+y6DNDlkTuMIOMEgNivzg8J+KesicJevZilb3ET4yG77V3YP6UXNdj3qdEzAOwA0eMcRjlDdIOY7bYLx/rqaIzjrEgMVRO40Z7ELd24wQywh+fMZZS+xMq1guSxs9lMcO9QCtSRESaJW56I7aV7EqCZ970Ig4H+/+KueQz7IdQlR6AqSNx/wQ32hgBsVrY2kvKLBybvzeM4LSG8qoi75AryLcMa3HpplcpBQ89yYqvVGP4cIic8r8aRO338vnjsuZ5wbTF0heYyiQxTn6xpzpRa9ZxjOo5GGrK65pR7IMKI0kEgnZRSN5Sr7sOYMzusCmkXxgR2+XVDrxz/HMfOEVkbYfF6Bz8h9ILuK4W6Q==]]></Encrypt>
</xml>


2018-01-08 12:01:24 debug :
------------
String:
account-ticket<xml>
    <AppId><![CDATA[wx7f83e93205d2fd31]]></AppId>
    <Encrypt><![CDATA[y0TcPJW/qNqG9o1fR4IKBgbVZ+Nglyr+5xuKzB4wmP9wtW0u34G7vb43D1OuTVmLIZ+flRoBMpHf3CbMei68R4XLYZ2gxyvhE1aUSsz0E/tI/1Y/hdhfIqFkcBO/vH3UxlVAZm/ut03Vxb7JNgZ1/CTjXbId8uGpo0426f7YXoMJeToC2pFumq8pNBWIr9bDySeZ52sTEzxtYg16XVR0r5lKAdfN64ye2pGVBJdQImg4wAK9g5G59LIuGtHXtmz2cgFxcNwIYr/m5/+Nh11E8KHQos2sY1T1vJGizH+7HMOrmPZK5thSOFL4QzsmlZTf/d7hGoWPpU9X+iXdownZRtFj0/EmXp7EIUZ80X/Cbj8eCAuZHJmjSNzxHzDzQNMgQgN6LmDU2QLbGdNKQprrlGTahI6KcXUUkKQoXuMbihbhNvVeY/v+eWupry970pfubxDxEeaF0/GsN4luRK8d3A==]]></Encrypt>
</xml>


2018-01-08 12:12:26 debug :
------------
String:
account-ticket<xml>
    <AppId><![CDATA[wx7f83e93205d2fd31]]></AppId>
    <Encrypt><![CDATA[wdb7yDz8JzR2+6nN6hgN5QcLd6bNfwN+wvtez/rEm7FcYaw0LmBhTvUvK4YTWZuA+2QGZDLl1VBBPr5hSaQVFtd2E7GmxbG92+oAZO/wp5dojipiQEo8KvSRIzrEmYBIxcKuoreDBV3vIH9osO1qCsEznL2uNWuLVMBrF+InMeiq0LfH5a6puJov2djVnRFL6O2c2jDq8wob+P2ygvTSlpK5KtMCRoIoRiPecb4GZaQuDOfbs0psiz9t+Osx5Z3tHbCoGAVr1OUNLB4sgXCtoVXiAOGvzkJ8nb9CUPMmNq+dT52SsEqadZ2HRxWigUgtwEErnyoXIgwCBWnRQR98x1vmK/tLhl3VYqDySDNQWR9NqlkoTHUZacPg8CsmLvzIdJJMmlGrzYNvcqcPvTRGVNQkGyFwkbrwairm3oxA8kCClLuCPJVNYudY2mvRxWW69zMxEJUTW3qJhHhQ0WlSDg==]]></Encrypt>
</xml>


2018-01-08 12:21:25 debug :
------------
String:
account-ticket<xml>
    <AppId><![CDATA[wx7f83e93205d2fd31]]></AppId>
    <Encrypt><![CDATA[afp9YHsFUpNsUXu6WYJhCpGW2ss7RkDeCGd0Y7yhqYcNx3J5+pDEpdfl+Jv8L3qq0UCBn1O4Yoc6v+qwiXb6U612UD8Mgh9EK1wRZIPa+lFRn3xKoymRwSDofChZsI6z0gKGEafKJ9LGEXEYNlNkh/+I3VloDc5O4KWxenv2NyWPMjMdknESB3qGW9w7kOUUlaFqw3ArJwYTbLrogW0U9w1qNjN1mLX5VRPZRNc05hGu6RbvXpEMFWfTqlNngsMMK6cNXH0fAFLU2J9ijYLIrUJmI/L9auI1TvLtx/BBlll3UKMREuZUcJCbL7MMeyX5wLCsmlNtQLCqqFvRb06JVBjeoQciJrdeQKspz90IkpcrYUBEL6JOrJjwgDttvQCOE4M1CwgafBPF/uj3FkUzPIvN4NEvmxwGQj3Iu5FLLMF0PwMLjD3JS+ueWrn4/V+extOvEu5MseDxtvKz/Sf1dA==]]></Encrypt>
</xml>


2018-01-08 12:31:29 debug :
------------
String:
account-ticket<xml>
    <AppId><![CDATA[wx7f83e93205d2fd31]]></AppId>
    <Encrypt><![CDATA[v6eyXVFQv1+8Wd7IZrzaJ5eim4l1kPePMw0NuNj95rnNz4u7/s7nVNtZ/1+u3ybg2Lbbz2ouYbqyTuUFJGrj2UiKQYram0uCBUt6x9kKLpGTAsb75ZQczNxI45LnIqQhzwjdtQVU/2NtXvyiklvklWyevh25paSn5t496G/pPKHstrSnQcz9qSo4V21GEm9LILiRhDlmDfKzy4DWfl+d1SZCyooU4ylq4UypM1u73WpnQB4SDaICXk+XoM2bfNMOZ0aYt1c6WWKh0YtUzaSuMUPeGHpZUYgH76zbf3XvtIa3NtWiAB7bL7lz09ASzL4K9G82x2EwK+U0wloxYOO6TX2RdS8Y2MHXDI7hc1stRBnHAXUWKsyG7VWI/MOMBcnsqNXow/59oROxDskaOOdehrkLjj6zLY+5TLukfhcsaIqlRpVAQtWpUDtKnbfYsD/O54wyPERjbzNGyD9uoTGxNQ==]]></Encrypt>
</xml>


2018-01-08 12:41:21 debug :
------------
String:
account-ticket<xml>
    <AppId><![CDATA[wx7f83e93205d2fd31]]></AppId>
    <Encrypt><![CDATA[CnkUry2XPt59YiMPRo/I2cjO+R0698/BsAG1ZdlUOodD+XOkqgQ7+hSfNrAgOnKqr0naosu5ahQHw+tmpCgu3dklwY8qcREtdETTLvhYX+6yy9dueLsAq3EQJIZVVnDOOcdC5Qnn4RsJG2GViDymkKltsUn2z46zQDkeUrbutUIQHgb0S6pQ/GwSapbVofRu0U4fY35w3qRRfcTxyTZeWvEQBbPg4HW1plyT8qhxJgzh3uWxBg3Hd5XKXOVc7kwG8J7SEQw+QX+7x7mI4KZWfICk9qfUBnFZODzLjoTHf9qayBXlAGADRhnOFLgXSVB2ZRztEcfgZr/z4MG6DyEaeQB+ihqSZwOtyPyVtilzIovU+/aMKdMGD9AzObqaE9mcU7MT7vkOOgn4nkP/TNoAFxEYLEIfNw0Azym+jeV2aK6RKITVbMoTvKUe4QQiSXmQGoyAt5uUV/JTu31zCzfwng==]]></Encrypt>
</xml>


2018-01-08 12:51:23 debug :
------------
String:
account-ticket<xml>
    <AppId><![CDATA[wx7f83e93205d2fd31]]></AppId>
    <Encrypt><![CDATA[Y9MtoeY2uRQ2CLM/P/yg+nzMimB/4Cj1udm0D7NMo4MJL53JYgfGiOhSEgaXHnKNDxqvBvmmxr7DFmdfFGqwEnaiE2lmUvX8h/W2/v+HTcnLikgMDmJC2qhUTVK7K2fnT2ioKwg22pqQ0dvVlRU8EYBZ4CudkY3ISxRBe5Bq7G+qgg/dUG9OS/hF5gwrPJo3wdKqOnK0xWZNQ80RlFUQ6k2FZ/YgjmTCt/HjQbpZdDRRqsD01AFscRwp/SeVtUWz5/72DBZQuJgimJGzOG5VVPXktiNCWjYh5lR9nifO/8SAGupfVSbP5Z7GVD8kzQOE1gfRypjpiY0SUrJB7j0crODPqeKsyFxI4UP1f7JjpHf8RBGknTFaAwW8t4/OXh7tRz4W+bSdCIbYZ1LZ+hOI0KtM7WwVg+rAQWPpYgcbwIBKmsBd24fm5pRaPZgCDzp0bGs0QLXAdaJpfslwb6VDPg==]]></Encrypt>
</xml>


2018-01-08 13:01:20 debug :
------------
String:
account-ticket<xml>
    <AppId><![CDATA[wx7f83e93205d2fd31]]></AppId>
    <Encrypt><![CDATA[bIA+WTPlmHZAw9l81Jgr+NqUVzYJ3AoDXRGM/YuFsxEmRGKMOAG10WgL8wHo8pxTQQBPErS9JYyTr86IscjmygTgD30DcOOjLGvtMWKfpSD1CyuOfQmoob8/yCdPKjiGI/xXbadvtz5w9fORX1tBZLJBbBP1mzPjKNwpXiApmqsuAkX7Mx9ZLcFtlFj634XzPKJ8kgUljrq3eAj2C2lxxI16JGDCN7KYvQbRh4XvTApsYo4XAWY6KmyLDGuYsxZqitycwhXGS9z8wJYKvlUl3reVYrmRJIm1fuGtnKbcvzc7QoTSNV+LXBqIqkBn+omM8+cc02TGH6cfkt7nrRNo463V8GBPal02zEOmOo/8PeQl9OLESGj0xSH2uZ9utkAbKNs1ua9Is2S+4JWpkrGsXpYeNQLdq2uIZqKaJomrFJn0L8ECg+1ioadooyjTDHRL60VLVvw/M/rFVi8rc8Xd+w==]]></Encrypt>
</xml>


2018-01-08 13:11:23 debug :
------------
String:
account-ticket<xml>
    <AppId><![CDATA[wx7f83e93205d2fd31]]></AppId>
    <Encrypt><![CDATA[jOQhM0BMjkx06OMuUenoF2HIbhqTVxE6jzCNhH+fsfmI5AE1sAK5HL+HU+amplyzEjhelv3YH1zd/tx78xRQgqOsF8Qj0yZzv1ri5/mE8QiP2ikenfeT21UiJJJparNO4v8a2n1a9sR2X6/G0QTc1Ts8MeeyOhFPfASLx2rSVwDCVLYvnLXbdWP3VPEu+LDDtK/NSSom12Dstrsk3MMPc/i6iWgVRe65aX4esPcPE3N2X5FouUDeZhQ9rTuwSdkOSS6O/kvD2GpAgs/cVmKG8e68hrDh3vtiEAZop7KGFa08wx/8hE4d8JDHFQVfCLPKqJwwi8rV0BAuDOabl6SSMUKD6rv7GqGDJe1RyrcRpT4MOu4HtyXbx9BgZbyL/914QJ9UsdP4z4Xdc1APqEAj2gt1MvrdtN1TCUwU+AhIjcNbuG3ZtEjWLSwJIcV+0sVka2prZL1j9K/wmKLtvgTvjA==]]></Encrypt>
</xml>


2018-01-08 13:21:12 debug :
------------
String:
account-ticket<xml>
    <AppId><![CDATA[wx7f83e93205d2fd31]]></AppId>
    <Encrypt><![CDATA[S5qjF5ofx9zCa5fRASgr0fJwxJTfIRB3sy3I8kdmZOkxDwB27Z8dqc4x4JnmsKe6l6i6acoAT8dvpTwY3Vz3Oai0SeJtOTzOrElpipFT6p3p/XhFCHJ8G8A43PFy0mpHFUrU/3kg85pYR3QeY7cNZp8iHVl8/VJ6SJCS5/xkrMq5VkQS3jnQOtxq8oc3YNo/41wMVcxNIEaMRjC4WwO7Ap/AXfL1pUfDOwMHfxDHF6mymbCM8MevED1A6zQScSxmyqPqjE4hmUc0IunWTlXwtv+OIzSGJ4py4HML/LQXMTY36VW0jzbuezcw5KFnuQ5rL4fgAQoEGXgVBssBwj/KErYnjZrO3XI+OU8CUw4DeIz5E9fylXRnLMp6aixJIL3MSk14bo/+eaQnEnuXH4Bqto2F6KMAo9zPbci1s//SMN7t4hlYOmDGU0DGhMO7H5tWzOXebzoI97qVSsCWUCuUhA==]]></Encrypt>
</xml>


2018-01-08 13:31:26 debug :
------------
String:
account-ticket<xml>
    <AppId><![CDATA[wx7f83e93205d2fd31]]></AppId>
    <Encrypt><![CDATA[BeQ38+LXtLmsp0dWIhEMLUObLIExfX0gCKaOpST76699rCAPOvnzmEuTqrxNV5s6UbYUTutBHHo2wVl2Be4oMVvg2XlWL2unUZoZDYsInHi/NVWEW2MPwhpGE8Z96hDwDv4zEoDXB7Qa+pXw+dhOmTGxeVGYWNvbZkvkDHf1/pWvpns7HVIK1jdMY5BDuxfe7Z7XqxSmIuONEzTRbdmbNuI8Z+tFcqWAcmV+rE09oQTmaLX5YzZpGheCc2edvOKoUsTo5hZfQlFIsxBSPKDDpxDy9MvdTOP8Yz7YoDU24X3pV0D1OdyIqQ7kICc1PGvc3w6D8TGDa9sc9pYk6UpMn2MexoxxLfwjUFQN39vA7wjJIot4q1OFfsniAb9V2qu8/RvK21WtzraGOs6aupxPdt8mIqTni5lcECGR7t02PuTyhMPSa3qY9KIjuqk2RajqAW/giJh5yWTKKSGJkdjOQA==]]></Encrypt>
</xml>


2018-01-08 13:41:06 debug :
------------
String:
account-ticket<xml>
    <AppId><![CDATA[wx7f83e93205d2fd31]]></AppId>
    <Encrypt><![CDATA[JNXuHXzfFSi/XEKVYO9JfSmpdmvHXuJudoynQ1ZmnSvl2nPqxrd4jg2PtRFQ5D7SVnRbiEYYNiyHw6NDNuutQD9RlJMwDEQVEqlrep/f36do/RpjWGJiqv93kkV6dbfh4Uuw8FaVXOleCL+aUDEdskOX7NRVjP6uQimyKV/YZ+eUXlO8uaJrwTCwVmfmwJ/ME75bgGAuIiRX5jhnnBe0E++OVhBCF4AuT9qKYAn0XDysL/JkAFAi5oQcJH6NIg3zcvE/04wrpzlFId+STgiJGqHkrOfofC9kVp5t2784Tctmi6VyfpqxSkbAMeIy5TLLJGm0umHjSyh7P4iyZxtNYwdYEBUXemMj3H/peqXZJ34UMKtIgF23djhqLIA8eWtFATyYAoETgMYEVHLFyZm1SQPb9MlKxMgwLpaKiFnOZjaX9t/4DdcbTvinzzqy50phGrudSLyKPUit2l9f02sZCA==]]></Encrypt>
</xml>


2018-01-08 13:51:09 debug :
------------
String:
account-ticket<xml>
    <AppId><![CDATA[wx7f83e93205d2fd31]]></AppId>
    <Encrypt><![CDATA[Uy1J0RFjxazdQ7miUiY+lQ7Ul8j1V2NgJ7/NKQ+UuLXS+AY57vQ1osO//VlbJQeCFwjzLT1kmzZr8B6Mj32pQAzmOgfCXkirNs02FvHid10DsCD+Uqoo/6rvQDWX1Q2qeRmxcPVPyXwdGvNGvIq+GPIIojeFfGMGe+ZgH1eu3q7OvuWJRecTxT0OSW6aU6S+FsIjhydCnBVT7jB953BSedlQXSIk4+XfjxuA3JIXqjXxvnxsUxncR9Ogn15upqVS6prsjA7nilFyYfVT2GY6ygyLFIZkOkDg2ImqOEu12NDaZUhNU82KiCsAD7VWfQyisuMb1GA++07oJ5gslC0f3cT4wDPnxYx33QzZc7sIEpQdQoYACkYP0h8vR+p7C+1E1bqoLfMyZHcicCfXsI6ep0bGgVEaY8ywnWik7Bj+kIge1eS8NGhd6SYO4O1ZD2bfNx7idE1fiyxb88eeS9s8ew==]]></Encrypt>
</xml>


2018-01-08 14:00:58 debug :
------------
String:
account-ticket<xml>
    <AppId><![CDATA[wx7f83e93205d2fd31]]></AppId>
    <Encrypt><![CDATA[R+wpIj5QBtHCCawz0jFrsWHEcvpNzv7Hepa+VI7S+tr13ctNuNHHZS5tZTEqu1DOc9Z6HeyRifJh9cig2LaaAd8YLd55uG2wW9dkZDwKVUWbYzvMrikfjjAhIEcQbd0Xca0FLZfUAH9iVU7L9k7bAEyDOavknfCoAz/vnlvj0Mat9zYcoohzQ4/bdUpduU9zrVuisp24T6iF649kmwzxyabhqhPnlKvO9Bied2a/1jhr9MvvJXY5PSv1xPwmw6zuUOWtfrsevgYMi2YHHUSAv1/uDgpUzMn1yLFiIT8OU//w3KdeFFWM7okiugI+L5mTLyIzsRTahP0QupviHFKE8eMgcg2zl9HW6cOKS3zNbDIXY0rdJZAs9jqW+LhPn6+cSAYOywm/GSwmZ6IY7RUYo1W9HUvm3CzmcoedUTzFPQYw8uxV7/LKk16ho4bdE1tVrfMKjOvG/Fji56O/BT/IGw==]]></Encrypt>
</xml>


2018-01-08 14:11:08 debug :
------------
String:
account-ticket<xml>
    <AppId><![CDATA[wx7f83e93205d2fd31]]></AppId>
    <Encrypt><![CDATA[txJ6PhRkuAsbcQRDSJJ1n9TkFM0XbWrbnO80t0daJUKfY+G+bGI6gbma3BVoNAnTzNIFJaYMSBvIle4ho2lFhB1P9hkww8YRCAf5jRGmOGd2Rdm8t5Q3Jm8+0Bw/rVW0qxVBIsWpCxWlfIZxxI4cOALh0dDFVBblFJAMTC3qewEvLPu5pDJgO3zskkt9UEvxpZr6uMVIlXI+YJNdUa0j3jJ+Qnz027o05SjEJjxHC4kmlWfTuminAnQhEfg2BIG6SI8eIkTxB+2kdsePnC3H5lLRCa1rpv8Dxgb3UrjDpKSlGEcfV2NFK2MC+nXWVF2tZ2IyJqfn0fdzPhx9745F+3wGNrZAHK14M+uHPaHljyENTDj0h5s8wbm+2v+snn6q0Dl2soXm+7NVo9aOqLYvuNYmgSVh/bnyQSA/95JmxYwmOF1aMQvrTNX3/fVhgo7c3mK8A3M9gTLc0vmX1k6fAg==]]></Encrypt>
</xml>


2018-01-08 14:21:09 debug :
------------
String:
account-ticket<xml>
    <AppId><![CDATA[wx7f83e93205d2fd31]]></AppId>
    <Encrypt><![CDATA[cOQcffoPPe7kOwQM+WP3Ypb5i3trgFz96WAvMRleOJwH9mHca6N/KzFpdLpM81Sd3POoQTaB5foK7jiP1DZmNZCgcxIYA+5SDALs3xFm5yZW5x+7z8yvDJxWYb3MWoRiHoeFIEjt33WauhaVWZsbNVeTRKtyK/kSH4mdpriuUZDRHuz/CBT/vCcHbi700LyeOf037q/2F3aISE9M+C21FlWKdxR2atRmixkU2z56BlMdEuHPXbYQEr0eXU03JCbI4Oi9/pRsTcIOP0L5FIhGyNPfZkz6oBKjREyvUVZ7g9P9t6HP8aDPIpqcPN3clMivTlN7a9EJrp/LIoNrHTYozPTbjfNiwTIpe1IIy+28IbMdPOiJH1Pa/GdHxeqA4laxZxCdtRy9i1mb0/5l8yeKHdjMjBJhMn/JxWCphfvfS4V5Kam7pBaPyYhAyGQcf6amWfNfPtTFsvC5bVYhbVScWQ==]]></Encrypt>
</xml>


2018-01-08 14:31:09 debug :
------------
String:
account-ticket<xml>
    <AppId><![CDATA[wx7f83e93205d2fd31]]></AppId>
    <Encrypt><![CDATA[LVWE1YqcjJrtHr6lGsP8Dg6pwa370pSJSVw94aHylVXNGVi1TzAXMgIxrwqyQCtX9kDCpVMtOknnqD1dwJOnUroZpzGYSVlfJwiLd/Rp8g2JkP6UEwvCAI/UUv2iq5Ku/0auNJrbr6VIGD8lAM/KqDEt1IVn2fdYyhKUJaXUsc6/ZiopEnoPq/6cHDXW4jvFG/QvWwxAGhz9i5s6mQ4E41rNUjRIaqe4doaVBN/54Y22QvZ74WNd4tn3d9pM6d+Po26UIzyfSd6DJsv5ciaElrSQnikBCAq3TVEaa7tnrSyJz4Scj7UyfkN0ZQujCCx477hq1pkw8RPQ+ovN9mE+BCZyli+v1mBEiBqXE4g1Ius7HAXfcVD5wfo5wgTgjZVojlA5nkKOYamZMLOXPb54J++bOfBKO/T9eFDCJ7XKUMWWlgOyNJhXX5SvUGFFiNlf32+8O+3YtIo3beRxM++0cw==]]></Encrypt>
</xml>


2018-01-08 14:41:12 debug :
------------
String:
account-ticket<xml>
    <AppId><![CDATA[wx7f83e93205d2fd31]]></AppId>
    <Encrypt><![CDATA[KKAUppZm5HBgXf9nUnVBv2ouie6vJnybGC0Z14E5V2T3Ge8hLmGCIrWJ6hEZGOZyEIIVSqU5RqHa4k8iOPMjKEyLYGvyWFwy3707FpkZOTMgh+uxRBMALOZqPL2JTLVvQ8YNld8nt8n3wZNuvPyMurpVQ3AXf5MYNADbmuB+9EjHQIllp2/v0i4Wrcpbm3JHVizDp1PoaPMTX8pd/8IcRT5TNQ5AIm8FiDB3o5wVshrNFY39rY2Ne9Sq6jnwAsj/3XcNY/WAh5N+bFuyV2+027+MENCgbFivHxpR0xlIKfAbsS6WOHRaDEO3sPGVRc6S+hMrAfIDVwGB7yruUK0bK9WGCS9/Sw7bXG7vb8LjBcHJSTdpcYIm+iGmv5PVIw9FotRJ0R3S8H5afYVcmgCtRsx9ae1qZY6OuYydYd0pm0WyRnI7/wy4ygsuYdkrJ2RHFymhA6hIipzC7efwX6A6Jw==]]></Encrypt>
</xml>


2018-01-08 14:51:14 debug :
------------
String:
account-ticket<xml>
    <AppId><![CDATA[wx7f83e93205d2fd31]]></AppId>
    <Encrypt><![CDATA[vp2TNSUpbHaUy5vdvc+r95Wb72w/GRFhysgkX+ZxAVI5gWgWn5DAKJ9D9zEgdwGMMoTI73l2A7eJGrB+YAg5u74RuE6nFVGUKHt4ohxT1FbZJZYpxtzQp1dfHl4PertLuyqEgs/3yOBT+TFTBzkJvte5bdJktyUV35RcyzfaIiJz1WTsboKjM/jJhWlC5bLe0TmaFCHsBlznBOXb7M6iUFoJEJRoN9UyLEkanQbVCEMpXlEZqiclaQELFq2nbd/D/LnLf2SkpVcLe32cAT6IbwRk+TeqW0JjDXGOqxkJji+49c9BhGZGpkwagiKL6SwiCK+87dGv01JPpJQv8p/EOYNCw9sdiJKBwc/Kdt3f45ph3HpgTwNF0rznIeqUcP5TuFTCqew73mhay8NDacRFw91HzY3dTtwx21GktaAL3lAPznCYf0xDrLfFHlAJu+MDSRcoETHHtn7CdxaoW2FE3A==]]></Encrypt>
</xml>


2018-01-08 15:01:08 debug :
------------
String:
account-ticket<xml>
    <AppId><![CDATA[wx7f83e93205d2fd31]]></AppId>
    <Encrypt><![CDATA[aKoONUgLiqJt65yHjVdPBBI+d6mdS0/q+fiYC8hv5Z+ftKgsMV3bwcOpGmbZB2VFs/MmHs+Y/Jvm1pZukUVVYdtAGf8bxPm7MYBDDg4/HJtGUv1+UBBb/A0YQ+U06WiM5OC8rjCK/FW/0WBP65xZ6l4ZkkRVKoJndwgIjlRRA7v+4hhENNQpuIuwgMjVFuruU+ipWTljLgln0VYGyQ570Ucnl7X5hnfq9vUmKZY2TQUk9nN83pgs9affzDapkUSIAb7GqgdNiu1uCa4eUMFNFTytWAYoOk+Dd4lkd8PxzylalhguU6c7Kv6fb0/NK6LhcBvsdtxKYlO6ikT8cK5Qi+nnBtSthSlbazWsse0NFUNwoBaLsV0otU9qR0ukRxjM0HKs5kp5zr9Xn8qh8JJriKph5Okux+nRWO6qNO7iQoWSh3Arw3utcdXiSZubFXLlwPX7pXbi30Lzy4yU7nIUVA==]]></Encrypt>
</xml>


2018-01-08 15:11:21 debug :
------------
String:
account-ticket<xml>
    <AppId><![CDATA[wx7f83e93205d2fd31]]></AppId>
    <Encrypt><![CDATA[ZI8SCqFKE9EwiBn0bDlLK4A6mGcyOhDliWLskGD6DxJOXOOX4/4G5j9s8i3c0iOekndTDRmZSlpC4Rmd/zqOoKFwG6EZ4YvGgx0P83qyXM3wD6H0SEKSS0p5XjqS6uqexJdTuzmBXt/6hQvT458C6LqiMcbXrPcnLr9eIsKApNc+isXBkFXckXbFlIxIy5fejNibMnk0KyY+XIFLYX7bWL+KdB2HGEv2+5bWN7JJo3Ka4DZ4VW40WbuPBW9wAtqFGQfpO88rpytKmiO3U+QaL79tgxmg0bTveLw4NQ5zP0jubqhfO6dabieKbBFG2Biby/ZD4nibpsE7YavOxAdDE0YcCE+7hgKb3zfdlLpcEpTzEmX/FraKmbYfIAbHPvyD1DFezk+zVINBSD+3bgR20F5uH8eGrkZpS8N2Mv2z3IokHc94TIZLF/jFqpXMWoNozgD0W1WXCzKSAQF01T0e3Q==]]></Encrypt>
</xml>


2018-01-08 15:21:09 debug :
------------
String:
account-ticket<xml>
    <AppId><![CDATA[wx7f83e93205d2fd31]]></AppId>
    <Encrypt><![CDATA[rr7LyunpR32ZedKwf5Xl1eNOiXrPg6etFo0nFE+vY+FvVECnlLHUXumc7JlhNX8IGlolUNdYsS+0+Pnr0kz+txjGXjE+Z3UfflcvlQYCysSUl9GR5s+/q/Nb6TKGkvnx15CDOaDe3ZPSEq8Q6LzzHdRS30eY2c2b56h0Tht1ZkdS7MTcx0xHqT6ygL1C8fXO3YKRnIJLdxdyTK/I99m387TnGYsfN5mwZfi5wmMVcA8/nlkr0WeMerVy4yOo2Ykr9cbfOXSjYTIrZP1MIlQieDShtfKsLRHlY0K+dG94wr2ZPVPGZsSK3PYnnXiGmCXJHYgewMGnEx2dZAHtSVXOuDEPG10+9a5c5/K5SnOQvN4r/fbxSPMeDAhmf35d91lujGaEIe2rJGHN2yIEOi4CMhc+PNSLZ8vlwoiKoh5/IK2JhUZne7bin9/hN39xvRB1251guiUvEAYoF02dlsA1Aw==]]></Encrypt>
</xml>


2018-01-08 15:31:06 debug :
------------
String:
account-ticket<xml>
    <AppId><![CDATA[wx7f83e93205d2fd31]]></AppId>
    <Encrypt><![CDATA[7q8+NxRFLZaAPspWn/l4sO/MFehHsGNaTMdGeexyU70j29MWV0Wi6lec8GYBCTqtUdrZPRnbHkaAk0OSe+fPq68Hd6CkOc2FxpmOT2g3aNgvhzai94c3pa5SJEdOeSaB19kjr5niDy/eQBrSMfy6JUWZcUcd1hHt4FjPWVkVJfzIgzzgS5G5YTcRqTLjMTVrjFNiilP5iBm7wzVYNVVu58W07vDBx53OhAdgbppckRT0NPSSxO0C0IJzVfJSHamj6SGNQ3J6GbCHWsuxTdYaUbypjEO7JTp0U0bAC/Yl8JywRF8/0Pb1KAGQr/H0wRU/3lQ1hyxvargm1eYCtzawtRmJ0Q2OJkuUoIDx6o1qPJ7sYiIY39xj1JVzFhsRJ7Am8JI9kLazwrqENK/ho+FRnbvaumpa79HVoy+5t4nkp6CP617ojBsVcKRiD3OcEUuRMMVASxpRSKzSKRpHtvOhTw==]]></Encrypt>
</xml>


2018-01-08 15:41:18 debug :
------------
String:
account-ticket<xml>
    <AppId><![CDATA[wx7f83e93205d2fd31]]></AppId>
    <Encrypt><![CDATA[s/3GbcRIbt8n4LRAcb0N5p83oSm30purHTztobQhy8xIGwJbEfQlcmpvGuqXxaZPXFnstQuMo6Niol/82GyYHnwv1ANUdJXdWqxmIkxW/xXRZ0OfRbxVmIg49gl/5/4G2obAtG9Ukp8S6HLhrPU6NWO0YRhpyKLDEJlfn+CuRUUoFOk7Gn9k1lgt4FjZDQyI0guApSTQXK+Ry2VRDlV7bGgOwv46TCwCzFiWHbscfA175fovkJYySFF+OZb5bUbC989h3dB/lByKbe2neNqFLKMEBMZGow1Vrn7B1zlfnW9HtNvhE8sM2UQhMIPfQWDTY8wx+hgvh8WdWDHFKCXPFcHmz0aTgvnP4pd5vWGMd4CG4WycpOqp6Nf888qUY+tonP0cDEbV+wRqtd1RuiN924FROuRCI6ldaIWMhytFPN4JQpKHzRRZnu1vTuOGEOEaMcgykjm0h7Mvb+peBGqzHw==]]></Encrypt>
</xml>


2018-01-08 15:51:13 debug :
------------
String:
account-ticket<xml>
    <AppId><![CDATA[wx7f83e93205d2fd31]]></AppId>
    <Encrypt><![CDATA[noSbLnwk3cucWh159tG91JzVrfKwR9rWhe5IfPoG+aYxMuFTZKpGqvuS2enrkkg+Li67XAHiV/PhigDZjTi/RH4uLx2fm8YNw5B8XQtv0LB5X8k3zH8GpxFB7DIJKivpJNYY10qhy7UxmJFdSdqXvDCw9NN6Vea9DWfTQyVzFo6Xg/joY0GKhQ0mxwpElhq/M2dmBdtDG6M57snIa+u2j9vx8zveG29snctWEzfHixGbQeLPCZtuRwN5lDSa2yHQhJddZZu/vhhILbtYNv+5L4I+2LWRCA9qrwGPZYfrJrUoZtYUMP4rhAbjlIyVRe2qiFatOnvAa8dNYuinNW5ibtyEPt7IiAUmBnysMGRFs3hm5kUXNRB/EDMoKtXQgHXdxng5ItNhA7bUyvljxvR/uTs2gtx3XuwxGzQB/GRDxdNOL1hL50hOpr9Z9t38pqd47qpC9gP11vWQwq9LX6DPBg==]]></Encrypt>
</xml>


2018-01-08 16:01:18 debug :
------------
String:
account-ticket<xml>
    <AppId><![CDATA[wx7f83e93205d2fd31]]></AppId>
    <Encrypt><![CDATA[ESYIYXAjN17684mkB7AV5OI+CPG9X4pLtS2a9Z0PY8p+fE1lFBErhwAwRbWYygJ2hvJdPDqsqOB89zaP70QnDqDqw3v4cn2Qfbdq52ECvUrgGyarTykn555CB0tSKiGxBr4Cfx/DGOOODAHWmD/WJhun/d8bD6kpPzGd+kMiqwxyAfV0tbIB3ZfqcBQAbpsPJJ5tdMqnyWHyCaTMpxYgyCFIqXRiOeDHA1wYvpBlK4bNpvd3OB81+tKJHLfftL/LeMz1ouvuJlzCkkj1tCR/hybTaQIP7Xh67XnI/IMf5lohzLDgun8tPSyYGJRLBtIFaWnELAjsKsulsUa9mlX4A3uBsAHgIMWXt+tKZTgbK6OQKOkgZQj3RS/30eUwJe1G9PKV+nXj+5p+xq2OoG4bWHNGZGW55Okv2hEQlFXB1rrMyr07n+0iXsu7qHJKmqwGVw+VOh8LuaBkf45gkkOjjQ==]]></Encrypt>
</xml>


2018-01-08 16:11:27 debug :
------------
String:
account-ticket<xml>
    <AppId><![CDATA[wx7f83e93205d2fd31]]></AppId>
    <Encrypt><![CDATA[tGs0cs4D1IT3fUpBkgvxgl+43T54sZY2n7rB3CAVn3N1JYzfEesRWPks5ZE6xDnnsBMbzEJFj88WrTzIxIcXXlKzgtGVZUkPOmQzmUuvTr8vbIex6tqT5yDw3Sz0HsyjFEocerXlCz6Kh/SggxLf2XaOERNSVubdMIr63+IWg+dS4W3oLLCnnKnciGM5LoVvTp6mgQVgMh8hRSVsT2L4h9zN/J1pFJWxm5+NUWviNlDSDInoBKdnBTukQjrEKrfsrnq9fkpVZ432of/ZJNyxGrj7RSnjefHCBrrrmzGaC8av+ZZXLFYxACsscqCE2mxvGBFvjyoTdEfhBkZ3hpjypjwKP900Jejuk/xrPTVIwafvkjfAzIBCuH/n8xglxQmdIR25Eo2lNi5SeTy4kapJcGwNM2F5vOuUR+n9G6T6bnkzGlQLn8Y8HvXQw5WKGmqNhilfEKfZC2VEQvScP247Uw==]]></Encrypt>
</xml>


2018-01-08 16:21:21 debug :
------------
String:
account-ticket<xml>
    <AppId><![CDATA[wx7f83e93205d2fd31]]></AppId>
    <Encrypt><![CDATA[8v+w85hWMcivqu5QwUe8PvSaPFRq5ZQRDvZdctC8ogv3IQle+gPkPdvjYT6FRfU1hE5dL81+ZRsFqPfdv+q3Q8u1JToRvViogKx46EXhh/Qp+nIjGfC9cBxCpHqoqgHzdgIPPl1n0eNsXoaM6Ve9tXAOz/LnVLJag6Zfwr0eL3fZFi5KqVu+HE6eX7/zHJ34dBcyAJ2LDGhlo8eTksMKW0XzJJAo+1Yg9sq/31IOJGQIvAx4Mlua81eIcOfnBXzXxENJ7ZMyaL3c0Rrpoeta+V6YH/Jun8OBU10wVvyX+ELU1TZgbfiRPn7QKK2IZLxCpZhzEWHgQs27c2+ytka6AXRwn/8RVlXo3ikifvMC8p3t/IdiG0VtWOsvZd9MsBwDpjooC21YY0HI7JbaoiUo65Mr+eJhjqLBhgYqwOIkiEKXg0Fw+EOXoZ1Se8jdyOvVMunsz9eGycIJ6PyNwXMA/A==]]></Encrypt>
</xml>


2018-01-08 16:31:15 debug :
------------
String:
account-ticket<xml>
    <AppId><![CDATA[wx7f83e93205d2fd31]]></AppId>
    <Encrypt><![CDATA[a3Ba8gh55wj4/ZPp5SwC/+A/jpAV0Vktb10ka+aZ7pPzs3FGFf2cj7ikKNXFv0d95rlza7FrfBJpxePQf3WaLgNPC4kisXe6u8Yw2DqmhpWxDC/6wFt8U89icynZ+TSg+FR2BoAyHw1mA9trYdI5hFkGh3YMu5NjdTdNVMHRzDZxqAmIobRKZbl8SJ7Zw7QvQCK1FPDYUzZPhD31AOa4ICjS6aUE3qtFjyzoaH7lxhIpvp2443yEHhcFAm+lUz+vkhxT9nfxWOxBCeM30vHTK1NNNun1+OxRYKdiaeu439LJOKBBxFfDxY7WmW9wuGRRaNwVy9AkFffhXlC9OdSYu0PCuudsWxmf1lI0ICBNAqLK5gT8DsJXLjhPeP5NqUFmalfd5C2NxOSX93epLRS3cf7GUyJH/QfTCKahOWGlftMO+54d4V136LqeuTazGnL8q5vQH3NGXekhgBOJA7hwvQ==]]></Encrypt>
</xml>


2018-01-08 16:41:25 debug :
------------
String:
account-ticket<xml>
    <AppId><![CDATA[wx7f83e93205d2fd31]]></AppId>
    <Encrypt><![CDATA[lYtsPaxzYKwK+D3YLNrhQggu+wGYjDph47p6sNs456TalC7bNwhicIkz9uiT7gwxZErB75aGnPYHRwxSoI4QOl2I76HKKX2efzmsMQD4/7r0cc5WwPEwxlV0f028IT70l717fI6QFaL/fkinsJGfHAObTJW/u8as+c3jn4Om432Lqi3z39sO6MU2baIEJdgOi47NzewOHCWYe5KBYPr9yAnnCmnr0/m9DzG5dkSHz7+scyLNLD4pDPznDVSwp46EGpoaipAAbJ7nvfy1rQlPhtSyenl6mzeWNzH6u5ct/BihQhPWEPHNHhDuBB3qt6wA/o2/lbJ1+KyC2wqssX70InBxtLJehRMZKpAKTWU8TpbXbf/XX22+k5QbyVwOLperhs5MbZ0TgScYTHQhLmzYCnnndF4x41QPxzyJ+dmDsRLr1aNl3vwqUZpPeNALOFA/OWgmdhEndep0NSXXkKhbKw==]]></Encrypt>
</xml>


2018-01-08 16:51:21 debug :
------------
String:
account-ticket<xml>
    <AppId><![CDATA[wx7f83e93205d2fd31]]></AppId>
    <Encrypt><![CDATA[qMGtFP3GCX1yKSjSUl5xMG9e09GRTAr0vToYpxHZEKZe8W0Pu5b2qVobCN+7gVdT65nD5up+AusHS5LmQd6jM4kttjbDQrg/RHJsvmtl8uoRKzlef+qyjDpmsSdEuGKDcZPwFdS2BehD6gTtqiPZWmAFvEb+wApdxBgSTUAH501+0ZAKmdFHdDpj1IqjoMgbGJ9fZ3FNR91BxiyScLPBXVkZOcb/63XqxYaXzH7J/YU0MR9hqCw4MsVBUvGHos+v8Ds0gxzV+xECBalzoE+oEnUBe9sa1zqDuEBCeYin6wqRhxE7CcApN7YFEifer3fO0OOtOOdXxbmunFFkcB+W4swDZhy2ahvorSpGibE7Z63OjXAr684RS1vhdNbfZoOFH7uZJMymNa4NG408hnb4a+C8RSRsaSb3o9N29YBQ4OjgVXxboNhPK5rIl422G6aaWVlc6XuN8+EHEHmeDTkIKQ==]]></Encrypt>
</xml>


2018-01-08 17:01:26 debug :
------------
String:
account-ticket<xml>
    <AppId><![CDATA[wx7f83e93205d2fd31]]></AppId>
    <Encrypt><![CDATA[mhNNTuiMjpQ+s8AB9RfpeMAFHQWxrz3/YirsumhMdVihDc5k6GefYOcd3i0Cs6NzRrlsZeGyjert476xT8+x50gm2WHs6pzUQ5O0YZTf8AgJT6C0sWlUXDjWbEFQFi7p9Uwt0JbiVuJUDMkot30Zw0pus6TXYC6CBg0U29JH0evvxHXxqLtRuDHKzBIYhfoDOOmAh7GyEfmHqOgVUDELJOGsOiDGyFjJjMLlyjeE23krd5tN2jmSR9KuB9nA5AUzrtEnyxU9qZzhO4D73kdnY1NrElPszsL6Civgy1d4ltiLVInjGGWKfOrl3udl3c1EGsW0Zsu+lln/oLR/OmY8L7b9ohbLpeL7WgrZVR8G2YW7agXq9IKsXs+pDM1B11XkAqdAa1s46x7PuzWSbHKdHlny9mKRMrP3BzESxhX6t6FhLCLR7BX/XmBs5s3lp3/w3r7scpXCsD8OgmIYmkH3Iw==]]></Encrypt>
</xml>


2018-01-08 17:11:49 debug :
------------
String:
account-ticket<xml>
    <AppId><![CDATA[wx7f83e93205d2fd31]]></AppId>
    <Encrypt><![CDATA[QfhsUCAUEE6HxZpp8diIm1GlQPRxwqOPet0GsjEQv9+dTmvAMSoyTqRmXYDA43XkeZlT8I0CBNTPpRjMRoKKr2fymOhJI+nVEJbLY83Ym+RrUd+rpGChniO8VRL47IndCDlTwoTgiMVHebthqp4TXVilUBZVLBGzPCHUehaclBrvh9NmknFChBM7Me7HpfRwLXjhLeEzPKnVUs3PXa9PFXKamdiI5xkBeESwkcmj5jWS3V9B64GuVlMk/xyVqrhsyDyxB2aY3HKzwI3TxcA08TijoSsuy4hrtz5EdWOlco1UZv6O0pLcBK20ODlitVk+x8LDc7SNMtWPC7fudZ7caTckf8lHqRzsfC7V5zbwI2k2cm8nyeX6d6z9ME6vKcgvHZamZJttcGamxQ6RtFzmKJUHNKYZ2w9FUZODjny5tRdsExgBdQqVxttnzzlfK6mEu5zdoRV7aVCxan+9AsuL4g==]]></Encrypt>
</xml>


2018-01-08 17:21:51 debug :
------------
String:
account-ticket<xml>
    <AppId><![CDATA[wx7f83e93205d2fd31]]></AppId>
    <Encrypt><![CDATA[YZRKh2TaOg1Jjlx9pp30v4j1WBldQC9yDyun1CxSIIotlXB0HN33TNN5avlOSwW7l7PmTgOj9vpnFVkFSaC2lm5PCNZmH7dsrZcKOaSJ1ESfiLFRJt9wHafmd92ngbl+OTWcJNZkZuqpmHcCR8MtH4omDQrJkUMLhiPFgd3llT625QaCfP1hCdfpmhv0WCs/Jtz52tYsUxBGZMpp+JtvezTKOuyhXnV3zhfgQPNP1ahk0MpT0X3V276ziRHAN8Jiz/os/lbMPwO3n4bR+yIITHHp/cMSJ5FtUiiLwf/duLB+200cwFGt+Zi0rOtOL4hGzochfkOhK2Ob541pD1FYWEA4xoyPhisUspyxSNeV36YzXphuw2mtjx+RpgVd/Tgl2q4Vojkd465pMn+pTkVL+sIToyt9OUjpT85SQiEm12xzPl0g7kRnhVESCa42nCEEe3d+eNMNv/HAaKA6evEtXw==]]></Encrypt>
</xml>


2018-01-08 17:31:39 debug :
------------
String:
account-ticket<xml>
    <AppId><![CDATA[wx7f83e93205d2fd31]]></AppId>
    <Encrypt><![CDATA[vYQX8P0phdArmqK/E1Lb16M1yyq/YKokyge6T2p85oamZ2ZvOx7Lne7aPBWCEmZlJAjE46sUjkUfyL98IasuKNAi4ljNJOdBRHpkIKrnvrYWs7PZ/ZeWJuYWnlhfWVY5bGm4MWc6BsApsiWsu39ZgPYMC504kiG57QthXN07Uxf5m2Qq77e4/x2YomWzdBFEe+0Kon7xzXxc7q4PfRV9ONH6+4LQg5b9vq0R1TZzwA+BHcQSqoiTeZuV3PrmfmoWUfLWAvz9b2cLy4nptppx5Vb0uNkDgOKA4b0NKTBVGz49zkS1teURzE1Y28EoQYn6PHCooAvIfdNK9R+H+PdnxiI1ggNwiwHsK00qMILbee7IAQG5afNgXUUy22N7jz1TdF0iiSKmkNH7pvaQi+oPU2+yyPImd4OmMafelkm/dDgyGr0ZiYldCDn1ZaOae8aV4pzNlHysbt/ldEGNy1wLNA==]]></Encrypt>
</xml>


2018-01-08 17:41:35 debug :
------------
String:
account-ticket<xml>
    <AppId><![CDATA[wx7f83e93205d2fd31]]></AppId>
    <Encrypt><![CDATA[bHLZr09bhG2oLG+VLjcRCgE2eLj+BMD/bSzHjC2Cf9SNVQwYs0I5CHCGjVGcTF0mC2W2QCV92AkgU6C/pu/xEevV/8L+GG+od/gHS+amn2NyetuhmE+NSCTBmVSV3hlB2n9M5x+HaegOQG3IcsHsTUmwj0nBYG89wxf/MDZfOBuTKe6SuXdJ73TxsJ6OJSxTT/ITZQy5/O184KCGGos6/UCpjc9kqUoAZnE/B3bYch5Xh4yghkKq3x2RaD3ugofBCWe/sxPFoUBMPpSbkZ7h3Aipzc3kWZQEOFzCMgMJCCsyGmjYHy5Oj5nOeCLswPMlRPHXjcfbgzklxjgW+glsl1lWAoUCEp0r1uOpkhze6RiQGb6Y9pwg/udibtWCejj21BaXRhLVKTbkxIWOvHykFD1cjm43UVPra23Ym45u/UYKru+Afv2Uc9uSaIP7GekFH3CEtI88umPQ9mTGhOwC8A==]]></Encrypt>
</xml>


2018-01-08 17:51:32 debug :
------------
String:
account-ticket<xml>
    <AppId><![CDATA[wx7f83e93205d2fd31]]></AppId>
    <Encrypt><![CDATA[ukrubgvqqdM83D5XuTr/nam9QLdEhfjdmlnlnHZB65VX6iI/O0gca1wUWJOSLyX/64rWVCs5PpWbdEBa/z04ao2QpOcSWPpRW5QkWIh1pb7xxrkthF5hcDBCEeaOuHfrQSHHcThhVpORE62/HZIN1ZQWiETmQ2YczNb9WJU2G1LtN6hGySFfLVvH6W2J4BgKuL71FKl+Ql+NX9oQQ46c9c/lrjBmFY6+ETvbcz/eEtDL2IP9kkYJF2IDed69k56CCt7hw0QKB3yIKIX/Ue1+CYofcM+PcJfNCIt4W64jDZRg2FYGD1UBuSFoVodKh6RlllayHUPCU8GRNtPKjt8XV0qgALxWleIivnODWPaTPmMWMLUqsNtrEEsxgi7YAcJ7hZ5QITlWumjZbTmJ47dJvWi+a9k0ftYMaX2JHcQD7Ceg+q6s36ObpcAWRC/qCCsavlfefHE8GWimQnaYxGxUpw==]]></Encrypt>
</xml>


2018-01-08 18:01:25 debug :
------------
String:
account-ticket<xml>
    <AppId><![CDATA[wx7f83e93205d2fd31]]></AppId>
    <Encrypt><![CDATA[On3bIGnVCRzWuFpzwbZLbHPDurYQYLGMGqerBQzS1f92NdnIm/5qzrK7P7b3Zl0bmDNuwlnjtPKX4ksGgyVL+Rpnj6+0tHYZQ7rLkEn4ZLl1crn6GSA97/EEsl2ms3NjZURZyRB7VmtBFZfD0t2JpnIAYsfXBedbXCuc1sVQfj55Wh87J/NeHh6Fb5dnRb112bsV0MqnHxw8fKjQGjOFMmBM51ah9pflCozm6Ww8TUJmibNB7jg8dU1MH1gQQbYzROGARqss+gyug/mzYYK92zk9GOvpGpRMzphqZumAhLd4bpMKN4ns7ATzlcvRZ8LZoZgS1ZazFR2NQUuzBySNK1eab6UeyfjHZVcRYq46R6paW2hJwINuBLh5A8zUSKj1hT9oyOYfUJnKUfPsxbwXn8+4+m2WkbGtqnoNmYjEL+xAk7klXPNGj5I3yDjkvZs1YiGr8uW9SDeEkcDrqazcHA==]]></Encrypt>
</xml>


2018-01-08 18:11:40 debug :
------------
String:
account-ticket<xml>
    <AppId><![CDATA[wx7f83e93205d2fd31]]></AppId>
    <Encrypt><![CDATA[iTjeqeXUdJ26TLio2dZymrJDeDxI5QuLKkCI7EHPgX1ByaOc5DqVuyKyQlWxjUfZs+tMrkT/nlv1fVjJHSQuXoS4VzWoRCTSCjDf462CcaLjJrwpDpEfuD8FpPLFlK1oLn91eHAnc22tF93JRU/uLe0e2VgWb248lGnrV/DrYzmvBgleVAjPEDTP7mJ1cEWjiIzds3er357jgtBxQVJfUAqxal6iEr3FAjf47VG3vzp8KWE0jDQm3YCNTPS722rHymzE/fyQ6zyV7lWKNqd/3iVBx33TDbZ3rwTJMBnWzfSCFshiK2Ipd4tsUxOcj2s5pOBW9n00f8oVAc+xBdN6rUqvfBKq29izRS0Rps7lINZPJnQBnlNCuDUZ4i6wx37GOl5bEB31K0WflZkFKokSEOrusMUm+45gP69dKBPChUSlHuTE51vSbdrfccnN1U3ph/mNFV7xoKHdNfHpWieedA==]]></Encrypt>
</xml>


2018-01-08 18:21:43 debug :
------------
String:
account-ticket<xml>
    <AppId><![CDATA[wx7f83e93205d2fd31]]></AppId>
    <Encrypt><![CDATA[rm1+nzishWeDeT9dzvoUxq4vYchBbF9jViwICDE7+vI7XtyEQ3LDrIkD6kMmUqswnl7ldJJ+dLDjhe2KO6tOeI3sEGlOiwbLlM3kJpIi8UsyByHkrpW6dxfxM47ZxuiDgfGF1+fKzrVCxXDzlBoKsesB/mpfz6qSSLyFHf9kGQ4sx9c0JeEDpziXnBheuMkic/LltvYyqxyPpweL4WzEZXQVz6fkOejnyp8wv1AtLeQAcDxyLj1t0A5LiW6JmteGfvTXGlolVIz63fMsKjCPCixyTpOW5tGNY9Mf2Q/4JoUCQsPHRQ4xRq/CrKLB4Mc6DqY3oenGR9spu6CJIxc3ECImhbmH/9HdG4wnzkcbKNJVUuLzjVL1R0xD4JF3Lr2GE81LURQXPYOZoRpIdfPlIgPPGFbnBqBlbKSD0NkHRQpG03x6ta1wq9tn9t69VEyZUnqtdkYTBr4HxmFhNCOTcA==]]></Encrypt>
</xml>


2018-01-08 18:31:52 debug :
------------
String:
account-ticket<xml>
    <AppId><![CDATA[wx7f83e93205d2fd31]]></AppId>
    <Encrypt><![CDATA[VCx9RjfRUKiYoUPsxV0ObOHz1UskSiMcke+R+DENpXjFjRsFO82yTdWedHy2QQx0fmIOyMl1ZHPPdJu2K0rYIq97IatnptoCm+GkZQV10WKt39ZxWlFEHgMk/byyyRXPtFh4NVpZXE/3DCPwYNDgjLZmd4VIUKKPG1dXVTHam/B9R+3CzfI6J3buwXBll+g1n3fG7wneE5+kKQZuimPSC+SmQqxCRUWrgmkNCjWzR98rJwQZmAQow0kYFE6tXvMoY8SjDc058Ejpa3Grdxk20OjPfFxp4KGjmbAlgArauarWrPVRQslRXPwKIfXT9Hu5nWWMFNloSeV14mUlR0NbupZn/eqNDoka7XqjzenQ75l3He/tygDXs3EQxYT9OtKOuaNqBQZ3GiqNlyivNqyiEbm4Num9jn9+5gKKuhRRGH5CmuS9L6NyHddA9mAsGcd4ACwQA0zy/94NSyWKCKpTVQ==]]></Encrypt>
</xml>


2018-01-08 18:41:34 debug :
------------
String:
account-ticket<xml>
    <AppId><![CDATA[wx7f83e93205d2fd31]]></AppId>
    <Encrypt><![CDATA[9Y/8NJyysCaxV1lDFFehDEexWWorb9JGQ5oNSAM0vzo+G9uwIMOkWYlxyTbJ7KYXRUzj4lchflP+sdFs94LLPwCEsnyfw3a9aaw9SyIZ2sqOL83cWghK45b5/+a6fdDHA3C32JfJN3IXsultZnGVdnDd/+qXD1AMHlz9JeLLS2tygpEb8avsrpBjGBYsG8A2OO0sd70ZODqPoPgK9aS7B8P3fp2NGpfu5FLm+MVhCLQU+5HHXnDwsukKSOo7EdJxrGAgTnnpInrPP1rE0uQ3qpbB69apxM+uFm17E/fpN05FhfxeU+uB/H76SoJGZbeHEKLBuf1FFH7KuAz+m7M2GWyl39yaplBzCxKz4nBeqv2esQLZiDO9qeC8bj1SWQMlVY1paBx79mDMFxU+Ie6pJYxojobWmOGjJLxyJLlZ6yZ9Imh/rEU0+bbmQtjjTuLuR0o17y4YYfzK1T3PAUl3Og==]]></Encrypt>
</xml>


2018-01-08 18:51:45 debug :
------------
String:
account-ticket<xml>
    <AppId><![CDATA[wx7f83e93205d2fd31]]></AppId>
    <Encrypt><![CDATA[xHJkLhYRTjnvrdXtXTDqmxHOYwaWm4XdPwOv8hRL5UYn14/nc03svfzTEVCvxbtCFng9oqkQ+jXXzB2bVspNSPvn8XRa5qnxMSpdIgV2QrKcDbUI/KdosD5Gb3sSdCjnirzppnuk1KzEWVAPtqksWT3WNQ1SURVCH+QBm1wHOfJ53kmD3RoLSRVAUHxvLmoePyhsl2AniIRWxNmDnIMYQPk7C3p9d/ZLcW7ug+5IpM87VXriZEH2sJlgxmDp/utfqnx/6Mz39YZvL+6jbb4CUqucKRTpk9Gc8sDjydpiHe2BFUtxS0byl48CjLOIBoGDWogyrgB39H6ngRa7DO2nFyoXALkN8+G552uamqSSFmRzoshri7O2OR7J8ENaPMc8zpuIm6G7AjLx59dwO3UrWr58hoxY1ktz6Oz4S5VWsWRHQDlHOmKf4eqz/aIDG/waonAszKc0uhDNu+ij/rr8Ug==]]></Encrypt>
</xml>


2018-01-08 19:01:38 debug :
------------
String:
account-ticket<xml>
    <AppId><![CDATA[wx7f83e93205d2fd31]]></AppId>
    <Encrypt><![CDATA[O/L8Wq4jW9VG2bzpy0Yc6gNs7Huy0385fXuCSzDRT6WEfVSGRuK9Uyro9BqyfFNzaL3ws1Bn4Wji/4Vi8E61QX/ZBNU/YDlRYe5fOH6VR+cZG2F9PCKTDN5+EPah+TdzYS6RMoHyc0seolbfjCjbkDZqavz98qvV5QTFwn0CK57f78g1UnG2yWLfqcmmakJ5lpdKCR41W34NguyGFrpcdLK0WXj5Vpo/vWjuO4vTV4pIPY2WxloyhSKxIcY+5u3KwLr++3+cEdDgZrZkgK9OSw+DI9/6PzEZMIWIwMW3A0yAytTbnyZ73otUPVzkpt3HU7rS1VImmlwLeBdiOypkDLtmmm3cSI60U0NC3jUARFqZ0G67cw8Y4FM11bX09ZljlZhyYBNWI56Ld2Y2Y449UwZFkPi86e+2uFGn3T1jaetSguYEeGTDjbokenH07fnTY4EHvdwENwuXdXF61iw96g==]]></Encrypt>
</xml>


2018-01-08 19:11:42 debug :
------------
String:
account-ticket<xml>
    <AppId><![CDATA[wx7f83e93205d2fd31]]></AppId>
    <Encrypt><![CDATA[VqqnSqMCO8fj2IBl525HLO8/z21Qb1ellMYcas2P9s3jWyXeTUyesog1yEMA+CsvazHHNwSkC3L4dPTdd30uhkBf2YQGnL3tTb1gIJ8rO/VAtRVq6Ydzp91E9sY5HQ6djO/4APf7NgutFCAq4p8ZQjYdv3Uz76B3moC8lCz9bH/m2lalHGU7cOqFxBc1mH4Y04xNag70Hv8PvnuAk96tGrL4/NljojNcQDuflnyjF90nB2aZgiovc47kVf3cNHQjh6BqG5greVQWlxXRz5L/dBbPAbJ3mxR/A/q0BLwvXtvQ+Re2J9VcFgemDdMdyqG4IJEwUHBKIhCDS2hSlueoSC522an65UXYs93m5bLu0hmQP7mgd3nmZqPpoFwubWFt1br8oJKnCdF/Ww3VgGSd3rN+lTZJeyFjxVxIrvhD2dPN8MCK4dabX5mj9B5DieimebLu0E/DryxdhM+DgeJJyg==]]></Encrypt>
</xml>


2018-01-08 19:21:36 debug :
------------
String:
account-ticket<xml>
    <AppId><![CDATA[wx7f83e93205d2fd31]]></AppId>
    <Encrypt><![CDATA[9oFH/Jch4SJaub0JYZyNExu+LtHRsLpozHaQyKtbecylGh4B73lXoDfghHHPbNZxwwDGVN4XS/bzH3754OVY3SMlTWfvQeHbqea4zIR8oIkL0i0rqewn5wq856mG2/DUNH5TmQJAVt0PL49pW6ckLO22JhSAzM3bOV4B1J58lODWkqg+evPU1fBbQdza8AkJ4nCT1EzbszbyyAey+pH42YDyWdY+Ny3dpDpWKshOZ7QC0edIY5VRf8295+4lppLJ/GcBYuNDynKJfQYsMIC8n2dMl9FMLsf8jcufK5k1LvTeJR4h7dZGXMG6xwgZf2DBo/IodmQP6AYnKsLJWylAASGhzzknGxvGMYR8uoeRS1dtOdgNiN9tjHPLxu+cIRUv8Rd22pZHSADEAbVftMA5bl/h3zG0Gis41vqKroU7dBLH7Mz5xeT69L/Y/S1QOr+mdXva86HwOgL3ZK+OSOEWAQ==]]></Encrypt>
</xml>


2018-01-08 19:31:43 debug :
------------
String:
account-ticket<xml>
    <AppId><![CDATA[wx7f83e93205d2fd31]]></AppId>
    <Encrypt><![CDATA[DV4n3Kc7auJShUc/ESaySoNqfaPvPi+1DkT1hQKSE2fI2aPef9X+nnV+km6z7tx4ZvN2FbOiBoLMo3Hsg9AlaTh0xQsYc1pyI9t9+MPMcvARvx2X7lVBgYZDQZqUYdLIYbbiiHWLRJazcSj8h8dceghPl8GtTm4VUIVnI3Dzy0n2GmXdOy+5Y4Nfp12jMoMsP7wHtPkB30qXTEssC5aKg6O0Yy+l+Jbu7qzj9wYOqkPaOFfjrjccfF2j/BheyS9E8YwOSOSYi2pFR2MuNfsLLEuqOEA1EbsnvsWxkd70bnLeAhF2Eb2AeqEOX1LdThi8iycbjxi9iO/eONLGUz+JA1ogBkUeHg3KJxd8mXQYZsRMoi/qFXRoti56bi6YIyTYfCpXWN2E1X/UsyJH2G4MZz9V4oenCCY+v4IAoEZxVr48rvXKinKaUbRdhYwertcea43r5vG+/aXp1ULcYgbRXQ==]]></Encrypt>
</xml>


2018-01-08 19:41:50 debug :
------------
String:
account-ticket<xml>
    <AppId><![CDATA[wx7f83e93205d2fd31]]></AppId>
    <Encrypt><![CDATA[q1HF1f6WhX7+qKGB2oBWc+WGP/xMvBkY6f2X4JN3QAgrLUL2/8yZEdBZ0HAp+Spx/KkxJIuU/i66BmL++EO1XDSfhlhpmc3VQ1NZnKRXvPf8SEntauX1a3Sct4B8Btj2HN//5mvmNu3Jw71Q6IGJxCdKTE5s0uHhhQfrVUBiUbpAzky4QHQ7tt2QqshVCAj0JI+2EchP2xOMADCPHaXOl92235VuVIyZXnmI0rB97OHtlyQBwO4+nONcyLOTO1w29DPxPEMJUCqZBVO6KOWFuPOISWKYr5b3ga6/+AAKy7hF8070oNqE87lNhrbCzbRmacU5VhS/eXtY7uiO2BtmZMbhTgZWhdSMPa1RkGNgsM8ibryagTIKxloAQpyyUk8hkGpDyornj4qZ8uUPu3ziG+sGwyZEmRDQxzc6xl4nditDjt3CCGkMeLWbEbU0s+QgcH4I8PxOzHJbfroWeJWs/A==]]></Encrypt>
</xml>


2018-01-08 19:53:29 debug :
------------
String:
account-ticket<xml>
    <AppId><![CDATA[wx7f83e93205d2fd31]]></AppId>
    <Encrypt><![CDATA[6givDtjc6YkJwrKNrOabg2NpXYjHFv+ZJ1teJ8SiJLBzNUM4z/y0wHsdO0Sxejo94hSQyTRet2U/SzaXHvKrVCbn5Gfmd4oSeLpN1H2KXi1VfOnZ8yIIS+3isLfRxc4JFF60ac0D+xhPoCU5OEhl8Oc3xxAietcKol1XNFUPTNws57PyTYKrcv3MbnZd1LxjU3i2MQ6fpWLThJNAaNcn97evAtpxqb+dHFt5Mv6zTsN7kU9yiFeA7DeYQjqP0r20HPk1TYE3tcAudHp7itu36gbOwGcx4lqWaGYt0LpdHYX7vSmolQA5hp3n6kpO+5lxVZCjqSBRwdl12kR9kwSV0CzsnxZi87bEyh9/sbENABkwa+eQx2kOgINzppwLwutLyc/d/xYY7urMWE05taautsXWPN3z6YumQTGX0lcYJQA3t0xjaEW1i6nP9h8qsuieNq0mlKi+WJZId0oJ+/LpRw==]]></Encrypt>
</xml>


2018-01-08 20:01:58 debug :
------------
String:
account-ticket<xml>
    <AppId><![CDATA[wx7f83e93205d2fd31]]></AppId>
    <Encrypt><![CDATA[TIbJid33JlQ/3T6vUnC/rNm5QOdXkzjGytcdkHgT0SpKKpr+H8SesFSx+uPGtOqg3GThpMqBiDsWJHJlhbY4ABI6bQyH55c8hwyzyswXpnR8y+CHvOXHwwnmnYzb1hTiAKHIlfgvS8X+Bdi9iEghb2vf0xR3P3x46sgUw5xkBkr5Tn+tMltc/LH1nWHNk8neTnoi+z8un5BvD7gPQUOUSyEGrf2ASevPYzFDGPwEmaVadoLpZTOtABnxZo9BOt4HRz1V5JXf0zw5BnU9OiSVQUyo3K8KvjXUOX2K6bxYZmEcHSlMcElmHQVaorF8j12hCf9WB9jb7T6Jqm19FJIk8PNRffCBh0hjjOsHzJgvzy5S0jEbmQqWhV/VJCdNeq2oAvtGQ2KGonuVzmha6iqQqh5TtB2VbFz2Qp94gBpZwdeNc27XQJwR+F/PFONelqyKtWZUFgT1du214zLgKgAWWQ==]]></Encrypt>
</xml>


2018-01-08 20:13:48 debug :
------------
String:
account-ticket<xml>
    <AppId><![CDATA[wx7f83e93205d2fd31]]></AppId>
    <Encrypt><![CDATA[GNLMgNskh5aTzO/W1aIYy+BArYD8HYFV77P+IZplEUdwwKxHxbzQCWXJsROuxXxeIGMlbW02aDOMFctr5i6nm1WzbgMKBS8wahg56lNoNJr5VykOXIRITu2w0PQgNgSCi3xFLgStUKeO9s0EClOeAQYmafuN0xVuZKp9yBWyrK0nJH7L7dco4CzL7URjJkD1pamlf+7K+G6fZ+mSfw7uD0keBD89qUqXMl4ko6aKO8vncMczIa+J8J9KHk1iINCXQjLRwwahY9BTFjEe5sObHLkrju9dxQa41cZiaq30/8dU8GRGpy0veI3pl6gv0/JLMpAJ4k8Tg+GSUrN0jnVe4hVjmWNTFWtUV1PMeFd5Ar7/D6F++/LqL9TaSjvVJWtXEx/EcOt+O6UtwVzt/Z7BziTz/cF+bFss8RSYmIXbkXJtWBDC4zBjsDR8mvky1cxjv4kI/OvuVNaJDVbDYmgAmw==]]></Encrypt>
</xml>


2018-01-08 20:21:41 debug :
------------
String:
account-ticket<xml>
    <AppId><![CDATA[wx7f83e93205d2fd31]]></AppId>
    <Encrypt><![CDATA[JtRUPMJdnXqrOoH3ocj+WPFJ7w0hvvc+1u6/W+Nl2WZfUB1wgC9qFDD6S151BjItc5Z9LD2btlUAhgyMBcgoxJf1L7Ix+hucjoR7PPMrLnbmSGNPBPunQ9mA9CDQIrsDARNfehXVRrnvWMRJWU0sWZlnWaKqTFKzu5+qtC/A2lmXaPezN/da1uDY1jMYLuITcEiCaVgZdDa7DbDnymsaZgetQsNHZ1Aqsx4ftOCeEo+r9WphYI5qmZTHVS2T9cMmuZ1EuCGq1LquYyf+zTCqI6M/4pDfNUemMSd3HHrZuKHntqu6bJQq3ihLuh9GrLUxka1llLZzO4xt/vSNqxDn+8xjRtN67u1bJ6xO6kalbUYqsA4gDM94pTPqGjUIAbo+Jg1sEntrkSYtSEYWwSSNgVCusqyWjSdUul77rCXIiswIaivGsuif1O/1PtdrQgeZBCWm78VNDPtv0BPuGaXDJg==]]></Encrypt>
</xml>


2018-01-08 20:31:44 debug :
------------
String:
account-ticket<xml>
    <AppId><![CDATA[wx7f83e93205d2fd31]]></AppId>
    <Encrypt><![CDATA[U3qT7OBUjel8l3amFoC4TvPwYkR8jB39bsB32mSwivih/P7CTIeLlEaUlZlhNoOks4hOjGiDAlog6q+JIKaL4SdRAgmQHy2yLWlojlKJn968bJacVOcp0bOVX8Mhtxsyt3J6XJWPnrnxw39oSV+INKlKTwev0muADYXovG3Lte6jtXlROdsCiiFwNpbkmWW1HE7lpJq9uTQ5NlwYwW5MAER7Yll3Z642TBUK/QPCStMF00DxBVXgwrAFNdQG9Ihb643l4hE/VrztN5bSOMee+aj5f99fXR2H2uz6YmTYIiodiZ/I+Wf7isq9pbRlnIGnHb7b6/WGWHY2hUKYorRvTHkPbkp2A+j711W3b/iIGYpuYZ1g++RPKJlVtUbS1nFUPMEsT6OP1TMCas3xe6NIQ7Bp+7CCnowfJJpP5ZisKKq4nNRVrx2rY7UnvXGjvmTbC3q6pFrJ6SDYqthnhm8NdQ==]]></Encrypt>
</xml>


2018-01-08 20:41:42 debug :
------------
String:
account-ticket<xml>
    <AppId><![CDATA[wx7f83e93205d2fd31]]></AppId>
    <Encrypt><![CDATA[2XpelGGKoINe5F8BAlgGOORkCUAUbs/pDt63PUVV8FH+ND2tjKcn/m/OaC3a92tyJsUwMMUYiHmEXu3Kx6eJNL8JySYsjmQgiqQAihus0abJdrLr/ABcWHUYw1r5q5u6TjWK5RHUKpWtG/3s0npO4DOcgQGomUYcPEr2ZwHtUGCBgkOAZv9X4C6u01eh5Nn/VSqnLD1A+6T7hWfplnVi7WWrUpNpqf67uqUy3nwpWK+UvhESiR0tXw4D8juz2nnjyeypHAw30XA+pO3WlWvEvDV0tm4VOC4cJMJ2ZHk7O77ffzpk3LdFrHfdFrVunaiZmIx5/PtQHG3YvgTqg4t0LLHVGIls/RFblbhdbTg2kf6EL4d9E/kWA6+nxloxdPAsH0w++qqHlkmH+1xMCZ5pfrYVDeyZxxOZcYKUY6+PlAGDD7+jO9Dmb6xlZinDY6a5sYbX6bialmCjbBfzI3H6mA==]]></Encrypt>
</xml>


2018-01-08 20:51:28 debug :
------------
String:
account-ticket<xml>
    <AppId><![CDATA[wx7f83e93205d2fd31]]></AppId>
    <Encrypt><![CDATA[P61v3P3qHcyqmHzmOZf9wk6QgWUOVEu0tx0ElzZO4kIR1TpNew8abJJsucxliMQNCYL19NauclOkALfSpCZfCKDb8hyttS84yCtnJCD8Ds2zl5CjTZOmcrAco/LS+rsZZuqZlFj2Oest2zhqj5dj4GkfyhWLdJEHzZCiZsBTNkZi+Hh6BmpYbgE/IgNX1UuNuM4MMpl/TyXuQTDSKUOYXNTeEGB0V0vM/44sAXo5pt+AjqBEFonu3ItVQ+5Yv1pzeLWcD/QhYGICKuyNMFRF64bzuSWObck57/5/8StpnEnQ5sxqvOrHEP5zF6kDm1kXyYePUu/Z2KYkYsO3Psd9x+Vk/tl+kx2pp7j3I27ZwC7bfy5qhWIfmNgTmegMcyO6gbdmKUT0rpJpyUVBtOJvwStkM8yiErw4Lv5bAjtQE5qBRAlLveyT8m7jxV4FM7TM7AlwDigOxFnlQDLmz/RZyg==]]></Encrypt>
</xml>


2018-01-08 21:01:32 debug :
------------
String:
account-ticket<xml>
    <AppId><![CDATA[wx7f83e93205d2fd31]]></AppId>
    <Encrypt><![CDATA[XtF1k/gQJfmXoyNbcfIs1T1w2MbUVOxJLthuY1gXU5v3aMJRmqiPQylqv63XjyFokztViYh+ub6Q0/eHjeJgfJmGyUP/9fU5J/cfsmV6kdrF+SuQniOYrXbBI7qg0yd5acGKnhPOL906MKTQnJQoaPWmqiczJwfv0E9vWcNGEUVi76uEk4q23uYTeUuc83XHICud68eyQtNXCoYWtVwu1vhuXl0MCaJx2/LnmRR+KI0wF0ry48GJ3JbJhx0dSPwIxiq2X+QkpxgD8G81Roff9dKhqjsxn7Ulyv5rq9Q5wYsVY2DY6wc8mK4aeWhif78jlW7AG8dwx9iByUAmqn+w5+HzRmdelAx++aJcexQCtqRxry0U/npCI7FjelNekaTLwGfn+LLsnATY4Dy6Jm6UB/sgEpCDwp0afg4oVIewMpP609SsFMdlyIqFvMuz02TTIwqX0LeKvzC5CgD1tQPsKA==]]></Encrypt>
</xml>


2018-01-08 21:11:36 debug :
------------
String:
account-ticket<xml>
    <AppId><![CDATA[wx7f83e93205d2fd31]]></AppId>
    <Encrypt><![CDATA[dnoNj17i7XyWFo54XdpKJ6XVvcXzSXN8Td2EJR+5rdLId3BJHNnFpdiVhXwXgDLdG38GiTIjeQ23HNJT+N8QUaQSohENGn5/Y3uyTC4WmlJ2AlMwOf0amZOLrRIAQAXUrL/kOdBI3FXDJ8JJhPmJFE1w9CraxmUZTmP3dA4d/+5gJB2e/a15mAzrzci3Iarcxg50lLrPOZjbilAdWHB/vZMaFQUu93nDhvNFSlM6P8f08Yb4qQT28T00jwUiQ7k26a2dkNhVLZOGHV4fbXaw8RZf+tIYNFaN+5BhVzl1XZgp3ZYKGYt0KFWUlB5yfytI9gsqGGTTBwBronPW+ISoULhuQ5dr8LArrpUbolyC/YEsfTF1q9YmHSDvCPWpLU9+itaGW5IAX/WTx7V8M4MiwW9JMlxZss1c30TBWR+wzcBj2W0ndR4BPNOaYizTsWjqC98S4ZifWtjdmv/lFIX3vw==]]></Encrypt>
</xml>


2018-01-08 21:21:35 debug :
------------
String:
account-ticket<xml>
    <AppId><![CDATA[wx7f83e93205d2fd31]]></AppId>
    <Encrypt><![CDATA[TPLQarIzQgrP2fm43hUXgurd/jCNBWtpgHBupfB9/K3ur1brVoDbkleR3J+BIBMh59mfWuJKodZmtvb1jhtI8Loj/kTgAFAUmv0xdRQA+yz33ZqK4Owz+WopiRBIi11JTBXbeUyfFZEdff8LTk9cKDWWhNSE28+bipFsQYKsj5D24D3HOth15YEgWLlFJOwjQLPYKY3DvXvB2ZC/XH6Pk3meTcco4MTnO0uSM1zv3Gn35SAAo82S8go9ev3NMaDsBVZ9eJewixi6bZmao/GIs5UhZT/1VcLSNBe7l+NT0wmTUyfkz6BlaJ952NgtYCPuGOM03G3esiW+1kXKKBny8TdcsmdWWmttf9LO3UoWwesGFtpEPjx774D0h1Duep0POZOj+YI/x4WvTI3XsfbIxEcooRwOBYlAascup2OuLwRT2Lv3xw688p9iCPp5lw/z/4TXuqzz/p5ezOijWPd2pw==]]></Encrypt>
</xml>


2018-01-08 21:31:31 debug :
------------
String:
account-ticket<xml>
    <AppId><![CDATA[wx7f83e93205d2fd31]]></AppId>
    <Encrypt><![CDATA[7Nu+glUQ0P6Ez33kgTJITR5jUqOqNh7EfUFIyksGo8x2JVtRtsakZK4PrREMKoGO0/fwkX+hkZOBM4DlReoX7RC2nDMSE9x2QRZPePJ4o9ofrSTgf2Fta6A3pIMyzuf86lSOy5Y/xTxaka4SdMIfXUPlcISmm7AodFTozoA5uiLvUlcHaGTT57a6xHUhZuK8SSH6j5oiToqWqc6nUi+1j/yAPL7iUL3AQ07zYb81SYw81wD9f4TfyuKood1pxosSXoZfg6zS1CuMP1lE8L1+cMW+P1X4ozQ875veTTAdL3M3hv8DpIzObyiNK9ZpHR25ma9iK0t+dxNc0zmkCKu5/yCrXFXQhELTEmjkmlhWV8pSU8s+Gj9YBf74ZwjMjZXMGRbh4xAVRDO5Tlir+iYQt0j83PsgRGw/CHz37JaqBzXTi1Rkr+7Z08fuVzcEe7pvO72/j6PMENTcFqMGQmkNkA==]]></Encrypt>
</xml>


2018-01-08 21:41:29 debug :
------------
String:
account-ticket<xml>
    <AppId><![CDATA[wx7f83e93205d2fd31]]></AppId>
    <Encrypt><![CDATA[tKSWj+cnB8+Oob2qjvWDr3GS4CsjPuhZzMMi386ZFaORqbOjPZH2Hg5hKqmzdFtAZqlg0IWm5+cir/ACd9KRp+7cjj2YsXDr4q1KRnrKyDWyVKtXlQol0SDrAiW+IpvQLTZMa2ocLFkI87mBzqPOMzy3PaGdjb+XS5jSmuhCfMSrYhttHU/y1GzfF0r2G2bQqHuCUgO0qzVKh573oDVGzvRZ76eeU1xyxezmoJZM3Vb6UDrXvPkeWajHxlZ9dDkuHBMjX7OGcuFA4EgSG2RjCUEnaRzJFLImn0zSM//wbKFmKmE1QRVzrD/GeMBQn964XC4YWySleOcHH151tUxq6iKwIvXT78Og32CLqODr5V/wNOVlANwrvX07PueifYEf4RhVzjZv7u/vJFfVLAJeDVUPJSVNOJMxUkRGoQqu9Vj+LUJ8YIj6PrGRy6RjHdpRZYLJwh9fsKYRJDq58kZiXA==]]></Encrypt>
</xml>


2018-01-08 21:51:23 debug :
------------
String:
account-ticket<xml>
    <AppId><![CDATA[wx7f83e93205d2fd31]]></AppId>
    <Encrypt><![CDATA[4UgTXO+L4f5A1NC3k+yvN1rLMFKcYkeiuHMUUTv8tgeep8KksC064kUi83X7zhbqjU8LPGkkQ76X/KvCjMh0uI4aioj5b5l4c1f+ECOGZjsqZckScc9Y3dr+b9x6AY9FUmwbiJqwgflyHmoYgPYgJFROFmJZ5rKmraL9orMIfOvOvUlQxvAsrJxFHatFv/3wEtfdKwCbLqvLiHrEhhDd9HtjlVkLgukF9yDD9BuVlv4rj2FCsStpd6XKy5GRUVWo1xCx+LRtuqfOy7vY3lZRGdVMOleJBNqHl6snUibxAlVDYugsY3xRE0ApaKy+3IVtTtxnV6bcPgaYtktfXsgSL8tAczYqoLZE3cwIl5Bm0iGtZuGRrDfRoc2OqkqXXWips901uqJUkZxw1lgubavfv51ClI0a0PzR5xHyXepLfmnFrK69Z1JlnxWP48seiaXs280wEAqcgRj1kf76qOlgfw==]]></Encrypt>
</xml>


2018-01-08 22:01:26 debug :
------------
String:
account-ticket<xml>
    <AppId><![CDATA[wx7f83e93205d2fd31]]></AppId>
    <Encrypt><![CDATA[H6/aY+vSpTffI8UHwEZZa3s0MnRQMrIImlXeJQoXPK5Xo1qzy2MnwX3ZWEHz/B2Qhy344Ok57biAUsA3KhaccMeY12SCr+uHUt8LJOC00o2SnehU7/9Dd6b96vl32uW69AIgDuFGiZ1s9NMigBdSwbc4VmP22od6WnaIm9H/kfjogCbfDEVZOKf8D1uDIuz8U4aotKN1QyZL1LKcdn7z/FJSHnC1C2ivR/JcKCOLLVe2EPUsTc5H4M1O5dEvYaTiSLXBi+L1vaxv8HxAjAL/KyeSlC2Ej8RRCUwI/JOOgJsgZqyf3W9nb/++sCsZ20SV4yzTeNFW1QUniezKzOFVsu8Nx1FgTyeGxdOK6Nm2GbX14AflUZ7zSD+hkZCFJeFApN+DKqJHIyfORHhGTJfwgmUEHrb15DJA1t0e7K9v7MpVz/pkU7IPF8VJzahQh5IXScdUrwMXYLPDFqnqUMLIbA==]]></Encrypt>
</xml>


2018-01-08 22:11:21 debug :
------------
String:
account-ticket<xml>
    <AppId><![CDATA[wx7f83e93205d2fd31]]></AppId>
    <Encrypt><![CDATA[w4E30G5dTKXNOV2PQ7gPunMog2MpdIagLXFjxZ5Es83Hvf674wo5DuYR64tpB3yEhBd1ofPWxo4w0WJ3kXekzKi2AuHsc2QgaFqwyLYZOPXHSlboejZ6pfmfecX2ALcActgkYeAapHJ/IZoKr656KXujezw2rkDVYGZIJntKlXfVivXG2h65k8XPi8/64FZ7duPOhrfvrocZeSfEAfyFasaobGFu3ET2kJM82AxFP+s7EYWY2KAe0+oItk+g04yQQt3gav9QWXJ0kKkdPDdSaM0yVzsvoKXHRcMFiinSpKrIMd/TIbSpee3PP4HjgjWcyEZVRZrp4AhFR8sZIsIk+JSVSfknepW1/PgnY3QyGeiAeURcZOloyCPGXHbrWBHYEBuG84uo/Q7UQRFKfT2NH2E8j0e34Rv0go1rJM3fTlKl4UpJ2zlY2MyBdYZccVEnyYSvSi8uRE/lm/nbIU1fmw==]]></Encrypt>
</xml>


2018-01-08 22:21:51 debug :
------------
String:
account-ticket<xml>
    <AppId><![CDATA[wx7f83e93205d2fd31]]></AppId>
    <Encrypt><![CDATA[TAJENAQyyC/cujVQKeLjLdh6Vs03XO1Uk1T0kewMvqPw7owmYjNGQiOdBj1jK7NX8P6cBay9IAAcWoCnSQ1kvLq0rPNu79WaaN58E8mSlG76cuCKiRlWz62jjcE0YxRlAxxWPIBBs/Hu47IergUycHLdH+thKkaOpMdwRAnojrR6bpDIigT0nLmrNAzzWAQoLCUh6Jk8Ak/2Kgh+TYpY1GhvCW5+9VzEF9UU1VrQR2t6qnRFt8j7cOEXDR8F7KrOqXqGX/G2K3g/8/K59xl+H4mW50J/x0H/sR4hwODVGuQ4DBb7a0wrDr/B1saQhux3AofAWiMRCvXLFeHu0BtDjBKJh1jDRWZ+NEKSuf6EtiSx3jbajgbxqOHbW2DnZKiHkw9OBNwu8glORiQQ5C/s0efjsjj2kNZKhgr6KCXF2dsv3Fkedt+dT5ad2ZAl7pZTIvETIDYE+SBUbXOlNSfaLA==]]></Encrypt>
</xml>


2018-01-08 22:31:19 debug :
------------
String:
account-ticket<xml>
    <AppId><![CDATA[wx7f83e93205d2fd31]]></AppId>
    <Encrypt><![CDATA[7zejcS5uMrNU0qdX06/BOShtv0YUdB4AnelGV7p/APehtJP4EaN0komoh3cLYXcm94nprF3NFjiKt1tJGb4/Z1vvBS45rbKMP5iE4qabegRyEFkfF14WQDSrCceT6u3FXK/1PsOOj07kubRD34vb1RXjKzdYCMlWT1fgoJWGAmCKjDFaOoJpANgmqvobF/PyQOZoNWJCA+nVA7zFwQx6knq8F637LQBpak7KGJp1hcs6tPTnvR8nT+cTjSv8oPC4XNRW++Xe6n2FJ7BOpfvrcuAuMjmaNqi2g3MpqeXhSyUrxrTl25bvxtbGypkhlOo1J+/5waJ2stNu1B62WyRheKDrqGstg26iHFM7s+qlU6PG68iNNvOCSDTg/6IyAX7bT9Wv2ScQdRo7SoWb8Bw/xBmdW95Gk6OS9oFAW11DocYzzZbVjpZBKeR83PU9DKByUvx0nidsltWWKx09ICLqog==]]></Encrypt>
</xml>


2018-01-08 22:41:00 debug :
------------
String:
account-ticket<xml>
    <AppId><![CDATA[wx7f83e93205d2fd31]]></AppId>
    <Encrypt><![CDATA[Fv9Wm2YLnXEIijm9iycuT0yj13XpKn/I/fiOziLkSvoqQq6aznHDRFCXGxSkeE6ss0umy7RqY26R1oq7QkcO0eE25d4fvMG2D1o+1sESZkbT5fX8SJFivJujyMc3EmWs5XHED+hN/pc6BOkEYk03L17Awi5jIiVnbAk4eGFKQld8aTLR177DgpeKXVUN7eojxj0mVct4YyNb8Ejsq4Pq9pBnTJczUvv3Why4puYBSKRH6JaYMBfIeQNr0i11yVTipu4q0QPxQ7AFkq2AIm3gFdj2nAgNLuxLcGamW2Quii4lovsTRcPQL7+uay2aGoKw964p+N9DzFi609bm2eIScfLCu/bjln/HJU5Ramoa/A5Zf6DhnCc8yZO++fsRObNlgMpdsXeEdMFFib0XJPsk+rW2HBbu0rhOkcwEFZYQw4TwQaFzZSuYWUPElv1FRJO30U1ZAct4PyvnY72tYDCAPQ==]]></Encrypt>
</xml>


2018-01-08 22:51:03 debug :
------------
String:
account-ticket<xml>
    <AppId><![CDATA[wx7f83e93205d2fd31]]></AppId>
    <Encrypt><![CDATA[+o9uaS6EJF05BtrVbQVoZ/PL5ihrniT2PHz9roPX3SxXSyBMxHgyB0DN1BwiMx81JsyL4xEwzSUi+OU8XG9F+dGbfm1hW9s+yJRSYUcdw+VokEoziTBPNRXd+x8Gwiint6MNcOCyp25AeGUhYcVg12rlmfOlttBuOtGhBFpEacKUuWH8DozRpD6eZ9mb0KByS4xc8vBjPJmR/3ePD/mlGC5uuQeajzvFNqlQiFuy+a6hjrc7tYxwjH+D3dOnLrVZ5oytGmOYNLVvS1pPlxt8e+/M8CFuaOz48FFRcM1nOqb0GronAz2yKOy+4fhNAl/jAD0KvvwJ6S98gE3aQVHGOMSZH1EzVSQ3iZmopCEJFNIr2a/PyusI+2NQzn8bF9QvCX3cMFdox16PEpBueV6ynsnWbdaPe+FmP8T5NQTqsUngZJdf/kkziyDzFLdH6EH7TT66KLxzxDLno+BNG4FNPA==]]></Encrypt>
</xml>


2018-01-08 23:00:58 debug :
------------
String:
account-ticket<xml>
    <AppId><![CDATA[wx7f83e93205d2fd31]]></AppId>
    <Encrypt><![CDATA[+lmctXe+TVnQ6jO5Wf6AV48PnwFqil7Fef4MkTVERzR0tRa1ITHBxQqOrji2Y3xW8qBhfnFdsunbMQ/uI3nZvQTAei3IejytwLzBv51e4rtOFKm3pc7zBmAPVhndqLL0spbB3xb+75zTTyYD3KLj5Kb/wLH+qmPLVrZJG720n7nGPruyQjku5bYIk18p9+TW+3uHFm2+pCDNmACw0xWbCUJUekdscGXAuN2PmkUFPcPsNzODqK6UeI0929XjsxSNZhN6mOCkuh4bQWo0yW5RTgURKK9ugL2NzVppnCB0QZiM9mBO9MwqbqxQR/397E/WKS0pRAvRGkJpdD98ODZ4vOPKlJrrXEvtZ1Fxa1Ybc5oMNgLEhmZVJcvnhhPf3WFEAjyXYsRhDOHIaI10fPbKSDnAWAIs0aI8AIgs01Xx+N3OYEIZY8Of01ONIqzjpQoO2dQl5oAcDDptJtSNSS2Nwg==]]></Encrypt>
</xml>


2018-01-08 23:10:58 debug :
------------
String:
account-ticket<xml>
    <AppId><![CDATA[wx7f83e93205d2fd31]]></AppId>
    <Encrypt><![CDATA[liXijJ9a3vGSU5dyhd8RCz2F2Jv6pqEYw+9AQZG9vAfZzsgnr+d9m7WB47JSV60NRGRnY/H1qrb70cp0fjRfj1ZHaNf/qGaYkWBrYp0xVgj9iFyQqQbETkgQOXU+5HeScT4NusvysOkigHQHXmZ/4jY3jTtRTiMEyiwMKzVe3yimyh3k+DZI0wMjv3irdUWtssGIpfJa7LR128sM1iAZyIurBoJCQRfSx+E3swMAD9AATfbLpRLOONEMcH5eHKQHHFr3Qw3GkwQsMAPJmmbRyYkvN2oMq3gFFChmWdbgUvnDHbKRCN5Pynl6+Eu3qJEUBII0u5/i605bJxQ5VEPTOhbomSwToQffifo8S5/CYODCnWhAp/DFyeOfBkeoj0phtpDc2tVQbGtQfN5o64VLxaWesy2+DeX//WOTs1RnEobNXPI92xN3mtMUObOpg8XkVjGIVAIi+rcqJYoAmp6hAQ==]]></Encrypt>
</xml>


2018-01-08 23:20:49 debug :
------------
String:
account-ticket<xml>
    <AppId><![CDATA[wx7f83e93205d2fd31]]></AppId>
    <Encrypt><![CDATA[yfRgZ2Xg1fED6icgNPj1VkBCVoThO55yHpdRXwkWRlFXd5vOb1oeUGyDUdNXvmWf+dWpbfvYvxHzeLQ0i6dyEIWs3L2VodSjBSgEBpwQiHwAW9iZJAyevf3l9+gvvA5YaS7KZewqYIYfRuArbQb/Np3YRETgiw+TNBLmHShdfw3srOhN34s6htwGSVhvcsAUKaNUp/Dw1TZG1KThcHTod+f9yp7bGltaAiN6/KBBJ4mRz4zPvLOF/3GCq7PueamP+xCmFhCkUjMYyMlg42b38mSWuh+YwAOeZRL4h15WDfKIMh7PyZOut2c5o7/DagYA1SwQRl0k9OnSQ6fFDyITG7owRh3fvFBXmw5L8jX6O+hvsLYCVn39bN4405PZU2tWDmeCNMsYrmhbMTgAbhMBZqdGwODWma5ZWFF2M2mt0ebCldT7FBJyf3FRMJ5uEsw33uOAz2TSn0sikMmT7l689Q==]]></Encrypt>
</xml>


2018-01-08 23:30:46 debug :
------------
String:
account-ticket<xml>
    <AppId><![CDATA[wx7f83e93205d2fd31]]></AppId>
    <Encrypt><![CDATA[+B7zr4667vYuQUXOU6UNQ6Fz9K2nbN5xXEFM2EjammhDjRPopmgxi0eAfH1f0JAPhDzZPcA/tHLx93L3wAXnLuT+wOOdoABpvPg9gab+6YeXiBE8XcuIRe/W55guJCXb5q8JLStJQZPmdhvorWYkgBp+OGwwX35pDs65w1SE/plnbRZo6fGMkuk6DtJM3CQEXwGxJ862wkGcVrJJis8d3+o3TkJjL6+au4owuoqH9OigR6ITSDkA8PKJNSbU1mbpKz2yfA7CJH1jTg3mDuBhQ7dLhAAmEz1c8gZIxz0quKIJ97qeFaNCNZXrZHo3mpQSFg8FUA9UHik15uYaPxEv4K43vYFxfWexui5H7T4rzOkyB0u9gvQpenxEqjPujlqUkD23FIvNuIuimZSg2krQ0QbXSbwiwT2yn+kUebG8M++MYIjRUTox0o1n+HiXYbQNkHLwsQUPHb+N6kSuQhlrWQ==]]></Encrypt>
</xml>


2018-01-08 23:40:47 debug :
------------
String:
account-ticket<xml>
    <AppId><![CDATA[wx7f83e93205d2fd31]]></AppId>
    <Encrypt><![CDATA[MxPrvZSkPwKRpNXl7jRTRbIS6QhwiXbhfcwMP/cRbdu+Q3DBN73Jo/VHxmFj9KgmDfV3c+EBt9Rv0dBo/FHuAif0RNek8ERUVuUIWaY5u3EWyyRtSgqCVjavZ1IstPOgzIX0Cbqp4yieVD3HiQyHELY0zAziIUGPny/T9Bdg7JqQOVb8vVu5KLUHFt5TXKhVUMNNJ1tdnVa4GQZ2UxfFiidePw2M3w2uBfj/0U/ke3Q6pTwpz3lLC98m9cXYT+6+scgALlbUXyOzh6xTXEqQWQNoDgYbwEfFyIB79t85+2QDrs7qPjusHHdRfwUYivapM/fY/sW73kKsN2MegQtlxv2pIbtB5lSRzzQrN+rlRPQ+uDCjoAF7OB4imscrpF5A4eZX0utRI8csTamLCAZ6BLjh6G1JsKiAdCER00+OTBZr4l9QBQLpVh7N7ccEYP5J2hTrOCkp+faVuCRckS/RbQ==]]></Encrypt>
</xml>


2018-01-08 23:50:40 debug :
------------
String:
account-ticket<xml>
    <AppId><![CDATA[wx7f83e93205d2fd31]]></AppId>
    <Encrypt><![CDATA[S1ExsAFzG/3F/+UTvzJQCtH/5LveLWGhJc0POUjr2T/O3aW75qjIfismXdJ/5ETd83SKKOmJLGwQcIMNWISf6djNFV9gG9skOWcbs+ZmZAjoQgS839b00hORUSwkBysmOazwkac+ZSPWIUDXmBBzbCOVD3xVxPWroYLMd2ZreLXeU2lpP/B3EPTeiK7bpgY/6jE5wLr9C6Kl3PvZPSBaweofvPEkRsjW9LQNDEZsKO7tYmpzSkAA5R0Hb+Z25fcO/SH/q7YNxqVdVPvjzixK8g+MwMXuc37OAGv2rTjRDwqlNfGch96gtYhcoSLPeymxHrU4jyAXRXD+0QnJSFsXHD9ywgcBX2Onk2eDxcKo8ylaxe53KzlNOxpvxLKdYJ/psvyXn52V0bbYddUtCJvoli+2VNh8daI8ZVGl6QUeoIGtsu2MwJuOEOb5LdhtntnjFpZiRrhDM71mMwmJ8W4H6w==]]></Encrypt>
</xml>


