2018-03-01 13:45:32 SQL Error :
------------
String:
SQL: <br/>UPDATE `ims_mihua_sq_shop` SET `uniacid` = :uniacid_52 , `shop_name` = :shop_name_53 , `city_id` = :city_id_54 , `area_id` = :area_id_55 , `business_id` = :business_id_56 , `pcate_id` = :pcate_id_57 , `ccate_id` = :ccate_id_58 , `lng` = :lng_59 , `lat` = :lat_60 , `logo` = :logo_61 , `shop_cert` = :shop_cert_62 , `bgpic` = :bgpic_63 , `telphone` = :telphone_64 , `manage` = :manage_65 , `renjun` = :renjun_66 , `intro` = :intro_67 , `inco` = :inco_68 , `opendtime` = :opendtime_69 , `address` = :address_70 , `closetime` = :closetime_71 , `qr_code` IN (:qr_code_72,:qr_code_73,:qr_code_74) , `endtime` = :endtime_75 , `rate` = :rate_76 , `status` = :status_77 , `orderby` = :orderby_78 , `dp` = :dp_79 WHERE `shop_id` = :__shop_id_80 AND `uniacid` = :__uniacid_81<hr/>Params: <br/>array (
  ':uniacid_52' => 2,
  ':shop_name_53' => '望京拉面3',
  ':city_id_54' => 1,
  ':area_id_55' => 1,
  ':business_id_56' => 0,
  ':pcate_id_57' => 3,
  ':ccate_id_58' => 0,
  ':lng_59' => '116.40717',
  ':lat_60' => '39.90469',
  ':logo_61' => 'images/2/2017/12/i1BBUSzDvl8nc8826nvEXxU3E6vf1D.png',
  ':shop_cert_62' => '',
  ':bgpic_63' => '',
  ':telphone_64' => '18332563125',
  ':manage_65' => '我们',
  ':renjun_66' => '',
  ':intro_67' => '这就是望京小腰，好吃不贵',
  ':inco_68' => '["\\u652f\\u4ed8\\u5b9d\\u652f\\u4ed8","\\u5fae\\u4fe1\\u652f\\u4ed8","WIFI","\\u505c\\u8f66\\u4f4d"]',
  ':opendtime_69' => '8:00',
  ':address_70' => '河北省邢台市隆尧县唐尧东小街',
  ':closetime_71' => '',
  ':qr_code_72' => 'https://tc.chen.com/images/2/2017/12/i1BBUSzDvl8nc8826nvEXxU3E6vf1D.png',
  ':qr_code_73' => 'https://tc.chen.com/images/2/2018/01/NTXzqXMy5QT5Qy33T3QE76ZexvkSQj.png',
  ':qr_code_74' => 'https://tc.chen.com/images/2/2018/01/nXxXH4hvppLdMXIUdXxuc9cx5XDXd9.png',
  ':endtime_75' => 1609364926,
  ':rate_76' => '0',
  ':status_77' => 1,
  ':orderby_78' => 0,
  ':dp_79' => 4,
  ':__shop_id_80' => 3041,
  ':__uniacid_81' => 2,
)<hr/>SQL Error: <br/>You have an error in your SQL syntax; check the manual that corresponds to your MySQL server version for the right syntax to use near 'IN ('https://tc.chen.com/images/2/2017/12/i1BBUSzDvl8nc8826nvEXxU3E6vf1D.png','h' at line 1<hr/>Traces: <br/>file: /framework/class/db.class.php; line: 408; <br />file: /framework/class/db.class.php; line: 95; <br />file: /framework/class/db.class.php; line: 247; <br />file: /framework/function/pdo.func.php; line: 81; <br />file: /addons/yc_youliao/module/web/shop/shop_info.php; line: 88; <br />file: /addons/yc_youliao/site.php; line: 87; <br />file: /addons/yc_youliao/site.php; line: 46; <br />file: /web/source/site/entry.ctrl.php; line: 89; <br />file: /web/index.php; line: 80; <br />

2018-03-01 13:46:49 SQL Error :
------------
String:
SQL: <br/>UPDATE `ims_mihua_sq_shop` SET `uniacid` = :uniacid_52 , `shop_name` = :shop_name_53 , `city_id` = :city_id_54 , `area_id` = :area_id_55 , `business_id` = :business_id_56 , `pcate_id` = :pcate_id_57 , `ccate_id` = :ccate_id_58 , `lng` = :lng_59 , `lat` = :lat_60 , `logo` = :logo_61 , `shop_cert` = :shop_cert_62 , `bgpic` = :bgpic_63 , `telphone` = :telphone_64 , `manage` = :manage_65 , `renjun` = :renjun_66 , `intro` = :intro_67 , `inco` = :inco_68 , `opendtime` = :opendtime_69 , `address` = :address_70 , `closetime` = :closetime_71 , `qr_code` IN (:qr_code_72,:qr_code_73,:qr_code_74,:qr_code_75,:qr_code_76,:qr_code_77) , `endtime` = :endtime_78 , `rate` = :rate_79 , `status` = :status_80 , `orderby` = :orderby_81 , `dp` = :dp_82 WHERE `shop_id` = :__shop_id_83 AND `uniacid` = :__uniacid_84<hr/>Params: <br/>array (
  ':uniacid_52' => 2,
  ':shop_name_53' => '望京拉面1',
  ':city_id_54' => 1,
  ':area_id_55' => 1,
  ':business_id_56' => 0,
  ':pcate_id_57' => 3,
  ':ccate_id_58' => 0,
  ':lng_59' => '116',
  ':lat_60' => '39.90469',
  ':logo_61' => 'images/2/2017/12/i1BBUSzDvl8nc8826nvEXxU3E6vf1D.png',
  ':shop_cert_62' => '',
  ':bgpic_63' => '',
  ':telphone_64' => '18332563125',
  ':manage_65' => '我们',
  ':renjun_66' => '',
  ':intro_67' => '这就是望京小腰，好吃不贵',
  ':inco_68' => '["\\u652f\\u4ed8\\u5b9d\\u652f\\u4ed8","\\u5fae\\u4fe1\\u652f\\u4ed8","WIFI","\\u505c\\u8f66\\u4f4d"]',
  ':opendtime_69' => '8:00',
  ':address_70' => '河北省邢台市隆尧县唐尧东小街',
  ':closetime_71' => '',
  ':qr_code_72' => 'xx1',
  ':qr_code_73' => 'xx2',
  ':qr_code_74' => 'xx3',
  ':qr_code_75' => 'xx4',
  ':qr_code_76' => 'https://tc.chen.com/images/2/2017/12/i1BBUSzDvl8nc8826nvEXxU3E6vf1D.png',
  ':qr_code_77' => 'https://tc.chen.com/images/2/2018/01/NTXzqXMy5QT5Qy33T3QE76ZexvkSQj.png',
  ':endtime_78' => 1609364926,
  ':rate_79' => '0',
  ':status_80' => 1,
  ':orderby_81' => 100,
  ':dp_82' => 4,
  ':__shop_id_83' => 3043,
  ':__uniacid_84' => 2,
)<hr/>SQL Error: <br/>You have an error in your SQL syntax; check the manual that corresponds to your MySQL server version for the right syntax to use near 'IN ('xx1','xx2','xx3','xx4','https://tc.chen.com/images/2/2017/12/i1BBUSzDvl8nc8' at line 1<hr/>Traces: <br/>file: /framework/class/db.class.php; line: 408; <br />file: /framework/class/db.class.php; line: 95; <br />file: /framework/class/db.class.php; line: 247; <br />file: /framework/function/pdo.func.php; line: 81; <br />file: /addons/yc_youliao/module/web/shop/shop_info.php; line: 88; <br />file: /addons/yc_youliao/site.php; line: 87; <br />file: /addons/yc_youliao/site.php; line: 46; <br />file: /web/source/site/entry.ctrl.php; line: 89; <br />file: /web/index.php; line: 80; <br />

