2018-02-06 14:10:59 SQL Error :
------------
String:
SQL: <br/>SELECT a.*,b.* FROM `ims_mihua_sq_collect` as a,`ims_mihua_sq_shop` as b WHERE a.shop_id = b.shop_id AND a.weid = 2 AND a.openid = 'oKC7q0BVul2IyiWnAfD9GIN5a1EE'  and b.id=29 ORDER BY a.time DESC  <hr/>Params: <br/>array (
)<hr/>SQL Error: <br/>Unknown column 'b.id' in 'where clause'<hr/>Traces: <br/>file: /framework/class/db.class.php; line: 408; <br />file: /framework/class/db.class.php; line: 162; <br />file: /framework/function/pdo.func.php; line: 49; <br />file: /addons/yc_youliao/model/Shop_pro.php; line: 342; <br />file: /addons/yc_youliao/wxapp.php; line: 526; <br />file: /app/source/entry/wxapp.ctrl.php; line: 41; <br />file: /app/index.php; line: 114; <br />

2018-02-06 14:11:07 SQL Error :
------------
String:
SQL: <br/>SELECT a.*,b.* FROM `ims_mihua_sq_collect` as a,`ims_mihua_sq_shop` as b WHERE a.shop_id = b.shop_id AND a.weid = 2 AND a.openid = 'oKC7q0BVul2IyiWnAfD9GIN5a1EE'  and b.id=27 ORDER BY a.time DESC  <hr/>Params: <br/>array (
)<hr/>SQL Error: <br/>Unknown column 'b.id' in 'where clause'<hr/>Traces: <br/>file: /framework/class/db.class.php; line: 408; <br />file: /framework/class/db.class.php; line: 162; <br />file: /framework/function/pdo.func.php; line: 49; <br />file: /addons/yc_youliao/model/Shop_pro.php; line: 342; <br />file: /addons/yc_youliao/wxapp.php; line: 526; <br />file: /app/source/entry/wxapp.ctrl.php; line: 41; <br />file: /app/index.php; line: 114; <br />

2018-02-06 14:11:36 SQL Error :
------------
String:
SQL: <br/>SELECT a.*,b.* FROM `ims_mihua_sq_collect` as a,`ims_mihua_sq_shop` as b WHERE a.shop_id = b.shop_id AND a.weid = 2 AND a.openid = 'oKC7q0BVul2IyiWnAfD9GIN5a1EE'  and b.id=29 ORDER BY a.time DESC  <hr/>Params: <br/>array (
)<hr/>SQL Error: <br/>Unknown column 'b.id' in 'where clause'<hr/>Traces: <br/>file: /framework/class/db.class.php; line: 408; <br />file: /framework/class/db.class.php; line: 162; <br />file: /framework/function/pdo.func.php; line: 49; <br />file: /addons/yc_youliao/model/Shop_pro.php; line: 342; <br />file: /addons/yc_youliao/wxapp.php; line: 526; <br />file: /app/source/entry/wxapp.ctrl.php; line: 41; <br />file: /app/index.php; line: 114; <br />

2018-02-06 14:11:43 SQL Error :
------------
String:
SQL: <br/>SELECT a.*,b.* FROM `ims_mihua_sq_collect` as a,`ims_mihua_sq_shop` as b WHERE a.shop_id = b.shop_id AND a.weid = 2 AND a.openid = 'oKC7q0BVul2IyiWnAfD9GIN5a1EE'  and b.id=29 ORDER BY a.time DESC  <hr/>Params: <br/>array (
)<hr/>SQL Error: <br/>Unknown column 'b.id' in 'where clause'<hr/>Traces: <br/>file: /framework/class/db.class.php; line: 408; <br />file: /framework/class/db.class.php; line: 162; <br />file: /framework/function/pdo.func.php; line: 49; <br />file: /addons/yc_youliao/model/Shop_pro.php; line: 342; <br />file: /addons/yc_youliao/wxapp.php; line: 526; <br />file: /app/source/entry/wxapp.ctrl.php; line: 41; <br />file: /app/index.php; line: 114; <br />

2018-02-06 14:14:55 SQL Error :
------------
String:
SQL: <br/>SELECT a.*,b.* FROM `ims_mihua_sq_collect` as a,`ims_mihua_sq_shop` as b WHERE a.shop_id = b.shop_id AND a.weid = 2 AND a.openid = 'oKC7q0BVul2IyiWnAfD9GIN5a1EE'  and b.id=29 ORDER BY a.time DESC  <hr/>Params: <br/>array (
)<hr/>SQL Error: <br/>Unknown column 'b.id' in 'where clause'<hr/>Traces: <br/>file: /framework/class/db.class.php; line: 408; <br />file: /framework/class/db.class.php; line: 162; <br />file: /framework/function/pdo.func.php; line: 49; <br />file: /addons/yc_youliao/model/Shop_pro.php; line: 342; <br />file: /addons/yc_youliao/wxapp.php; line: 526; <br />file: /app/source/entry/wxapp.ctrl.php; line: 41; <br />file: /app/index.php; line: 114; <br />

2018-02-06 14:19:52 SQL Error :
------------
String:
SQL: <br/>SELECT a.*,b.* FROM `ims_mihua_sq_collect` as a,`ims_mihua_sq_shop` as b WHERE a.shop_id = b.shop_id AND a.weid = 2 AND a.openid = 'oKC7q0BVul2IyiWnAfD9GIN5a1EE'  and b.id=30 ORDER BY a.time DESC  <hr/>Params: <br/>array (
)<hr/>SQL Error: <br/>Unknown column 'b.id' in 'where clause'<hr/>Traces: <br/>file: /framework/class/db.class.php; line: 408; <br />file: /framework/class/db.class.php; line: 162; <br />file: /framework/function/pdo.func.php; line: 49; <br />file: /addons/yc_youliao/model/Shop_pro.php; line: 342; <br />file: /addons/yc_youliao/wxapp.php; line: 532; <br />file: /app/source/entry/wxapp.ctrl.php; line: 41; <br />file: /app/index.php; line: 114; <br />

2018-02-06 14:20:48 SQL Error :
------------
String:
SQL: <br/>SELECT a.*,b.* FROM `ims_mihua_sq_collect` as a,`ims_mihua_sq_shop` as b WHERE a.shop_id = b.shop_id AND a.weid = 2 AND a.openid = 'oKC7q0BVul2IyiWnAfD9GIN5a1EE'  and b.id=29 ORDER BY a.time DESC  <hr/>Params: <br/>array (
)<hr/>SQL Error: <br/>Unknown column 'b.id' in 'where clause'<hr/>Traces: <br/>file: /framework/class/db.class.php; line: 408; <br />file: /framework/class/db.class.php; line: 162; <br />file: /framework/function/pdo.func.php; line: 49; <br />file: /addons/yc_youliao/model/Shop_pro.php; line: 342; <br />file: /addons/yc_youliao/wxapp.php; line: 532; <br />file: /app/source/entry/wxapp.ctrl.php; line: 41; <br />file: /app/index.php; line: 114; <br />

