2018-01-07 00:09:12 debug :
------------
String:
account-ticket<xml>
    <AppId><![CDATA[wx7f83e93205d2fd31]]></AppId>
    <Encrypt><![CDATA[xlhnGUhGwlPVVWHtXVMKyINAnik3AngQ9hTAO6Wba9zWyIYawU+NrRjyHYNpEcCjU0HgwcEizgrw3ycbsQZxPz96Z1v3ua4HzAWLuEWrHao2aoR1xKpTz4yxqlD5HtvXy5uTG16VAIHX+2jFIUH2PqDiZ6ADjjUf3uBFoWtB6avli2WGpCEZSkQKCNcjzUKEbbhN4eqjxeKSx81iww9bCAiQiP0sgMZPsLTvhsVUl662FjCkLHDeo1W1MsDPSbel08TYA+EB/rQcQNUpkBKhnLUfnMChP2ET77S0N2dW8I3tY/hjql/A9cVfndACsM1ywZrVg2a1HXu5kO/LMqZopSRYJpGmb0vwnXEmN29r0DRVKF3LPgv7weO0Ybe6bHmAh7mpDSU+5aAHcbe7HVMZ6A7/jJiH0ImNtirK4wmWBnrPEYI47yIgKnJTyj4Q1nw6dtkbEuruOnMSlU+67eP34w==]]></Encrypt>
</xml>


2018-01-07 00:22:48 debug :
------------
String:
account-ticket<xml>
    <AppId><![CDATA[wx7f83e93205d2fd31]]></AppId>
    <Encrypt><![CDATA[SgaR4w1KOspxLA1oJEwkNPVhDFw3etahkp1fiH90ZWkDG6ZKBZ7Pe+xNuZJ650QgsZfNkn+dCsiHB30krlbBbff3YpB4hce11P6y4N51ydR1VI+Cw4Vm803x84ekeAPpuQ624HwnwU3LIeouI6jOT+k+VHqadhj3aBdizShZDYk8UKEvycvG4r8tt4kInKqjyU6g6HkeKzuUaYT69W3yiD+wP23AP5H4pnHGlY/jHfFYb2nLwrUDCv5atKy8yZACG/Nyub++vcFBtWmWf8Htat6IU5nrOB3M8bPT6gcoq6d3CF3aTlN/i4gOHjQWntTSK/lzkclhSVNFvKhmyGo1JVkhdCXSs1zy95PFq1rlDbaR0c0DWuJbQlZCntWpxP3LTak22/jjnqSMSDL/Y5c9eJ2pB//JxArkj+qo6w5jsuPV/cN5JaCicgM0b7jZED8H0e9Gogmno89QqcG1yGVlSw==]]></Encrypt>
</xml>


2018-01-07 00:28:45 debug :
------------
String:
account-ticket<xml>
    <AppId><![CDATA[wx7f83e93205d2fd31]]></AppId>
    <Encrypt><![CDATA[6LIw1Lc3L8IJN+DXYVpFvCt+OMV+Zrp0atwHarSyL4xNDmwp6sxAMnE3xyEa+ag7SRjrFC9dLD3P/cgxYhjirjgSNFJkY804ADEOUzBvApWDSxQa61iTWaort91UZs6nBhOtT70HSovIPuQrU/ME39YJuJlTJNMuj33r3lQEneaSAh7i51saeshmx7/uuxWmlhTY+W3xLRPpzyI9DW6BQ8a4EpS4LwF4/BCMOwjylt6ZELRTpUAxDlS8tiwImpRc1ImsgN4CGSc5ArXQ/TcvZ6gclMPabSmgAy5cvMFmn8klzVyvlZfkuySFA9CS9hhen4HsfV3PYPUa3lMDrb2CHzQib7cMsU3uHKrUSQvF/w3XNnTgE59GvNujZtJoxS5BeMt/r1Tnofx/KYfZR+puYaeu/u2Y685tzby5yjRj+z6aYmYDwXsZTMpEVjd0Evg3dMt1vutVTr+/CaxE/KJgNQ==]]></Encrypt>
</xml>


2018-01-07 00:39:00 debug :
------------
String:
account-ticket<xml>
    <AppId><![CDATA[wx7f83e93205d2fd31]]></AppId>
    <Encrypt><![CDATA[X01ieU+9DAOEb3rYgbcmvqUvLglQO2iCRDMD/0JVc/EOSTYg2BvYUx/3jvQdJsiKqDLLyaAVBvvIoLolGrfZTV0H7zENvcAOq9bevlkwSw7B88247+CjC0ratPhAyF0saEkSwuiap5yI58m0f0Rwf6+MmvlFjCrJjK2h6E+X3QejacofTmzFb1ajBys9uqkY1S5IcwHp/9rOPX/t+c3+0r/pV6EQQ1JTL8h6yp0fQZpA7J2rORPjbjos2QkefDCowVp2T+RD39Zj7FT9wZPH1v/X8fqqI1dYvJ+Uvaf19iLwUJvtIuGMiMTbkWaZUy3RM5MGQVsOxCOi6l+KsIFjRpOVF14QsXDZMGtlcdKxH1d9IB8lg4LQTkeNwA0BqCJiXUS9TIclhDAHscSveoQhwdf2Uwk/GkLYhvpGHKYuJrhbrpL9yfFttpn1UnI78n3j31tsgTQFiOwPijR5PqeSMw==]]></Encrypt>
</xml>


2018-01-07 00:52:10 debug :
------------
String:
account-ticket<xml>
    <AppId><![CDATA[wx7f83e93205d2fd31]]></AppId>
    <Encrypt><![CDATA[r3r6O2Yegx282Wg8TAOaJ4pE28DJ7f1grTqLwcYsADXVmC44/X2wlx0UQSbeHCILZArkjlZu9H38/26TbVi2NgRF/LROCHYA58iAAe2rZixf1W9VZB6KtrrDFbG8SzKYJwqMsrsbqRFpnkZ7UqQPs2+Pd2BYb4DF3zJt68NVlqjJEzeLwin4+WMA+vKwWdspwfdnNSjrIXhH05yKia+vQ8wfhNOqyjknJUUGAGdcjxIhTUBBw3kAzIbJ+ikxx7Z+U3FH/r0Vs0yWGT07dSIuKwj1AmHnYCkdQwioFntoEbsCdCSnyBFD4Zh4m2NF5ydmrt9JUtA6/qJelzB37Vha9835FDzXIY5tMyj0OioWTJAz7LCwir98FSnkyUcE2h6EYcLZrkjCIwGahO4k6LYPxAmYZhP8U9xQl04w86Euo1eZPG9ClbJ5ljRLhjAPYfcyGpnBigyiC+9xjfSPXPEwnA==]]></Encrypt>
</xml>


2018-01-07 00:58:35 debug :
------------
String:
account-ticket<xml>
    <AppId><![CDATA[wx7f83e93205d2fd31]]></AppId>
    <Encrypt><![CDATA[tK5EDaVaxyc7B/wDg2tQ/G6rnETi9I4W6o/hc1EOTArencoV1PMbZbl4YwKhvtOkia7AWO1Fb8QBpwuh3YoYeIuYSXppSIwtdtJnCPQySXxbn8mghCQzw0hiWywXg/u4LRQEDfdVbVgLzjsy9weDeaPreenPGKQXOtuMb5ufGqGAkHiaCzFMtrmpSOHfQweBoBR/3aitJbiu7oIHitYC7XPqrR9lyrTzFOyilgfmGzX6wnJrvLzXcMG0TjeR1flTD4QGd6iG2tp/YSzhiA/dA2Nn47adrlE+jMr8OTeFCcIEix8wY26/loWqr6BcfRVTndxowlha4wHzqoFl5vjbBKZ2EZY+Jaz8XaqPVYBaZeXBLfk3gNiu+ozUFfcSc8WYEu9yUfs/eCbqAjhfQfgwttRJHorByjqnWdT9XHYz2wh+CwiaXBofjWFo5z7H+LZi+wmHc3HhMvLswkLLTA7Haw==]]></Encrypt>
</xml>


2018-01-07 01:14:11 debug :
------------
String:
account-ticket<xml>
    <AppId><![CDATA[wx7f83e93205d2fd31]]></AppId>
    <Encrypt><![CDATA[Yr68OAfbtpwH8oTATA4/0h8PVU91PWpsmAnWJ6lI81EuImjiTeVH8UhqkBUjgmREhJCHZOHstHGrcx0EaqyqJM2is/nYeUKwdQG6D/4xPgaxCaN9pUCBD3VonYxnr+e4KVSiqkfdLQTpLPvXxelmnimsQafXc8kmAOIy5XG4xLykMW6eSrDRI2WkL5WqIIA+rzBXY9ODh1P6OUDMgJCu6yJOHuzVF2XSPmh4lwV2+4D3ZMpj6a9bVmf2/ZgNalFwbh+IWtXiZNvTBVm1yGvGFpkFisCOBdDSrnmSF4Cyx/8ag18pzeWnquoTGCGFx9aAbn6zUuGQTkCRlTnvaut7/FGdegW3QozAyC+sOWT6b1RnFPm7Ta4vnT5VTmrDr3tP15/w3Q1pvKACJ65FEmnES+aRQOXVr5VfHdMs3Ol4kF4F4APpUtJfhSC4yxJphjMB0DnKroCKN/ALq0/WEPwLhg==]]></Encrypt>
</xml>


2018-01-07 01:18:39 debug :
------------
String:
account-ticket<xml>
    <AppId><![CDATA[wx7f83e93205d2fd31]]></AppId>
    <Encrypt><![CDATA[Ay5xW4kFcVn4KrGxknN+R6HLzW0xpO/J87jeeeiA0q3xS8xeg0m0tbcrSQ/thPJSy21HcjmFoWm0obwFQb9S/Os2j8Wtq0VNnlQ7I1xLa5S4cLOD4Su/5u/zHmZtvfIuCw4ODKiH9nojS+2c7rRYiXYGMmQivHkhtP4P98r7TEPYGkREOK9Irhvf/2Dq/VHGgFcuHNhg86P2yeOxWEG7/PACD+sOj/spSkC1oGMS/PPpSpimGxH5DbtusDnqRlCUbZHDb0E1skilhOKtJR2+PLMFRO1nDmYEQlrjhmBZG04AoLMaTLJG/Z5a5PQqYzkROpls/PBKd4dJSskISbhSFYIbjImg9oDyS86uGRykq14DgF0ha8IQFn2PvjiBrPTSWcYpkVC7nQSWD/c67a3xP0Yq2eZt4duOl6+3lsUgVZ64d4TTMgFVvyI3B/BvOEh6CbjHs/l3pq2XIMXBy1gFIg==]]></Encrypt>
</xml>


2018-01-07 01:32:30 debug :
------------
String:
account-ticket<xml>
    <AppId><![CDATA[wx7f83e93205d2fd31]]></AppId>
    <Encrypt><![CDATA[blNxBOUwiq4pnPUurL5Swz5bp+AF0joAYUPynNxiHJPpmg7rR1/K1aA1WG3EQHelCOah2a5dBKD5xdHSwPrnt24WqkUha66xFxl1FixdLNFgiMheLK/MFAhjBQt+DWzR8838gwLlEBwcaXf9zpefkUFItefQSOsaE6QE8sbeA/qL5eN2+hfcPGbpGLzGO7GfjVKe7aRGzZ98MPGorIp5lELGi9RqV4Enx156omQtlNpnQMLuTfZX71vV+x6ihPhfvrm6E8UPk6jBbwTeCnJf+wFqCz0/BqMOwPqo1Kr1r1rESKR27J0GEO7VpFCKKF+DeeFc+wBZa3He3kX0Wo+4mTNDV7uZ9C7OE1Ur+bUvuh3fVGsYpN8Yd8zz7Ky6hx/KiG7XjT8jY3a9+2TJH6c2sHyRBQPt6XhKpP8a6V8EIwWO888XsWIkP80lEuiGbZyZNl4drgGOG/PEf6zIHpT5uQ==]]></Encrypt>
</xml>


2018-01-07 01:38:33 debug :
------------
String:
account-ticket<xml>
    <AppId><![CDATA[wx7f83e93205d2fd31]]></AppId>
    <Encrypt><![CDATA[qSkhpcZSYnWfg+qPKFOi5/WPpPZ7vNDt+S6R0RaTUMFHHxcsJ5EdF4emeOeIUdtjoZtscOyQ+gTHA7UQw+7ZKu1lPxETceUyfNSvJ805Q3GFgBwJ5ZL5jnQfmfGt0RBJtjjf0RnV8vI3LzR+DdyY7suevC2O8vvRmilNKwkW8cnKkp6BzRFA3BF8xHQ393H4GOwIhwpRSwBy4ruZ1ARlM+lOxiMPwDZqG12zFq+53UH7z0p3Y7pkgM40udpovd8DN1iut/qs4XTLx9V96vFJuG0nBMejXA2CInyPDvCDUHXbZSkUONTcOXXhqDyVGfIN8HBdpdZSSfN0kZlEnkFZgBrflPHq/4NDr9eu3VS0IyMq6rSRdFiUHDZtBXlHyMqbOATjdoTIEJYKwg6xZ+IPSufFdxqghP3N8FyOf402YcZgTxZnyvYl3OD6wxDF8vMI0CWftnho8r9tywcBaV4rjQ==]]></Encrypt>
</xml>


2018-01-07 01:52:25 debug :
------------
String:
account-ticket<xml>
    <AppId><![CDATA[wx7f83e93205d2fd31]]></AppId>
    <Encrypt><![CDATA[dsPgHP0j7IlmL11C2RHFHzyPYcMVIHSbJcZMOvEoUxkHo9/ZS7/4erjBCrH022yaEYt9r+k6nnB5VMnbrgkQwvFxXXKVHLdf7jUDyjKxSjHHFI+su+dbkSeJ7uThJ8OxSQWFl5XzuBz+C193t3GonRxJplSZqaq1R1BRdwfmZQYhngiWNGajQuCmInK1aNYHAIx/GzVs7fORIP2ka26Rm2HL80aV79sG2gzxUT7Ko9yqeiHg1KfTJ+XvA4P9nwt/J7OdTrRfUnZq0ESKllqs7H0mdNcxEVASfbtETnFsVyvJSN0+mhSAcqH09PtXa4xtBEn0he7HonOB2/0fWXIE/CJccJhak6yKv79ATQP19OEqXJIB5VlrzdjGCVGKkDMxf4kCDJrgzpFsNXlR0TmxxlsjLZWkk5o8N1pmGCkyDSfbKYKhxcKJ1TmTGnjt88diZTynQwV4gZbysMVZRSNa9A==]]></Encrypt>
</xml>


2018-01-07 01:58:46 debug :
------------
String:
account-ticket<xml>
    <AppId><![CDATA[wx7f83e93205d2fd31]]></AppId>
    <Encrypt><![CDATA[T3LEGzAv0vIvq/Py+aIaQH2kD3DenPqx1fHtvgIRYZTojc1lx+6SeZR9SKFCKS57SQjK5K3+3n3EgvM0oIFlpYP+RoEr75qvInLQBX+s7Bth8dbpX/LJ2lt4rvrB9g8OKej28mchQahvoX/nI1l8/dnruyeGJ0Tu7DV0OM5EH0ozHV2sURXiXzVK6fGAGgNgU3z+R1rBwNDJ6YaorS5fcSOgQJM4Hm31nt5/f0BLHpFcGJRQg+VbnW0bwukXPJ52K7Od6fb1w2UO4glVRJJfl2AEtnJqK0F7k3WAQ+aRoyLkChLjY8g/4ppseTHImN3Wh2GYUVwMGWtqmxfL/KCUa9xuGJYY2ppHofUjXM5eUb6Z5SiB8XAWaw5ZYPyYDQgIwabC9cCVczmFfN6LrAWvr/ia06aN3f3Xhgywa346ZNN6tZpOc7RaPy9lx043uqFwxcWTczD67Y7IhJAL7NzCgA==]]></Encrypt>
</xml>


2018-01-07 02:14:01 debug :
------------
String:
account-ticket<xml>
    <AppId><![CDATA[wx7f83e93205d2fd31]]></AppId>
    <Encrypt><![CDATA[ldJayiqEoctuxDZrbTG8AwEz0qNQ2nDW575sf2YJydEWcnJGBdDBaMd1pnUxCi8xnWxuggqBv7L5qPmuyfwhA/u98WnJoYhpyTJy06Qsu/i71QCEJUb9/24ERoEBsjLZc8YNOZsPVF86WL7jwobuS8XZUBn6rzgT4kcUxbPv+Cx87rton78SxiwSLq3egWIfD0dMn9LWcG0HfSwSFZCKgSsBWhdT5+aqCz3EYz0DYyKKTl4puGg6DvmwuULvkrbulfUeVdnXYTqu1b4zc5lV37+8Tr85eEQ6XME4/lP6B/CAzyHF4tAh1Y10r6yGNSsgq7YAosvvrJZoOdkyJET5XmWrlu7txGuoY8gV4JAqfji9D47hPqrdRZMgUj2iicY7GjC7eWyjro8YI2oEM9FY1bMMhEO3no7wVeRcJQRYLm6bnOJBTMQjRDNesHRrmXEKZcrkp5c+lOvkaRBm2kGcxg==]]></Encrypt>
</xml>


2018-01-07 02:18:41 debug :
------------
String:
account-ticket<xml>
    <AppId><![CDATA[wx7f83e93205d2fd31]]></AppId>
    <Encrypt><![CDATA[OxNCgMaVTy7sw+Bff6J7tNcuN2NDaRR3NRpv5hrZWYkAcACNa2AuJe4YbshzKyZfSGfOwPJIy4j2OKv3TrMeqbiHq1bxtKjmFruVUiMacZq8EaMSge9pxy4NSymVfALgF4AUDyaRQJyr+zxbR0YDR9oVCi1xI2yJGe7YDuoIuBUkHdXhJHmb17lqlXZooQoqvH5bUpDT4YE9lKL/M5VWv5m3HQKIZdvwy4rJKi2JAH/r+4k4cC1o6OdO1URMt0pLl1Ceb+/f1xE+uumj3EEKjceKd3KJ10HtYqaOIRHoLBGE6fuDxQRUmm9cgY0uyNGgGFuTlKrMkQ4SquAO4sX4rYE7RLM51H1WrWr+H2SiBhUGwgslaz4A8nlS5tRGQOSaIx5qETpWP9acAfNUj/G3lKVGCaXp7w99Kfs8dPZfDnypo6H2YAt8Q/TdMlUQiyt0OCH/TWIeBmD/UBGC+WcbZQ==]]></Encrypt>
</xml>


2018-01-07 02:32:19 debug :
------------
String:
account-ticket<xml>
    <AppId><![CDATA[wx7f83e93205d2fd31]]></AppId>
    <Encrypt><![CDATA[eEqZYOHOvxsr3iFksWPs/bW/wo79Mdvd+kaskriOuLqXuLDjV/89Ip6lW4HdQBCs8I56IwBIob78TiUL3vQHjzHtYXoIJwMXbAqLo7JV8BToj1+gqc8PSWEIwIGHs3QfzvXIByy9AJCY6waFVxJ+wUKPd1rziYUSVVFqEX5laYpHHCa/V4LIgbG31cZnjKpprcUtEuFhE4NFRzUzmEPUhX0zxvzQ/QKdKSd6WbfWhRHgC0VszDfqJ3c74r5ko5Jz1XBNwkCf/Yc/Zof6K5JE/ic5n5T9XhkZDU3v7Gv1P6mgRX/sbLdOgX0FyJKldi3O/Ze69z0/a6M8vwOrl+QgnH/MIr/wlQGlE4x2O59Bo9NGE2mcG5mmS5tHvkQeZ/frmaRlyTcK+bEceyo98EGYSSqVMXT0xf2fxUbLmouiyaXL57KyftIpTtdYsUJc3sPdNa8PmAGyepsIxC4d84kHdQ==]]></Encrypt>
</xml>


2018-01-07 02:38:41 debug :
------------
String:
account-ticket<xml>
    <AppId><![CDATA[wx7f83e93205d2fd31]]></AppId>
    <Encrypt><![CDATA[BbMRBWs2677Utp2uLuF4ePDMf6CCgwIjH6a6E37ZulpnpnOEBJr22BVmeDW1UZtFPOsa9v35yWMpSZB2jOC/FVmQ8ermvOonkejRoLHu8yRnMPCx0zMOa2XDj8lQNsa9bCRy/+S4HnZQUCe1gxf5SwVoHYCuawaG9RPUz1BxNlRCZFUN+73KdxzVioT+GB0xb0+rXqWFkpOz/VDMyfgFaVsKVm5/XeTL0d/zR1cqUJ5URIBpOqKqsW+7PwkM43HNpXiUmEKH8j5TESChCnotCWRTSggxGWEf09v7mNZ+2PHrHOhf+OHWMMA8irKhr+WPCdLuIU5kW7HHgE5PJhmJaW4DrFxGQa1p9V0CsUwO5tuSwmGI6aceMS5YOT3FmbiKfL9zf2VMD2sY/xGAB6h4kY7vFy/8nBKGuroEe/aDAa8poI5ZphEDRLWNgi0Huo7o7EUqOB0DFz66qLVd6NyC4w==]]></Encrypt>
</xml>


2018-01-07 02:51:35 debug :
------------
String:
account-ticket<xml>
    <AppId><![CDATA[wx7f83e93205d2fd31]]></AppId>
    <Encrypt><![CDATA[1CaFaAEnlv3xb9pfj3bF0hCv0+ACbV/jXqNAP+0HwYNcXvmqiYeaE9T/S0BuvMekdyUna/Jed069lV4CSKZlGpC5ilWhuUBUisUysZMyqSlD66Y8TALonH68LNd+1jCmLJptLJjdhOL5MzC305x4HwnrrThakV5Hvmsq3LxAa5BaDL3jfsjsIBDuej+mKtZibgU2YxkedgnQJxkp3fgEA653azu1Uhef8I881iNYso74OeAwA00elZCCELKMCjForuVChKYse4Ml1TG+rVeahszpgJgdsq7fjF0ipFoLKFEYZvgzxWXxXpVJYc/4k5L0NiTs6Fd+nBd4vmd9TPZnC00CQ5tupIddbS2bHTCL4jLeRI0zLA1/b00y+c5qUffip5zdKGXlZqvFvGBjVu8ZRAz0x9F1BJmFYuLQkohkt7XyXt/hhDfuZSBzKXROQMt0aaTzeRDbqwVF0sJXAUOVTg==]]></Encrypt>
</xml>


2018-01-07 02:58:46 debug :
------------
String:
account-ticket<xml>
    <AppId><![CDATA[wx7f83e93205d2fd31]]></AppId>
    <Encrypt><![CDATA[mdK8u6hlHXZuY0wTnF8oUoMWHEs7w5IVneDMX15+Q8ik+rgJDjf38Cy11k9EIi4wAOEqa3pdHIfzAOVIs5jp8S2EvlsAS5+mJ4L0zrTOJzwkp2/h8ufMo+KMd5sk6NtHbXgykXY8NI3z9jTHYoLKHlRM5eFf3VQRktY1ftKVPrpjsNEwEDpXDVJ/EbD+Q9Shf25F3E/uOCYS6O4WqEB/8X4yY+KOkOfMrtrl1wAJowKjPECmyF9HnhzA1FcEqcnJY5UYISChc2mNId+bipNaTrqKJxxEFqRenWJpqnrXiAGlwUHXahS8yLtuP7Fm+noFQqQHWoCUpPGzAQoTK32hYVidbHaby3MNBBgPs+lovfzJqljAkt4MXBp0arI8XDyFpJSMO7CtvEJBZEiJd1sPe62ChOO9r0Eyj+TJdrnqA30k69TlNh+0WZ/xbXDWO3JzbPXejflHDKta2OTzk/J3ig==]]></Encrypt>
</xml>


2018-01-07 03:12:24 debug :
------------
String:
account-ticket<xml>
    <AppId><![CDATA[wx7f83e93205d2fd31]]></AppId>
    <Encrypt><![CDATA[gwO29hqF4On2Sh02WglVwp9pWZUbATJTnxc9Vsi5qy4FEjTlYPWIQ5JvlqdRodXteirayJqccAc6m8ondEOlCRO3EndPL0ve28ijnzwCnBt4WNpbzmY4F3ZG9sOFmpeXYtWOmG5BxCEVP1/OiEYCjZfj2JbVJGNxiHL4psPmYlLY0FOIn3toD1RKGZ+FWbz3sPLE3M4p0FNoPj23uJmde0p1LJ+jsrybAmy5fnQ6PsUC2vD2q2DPQN6PiMBu2yPOYXPkcLwqam6rnoWoa+8M3LkEel3UYuy6jzkaL9dYcP73WGYi66QIrFqnQxxKSA4rF4N+pfv7iVsOTMD+U3eKQEl/fOC2KHg852UkrjxUVoJrkspDP/pxl4VGQo5OvYWafXfdtzeaT+DWqvIzAoRHvpvmu/1pyV7iMNde/+MOB5Y5Zy9D4NgaQnL9e/18SV0U16VtNW+C9RD+3KQJlvShhA==]]></Encrypt>
</xml>


2018-01-07 03:20:24 debug :
------------
String:
account-ticket<xml>
    <AppId><![CDATA[wx7f83e93205d2fd31]]></AppId>
    <Encrypt><![CDATA[LxzjFXXza1lDFiPkPLusb2XUMvy1LnADzBenawmw+IC8yCotGywkVSFh2WVvma8fttdpCznoUrOMlov6BHZF9DVypqPEpkvGTMLO+/VWB83efSvvRnHpJZoad9Dis0er52sxdOMEIh000ysmXKdaUJKBrIZou9VQ87N4DIAFRanZnb3Fk0NqMTm0RpAzPiUonBqOGDw5eGDqQWmxRT5XM+CVuKXW8u/FA+YzqbNGU6J20Me/MSvGmw/0orZfNiUiP+RihgT19A1C109Rlbd+45jCEXXW5ZhdpLfQfXv6u3mfJF7xZoVRU7pHHliX+Cu6BrDEY+GeVdkQCb79zjWWxX9O/vjVCS8NiPbrYQNXjCNWMtUF6CaRBi7VMf1HeOfDNqqI6qH959H7ojXIKcotD+MOSvNuBxliHtSDYnwgBVlIwmmIVS+4j/gn74cVp/mTus8XbMfvosiPY58f0PDBfg==]]></Encrypt>
</xml>


2018-01-07 03:30:31 debug :
------------
String:
account-ticket<xml>
    <AppId><![CDATA[wx7f83e93205d2fd31]]></AppId>
    <Encrypt><![CDATA[TdDOESDYmMbG2BQu/a7CyvbX7HTFaK1i3NTKduzu8JsenWDWgGojg3j9m9+zEBZgygZIt2PDp8oJyfQfA7wxKJ9dghyPQO30gHx2k2QW40FuqmlikIzApC9CGUqxuppJyowPxonbz/lHlUrkqPZr/pqMJvRUvtI7H82kvpJXiMtpZuNW300rlFPtoVWWzDEiqmcKQwM/n7JKc3L3scqF9DX5cIqJNQnLALVPe9aCNoweZ/NgnKzre+MDhhYoBtgbLgm1RvQ115m9fIdunJudRD36yS1OMeNVamskEBAlcu/hTy9UOqc+9I0Z9XV5Gq9QcfwHBTvHqIj5YzWGUyE0tYhI8Ev/iS4nsSV2jU/flGa6UC6o8W5mQsts4Xf+OCBL1dcPxqJtYULPejvjqor1Ye0sDsKhNDrp1thQ2H+kuMxDgQqmOWHmUCriOfesgQCzdRx01re2Fhwo7FK7mlA07A==]]></Encrypt>
</xml>


2018-01-07 03:40:40 debug :
------------
String:
account-ticket<xml>
    <AppId><![CDATA[wx7f83e93205d2fd31]]></AppId>
    <Encrypt><![CDATA[ExcNBSMV85pBPiPM/H8R1qPv32ggeb+KTYsdYQDIyatFnHcsazU5zfO5zMPh/kCx+kjVOokPu/quBBcSXFc7x6KQbOCVVQug3nqAs3A9zFjLwBhW2SMztootebf9kBS12nFzAhDO8/R2ODcxlvRmlA1f3LgaKxEFSUI/ULY+OaEEshAHbNxSoqivvxChNsSTL3Uq1SQfNRpKCcnhPgb28Sjp0dGzy3kUmJr2vthj20I/MrUt88WAeSn71eU75sFWo7O0LuEfUlTwT8pHS4NC5lyJqf3iUSQIyYcBVsUs+iFrUXkqVIxhjhUbSAw+6X3KgKGeyG27Bz3+nMZBBY22ANdOWRYrzCECYJmYGWmNVc5zeU3ku6jdovi9JXhm7/eCHelxeom0zr7Iv3mifWra8mcxmu/C2vaYu1YpYe5ku/apeot4BH5ZguXfFdWkfMiE5kUqw6piBFAxZM623cJnLg==]]></Encrypt>
</xml>


2018-01-07 03:50:33 debug :
------------
String:
account-ticket<xml>
    <AppId><![CDATA[wx7f83e93205d2fd31]]></AppId>
    <Encrypt><![CDATA[bBNUl5HBT2D6x/mbwY5/woZhLnk7lSaLn/59bcWYpwmQAzZXhwx6id4udwoN2KLKqDeiMyXRGwaQrHynDiSet4gkiO5O5dEGG5cz7iW+iUI3NarGgMBWnWgGzx9tsZEm6AAQz5vLYtH8/Yag/Anuoohlu1iwiO8lwtIGI5puSgboqfqqKeU6N174wmGIhQKfb/DXY2+SwkjFK+oHhmbw9JtF9dtQrQrFzmgxsyjF6cMHCmaNt/ZTuzvXQOsBSD3dR/C6HFJwAwkK+TF3isXYKDWe8QevAq6OL35cfBhTasxZLB/FOcCNJ1HEB3q8PKzjtLef2hyfu4GZceaLbO8AgdpCcY6Z+B3BraYydJE2/Or91YP9c+SRkkFVS29MugXyvmTt8dn/UGP/+dpVICSyFoKqEClfBGES4hB9zY8qk+JeUghKJGHgMIuhj7YWDCfn3mV2gzdAgpzdqpsiMFBpgQ==]]></Encrypt>
</xml>


2018-01-07 04:00:34 debug :
------------
String:
account-ticket<xml>
    <AppId><![CDATA[wx7f83e93205d2fd31]]></AppId>
    <Encrypt><![CDATA[qRIg0YCvYz7F1L3m/L/Ql1yA2FE6Mf2fzefhnUaUvl4M5mAEEBnV9Y+lcghpIitRTqRVpuLU1o9qTZV628WGd6KSaBWtQv2XnbrtG6chI2RxNnuV/BPcCsqsgCOndANXTjAMLDuO3rlIyfpxtQ1IdO0WXAk6DweqJUceyaQMrekQSwdOKMfcN34ZwGgj/k14TYeGCGWc7/xmAxNOvtcA7+czYao1PBODqBJfn8PD8tMzX4rWsh69jiGfYWAg2lMyX7nNZjH0AVktdIKcAnubF1BCPLSmnl7SD/V3pNUoZ6WoP1kOBDEUP+pyj42DB5+vkwTvGQETJb/ZfeIS9CBiMoP9E6A5tIOJfL5CQjgenE3XIL6rNKc36Ny2Gx7Lib+deUM2O188c+JItQwDbJMYyCY/OWRe79apn4VcoHs4IKcdYg8H2mwacbzkBbs3GsT5LcKHCOh95z6fwvqg75pXcQ==]]></Encrypt>
</xml>


2018-01-07 04:12:18 debug :
------------
String:
account-ticket<xml>
    <AppId><![CDATA[wx7f83e93205d2fd31]]></AppId>
    <Encrypt><![CDATA[MRb84ioe0Bl/eji/D6IoH9mOkMeGuKaAl4gDyBRuZteSEtbUQIUx/NQMV29wLnNTXeS91PLSDKP7UC6qWgDEUhGOYPC4hDQIlB1qCuChyLJo+gR4F4Cx8PZEkVoWLh07CVbtUlid1obj5/RD2Bj/sKplrrtKFDto6HCWltUBLT+s/fctC+7QnsrpOWDGP5BuZP8FAL8I/1P4301Mv1hyrNMMdX46bvkmqZ+p1Kligk8emAUVABjDtlQIujHGHtFiNYYIKLbiCl9Uc22tf1tRzm0jI5vi76fZHyYRlu0JPzDjJ/V8RIks1J9GPZrGsFaFPAWaDidj4wK6OqLHIg9CinVRySSLYEmQjZOAqL1zPZ1rI40uO0fRhyhve5juON6ys8/wWUndAS2k9mfs2mC73rm0fPLjQZ4wJZa7JuspIeTRRa3u98hNdHsp9bvX818UlOQrMM/uF+lOEGKptfK4Ow==]]></Encrypt>
</xml>


2018-01-07 04:20:22 debug :
------------
String:
account-ticket<xml>
    <AppId><![CDATA[wx7f83e93205d2fd31]]></AppId>
    <Encrypt><![CDATA[MJ1Rd73QNHYeJBRu7SYsPXE+CdfxYtuLnHkAmT0H10aVv5GukNZgGfIx2t4Gs2QhljjuS/YT0f72Uaw7Kys1A5FBGUbdhn8b3i0Gyu2+bQ9xr/zdYmRZBJfiH+5LxXLwzp9QXrr4tFdwMp/e6HwCTqqbUE5mrCYTVIhstYIYXhDhzyWSxRVR8jVMW2NLRrzu+C3KEo9sc/G0i30elC8seTrNrJnMKfNKOQ9s10bP+dJv0Kzkwkt80Qs6y3UEffmtSMIs/XC+tagF4bj13grGa/BPkuyuLE0yeHHF60qgGoKAq00tVpb8mFoLd7tIE87UTKTWG1cbndwm5KRcEBqGfHgb8G/gL6SnRJBjahMmSmmYHu5bBAdzh1sDGoNZM705CaAACgX9i5eBnI8hqgGdVo1Cbyjph4FYOPxgxfYTZVER++3JWcmEn+tC/v0eqGG+jshtqKhG0N5bWO9OsSqO7w==]]></Encrypt>
</xml>


2018-01-07 04:30:24 debug :
------------
String:
account-ticket<xml>
    <AppId><![CDATA[wx7f83e93205d2fd31]]></AppId>
    <Encrypt><![CDATA[96vuy81MmUzfynw7/m7ZMwH9bD7qF7AaxACLYlBsW8lJKhkUc/wCZE/Fg4AIZgcB6P5BoFTNtb6AtCs709yOf8G7akHOoV2IN5jiND6UjinZbChyStb2VpmoZvkzmlYb0JxvWprvxKzcsygany2u9jcRkpXg6UDweXJo1WnNyAC4WjfG2C+FA4uPTk1HT7GMIFjvnF3gy5MEo4q3XqlIMZgkr3WsFNQQadIR9Z6wOr6K+qtzUKMiNcXI/DKwcrWBT4voPX3lySyhdtNrg2gBEgi+WmyjeZ65tA1sVRpg51kLRlQtzdgFfmJha8nyN/o88aIqRnrWvfY0CJOlWTjHvss27wZYULui1e5IuSO9TF14f0kGb+Zx6oIHGaslbKrC7PTqlijm7oINgt1/U7moYOlq9HOXeJbpxuLGXJvuuBZuZrT8Wb74jKGhds+b7FbfGOwGF07KoxlGNmeD29UQVg==]]></Encrypt>
</xml>


2018-01-07 04:40:44 debug :
------------
String:
account-ticket<xml>
    <AppId><![CDATA[wx7f83e93205d2fd31]]></AppId>
    <Encrypt><![CDATA[MQ9Iv/5TVhYyW3V5fS3rHlTh1Ru1LUbAjKkfGGURLStTK4qX+maImFnIStgFpe/7Li6F7UlEHO4sbt+COByU+ON/A6mVB6maJ1trJLDZp4lTeMAAzbQK0jp4kFYDv59nYH25FwkBB6oLRnD00Pmd0xgFhDajrg/A31PqZz1nyoFieBmY7eni0qy+1rI/AAf/qFu/KPJAptGGL97qpTyoijVK0pJ7vHl1Xsfyj2lZR6JxE5emFEKHutSfvKyTq09CLwJ7wZvp55poVg+5u+oz3aUZ9fd9qnc7RSqD+60MJPBmUZm6W5ypOu3OW/RZ/IbINkX8aUHfC+M0aeSAzJ6C7QLmc847TUI453MytNLcQNGprHfR5m5fHz1oh4+WkNvhl8Qac8VigIuAzRaKQYPmx5o37myaU8csFhxoq73++zyuC+GNxBndA7OqLwJCwed0/MWOwSAIOjCRUxEfcoX7Gg==]]></Encrypt>
</xml>


2018-01-07 04:50:27 debug :
------------
String:
account-ticket<xml>
    <AppId><![CDATA[wx7f83e93205d2fd31]]></AppId>
    <Encrypt><![CDATA[oEs2IPtqtKkwBMELOBNF9oif3m3G6+3GiHDXBU2Dtncmjzq32myj9tbcMkcfil8qrXHFP1bIakFgKEtWjQtg4bnPXkQrag407Nf5QV7CYC6oGVXzh5QEqEeSwBOFQ68zeqez+vmI0cjF9Aapeg8lVkZnToJFMpjD+BUcgVaQn9CXt/bjAgMY/Z8g9zF4brDL00+dQvgKVlNtoViS21EEQyekPEofK/XwkckOrrKOimDoLo6YTOSFvx7zTd7CpUqX5yhJ5h/QhYqySfFpuvhfItHinUFN7A7vbAqe8vatZXZFVLV8worCrn3j2ktYQKrj30qkxECuJGrWPvgAUHaPCUJo56YZKZ8fT85osPcgsbShiCYzPIYvpevtM+CIfy9MZA41nHysN+nxGsqkK+bIxL4FJ9Hr7zeKaXcUgDGo56pGiIyGnCtorUFInrdf+zB8BhOrS3d9zrROMtnrbtX9aQ==]]></Encrypt>
</xml>


2018-01-07 05:00:32 debug :
------------
String:
account-ticket<xml>
    <AppId><![CDATA[wx7f83e93205d2fd31]]></AppId>
    <Encrypt><![CDATA[f8efQPZRosFU+8yFzfjEviBBJyYF4C4EJeQdT3mb5lo1HAumc4S7JAmBpwtOoDwYfni9OJ3/Ezaux3EYz7gqRRXQ47yMmF/TJ0xZNUTnFjzkAxXChORd6g7+Dfi4v+kO/qgvALuob9rV3Iam2ZAl5014Au3euYsHkxHgvuy0UmtlDIJ3NLJspKptQmdmg/h8ExaxWyZvVtLJJ189ZwSy2ljBWEu0BkaGg4I4v+3uTAtsYYKz5VGaZMEIzMku1qMqSxNR1fhz1cEzLd24Irg9MrwWjidq/9E2NpZlmQcwXwPJwejf90jz5n9LfqciE0KQ6fbZTv6X0Wyh1UtuQ1GK1DAZM78qHrreJz1ZJSBANt48ymi6pxILGuCk2DxA2CfDMnsyCIY8r78nU/bLrTM691/7wGEoX+xxNZp7Z6b01p+pz6zJKMxToBHNvKI29bZ7M1iyis24ewXMubIUb8YBpA==]]></Encrypt>
</xml>


2018-01-07 05:11:16 debug :
------------
String:
account-ticket<xml>
    <AppId><![CDATA[wx7f83e93205d2fd31]]></AppId>
    <Encrypt><![CDATA[GTK4J1JshKv5jeO/tawh3Ya7Y9MaUWjJb2GV8lg31pRHWHZPrzF0dkD+lSQhnBXf+9RHXz2kxq8ebBuwmEJRU+5Y6ats8JzUNxPNQ0GAzjr0w48SFDMVcjLZ9R4E0rPCahjfbHdGgAS5jgJ8p1TNDdYrIK6uD3bBTpmPfb4lY1Ov1zIEwpS5/PwPtmxqgkiN/QbNhwa1wk74+AaM0oYbm7jzH5Xm+fG19zVvlVz78eaQhwtaUK6LXitwrf57OxhFZ4x1jt1rbuGhkabUuTHLxPkbGGKKzElWjqFvpPNo/8FChohxdfeEsWxIO7Sb6UCz3yF1NDYbkw04r4YKjPN+kuL54KD6J+PqCRnDwfpgHLuWT0Y/ZVACiqToNfvkb0ClK3M/BHhyyDXt8siG9ovswxZYx0RjAypUYUb9nioTUkKWUu782Qn/RvlcG42vtUAe6DV7Qcd7JyUbAQPW46rddQ==]]></Encrypt>
</xml>


2018-01-07 05:20:29 debug :
------------
String:
account-ticket<xml>
    <AppId><![CDATA[wx7f83e93205d2fd31]]></AppId>
    <Encrypt><![CDATA[CVpmkWX9p83ghoNPQ2PQNICg3DNR3/P9SH+KqM+el6x7Zsc8v3u8uW1qODiNHV0qHbBX6C70RL26fNon1Vm3y4c0BerU0qwNztS4cT9sC/pXz69NhlpwUHjuB4Dh7+UQCkhxnoMK6gznpZUGU4YkO33xV8O3dYcbli8u54iTJWLMJtWhF85dSbQL1Un/a4kvDnwQ9u/6SRp6v+FP8BdlTg8/23PjSKVHtYuJQp3dCpgwXiEFkK3JQK9L+SLwbxZGlofhkI72mwbsksGV89rxNgCz6sD/khsQlAu+6B92aiyzXBOGN3T9jhw0DZ69Nr+8o43H8xHfZsXW1NbZxcEehYQ02jWJX8Frt5z04BY77vKyf7YGFxN0zztLYeCXvPlBVmSyyq1Hk4JnAj3cZy+edqvNpvVyoyp+5hIdxE/yFbHfyLywGNZ7Wml/He/lT8EH0ZIYi0RxcLYjZCqPHl4ioA==]]></Encrypt>
</xml>


2018-01-07 05:30:23 debug :
------------
String:
account-ticket<xml>
    <AppId><![CDATA[wx7f83e93205d2fd31]]></AppId>
    <Encrypt><![CDATA[O1sQuYHjJhs7sRovzpLyyIqU09ITCuCXypXUIv0OLgNksbftdK48PH6V+cMpfmMV1G5IrF4bKyE5SB98c+NbuhTyCqGj3FR82LgYorj5iEaPoGc+zr5ETrx9Unbe4YWQMoykzpGfa2eLruuZh6Ogf4BRDsK+TPwx3K5O9eY+gDFwzOHVosVeM2/cMfnWcOFRDrZcYOPqikJdoxS8DSVPamAw0FMpCY+n9keCbvsU5OruptHbVpz3Rantz0R8DRS9xuAP7xQwok5maFLiNmBXwXGyVE6iAZa/+4SjY1OwvyqibZ548k5fAotYpD40tirLoQI7kJL/RP2mgXmlxdup2PZIlwaV91mpvUPK3FLATA2kfXf8G+GdFvQ865TVGTP1t1oV7AGnpoKyXbUClnK01K6RpsbL4eb9uFpCehq7WN907AujAr3hrwkp5L1YxEyo7Tq6MgF12gycL6mfD33cDg==]]></Encrypt>
</xml>


2018-01-07 05:40:33 debug :
------------
String:
account-ticket<xml>
    <AppId><![CDATA[wx7f83e93205d2fd31]]></AppId>
    <Encrypt><![CDATA[TAm+0i97hs+uYN3kgRsPoPMj6C1t3CH807arnxW8Vzhhugx+okIpOBbvloUE581Ok16+eSKT9ptevK9OYC0+57O+o9GqblSITFhE0XejvVh2YzFZcw8yloDAjAcwCLQX8woom9E64puwdS8GX6UFuQnkDj3MruBkBDWqMUNN/QjJ2HPkZXqvcwHwPrWCtdPd+tKyrax+AvHvtQCDVQB87AKq0amQSXhKRpaNtsnQL+g6RnsMKwGZF9ab6un7YQHKCWyAcusMk32YOrodEP0th3k9JOJaH6Z+EC5+Ye0HbcB95IYq+gVM6UCzrSa7JylWEYZEk9sn95STfLYRaxtbLg+7lzhmnDKBR5ffOKyfuplhCJv10+f5O/z1vzdFgkFtxL4qD4x2DMCXZXffsRAPB3mEL/IeDrirwqvbaPA2n1kDVPuuu2EFfJI8NEq8mXkyvGLMlNF8p890gMJbGQCpEA==]]></Encrypt>
</xml>


2018-01-07 05:50:23 debug :
------------
String:
account-ticket<xml>
    <AppId><![CDATA[wx7f83e93205d2fd31]]></AppId>
    <Encrypt><![CDATA[tzFuUwsZ7Sn4cHlrGXxfVH2ZCLgOSSCV8rdvg0KgNJrW9+2tZyXq6yZLBQMTT17SxgQrKJFs8L8y0VJqX5MTOKvudnvlhrLzYmKu2x3PND2SVBEilS/b1ZD8BEA2adXDVGOeRBD/dLUatiF45z0UlktH7pdIqs22H0y7bDPVnugVnOcAYcxG8xeMUqYv9cV8MZWznESBLC4zXuUOLb1JEhU3jDrijGtT4cNPVuXn17by5JSBTMftM1kNiCxJg1EJCr6C1PqD3evtOM75Km8KsLAVfKaN+ZbqyQi6qsEgsbkIrdtLPT/kGF2H+nOQJYtmK5h4+hJyQJ3gK4M5swYVOUAbSx0qou/BTTzK7Tnb3TLDzrVBNxxrI3bFfzivXWtaNfqoUAb5hhwYBQ63cxAKAb36mty8g+pxuPPP3o69OUaKohiuXoLOMRhdKU9SW/0PgCfD58uZAK7oNuhieKy3BQ==]]></Encrypt>
</xml>


2018-01-07 06:00:27 debug :
------------
String:
account-ticket<xml>
    <AppId><![CDATA[wx7f83e93205d2fd31]]></AppId>
    <Encrypt><![CDATA[+aPQEb+Awqcre8p3mIyJdhz2a1y32RHRRknnkOSJzf9U2GL3iHdrL3QKNgBEdVZ6l9+WpW4fgaQ5rPyA6d1jCHqLVnqhGAwF/NNi/lSgnhs90aYTR/cux0TUjDJG6p6fUpfsH3snmjOuzw3/eZDftjU2dsaS3TegJIBHY8E4ckBmoCDG8DLcvpkwjMqQy79V6fHr0aCbPfrOkevtW9jrnr5l6V1JXAIh4ZFP2Yng8e0Iuj2RB8FRsa2Fxnq3YLI97Y4wnUukl9IS7xayuuPj7ISNytxyLNFwv5l5uDAaai1ej75SvZtagcOY9pHfDLwcind00Si8Hy9u+7rcoNJypO8meYUbq9/vVMpDeUPjIZP5u81TOBjxWSfM7p4IUgsfjJBAAnXtIsVUb6d1pkyWMMjvPk8RsVa6QTkTuUqNMClZPpoR47MfsX4X0VdEng5eFw+RYLA4cKvjtg0wPArc3w==]]></Encrypt>
</xml>


2018-01-07 06:11:48 debug :
------------
String:
account-ticket<xml>
    <AppId><![CDATA[wx7f83e93205d2fd31]]></AppId>
    <Encrypt><![CDATA[pki0Ki4e6xNoD+lokd+hVDA8u0Qnf1ulmBdXbuwCIh3SU2KVqlsnD+08XZSYrLmJpjOZ3+A+h0g0511o96GyyXbwWpMP1R7IDWCH1qm08UO1mMIIj3WepYA/NLX6IAVB+ktGOtHKaciEBHphNtaKBzPvHcfU8yl12lbuhuhwG7VSL8GjJk6oYwyUBiwUtoNvZ+TTKaE/jN/xXTFzivot00lnKaxHxxpvSaorGwL2ZaMtC0tmtfrY3iRWWCsosIWUmdTrhWhrBwG41r6QkC9rCbEdQ6zFmMdLAr1bkl9kpE6UrB/7lfCyopNwzPtsSd2XVGFay70AltuekStTTgNykvwoA1NMTmTyfZCBHvZewLhIL5W2r6CQ7X2ooiYu5lp/bnv2w79bCvGkMgMFtQVj/74eNRcg7wwg8lUFm9zYKg4VsVXZ98FFCoffW1KhrtN/zr6rDmuC67T9fgn08XqafA==]]></Encrypt>
</xml>


2018-01-07 06:20:15 debug :
------------
String:
account-ticket<xml>
    <AppId><![CDATA[wx7f83e93205d2fd31]]></AppId>
    <Encrypt><![CDATA[UbY3lmv5OzZpnoHmHZVjhhTpJNsUTW3oyA82hoMS5LOfD2ecR9Zs3skUTJbtomUKx2Khg+aOss3OIUgHf0QvFBSFybhUN7nGlo9pk5ub1bxMPyr23qkBe0Nl5biQCr+TcjUpUT/TJWb9BqAKiAPtsYUxLFtIrfpuUNeE9HAlmGvM9a8298v1sIu3/2RXrZKMcWDnW5yvnPRpfE1OvUjiFDZCseBbnbS/3DyvLzGg526qFOZTP2LyBFy1zvPme8v3lDtkxiH0ByOKck9R3fU4bvhrwK9rGWzac0UhJKu7S2gjjCp5ppJdbRsiJD+IZVZivBl1PAypHpjMDmeK1piHwcOS2/2+8U2v1VhAbYu/K0YRbvHfgtoQn5qNvBEIG1U7xSlL/PJnePuKru/dtgtbTPQ/8Rg/z+VuxFHvHjDNXaSfNkWY2N8gYiD9zTz8o7lTFpF7BQnXeTUsfrzeued91A==]]></Encrypt>
</xml>


2018-01-07 06:30:23 debug :
------------
String:
account-ticket<xml>
    <AppId><![CDATA[wx7f83e93205d2fd31]]></AppId>
    <Encrypt><![CDATA[4f9h1AfONC9eADtz1mH5ESoX8QmZ2vPHHx6Lxr3AzkA2smHJ8Lc+U31sR+HlA6Yh0JJj6xlIu+TwZUGcWLtTLknDpbt9jCnBJvurIET9sSejlqATUw8C3rsMUnOvxmlIrxH0JbUKlQF9Zz3Q2bphE3LCSprowTM+wRzAB2oMxPe4R8ZdBSNlD3JkclCZPomGhhT+mV9Z6HMhbZfNeQRQrj7KKbKboIF+m+omPFb7CBWZDAP2tBFVqbNira1ulg/VQKjrWXYFiBgg4BvOFxNKH/RtsYvXigBc41N8DoU+yr1VYAtZkGDf9iLV8rNsHP4eZyxG09Ux3jviEz4562x773j9l/iwK4gW3Rom8kHugp8D/nPzq8pzX63e8KRBXARP9CUw5QPIVONrKn0M3GZLm9mx9g0HJ6iWww4gq8BrtBERv4u1v01NQTx1Rko1LWbJUW39/ulZgSKIzMCHSFbOuw==]]></Encrypt>
</xml>


2018-01-07 06:40:17 debug :
------------
String:
account-ticket<xml>
    <AppId><![CDATA[wx7f83e93205d2fd31]]></AppId>
    <Encrypt><![CDATA[WIOVmxW+vX0Q67rau5Dup0U1j5Fr2uI7MqJI9Gna3S47BB3S3grwWqdqiUh1zGBFGdwxRzleqJzeF0Q6ZiR4b8hXvvd3coHuTBLllCu8OpicxWl2x+5XpPpE/GW/WbxizebAB60/PgKJnO1ufzLVxR/gwzoI6lmKQ2UueyQoyLr+IPCRrSWC7zK5GZkgcbi3EboN3h0FrJELam3rS9tWOFljSreZmNXXtCXzz250gnkBCaSCM+A0p3l3Gm7QzoIJIfq3kUAGHOUF82C0eF+KXH8RJKjli9uwWFdeVnoeTjNhUwL6X095GPyIiu20pzVCH0y0O5VzAc/kx2IU6r/F4MTrpxbI5xB4R6R5wrpcpEuRnYDYviJ5Bm1/fl6QwF40poNUePo9I9AzRsuSvxpQs7qgbgOyrE+RYsx9+mmxWDRw+bHaoVOuL/PV/TG5J6W2CHeN70csQVZJOerA3V118A==]]></Encrypt>
</xml>


2018-01-07 06:50:15 debug :
------------
String:
account-ticket<xml>
    <AppId><![CDATA[wx7f83e93205d2fd31]]></AppId>
    <Encrypt><![CDATA[J/tNsEezvk1niQM1zxbdeBVf++KmGsI5Fkvgl1DD58xOzLvs2XDHD7PpSiLq82L2CjhvFLfJ20Ux3XH3DK0iXsI2Dm1+vSXJYFMxz4aZHIZ8YNEj3ZIfS/7pAdutAUzJ7l9c3q/MPed/Zil2vwcOF0Z9d7mny8PpI1+hT8Kzp+leuyL5SQM22rcuZYELgvIGqTjuldRvjGDAodbfkqbIOchPzARY8s9LisVZu4bhk8To3DUp9Z7xEU0ckJGIWBlFgksF2awtl+xTYXaWSNTM+wVZROKIPSdHYq9MwEnbk7w4otgGFofXU/+9nODrB2iDywtw8RZ9ogmZBHe3Y2SHxbUKd8UnYaSnKmSnWOBnbYSYsxV8XrfDY9z4S+DIpPc94OjHKxlA4+piNnrf8TS3E5AB0o0WiG+HX616JbZRcyim5w2XqeCxNl280FdTQ6YSMaczPXaDFjHi8PdB18qR2g==]]></Encrypt>
</xml>


2018-01-07 07:00:33 debug :
------------
String:
account-ticket<xml>
    <AppId><![CDATA[wx7f83e93205d2fd31]]></AppId>
    <Encrypt><![CDATA[XAkeNFh6iu3ngsIQJFPpgv80qZUk7nOa9NxiswNpMytsMUSTRnc//WR1mXuwgqFrn/YSAVdzA0C6PCfnNyHSVhGzLwf7wnCjvJSwCfO1lw4OzVbSo1J0U2vHJ7HO7JmceJtIPnCSxD126bYGQ3OAvF1pA9o6XcNp5YoYy+Q7aXdPiyIR/HnMK0+RUnMyQMW4S+f/O/OnBQj+7I3uDu3XrcqFDZHH0ODkwl0MQdmCicpzWMjc5W7IEpTJmPMye5lNaKTC1mx9AdmvFhLhD8E7UZabFbW4xyh58Yq3JbwNryuSmYmhZZmjjXjtjeS6nAhoI0k3Wn2ZqpURO9jeP7kk85AZmFVgok9BaQdUf0ZundIRQU+QJc1TrlC5R92SmRevzsw4f51KOaw/ECm+ge/63jJfmwz7ArdmOFGjyLc1tvT0vdtYNI3KXH9J2c3agYC6Jf5ozaZ0cwoVEdaqfalPkw==]]></Encrypt>
</xml>


2018-01-07 07:11:05 debug :
------------
String:
account-ticket<xml>
    <AppId><![CDATA[wx7f83e93205d2fd31]]></AppId>
    <Encrypt><![CDATA[Drx8psBxtO0il+WHCojJKKUyPP9AbVlOBbFFXUMuI6LXllXnJO91NmlW3EK5EYkj7uqKbKMZPhzM5nleNjIJ7Kc0r8B3YEFdj62B4h+664a+lZRDMdqFY2F73dfFxeQwjOSqrsWf3cty/7zFgh5yssewysB494OHKG0VPwavJfjgec31Ja1u2Py1ng2xDOeQSjkWDFGTsd80qwe1wkvqwBe24ZtdmUnjG8l0GYS29atuStvA0h2GZLhHyeux95nhZKUfi2P50I6IRUpUAn0GHv/AkZU+AOzPtUOZuePNDQ2z9w4hGJ7pqEC1fYrmics2PdbVLVU7ljLtwY+T71l6JZyHSKRQ4f1miCOa0OmO68KrEw1l546Y24OuPbyRASiFYDezi0zrGAbnD6LpoXf+nzLYqwIB9xUcLnBosvWYdEgHf9Ef/u/dCRzPI/GZ47LxDrA3t7q9NI5bt2RUZf9qXA==]]></Encrypt>
</xml>


2018-01-07 07:20:29 debug :
------------
String:
account-ticket<xml>
    <AppId><![CDATA[wx7f83e93205d2fd31]]></AppId>
    <Encrypt><![CDATA[1ks/UV7LhpCHX9twTz5GNCO2qyJUv5rcbYCfPMNLfDjz6PSGaUiLAndl//+7PIX2ujqb4A8gWlLD46IUC3wS/vPxf14SzHBHvuqgha2j6fu55Ti05qp8PgcTBJXeSdKrEpqwYMTXE6iKwVSVv6GDxqsxBZJoBvLpDCsqL6b0Bjm4Kd9oN7xLoM2Fz/pzEC+txUhG/pESfj6CnDZb6lGNhAeSxVxc3HmonXz8YDJRExMzhmaVL07V1Ea2MS56cabBrZtlMarbh4LBXm64qscrZZuuEC0Snu7fMneqGmhf4kOx2Qnol5r0YT8W5o09XGVQkbyn8Xf+ZExD4dfdEAS4dGNbmZEritQqzdBOkJWpvXManxdMwHofFNjygTqEEFxPlCCcFnkL62izbR+CbQfr9plMwiI8zXSYbVqAiBcduqXFPV4AnAK37xjqapTYe6b5WzWcYBwnHv/BTG7JcPCcZw==]]></Encrypt>
</xml>


2018-01-07 07:30:24 debug :
------------
String:
account-ticket<xml>
    <AppId><![CDATA[wx7f83e93205d2fd31]]></AppId>
    <Encrypt><![CDATA[uQExGcKVtCdw7y2whpSQu508ADWyj2Uw7+htiUNdgjG5FoRnMFqfBSWd7PI3Rf8y+9UO7MsHEcVSqOrnAzdYPJNQ3y6+sMrBpaYDXt+jwMrWQX5Qn4sPq5Q9ALus7xmQW/+K+GXRbtVifwMjEfNcMxtZljjGTXKmZCw1qVoluMX3j2Cxe74aQboEAwov/vKvX/YThGG62D6V4qS6HKUwSqhxnndzvTv+V1YqRw9e1rmaEG5AmnaPjXgwQPhjTtRiL9dnIajVjNGfinypdYcF/jQSdBJv9Lfd9g/VUxIfN2Zcr0y4FeO+mUtu0B/sGBYEg7g8Cbz86X91vNMQSQ0T3p8fDh0JCAu7AQDcpQXMM+KqhtNhiOGghjoDYhU7ZGMzlhSHkZBbOZDL+3srqf/fRA9ZfeMq6glpJkpmyo0uH7qPNjSIJ3+m7t2Tu4prg/UcHPxNIaoObPT0/iM0+meITQ==]]></Encrypt>
</xml>


2018-01-07 07:40:44 debug :
------------
String:
account-ticket<xml>
    <AppId><![CDATA[wx7f83e93205d2fd31]]></AppId>
    <Encrypt><![CDATA[DY7dUSQF+LmlvE72zFzrCv2nUz4IjXEIpJBlmo3CwyeQVzkIh2bNetfOFuD9wS+gyKOlN2KkQKXxn6/klMzcmQuz/ED9TfXYUdyyEENEimcwMLVKi9OsV9dVHu7dRBnXZNajITKbCJgFhADrla4L3a9I+KCTkbdYuRKtVDJO0Pv+Qt7q/fxoZdRqQwYOafte6E33FwIedeMnuaddV8B1SnytlscAMR4Os6dkPTEZBxWcPQBtVFaNO4QxDQ1vSLmOTVifmL4aSpEyKVS0enEcQ+sCOYMpqR1MD1/50DGAnig3eh8Cs3jVWu9GBxa4LNzgENGPsRfusCQ+dJF5mw66qBG1GSxbZpmzkjV+YhIjObA/kagLgpgphKj0bjWSsaiJrYeaZzFaii7OxksqiPBW3loqKKmuJYQ0tgnHH6fnVrB5R7YdtoJ/NZSqmUPWU6mEMcRt7O18P55gvMUaFJxDmQ==]]></Encrypt>
</xml>


2018-01-07 07:50:25 debug :
------------
String:
account-ticket<xml>
    <AppId><![CDATA[wx7f83e93205d2fd31]]></AppId>
    <Encrypt><![CDATA[YoixUgf5nTyr0EKSc4PIbVZ8sTBnIzmTTeAW/hd/8QHVLeqH9ZKTZrgrkTGKBy0E0S82o4VoMp7F8lWiH285XgaGEkVQdAEu7nNHdqQaG9AacML7YGe7tNboatQUiduUg/ZrI6nftYCYNhHTOMUi1ywmStoPp/CRP2Xg+RVgscMdPM2qGbnkiC7l1YXJNmZeoGF6W+6wHcYnytUe7l7k7PkPnEYZDTAszHWFDph6LhCksHuDkYuPPsxsZE390fBTC/FkHKSLPQ2fn247ep0gAmSr+N4gOAJ2HGQimGyLFAnbgDFb3xs6pwRcob0rjpk13+EQVxdsSV8bat7tMfeLE9Q0j2PMpZkHFHb6818vV8DdL9Gbv3XjBU5/f5oFcl8gb/qbmvMN5MC//Jtgk4Dt/UaufYW7Z5FuNCePmIWXsoiMKMJOaCN2QHbUmn8wXBiuOxpA0exKtTCsxKyBWO/rgA==]]></Encrypt>
</xml>


2018-01-07 08:00:33 debug :
------------
String:
account-ticket<xml>
    <AppId><![CDATA[wx7f83e93205d2fd31]]></AppId>
    <Encrypt><![CDATA[5mDVnhSoM6ULRPlLJ/5QNohCOvv/8W5IcaRHyzBQaW2Xh+FIGtyhN5TrOPPXWEckKKngaRfZX3qjtZqQkMsFPScIju1MbEsqv/6zs2HSWtI5ZHLRW1DqFc5VDkGc15vmMNgGIeJM6nQtCgl0YmgyXy8wlkOfF2bXVOKb+RSZQrkUIh5ZH5O0GuHPCtTcKcB2HAJVfWoiItPj2lTihesogM90Haws5tH0wJw8f8rmEdF/Dk7fc4e0BLESm/GH1opgLqU2Gf8IK3shXi/C5K5e4v+ix6GTKQxR/yE6kMVAOufOUmqdWGasHJD2ZDFH1pFCwWuZ1mM3XPlz0sANHucX3BpQW52QOYK0fO1UydReaOV4QxDF1JTQMdPUpA1F93ehrxbWTmQ03igsl+bgifDWghuEa/pbidWl7u+h+DMcWA1g0boagIQuU3RpKwzFa8C8bL3sjp7oMpJQAe99YCsshg==]]></Encrypt>
</xml>


2018-01-07 08:10:54 debug :
------------
String:
account-ticket<xml>
    <AppId><![CDATA[wx7f83e93205d2fd31]]></AppId>
    <Encrypt><![CDATA[5fDjz4KhpyCO//r8E1n5Pp0wRnDSIAjLoCJM0cdmxsbmXxki3O7yHBHeGxexsPRoazzDEdAabZKg0BIsoK5oKvEBBsp+1Xr4yXDNmqb8pHt3trDZ7Yy3Tsal1C8+z0xkDkPmQjs4iGJgaDH1zlXPdboOvgHh0uHOqUDpfSnpbh+16GGw3qycYVsIjnExT8rlkAKyhJrv9dkFiivd7MmiRaI3Zl9ZBfME51oz4JOkrPF4TGL2XJWkRDfUrO/xXvSB+XbJVCnpmrojiCDJr9KWKDm7nzc8yW5oYaJ0YNn445Sqb551zkdRuYDKBg60RbMt8hH7UHyydGG43d89KbVvy9r64X5n9C5LopZhpREj2t47HxpJma4rcl89JeTikLO8NtyftF9ZyQAyBOurIwNSv7expXupXC1oYcyjl8w5Kk2MJYbdZA39Y/xl/m1MnWo2HyXao09eiC9ioSx0KTmRJw==]]></Encrypt>
</xml>


2018-01-07 08:20:40 debug :
------------
String:
account-ticket<xml>
    <AppId><![CDATA[wx7f83e93205d2fd31]]></AppId>
    <Encrypt><![CDATA[5Nyo9E/bpR7pabgZZxa8mhOQpCbwBqgA9cEjmxgZNiwnDUQgq8wvzrtfwJqtRq6YFKObteM96yWJ2/aj8MgwrgrGXouMsHmbmwNAJkRssYAV8o+vQgB/byyQVapp+yZDV4AYuaUpDlaQo8zbNInbd7sAx0AvnUO2Vh3I+PNa3rQDhVyI9iDoHeOd7t1lcDOVB/XqH+OYWvyNTtPdC4uBMNXfGNqTguamld1j1IVpHMrdmh4P122l3AbXJC7RRYMVwm0gYsanSNFbaWSsLvHJlQWcpFPgCdL+Ek5Qkz+Es43ETdK0lEHCYYmICWcZl8ynaWqLroPDkRgfKFsfEZ/NGfsKnr5tW/tePy2XGeVMmxEsN7qZe4zLMWMt04/jkT5qn/eSnj2srJLExgRU6AosorxIhJxEVnqX/4IZWSiv6J/FHuUwyXNpeVAPVOYpSPLlOq+AjXx1ov+ilG5243fgSQ==]]></Encrypt>
</xml>


2018-01-07 08:30:40 debug :
------------
String:
account-ticket<xml>
    <AppId><![CDATA[wx7f83e93205d2fd31]]></AppId>
    <Encrypt><![CDATA[RZpFRy0+fuwdrFIWKE5CgjRkk5joiQJtkxahlUwqHaWOJsrXQ66Oj4ovDoVinNG/fPytAXuuoSFjauQf7OnS7045mRzSO8KhJJv5M+l4e7wMiKGECaaRFxLaGxJ+5Ftz6xjNWEqb523KuQcBGaFtd6YV8Vja6cYe+lTihOSfVZtfxlsqV4zC8K7O8wS8UTEVc0Z8vzfQ+q5SWAmxGpWhcAteI4VWRu4yoI0UgVngIgiIWOj2dacckvsZnamjAPnIpIMVxldvi6FmGA5KzdXRI5mzUr3aw8lyo3ByzvvFkDNAl/mv5ZcW0U9ggbNKKJ+NSApSR1oj3zC4rL1GKutv7HQJmEOtAKVejX5smEhNH8hqFDZ12KhM1go5R3WAhqlsXv5krJK0WmTslGxSaxYs7dxG/qW/+1MKHCDb3R7kkXSAvgCcDCmi18G1H967e2oBgM0+TqE5rlr96LuXZp5new==]]></Encrypt>
</xml>


2018-01-07 08:40:46 debug :
------------
String:
account-ticket<xml>
    <AppId><![CDATA[wx7f83e93205d2fd31]]></AppId>
    <Encrypt><![CDATA[noe9D/REhTAbr7BIiQ6AkJeRddyLWBXs1b1F3lxgrNAGICUxzt4hKU94N2MWuevyRXvt32WE7wKm5r7NK2EzBe/VTJHGqzYvc46ZmoyCfDuEK8oebcYdfYxk5EFTrX57+Xiwedwqkh+6nWNwjAGc1ZbRYe5oZFZ0M51QO35UEnEIg4aYAeP/9jpumNamCRuRTCDtxzs+5Oo0nyjHa4FpAWkyTd6a3UTh8I/+pmPHtcoY9jHcc147W7uL7I5/6TAM9efDn07U9ujIdlkMCuO6VOtEUOrva+XCkexi6MzyvqIKqpVnxxeZGlMmMDVc7TDmYp5NRdGXrh9Dm4wtbabJK3W3mBLpGbrUorPEqnr+zvoPo+bhCZtYInYvgnmmTt712wxzkJrOFAFuRdjfZrnPe56B1D9zkkI1QzV1udN/kQ0qNxpidgrHMPX514MkX7A7zU/kp0YEcYTgP283qrlT/A==]]></Encrypt>
</xml>


2018-01-07 08:50:46 debug :
------------
String:
account-ticket<xml>
    <AppId><![CDATA[wx7f83e93205d2fd31]]></AppId>
    <Encrypt><![CDATA[r/Mzpf0fb1R/T/bzjlfCRDHl/YSaFtyR+fNfT5fdg+VO4sbMhEIq5WbgDjM0acJJhkWffFpH5O0Lggt4TmMPjQxhYo5ZSxDeoajXkAXIktNF18BkERq8MHZBYCi3eUzJyFTaCQXHDvLWtOSHziKSaxrIOiPrZyIjjlYTl9mo+dOFCcVIRpoErreFJ3PEeBG2gWEr1uVuej+KZcWcKLALyi0R8a/jDTTMUUoscnPsUJIlLPGUr9UKN41inaMAMQUjCUyDIEyHyqn0jwpJlmubC7QezYnKiCfgENjFdjz6ad0KGxex2U+2C0q7i4peZ+VFB5DxS67/SdYNZuF9pxJxkO89En2rlEWmD4cdUXljlF/pf/HlvL/4IzQEuEwnQrtphkrp1CrqJVwLdxHUO00mb2e0QkUJHkkItZWZFiwxitgxV8T+i47MsFdZrp3QX0fzcGTRjAgoo1tQos0U7vrWCw==]]></Encrypt>
</xml>


2018-01-07 09:00:46 debug :
------------
String:
account-ticket<xml>
    <AppId><![CDATA[wx7f83e93205d2fd31]]></AppId>
    <Encrypt><![CDATA[GVYTkhUy0IpwLSzg8ffrkZ/hukeAe+kiyqTdyiGtair4uWNKIvYbooTeu1zrkpE3GMS1zk7NWZOqq4ZVlw0HZ4L43IuYm0YiBgswNRbOWT6ndQxS6108wy7VGPlGBnrcSb0MaNV9dO9ImT3JrE1bcqx82Q3jYv+G4xdg4K+nc8lpIiJz7nl9jwHTu7AfMThzOp8IfqyGAAhRmqVfRbxwijZOntDHD5guemvbcEietukUZKUxzvaKU7aZxHotxs1w4PQLdzx3+wIzLjvsLeOdZw2LFKhsrQ/L61E9vnxmqWVnuWrHL3+e2Zn0XV0bzI3qOcBlpbqRtq7B5Su+mdVdvs4s7woxDkkdY57vD4L357ogXSEFkJd0XzGHWVbZsI3344Ed4ghrN4kwK/FwlmfVIco8migVE94YIr7qMLcfkOpsV5LkIZwL1SI+OwvAZODkHSKcl8gPhqu/eqVNbnAE3w==]]></Encrypt>
</xml>


2018-01-07 09:11:46 debug :
------------
String:
account-ticket<xml>
    <AppId><![CDATA[wx7f83e93205d2fd31]]></AppId>
    <Encrypt><![CDATA[IcCv2tirs5YiBBvkppSP0KFRLz/sMBhoAE6kZ3fHGElaaPWlRiRkiQL8jelDzBI0HztKDvE1r0mj9VM0DP5LqQjMS41Z+m859fm2unlOOjQBKk9Suhz36CdVcRSJ6QZ878kDvjP6JzK95/zkGCD1rqdbPfd+VYvuQjcdfxPnXk5961OegRw7ausCXs/eiFvxZtqsBwXH65klEehGLy4A4gxjJOetgNuSCkQmYmLaF1m71tS1nw4sZf98Ih6g67HtZfq86a86Z8tryr0d1ZvPAuy3CjSPE7UvNpwl0fXaGNzHaaAGE6+Yud98pJN6dNd8zCP/9vMGXrzCq/c4Z9PxjK9nlL+fJh0XCGxiTu3nl+BQVJAus110D35vW0FTpHi2Jmohpg7TvZgFL+mDXpg6OAwW9p8GM4tE8qYnjJ3Ibec9gmaElSxe2wi7cC3aBU4qsVgmpT2G8bv918cDq0GlAg==]]></Encrypt>
</xml>


2018-01-07 09:20:49 debug :
------------
String:
account-ticket<xml>
    <AppId><![CDATA[wx7f83e93205d2fd31]]></AppId>
    <Encrypt><![CDATA[sMWbNUVqgiCUpR/M8FLCGhFx/LMmJ7zSnIDmC6D7atwAFSbLe2oLQxtha3uMBtgTv6dyg2rontKNeI9SqSGya06LIGwzd4EfsgZJE9OU7Picp87kyyKgKI8xVgTWEEWgxKdFpWMDHnmL19CYYB/5lhKIERBOVA2znjLyj5O0+q6j+OMkLHIopjFoFUtNB/1fATKLNpuybSJgNLj3EdYSF4Dl2SJBM0ZOuU8BOkVvVVa3ZzlQEb7kzxTTUT9UTHHgVhkFLoFZHJnH7YjDIJghvDiH2qTcOX4/jLPJryMCKFes1KDsLluV9KljKouua8cr7lE/VHh3+MtfDYpFtLKP5dhxPTSSoasJkQ6kUNqg5ILIJ/rqn8ZtORkIz0AShyFasnCUHkrtLCYmH/ahC/l/SFT07zt4/0VqcoB3VEbG+6BdZmyXvrOB/cDCzNVp6l72bP9lfRXBu1VQxP8Av7sl2w==]]></Encrypt>
</xml>


2018-01-07 09:30:53 debug :
------------
String:
account-ticket<xml>
    <AppId><![CDATA[wx7f83e93205d2fd31]]></AppId>
    <Encrypt><![CDATA[UQ+yC/ru1mtEp5YrCubKuXzXOpuxXcDgtaxk0cVbQQuTluAsI12dnsWEoniQoLP4WxBSEHn9NKoX6rvGgrVXNcPj3+7oEwPsbR3ZbivO8vAKultq0AWI261Sx4iGyzwL3jsaIfSaMk50J6anRSthL53Melr7ae8xQ1f8PoRgacqApEVB9fgLer/3f9u7JrNGcfkVPeAkaohAcMPUejsijLvZekrgimuCZ9t2l5EmnOtxbt4INydBds+QJ+qvt2RI+E+JoWU5m6AFcpGQ7VuEdfB78jwNgPm/XKsB3IXDs9y8PY19CxwvcifnR9fXr5xbt3lsPBXRekmDQHTzXlpLzjGBl6UKygD/Ip30myFo5J85rhNlG8OWODDYCQ0okqAhLVSDdmHb2O0k4dWGPR/jfAKO7qpiLglDpswr77KqO4vIVaTBEoF2jPWapAwv3NrLT2aD3j6KwLXsN1b8goFLxQ==]]></Encrypt>
</xml>


2018-01-07 09:40:58 debug :
------------
String:
account-ticket<xml>
    <AppId><![CDATA[wx7f83e93205d2fd31]]></AppId>
    <Encrypt><![CDATA[57tLTHjVaWSJelnHDRGSAEPVfay0vtCkVeAX9SG3XDD3Em+uD5mouIYiiAUwoAe6Vkkv9faPVigvG5drn6/UjdfcPDnn06WKlRszz7kaMHL7lGA1U3fi471v1mYnryU6KRqNdeJFQrMqLZ/6TjlM+mq+Sr7dMsQGG9e8NC3EvHuKWYH0+1eekIeIGqDULCPZiEMFcRO8FfCbUqV09CNzaNo5eRNb801rDZ1pcaRvrXVWHbv1C96Z8qC10jQtuB8fo1Q+zuy7ro8qWgpFlk0ZhzEls54WCuzoTbNyr7DHHIc/O8XrbGCpfq+kJtJM+DfIkDlvv3K7/nSDAaRPLm3F8I2KjpDHlxnmQ8+S/YGpai2lLDNz30uBeDgkqpS2hey+JfO/111VGKQR5h65EZKsODnerNBYgCQRvoTU/5/cJsdSewDohcdm6sLO7axppXw4lyIYPuXKCdRIYfX98ioVhg==]]></Encrypt>
</xml>


2018-01-07 09:50:51 debug :
------------
String:
account-ticket<xml>
    <AppId><![CDATA[wx7f83e93205d2fd31]]></AppId>
    <Encrypt><![CDATA[mKvVL70+B/SDudHPkOABMPV9fcphloSiEAlO+2K7EcMZyEQaqBOrDPWW4o5XhBDtR9YXj9FV9wok8GjjmiGpUPAPxSjrePIngmbtSxJ2saNVynfmgjUeYs0ibL1q9E94+8T0Ymg/5mZkvpjqBGKt08L9lo4HIAbDLg5IHZMaS+vD7751/6sVfpWjXRw9EkMq6gGKtwCws0rL65A6bkwuQwu0sR2wRGJq3d90knywymJJgLeu9IoMz8wOSciUamGeXxgQyF7r3nzrb1SLCMl6wsOeN5Izqox2NFD4kAr8SUyxl97APc8aAXH77YfLtOrVI0VnCMKrp7NUVp6cMmBflknKrMqSQT7CAbUA6udsBepU3X0wFXcPa8O8gb0AYEnLi8Cmmj2YRMSRqp8jsY2rZ7grF2uy4yg2otE82qF8CPuZVnfNfJSNJWcx00d4w6RwCpxyhO90CADboi/XrgCSVg==]]></Encrypt>
</xml>


2018-01-07 10:00:57 debug :
------------
String:
account-ticket<xml>
    <AppId><![CDATA[wx7f83e93205d2fd31]]></AppId>
    <Encrypt><![CDATA[dyl3htVV7Ow2OBrTNX5W1oVaOq/givRmLPYaE7utTn/KFXXzpDT8vgMTrDh5evWK8df557h0GH2xRPwdR+1w0I5YUBfy6130QMR+4v6Yj6dLm0wF3qqyxN8fwHnsmQBFE1iRJWbLtHOVWxBvRflmIx4NXqCqWnq/zuRoG1ZXmkLS2s7cu2kkr1WhXWIQRqwnM66zcQF9UwFTZWXuNOxZ9DTmNRjPMWvi4x56nmjcv2BQeQvwmZFDoW6vYx3xBnvRigu4TW329LMMF0mDSsqF+eV6X46ONqoM2iAVXRLyIsl2bI9AUcmvabEdBWsS540z6iJ9Y7uZaFuCRVMNve8aD8qd7v2VBa62Pej1QkYsMQskCZZx9bs5xt/7D+S/KYK2NVfLLv/w1HdpxPVuBPk4creo5aE1YpSvoH2G0vbc20XIfu5yH67tpmuJ0BDoeiEs1XdxbFnZgRSWAdFWrR9jFw==]]></Encrypt>
</xml>


2018-01-07 10:12:15 debug :
------------
String:
account-ticket<xml>
    <AppId><![CDATA[wx7f83e93205d2fd31]]></AppId>
    <Encrypt><![CDATA[PL4YEaHmkNpZQe+rtR6MKM8JUSzvQqWRDSfOovxWN/oIAmA7uyTpXcXP+OENFBHiNATXVtdlQBvMWMX0PDOvzYmzBvo1pCJ0tTqZirYj7RizFETlLSeDgev0Dy881IHgRyH0zvGgM8DnsOjeKoWsqwkOLPC9UPrwOXmqg2YiVq9RdjvwjQ/fHvrwyshzbLWspqxK7/RQR6PwXby4bPNs9HlocvRfVB3xKMJxjTQAQgBnfUQKxQB+AopC4KENEbIHsqsknqVyzJjLcXtrzWFGn86o+IySJ2mW9rauWdADY2srSsjbLMYaL+ES4mwRIrq4tfp3wuB1+mEk5Y5Ia14FLvrvIuhcuCXu1DK62D6KhrgW2OSxHee7DDXqhylx5ZuXXnEFnimNB879qDIaRRSbyHeHCDrDeIXE5gbsxtw75h9Ys246xEBlAxIXLNMHy3xXVwkAhCsjXTLBiDSG8IkWRQ==]]></Encrypt>
</xml>


2018-01-07 10:21:01 debug :
------------
String:
account-ticket<xml>
    <AppId><![CDATA[wx7f83e93205d2fd31]]></AppId>
    <Encrypt><![CDATA[xSkwqkgJ3G/50N1gubKHE3+r2GY49CROpvBjfS5FBgRSLMEdTcZffBbO/+lkeGCAwKvSAoefUWhTuZ0ZYErDgKBAV3J9ib1CInnz4PzcD66tueeZDupurJXKejxKGyVbatXr0+11YziNc4N5VLdrYVnb+saEr8ahnEX8JvscI5yts7Tr8dwhNFLYWpjeuGecNJh+QoVyWEuaIfYnD0/nLdhjRfrOIXjUOiMVDBeFKvvxHT8vd2SpD5swYWJBKPQ5BIIsCyt8D1CMieBI5otPxUvzr87ZmKeLDy1ToD+GLLChoqOzGEGgntaW98LBbJq1c7bg1IbONBZ+CQRvF68y5jYu9yvB32UaF+0YPZoi4JRL0GjoDRpv+ozVdtzoaTolUUT+kL/6ed+akQcUx4W7J/oDgO+LuRaj61o0AGa848ZVuyNN2i/a2ZPODDb9jRVyGNG6/13R9JXP9EYzVza3XA==]]></Encrypt>
</xml>


2018-01-07 10:31:03 debug :
------------
String:
account-ticket<xml>
    <AppId><![CDATA[wx7f83e93205d2fd31]]></AppId>
    <Encrypt><![CDATA[awUFA2nPjn6UKHuoowzM7o+4UCmNeNgmEeHgpsX1VoYjwgv/ebxLyJtfCljSR6kD8Pj9oXW5auvph0zsiJbHgKvWwo7GnXqHSpg0WNWMGKKMzASVbi4UIvU/xKzC0A1eLZ6CX5zWU0mb2dZGYkZ0Yx8n3YS7qrffHaznYcbH0LIWf2AfHseSOif3fTmpsPpHrafk7iBR5pOD2wYGhD7wGq7/Dloi4gPq6xLHWhN3rjKDdwUlwckOH4lrNo0UZ0fxdBFc+lc7yu28LiJ8nfVoA/NIVSQOqFpJApy6wnyPZgSq8Nx/dD+MXSt+ef/GLwCLXL2fUNDE2FkO2nM0Q5h6ul40d54Eqv344xZjhLLzGd0q574LV7SaovoJdPBm7eXXyIoiQiX47Wmxwxexi7+bcuYAZJ7oBsH4i8pXAfdTbshvaSh6xZHcxH8ttn+CJjZtX1TDNNQxfKqF/1L5g5Q5Cw==]]></Encrypt>
</xml>


2018-01-07 10:41:36 debug :
------------
String:
account-ticket<xml>
    <AppId><![CDATA[wx7f83e93205d2fd31]]></AppId>
    <Encrypt><![CDATA[lYoDFiwQkKnD1WcbxEPrk2kEL67V4xAf7QI5AGo91G/CXI/ezabbdCBAFdGGGE88PgwzfT8c2uRv+dUSqNPJYV1DU5UfEYVY/7BfksEHl+vhhtsHQp27ByThfV/j1yZQdJktqiBGcKwgTXYOMGPCMr00oIOnjg8ahpwvJxbpYbLuH3t0UO34+O52s2jg8Y2WrJk+tbaGtOODfNowFwqwP/0GRGdCoF7GlYRpxnPmbnoxe7VCTdmR7+Py335dDF1nbIg3yDa6JzAIIc5boMJoj1LF2tR0VVH76AFEG0rJSanfsWGb8jluxog8XKtR/WIL9Ng7KDswpix9GbyuoT/bWaT+86t+nE9AIvyes4RGqBu4TTCxuZFj/VFMu7eMlEE+gR5xR6v7afR/9D88KYIUu9tLDHmvWqDA953ti6b+srmzmo92NZk4bN1Q0EQzC6e3QHlr6T3OvQbqJYXqnPmpiQ==]]></Encrypt>
</xml>


2018-01-07 10:51:06 debug :
------------
String:
account-ticket<xml>
    <AppId><![CDATA[wx7f83e93205d2fd31]]></AppId>
    <Encrypt><![CDATA[1Lh9sR6IK7E29T+NbtqQE0s+AD05s6GRyx8DZWngCxxQk+ZXs9OPV6Q1gCxrS0wAwEMw3KPDWS6MneNfdrpyx/Ywid80o2h2LmP8Ea49zIdkFd/yayLQ2epQ3dAQvN2ltK8EOwKTZ5upWc3nubziEwBM+mFUS7TW/yvez949mAq+nbztrGYAXiFe68fvItG83ySw8MsdKduYN4N5xLbPp2Grk6jnXeqX8PRMwwfFkk1IyzUwzp3I8xjcgfgGXaMp88ZfbidBz4qnuFd+UJA1xanXBnf/beoggzN0QdnIQ+3BTWOAhYYX8TylWbu7KpnBmRK2H7lVZlQLdaoibr5jfj3RMkuiYP+JJdBO8vNdzUZux614ij9e2A49KVYRHbk0s29fK8zuwDvSwoHuWgv/B7Qq2RChqbbJIyEOHIxRr8Qekp6Ey7PEXiDnLqM/NfESNqjSwIjE+kBGUKt4YjzXqA==]]></Encrypt>
</xml>


2018-01-07 11:01:11 debug :
------------
String:
account-ticket<xml>
    <AppId><![CDATA[wx7f83e93205d2fd31]]></AppId>
    <Encrypt><![CDATA[cCGL1EBniLoI773z3McLaVgFGg+g4+bepF4PT6hCehY1unykvhdVs4hJHYayf1rx7/tcDdwkPwF6BpHuvRC/z+qLKQmL1INfrbrq6dMDsw6uWters+UwNuoDiEgsJf2Zkk2WZXol1ukWtT5FtVOgYLMUTQTyron8Y/2Y6BQsFa7INEYdfBf9PAfYmcR0hpO4W93VjhKhH1ViRh/Mip2jp/nAV3JZsps0R8Iufi2azDBWtWKgD/WRHafg6oKtmWVusPlYaO4GaM236WojCLlx+fcWS+31LgPq7LhNpjt5bx6MSsbNo2r5T3E5iHqSC5VZ46VfRibisNL2Pzfrnpr9n2kgYUAl+08O7rdV8zU2EZQ4L+ckQlZZnu0wYPwNi8jicLgi3QaF6EyFFwH+/xe43jm0L8a0Qgl8ycItptqPDZ5g0aOY0tkqgNVNylJsAi8TOT994I1hhueYQRZeUM4dsw==]]></Encrypt>
</xml>


2018-01-07 11:11:23 debug :
------------
String:
account-ticket<xml>
    <AppId><![CDATA[wx7f83e93205d2fd31]]></AppId>
    <Encrypt><![CDATA[kmc6ZXNY3vDJb3EHBhRKjvA+CRT6NzXwGcLh4ueXbKypU9AR1XH1W6de1DvH/NVh/AkVzcb9Ws7uOn+kheE0qAC5hPxnZjQ17vZSJFMMee+XFF8rSZqhuyxtRsI/6/e+kcYGx38aQBWByjLw2ll+ZccgvLGjXJ7JnHWttEl0z3A+C0WETXoZ177MCmjvFA37mdlU/DosMZDyfQ/ZjqH+tspH0ot/AdtxhftSC2q/KzQK80XItYl56T99lvsNjQYkhrWBGu8TSfFC2twU0rzY7vw/5/N9RTzqfT4QYtTs8gvslCUuxSP1xNibxnN4/uQ+0ikSuR1wxzv+5xkkAOmP97zMjTfzY0ZltwSNajldx+ycvNcpvoyEK3g6MgbUzx1lO/XQjte6KC/aaaOgG5DiqqNqT8e5crgy9R4R05D+WfLiLlSD4qgxCYMvTOXP6+iaZG+toW9k4cDnv1erPW3xlA==]]></Encrypt>
</xml>


2018-01-07 11:21:08 debug :
------------
String:
account-ticket<xml>
    <AppId><![CDATA[wx7f83e93205d2fd31]]></AppId>
    <Encrypt><![CDATA[JSTnxHItVsXuVsCj/xmlzlXF+C9SR4mQbosNI/5K29PUVIWIi9/smiDqwyT7Fm/b1saEYdFEFXsACbqh6JFKBolyoQLbjFkZ4d/9DtJ53IrDZH+rd245rIYZMf61uBSvC+88Gnv/TRtHCTFoQQV3ucrdvYHRwqK4wVjGfKeCeeRLCl7CVrIHQyvdBgfOHNkshi6gWd1uU5YEQuQiEqbiVrkEcX1UBttLsY30ztBCXBL3DReDwb+wOXZUTEo4zxbkrHUQH/Vsg1uJ6oPdTvT7sjNSqSDnW6UPlHRzY9ZX8TAwK8TcMnsXU9+x0iGpwBn8ct9WtZ1leTjTdp2ZFFqPfSJd6otqVoXqnMcZEDi0ossdZYCpvKppzEha2rH8YctZvZERX3RI8rUNs59MRddE0oKiDdtHeIKMxYHJ8PuGZzwzSyV9INmuxiN15FVeAxteO7FoHOwNCZBYsXfhPNSsSg==]]></Encrypt>
</xml>


2018-01-07 11:31:08 debug :
------------
String:
account-ticket<xml>
    <AppId><![CDATA[wx7f83e93205d2fd31]]></AppId>
    <Encrypt><![CDATA[2bspyS9iCoP20pZUlOwNYSXA0O6NpgdlNpuVs+B45i1GMdOnHg0FVMXKNpyV9GdDoijZpXkysOJyeDo4/+8la91MVMUWBX88E+x37l8l5bioPHUF5Jv/cPBNE+DwCXfSDuvZtruFHLHnDdQEQSMeTV384nJ7HmTjjTa2FTfezN/pjSQd9PeMUG6oQ+ic7KgNy+DS2l5poJT/Cy/wS3YF1k0s41ZGptIBL0yiiap98lybwca5X1RYj5G0Jmd+F/ooX0wwP9EhSTyfDnYQg7FEMHtBRfJpC/zMZGOIAnh2uaSRnEJxKi4z6oNWXXdFEVwHFyarLSmBdQe5XPHwO2xfIH391jxaI35tp2vX62k+gyQT0J/7nU7FYGqbQCdKyvHF/JQ+BcR4f78CA4LDRaAwAk4FOJYJ1+VGLADBOqEubK7nArhSHEAM1FBgonz7n0sJqj3bpIJw6kz0wIsy+w2tbg==]]></Encrypt>
</xml>


2018-01-07 11:41:02 debug :
------------
String:
account-ticket<xml>
    <AppId><![CDATA[wx7f83e93205d2fd31]]></AppId>
    <Encrypt><![CDATA[hFefg/TBw80/cQmbLYDDXU/OmuwBw5iLmnCw2LRb3Hc3Y+QrJHGiLR9Vqm0klXE+rMGR1BoOhid7WJLNumPd2SPbZoMwWub9YkuKGoMlbJkPt/j+JgBGWOdHOUIYqbJtgbPrhsug6mFc+XrNR1AWy3TtBonb1lCO2mm2wEzCBk/VYxRQjTsjNNdo4LTZCeVu7N6G+k1ko7mn3h23R40VxlathY//zVEHambIhlx6Dtzmx0QQ3lDspWz06IofoIuvYG1I5n2BeaoUcDZfiZRWtEGb6N5Qtw6dnjcg8/trqZkMT0jvn+Lncp3EjcnFs9aYG7FymyMyRLGB0EdifEn2aPq97l5SzKFTaZbEWowhF/c4KvcO+f4KctTiCAoMmvaXcgPKlnhNnE9LZyquaxHNLX5SqWrBmefWZOCOZmNe4WdIuTUdgRQXIRssIp0K++Y0umhgItCmt9GHicWlzURHvA==]]></Encrypt>
</xml>


2018-01-07 11:51:04 debug :
------------
String:
account-ticket<xml>
    <AppId><![CDATA[wx7f83e93205d2fd31]]></AppId>
    <Encrypt><![CDATA[E3PAVOxXP99vPHcgBR/oxtwM7rpeUVmoWZZcJq5dpgH+4nPoXUk3ZB42HHcEiz1JrsdgBhMAEpF8lQysIUE5h2mDQu9pWBwM5CHtRdcfyVLyv4y9wJqA5ISQvHxJ5Ig0SMs243F/1l5Ff9VkjNKXOVwEEZrrWnZshOJH9JaWIJ/j01M3noisAMetQT30kski/LrKxwJwVdjqtoNW4yeVVPzmfwpwctolSiqaBL36eiwOA2OCdqpaegs0uPTUmSB0YAFAl0GKrPwzAC9GS3lOqUoPQ9sLM7WrUiV6lk6MuEiIWzMN03LTTli2kgVLua7SZX3L55LRnargJKZIOoRKyVhkn+jIfwXQu22RYrgoPTGxnmMQHrNpNIt1CDf9nULa5xabeFwCfsbfELkz+01+129WP4GDf1NS29Qm1gqH3ZMjHK+F9P0/A3oFsCRpI+yNwlWCH1Oayt3pHQx5FdUnwA==]]></Encrypt>
</xml>


2018-01-07 12:01:08 debug :
------------
String:
account-ticket<xml>
    <AppId><![CDATA[wx7f83e93205d2fd31]]></AppId>
    <Encrypt><![CDATA[l0PTUklDmk5tpzd+TFJtvBBaJ31p/FZH+9oEBhU09X/qTAxyFRY2GOIpCkDBjFxJO3SydNgTFt9rrU4rL7rzELIwDVCPxguRWOW1Z0iCrsJ+iAolwjGc2ECACwEDV8DBSG/aY3TXJWsBab3vzng5JplWkLUOKR93wOmj3w3Q9HedToK0Lpx2fQtMFOxdnOewWVBd73prdHfDIuw7NTsT0VQZRD4eP7ALs3ogQ08+Vbz9wvSsMUIi5EVXrx3Xq3hZs8Y8E09or1ktVtYMzTStjmECuwxE396FKz4Kmj6zyGNWC3azIb+tJ49HNvND7Qu0BCVMaYkqCELutPwwuMIJf9v0qF2x56YXgDn763y45RjhgZ9Sns8OSWg2gj2aU/kUsDAGlj8Q1/of8LTvXm6draWIdz6Y708t+ynkx9SdDZ6ZMThly257ybf7XKamkBIYl0x3Wqy45sdC8G3Tcg9MNA==]]></Encrypt>
</xml>


2018-01-07 12:12:09 debug :
------------
String:
account-ticket<xml>
    <AppId><![CDATA[wx7f83e93205d2fd31]]></AppId>
    <Encrypt><![CDATA[TjUt9rVrF+aCQled7MNZwHAFzhOLo1UIy5O5EnttFDkp9FHc0ciQGSB9WlD2Wl2HALq1COq3R13ArNaTu2MPEqLwVMW2Xx7dTFQzaQbI8hsVsl8z2zqxyxURBgB5cpa0BuwumloOab7eH0rnVp2lfm22PHfNdYtZ1PWEuDoHneNXQwaQzUchNi89lF0PT58UDBdnv6Z1JRXyo/AOigfCSiespK8xwaZBDFD6zkXiEzl5hZ1TtkJO/w6gfle2YNY3jWZttPeBNIOsj7wXUHyb59nnNN7H7IJtLdpNHOCbJrDfXxhNO90r20Ic5QF36M2QDAvXzph7uKrbCULzPneHMfw2g5ayFyO/AkWAWgHRezfJf3Q0bngsxvOUTFbwFSR+3jvKAli8fTxuBQaSSbUkFKL6Z2zZWOe3tgSNTQOK637yiz4t+kA89mYLZ3687rEfJeqreLampCToxnEZvZLt5w==]]></Encrypt>
</xml>


2018-01-07 12:21:11 debug :
------------
String:
account-ticket<xml>
    <AppId><![CDATA[wx7f83e93205d2fd31]]></AppId>
    <Encrypt><![CDATA[Bs+xOYi0wpsYMmiq1rr+Xyli4uJNgTvGMThfBLaC53AbGvUgHZw9E6hgsDLa/gbvbghM7wSC1uEVa2f7SAwetrQ53++HvpwWG/4oqRQy5dgTfcILz6vBvTsshXXbH9ncowDEabcXgqoeevmFu3zh15b0xbCFM32++YQXSNoP9XyTN+SKQb+EsZaMQqwANrE4wjWW33jrUZHPXobYbRdWjABiJL5BydOjFpYdHZGPlsNK0Q3H2RUMi/ALi5onLS21Jfb0rQx8YQhEyYTGdAOq/LFGU+T9fjrr97lseHUuUw2M0Jexe8y3dYVzbr8bX2OfRgnV5tW+J+VnYCsSR/1o59ipJvDJ94a6ShovXVRdgroq/jhvYqSD8h3Nty2DrBoC11+PIlqWCLBKoJK9RC/6MzK8JN7sB6LabnOb0ilPwij0FFQH7+KaNz5je350EVTjXNb5kpHZJ+h5/herotwfGA==]]></Encrypt>
</xml>


2018-01-07 12:31:07 debug :
------------
String:
account-ticket<xml>
    <AppId><![CDATA[wx7f83e93205d2fd31]]></AppId>
    <Encrypt><![CDATA[Mc5vWHsfMyvjj9++/TuV6lhUzMkhRTusr5ajPY2ZHHWTlMtxmH2dLmXEvEH5nVa27zV/cBoWlSnbAgJ360qUbeYnyDZXQILpSHZLYgbeaFab98qvC1exXLxDYXBe6AeB7GT/GMkvgyd/f8fiBsnYdYbSSFb7pVr7XxLPd/fV8q9l9G+RelHY1NXnIRg6MXvic69rt2e7EKK/kpLS40dQ3KDc6nQyIIjNp5VtOclv/aPagRGv+h1qYV2FiSnoAbmf+MpdxY+FoEI4FplLLFM5ALm96gurNrVlenCQ67PcXXvVmjC5gMSrIdq3xKIVc47wEYHTXeTPdUuYLkz0k280jlPRlNmC0OjUtA9HJIu1vlpR3DITUaWr1SSeZf8Wb1NKlhABCf8OoAtNWLywLcLDygJ2IfA1GQLWOxB7BdGfU3IIVIWlHzlPejo9G7rbErw8kKll2I8Zo0JXBPiriLL4kQ==]]></Encrypt>
</xml>


2018-01-07 12:41:19 debug :
------------
String:
account-ticket<xml>
    <AppId><![CDATA[wx7f83e93205d2fd31]]></AppId>
    <Encrypt><![CDATA[FfJSCrX0d6cN6Pyx+9Zv7sMr6wlL0a0oDnLMtfHhSRRR7TXVo03lstT5emYISO3afFWVisZd70IS2kS2+X78OijzxIZC9/nCKsoi7ir+CxKE/24QHB3yUH7mgAGgvg3PerPakmsWf6z3Qnd8K8ocw2g0NbfQRGzGajErUqAVyNrLh1TXjB9CXrEYigZAnXWjzIuIzUKYsHnfvYb1BJlnrUxrqLs6vkgiCFlCtLOnCogCMFHPwQhSHu/6yk2j5POSlQL0HItgGzVcPopOx2xpAUbQ0t8xDmtc71Dg03FE6PBNAtrvHJ5sNEgxosLb+J/mIzXQz7bh/6pB1rzmqmRHZ/V/PmheEqaUm7b1Kfq72UEsI7aTPNWFZ8C9fp/jdrlneSRBf8NaXk+qTbOS81oCyh2/7w4eeYhxZrJakmgvFWZ671HCXxJdRIzUFwHeY0OF/ucEAc1fERtIAYqNNRp5lg==]]></Encrypt>
</xml>


2018-01-07 12:50:59 debug :
------------
String:
account-ticket<xml>
    <AppId><![CDATA[wx7f83e93205d2fd31]]></AppId>
    <Encrypt><![CDATA[VWFiUe+gC1fLCvAq1oW4q0PNw1QV8MaX4XjZkIh6fQ+mm2mVT8s8fFu8PJIsOqGvu5CW3EvKUzBP6FAHbOm29C/CJRGiE05psSeiFZFQsm6rY+hAMX6CW5UVrOTSr0VOKp8h8XBd/8lz9hevJeWZbATR2Rac1de2Cuhj2DH5Zp4ppXDjU30z7G4VH2qaTUXsji2vL1PhO8Pk2wkcYcaekQtJUF8WOmD2kdYF1VwbwGeNQNy9yaICqdS2p3xShk5maJ9rPAylyB+dnQcqW44j4PiANhPWpJ5Kj6+h4LL2iKtYY2aOZ2/Zs6/1FiZDQxuODNXShLXPTVrQl/dz2veMiQezAVhr11i+2YK9ngJRHioEbQyEgor7tq87+9WQGuG3uHrqas/7DYPRIgLILpSKupVa+vVu6okPnt+CNA9Kxt+c62o3lVhoJ/kCdO57P/8m2aU+tu6ekSBuSAKd+WUdgg==]]></Encrypt>
</xml>


2018-01-07 13:01:04 debug :
------------
String:
account-ticket<xml>
    <AppId><![CDATA[wx7f83e93205d2fd31]]></AppId>
    <Encrypt><![CDATA[TNKoM9LSaWPgFgdpIGCfd8aV2TGeqSkamPWH39ErJYg5cVaDUyZQ5eCkAtlhLLU33fTzS1vnc/LWbM013x5mP6iyLPRBmq0DVzYKcZCO7IUT6o0rHiksAT4UQX+4pYrQwB5ge0dO7ozwH6/QD88JbcgBDJcvNBlh8yyl/NvuorHCTKxF8n4+sAWTykUtSg6LiI/XxZpS2GSAgJ2E5Fmj/8Dse1TZrkkkSI2oWI/S+T+wd/fn8aNfPD3TnaqKAPcgzO0CM+H6Pgt+u/6p3eti/fnDVGBbaxPJTqc5hjRZr1wHcRrMruJC5jAR+0PAzAHkNObbe05xsy5dPWTZ3225Orf/bps4HaCi2xUJg9BtfloNVk2opg8NCjKO2x2ihsl9YwhIdzBZikr3folPjUscB46YepNYLor2ahKJFRTZ43scnyboJPwVLdrgyve9og5B+RaWIwzHZrPlDjlqJHeqgg==]]></Encrypt>
</xml>


2018-01-07 13:11:24 debug :
------------
String:
account-ticket<xml>
    <AppId><![CDATA[wx7f83e93205d2fd31]]></AppId>
    <Encrypt><![CDATA[ZnnoX4niNDeau3eYaFJiT1KRjC8jInjUdwusdFPS3xcFuErS8Q/6HBM7BAWazrmy5XwLMHfikaEXOOIlvEHK66ayASM8G+izEOZcw3m0NBbnnFPhnUdQRwfw8e3Z85fOMPGhgo9Ca+8SVz3lNODK9pUkyC6t+eryOWR/pmJ+BVQOUb1qREvMxt+fGWZv+C78+DTmM06t/RTvxLwJ5Asfc9jn/OSxhlcybus6e4TCmG29EvaBCCWJBXYYTcjJjIVrYKzWQkfSVEh8TZy7RGEXno8Qf+YC5JROf4upMVrwd7OOFTCw3yEmJcWbBqN5X4aIX7zF84liRqopt8myZehksSu/1RapiGnGU62It/TyjjsHIoXZFGXma2XVqCr5js/Riwh18paccbydDgkaZUNAxk2tVfIIgQ+G3xEsB5jWkvsV0y0QSsHuredD4wHaGCVmB3Z3gnt29ku52LJydgsjtg==]]></Encrypt>
</xml>


2018-01-07 13:20:59 debug :
------------
String:
account-ticket<xml>
    <AppId><![CDATA[wx7f83e93205d2fd31]]></AppId>
    <Encrypt><![CDATA[k1vG0znI3SU/d/y9n4tJIVrPfux9cJQGBZmpTHBX40eydzt25kbG93EOFdCVTWLbxHmFeWLDqHSva6NYy/ueQAdTarYdE5uFcM1DsgJ0zPCOZ/GgUsFQ0D++ntssWheCisBlNipLOtMJvZrEzwBi1HlgxBTRxyQOcvUEt2+s9l/rhV8GgocQCwNIVehl65E4yFOOxr3aIXyTiK+VoyQh0Uf7nRl9bJJcJv61bHOEzBaz7f6zoShzJVSkM7P+lby3fOme84sXwgNOa6+4zJaLJb0HfdFYvgBsuCp+6Se3hEzIdFx9LLr5Rhm4xkli0fnmYisALNGGWJKi630SeQn0RG4Lo2+NQnCj34DGCnYFFK0GWO/Dg7cQfuJFZgyaotn0cfpSuWNXM1lRSsZ9TWIzKAQOXImgk5ruXFAYzCAU5/l2DwvMh8dEOIC6ZcRP3Yrx4hegxENoh80emK6pPO9aZg==]]></Encrypt>
</xml>


2018-01-07 13:31:01 debug :
------------
String:
account-ticket<xml>
    <AppId><![CDATA[wx7f83e93205d2fd31]]></AppId>
    <Encrypt><![CDATA[Lua3c62yoKL61vkbnvXY0UYJGfSCQ8302WStx1jMmFTbKp6W9VdRVD8Eyg+e44s7MrKZFtjWft0yViZY+dH7qTb+43JIlJurNxdW5BRcmBGIWJJQ1riwuAVFImKTu1exjPK5r7QAMOA1VgrwRC2CPS5WrM8ZMxN6AZLwFVoUdJ2/oTtFl34RiaKVBrQiHrZMXsIdEwJky8LuZ3uEyQfXwa7i4clv782WcA9yyZIpmehR3f+8zEU82FyrmpZob+0eU1EVK3dlCfkTSsnSGykOjY0T/puwjhjxeyEa6O9a737YP+d81QYmxeEk6beJTtdL0xOdnfWkymdvUAmmiLv3xvehRBW6TmcyOtEkF6X7koGThJ/Gx0Yc+9oREGU9J6kmUB6FhkRkQb6MRE7OnmUak1Zvs5likzwTymV0/n09b1h0HrlhUuBX1pOOeYKji8eAHslCdchcXdb0Egj4TvHufQ==]]></Encrypt>
</xml>


2018-01-07 13:41:05 debug :
------------
String:
account-ticket<xml>
    <AppId><![CDATA[wx7f83e93205d2fd31]]></AppId>
    <Encrypt><![CDATA[1ZWkmD/mG7S73GS6qjZCYjeLpbhkVO0cJYcMYQJuhnXjQ+MInNf+YFj/guxFIb9wZ+x1eM/fBxS/SdLW/dGOfZNtNbUsu1ppKFjBfS4JGuaQV2561/glPxQ+cg7Tap9Rh3wZyb2T79vMTNXasFWbwHxFiVMZBv9L6L67ioN84mRDBfCq1zWo7h6g/1+viVV4EVrqgK0C5kuZj2u7NcsyOJwae7PLHFy2M/irUGcCwIcWtCVaAMrR1Mjw+n3i5OtdHPOj1kR+LqwCiaK3qWiNT78NendRIH7PFsC3VY/KLsmX7od+LfLsMIZPuFIVICTekt3t2MxBQf4cxoF+JMiGymIoDTeAaSBOm4ovMPCiK8IOSQ1y1qmpXiuoQr129JugcWq2FbzALf1gJYf1MmDacFUjARJWPVVMjrp2VKAy/tRdnHbD222hUMIXIwvzE3sviyzabz0juSvfTDhPF8MsUQ==]]></Encrypt>
</xml>


2018-01-07 13:51:02 debug :
------------
String:
account-ticket<xml>
    <AppId><![CDATA[wx7f83e93205d2fd31]]></AppId>
    <Encrypt><![CDATA[TP2zXOGTNvhE2thmbGK/FpCxw7BSaDvfoUlMPgP8Jg9kOhCpKci3CaPy6pfbbSDUe1IDjSl+TbEUuPAXTRpOkcw4VSqn0vZFFiHYwwTCUCvLhAuXZp50h/YyFbkHy2A+O2kMPXGKVb1VRkaCDTjmyVQCN4mJ4fizStmWQuQ0Uj02Rw2ppoyfU67HdQo7pLdgq5JpRBhZ2hLzZZUc7wBTiPOeLB01/HJBEc6liZDcNlHfO1Qap3w1jgWvgFkUGuZ7+My5RVObyyju4fC1+aCjlyCpt2RQr7KFYD8ggriSDy+9uk7yKpwKssYdv1uA9uHjm9O08hqtnlo8B40IRJpoXZKGyoqKVO3fjcShqkgO7oavSpl22QUCsMYnWVfR6Zko9mzfhqWt4fMdCV+Fhroz1f1WGlgOYJg5paBODX1UDFFDom82einUL9MO8oCiNYNpQ8faUlnaHyXVVmSlH7rZGg==]]></Encrypt>
</xml>


2018-01-07 13:59:07 debug :
------------
String:
account-ticket<xml>
    <AppId><![CDATA[wx7f83e93205d2fd31]]></AppId>
    <Encrypt><![CDATA[k9lnStyMxadhea1hH28+QDr4QEtKv+V0M7e0vEMcVmXggmuPfTfGE72ijK8HdFRDlXVvP29z6ZIlRkWaAXjq00GkWPcpAVtrLrh2bHkLykoyeVb3r2Dl/QEpQjIK/Di0davQMFDr/MoqO1w2VWGxF8x8qXh6PNsyCpWf9NJNQbDSfqql9WpLm2WQOShdHki/VgxY7mErPYApCM7um5dif3iGtLFSv39a3kCM5qIei/8dl5EdTy+OT1TWw43TPFwmRGmoacGnPc9aOEW7I+EDQTkjVg9Zq6Dk9Py6sWCAhZ1YOkGIY47b6VadBppNYJrvtTnlSERUywsKJZb9kgwns+7HAc5GciZRCVWbCWpB6RJ3r1SIjDoEp9IgXbx5C6QxjreTjtqluGUnK2aBDEDMn+c3hZzPw8u42fBYJOZyY6uCxp+EX5Lb/uu0cSoqwyQQwCn8b3tmXK5PE6t+37tUOg==]]></Encrypt>
</xml>


2018-01-07 14:09:37 debug :
------------
String:
account-ticket<xml>
    <AppId><![CDATA[wx7f83e93205d2fd31]]></AppId>
    <Encrypt><![CDATA[yFR0gsNQhZdcKhoGFgl7VBMnicffXwWMwb4ubYo4DTlp32cjmsmqr/WnHXkUqi/OpK8QFGpOQtyAmMp9/VhIHy6spuL6MJB+2tnCRhdteuwkp8SWSYyR6WKUd0LRTi/YTGGUlLAI/2bMCqTNJSOKRZuCmCpbVGNThBf96omaMfcDkGUWpsutAE1dGVIInnt17/eLp7S/g4tKl7k5V5gYVLEO7ctoiBFmFGd18fnmFdbcu5O9Vt+VfkX1QrMEIQvvlTRf6R9yrXibGcb/qOq81vEVYnVP6S+w8bPBdqtZviBAviRcLKX3S8XM3VxfXFB8ba2y5vIUyNck1ZjiJRD8z1SSAtHoOc8WS16Qn4xJDOc2aPszWAGy+krmaHl8egYFcW3lAC2VmEw6SNQ2swaazVpR+1sYVxR19E+GZbeXPdRsNDEPi2yZdl/OB+IUgh7nPs2AmESARpSMYdJGnk6mZw==]]></Encrypt>
</xml>


2018-01-07 14:19:08 debug :
------------
String:
account-ticket<xml>
    <AppId><![CDATA[wx7f83e93205d2fd31]]></AppId>
    <Encrypt><![CDATA[XMv4J4evDp/o+U+NwqyNABI2DroO1SlM+fBV6U1PAHx8cKEF4jbF+3qFIlcJVArHgjmhNZ/u7826pfZ/5Ue2Z2PBqm2X3C46CNbeSsQcb/hg70NMggAYD+O+hV5QjCxkOhjg3Z2EC9NNyOL7tVfOUHz8oqVEA7kMVNrR0itcC0ERW5KqLnGq6Z/4LIC+srPDP3KMagNvvk56m6OuHyCeGCjP/hkIqtDfTqklcQ5ySCdkM8o1xd1qTwCnUCuJKiVAlSll703rv/k0+7om2sZTa8DoTMjOdePbTcbQ3dYgsr/tVKME2Dq3OPEQ9MoZMjeJUGQ+OFvEICHAEdJyxXwDKiITBk7o1xAyXaRw8zZxL6svD3l7AHWKsV0LB5kTzjyMw8IH6aldzuwkbMFCGX2qA8sKULL1L8413nxDSga/dbCXmw7SNNtF2gOLT1B1YRIeh+wdsdUHgyNDb5OEcRs80w==]]></Encrypt>
</xml>


2018-01-07 14:29:00 debug :
------------
String:
account-ticket<xml>
    <AppId><![CDATA[wx7f83e93205d2fd31]]></AppId>
    <Encrypt><![CDATA[H0EoRop7wAJhdZwaVsSUyosdqGQlcyynLzgZE7CtrFg9k/oBgMFP3XOo7XOSud8n5Eii8VddIQTbDhI8K64IzKNik3PN7RSpxeww0j4XRkNmSnF3W5cw7iEHUfWLOOaJkWfNw33TpYrpgmwJpFn2A5/4UMrjrcLVV2E4hloi3XTlcfFAd+B2zJBrPPW004rPVgW1qWHaAIPYwI1ZSTfmg7TAAeGo6zj5uSMALOgIkb5B4nqG7nUbw0i/+wGsH+UQ8grZio6ptwQNQBZ6UWeqa7Go6koNb+yC4DZteAhmxtlrYYxBQBdRZ1aamV1VJeefqEXCfKvuS85FlzvAjLibo1e96QDOVw29/oaEkL+TZ/dJIQueP9a3CU+pqJSQj2VBonIqpYQVpeU/9epKxqQ2i1sWBXJzrj15VrqpZVAp+xAnQZ13psZSquHTzm43b/N2Hn5QkLfFJryaMJBjC9Gb9A==]]></Encrypt>
</xml>


2018-01-07 14:39:12 debug :
------------
String:
account-ticket<xml>
    <AppId><![CDATA[wx7f83e93205d2fd31]]></AppId>
    <Encrypt><![CDATA[n2nAW3VxsXRh6Mb0fAY3GvnKCMM8vZUAapKD6EjugEl01Sa601bTbRhYI276Smj2iUh9M+ut8NiyFhHiDS3U1fpuXv8erXHflMxZUDbi7vKpOEljUHmFYQvQXWr5jdhcFUWgPk/sdD0hNfxrVA6AgBIzOPf/SCtCcd4xCX5Y8Vsi8HHimPT95pV8wfbozZSn8ptDX0MEFESL0QjAakbt4tVqyKQ7ulyvSs4XRIfmW/tMPAomIlTFOCHNemqH6azlBsExu5K2mx3a1MXDGM7fWWqv5oM/ND/dRSXRC7ZI+F1VKG6g4zto4670kZRJoLJKzkBEO964z021WMNq9C8H7cTa7tzROTuYmUVFms/WX/81kv+HdqgDtCRSjmauEAuNK6lkPJD+ce0WGgOf37Xqugs3wVm1mEiOoOYVSU0NP28ghHRhPc06tmCg2wlsLIpEJMNH6mPjJh3ZIJi/XbyS/w==]]></Encrypt>
</xml>


2018-01-07 14:49:02 debug :
------------
String:
account-ticket<xml>
    <AppId><![CDATA[wx7f83e93205d2fd31]]></AppId>
    <Encrypt><![CDATA[6puEa9LGUsY9fAqEOn7TALvPEpTGnHTWFTSYsra7bKjpdR3ormpgIM2A1i8N3xMbbqFGnRMREQy9C9p+e26gRhnh1RnIeHrKmDGGA5iZbOSMOcuNmMvJlvmdd/Nr1suVhR7ysdM4WKZJ07uepPebnJIU1y8IDMqB2UdinxM6nAi0IhrH+FiYX5Yanzh21O09mmH+CdyS7PBf0Qla2mhGhxKJU5txfh6IKTADC4zz01XdlieCFSWByKcT1jNQL8UF4kuEMHyc6x1LVzQZEDSvoNLDEN+b3+mtdTdAXi5LiiiKRo36QtVZRxbG8zig5tD8oKF2a+pqaGRnB9pTpWA1EO8v6DLgNOrIEFzlD71y3LVOWjuTuQfnadNhjWnGBSxajRPZZowhuEImcZhN1fZUZ8dQ3uXycAixH8EkGX9L6kPIMrt9tQReo0Rzyv7+MRVbBj5pNLzOj3xpUxjUHx3ARg==]]></Encrypt>
</xml>


2018-01-07 14:58:58 debug :
------------
String:
account-ticket<xml>
    <AppId><![CDATA[wx7f83e93205d2fd31]]></AppId>
    <Encrypt><![CDATA[1ZqtM4Dj8hDFsUVQrJF9uZREI8CCNiNCQBSYt+l79VV7ZX7RyLrPO5UpQH7zDlOEq9Jgs/C7pZPxutG0WpTAbQeKHcP+s5zBHkAr2JTi+Fhb2yx8z+Dh33HJTFKm04wYoDc9VMMHUKIddQ2eyYArZJVD9AAnmQiM38fKm+HSwvwwg2QKP9CxExskGIA6kPnjJxLJ4sflXbid44Z7CJ1h49UYBHUmOBEwG49vhovX3eH1cTuO3eKPWFWP5dslRtrJqtxnB7NBnf6Rrg+l5rDXZoROXaOdo+76n6Kv1/Hb0HYHh4Mz+K9I91VWpV+I8RV37PMwJjtUINhnY/UgIZ1QOsDxsI8THTXiA2b868X8XRmHCqwCIU8qS9J6yL2UnFVZxaTQbYcU23PoY+ypiE9wwl6A6LSrMBQMvlOFsGxcaZ1FSMW4c/u+UKm4XtH4tnz52WN6zYMX7UVzR+3UTcAssA==]]></Encrypt>
</xml>


2018-01-07 15:09:28 debug :
------------
String:
account-ticket<xml>
    <AppId><![CDATA[wx7f83e93205d2fd31]]></AppId>
    <Encrypt><![CDATA[WP0gHUB6IjZDmAYHJR97pN0tRj58Hjk6N+URa2c/E0/2e567aENbdcKcJtaTnWUXMMZdOuZn0Sz8I7ryHlk2Dbr9OY4nL1rKluqAsPlHzg4iWMT9+3SX3IkZOio6tgk3OCiyHiifdY2sOqlwTJCrpwtjVAjaLwz79spQ1wmcXaO6yL/JrYnAn9QvTuWBuIGfd96W9DvebtMwIa/sbxK7D5aBFGIVxRCFR2QiNgbyeK9t2k1uCseWK3dJPRYBryQWRI/aN6XKGtwYJmUisZXjEfx+Uck1N2DMqeR4o5+SW5ew5KsHKtlJSwD8ItCL0uCluZRTCV+Ol4TMrDfVL0OAe+9yES7f+HF6setHGmntqyW3WpxcAYEPEUH0HC9msp+VBTTc+49RTXuAjUGz2IgcFp6xo4tNMk+h3ftjjtL/aOzaSJ+5rxL43SooSFE0iyCpZV07jiFWiDgAArB2GG8dMA==]]></Encrypt>
</xml>


2018-01-07 15:19:17 debug :
------------
String:
account-ticket<xml>
    <AppId><![CDATA[wx7f83e93205d2fd31]]></AppId>
    <Encrypt><![CDATA[Jj5/AZDVM5prcHbzm+CrL5w27gExImudx6OPvPKxOr0Str6ku0MATKPks6jzbIcpjKX6SKQ33afHbweb6utKfkPXNrO1u2ABHSg+s6IeFRKWEK3abUiP8eL487M84vwUFJpcOKvFj2TRLmuJLQTYtIg41lJ6/Xexg4+jLEWdFrze3477jwxkXQNtBWH0B+SlbYVARX5BEhRJH2pGgzpoiTRMTooqNxW8rQ1oCyPcp9LSX52pKcNthZvhDwEE6og3DuBnCnCmhMPl6FiJIIjx/Q532tl3IJPDgsfgXkzsLWOAwiFvIVqPG4l/SoGaRCXGFIFDFrVK/PRp2E1gFM66fwAYonvtjduPD7tfR109wc++c7JIaUAyyxs5CCK2JGtqHLbnbi7RbblmjFFof1UI9QUKlTcXpvA/gQTtY679cMHFM559Ixrg1+i5fJXAlaD/xaxiLhWx20HvR+kDYCKlLg==]]></Encrypt>
</xml>


2018-01-07 15:28:58 debug :
------------
String:
account-ticket<xml>
    <AppId><![CDATA[wx7f83e93205d2fd31]]></AppId>
    <Encrypt><![CDATA[ik9B8uqmLkxehFfCADH/JPvZD+U5Ji+DQm7lX5C/u+k4/Mw/Nz68z/aSJyV0ZxnLdlA+YeXKkZxF29tVuzvvXVV6OPyoftrRxij9gUptT0VhER20ZlmhFz9cmsq08UDDiuZGzIlWhySX8g4hZiYMasMMCXYwTGg0kbD2kp4PTmr803Kefwh7yv1TpOCCm1esAiDS9Btc4Qn3ibgc6QKQ+iJrxTROogoBEQOPvO0kiMzsb7SUgPAAkezjvmjt4VhNQGy67Ar3dpfAFvq9NOxNmtf7p9C/z5igh3gdPMpBgmUb4wN7uicaNaAIBBflom7l+7il4cdagSlw4bHc2onEYiyi97l42CL1F+BXgmieWMUIkUMdrZMi0daGrXRz6tUFgW2PUbycGDPaQiwsLgZtpXm1nIH2L9fbdWdvttRHLOJjy1fyG6RlX26TDGNPx+AxDiFNR3g+KuS2sOQRhHmZSA==]]></Encrypt>
</xml>


2018-01-07 15:39:07 debug :
------------
String:
account-ticket<xml>
    <AppId><![CDATA[wx7f83e93205d2fd31]]></AppId>
    <Encrypt><![CDATA[1W8+OlZRCC4uEG5OeKq4bY7gQuF1hH/CwShbrFVPid+nRZlLsQ6bvBOET4jelJ+v+0yjKWPk1fTFoM8wb5UrFLnbkv5SlABuY1tQpEhLtSyDqHsNlH2PEhOTITBZ7Oh74g7Qt+8paRo0hdDJ9U1Qreh8+fyLc8oY29TNaYhyOWBO19Ztb1S/3IzztSF0QszaKKhUOSJBXILdZTuZEgg07le5pElDo3dMYhmoioWdwwjGoZQxPsTe6iA9uEZiY31HQmJrukHibNtFfYpurTT3c/p0ElGmjdZ8kYzsjg4Nkp1ZQO6EAWMLstZ8B82VlyZgqFtfMn25yINoHkWwExLwsDnOL+OkiqpceWpNuJYdjc0t2KraMWDlDf/qz5F+rkBDGI/Q4ENSWFs0tsjFyXUxECVjrE+9C8/fMAgTCj9Fh4KEGGSr4PclHZRZeYFkppBuqmVzLM43jCHe2vLqSViUwg==]]></Encrypt>
</xml>


2018-01-07 15:49:02 debug :
------------
String:
account-ticket<xml>
    <AppId><![CDATA[wx7f83e93205d2fd31]]></AppId>
    <Encrypt><![CDATA[pNB0iCnBmPLs+FEEA9dh7pdM6vSMeMhcB+U4ysNe6n7/gzpTqqfvphbwHqnL5dfIFzXbqUym1MFb7tb8yUAazDrAzl+KmIVnwH+1taWzNW80tmvB+3Nx2AIAlk6gjpbxsL2GdsX+lK2IvZBR7K7ioi2Be8oPXXkdV7+j/Rw9pNlIt3pRLI6LR3nwEs/XczXiNlxu+R4pCiMG7hZ3gcNVliDJsmEdVgGeFQc1PjPPjKYqavu2J4VBAsixXQ4DDvt5fZjkRo0BVmrTVAJqJioLEleug6GcpHwPU56Gfsv2EpAP1F7/ljQ3wCc8HPygz5EHN0uSDeFP0KVGRmPr2o0/XPY6YR+lctD7xL4Httc3z/JaH/LnhJ5xnSS//M8XcD1HhNelqTTE/pMGiYZHRCg2s46UquVpE2gmAoKCcmG7oi9WX5m2zzzqaCzwt4Gre5ZG8BF+9HLCQGUBWK60NUCfbw==]]></Encrypt>
</xml>


2018-01-07 15:59:04 debug :
------------
String:
account-ticket<xml>
    <AppId><![CDATA[wx7f83e93205d2fd31]]></AppId>
    <Encrypt><![CDATA[9y4CtvhHpSmHD/C01dv2IGSwa6S8h0B/za7uItpOb0B+m+I2a+ggxTjg7/a4zMkwrD3Ua2K7qWwEa6Glypg74S6Eap5HbrJ6AIwny4uK20w0cnHBPBkyBB8n9y6SHV6x2ubuaCjvhqw5ulDFBFMGA+CwquTE8WMpLksXliAbtqHc64Yitb31e1kKS+Ue6l57rxS71Fo5d9c31osvPhpQkicR0EAhVpMxo7TrtJ/39djC+f4M1SpRDdgzy/RaBXWxKtqTnvz6y3bD4fMe1DMhMfYQhnSFkS3rvuFICT4lgo8EnXDitfhDup7YooFjqvmsh4ylXJ3N7QCJ3rWVMC3ipvA6O1jaGBb6H12CY5AQKozOKrdrQLGxOMQzvSl9HMTCiKQ+bztjPCBUMQKK/hBZR1JK1FQPZ+/Jp1B3whU7ZslKkkKCGhOFy/7EAMmMEEYLnhXJVQgSEQOhbu1gb4LsaA==]]></Encrypt>
</xml>


2018-01-07 16:09:23 debug :
------------
String:
account-ticket<xml>
    <AppId><![CDATA[wx7f83e93205d2fd31]]></AppId>
    <Encrypt><![CDATA[pxDB9//VxjanRwkrVKrUtJnj/mITnH5Js9hp4LEMQy9Z+CRzhHRMRe4pLjp74J9novzsv6ZxcGKOJZoM31AuPhH9RM0cKsFjnm2PCyNCA3sjd3yOqnsaL2imsYOGuZvNVa5fahq5irldh4/97JgVGzCBZzBx353JJ5Ubu+eV1/W7ogqIzVfJB9nDH4fRUhwxE18slQyduBhYlhLYU9Ln5djHchHj8XS8NgLEtLtd1RbuxNSEkzNOORnGxcsyb0Q7gBea9HegzUoxp8Dvc5IRkbl/2zmuiUlacLXSx2F2PQbsM/RcNcJxbEMKnEd5TWZXjd76I/DNtNihiRKGsYdnNYN12FHUz6uFnB+n6p3Dzs9AbBfAR55FDt2YJ+v3IaCliCJjthVmHg3S7kaw2UHLfxS65NqSG3q7OZXC7iG3MqzYhjmizfPcxZTrrESbUmqUu7NIm84Cn2tYltyscCc5Ng==]]></Encrypt>
</xml>


2018-01-07 16:19:09 debug :
------------
String:
account-ticket<xml>
    <AppId><![CDATA[wx7f83e93205d2fd31]]></AppId>
    <Encrypt><![CDATA[VPPKt4W6EzzSAkoZHr9Z7Nbd0ZCIhQLsgSzRcE+byAYzrAgZn56sCw9Q09l7LWsM4c2TZLsbSJ6qo0bsRSlUmdMZbDbQJU4A/JyJQICFh4AMAcsainBPlfoOAsnj8A5ZiG4ERd5o2BRjriKndgrx/xTEANPGFbq50cupugL37RTWchZtYMh0132KhKe84icCrgt8reVQ+mu80omJhdZmjhZrA24xM4fQJqo1fb7MX2ANxbx1wOQ5+NYSvgrNKMoEOoMN1jLJ+YcVetZxMw2RLY0bfHq5ZRJayFrY5WdMespBdpeKu5K5ueUU8ZE00lPWss3h0FZSclSaVaelxImm2LjivgfnK4I1GhOLk7dW7wuBwaXEcp7wFBjYp29whR3NBJxwNNnDAZMCW66KveP9N0JIwneZrn8cu3b1GUsUW9xuLBqQZ89wV/es+r73AaFf4Rq891ioQwUjiDaEgrSn2A==]]></Encrypt>
</xml>


2018-01-07 16:29:08 debug :
------------
String:
account-ticket<xml>
    <AppId><![CDATA[wx7f83e93205d2fd31]]></AppId>
    <Encrypt><![CDATA[ojpkGzrFR1m056xcwM0oY2Z5S9k/5ch01vFTaUfa1F09jgtoiwqIr+M1t4+4H3Ll8zUAYmUCvfaqkLKgHVugWT1d5hvKUAYgE4GTCs7O3gdVypBLWDV2aO+6vcfPV5EvQp1plq8XKZxJMdbOa2Ynz7tHcK9pzCwIuheEGR/8Xd+aT6XzwJZojjUQAuffoYzwFFyy2ELhX0XYeOvYFQ4qQxm/5wU56KyFquMQNDeu106EIMRQAdP4j5x4JgYZ5NirOfz3Cdt5aj6b1RXWTJ2wdiW7qjXbHkdPArHLiv/IrqZVn3Mdynl0cuog1e3QAWxlE78zsVvUhIGpMuiuUtEb+1LRp1lrLlsWiZJePZq54TAXdjfQpCr2QuCenLBa7p+4YyRKOFxN9YB51UkGyvU8UuQWEqhBtclxiBVkg4kElfpqbqj0BokSGfZudixANFkim/Jt7rqkjWlBsgKbVY1R/g==]]></Encrypt>
</xml>


2018-01-07 16:39:26 debug :
------------
String:
account-ticket<xml>
    <AppId><![CDATA[wx7f83e93205d2fd31]]></AppId>
    <Encrypt><![CDATA[+qYgD6G6RgLoEvx5N7hFbLfn04IEgly0C0IJHaH/BAZio8eQsoIaITUh0+uvVXB6fya4A6sqWgY3zWOMDajz2djIMiLFmderor69TuvfAtOrMA7tLdY5FVn5GC9kMB3pbq84juPMaDc82T55fU4Ms4g9LQZ/aGwKnH+L2MAaja1N0BimJc4+0h06S/8bvjGzlsZPPtZ4P/gtRbR2Tf+CXt8+KMU/2BbPW927QQQO4v9/JrwpJzfLgm9csb7qYQcnGZJ3pUgjLlTRVsT+HTJgT/3FrTH2mzSkNxLsgBROHnHEFeWsmw2RryHzl+QTev43aQxn+9Q9hkwOIH5Cb0OMEA7/kAwxUtJWnJGwfCpdsSSfXiSrzw1I6GJuyoHFQj1Ddl3lzyrMzp5zVeLNUoXAe3FVfGAe7tr2pRMXImIcSJDAWiAb3Cku1m4gJMt4WjME0980wOVVP3A9HR1FTaqw6Q==]]></Encrypt>
</xml>


2018-01-07 16:49:09 debug :
------------
String:
account-ticket<xml>
    <AppId><![CDATA[wx7f83e93205d2fd31]]></AppId>
    <Encrypt><![CDATA[v/Qu94AcKQ8GsdbZHS1+8S0w93ixkpNjIdEs6GksBbeRKzKbNuM6sD9Dao3C0L+z8VhZ63os1JehaJ4JxV0M1t4cvkaPdR7Pc2EM3i94hMbS6nrNhLcgkJOf+DjuDKjyyll6KTqxUMqIGqY96CZhQnUgELCatNldOpXrEelMyAG5gi4v0ljZkPc4oimnh8rTOFy7MRkv7NBCO17pVmDAYRTSlu5Z9dZxj17mwp2ungM58lyGv4Je1csbam+4iojWdtanJwh0892MQqe9Vu2abBBZ5EYkHtnnYgiSMwgIWT7/zMmshSXAXs158xYHIavwqp91wklxpCskxhTlXJnGxqWEf1e8uTTNt39mSJ0L0Lcm7s4fUIZfFIAakBiDmdyDvB4CzGKanPW/Dczh2Cf7ATn3Si4sTz6oRulXEWxRX3oFJ7Rr5dvp0/hUPUW82pK1eeoLJKjSEexMEIYnNgSwCA==]]></Encrypt>
</xml>


2018-01-07 16:59:13 debug :
------------
String:
account-ticket<xml>
    <AppId><![CDATA[wx7f83e93205d2fd31]]></AppId>
    <Encrypt><![CDATA[ry1nSDD0PdLBAmwlTVWdNtiG28j8nPoW/QeaAdzfVHd8YlTGwsh91MUZyyBB3/ePAwy/1t4fVLDNkqjwMkQpW/YBrJjFyq+bE63hTxh67mGj8YT5udKvnBeMdg8flLhG0ALoCmm4ebiM9o/4Qq8Bfr4u5Egw1poUA7cKbJSKhktVLqK9MOZkvsaz+Hb7r5iuNQngVCGGHtzML7ND0RZAH/cWV7zHjtZNqIae4INZd16Wlvz+eDf9640UWJ3KClEL7H5dkqEYYlxYDWJC5+KABmHIzUBvG2CYoUAeWL5DBQ3YpkeZyxmwLk7DTmDTvZsnWXoWESjLM2/LVKQO2YPrL7jA9Rn9WukJEe66wescx+n4Zr2UgwQbxDC/H6yc2oigQMBxdlsrA6F9QwrRseMr9fpNstz9gawg5jEoiD7l1knTPhl0sqCDsAzHISw/ctdFot+HMrLWHByahjmQxYI1Rw==]]></Encrypt>
</xml>


2018-01-07 17:09:31 debug :
------------
String:
account-ticket<xml>
    <AppId><![CDATA[wx7f83e93205d2fd31]]></AppId>
    <Encrypt><![CDATA[H+zyN2Wb+Prx9blC4d/rRoSx6Z6rnlpsoPKut5iJ69otEUa6w6ax4s1cD6Wfc0x3GBI2AbvE9BcoANuQ/DY66IoC6qbnvO1nyScTV0HO/1o7hiziRWttG4aUwvuVLwrBI5JmKasJ9giEaMBcq5PearDKadSWiAiXgd5hSBy4c++IsHmtJRf90ClthTZHXmvWogPIuBGnDfc2nAbB1fvQYevthWTc3kysWV09KNmuAsZ78LEKCB6weIk/CnaKYPqBlKOJqxpm6ZS9glq1wb1RSl7VAZcQwrxwwjLZQnnv5/TEmx+PU6zwLMVi6ICgOZ33b48d+5MPR6H1ApCCY965xBYB9x9EhlAkFyTy50a68qgS26pYHwysucWPnR+F6CLgHKbYkNorXEt7cu3xkHIGjtlnmtZMOWVpALz/1ykSn5MGtZmap6o3A2S60/oJsv5oL/CeLy82EhGnxBhY0iIsvA==]]></Encrypt>
</xml>


2018-01-07 17:19:09 debug :
------------
String:
account-ticket<xml>
    <AppId><![CDATA[wx7f83e93205d2fd31]]></AppId>
    <Encrypt><![CDATA[3lWwQo4nnHTbbqT2DajjRMoBF0TrFvOr0M8mevqJMOWe/dVXVZaVBUz45uwJbDrS0N+DGbPdTfUhsquz6+J5YURli7kJnRhynwgs4HpiVrvLTw0F9UM+TOrHV64aZVvzIr4dCnuDqY3HvuzXOjCEE3QWMTJvOdPJeYN73OP0kJp7QD4FRDZ/c0RhqQ3noLgf7T4Pp0POsOm6K+QtY3ALT+p8f+gKQN/kFxh5y4/1/lsFh1gN5J5wzVngn6ydP8o1b/iN7n2OkNgaRMabG5dckgAz1kBRqGV4K25313iWYcjs+kDfud6DYUGFHTDD5h18C7hOZSMPOTRP6/2RDzXMJ/5KtF2PHkpj4JIvbPp8zyJYsQCegoTvBb6/WqcFqGrbjRc9w9m7RRlYXqC39ChDzh9OepzwU5YzgtDc9sqerbzRxdhRmsfNyeHuE5QxIyfLw8inbIEj5PHdj2LlO8D3Kg==]]></Encrypt>
</xml>


2018-01-07 17:29:12 debug :
------------
String:
account-ticket<xml>
    <AppId><![CDATA[wx7f83e93205d2fd31]]></AppId>
    <Encrypt><![CDATA[XsS7UbZEPR1KGVZOaRjDpvrM46XD29jlR1Wg5hAnf81ThWgHNX/uZyOT0UcomtioLEeXugu54Hnfru9TSW0S9b6XAWSoly8NkQuk1bCrxHfNvzSzal1H/5femGuawHbAdIKv9l/Aq/jq/IRHfPo3F++cvd3eiWWYxtC5zJGkSouTy2a+vamSWZXqxL4k211fwdEl5x3VavTznp/RKrvAAHpi/Y/23weauom6BbCFNkfWg0iUgfxe/SVwWUOE4jMaUOMutttDa+hCJvwcgnWmi0Kq7BQ9PlBTjeYa7HWE2VsDT7x7OJF4KmJmYpFek0uE5lajqTc1vd7zla//6UEsikcoV6VuaQnCkZl1TReH4UB5gnwZqmA2/Z7ZZqaleXMllwNrGcS238ZgCw1y3G29mya5pe6RZyEU7cJiS0mXquAxQca+AuqPUSsjQihXN0ZyetwdWlplAxC+pHLW3oz0Qw==]]></Encrypt>
</xml>


2018-01-07 17:39:18 debug :
------------
String:
account-ticket<xml>
    <AppId><![CDATA[wx7f83e93205d2fd31]]></AppId>
    <Encrypt><![CDATA[+jhyFql1Bxq7Y/8OfRzuzh/FeFXqaIAvuE0v+jxjKewA4MgO8yPZiUzse6eG0RrhbDTCznuoovz62vEnzvO5cALkZ8Mg9BZaXiNqSGNzYF899NEmliOyx+GGEe7TCHyqPvkC94fI9Nq1li9TKF6l3U9Re3Qvyx0U/N7UHaHRfyVUI6rkP/1kpAwfi4bVaHd2BlFn/RRgWqPPSqcS2oYKxWM988Z/5+155f5lLaFx6rB2uL/cJVlC7Wdv6ldpRqYDbWw9lRv9uUZR01K612gP1X1e/yVD5t0po1QWeD0WjrPNgezlrbxaL5eU5lUelX1AuL4P8w19DFFeFUEhwxeAfCgFz2+PT7cR6F9lXPM2bxYk4uh4Swhd0EH/IH2DHtVG0gPK067DBPzYkaUPbxNA7ARxoFLsfeZ+e8iY+qdHpzmhrGHEzGkGu2t5TGY6Lq5i+M5z9vOXqrEhdlBULYTs/Q==]]></Encrypt>
</xml>


2018-01-07 17:49:10 debug :
------------
String:
account-ticket<xml>
    <AppId><![CDATA[wx7f83e93205d2fd31]]></AppId>
    <Encrypt><![CDATA[41F7nzV2twSq5Bv/IKKMgNju8ul0errz4ySBsv6h157jU5gkB9N8y+wTYKRBRDo/egVFh0Ip+0YPeIwGn1cG0QK7bAvjdBBbdBe1SwJ1G9B9XtZkeQGxKzaFZogh/N07kIHVJaYKH7CG68F2OdeoX3i1OibxzlQc/N6DVEDVJm/ia5uEfnRFzgLAdlnJ7XWw03VFyX5xPxJVApL/Eux4tNFzMy9U+Zp6D1iRsyqvMOlG3r84pfUJeUp3MuIX53QPSYzTLIr5xzVjIAV4xDLZFdb3HvM66l541sR3WdO0T4IFjhSzVuhJ9OUrswm6McXwfVSpoJf7JDi/UP8B0Ft/5iyddl/tGceVzk8YOoWMFIo3UfpW5CDW1bYhZ37ml3FDkPMyLcdUa72IuV3YJ+y6GHZaMFeAIe/TUHkvQpm1PoZQ7YLoV3it7uNbQ/T1xls0I0FDCn0qaI98KEQ0ko9A1w==]]></Encrypt>
</xml>


2018-01-07 17:59:06 debug :
------------
String:
account-ticket<xml>
    <AppId><![CDATA[wx7f83e93205d2fd31]]></AppId>
    <Encrypt><![CDATA[rik41DuGXHH8PT7NYRiOxhGjDbHY7TJGVkaanwoBP6aybWhApwD0qVKEQpGowYmSwAYWdJjaW0TdvPhMARn5uXFtxenFfDnaTFBhJKOL9GTI6/qfFKlIxt1v2rzFhtgCWWm4FzqiNwU+lAneGWXR1lva0+WL0aWc/DoKqxmGfhgqtiQm7e+4l7hVfFCwWI8J4Ho0wskCKlW/olVUYJPEvfnf0869XqXwetSlZNPRAlFTPLqI1olKpOw2odjm9Zeprv3aWjrOpn3FKUOhXlyRDKpxFwCbxykK/K1DRIOCxvBLiWF2VwtcnqboSRABp1XlhTcBQI23uBCjydRJCMOuutTOBdloSFjkX5AdgyEYLZafjf+LVL+w0EwTxs5AECqO2Rx/y2SbRPt72BCwKVPWcIhH/QiqcvL/nf28xIH2VHTIYmfGJYHjR61JDi/yJo2OnlyfYJM7uVsWjQzAY5zfzg==]]></Encrypt>
</xml>


2018-01-07 18:10:13 debug :
------------
String:
account-ticket<xml>
    <AppId><![CDATA[wx7f83e93205d2fd31]]></AppId>
    <Encrypt><![CDATA[jMQQmPpI1IjUCMWHvig1fsMc5P+uoPOmfSnGw4Z3z7f9vp5QEgOzyGc1ov7xZlJwExCpe4kWjDIDysSPk0kLGDNM+VsQnou8Si5GnNBoNAjLYWfO9DJcKG7FW8RprdPKSE1tGRnvrECaDLtIkFGHzdc1C4+hr2pK7to8n04BiXoTja37dH60hHJ+JFbaNLVGwOff2ZWs0pEcRJXQoEyrVO69MirayTvbAotTChzNa8aGCTjI6/se9D1gKaUMatLsGcYJwAOdYJ4mbA4bhxOHfNfnYTTWzB5vGaTxk3KYewd53hSQ3nplZZKoqjUsXDjk5mqwVFZghzbtL6fCh95N+XwSdaYeilrgr7i/rR3/N2Jzv0WcI5Uw3q6tDzmFsWCtmdCExPexhiM2rD38O1r3NhazbW5VthcABRPQ8tTL2jfBu2BMdQbqXJAhyIq/HTH5VYHyu9GwOA61dQaPj2PE0w==]]></Encrypt>
</xml>


2018-01-07 18:20:59 debug :
------------
String:
account-ticket<xml>
    <AppId><![CDATA[wx7f83e93205d2fd31]]></AppId>
    <Encrypt><![CDATA[798/iinDbmCr7TPKuYg753pVCvJa+7kQ0+ghrb2iEnPgTyr/R6cqRMbi34cBQJ9T6vENeT3FgYrOZKKtHZOLj7XVqhIaYcAcymIXzBp6Dy9HSl9OhOQgQki8iT8qzeMreiaYFQi7K3LRSVIAgz6PYo3OKq93FL6Jq2MIMF1Lni+5saZFLRa6B6cJHIZq33WBPdO4VNGK5QR+zfo8rBsmGq9KRaif6b5rqAV7Z2Ed90zmz+bZChtONTMIYBAaqv6KnRD1TiGT0pq/HCAV3GbaqIqFM/K6VJI58TqrB9ErjAo5IQxk9mVZqR8/+i95ITXwkPNgCQQURKUgqDdvF1ggyDXDVXna7pRtV/hEWtd85bm+bozHCpNfuvsAyyz2p/LBhnZ9ZApvbQhjY9MDTDX2aONiOuuXRZkYoBzzhHxYPZtUbLAkLPxrzEP6LoCklnJQtZGHuMZYuwISjsWDs/i0sA==]]></Encrypt>
</xml>


2018-01-07 18:29:05 debug :
------------
String:
account-ticket<xml>
    <AppId><![CDATA[wx7f83e93205d2fd31]]></AppId>
    <Encrypt><![CDATA[EFdP66k3QISOWly2urMF765nBQMhTzNz3OFFQ4QVrzQYwYNNp2RJpZ5fmpIBX+ayGDGXakJDRvx8hELQ6HPthuUe6bBLSQqfVNdA8qazWDAiJKGp3KrEZimUEp+Tp/AKAW/hQjIbeXZBEOXPiZOAW84Kwavi5XMXc5yzXsbbRjjDM4VGsQ3UjgOVktKM/yFSg9uB2xOx1urVrzD9qKZOBVMtA/ILKPooz+ptBX30PmgpLzNcfN7PEQ34EZg8HkeRCV6UeT5jyUjZODUjEbQ2uiFsByqXMwJD99dkSZST0Q0ZUUqKuRt5+gZMj3AfZ5xikpqpGKCQqyIiPsKw4ewDvpMfa8z2+f+0J/rMc1hmNhw8rJ09amNOZoYFgkYJ1ACgvt4PQFgma4KtnYFEPIg/AskJ445VNRU5XUNLXrxiNpqldIPOmJXasuWl+BYHjUUQExnplkVOTc3LTyhCQ+63Hg==]]></Encrypt>
</xml>


2018-01-07 18:39:26 debug :
------------
String:
account-ticket<xml>
    <AppId><![CDATA[wx7f83e93205d2fd31]]></AppId>
    <Encrypt><![CDATA[rYdrvI6bqSLjxMdsw8kLxN+6YUgc2+8VFcGUR3MymBuXUukT6TCvB38HJ+ye4gLfTxQ1+A2cXFNta1dMEUttaBwvJJdUH2D5FDG4KE61GlRf9WWid5G+B7b+LKjz6tj8iSeAYYmtY2etxDwKoM1S9pqTzz1lEC6iJMBF9QUlGdlokzk1yEuClz81MTlK749xvSEYvMoC8cUHZVTPk7Kn9ntbbzFejjm39lyFcTA7jIaYVdVowgm7oBgug57T+Vv7uuAf3hi224JEq4Ut4f3bNfUaSwxbpvMDBTj5WOwIE/36RFQLGAZV8Y38iz6eZ+oF870+Roa3q6Ft/TARTzrrCrkHx+2Own01o133J5GhYvUZqBQzsLSAXuwIomJbmp6bYBNfP1MAOOekVxgKx4ExClekcVCyFIn6pWDhrCngcoBil7xZZH+ixazzoAsjIuf4y+XUXAvPmg6EqXg9yVsONQ==]]></Encrypt>
</xml>


2018-01-07 18:49:07 debug :
------------
String:
account-ticket<xml>
    <AppId><![CDATA[wx7f83e93205d2fd31]]></AppId>
    <Encrypt><![CDATA[n0psLqU0QDjk8OJX3FfZabxnv4zbDxmrXNDzMlqLdYsuVkp70JojyFQTYj4lNLud10Jevry+atJfOhyJAjJDYw+9IkiG0jT1l1SkGMwPTefXdcKPqsuhN8lw8nOsdy7zGr+75T/cYqYY+0EvhAeB8izHGy71mABOkd8NMdL03akP9boGv/Xk3OaLOSeDd8O9qHKG0OXmiiFoLD1Vc0q6Hv/EH3Inn21l2dtumoNSgqeJa+XdqnMXX92HBCQuHmX5Ee2HlZiPC3ehEiVBGvmbziRJ6NwHBYN19mqczkWyAiarEjFGhqOHlRR8MJBikyAkfhDIRDSwUxSSTGZnTF2A/JuJbWsvNw+yZIjXqowE1T8c8tzz3kdjGfL8N+I/IAfgKfoWNxWLr/70Ky67FXGRwjZLWr7uLOUI2d1pAlPU6b54NIMQZBiHTLFjxDFbiULe0+daIiK5m4sPdQvODWFwuQ==]]></Encrypt>
</xml>


2018-01-07 18:59:13 debug :
------------
String:
account-ticket<xml>
    <AppId><![CDATA[wx7f83e93205d2fd31]]></AppId>
    <Encrypt><![CDATA[SbM1jPjJts4BmZwUv1YxV+oGN6mjNwZE+7byxhWOkfhVNWEthOPE6rIjmBqAfakGn2EsmmItzJrUTo1s2gs4b0DUOHcjKFEEB0UYIpjClZT8s1bjnjL8XMgWQPnzIam8u6/mVM0XjqEuMGU96Mi1/TBP22iVYV8149KpbRtti8YcV2zntCxFunUtY6EHLizZjFUNkRKN4G8N5ARyMf7uaco1vGVis3s3kPYi6g5uC6sEj2ewjZw37CIq5M0IS88VoYwQjx6bZ+6RD74nzKFbjX3fLroK3Dotxwg2c7Kokm+yF5Ip+S/Bo8/704DJS65zIYVEdmVDH8+7jhLkoQYEinZQMLmfl5Hevty6s3RhLNiDPTSc4qvzLp3Bicvnc+gTgjwroOp1cTakSOHVJJ13S1aDd9d4OJiOKCVjWQK+94mtgeSMhuNsk77dYXjBM/KdFAW2pIsgilKnjQ8EnZ+18A==]]></Encrypt>
</xml>


2018-01-07 19:09:43 debug :
------------
String:
account-ticket<xml>
    <AppId><![CDATA[wx7f83e93205d2fd31]]></AppId>
    <Encrypt><![CDATA[EYmECcg3s4XT2IHnRIC9i68tk3zcNYgjrZnnsLVrPXOqZPKUvZMlnYf+VzJp3stwJJ7XuukAvOz/FgNGrRsOMx/JybwyBjn69pP+ybjoQq/1HOwrz8viNs03qI2Yf9FqxU9peujwq3ohh9rCfGOrUf57niRf4RpGea5HQ99ivXy5HtDNvFanJEjjdirVmfr9MxuUFAbPsHMxk4oMYRp9dkuUPl7O4w1Tuo0797rPzHqvTb/Wb2pFuikjZK+wv+EGw0bxao2FTXzUSXy7ADufoeU+lV3oDgdR2HfY2Sdb0nE1Zr9bmUargMITxXt8B3DsmgveZQzkqZHHXvHdzdTd/meLEwN308lTN2mMFBhFqFiFypYCgoiboKZXyLqpqgd38UGa19/tv+nS2+ZR01AR48fsofMwGfL6CQJwjIw0cI2ysfGv6oCYNOKfI+c+Q3rz3euUc/jZZIedqUyMf0fagg==]]></Encrypt>
</xml>


2018-01-07 19:19:24 debug :
------------
String:
account-ticket<xml>
    <AppId><![CDATA[wx7f83e93205d2fd31]]></AppId>
    <Encrypt><![CDATA[MiMiMhWRYsKRcZmPoGAEDO9UYcd//mYypBIccLRLbB+KZFOuRJooGbvRR2342ldktPjaSFDG95Dj/Y/1VbO7vw5xg+0wjsxUoQiodBMFPGzQ6/JQB2DBQrT1p9kIljVBip8uOTteLTTKSHnkbRssKBgMHRaqd3YUEpKWPASQ/GKINwRue7mmvI2tBfhTNuXeuQ9h0R1kZfeUkxIg+r9pCY3UT9qCpADbX6RGxL1lxJhAeHAe+JpiWoe7ifQcG5RrBZDN8O+Pd+/qOv3c2RdbQicTimLu08Im6dk0qxkYuMspo/A1WIrVON+mwCe0a7AT6JoZJJ0tG1H57HNnJnW0bVa4ieQCaWDfODCjMaz1L+KWOu1eDanKZq2P0fuedkKWeUPxaOkD/CJUNwcMlGOF28C96NRz2qUj3FLqB4c+F/xpPX7B99u+DpOn5bbPqGm6c/HCV7yxjlCmrt+wYuIq/Q==]]></Encrypt>
</xml>


2018-01-07 19:29:10 debug :
------------
String:
account-ticket<xml>
    <AppId><![CDATA[wx7f83e93205d2fd31]]></AppId>
    <Encrypt><![CDATA[rIgt5zfh++1AEnu+0x5sOV4mjrq3sNrtBkObfhjd0Xj8OW3/BWIemSVS76z2tTQs/Q87fi9Mzi78BRJA6Vcj/ARFx0H64PsooGxn7WuscG05HnVbKjV1rVdgQmOsrWQLqfMwP4LHqjP8I1nvlGEbfcJ3WXCF5nACrl3IZRocc8nG6xXdPxr9x6GxeO8vazKgKyPcaVUBSxLedm+jpKCNAs7AxwgKW429mDXb0BB66BMepPGIe4tWa7yi20KdWif7fS0C5wLgrTQ/nTuKMo8iDfHRpco4jV4zfGB+6Pct4M9/43QhsS4+bZaKa0eUBOK5MV8wxnkUn1SZbfsZJtYN/1JqleBJPzxWXeoU6Afh4fGejvmuUp9b+vqgLoy9uWkQYqMYvSCm303lgFxwgkeddqOgpS3z2uOdmz23b95eooHGlpWiO3u9Y0j53W+fqngFZaE5+XdNWHURStdAn2d7hg==]]></Encrypt>
</xml>


2018-01-07 19:39:36 debug :
------------
String:
account-ticket<xml>
    <AppId><![CDATA[wx7f83e93205d2fd31]]></AppId>
    <Encrypt><![CDATA[xTtMdVRJcWgDLV77Uz8hPeGkC7dANfM8KWpTKnwbVUk4I35V4pkGEBqXtI+JZNyt34Cm2AGzxg1ecBhrkIZj/D2j8doSd8MxE1Ebf7jFqokYbkiONqAGMkKbMBzIbnvpOhadTBfZLNUotSyCzxOHUhRmbLMwlAA+vlBkmGXKbwUCeOSt7KsaqKVkPna/+xpNUF0Nt/xqFIgbvuQg7vcT7e9fokTT91GDRZxhmW9GAN8qwMAOOW91v6AldAs2LmHcaAKnhBFPFl8Y+SG2CLk5HzYIsB9GPx3Sidx+xxQ+LtYjCqXJkwOaG4QTfiuL6gHkcn7VvN2q/sGOa3on2UeTTcSHhGuTSucRSO+MfxHm6Cmx5nf7eWifJBI9e6QrhjroIEEfdhMw7LrlQbZyjG3hLZxtfFyo1CdHYpujdTn6lLMlmIhMrFh0x3yOjGFXLpnIS0iwUOhiNT7P1MLqwetbnQ==]]></Encrypt>
</xml>


2018-01-07 19:49:31 debug :
------------
String:
account-ticket<xml>
    <AppId><![CDATA[wx7f83e93205d2fd31]]></AppId>
    <Encrypt><![CDATA[xPjCCGjOI8FmaI0pxNAqCJlXusj2h7S67oI1/c270QyzT801jUVe/2aK+GnDFc/hKIwJtUXSFvXf6aT4ab1faP/aVPvOMzQufUq918zjaIk9J8c9l/LwiYYTVOYpGmPPHjLPNEqTyZIgVkrutJIuAFzkkeSJpajMyCK0GzSyJn4pzGYy6Na7HoQCT7hXNAeXu/4YliQ33zb6Eja+LdFe9UPVxEASk1Eh+JfgI2Fqpc7c4SmaGHGmd8MwKfsABhpSj4K8b5817eKHEznUr4K9M5j/T42H8iKVI283iyABVPXY1LE4AD7H1jkQjJm1SfOT0FgG9Eh04bFlp2R28PpRWUDHRxDGZztg1pbxZPVbubIVupL3bBIIyv53hhFtOdCJymCPM4yN91YF7gmyx4xYr7wH1OOGmIcOlOcXKEu4ZFxTL6pIxJunEHZGz7ZB0AexPDVNO+04AHtw+VSRGvFsuw==]]></Encrypt>
</xml>


2018-01-07 19:59:30 debug :
------------
String:
account-ticket<xml>
    <AppId><![CDATA[wx7f83e93205d2fd31]]></AppId>
    <Encrypt><![CDATA[WYmznnJZGo9J4RyFYCmnkKcxUFIR9DAPwf+On75jZjvMQgC0ikSNM6T0A/3DvZfL0cPtukTuHaLNWcvpR42aaab7pKs17VymLywoz+NlA/24ETUXcb9bFxXzSEP0WwzX2IPG2TJuJBT46UcOOF4UNLjhIySGDtYFMraPb/6EPqTXXMokQd4pvLB1cCbwYPlDqO0tuJx2Elm+I3wO8JO7szufLFQwEb8M6ezeB1X9mE0ZhEPNSqs0Q5G2PFHxWKpYi7NOvfHqrwMDjkWLmyFgtNhiWOsVVonoFCL9xujXDabKvYO2MD4GFMu03g/QurvUDK0dCxdf8twMnz/K4JnMferj9Y2FdnwNBUXspSph3xrwGNzqy5Ogj1FmaUjyI6e06sCxY8BSKt/Y2BIVusQiv6x/yf3vrjKwzFo/Cr5Aw17GJoxq/dkMkMxVmy4vMQ6uPjRyWZBBYHUrZfaegfjlPw==]]></Encrypt>
</xml>


2018-01-07 20:09:54 debug :
------------
String:
account-ticket<xml>
    <AppId><![CDATA[wx7f83e93205d2fd31]]></AppId>
    <Encrypt><![CDATA[iBo/2UG9BdanDOuD0tUcPj4KXbmbsZEhex/KXKKtKGrqjsqQRbcCpxYL+WY1jFvOZgEz1O8qMktASqGzRtlRubjnlzZ/jlT696h/QzEf56NTpESVpJI8a34fxJABwnhswndMfILQspZlSQWiXVu6/cItS89R3MxCBfj5UNev+gj9UHlNtpINKF2RJuh3fDGSJY/em8RkIJzVpn7LGn4b4wQzM2VczDLft4rcQE1eOp4RpcuL9nQd5ovYnouDGKTp7n1xwIDHbNy1rC1H1L4JfpxFCf+LAU6cK22lLJZ/tX4LkLaL5yQrLJeqHSPAyjwFvymUtirUzrTlR2biwluRFxbQd8fQIdGNs+WB/2JmNOILoLXabg6KXnR6y7Sb2skpjzeD8mKocs0iSc59IwASgx18DkVZllNlN9v9vBlFdjeiz6p1YenKc16aE6ZYzIrjATd86gzDCEmDlfct2fGTfw==]]></Encrypt>
</xml>


2018-01-07 20:21:15 debug :
------------
String:
account-ticket<xml>
    <AppId><![CDATA[wx7f83e93205d2fd31]]></AppId>
    <Encrypt><![CDATA[XFiAN3fLAbQSnZs+Z4jeFdm/vSJTxhMKe/gMAXIuLcadRY9mJmLyxt4OUuBSU4lNZLSb6s4TkjmmomIIM+4zO6H+1VvuM9zdipfITit3zsKv/niklFvuGUHUNOnJV0F1QMHZkNADJJF5UYXaIYxjg2QOmmcQjMWNrODzZKuc4YS8zjqz/sefkqU0YtiZhhrdT8tJGC7fqVMEj1HmfTaJeTwUO8Fi0/2uHyDr2h/lVAX7IZocG91bCP3Ce+2VfCyC0OtM1T38InK0CdF1yQ14IxS6JhhSbwId66TAFb+BriMlXXw8T2985/+xNfC/jfP6zdAp9Q2zUG38b3l9nEGtFRz19evGvvjjXcYrCh9MwtP7KiO/UNHFqhPr0fWbnvcjyDABhDDYT88DL1TbggQ331c8GNI86NnGFA6EpdHNM3fDGoRcsdp+AY1tc0xYERZzH0XyOTPIoZvFKtlccw9YvA==]]></Encrypt>
</xml>


2018-01-07 20:29:19 debug :
------------
String:
account-ticket<xml>
    <AppId><![CDATA[wx7f83e93205d2fd31]]></AppId>
    <Encrypt><![CDATA[Hgy+FTlDIn92ikxPAZJEHstof8Jn8VRkQgjU2nqvHAeqk/5zHhE5gp3ILAaJsbjJqddOxsVMdqhhzXXoJOOC+eR2szoFAw+TduWJckSBHdO+hZ26mumJ9y049xXPPSWdotOBmICyqfhYp8BrwucRBLAZYCDK3mC1+3agdVHr4Nek0h3TSdm6X3K05VOkIv0yd/bdy5IQSSjCx/gfA0/CQ8LG8dWl40VsGfQCK97kBHKJwEEZk3+dPYqiaVIraM1cf0smqsAS3+HTMwNECkVEic0VnVVSTU+K2v4o4cJMrR+VEpnsWCuSVNRu9TzBPxVaPOjzwPxnto4skYtumiUFEg6DNdQrDcRKxobO8yZtafa0q4Q5fPDvLZ4k5SnAp5tXU4BADTrSRmKOIHBU0DcETe8BgxdBHXNd2ZeC6tGoJwiBf4p9hjLxh8OQX0+XLzqErDP15ZvVEGvK2Q5bme4cxw==]]></Encrypt>
</xml>


2018-01-07 20:39:30 debug :
------------
String:
account-ticket<xml>
    <AppId><![CDATA[wx7f83e93205d2fd31]]></AppId>
    <Encrypt><![CDATA[1R2h+ILcx74StBxD3C+ri7C6ygPDMYRAMAE2rhXdKrj/Xphf7NjwQu2zTAZXNA3r3aGwsV2nOmTxJ67dxt5RK1IUEv7R5I97Jwb6SUAAJ3aMuTzGCuRVUBQBSvGdNAUEW8zmGwGdwDXmXNbuD1rUhB/IEtJ7HUw3pVqNecljRcCZMR+Ml1q2+nmMXFXruHQyKt23E9DbF1T2YZ/9VfQlE5ifCVfP+iz9awM1E7N1H2GKHOxXxwe3Np4XG3mGtFVFzmClWmpoQ98dYy3Y5K+09+vAxMl7eioHv7YA5ZLDB9F9V0pa5uhD0kEJMUbUmfH1QcJUsBrVpCHd+8kF8W7oronrodNV6NDMqmrH2AuOgG422PyiQFr1KEZvcz6ml9x3tAg8oXBNdo1VUNngBrFZcOFO12GmtXrvo4IxDhpNa9aYpZK0qJjeKAdoWUOHe28abnZ5GlqVNMz/KhEEEvQQxw==]]></Encrypt>
</xml>


2018-01-07 20:49:21 debug :
------------
String:
account-ticket<xml>
    <AppId><![CDATA[wx7f83e93205d2fd31]]></AppId>
    <Encrypt><![CDATA[GtAr3N3YMnLgqA02yuH8E7opqWiObLAgZ0LXeHM152vyZ7xnHMIsL2gKnGJ2tsGrv52U1/StZBwxmaswKaHdKOutnqw8JDuyekemaTDGg2c5OAmwSpdRr3ozDWxWAlOX0IRXkpKsAWiYkVR0r5zrZhggAF2nfynYor6pOdcKOhkxMgluBEkOp1ibBGR+4JXcOu3Kq0KlLmkSpMdqFnz4/+8AB+VSHoZMQbZWC3yC3evlp0WGtu2O6hCydzyNtFMxhxasSy2hbUFFzAWBEOp9jy9krM8+r6cW0bJC/BVt0Xk9k8vvGgF7a+p1ODyUnfLgDQ4Kmzg0UZ6nR6BJ2vXzGTSsPiGf7IhIFG1xC1OBujD+hu5Pu205tG8Fff9KHHjwFmoMQxBk5jxCW/SpaD8JKrsb77XCiyd1ZyXJPPnVckhRgQwYgyzBm0yyKbey39Osl1GqzCOQOmIVQfJLM5qOkQ==]]></Encrypt>
</xml>


2018-01-07 20:59:12 debug :
------------
String:
account-ticket<xml>
    <AppId><![CDATA[wx7f83e93205d2fd31]]></AppId>
    <Encrypt><![CDATA[/rPtghDIwW54E4VSnGxiw51oJV0ckvPQ+Zl9eBgalu2Kmr9joUV7KQfIN6PiKtjgwbAnFfXqis3PngAoP34N8yW5TyD1wWw0ZpLISJP1k0vx2+etc8q/DV1M8Em6E2diQP+0d/TiLn0zc86UMvuHPN+JkEA55KlUqgta7OQgvp8B77MRbq/w/v25E7Fbn0lWZ45cdzZYn6OoMEZSg1A+wCAZUX/Dh221E+7Hq+QPuW2gAp8X7zS2FNsLejP+PlhGi5DR9/vxZ6GjXUlSKy2YPePUspmI0UFFJ97VBbDDkmhXtSBrTab4MUNvcEAZ7Fh/qXRtLdcMYlrzLZEvqk7EXCVrpPlpqSwdvLsew3hTtuNkdnNL7KodRrac9xdttow0tK7pMxWCCD5Pj1k0qSWOvbnU5bHlQb5HzdZ+UZsi/TKno62KScCsfvWVSukiYChQC5jQnT7myyMN+5UlAxLXhw==]]></Encrypt>
</xml>


2018-01-07 21:09:57 debug :
------------
String:
account-ticket<xml>
    <AppId><![CDATA[wx7f83e93205d2fd31]]></AppId>
    <Encrypt><![CDATA[41JJ7OLfp4LCMvxGA/JZPFG9qXP+/oo8I32c0dBreaM+nwNjHIlY1+/7ZCPD3l9c0HVhG1iYwcvWHBR5HYoJkpayQ1ixuFHh+d0P93/zsoGJSKBcgm6cPTb1XmBJ4bJJUyxhH1MWbVqPtFFHIKL+A6sj0q0exUZt2/b4FYSX7GrQTi8HOn+7AszITsEHs0u6RDnV5aYKvdOKjxfkJ8v3LnYV9kAwkIu6L6xCwqobSrkuxG40H5R0Wd/SlsmsodQo6Iy9O1AlIqIS+M658eYVxu5sxkYLuGQN4HoC5p8DqIpGKQFaV6VfV+1bmX/kqC4EDggCvjY+vc2Rg3U5D3TPBi+OiMx+QciGvg2MIS2oe25YDQbr6STHwO2z8bVx/4NNwkKRq4f9J2YU8OhGBZPSJT/4sgRy3QcCt46LZRNSYUCyhWIOEWLRP63exgEAqgOqz7KMYStM/Fkh8jjN7i4XeQ==]]></Encrypt>
</xml>


2018-01-07 21:21:18 debug :
------------
String:
account-ticket<xml>
    <AppId><![CDATA[wx7f83e93205d2fd31]]></AppId>
    <Encrypt><![CDATA[X5zO9+CszzO1jcu2O8Q0eWY96RqQkF8AYyoVnUpV/mVEPMrigFswNW07P9w6BhPkC6PZ1LN98e0ILgpeMFY9N83qcrWOKLjlQV9nX1udtruXh25ERbehWkGHb2v1t6bPAMVHljO/ovPBovjXbuMw7UDRW3CYt51JKRo22655ucT8DLDJFkTZP2BLLELS55abuypsXOb1qsG1bBUebF+wKjSFAXEjimgtZiUEd4AtXfeVTw1sCNurDdxTUtwUU+MThLQQ1IsLgo4hbAyhzeuKyhb8YrSZN1AJ5QYb+wXHpGQTtq0szQRcNydCRUT3Hs8jUbcfm9i7XhVmsSJ4Uc+Z7NGjcoW2itpzTPU3SGEEjBQWdoZSDNgg27CUhPIUtAN/5tWlZa5Z4TNGciaV0GkMlBj3VvMhIjoXaYRK2u0JBQpifREfe/VbtIEnhNtJ2n8umRm0+AtIr5j74lEsPYNkbQ==]]></Encrypt>
</xml>


2018-01-07 21:29:22 debug :
------------
String:
account-ticket<xml>
    <AppId><![CDATA[wx7f83e93205d2fd31]]></AppId>
    <Encrypt><![CDATA[6PsZPNlSESysV5Zeve7L7Hf5vUXDG4ep63stIrJG+VJCuFS/K7hzs6vbgFqkoC2h63co4aH6MCy44/vnOjxvhBP+jRvTFXNe3i4iivwvanhKZ1JPqvnrE7cSFQ9izzUNPBBmgAEz5msuLp3jtZimr+gUzEzDvQZ7b5Jh4MCqQONVI4Entcv3C8kYeKHCI2Qifbe7ma0j1pit9WGu3BvBVgRXsI702EShA6AzMS/b2VtSkJtSaBEsU3oDEng5mqaJrKGw39qjG0Enl5YY99sTlBlNWjn9LJsWIIiS9w5s4jiyY5QB3ZrBD3m4oqHB7GvC/X7l0q2iLzJ6ZIjkUv+07cQagMNEjWHlUXqw7ZN6D3XCpvLeBNEDX8ecuvvW6UEpehBceAQs8X+xuSnFU38UQ6Tc49V+4JWBoG9CpP4WBdTbunXAJgqGafK1RmqSHfJVg2bScL7OsLbztJjgbwC5lQ==]]></Encrypt>
</xml>


2018-01-07 21:39:23 debug :
------------
String:
account-ticket<xml>
    <AppId><![CDATA[wx7f83e93205d2fd31]]></AppId>
    <Encrypt><![CDATA[450W62LBwJCIuUecvZl53CaEv097+9sBqIfoe+Y500ifR477uu2goJiYHqEZb6cHExyIiXL4rDmlmuSkONl/FmJfKkpyLb2mowdnGRxCqnCsoadDaM0Cz9lslA9irBuUgeE9Siwxpu2nFXy0Dg/TY0PobN7XGbA2Dtk/gC+B9I3poEaZZ6cKHz6Xc9lMwPIBajo0VO8sQ6QvVDvGr+1Frqlc4uvMHudkzLurGo5a7NzYq//401pB3EgQawWkfccsTEivIUItxKR47Q6cN8RkdWvbZ6Gc1lmf61Icg0Xy/KOMsAOxOckmlh4TizqEeZJgkKIeeaHIcVJ9a+sGa430pIf08LPsNkxqE4Bs7z5R4vZIhm8n2z4Qsv9lTKgRnTpyCCRqp/0gLNN9X/SKz5NZnrf2ZLrt8T8PuSSsvpT7E+Z+yzkGZTgKmIqcNy3foppvjZCLRhwTPF57qBdTJdhffg==]]></Encrypt>
</xml>


2018-01-07 21:49:29 debug :
------------
String:
account-ticket<xml>
    <AppId><![CDATA[wx7f83e93205d2fd31]]></AppId>
    <Encrypt><![CDATA[gOckrJo7KYWw68jbFZAKAlMtNbgmiVSuaZmu64mtyOZQHGWdRkYymdRyV4yxHXZioUXSgDM9TF6Pfvnd9BAmI+jd0wcRLUaAswtGZ4atHdi5l9U0B6BjcHkFFHyiX6CjG3iG1OpnyOJje/IamN1x4XW7VsmSC76SX8oiIIQrLQ8meg2yfp9BC0Tz8UPydshb1yM1bUmt2Fl2BqlmC7VrfRikulJWTmGQM2PVP+bCrn2MoX6zZ9MWBsu3T9iMn5OOTXRPtCHqpFeDsLO0uW74UVbThIPXW1JdH8EuccMxCvHgOc0YwHB/6aWbJJpHQJAgeFKlSc5SQgeyXTcZXJ1B+QhxjVh9EnzDCEetrQIB0+FwpUG8CpvHVJORrM8Xyl2sprp1jfJ5LN3YQwfOrxR0hAtPj3l/8OMxbqwgoaEB22K1dEvtu2TJrs3J8P2D+AsWE0pVlXxSzE9S3YJmkPskDQ==]]></Encrypt>
</xml>


2018-01-07 21:59:18 debug :
------------
String:
account-ticket<xml>
    <AppId><![CDATA[wx7f83e93205d2fd31]]></AppId>
    <Encrypt><![CDATA[Xn+iiZLpiT1z51xNfSVlEbtTcj6rZz1G8nft8Kjm9USj3/qwv9LY6ry8wc8D5FGG20WUFIFhsqxqPJaFs3llPKwdnwU5jmIddfskNfa+eCCmZ4/E702ud8kC3uXMa+fE5sQmZPiJutO9Tfvn1oWEFcxHjGWJtQvBppkVGzZXeFfzpVtw28hAwFg9Ddx+Dkt0/x95xqW335TJHRhWI22zNcCeza+2+h9KgA6QsUm+Mb9k9jqUF5Rok8a3mzdzCTz2cFIUfuGs0Dz8Lz46HwM3xZ//NNN8fuJiIKDJCtiNzNG/Xe3M/AB1f70LTVZUvckvMTYvf7+UPHb02I49CK4pkBDpxzj4mpVM+CbbOYjVt9o4qT83VyAnykw13lGG47JoHiGU5XlUy3dJnMyispMf1xnpzGpTaG5ariiEyexa7WbigawmcjX4rWW3eBX2cM0EtMrnWRpKa9UoxQQSyt56IQ==]]></Encrypt>
</xml>


2018-01-07 22:09:36 debug :
------------
String:
account-ticket<xml>
    <AppId><![CDATA[wx7f83e93205d2fd31]]></AppId>
    <Encrypt><![CDATA[0P4IfsqU4Yhd3WpqLQhVF+sNwOJduSmzPgU6dsLxYoaO+zcJ/XhwO3gtH8+oDMmzHp81MEmT8rgIdj5XuIMINu5nY1Z6ElA5v+N/9eEqs/u8TcO/I5TeM5bZNewhBbXiA2wJPHAmAwuAf2JWFgADfbFJseIgb/7JyJeBhLP83XTg/quMNEO40EUYKD6xhmq3S2b1cpfXRI5stvho7s+yFn15/hEoG6DpVryHNnTUpluqLTIA402iHtfMRIOGMY5xTtuuLkno/UJ+JyXxmpT7RNIBCBiE/vSmbxHOm2/PGKHnAdyI+Lg5GLP7yq6c3o+pwyM2+dqWDLEP2oHvKjETd/oTIgwoFAMwqIUb+W4oljh3QCCS6YOPgA+yerPE9FE8EQbcG6Llx5jnD2UM79AolWokqOPvSiCuKYD3RPCoVhvsPMcjkwaRoLCQW8WVAH9+f48fU8nnLNzDAMmWajRITQ==]]></Encrypt>
</xml>


2018-01-07 22:19:04 debug :
------------
String:
account-ticket<xml>
    <AppId><![CDATA[wx7f83e93205d2fd31]]></AppId>
    <Encrypt><![CDATA[sd1xzZtQDyNzOf/QRDZh6C4Z4OQB4m/o7a+jyFkMpwE3VUZa6JA3WR0qSFMsjY0rXTUWY8pLjzmACRZ/koTA1JKAgaD4TF7/RmdKFtK5yAz3Oy7ODKqSVHT0sLcaIMw1j6eZvtEaIIaBrQc6sQTHMeP8c4ZSHaYKxFSQBKlCsWouagMCrypTitkc4lmucG8cpbxFF06IGVGPE8t6b3taBLiSxN283Idve1QHpC8sO1j9FonEilYLTF2vKI9sWf6GQFHy1z8uZou2z+BVPjo/zQkyqM9LHL/fQi6Wm0wbBV0zriwMWlateDFeFSVkBrESwwTDCRYY4XuoysZKTkVinlFiJV7Zf26b3PE5HdxBKnXA5L99o1sNxhtCQtRhipj1v2dAff5aankceg9Bo7Gg1GiD1HbnQne2VcVzxpoAPoxD5XT/bEYy4BSqPrmi4h2Plvriwdv3LpBz4fsUsyJeIQ==]]></Encrypt>
</xml>


2018-01-07 22:29:05 debug :
------------
String:
account-ticket<xml>
    <AppId><![CDATA[wx7f83e93205d2fd31]]></AppId>
    <Encrypt><![CDATA[jXMNYVG9CjvRu9syFnELkw/rhPqXKjqmf6xLgOIaIF1DSd7mARxalaoLWRPMDeOMA6JSkNtUHXjlUzeJt1FLETnpg8tUHTb4O1UcOcvBPDY0ap7VOvxTXSUyf2RfyDVW3l1y92wVWTDcl0FvRBnpS20Ib8rcR2m6lurgbaGrlhgUUfQLykUpFM/EtF4iwOuDRrp9xTGpenVGlJ+8uH14kaHR4M3zEivUMotfzJaA96Caku51A7c5vv4nfmUHmtF2e0DV8Vld2HSEKOtcsHDT64L/ak52ytfGUizrKkjqFGHMqvtyfdiq2MFp5ahnKS3GCBRWav7K+NBF77teKXFAHzUPrr1r7342fCZqcs7wo5DhGGoRroppQyLmE6I97MQ8xUkRuUcWu45XoF3UxNXCiqpQ/BAQxgTTAJrh1kOEkVCDcqFcERwdB/ZvXBXg+v6PeA+KFgRDgc6R78OPLs5/aQ==]]></Encrypt>
</xml>


2018-01-07 22:39:22 debug :
------------
String:
account-ticket<xml>
    <AppId><![CDATA[wx7f83e93205d2fd31]]></AppId>
    <Encrypt><![CDATA[6GUgJLLZ8ly1aDbSHqSQu0x3afMPhRfw/icmmGgk7H2t0taxz6pycdS8O9XO+nRmVGop2sL/bEHQ4eQPDB041COFr7Q1yfios2EdlfedbAArbBRzZOeCPH7g186X/RFqUxnA5OsTJhP6Gxmo9tSBZRvmMo5StIUfWVVFKRsc9PSuEGPRnuJq7FHwZg8ZyFq+vV1+paLw67jwLs43F7vRzUyeylnHWCcA06RKSu7dmdSMKU66XDxojeCY0ElXTJb0HF7LYMoNiGMXXDylhHbTcj2jSFpAQqLzqATVNxujOiObJVi0So1HcWTgzvejUgzc85MjzGGEfxNkKWronju8seVLbhvjG+oiFR7nRoIuLrcNV2iL2KkofGAXg03i71KXY+iPdForU3AstVorbUM9+4yLgo2h+Ea7FmeiAqGsoAh208cU8W30UYUXouyNHT3AphECZZDK41AOBsayTCdRMw==]]></Encrypt>
</xml>


2018-01-07 22:48:51 debug :
------------
String:
account-ticket<xml>
    <AppId><![CDATA[wx7f83e93205d2fd31]]></AppId>
    <Encrypt><![CDATA[sms0ZChQMbvHnizodL2xYQtPzNUbuJg0XtlWGTyh2SL95ePLp3NdzGUTjxXKmguoMuOlyDj7BOYY8fQyD6eQ6dip0i3jADRSoV5W4VCC075c339XuiDdp2UQZENYezjiHYHBL9eqzDrVwETWCxpszFT6BzWFTeq1gkC3k8LedbYtPT4hFCCfQLfAAxWB8/qbA/IJSAAEKBsSe52Fwq+7KQ3TpN28gQfyYajDM4zzxVfxHxdlv5Fw2nlLx6EZUGbgBMJ0ZrV8DGnZXbOO5l5/F5yObC5eG9z/E9z7uz/a2pmoh5yqST2psqymG0olaaJJf/hOp4xuHh2OA8Q9Cfng+arbaOjwVtpO8oU6vMvKl82xwACV9NGUE/k6OAiiR2+WM/UhBiz0Uffe+/rfzylhSkrN5F+cNsuEcuouy5YBupZGYg5qNbgPl352VZanRzlnfIElKCacyPQDs5rdPOsZ1A==]]></Encrypt>
</xml>


2018-01-07 22:58:53 debug :
------------
String:
account-ticket<xml>
    <AppId><![CDATA[wx7f83e93205d2fd31]]></AppId>
    <Encrypt><![CDATA[/bwun/PMdfhbdz/QMTcwXWYNv0ufRGTcfoTr9FOa+sRp8GD9+Aj0dxakDtp7Tw+xxoOIwC5dc8tG9SyDqaw1SSWlI1HgsITfx1U2Nh+XqqS7j0/hn37NT66eI/jCkSK4URMjcLYP+Pa9zSloFQXtuz44c43aYNwLLbyUtYDiyaZtfPFNlx/SSGXlRYkwt7KEng3vkWrGyAq2ThQWJQbk40TzECfAgQW80apI+hG+C/hYI1lxQPs8GoD+WqKbIcb2E38ObGV4AadMQSsdhVuPtvhXHboqr/ud46ziO/gX3PKEBiOb4qb5SnUSXXwJUFRm6tS3tjCnGJ1PCKAD3+fKcOZToR2BtxqPC8z30cI8ZsM0CvUwz5ZkSeH7ziD5HvBUMttsRAervseIOo0r+pAQ7oKRNXST3tsfkpoAZxp6tbpEzzab+Csva018zP3nEFDWn3bpI0CLne6KfxjQXfTdJw==]]></Encrypt>
</xml>


2018-01-07 23:09:12 debug :
------------
String:
account-ticket<xml>
    <AppId><![CDATA[wx7f83e93205d2fd31]]></AppId>
    <Encrypt><![CDATA[pchg3xWpoSax40kjYHW+GfEsg6XKJ/t8RkZGANFWFz92g8cz4gGpDjo5hGzQ74V83wKJBefH+gETsSn4gm/uHNjO/I81L4HcZLt/ikymx3kp1FUN4I30znRt7olgnpAZ+cBq9IcVbZBV2K9WCWs9Ec4n1eX0xE8dzPfM7Ey50hVt7PnzZVgbLNTg2YSdOmKSsXp13GabCKpAjNtXU5lakFBu6SmRhMwqt5Gu9szp5OWjljlF85c1xWnAswMFUpeO/U5E2cXawDNXwC+ShW9QrFP31srjeeCxxdxNcyDZ2MlEN/X9w/SqfoAQb/tdYfBRa20WN1n/ak4EmPlZAvVu4hsbPYbLfc55mWzSWQ1U0OJ3eAdNt5tQKayVc/xDClIxPgH0yoiwsBMiZl2oncgOe2I4kpVv/XGQOff9wL3c1oFUQytE5O90YlMVBIn7Iis9DEHvsa4FlrU8hcMc6OBOHA==]]></Encrypt>
</xml>


2018-01-07 23:18:49 debug :
------------
String:
account-ticket<xml>
    <AppId><![CDATA[wx7f83e93205d2fd31]]></AppId>
    <Encrypt><![CDATA[0DMoEQggMLKNc4Hpmy8/ewXV/bd0+5aF4zSdUiFjC5dlc33sGtwQLuM21jGlTs4rEsjD33J1Z5OEn7yuuwTamjEoCeGg/BiUSuNtMt5UBEPV2JyzJxRWK6/jrotPbyqBMCI+Mv7NBgI5w5zbVJEAuo8Lf/MQ2Iajfewcejmbcqv9zpuKFDK9zTQ+jNBtlZvme/ZENafv0/Tb/rrYJoKHK5svD+DW7YZIjvFzdO73/7rmCrbcGQzSoQwhFE6Vmu9MghPjar3mJ0ajpPBTdTuxdH/cwCunupVnPGQykxGv4U+u0u758uisl9FgEbArsGCRzeXJGTY6tPbYPuoh7TlCSJil6nCUtkLNZdTh4eh7ygSEfzZLk0m1b0HhjlcTlAQITkwx6jV1qDLrCDYmk46eD5M54LFiY9AhUOvVuA1r6xvoQZ6u791d7gpVix8HZRdGKBKhLTQF+NyiQ/5sTq2dDw==]]></Encrypt>
</xml>


2018-01-07 23:28:34 debug :
------------
String:
account-ticket<xml>
    <AppId><![CDATA[wx7f83e93205d2fd31]]></AppId>
    <Encrypt><![CDATA[BZnNcqdLZmxHoq6i3JPdATQjPU186d7a8BiPpp5X92y5bQnGPMyY2gn/qmnwOF+/Uy9PdbHwPLHb0rIe/p7SpBfwdeuxN/dpp4jp9R46mouEQw5M7jF+BY6v9CjcOwmA1/8YFh2WI6dmi0XUzKwbV74xroqSJSOturPxgPWk9eitIrFRwTKUz44FrvbrIMg53XhH6I238W6erd3t7AspHOLktWC8BcWUpd+ALg08+jNe/qeIWrgUSVTj3XqDnYOfZ4cuhR86CrtgYV3+943c4NAXnTEA5b4haP6u46npvgYPrpcyzLuME9Gpm3h46CKV+pc+KL4/hk3OQLqJordfZF4jic9Yjbzyz4rTd/Ri4fItW63khsMd0A3BT+37djnGR3PE3knIWqHX7Wtbu/o3pEAQCphN5yhFO7NgJYGA04HeMalknLv17E94eIkojWaW/qJVQ1jcqk1V/0asKqAiYQ==]]></Encrypt>
</xml>


2018-01-07 23:38:44 debug :
------------
String:
account-ticket<xml>
    <AppId><![CDATA[wx7f83e93205d2fd31]]></AppId>
    <Encrypt><![CDATA[uj/Xr2Ht2Nh89ZIUp414+ByDHW7Nt2CA60UP9O7beR2TS8FRlHjaJmGhCyRhkXoWuAZ/WxK6r47Kun7BfGTRGv68jSDKou3Kg8tdy48KSljeqDsG55rnSenMTAL5n1eY8aUnExY+KMP5+/V4ygYsopY9VRiQm756eGru3MmjKN6DWokgDJk1oYGkcNoLXGuuIBA600XfFR5CXyZAfcFdACVSRaFV5cmVzWsTuUoaOg94dArJT5UBb/L5H6mbivmfGkVzLq/zdvhrO+YJDR7+jOWVGD/EuB52Vu0JdeHl/tf7c52/uTeSfYkkFZSh6dJfkM6rP6XC6oKKw14pMB6WE23h7LST4UUR/SkjPOKCawdBtwctaChugipVX/XEAa7gtX4e/c8YN/YaA5k/MwEO8XWNZdgLuU+Kfyb+BOdgOWrEEHB6NeLUXCMYPQqU1HQb5DuUvUmAhMGKVsUUgSSz3w==]]></Encrypt>
</xml>


2018-01-07 23:48:47 debug :
------------
String:
account-ticket<xml>
    <AppId><![CDATA[wx7f83e93205d2fd31]]></AppId>
    <Encrypt><![CDATA[rZy9oYYNEeALP2VYG8Jr22geZiMsCUI7HkB9TsNNT0lhLRmUGg6rgQQN5j6tv2OPOtuPEIqA47VVC/iy6gwtS6Xr1eqi4rZbo7eh3OtUJDEVIFNCKg02KoohjtN+dOAvB/zePpuh8BM/Mxf1GxifWswmsbF1n392m7dz4ejr5I4bfA55x3HJxZb89sZApT1aLUzZioZm0l7y9c5GaOPgzgoCojToXJOJza+Zci4ulMV9zZ59wp3Z7J5gjBjRhQgqzyaym8TATe29WNvGWRt89YPUKaemFlVoxgCap8vA1iyq7iUVLPHrzelxkmrjPQq9iO9JmH0G9yCQ49AgOKR6MoBHfAAFOwvdQlZY8+kZA00bDucgX4EJ5HMNcbmw6+ObcErAq1ez+nWw6jOjIfbhrLRN3gv9EKhXzKwZ3DqajUJ0uE7jUrQgKu4OPdlw1t9XIQY+BO+gt5tfJjBKpekYgQ==]]></Encrypt>
</xml>


2018-01-07 23:58:33 debug :
------------
String:
account-ticket<xml>
    <AppId><![CDATA[wx7f83e93205d2fd31]]></AppId>
    <Encrypt><![CDATA[E3BPgt9YNYDiDJlpmb76C+/VPKvZXIPllId5aWscO53LE2Ylg59lXV/GPdKXTf1ae/OXphhg9oaaaq+nPurIXAF/j+tl6KFROAO5lww90FX1ltdE5TA6qUqIt1DMu1BemOZXr7R5eTmsW8QySfGYWOzoTylEQr2hHFF9g0yci2On0njbFXTY/bT7F/aXF3OoxJBxS6q6KWZbhBVBNsGRjPo34yilcFnFquPLD3hJ/rJuw9swzAmwrYg3JA8hzwvukpyqJrMJekVh9iSIzCab+4CRx/7zfIXRhRG0nSK7oJdtoHCKrJEtFupWXyAkqAR1/frJZflBLgydGi7SximtUxHxI81swGHlHhCe1Dg4fdixlek7G/mcfGQAdbOBYKnILC2IAAoqn9AXkzf1Q6Xk70Y62unA/q4keL5dl2+G5ChbwuOYJLUFJ3UypYwaUYyEFSzylFmThpuP3PbRw1zWbQ==]]></Encrypt>
</xml>


