2018-01-04 00:08:46 debug :
------------
String:
account-ticket<xml>
    <AppId><![CDATA[wx7f83e93205d2fd31]]></AppId>
    <Encrypt><![CDATA[g7QxviYxCB9TWVa2u/mVOoJ3tLTW4snDVbCO5XDb0EVOghyDJzN14fNcEjYz0Kk5kRo0FPcuQ/rIWqIOn0GztslgYIJ0OxxkpOLCIGHcExSMnzaYYp3ttdRpY0OPoMjO4lTiXEqc75X0U8Vzk0mU45IYivKz0ZXD+eJwcejkFhDIKDytZ1u5aOFbfliI0+8JTLydks809l3D+bK4IrHmF1q1vrwaqq/HG/QAzCYI27v8cDrFzyVDw7YD5dbnHS4Ld82rbeQaWRDLl7q+XbZCKdBm5owMDoUnUi/ze0Mw3WI5xVQ7oPgZ8jPMISbKpNpAG42vTtqwe1aCJuVHJougXdkr23k6nMvEbRJ1SwK+BCS1X7foTe2rVlyV3FQXrvs4pO/xvIiNz4n+OZj83QM54hl2UwEAYOLQtirmnR88hs6X8eOGnbzNQQ3sH5n3BCAAe8S8DTLERuLVbT5kfVI1Ig==]]></Encrypt>
</xml>


2018-01-04 00:21:12 debug :
------------
String:
account-ticket<xml>
    <AppId><![CDATA[wx7f83e93205d2fd31]]></AppId>
    <Encrypt><![CDATA[U0h+qlmvPPIrwy9R58qjLNkrTZFEoQ4AFX8lxS3Evru2dcK0OEYdtGg0YD5860LkS9B937C3Q2NOJFSBxo93N4XHjuO4NIyCTKSw2HuwrjWDfGOS+3pMbTJmFzx2ObcnjySaWvw9L3blUUHkaj76f8mvDYhTXrMP7nmQ6fIIAF/u1U+LByB9aWhV1/xZppBLMkT+Ah+oR98gaj6/AB2CHlLEG5u+iRi7/zcuArgJy1+/xTmmmBaEDVOWh2G1wdAdogY5RZmlVlf58kDwHOduyltWBhOqqSrPeTAG0RLcRtgTPfaUT2lUT92nhCNXSc8RtOclKh+epehcempBmUWq5J+dNUX/OLFClPnUU2XUNKCb7LiW6J9x/D7/KS70TBBYeZWyacNgW5yuPdeW66czEo1TnnzV2oHV9hO522vxh+fK4bU+incalFgS5eZkc+szmyypPkcLP6xg+C2Uhop85A==]]></Encrypt>
</xml>


2018-01-04 00:29:27 debug :
------------
String:
account-ticket<xml>
    <AppId><![CDATA[wx7f83e93205d2fd31]]></AppId>
    <Encrypt><![CDATA[yVad11MqOZfKa4mHMc9BrIu+R7iVxWmp5FhtWQ4UdD6uRFtRy11u5X3oB9xzQgshI+yQvtS0RGtIbqW6t+1MumZ5L2MEcfwourxquxUrKk4GAF4Q/4Esr+GW4K60+R6q2570mmI5GO32XAKuj7yQFSh+mrjS40qSJzTZPWEDcOsQE8mjIIYmoTk+TgW0LdyckAl7Dr5hRWz2KtZVPTpASiXMBFbbdS1/KFQ0MYYd+C2dBPZBnQlfnyf4/RoK8LRzUE2lH7OJqSOMpCDuJtPg0aYuERhFdTAfG15vjVWiUBqlIh0xSjxi4ZuZJYW0FdvPXfde9Y/2D7R0T48avIcS3DqJe53mqWtvmJPncT3T0NxqI4M3k0gnBoS35ihXXyR9GTMzJq0mqNqqN6J2bcHc7Gq6YKsBPHl+H+8I0m9T42MVVdIl8B/J0PBigxVIaqH6Lc77mLlHBZnNM8au7FtW7w==]]></Encrypt>
</xml>


2018-01-04 00:39:56 debug :
------------
String:
account-ticket<xml>
    <AppId><![CDATA[wx7f83e93205d2fd31]]></AppId>
    <Encrypt><![CDATA[6OkJhcGvM7sjnz7AUAshte6WNF/OatGYKcANH+ihSGk7CwFBV+PogT9PG7BZj9Vw546+USujtw33Arzh+H/a3xQDM2NiJx0PDaaI64XT8ffdggwrr1r4NXXWFDd+aqObQS9IwmMqouG/EATAoU8saUl+Q8Bpv1Qw4dDbfDnWA5D5EKkfWMNLcwMPwz67QgYLJ9YdRarHFJLyizbmOu+dqLVib6VDwDkIO+PU90U8T65Wc2nH9jeMXOkdD1QyCy7+nQXFetw75mNeoJc2E1FYS0sSP13aY313hI7fkr6XrTRAEJmyjB0wTjk9ZtSgCOpMKe+QnTEBY5FO0iYzaGV54gUENAMeZCCk9DUwaIvYPQOqTDRoXwuR/t3tA94ykBiKwKlWsgUxc0blq17eEEJ3Hl/wZeT06nYoHoXreUhypDl9hr7J7tSR6Yhpr49E/7PBmAfD34St/INcGV/6rXsp2Q==]]></Encrypt>
</xml>


2018-01-04 00:51:37 debug :
------------
String:
account-ticket<xml>
    <AppId><![CDATA[wx7f83e93205d2fd31]]></AppId>
    <Encrypt><![CDATA[LYyyWvoDOBWnBytKkBwDoNgLduVHlXBnKiynoEFUDf/WB/IDjK9CZd5l5LgJBUXrpGOnR8B6gyV33fl/DLhXJ6wLeNOityu9vRaNQXwBB5OZERHVh5UmGrIy5Csu/DM98UtgiLDfLmTziOYHCWwyf65R6dM0D/AEcHQN4spungxO6QlAouGrCI9DxZP7ha3fB2KH4VX/Xh/ON1Z52k0HIVAhw+qsWmCpjFXVpT+2ZrLetGcj2w3Od0jzP0sP42sxUg3KHOqAFMnFCMyW/UzIYYXM3ueZ+e+SKapU5Fu9n/ZBsEuyiqSjKRfimrRG4TR1rTyP0QDPPZu4TMakpii6oP0qZv4kHjOHxreB4zRx6TkzNLxMwuaZBU8LPZiCpStYSzpt64gIX4jgsCuLoGLDTpFJGp3vV6u34OHc8GHIGIGeDuD/Z1dMldqqF4xQWRbxJJkG+wYAoL/fWYhReqmUjw==]]></Encrypt>
</xml>


2018-01-04 00:59:10 debug :
------------
String:
account-ticket<xml>
    <AppId><![CDATA[wx7f83e93205d2fd31]]></AppId>
    <Encrypt><![CDATA[ek5XEJGrY9Icrd0bKl58etEGmekqb3fYHNczoCT+HPd+1WVuWy8HeBMqTbHb0rdiWCzwrtieC9gN5zj5DCfln+v+DiT7mGZJf0Sp+0hzT8/M6BGqq6+CaczSo5KQW8vpYliQRtVMLXmg0mU1puu8kgcSF1yi5x2TWxA+Mwa4ONnqjEcPMudNKrrsCzuQCc0n5IOHBXZqqhoiJ9UFxoEfVZheaqacmIwowFtD+Fh2SBr9QfE9dgjz0AFOiRGNLFIs6xTtW0Xugz/Cjay7SfIIO0sX7KepdRsw8L1dgK6Rz1GE9BaYblIQmHgo+q/MeOLv6Okh4MQORf7hGnFMkGW+mWfdOKTBiYxSPN1gvl+AaBwP/zEuPtHyu4fdFyr3rXhGeakhVIDYmA/bFrV/aVKdnAiyTUYW+ze+5RldgZeQWrePMflemeelNMEpHvfxGKQr1QAllNWaXUFwaK47uciGtQ==]]></Encrypt>
</xml>


2018-01-04 01:09:04 debug :
------------
String:
account-ticket<xml>
    <AppId><![CDATA[wx7f83e93205d2fd31]]></AppId>
    <Encrypt><![CDATA[RgsHMQq17vVO0Yh3TuygL5QOVGe+CiKlHRtHb7OYynj08oIo+WVDPCrzqzR5csN4/4rNtIYu+HszYXGiWPG9K1KTNdhbPeGWTw06YY6xjY9LW4nI7cQ6OqTRbEaEAQGoDEAzaBPr5fwLE2kRGi05uq0WFuD2VTORCH8fG6FZXcgZskeNUyRH2IloqcpZQHBZSJoikoSvWZkbcHQi3D2B3p7OiKJWUHQ3B6yEjQEgYdF2v4FlNQz/OZOi6gvWCLF61lrZYJo5/wroZLDdzjq1YnuQu6K8roW5azVeWNz5Lluma5dr7PeyzfPVKOh1fo8DbflrHH03DuOZTKApoY+DUDI/0LGWElUmPkU+t22i7NJdiRw4NazJLelBds/WK5ZinJ4U2ij5TzZk2w9GLrFIekxbEWi+O8RvZZDINBZZ8Obn28Z7qtEWKZYcRSCuiywH3gQUuHiTDgznQ4jRMwpkbA==]]></Encrypt>
</xml>


2018-01-04 01:18:50 debug :
------------
String:
account-ticket<xml>
    <AppId><![CDATA[wx7f83e93205d2fd31]]></AppId>
    <Encrypt><![CDATA[A+jzcGFMasfLXUCkqKQXmLcWbUiIGL3FTY88IJVCFy/ji8uO3YWJymG/MfISY3iVjNkGorlEU1N3TUqbe+VLZ3SQD5kuCrIiUw8gvjYl/e+oHtix1bRJ0wAwg6GRhFdWJ5HNJoni88L0SedYfb6G7w8zfB+VRPVW3q61whaO7sYLDm3S+u3apUCaANaH2GpXNY1w4qiXrYyixeTOihZWw6ndWoZm4RH+drIvSnspI5g33wmZo/3hcfVv2QBYERwtm5nR5sdJP2wcL0fDWdd/3Y0jpjzXqIQPYjKUGDnrNNCCegQs1tb1Wkx2Vde3nu+5JnLa7AT6wLriKDtXREHV1DPzmcpuH5B0SfNEq7pYXnOTlmf6l8ZHSygCllXB//IAIysi/FuJ5rBF3w0wFn1yHxBmMHcmxIhaFXqC97vrxlnZ3lseklcUvuZVmGtEDyVMZqJn9zsfcBZYXsWtqV589g==]]></Encrypt>
</xml>


2018-01-04 01:31:21 debug :
------------
String:
account-ticket<xml>
    <AppId><![CDATA[wx7f83e93205d2fd31]]></AppId>
    <Encrypt><![CDATA[Qvmewz4guy30IZ0pWTOkHzXyBni7bZyno37vGbuxaPzXJvKrUhuSGghLFZMGaiRMaT7fjo+mGR/LiYLtAxtqyVgaxI8IxEeLdxfa8oT7oycO2/EX1SFdtWC9SPAon6tEp3Uow4obcqJGgt5F2QV3h06t+wa/f8J16N+XZubi2RMbhJCXyfy3XWRI2WPWdHE8wcm5h6h/0XJh/Skt/ALfZpfkDjHOf3Q2I6zSWZWrZdGNX7UGNDQzrFUsS34OshT5vTtLmV5HVm1aGPbakYkKq82PBsmqtQEJ91VLCw6f6DWXvQqFx1M2xQ35tFAyIONaCQ2ZNoTbcTjBvzZf8oLTi6joJgNnlKA4j/stz9Bu1m9mFZDfOXN5Wq+ppSUfcha4aVkZOaPjs7rKpZSnDutjyBl1Uiu02/Ca/6+pZ+bIe4BwiaBcSudF9HF0tdmPZQ0uKHEiTFFrjta/XxI1m/98rQ==]]></Encrypt>
</xml>


2018-01-04 01:38:44 debug :
------------
String:
account-ticket<xml>
    <AppId><![CDATA[wx7f83e93205d2fd31]]></AppId>
    <Encrypt><![CDATA[JH8SSwsZyhiMNvgivX4GI6ezS95/7KPdgTITshPHvhM6HAM0HyNlAFxA5HFT3OOF8UY4M6IexYAsb452JAwCeQSz7RQMu5GOcMtzxV0ibg+o8j9x4dgqrj6QhhIXOazkOjkIn2UFrLUfVLWLj7PWdamb47jktNPNcWt9/BCRiocofd6PxMpgjxVmlUzBA8nL9BrC3qYeQIkVzrWxLn1xfmSxbPF57yJQePr5vac9alKnNpuDVAmn65BuB+TdnXdno9392sEwuYDw8pj0Yygjv4owAQYqO2FUEl9dFAOkwzz4tPfw9Hh5DW+dqJbDUDvN5xcC0QgsninbFP53XLgRpx08oZsZvHRHTd2XA9oYaZYRfOLxjN4SLGpjEWtn1igHsYTqXch4PDv0n0pafePXJ+uy9j6erjlWLBw2Mu6YB8Z4ofv0qBqw/VJvC5/ymQ0wA5Rf1Jg2g+263Gdvw2ZxHg==]]></Encrypt>
</xml>


2018-01-04 01:48:43 debug :
------------
String:
account-ticket<xml>
    <AppId><![CDATA[wx7f83e93205d2fd31]]></AppId>
    <Encrypt><![CDATA[V+PgBGTr68dGSEoL1SCdUGcu0TLf/UYljw5e2RIFfWEd9wiAo+6q4xezJiafOQu6vA0H50XdQYT3CpY292btyVjkTT12Yo/6wgmqF/TpY/RLvGZ8H4bt+iHCYgNJ00WBf6/J05xc2GzcXRDdEV2FG8Fc3A81yLX7z95thcn6z3shSHPtiLNPYU4IeD4WsMQFJbC4/rFoFH0OlKxT23VbgHFktfLTDs/WmaTRfkmcvVN4FhG3W4lF7zMRCzzlDtSqJrLrciq+UqG26kpqDDdo/5nGdhadjW1p5rM+4rnvFY614T0eidyYD9KuCKOEvzMYV36EIm3ZGyeHCESi5ncHjAlcBQQm0LU7q36qZY9FgrGb9ckXlnAbjfth2cB0/ElsWk2bwKHmIVyDGgQL5Qfdffd7gkgcnDZ4JT+Z71RczzwMJDlsgQJnbqksMAkjUb9eu+ZFZIaEmRq9kKb33Vw1Sg==]]></Encrypt>
</xml>


2018-01-04 01:58:39 debug :
------------
String:
account-ticket<xml>
    <AppId><![CDATA[wx7f83e93205d2fd31]]></AppId>
    <Encrypt><![CDATA[La6VMdJW4/NSp7af7+JU6wV1lBfcEdRwLWrnaOOckHKYIatmqLLZTz/fDpEkc1vfYiDKnUaAmunNYKMPIJVuKn6xnkUc0UZCwiVci6LzuYdiFztT7uYiE/zJ6aWwXKNp6dZuXWk3as639GPaSZM+H4MU6+Y5QJ9JVzAcd2kx8X3PUTrR8Y5BBWDo6R6/G643b73K26Ot/m+0ejD1RodrjjaqTwbJnjadUEhZjgArpq9sURURvMVQqp+Z6DzSCd0Q/svw0Ld51a2Z5aKI0SMO9HhQ2ZlPmgtDOAv3IqEZ1XaLBS7hRc5oEViWKiZFQiHYRfo2pB4s0zyYo/D3ZBlcn1fth+pG6/SvwnDPTSBn1MYMjEyNFWIer2gzuLuD6GHP5RALnS/uB5oMOhkLnBS2gnaW9uYZSdcURdSpK+Dg7Bz0XV9F4f5viiFFykSDiE5xj4aL6TkrQZM/sGzbthuxcA==]]></Encrypt>
</xml>


2018-01-04 02:11:27 debug :
------------
String:
account-ticket<xml>
    <AppId><![CDATA[wx7f83e93205d2fd31]]></AppId>
    <Encrypt><![CDATA[uGDobt5suakKQJAzZq5UOfwPeTstH4ocF7xJjyn0vORLK/88akVUsw1F0YRfGOvEoe9lpcvKemiej3lWlHO1zHD8HMrQ+FayCtfYnykiQmk1V8HCNeRBoTO32DBSQVZ9ehnVpcaiSlDuAMUrdUDH6KydSW9c51itJU/72XfJtOioXdd65Y70QVC7e7fDzkeaFT17qMrO6XiNGwt3+kqK+t95xjWbCM9hqc6RaCKTBiOy5NiX0bJXWQK8kOE0T0jDXhvrVb4fgUSJpoFlvZPiN8PmuXbFa7Yui0CxVa6BaHGnlZkXaG17WMlV4PelkYXmkm6eMJtIubun2as1/HSSvT1jn/CAiejmwCmhnH2HCyC7IlhDkv5w151Qd+2UlfqghtTaasLouP7UR2EHFO7cMxXVYWHFO2VfXBMNw4FHL2IZa3dFMvxNE2RFyhpAMKX7BxgaAtM9390/lWCjJYcg+A==]]></Encrypt>
</xml>


2018-01-04 02:20:33 debug :
------------
String:
account-ticket<xml>
    <AppId><![CDATA[wx7f83e93205d2fd31]]></AppId>
    <Encrypt><![CDATA[SVCYOtbITg9wh22ITj9ZvBewNA2UMtL9lKyUfnyh/Vcvj3WdcjrAB4wfG7zLv5cr4aYVDTALyB8ocqSGlWGN7cYtR9YjCu6T75iDeSlLcTrYSCbqiuKG5+llskGtGkVVku4CXR0FXld4ahATuKI/t1m/UJKHgpyc65uUnoWR/3UNR4LKYgvCuKLsLCvJ43MItYtb5HJagTGqrVy4RNh5sO/0eWevjwfuFqD8lAE/4chNvaAymwc6FEef6lun/UkKm2QIxq7tk+Z1aHZaNJTVz3DYmJB/a7/pCjECGYZVEdGO7EzsaDsax3YwCPFYawBuc3jmnhHpxyXlbqIcBnQaW/VYn5C85aVqzogsdhWqwTLK3giNOFHJDe2115oOi/hr2eiQLLm1yHUpsM1JpBP9uTgaxyAKEFpSw3D/mi0gM891m/yyvnFLF/oFtVgXC+GLPd2mrxs1NXU0PznceRAPFw==]]></Encrypt>
</xml>


2018-01-04 02:30:25 debug :
------------
String:
account-ticket<xml>
    <AppId><![CDATA[wx7f83e93205d2fd31]]></AppId>
    <Encrypt><![CDATA[WYSdRbOLcsrcYbQfkYU2p9SswF4XwDf7ON47LUTm8oGM1dekHs1t+wguFPPDL8ToFO0cePmSYJaNSHXYBFpYHzp0byLQY8IK7qVHRKfHfh/poExrZhjTkc/d1K6IGUCNG5wwpGY0rc8gDJiTRuJk1c7wFvPHO2dz0qWOY0OXzzNOxhJulRIYIJW2rOOf9BTd5pgUnzy0LxY0yjw9yS/JsKKLHVHGZ3O5ujq6LCNhpI5tg5TP0yzTz9B8LLrZfaWoC07ytuAQ4YZtgDA8joR6PbLzwoPwygMnp2xhNS7+NBUQkRURnh0L7RmbN4WhfSIwTEZLfhvUWZuTdLcEJULXTcw+oB/k+RYGqca8qdklPVrlvsOCQljaS29vXyXRfoOw7qe1OmkONobmg+hPSrzoAVySWUHDOtZffSfyRdDipVBmQvQpAipw/tq7aSApriIRYcJnfK9UwWfQPx6A2If/wA==]]></Encrypt>
</xml>


2018-01-04 02:40:37 debug :
------------
String:
account-ticket<xml>
    <AppId><![CDATA[wx7f83e93205d2fd31]]></AppId>
    <Encrypt><![CDATA[bnGb7JB/wYfqAe3WyhGyNPhTUwB+Hiuy/rJjpL4TG71nNHEajKa7uTnGqF/NB1Pzoqgy74PbRInGUOw2E6JcbnxWFRF4d5+TnnufnSL6JTii27SUwr7N5/jIgEmVFY4BlbYK7WTG3fWLCg8dvXlvyUCYJOWSmQleXT/ffpDqngWDWxtSCoyTAa1eEFUjTYuO7yiaFyBSCkVyXfjEmrOoju9356k8AWqm7RNcb5UQw5W6I2Bx2itBKsXL5tVVkrGDIDUwd8aM8KU6b7Mu5eMmoImOA/2AkolH3WmUuJ6UDtWJZX8x0VV4SPKWIETtgcrp2D3OjIXhqG/KAEktHZZAtHiemOkYKfL58cYWhCYYQJUUVTc5wBIu3a4AwLTrDmVpwV7WtvTE5Po1qEIlE+XUGVA/8tyBA4VxW5pUIpFjQdqFkSioR3L9fURyVBknLVTZTuCsDo0+CfdNoqzcXryweQ==]]></Encrypt>
</xml>


2018-01-04 02:48:52 debug :
------------
String:
account-ticket<xml>
    <AppId><![CDATA[wx7f83e93205d2fd31]]></AppId>
    <Encrypt><![CDATA[kcULYu6o//9CooFpVc4YxHhkMDox0DPd4cVgDcGBZETb6j8vDbwHPqpfFaWp5wpolz0FF3FKyhSFJEsjcGGypIUsHhvzDDiRWcdT1Zvd6aeqH9bXgu9qFA1c0q//YqbevMHNnIrcTjBfOEd/SEY3EP8LXXz+3+FZq8wBCvSjEW1EIPosKtWWwms/mcQ26G3jKpAnvYE9dINeSWdWLorQgyBbqk/mQNgsJo8/MaXoO77c0/q5FhdX5O6Uo3vk/UTQrDYnL2OI8sUIDdp6JkEgClHBwBVvgfvrCGgmFdInmYdv0nV9sUacZ8Fprqa1MxnHDvZVxMdoH4IkjH1u+Tvq+cL+td4/RykB0t+qB7vMPHygig0Mcpgl2rVKmVCDsb/CJE4SnGt2pIP54iHyjemfwAlTsXtxV45MFfRIYVO5f6ZN7miDYfwd9YcNHPYnY1g26vzsWl1ND/B9JFATW4VRkA==]]></Encrypt>
</xml>


2018-01-04 02:58:50 debug :
------------
String:
account-ticket<xml>
    <AppId><![CDATA[wx7f83e93205d2fd31]]></AppId>
    <Encrypt><![CDATA[AaBNm9HIpqFPZZJhnfeGU05+8M93+zYg9+5P15qS0nVMK8K4GFjLfiQ2yPDevFytQ/lSPpcLuu5nVdBOJDo5l7aRsNTlqeXvYCwbAmU99LQXesjpWucl5QHh5xm9jekpAMlQxkLBqVZMzmFrLCOI3/7ajiyM/oOtas/Eoz3D0lxKbtoitmS2Vn39m8PpuSq2Dh3IqQ3jbJeXx/tACHyw+J/WWTDhFtGlYpl84F8V9wzHH+q+ehrrkUgk8qppN/NvzmHZOvmhXjZwlF/NHbbOcwWtSXMy+kWjUjqq/eEC9W89Ar10vJ30sIi8OHftO3Fls6oNz797963w5G6vo5Erv//6wgyfnW+vaWrNguKZGkIrCQd8YaSC2hte9TYqvUyIxwINob9Yjdlkl4b1FcNaFgsfSFlsPJj1vvnGyts2AOWtXkERlgpZPpTyp8+oECKJVCJT2ZyqpJ78wo2FD2D+Ag==]]></Encrypt>
</xml>


2018-01-04 03:10:52 debug :
------------
String:
account-ticket<xml>
    <AppId><![CDATA[wx7f83e93205d2fd31]]></AppId>
    <Encrypt><![CDATA[tGax23PiDgYNDZ3S/cHoA/O5FtMb4UO8LRhcQTuLm091Pc0m2q1jZq+9R3dfE3yOotdmFVw2KfhsJunREu1D16VHB0ujCmbeyWugLsOGc2EuzzqXzRolZWQvszwiW/RykfniIC6A+8cjyn+Iy90oEbSVTlAGv2CHBIzfvtad7YxldGLzaEDOIF/vPXGW+nKEITGB1P8dsGCuoFrladlJXe5Fl4OAuj59lk4oOOjw/sIE1WxTCZywk2pJkPLhaOPKvck/Si2VM69mkMJwSOqYHUmKxtsjAU/JBk43WU/XI+7ZCbuQEgmqFc4Wde/wLsS/X9R/xQbp9/HsFRIe2k3YUh6XlyzmiKHbUlkxIypDCg4Tk49W5BvuGS8NCZhGKfBY+1WTkxpAYhAV1pI9R8Pcn95eLDBgj7ZB9+PRPbAnHWNGyuIpXYuoXcz5+xt+dNzQEbUU5LT9F8QslAPiXSu5ew==]]></Encrypt>
</xml>


2018-01-04 03:20:26 debug :
------------
String:
account-ticket<xml>
    <AppId><![CDATA[wx7f83e93205d2fd31]]></AppId>
    <Encrypt><![CDATA[vHqawUwVLUE1OLMUP3PPiBc3ewc9wvhDUZPpAb062OLRcdAqscElr1K+g44C1wNMvwVlf94roaaFu++LgJqnfwKY+yAmQxS8VLIX0Jh405y/fjmt1fmVCmiiRSehZnHgknpsx19gP+YWnGcQRSndl5yHYOsHZ0n2V9OYD3HEtLpms49F5QNbX7q7LmXACYiNwzodRg7Psy+UOC75yrU0u+yFTtBJpTFqQsvxISjIWKym3CvKPp6P4aSsFQe9z5B18Qmz0FX0uKD8ywxrS2xvFVCcs1aJzbe05bdyFODZl9w5L7Ok1H2KuDHzwbEITE9UNwKx6p82+aWSiSm9Kb5fRVle2p/d7Tzu5Z4iYUv3uk48ywvhCBS5DS3YRmIy7Tlai9iIO/9ACo+L9nj9GnHlAMvFIjKJef1OeN70TbnEFLqawm0OQIrjXA1CsCrPIdHYgJlMA3HT1rrMFrjqZEYn5w==]]></Encrypt>
</xml>


2018-01-04 03:30:30 debug :
------------
String:
account-ticket<xml>
    <AppId><![CDATA[wx7f83e93205d2fd31]]></AppId>
    <Encrypt><![CDATA[5yRYi+GgJBPS6IkB2MPRE+4lWiPgLILHKgmALHeerqTaYGgL0AP2mx0s/7aGev6DMXXBvbndovrGIozzSSvbbcdJXnLIRumYE59umERRSZBXc0byrq5iTbVd5LtmRQRh5OD8ifuHq6gLtnFWBVFuu9rmtkoYl9lHmrKjrtCrgIfWpV/k1asaZiTFpHqWLuZyviOafmDT3uDkkSV3cTPo/iwzYh/WyFoKaPDh/xAD0Aw1SqWwebHwQyk6pNfgoUqSYZqLziUurVIUS0vmAkWBBD5sOsdEPFV09nN1UXO/3PAlmebDUnd0hrvH/z7BeAmCApvMP58FLoAlFhcgQAxjPkWPodx1vZg5km0anO9Saa8OdB0TQ7SsefHqSXVpU4SVvFy+5KTs47LtPdo3kmelnAPjCKn9M96W0+qqJsaXa/p5sGEexj/LfoQA++XO8IyNBc81dk/siKk7sFlgr/Btdw==]]></Encrypt>
</xml>


2018-01-04 03:40:31 debug :
------------
String:
account-ticket<xml>
    <AppId><![CDATA[wx7f83e93205d2fd31]]></AppId>
    <Encrypt><![CDATA[KqI3NdwK8ZhOcBXj4niQn4bnYtZ5QiLgLTtoyZlwVPSjLhReWSGqtCEVXvbpLzw+XcZtWa/BssnaQC0peWmx18KdHiOhGleRh0d/KlrLkfxs0T9yuI2U5ExovE01mITsNENlsHUthlqBaGCrgCeduyJglo3p4IU0MrqhKDAwPRUOQ+R8jmg9JCMiNYfcZ6QKjCVJMTsS/9dSza7C6VppG+d4NLmqxOZJTBbGPeSRk9LREkzFhzd1qQ6S7uGQRbVsjy0lwyxETTkIgRjqWthjAlJ294SWGf1ijlfRYu9tbtmb6BsFWy8ue8lc/4sDZ7YUyz+KU27AwFDmOsIi82/0CgqS+TojKBGk/9hV8hbP/GtEPKqvjnkL4Ewd6vR6+Yg++0FCoi8sKxU6b8El9qy4+X/ur11wnYRPLC3s3t9KilIdOLy6FiXvNq1FYRa61vVX1IgJHjSiJourplSxzh6ZPA==]]></Encrypt>
</xml>


2018-01-04 03:50:23 debug :
------------
String:
account-ticket<xml>
    <AppId><![CDATA[wx7f83e93205d2fd31]]></AppId>
    <Encrypt><![CDATA[Ze+TJVYPblUa/Uzy50In99ZaieYfOs4qJkQoy7PottMbPYzFtfH/mm5v5/9Rnmgyju6HshRNGVnvCjQFyKLTyiJ8GKqBAyzLWrZBcdPpy0EIBizhxIhTqQpXAoFGGgJNVmsjtjjh+LDd2+VsJA78p3m/A8ntQgI0rSn1hIpoo62jkhmoXO5kdLOsRK3YiIxViKR9ebrJKzT6RvRem0B+aOSzIyhsEQ1/puoKxfVXk6S6YZNszKog5a71Vqw6KesPH02Mbcdi9EjhMF/DhbnR4XmjYGRZeSn56GGl0vegDVZPKaeVkfneyZ1SWXEhJdN/MaKGeUbua9K89ZZQJKIUdcogb6uDDDkUtNVEkHZ9gRnm/BKU9KLkxhJlrRcD6N90E6Q1alZRE0dx4jQ2aGokk2FDxfA38Y6FrF8Jfbk2ueaJSD9RgjtL9zcXQMupxlGwmnt07BkLIe+oHR/+OhWAVQ==]]></Encrypt>
</xml>


2018-01-04 04:00:25 debug :
------------
String:
account-ticket<xml>
    <AppId><![CDATA[wx7f83e93205d2fd31]]></AppId>
    <Encrypt><![CDATA[RJ6qpTYUQdsccvd6xQiVJ/b1joNfaXs/P5NaKTTRKPRh1S+6YAkFr3YO7iwnM1cXMZyn6ZFsIyGzOLH4vvJc99dhzf06nw3DeV7UTnZhm5CLcrBmT8cLBXvWRrKTooUYJnCuHMJkB1e5VETXl3b/heIWGw2Cz+eAH+RSZ4fpmi10PULR0Vr1uEzx1itbxdqJ661ORGbdobNoj93yYMDaUMbSmI782H0hpj3GY+jnTm9ai1Dn0iNz26fXi4/t8XUlazS1szZF/igFB2G7k1lBwuRbsnJVV3znNiGP2yjfS7H2iHb7Hxulw6amfEPyqY8DwoQU8L7oltLpjna3tTCSmfLB0y6btWDwOKxuBmpAvKwU+nK4EDZ0t0JyGyNmqXjbwavcpMSTujIBMUalPvDHaNbKzczT76VsTPDMvMs16q7wkBPvTgf7zeSpDk8L2xlkptPvxAW26Qnp0tUxntwEtA==]]></Encrypt>
</xml>


2018-01-04 04:10:44 debug :
------------
String:
account-ticket<xml>
    <AppId><![CDATA[wx7f83e93205d2fd31]]></AppId>
    <Encrypt><![CDATA[zO/vuhDUzxPQsQmOmMlclJxadGfnhgTKmG/+vZimPGJm83BgUQG1Iv1DCJE+DBmY0pltOisLLX1IvmmPfwc9rwspfy7/RFk/cXSQ9Z9OvUIQ/IpF/fASvJY31kWLJl7DcJrc+ODfjqohvJ6j1aWWN8AhsNCbnZJ5l9TWFswFfukm2CrQH86XkDS4B3qzgLCZCm5RP6hCXqG65UQzgHXIzexQSHnH/eRCK8UPKZbWJWZlb1fV4w6FAQ1DAShIZJ1KnAitFmVx840mVn/L0nsJAd95a9bjaetmXRk+3KMAnF2BG8Ee6bX461CqNn2POJinvbbRwqTHoiLBTMkCDpSuDQUmpMR94vTYZ3bA0hORTrGHbfhZX9Lpkf1QTseVsZ1kd1MEWS69HtjEIelYlNX3uTufrjRi3G1dXvLjzZxygZ0hGg21VoSNzD90EH9/MYot5n+IUSGBwo8OC7SNnuvJjw==]]></Encrypt>
</xml>


2018-01-04 04:20:25 debug :
------------
String:
account-ticket<xml>
    <AppId><![CDATA[wx7f83e93205d2fd31]]></AppId>
    <Encrypt><![CDATA[NbqNE6kiEKDYaGvW2Z60YxOptPD67fhMB85JXl6+eKpM1Z1hcVCVmw/0+D3DdhNDgNGZvW+C9RlhBw6HblTUBWmDrHuHmS3ztZaBmekR8d5AQNqVE3/FRz0HCxiK6O7M2f/8tZSm1K4Fpc/IaRFv7XsGZea0gLWFlv9bIrCqKJgzoRJdRCsSi4wyw5URS65oB0UxQjn6YidD457YbvbY2dO5W5yTcVtP1otGSRWooyS0kq8ryon/NGsvEA6Sq36bEjC04wxpm1UrsQ8Me1agUsKHqkZTsCM9hCx6/nwtoWmvS7fgJD3bfXAXYzB5UZDorXGnd4h1OkJ4CbqFcw5oUGbMq8ARHnIyH+iHIkPin6Q/x5WWpZsQ4NrlmG839kOAQh70Q8r1/nlB7z/nzD0so2UlSFi5VEHA96YhanG2SPeMDVVgkToB2deq++pA42D01nsJFr7NLx/NThglDkr6uA==]]></Encrypt>
</xml>


2018-01-04 04:30:37 debug :
------------
String:
account-ticket<xml>
    <AppId><![CDATA[wx7f83e93205d2fd31]]></AppId>
    <Encrypt><![CDATA[bNbtsZW4OLZ2MD3j7pVdVbRKftloMDhnB8HIrq1S+sv6jFtLmVNhE+45EdQ/rcgiXvV4pZWyAEP9XB97scqt24gajQlYLNSNWZ1cxb7hbgcmNuASesmdSDpY8R5vJ+41LzFPPhiLnkr9Ai+MsjufUzYA1XG5+xrvYmZWPQ3zi9GET8YweLV/C06NSVyLORoCUlnr9D98Ehk9xSzQdS710ORkZADULUg1W3E0lcbRm6AN6XJ4SlMlvGew0/C87vx9yU0iTYeEp6K0VszC+0aP2nnOsK5/xZb/mfzeZ97RIj+6Po8SEOxStwMQepqnDSYS37Lu1v3UjL2sNzEqv6F+j1uSu0ZbfPEe1v9pPwXFW99jq6YqFumXnQ8SABx6E28Cmaly4Hu6HXoi2+USpUxbTzTwo5ZBoIIh4mMwQUjEbEwGNGMyp9ZKF2t79QbeRClBPNA1lO3+gJwRWtPaPbjLkA==]]></Encrypt>
</xml>


2018-01-04 04:40:29 debug :
------------
String:
account-ticket<xml>
    <AppId><![CDATA[wx7f83e93205d2fd31]]></AppId>
    <Encrypt><![CDATA[Go9YTQvTjdiUQK+OC0HHj6pfI5hV6x8RNrLDCyPOw5uBFfkHgY+WUmFEKiMmQl5cBVkn6pCVq9DVD0p9drYAR0KMamyJd/F5uGqr5S5Fo/hDofN93vg+GQAbJ0KaFMEwxil/AP3fmAvpXf/ok+328pcNKUcWXDgfCtM9qx7BFXoSyB1tacVe1wGUKjbpW0NR71dqP9ewuAffw9ZzDwe1utoO0yl1WPAOv0VXxEoburNr772a69Eth28UN4827aPIBjK1mnTGvpWrfnBxFuUzDxMmyo9kqF+0iu7jqgMTjPUZoqpiBlzV5W9Ja4hVbPQj2WthvHdcgAlwaHJtxEtVa5WisO0DuG/XmFhuD2dQXem5V5oWDPF7t7DHJgnoAsBU0eW7YnE1bjzYoxN1cB3GoYjmicd7oKoULeJfa4Q+REAaWtaLAduUfupLNAQZf+Cel+jA5hwooQOditsPYZ0w9g==]]></Encrypt>
</xml>


2018-01-04 04:50:28 debug :
------------
String:
account-ticket<xml>
    <AppId><![CDATA[wx7f83e93205d2fd31]]></AppId>
    <Encrypt><![CDATA[xPGRodsRGuZ0IF1jm1KMtK0DdvRtHaq8EstuNeVB6F+3G/lX4TbgnOiwya8P4PqYPizul9uufINgcpKeQXCTLWNphHnULfZwbLcPDSk6d03+gMihRWsciKTj+GxMeArtUSbhR4cF6AZN/N4LGoilwB8h26D6uQs/hf1jzE7QCPO6ncEu07l2kOY8xDXwffBE8H2COSetk8WnyeCRzas91sqLGi0eyZqS4zYE8nEpmX1SGPMCWvFQ8Hl+J1eZZesAwIHOZcytFbRR2VoLoO2Quh+A95MtfM8Xuz/fsNQLrzPg8m7JNrPIy3AOVj9DgFHSKLhGhy0UCo80OJUqzfk1rrL79FdORX34+LYhD21bofzeTgPPO0UzmMUPCW1DWZmjKy3zIuUwF36tV1Sw5rDVmd1uftHYRMG+itz6E7eqmGrcw+ef03j2pY+P1QX/6hMipwfIWmaUMEPYjV1MwblSbQ==]]></Encrypt>
</xml>


2018-01-04 05:00:31 debug :
------------
String:
account-ticket<xml>
    <AppId><![CDATA[wx7f83e93205d2fd31]]></AppId>
    <Encrypt><![CDATA[oI27tZK3943vbxPa22YfY166zMaqKMCSPs4UVE8XZJGsxs+7MAjvB8UK8cnAjgSQLrcH5QCBJ/IlJh6Fw3DgFzxymQs+OoixnoKxt3UPKG8b3T2E22W8PVOknqGCD/+EBqFeoRtiNb6rFsz9g+rB2DdEXpTweu/T585RnAzCmCJhaXHv7/zbJ6SkG8Y+AmsxjbebkI8MC0vkHR393OApU5zjx2CzcRSNJf7ij9ysuM5Bf2meKeVBcMDMpNOGqz/kFafXUOP2Uq1mJyBY5XbYfQzVP1LLA21YQ1sdGrA2a243ie4EX1LBA8D3f7O9sdYZmsmtl8NFw9BW+XMLNiBsLf1l55dvLJsLo8g5hZUdUuIH8b0eZIfglKLowAyZNAC8XgApHXukeY0l62ajmwW0xVwk6lr85ePF+Rn0qGJBQD4YNxME1Io5STNCCT7MU6awKi5isNCUMqjHPesenEJPbg==]]></Encrypt>
</xml>


2018-01-04 05:10:32 debug :
------------
String:
account-ticket<xml>
    <AppId><![CDATA[wx7f83e93205d2fd31]]></AppId>
    <Encrypt><![CDATA[kN1BFQrxS3SlswdYVdbwyA4bQnkaPPUsp1IZxI/HapYv0Avg7mHNKn4Bvk2JJNSxlNUw8xI5lDb8gTcDfQlEyGWN/AYERPdL0l/fSya05GBs81O/1yYX6l4o6ZhuAalMJeuw4iPKOja9XCiTypaVodNVQDtRRrufqXf3KnL/TzKkkvtXmh0LSn0GbpphoTyWqRodWSQ3jY9J68OsMcLtW9enHq9nfEZquZ3Hb3bOntyO6JwKpPYjzxaMzkEcIMHy+S+4Lg/OeTUy5TDSghh1mB3jShV76ek86ODwLzpMxxAEjWvaaMzMYEc/va09lYMbxZPc7Pd8lNtlJKhwoCF+h9hn1JkxHkOnD3Gs09Xv6sfmucPAReXWnO8VeIpBe/IJB/WN8cWd5Bqiabblm3ACYHolmtjd5EkmUBL3G1T6oVNHc/zpFZhmBwp9bOzTHMbHnPTGPey68WtiMawB7Kv1qw==]]></Encrypt>
</xml>


2018-01-04 05:20:28 debug :
------------
String:
account-ticket<xml>
    <AppId><![CDATA[wx7f83e93205d2fd31]]></AppId>
    <Encrypt><![CDATA[T5JwnbV68FKeyzk4ubxQ0cgtpfW7hC5wG5vhb10c2tcxpchgEJLj0AGNcPTDQf6m0URiK47eF5T+2O11DQ13qw6ATwRjl5mOV5uphLtveA5IcEw2TGnKJYFVjyKCu7zS6GHHezrzY8k+ZWMlhGMvNryc66vf0Npk4Y08rIqkw56yMM3DopyupQQXREQur37hh8QCrXskDWiysXne9+g53rCLrWmo2VfT1Gs066Cg1e0i3qVlmkdAXPs1cBKJ/GswEcmqgeCNoXbesBEpPSZAgYxiSQ42IDApGkK2SfTlDXw/2+rTZky49ybDt87AQeFjCukkb0YHPaag2uzFS0arMFck6zNWgrBkNflp+WbE2zxD5+JSjH3Wq/YjfdX8Ru+KtHeHz1Qf4GRA0M0LBum0EFvWm6ZqJFYtiDQFJ6BheBW5mkqboD4MxElsQrkahLv+hGlF4z9sKGlTC7fNBuBPRQ==]]></Encrypt>
</xml>


2018-01-04 05:30:23 debug :
------------
String:
account-ticket<xml>
    <AppId><![CDATA[wx7f83e93205d2fd31]]></AppId>
    <Encrypt><![CDATA[/z0jZ+FDp4kb1HpDZzYaLvoy4nHStsc8bERr5HScTrdh7yx/BrUMQeBTu+B+L9fZeJF7xBwNCp8FNdyyiRLVpRgD7ur6dwtIx/+NN9/hcSwvO0wZmiAoVlD8VHa7T1eLE9g6CF7j3HOCCmW7G5etjD27xSBeSsq8ShZ8B0kQkfrL6Rjr+vzx4gx9zSpqVViPgeCfRosaM4EUzaGTqV8Y1pSExonc0p93gp2inspZ3fUOXiiaWBuPiZcD1DBkdytfAE9ZWx0u6ReJvSfF5aeyOlAmRz51rWi+iOjSp8yA74GYZRN6SKO/88/XkCEWz1x1eWg+E8Q2SwmXIRy7tmNERVS3GUBvKYlJ6Uj8M1//HM9QH5E3cqNHP7kB3LKCjhq9axHLQlFrCOnz8Ikdi9W8Ch0GM+Dr62cXMlCnvCRvpyChsclvnY+JRBsAvwERDVOoat/UxwwO/gIlgkjvpnRQdw==]]></Encrypt>
</xml>


2018-01-04 05:40:26 debug :
------------
String:
account-ticket<xml>
    <AppId><![CDATA[wx7f83e93205d2fd31]]></AppId>
    <Encrypt><![CDATA[Xz3T0dD6mzzC4SvevOCCOAabBu/EurZdnrVKkVd71NSBgTWbKMKLBSQwbAz0TP+XssbJmnfzR/nSxbnFuZ8H1HBRl8lAqWeHN5ot7+uWl6ZbtUnQNmm6HcUakNI83GVBWl7pCR4SvDvDsqIyNq5VYvp3P7M7YbipFhv03z/4TzThkmEQlVfpKtYmk+tCLf3DPURPOBENak4cKMNWvUVpjZWEI2B0D8oZ9akhyTgIERgl74KwycnFT1Wm5xZpSmvYfo822ONwvOOmN2P0M8D7wE4olVUCZwFuTyXbgVn7MJbNG51D+kNEoZfsoXJgwaLCfZvnRXDBUkdZJdjcmAXpYj4T2Wupn8AE7/axX4ajFWpyCpegQX5G2Wb5g502TpEscZ0WOEFHHWUsdj8mSw5O4PTyRu0/NJkg35FGWHzrHAxMpW7wYj946mkdKJ0hQAA/WunZQl+3jcxxtkHC+Zo9YA==]]></Encrypt>
</xml>


2018-01-04 05:50:22 debug :
------------
String:
account-ticket<xml>
    <AppId><![CDATA[wx7f83e93205d2fd31]]></AppId>
    <Encrypt><![CDATA[YMdbJrEnz5KVQbj18sGtVeesgsyGv3YEEVVRw6rfPGrfEDGTmqHi4nj0LHqzhg64D8pWH5755+5y4k/QUBJa6XhF/9RH50XjJIfoxFEvJlk9WCqLmQmctSXvUMbdTHK745AbBd+bO3fvRWpEOosOjCc5LWkaybBccLuHZBEZ2s1BxsYoWu0frocHN7Z+xI8vhScjRlI+guH+vndJuI3RMVCnGFDN1EDjnMyv6uZ2Q6yfpnAJzWgpgOSX0oQT/w/WhnYgA1jLfMfKz7OPAB/wuIrrOadHdvY4GJ+q901Z0BKCJiz/Wq+K+SULI2v34SIyBD3eSsHXp8/vxtLeqatFq2EgcfcudPNENAuhhVS6hQszAWRXw8BpNAWe2aPQGT1NBqk+bypooQd2b0eXS9Yj0GpUNAZA3pfCNteVQdojZUzT4Lx0YEdbtBekWcHaFDNsqBIuqfPPK38CIGEgItoX1Q==]]></Encrypt>
</xml>


2018-01-04 06:00:17 debug :
------------
String:
account-ticket<xml>
    <AppId><![CDATA[wx7f83e93205d2fd31]]></AppId>
    <Encrypt><![CDATA[oVK2WU1TMHzAPPBPN9w92rHSV0whrI0BxyZh9mCUPjOAbEZDpW3jtIU7tXWLRS7Z7iI9OU74KiRdmU+eqHNvZCG1ZC3NcZfYze0H0LqQfwFcgB+fVaYqnF0vovoe6Un4WI4ycRh5VXODkB3Ztjufh9SnzONE0/bSWdo03ejcITDnVocTf2KbbR5tw+O91y7FEFIs0m/nwtal+7QOWFctnlueggvvILyJdW584OmCmkZIB2y+R3cDuSmLfwf0iEvZwCFSJUQ3dwtaxWDxpT0yVZcopGtRHT7+MLLgIz27JpJoYzJ4hH2gWbk7JYNFd37zpGNW4VJ31ONDxMnrBqYuzFy1V+1FqZhpXEjptUwrWBUIvSbtC5/ZELaqJhW4kSMX6b9wVfIh7bsB6ELqtkQBVA4psheFRqyQk0cISV61pu/zU0VzBiGXg1DWIUMsuls+WngZyMzTApmxenMcjjTr+Q==]]></Encrypt>
</xml>


2018-01-04 06:10:38 debug :
------------
String:
account-ticket<xml>
    <AppId><![CDATA[wx7f83e93205d2fd31]]></AppId>
    <Encrypt><![CDATA[1wk6xdwhfeRuDRGxjw4w5i52z33rXHLvjbpP4IOJCAvz9tlcdtYqH1mcPRk8gMaYDtArUi/vdItdIIszucKOj95BxdaUJ9eT5Qg/mTwpP32UorVn18ZjjzzCd5rB6tCDNHy2P9pD/OYRf8WaG9GUpeSXDb+vOxQ6YNGBrtxVvYOEcVrtc17ocAFEeQ83J8Wo8dq2FJRRzafWvKdqm0kskl+vdgYGiQlThS2X0QfwZ409WZDI/TMctxseDfmWkCzbNRp58mw3nkMdQ3T1e9kuWXJCCPAu5yYqNWds/MFoTGo4j25V+9BSX0Gd4a6CNZ23rOLyEXSIYB1IrQrrevkMzP2boRm5rGiSR+/1+Bq6kqXlOMW+l0abxpjggYo+POBtfk9v+swSsXqjsjlHAT6yzrLw4b9gAtSu/3uo4/xaITXvPpao2FPnGVt2d5GkkHqjaa8IRLa36SEya1oSm/t1Kg==]]></Encrypt>
</xml>


2018-01-04 06:20:26 debug :
------------
String:
account-ticket<xml>
    <AppId><![CDATA[wx7f83e93205d2fd31]]></AppId>
    <Encrypt><![CDATA[qdPb1t6e2shyejGepMarkNoj46KY/mu8s3R+ue9Iu8nLOgwV9rmAWlg3j8ISy4ZPdoHQ3ids1qbX9AVls8L24+qhm22RJDy7d0hH+IzBw7FaTynpylFkuZCHSWn4/2W6ySC2rwGcBU3xqsKzBoPOkbtJgQlIuuSKmYnLos84P3lt1SjADfhZODVlCb7c0DL0qo6z4E1M2gJ4TtQuLY+TATnYCTFzULUcO0S8m9AC9eX5NkDWXoKFI8qliOEzvlREh0xDjw9oeD+e2+gYJeXquQpPTJ5KVHcwBshrsyqmtQ5AGfp7rvMQIi2FoH59zh/8Ok2N0wJBpV7nVh3ERAyyJgIdr/KKEavsGu2L2xdul0drqzZxmo64jLDMO+Nf5Jdi/JQ2rWRRadh43+BTCiVemf5EzIU+ke+bQ+G4mGT8y+CS2VpUEASkx96dUVgIXzsictmyriwLnBleF4+iyaZ2gQ==]]></Encrypt>
</xml>


2018-01-04 06:30:25 debug :
------------
String:
account-ticket<xml>
    <AppId><![CDATA[wx7f83e93205d2fd31]]></AppId>
    <Encrypt><![CDATA[WirofLkiU67yP40SsTI4BOcBM6TzKfvuxYie6CW2VT9gXpfPRYQBIwIVh43ECir+jKOhtdJuSalwMbO0pGJyoqaCxudZdIgfqXLHG/KRxKhVb2NZ3zLNFKfnHVXi/ILbEBhwXDM9z+Lioqy8uB6Pbxe3oWVN4isSLJL2RNc3Tg6gExnk4fUDt9Q7jdZBIZVGHrHKwITqEFAhS2Eoz5EO6z71AsrM9tHdRKf0fjcnppxw8vHQr0yhgnSdXv0tiCy0UafCY1troz04RAhaRygwPdqs4JqbF4yVMglkVsef8BzB9uGz+EgcItdGeF5atGozmIvfqqlmK35CyLiCF9cJJ7hVZ702anqdxI1r47uEp70F5rUyloJonDFjLWw8bOIb3B83b5/ksohyOCif51NTYxHVHvJtQ3e4UMCW77myJObRInZicqs3GwWNxV2G4hV87UzvmmIm9eFWO9u1lcKl4g==]]></Encrypt>
</xml>


2018-01-04 06:40:32 debug :
------------
String:
account-ticket<xml>
    <AppId><![CDATA[wx7f83e93205d2fd31]]></AppId>
    <Encrypt><![CDATA[VMg92NIWeegafxvGMVulTvc9faNXa5OgnmAO7+9gVbCG906OzGxgl1o6ASSzSIhm/H8sns7GRfUbBmwtd2asQkF515lBv//bRZ8MUHjG3pyOkJeJpJPqIW2Uwo3AGbu5oLmJiXIztXXYwZqfWRObcM8Q3ZZ+OtRsmV3kb0yS9yrYUwN5t+ItjMr6KX4o9tVXWZrw26jmQswzPxGv+jjYdXYtdoTAuS7bYKJb25jWDKQk5DluQJEymMBFLhLG8kJMUX53InI6UTFFdkdLAnN3/NvSo9ODbtAPcWN4a60EQOXbQUbqmyFydXb38vm8CvXf620J2SWBUINaQaSgysiDzRN9HcH4ofCLgi3OvfVpm7TRj9h8Vc5Ke8HypKQV74Lc9tscyp9rOQ8KK9OjXBzOHCEwctmeBhT5wk+PGOXhEMDomNl87QDDWGlrJwjZhWi7SqTCQzhE03uTZDeOkP0hKg==]]></Encrypt>
</xml>


2018-01-04 06:50:27 debug :
------------
String:
account-ticket<xml>
    <AppId><![CDATA[wx7f83e93205d2fd31]]></AppId>
    <Encrypt><![CDATA[DLwLwyYGOhFXV9ZMR/x17lUd8RWr5kyBM4nDJ8YN23j2zDsmbxf58JsaY2kWxBxHUxCFFyajz/O1Oz9GeilfM28GIBpQsU7b5KBBRqjvHm0hxBnYaRxwHA8B72YP2VwFf8Am4fXZektEv+6trrSSewnQTxzUbKlIOpVQ4oBGYvXDmpsWPjdEAbYzKWOW7K7y51ofAdHbnsqnSEo/ip7ZCOHye2UdCx8OCgAAMxfjQThOJBMQUTvzXWBDaV0hR44ZVJ5KfQ8nFQdBNSxjwf/lI9PUEon+7jA5OF5nigBVO1/m90CXq0MSpcx0IKzrTxpjLizEkGUGjgt918JsE84MnB68BiKNv2LigXOddZPoTGZ/j8xTWMg+J4zzfd2Tp0smL+gqdcBHaQXy/DsSFlbcJxqm+ErJ7PgYKLM4yrycaW7XNVFsQfia70kAfUTXL9lg++c0u3vy2owbGopq1MTfGw==]]></Encrypt>
</xml>


2018-01-04 07:00:30 debug :
------------
String:
account-ticket<xml>
    <AppId><![CDATA[wx7f83e93205d2fd31]]></AppId>
    <Encrypt><![CDATA[h/09tX/P+o+BYh9+zxrluavPZsRB5yKIMpUGXyLTEiHbRE0Fgg22hJze6uPrQ4PkRpXSESTzVBn8SV4ObHlMTnrLBF6WOCU9MNFBbeOixZDgFGZHBy39OCMHBHW+bEr8zlWdF8jXDqMyhhBS7i5dZczDTCoY4hOfn0FEqnyNwFr+g/oK94OltXVXQboVg7GqGfZxpBjikwazwO8KnNRnux+gYqVusdp+G4uKJAR9Qx9KR69PdBBExjZkXsI+OMS45DBoDfuOMiZQP0UNTCDOvnPOYcP62TcnPlpO1m5sxjTivWoj0aC1MpzDooQRGa+YdOntRAixfVKW08MoompHicOggj88tScy773SJY1MNa+R32op3cMsjDjl0xEQtVoNGcczN3+8HCn6RDKskMDCHKBPkRqSUzSaAGNqT6GwjOoDexbwhjGOIpOsceWP6VwnaxM6dR8YtrbZVKJXhrQuKA==]]></Encrypt>
</xml>


2018-01-04 07:10:36 debug :
------------
String:
account-ticket<xml>
    <AppId><![CDATA[wx7f83e93205d2fd31]]></AppId>
    <Encrypt><![CDATA[61v6a29xkKaqUUSlSF+XPauCMb8XDGg12JJ8fiAtRpBxtNCXgwuXaYHsA4o2jhFhc+f9sy51+slOFZ6HG7dsf7f1y0ecLQXqKTX+Nsdp/b4VELOhwr3q02IssWmos2z+27WIdhobevSkwDFzewN8NtLnBR++u1pNo2YeAjCiyjl+lEuWp8Gg3dJWFYGDr/5/2Vvhi/ArmdSXXen5cuahwnjXWEiD3t6CIyjz2hVLzm71R9VCDue8Q0LyPhkO/pI18x/MsGa0RGZvSAovfSuEmiTdqo5TIOpoie480m9/dRRUdJdOlzT2CkodWjn256lU3HwSOxUejdGnhwOMd00ZRaaX+eqy4DDiIJz5hpupmFLF2nBB8mKjyOvRsoK3l7KtDzaFPwJ3TZs0eFIX/M+QkUzZnSXsbovFoIxUWxDsKb7kWMJ8wblix0Pl5waHtdw5Qsn2AovU1nDG8zjdTub4ew==]]></Encrypt>
</xml>


2018-01-04 07:20:30 debug :
------------
String:
account-ticket<xml>
    <AppId><![CDATA[wx7f83e93205d2fd31]]></AppId>
    <Encrypt><![CDATA[S9gsJL8ZksAotx09+xLDMWjh8z/0+lfI0haJmJVhawtnt/OEaRikXDr4CsphIqFRGg2c+jxHSzPvbVpfqxMX/KfGkfKxPPMVALqwADIRMPead2LIQ/bqDpGeJUhgqv08XkF4ebI4W9p3Y9rNxUyjvFh//Tnb5vvkj91s98+nsLfD1hw19kylzCZ+FaQOBb745wRPSR472Tm7XfwcZ0824sZzvv17qa3NkjepcCsYXRrKv+rPPwziaSSehOp3iQFfABLl2LEE8Tn8bRzKSv9Nx5+Mlsj6v2sf6NSP98UZ5QxmvzmON6/h9DY2eEnUNZVHFGm1L1HjYbjzdi1XFJNyZrM4jlbewNtwSfduJOAJH8ldJfKn7Fsrm03sjjNArJRNLwQtocPBicqW/2UuA7FnRn/BCsC+moGPL/wq1Zr+m42YhIyKueR7tLbaq13X16j+VeuIB4+tLaOZcOFEQpUUnA==]]></Encrypt>
</xml>


2018-01-04 07:30:32 debug :
------------
String:
account-ticket<xml>
    <AppId><![CDATA[wx7f83e93205d2fd31]]></AppId>
    <Encrypt><![CDATA[6K/psomkBmpuUvhoSRQxs/knpBq0VFagOq6BwSrslQu/HWKn795DW+v4ylw7qIs451DATV9MM0BrrsTUEKRwolPvw8ZDkrSfwU5nLKIAFUaTnmW385REbRjbbhNVDLCC6hyHQK4+dME4IeY/EToLPTQ3BQyj6pPDjaANj7nGH35r+dlm3ZhhHkAjvCgSdiYJnnEp9wZHxx6dKJXGlI3ChhhtWFLKlGagK0TFmjYJ6AV60lBvb9upMKxp1P1crAu0JUG5j6bgV7ftLhSaghJTkPHaSFKpW6uDV2iSQyM/EfevX4F9B4POgfnJ7KHxYWEGhMVso9PGBkeyC6pShBQbiVcWiZEXwvbxNszf/oTkei3Z35B3bDjQnKeYfzEEuAx/U46sgieNfBl38korH9LlJ41mje6msmS7tP0NjETFuDcS6U7nEzhSAZqrdO0kmCz4+DgFVd4fZ6k4w43qlfdGNw==]]></Encrypt>
</xml>


2018-01-04 07:40:35 debug :
------------
String:
account-ticket<xml>
    <AppId><![CDATA[wx7f83e93205d2fd31]]></AppId>
    <Encrypt><![CDATA[ElZIa9uKZNaH4FNRRet9S/DglxT1WLIRY3P5QUIn7S0C/QqS4bl7kTvaJvTr9M5aFIazBLsSmv+ycdco2QGbRGS2wbqWkZlUCPCunCd+6UJM0bd0ubygqxxyefAKvJhTyU3vVhZe/c1NkxAFxdi5UMeWohDRAb4f5W2Sk8B83OR6Jqnz9KHqGZtokDvXPJiuIHuMbXaDuTZe8XORhnK6JKXqQuIGM3udyPwNUvucWwqlxC4kUJvaXcn0QmAjX7cwVzkTKczUAGW7lcP7hEIHN9foa7JpTL0HzBXW+gIRczeByLoTuO0SmjuNOxSn+rmMUniQgunuhTBAaQayblAsVhZzF/NxEv/RxrcEwhAgt3gWRLuD6H4Kp2efHQftz34ObDCDJoqikx9nlRT0gw/i0NgPfbb0qqotylMaaz+IdwV5bAoY/5afpwW1peZuHtGpL5XAVIOHNA9nrpPBbsZZ3g==]]></Encrypt>
</xml>


2018-01-04 07:50:33 debug :
------------
String:
account-ticket<xml>
    <AppId><![CDATA[wx7f83e93205d2fd31]]></AppId>
    <Encrypt><![CDATA[8gHeuaBNNrpju2iGxliabPaMA56xxjkBF/i7gIdkcK7ejjxwLPEDIAOQRKpERZc5s8A2FdL0UHv/vgz5C6A+wKIBwjemCrAX7pSW2FkP71clqY8v0Pth4odPWKT2hd705I+S9LSHIyS4hecbyNv0WwM+PstmbGV+bDBkKzFln3NEwl9bZDBV5Loj2kKrJXGWaycBZChorHf1nIFJMHzGZ62tNucnC1VWF60PnAKipwYy1stjX3TcVqkJDmOHcUmL2HAc6WLLVN6R/mIM7aidOsPhU+T1EAEK/huGKMEwY3UwpOsbYoBft/mJpwFAOeVnaYNpgLan4qBTVV/UNF4RGkK1kcanCo6/pzuHSUxiXwbBfgX7JPtZh/fSWK3GwYaKIUL8zUoJb/ovPEkUyyXY3sgGDFIz3CNj3hD1n1wVdCD2O/yAz3eyFBFjiUP9DOFhH0BMiPrULecGeHdMbX5GbA==]]></Encrypt>
</xml>


2018-01-04 08:00:35 debug :
------------
String:
account-ticket<xml>
    <AppId><![CDATA[wx7f83e93205d2fd31]]></AppId>
    <Encrypt><![CDATA[Px1flpptHPkCU6NKn71oGV73182Oq1uQhevvpP7ZCQDihnCN6mf7BQzKY6gc96K++0jB2ypwitaTcQKviA2R39amoQaJcUxJTZ76k+yKierA9H0KFt0N+oEVYR1rdW1rkaOtmP6p3SeYT5tldd5CLrWgY2jd0zLQtNVXvsnwAihJUPEUA5IsskZhOw++bxMgd0Reo8x0Hs0AV46iyfdHHji9u0Z3/GPN/w6eWhkGmuSEiOMDW/Sv9u+7dclSqNL1tX6g0d+llK31J69pAylOWdafIEIlNyRWoA9JdSCKinFn1JKoDwB60BnROEpKo3IbASjGvjGbhhKW1Uo+7o/FLV4XJDJJAHy10uprL9nt7mlGiDIoGb9XmMYpJsjsAgUTocSn0AfwGE5jRyhNtNx0fiwPYrhRBmWJD9xbDEgoxmuWXkhLrrGWygTPX+lgCmjxPAHjvVThJ7XDbpzsg39XTg==]]></Encrypt>
</xml>


2018-01-04 08:10:34 debug :
------------
String:
account-ticket<xml>
    <AppId><![CDATA[wx7f83e93205d2fd31]]></AppId>
    <Encrypt><![CDATA[lQQjq+cUF319K3jwAXP+ZpA1TOBcO9PIDosLnhSpFKlhKyA6M6EOUY0HI1SYQ80UmSh7u4phx9ST1MAWkPJILqlEAho/xnRE5e57RiucyU3OERQkl/U0tx3N6yskV5K9ca2Q8elbc4aIVyRdbPbwdwAowMC9zLvR33Co5JGagxx/vhZ0K1jViYcte5/hdIpd43wuFH8jwd4NtcRrUVEnvFU0h7O4XzEgq0OeCJLxuQ35xUVD1bV9Ym/S2lrNlxOgYqPxzs+UMGpM8zByxDx0tAAA7ezS5fsYfgowKNeq2045f9wutguRix13qRXAZ9r33SarshKUk4hapBTlElK6hGv8I01XBST+FukFt5+3m0stcyRy+DR2jya6IWT6iquiyTBNmbwFfhiCd7ml7Qpg4+1d2HHBwBk2UYtCJv616KHdAZGw2yK/pAZHiTBXGKxx/VbTK2gPPeBtns4x55Mgvw==]]></Encrypt>
</xml>


2018-01-04 08:20:46 debug :
------------
String:
account-ticket<xml>
    <AppId><![CDATA[wx7f83e93205d2fd31]]></AppId>
    <Encrypt><![CDATA[kSJc8NnVdh36qNxEI1oAD5nOhbgbwhj+o+AaMV6UmeI6PEg1IApcVwEFpgGi+cteHW6ZS37nQN0eFY7uAWx4a6oViKt1pgjDlw6HAn39UCExeyJAM0TLH4eKSV4DmwdCPltTUXi5NN4DXqX4yfsg0z9IC7o+I4FPTpssKpL7rCNxFpkv9sOcAcZQArjJ/FTfWC7zA3K6L0wrJFygYKx0WG4iXqB5kMMpSszaXJav1aknAJIBU38486tqlEgRmlFrVjeC8eEIdOc/ANKoslB2ZXEmRt4qJ0sytWn8d6qh98IdzgHuf/t+c1UO5aTjKI66uU+7p58wmji4njX6iDc97IR8wpZxhjVs2D5K5KzPiJwQjT3HOH/hEbmF3QQpkcyErco3QCRLlcysi/kj/NX9KT5NggBsQwIj8USnMZSM46MA0Qqi8S+nISt+YKPpK284cRnooMbmD8pIMrggFsNy7w==]]></Encrypt>
</xml>


2018-01-04 08:30:47 debug :
------------
String:
account-ticket<xml>
    <AppId><![CDATA[wx7f83e93205d2fd31]]></AppId>
    <Encrypt><![CDATA[GJYT9zZkADCPqBZH3j5+2u6XPPQCE3pXQ70mtwBeLOHiA7C1HGjlRI2OIlONUSraPz8xzHv4H3HKLB0W3SPQgTWaSOflHBAsuTAlS4a7yrBKkYuAie4p178+bo579djcC8wEv4LXvDjadc7icYvME6wuXL9sOBDBYiZqeCpE8nkaA9UKaFqpfTHVk6cpbWs4vOw6QfRARXJryeJefIdseYuj9eX508vJ8O6AAPgnFTc6htaQnuV2n2ot/ytX/iW4GJ97lz8a0/7zgStViDJF02Rifipl37bEcIp67az5EaUMIuNKFdyxuXYNkeyzhl8kSKTQQejOhh9ynL5rCY4aJ/vLYDoTY8yd7gcW7CLUh7wOxHkuohJ7Z6BfMDit767x5zXF6a9GAGTOPNeDERCEtr+A6ObFlAZWNraQxltcmiUGe40nAs6aETSauV7cwgoVzpHsX6t67sFuCdBdpmQDOg==]]></Encrypt>
</xml>


2018-01-04 08:40:51 debug :
------------
String:
account-ticket<xml>
    <AppId><![CDATA[wx7f83e93205d2fd31]]></AppId>
    <Encrypt><![CDATA[MGsxu7GWXcCizSJpkOluITiw6SiRPChwQLigV9asQSjyVMxdRgPNUAwUdfH6J9E1sik7yXJMRSYSSLmoSNnPoHOiYQgDJcHcSqCV0JBnnRcJaWnDJGA2SfxD5Dz7u/+7Ern4Ks7+rjgGEPDbOjWQX5GpnoiUOLNj8LPDEppwqtMQRgEDtwkFcFKx89hlJ/gjksnbo83rFxfZbcU6YNmbuJg9gUnDIosJmUwd73PBC/WcOp/GnhmMHr6ziww8cTMxk/n/stGOcF9n2sHBJ507LjzTv6BKAo/B50kYq7jqNpyKN7sfBsUwqrpbnkpJEkmtA4qWC/OW2FqlV2mVTAbs5lH89eYtiHwrOK7+o3i48WZ1qlah3uihqAWwXKL1u2otbl3ObkEMfC038Y3s8+6ckyI8hyrBttpRySKvWxLWRZo+a5QgAFZl7XHER4I8vTNqW9fz7Gp528lKjH1DGxS2uA==]]></Encrypt>
</xml>


2018-01-04 08:50:52 debug :
------------
String:
account-ticket<xml>
    <AppId><![CDATA[wx7f83e93205d2fd31]]></AppId>
    <Encrypt><![CDATA[Ta5WbtYQIsIlr0QheMUehYmWxLSV9LlXMAtcSIN7TLK+9yfejAHyzZwIfqR2c+2tJpgreZdP7eMUYHKGQaSG6iqIEzc8LP0NAPB/FEYHGg/AAy1Lh80y0v6Gol1Si85lO0eNXpq1e73B3xExOxDvmYnzsXZUupf8Zm0n9kfPy/FZHZcLQ097iF54NMoI1fxVsfwxJm7r9ujI7G0x4f5HqC4mJV0jmZtWdfLx7WdciuWNmhDQYKg9T1D6xuYOVpgr3Z59mQicXA1QyzIOnVczNY5t8OfZtmQn58QhJDTRc2xzCUp0b6i4Wln2XROlUne/Zu1eD1h/5BTsqYtN+2ijv53Yk9p8s7kT0PqtuAdJdXGdrFOklgedvaT2Cw8LSBko/sHhdWxjd8tpUWpVOlIQtQ76/an9X5QVw0Wxket71F3Vj7MmEkXL8Kh1YlZkeAR6AmO1VaDismX9/ylXnZ3/vg==]]></Encrypt>
</xml>


2018-01-04 09:00:53 debug :
------------
String:
account-ticket<xml>
    <AppId><![CDATA[wx7f83e93205d2fd31]]></AppId>
    <Encrypt><![CDATA[JPg3vcvjIsjLiG1ewwlnGeNWkcckezUu3xDcCV9zI8nCmPmA27NthH0umnLT1cbWgS5VqQg3bHpTIRnVg/8tyQ7NxdBOp0Ao4Z8Qn12dBQxvh9uhpPw7EcWV+G9Ln3U/mV5UMPi86WUL09Wxfii71F9J1STcyRqHsA988jyLPeDSCTPdapxSCtRWE3xZStM7oCPxZ51VIBijCrPeOFi+r6hco0OC9Hni2yym993vszEStdLJKVKDK6BC48IZbG3YTpP8exUdF2xd5Lj4rbPxaH0jJ7c6YfT02eBw87KK64G0XpqC1dEfvZoQIbEEJa/PJtWU6DSCiuEYt9BtThpqwvXLkEBtPUOJaIVxr45jnpaY9A8N0O1qijBx4YsocyobbqllQGXtXB3zUPUsuZkuZnbVUKF+27PZqOm++KGaZ9DrUWTcTTtr3/1pfrXPI/jiBi6Q7AShNFFlgP5k7+6bKA==]]></Encrypt>
</xml>


2018-01-04 09:11:14 debug :
------------
String:
account-ticket<xml>
    <AppId><![CDATA[wx7f83e93205d2fd31]]></AppId>
    <Encrypt><![CDATA[dvIaw+uSJndCyDjvpFxvUlrVPGpEyN4/x2u/Q1oyue60S/l3vuwD6AmstH4qXB2TkDkSZtG/BsMw9c2UKsl1TBAGdLT9V/NgAy6vCpTEUQ00iVP+D5A0CgoLq8EAuoNVuRmmjmXNVI1pNVoTHXxWbeRmLPG1MVMIPTqBRkK7QxgeMmdq4UaLVJK6jTFRS2anIxI9A5lp1vMsacawayLujt5SM5fBOyMDRn+OfPkcyNiCqE/4sa0hFLDj1jydysBo0OG8ElOjoh6zqpGURtldNm+WIy+OjHkZeeSBfksJa37FirldHKISvSiC7/Blgm00LT3oB0MhgbJy/09qKnFTD5WuX+1Ytq52A/onfYNrmGMrVakHXJKwEtyvgEt6oL394Yfw9VBiQKr3aVV44OdEaC57rjPmdjJIej5riRYZ506uNlXocQ6Jf2QuKBz3opsrQzeYma0iKQ4hd9tXGDt6uw==]]></Encrypt>
</xml>


2018-01-04 09:21:05 debug :
------------
String:
account-ticket<xml>
    <AppId><![CDATA[wx7f83e93205d2fd31]]></AppId>
    <Encrypt><![CDATA[cNrbQDcJRXWZzhnGK1gRO3k68W7FPWo0cAxDqDQqELZPijSVzA0wlzfggPsqGcEVQ8m507bsM+YS4jzAiuRiDqrXGoZ77mLfOhzb4OckHbfsEK5RaqCiCQpn9SLnnffh6OBlKibGKpIqCbfIAuCZ9GAE9hi+iNqFo3lABRmL8DrSzC3Xs4lKSxS6xqiQIY+/8kjJZfE+VVJS33Br9kK5x+XolAIxQipYwzZ7s4imSNr2vAhodFFbXROkMk04OQxABfFV+wfteQlbZ94P6Z4INXTIkVaMR1kMxhrO70+P+lzV7MHcQcltfS2O/EfAObuvOYlDZkThqxIQV4hZirBtiwlNZum3V9FpTKYYtmV0qAUHQjwSDenkmPKgHb2vLIm5Tg1zIzya5di3prvjAET35US89rxGYodY7lXne1otHmPdx4A6m/hgO1B9OpQ55z//twFlDAgLeHNF6/NfQaO9UQ==]]></Encrypt>
</xml>


2018-01-04 09:31:03 debug :
------------
String:
account-ticket<xml>
    <AppId><![CDATA[wx7f83e93205d2fd31]]></AppId>
    <Encrypt><![CDATA[YvGkaqjpDz1WhCpd2VOxqtQDROBSMl/S1341jItQjuLVZADnie/yN9yKkYLyiSiTRf9SPnvz9UvqRirbWBPjxuOzsautefMLIj2i7jQh2IQMxwkPrjBWAqXFRwRarzdp0FkNvAFKSEC9asJVfJfIeTaM8fjAg+pMxgS2z1rQHuJW1yNzQfxREjRpUY98w4YP3DBB2NDeufwCyhujgj3WjNR54JESwhytuuQd6neJ/IrECzDHFZagM9HByPxY63CwJPqkE+feYBOn+taqAJY41+XDtYcd+4aeAxSIrFGzst59Ht76iTeTZju/PhdpqwcqMO99veFRCmKAQzl1zysJtNLv4Jcj0v0V7rti8UQbyYnIZdDjSWbfkLxZzyX5wOLn23gGrDkvado0fqwFVjbEZDqYyhYjimBUQPWuhSyMhvOMiWdbsURRNxC9vQxuJS56+6TcbqK8ZIOUTU4lGoc9og==]]></Encrypt>
</xml>


2018-01-04 09:41:06 debug :
------------
String:
account-ticket<xml>
    <AppId><![CDATA[wx7f83e93205d2fd31]]></AppId>
    <Encrypt><![CDATA[JIWNea0jczbX0ZZjp+IGchVS4/qSkIo9KK8g1HFtC6tAZbWKyAMmeaoHyScr3FCo1tVLdX2NfdvE/AxFgUtZKQ22eN7M2bPxnW4of748dWT6eNIP/Yfyr66UzLusSLIrLkK3hVVoiqzNv+DDGHBocDuWIJDlKK/mQdEMc2Z1QlQ1qqpgqUgepeHTfYbPByF9WkoThQY7d1ODQaoyWPI+pDQiD3/o2fk25TYInBnGmSW9WfJ7fawlazAQRg0b2mJsAxCG4BzweuhQi0Y1YfS5fI/r3LpuSgzqFWSGxRZ4eZVdnhnYD/JZ276T/vY6Uw71StZ9XCbhGeTI4OhWMl/C8zmPIYZvHXw95KRMp4XiQtbHYgr23RmSwITC2mTiTS7G2AiEvUodj6tqkiJDqJ/+b2WBZOXaxcVR3XpWJekTXxpBdosYFaHlcBAlpqPhp/QwQlBrodPNafsfFGspnNZ+cw==]]></Encrypt>
</xml>


2018-01-04 09:51:10 debug :
------------
String:
account-ticket<xml>
    <AppId><![CDATA[wx7f83e93205d2fd31]]></AppId>
    <Encrypt><![CDATA[m73NBAgBYRSJLUg8M6wiqeOtpooZUuwuwuQ8wS4Qt8RJBrCokupKp+jvDNlirm0VTKF+pGAG7xhnga6T+AHC/sqW5vzCugPFztZiKi2Iqzr7yYOTIFmyek3xzDG1pdY95l8AAFdlrEZP6/IYaUprHASyhJ7v8gXKdB38SLgP3yMNjiCD42mxPBIwvC5Kfi8Xn0oIfb3ZQHEy/QPfQs/Y/foBa3b6l27d41GN5sfywSRgCccyzoA4q0qqT2E7L0W6TueCg3MkNPq3QPRu5Aj3tLja2EwbZEe639Le+Gg9pZsdURiA3nTgVPpSw2NLTVUCBzrdNZj61hMgW5YWLl5TEAoF02C5vCOY4rrqLNy+cgX6KoigKwc93tZOhpyBEzJOTf+D0A80KEfj4o9d1Bf3EyN4ZBYCsS83Le0eizaj0PCOvHCmnbY2i/WOZnALbzSKTFakckgrPAltlBiylaCFOA==]]></Encrypt>
</xml>


2018-01-04 10:01:10 debug :
------------
String:
account-ticket<xml>
    <AppId><![CDATA[wx7f83e93205d2fd31]]></AppId>
    <Encrypt><![CDATA[8htQMAhaLow+nXuWygWA7FLndSTy06NknQlQ0/DVDNBsiULpp7c6RAtsnJZelW0ZV9nmUd4lf3KcZmtgAGi1i+RkB8dIDkfW4fScDWT7cp/t0r/rW80LXJFB0f/hhrGYK4KCWbraErn52KF3w8QUrNVpzGV2Vo4KTMbepF3rKw3bXpkGQloVaDmROkTlTi0JuQHyZ7DTIbbNUtVrqM81x0k9PWEXk5mJ8/E5WZkooSkaVzfeQIRnul6PQk2nLvKG07UhuPPnI44OEeH1v31bLufEVQ7oUX6ktHgm8lQHsSW0aonEOVsxDjsn3R44gc/68Uu1+3xiiZVKmnSi/vutFfcKtHu+zAaHwm4qOFAruH9ymzAIFSyy+OpESTxmGntashKsfJZ5uUelN/Ssj7oyPk9uV65Y+ujhS+zCDWG24FE+on6Zyv6I1WwmBUTPte4plWZEMZjRe+wlZHN8FB9Ocg==]]></Encrypt>
</xml>


2018-01-04 10:11:24 debug :
------------
String:
account-ticket<xml>
    <AppId><![CDATA[wx7f83e93205d2fd31]]></AppId>
    <Encrypt><![CDATA[uV/RMJxVA2kk25XR9a94jlEY759KR7LRNN/0iCBIgOvx5/Vz3xKiVqZ1/5xs5F00NTYTc48H7axwfhaz7IL0L1QkUc5l2IPDUCx+o0Ne73p5Pd4ri3OB+IC3b7a1BJvr6ymB4c8Y15hjUA+/iDiIcowv2GVGqjBaGcs5uSHNjcK6PVnyr4LdBJnP7EEl4YMNj/a7cED/U5ovkm+MhnwdBA7lLt3jt+/Ehy1EaGM6GxCbeuJxMMCJnEensqendKqdZCVeMplWOic3HOWaNrGj5//7p+QlkpwYrJRRmBoPZloF9/JDp88zl02XI45RK2+Z3bNni2asU4nbb3JrOCL8rztraYMrbVCVe8N21tf2cQ6wDpKWE0G6nkKA9Mk8en/JC1spZIOkCzxZvcxYkeyVsmcbTuBqG+0fK7FIFjRnY1VUMBMzmCACC0YRFOGTI4KsRO/N6x7YHchf1lX6FRY2FA==]]></Encrypt>
</xml>


2018-01-04 10:21:13 debug :
------------
String:
account-ticket<xml>
    <AppId><![CDATA[wx7f83e93205d2fd31]]></AppId>
    <Encrypt><![CDATA[W51ZWwY2pmNnJHWjBUib+nfq9gGOQhDZeR3Ca2wRObvk3J5T8mVvCVk8THZsjM0d1GKs7TCGIPNK4jcocQMo49BtvqT+DOXFr9EBk6tKPz0BB96LyWmC+LbbQCMGJTX9P8gU7+nIe2oqLt7yLePdVKv7FnP1b8s2vc83h8qF7S7PePXYJQXIkAhScTdg9nkTRHQCt73teODVbvua6G8WyFHp/yqu3yAhHtz2370Zbv3ZzLD7S85zmR8TOC0g7EPcS7Sj84ndZ6BspA6T/uCHYL3ySSKUIkx9y00Y8A83QU3gaRFKGI9tVDFn8dtDmV/wNu7AC1LYbsH+TSJMhbWu1Sgx9wyN/QLbykk175cp/PepTK55ljR16fafmQ+Sz2yjJDC8Wq8IsIK0nyRf4rAti4Pne7S8hdC2anekW90Vf8tB34jYVhDLCjwPCRZFg5zB/blS4MDFo7wXyGojtUynsA==]]></Encrypt>
</xml>


2018-01-04 10:31:13 debug :
------------
String:
account-ticket<xml>
    <AppId><![CDATA[wx7f83e93205d2fd31]]></AppId>
    <Encrypt><![CDATA[9dRixDdhWCubYVHxad5bste99LlanXYdlCvfLH90CGqaE9ib9SFUmW9tV1jIgONHdnLUSWwgJo/eXJfVLf49/gDLK82gg6teLaEmB2Mh0GMliTEmhBd0B84yQLWg3yK9GSOLb3JhF/ofr4JgkEbgJNkT85v5EPp3typJq7qXOKmpDyA1mPZFAgx//UfoR83OjZRSpW1YGnxw+UlJRVTOZDJKWRQ71V8xXc/Gw7vOdF8BEIN1chVI+YnqVRu5SpU/YV+qkPHsWD1oiqd/BYkyKgqe1yLj8gPgVhsmhOjPFUbS2ISqrqRo94CYtgQ5FG47kKHB7deWn8GaiaG9hqDcCU4fcpDqjWySSJ7jOa7NFTeXQDWY57TQeWWNNQP9SWzpzifz7fxbKChyEdUk1/PiLHwNMSUabCuOlM1dn6aRCpAFhTB0PQSwZ/N3bvtJyEfo6rNzPClB+5/LEH5PyeFNgQ==]]></Encrypt>
</xml>


2018-01-04 10:41:16 debug :
------------
String:
account-ticket<xml>
    <AppId><![CDATA[wx7f83e93205d2fd31]]></AppId>
    <Encrypt><![CDATA[Px+NFKCCcqgC90J3x66cGDe4nRa4I1q62hZ8pEd5RiH27QYcJHEH+PbhuDy1XcGrD6HxTrH+Fr7KPtqHD32Gcrlk0skOAEjJj31O3bqVZ2uz3iQDDjCe+OCEwbQkbO7QTsiexxzeohRheht4GIEo7GO+ukeoy8tZ9skqDOf73XSh2AenSWfpP2aiadwdU1bRXIeW+S8NjhxtywxNz7pUvt2HtcohlyosMUVBYfBL10Lo8y/dY2Rbe6Snh2bpzUsDyAHzENDPquUJSaMsZ9iadWNZ2UqAkycTqex8HmwTHe8mrIUMWtBs+d/bDySJHDV3WQL2BObzYDh9R0NXaBRcIN3QBdNQQRfO/BrNto8lv8jWViF7WMXfYEE7LFf+B9WGNuIGvHx9ixh9qmmLcCOFn0WtQRhYNhfGS7XoxrsDD1W+Zr0Fr5V/uISnAB/JKQUmbGsVrcneHbg0I52vpMfZHg==]]></Encrypt>
</xml>


2018-01-04 10:51:12 debug :
------------
String:
account-ticket<xml>
    <AppId><![CDATA[wx7f83e93205d2fd31]]></AppId>
    <Encrypt><![CDATA[lVGslzEDSU/hSzdhN19FJmcqcThIuumqF7BnyvVhjc78Fs6Hb0oJbWGiw4//FKATMdPpII7Nwsp6iNxU/qa5HxbgPmuMF/Ocr+wc9P72Ofi8niwFA297c/zXNSibL6V7/ccLJJ1lzkY3wdctbiIJ6AgKz4YuJdvww46XbEHw0I12Q6encarpYUB4mNWgu3RJaSZ1rmT994qab8XTmJpVu79D+8BLJhzybMEnmplQ7ViO3bDpTXQ+E+84vxiiQkRQV5q8Yeh8ffCTd5HTVKpgO2ErL4Up7qurfnCbLx8nE82JYNfBG/1okQiz9+3DrDHOp1hzOlFIYAQonFr0OKhy/cgOMbAemxcC15B2alngzWNu7jV4ItZ7MXtYYXOB0qbHD9kkgv5oMTiaUcmSqPMwCE+QPDGc5hFc/3jYSlSg5MDqE1I2/EnmXawAekSO246wXYRT6GGzkCVvxjiQp5gDdg==]]></Encrypt>
</xml>


2018-01-04 11:01:15 debug :
------------
String:
account-ticket<xml>
    <AppId><![CDATA[wx7f83e93205d2fd31]]></AppId>
    <Encrypt><![CDATA[1Kc/99I19Y+/P08ttfUKjYzniQdSc1eerNZiaIPizx3eEfbhHKzqacVYxQiPxvttanR0HlbYKa001ekNBytvTeUN+7M7g0pknDDR4i+4E905h2JinnJ7cYNbzdcdSTuj4cMBD6UB51qy8d+vN1X72xU1VevMib/iCIrhwoY1XgQF23SrUT9jZPC7tPIKKWPXQfOko227pf6kQ8LOenErUn2b4JmnKjoHISXCJQDThaRlCskx5RWCL6o2i+7hhJAe0LjJuZTHJUfr+ss7fZJTQEDfGB4gzQPL7C6FUSVYNUhA3LSUOPasyRIUXXxHEjvrAlqzYef1DLMJaTy5TVdvGq/uuf1wpQXAcL23avGmO0fByvtGKA7FmAoOeXgDLzPnk9EWpAIvW8dqhTBCp67eUBgikLqqC0g5Q/V7OX2lZrZBZT1Q6QmMxbIih2+xNdtbeBHWwOqPF4Ffjcyiij/YgA==]]></Encrypt>
</xml>


2018-01-04 11:31:17 debug :
------------
String:
account-ticket<xml>
    <AppId><![CDATA[wx7f83e93205d2fd31]]></AppId>
    <Encrypt><![CDATA[lOsD8vgHtbsYead/eI1V4AApSs5Kitpf1nRSIK+zECvh1FVUV83HnoJvMjqWN4QwR21EHFFabtSSjc+83rv2Wo+d6Dy+alxZBVYzi4deO1Hapx+mFIcTMyAtwvb+vrN6Lbvq1BCBdubCxrUa9b051UTubUzQ2tkJc0uCtuUfO3uKPyPFUN1YxNKUad8PKguw/Bj5ktdutwshLQh+CwA/NzgjzDj4ogrOrNdkYv+dn6n60/rjl1LiyGQ5E9Sci1OFjUEn7TC3lRw8KrHeQvQbjz8+uqX/lbmrJcTFLnuFT4Xc2MpiaQ9ohXMIxZx/LLjFUP6Y0DajfZS5qOtLWUVK4GWRi305QHFQfdGf8oaQpY7Ho1lumvNynytQuIrMRkxIMr531WgyVYetN4HjYmdMfXkDSVXyKhZa/IUgfGgA1pk0BD3ArfB4BHGm2UuuirEKIJsAx1X7bs3RtpFEQ+uSsQ==]]></Encrypt>
</xml>


2018-01-04 11:41:13 debug :
------------
String:
account-ticket<xml>
    <AppId><![CDATA[wx7f83e93205d2fd31]]></AppId>
    <Encrypt><![CDATA[ZX8R/jqRkljl6m7Id19Wqxm0JJT79dIZVIoXBunI1CzLWUC3IiTaO1DVxNAjOBco3c/tjBr89Y6ZqBYtRqYLIDMBmbHbYzcFkmaS6sRE8F2pin231whKwoyC9K1C2BhTIdLX93t/6FDot2zE1Xe2TPp4qzptUcG7vvjvLADdaiHJ/Ry6XfAQ6bBh2IciQXfJBek9Y6jEiuoGMDWcCCm/VjuTAtglnu0KxG/J8gsR76v6L3trvUk/u8eVPDKP3jspdaQ2g/E4pzRm29T9Kf5n1AbEJJb7E5IcwrYhCEAfFybjgV6Yhh/ASk/ojj+x0s/QZdXG9/ngKY4MNXcr1PuUc5rAz0geOBN6roP1i4fwXUkERJ4JY1CGdr61CyE5Ir9kW55dun+PeG1Xl3xX8L7wz40gnWpUm1EdzX7EujofiUAlpNnZjryzKJFcaNnQEY5jNYQspHdTcZFzoWMEhaCs4g==]]></Encrypt>
</xml>


2018-01-04 11:51:09 debug :
------------
String:
account-ticket<xml>
    <AppId><![CDATA[wx7f83e93205d2fd31]]></AppId>
    <Encrypt><![CDATA[5Qxyf1r17hv14eFyvR42B3nhsplIhr1oBWZG+xU/umX/aTO3yI2tCpplGRmLIzh8XevygR70pPwyXywf0BOY1dltsj9s15sdWJMn4bMUxedqJdcPKKEF/Eah4JIzGv4RUYI2v2RURZ/029lq6DNaRs5NJ2lyg6yfQDq6lT3AnvYOIuggc9xOVbQGA0/nkMDWSNmfSsZ1I5hTWTOkFZnZBWSqAZYwMiHlnDZs0roq0XG9wGwdinkSvdRSOxE/BOUbPQ21AS6PWVZkLroGJVIxL5RpzJTPMv3vf5iJj39ZrNhT4nmM2jpEmxSA7kxm/29nt/0DBzmTKgPR11QSSY953KdgL15eVkrN01WnYxcjUL/CT4ZM6cRN4UpuL0fhjiWNVkIFE145HsjOBbt7TFaO8VdIV3ql0Q55ABxFvD7R/jA0N/5GHHxtjhAtXuvlMz38pGoTtjTLhYLyc4KGznlG5w==]]></Encrypt>
</xml>


2018-01-04 12:01:04 debug :
------------
String:
account-ticket<xml>
    <AppId><![CDATA[wx7f83e93205d2fd31]]></AppId>
    <Encrypt><![CDATA[dk+yT8rDH7pCmXqAlUXwhcybD16QK6ZYHn0otyEW08HEE3AXVKhwGu3MCkkgrhnW9uTCiwzL/bQGj5mRQv+R5vSg8KaHfeaecTCXq0vAewk+3THjWAkDgDUyBjngELzkMgKiGQ0LNEvhxRxsE3mw/mr/gPpDsOO4pMJzhS4JQi1CzElzonqh806h5v/cPzs6EZos0PlEIF+BZfQG/Gfr5n3rkvMmzDzy6rEAvdSA1PPdK04xSskQ1y12Ig/fIF5GhrSI2MYUavFnpXmY9jecPuoh1eZpRwG6SKG+szcDdmcWINokFcv6qAsqfnmEw8vWpvJRKXHvaqE+tf0qtVnB8zZNDleCEWeE4fmYedRteDHAQMUeRcZg2nz5xsxtbOUv9l81L3Aa+CRKT6l3rHBMMQvN7fFMeVmgIhxW2ZByl0brgLRf+vfdYRCdYOYJR6X4aWT9J7F3nGd+IxPczw0dVg==]]></Encrypt>
</xml>


2018-01-04 12:11:21 debug :
------------
String:
account-ticket<xml>
    <AppId><![CDATA[wx7f83e93205d2fd31]]></AppId>
    <Encrypt><![CDATA[2wMpmbCxIR+YhKv+ey5y5iqzEEMOI9dvZUWXcPbJNu8x3eDwqeyEhVFvIa6eTga01neXEpzzWm/8Xkor2YpAgxq7eGnJaAm9MvU0UobPdbT+N8/IOmFWpzzVoCG1t8vDs0qKI/2VsHhqfJghVuU2KC2VX/Vd+vIam/fSHDBdF96gMdtoAWDyDgTw2y6DcgWhaSPHvRmjZEjrQXgPk53k8z25EYehWLh/36o5wr1tRB4A6J/mW8dBS2KHxltC5HKERXejlOIZJIjZtD/u+2QUtCJD5pmQVnEuwLNt6QtS1WumpkTK1B9aIX9adjEun9eJrqFirVrUfYRu1qwUE8770ZCGWq+uG/e9h0u5Oz6vBn7xd5qKW34XeWKGgjOp4R/GFaTQPCEuRoyQmLl93llgC+0c8DFx/TmigKg82+Ct6OIe1zR9B+NaOMF7eYjhpcGAS2z4rUUwuJ/KRWQZeQHYgw==]]></Encrypt>
</xml>


2018-01-04 12:19:17 debug :
------------
String:
account-ticket<xml>
    <AppId><![CDATA[wx7f83e93205d2fd31]]></AppId>
    <Encrypt><![CDATA[VLDspgLHyIhQ5m8EqLVe9CrMTwDV4Pd/f7ELX51TpjCsndIw4UkxP/vbdKL7U01ZRsA8I4ld2w7DE2hOXE8EDM8necQT70w8opUyNb7HGGqwTs+FPvITlgSlyRdn0eUwyWLm+fgoPtuhs5FrhpHOIibLqeG5ruIhWD6aDQ/pzjvUvmmPLpMU0D8FlHkbS3dRZithDh0wttpf6Q61hCYOVBGYhl14naQPcv9kPXlPsmfcmsvheV1IyPvR8TrFdEhB4FtynsAmTtlAnLeWG+WhPjJp8DpJGRe0x1wSUG49iB653yiqIPTVeLfz3k9bejgQHQTdLS+A/8zZldTE4+U0kBPl9XnXBROf3AqNkZeYkduSLP3mg8BZYunnv9/ME7J77gmgjyxLNkjVyigdvK0t9ud8N4XkvLEBs57lG4VSBJ/j1ErBUApLNP34pAjMxR7IT66zQ/jSp81QkEFnRPrOhA==]]></Encrypt>
</xml>


2018-01-04 12:29:14 debug :
------------
String:
account-ticket<xml>
    <AppId><![CDATA[wx7f83e93205d2fd31]]></AppId>
    <Encrypt><![CDATA[uEHmsLuq2w1l0oy/1X3Vv0oi33zWqnI7QarS1CPj2ZSmkgPN6oX/cMzHsjsMrRlyZzoLHAYSyvIUKyGM4S+SF+CxIIomNKrQItpUEFsRQZGh19XzZFX6KBfUoUbmbP+Gd2n2EJUeJ8LISOFFOM/kiz9M5YRQKfvnMLXOqDN6QDYIxKMPr9iwSIYydI4plKLWxnuUukW5/EZVNXxIRZBPkHtE9pkQsb8Tdi9N38H9QvZPx8nswG/CcSw6V1D3DWIqzrvOtsMzbPTvkdgf7fdbjAU12K3uCBRJarS05+rxKhH2RNFoRzG28Dm3K4iGfv5tUxHCDdjNYa/fl3YI/2sFPM/wccxhjDuuzN5FVdEn92BDtD28vPaM9yhBsSo/T10RQM45gSXFlNU5y8lqEPIq7uF7CMk4GK5QOEOoGjV1eVCzOXGYT6sIamAVstjhLU8rpKpBBFvLYDaGgGjAU/hp8g==]]></Encrypt>
</xml>


2018-01-04 12:39:24 debug :
------------
String:
account-ticket<xml>
    <AppId><![CDATA[wx7f83e93205d2fd31]]></AppId>
    <Encrypt><![CDATA[Unzw+/qOS+to665E0feuY+aWhDkcXDavlmIpKz8+BV+NZXN5JdUJm9moFU+KWLQ0NSnE4FBi04Y4OXs9iNiZuRRfMtBW4aUKg8jTrdAtP7Q0CJ/N7/dTbf5RyGXYLDMa8rxxqGek3GysSIaCcPizWI+SDYExXWp/6t0hnc3ipNCZG5HQhgKPfAtbmp4Q6bIJBYujkC1D0L6Er2gSuD9MleolCIOhyur+aa9tdVqahB4KASD4YEJrX9c+WZ5wX3AxmwJdljRQc2QaQ7Rybq5wvu1c2DcciOlagH/rVcjBvWQ7Yc+KRib05QYJcygC46IMhDQdAHkQ06uIrUQWHzA+F8pp6D8BFy+BkD8rBBzW1pG3TtXcz44TciSbnnrV+0YPByv/nr8zc8z5yYYmaGdbLrd2Bl7N+T7invCQGNmzqW+t5la+eEP7K25qrM1EBRw6/6WZC+LVx08mplfyGk1PCQ==]]></Encrypt>
</xml>


2018-01-04 12:49:09 debug :
------------
String:
account-ticket<xml>
    <AppId><![CDATA[wx7f83e93205d2fd31]]></AppId>
    <Encrypt><![CDATA[fA8E3uCU1DeDauQ5gITXWWo5Q4N2/f3apDdUZaAL0iwAtGHgReNQqo+iN6p8jLgVkvt4VsBj9ykIqka1Gsi4q8/h/BR7C3QSFhdtxRruXcIlYu03KAkHThvYTm0tj8sTbdRt6i0PyhW23IaRSoMXvYtLAost72Kh1frQpt3Uw5QMx3MxskJgKTFwRSE3/BnlIM2CZ+Sj6so4sUj5wYQpItgwqIj+IWTRF5lO5MlC4pIeZLs7vZEz+NC6tRKoKVE4uA6qJNGjfDx4otaxmRD+n6j3km33RrKgRzni9GtaQ9ZaHIOkDwwuwn3pekgNy+YEnfIpGZWc4FiAmOBWy/lgsfGuHaSstG0t/IpLJSvynUj7RPYa2MY+aM2F4HnM6j0vzukEUj8yb6EDupvqGPwfQS5i7fpp7F4pIj0Ib/uHj6yxIuEXesJtzkM9bqVxGosvcbBD+W/tR20LiQ+wR87sKA==]]></Encrypt>
</xml>


2018-01-04 12:59:14 debug :
------------
String:
account-ticket<xml>
    <AppId><![CDATA[wx7f83e93205d2fd31]]></AppId>
    <Encrypt><![CDATA[73MYcab2D5dBEIMBCH6MVeZOq3CZtZHpMFQSgUYQPp9AQ0wrfPp13sSJOOsxLzlSrNYYk8XLAbhlazKK2U+rMgfWOgZoeBz26ndekaG7ZIvZGPssXbGiyasbxUSJxgowYiGZqX8THrhqCoRq808+pxDf34gtfgVA1f1cITXQin0pY63Fw8ycSTLjYVxZWtgl76Os4mlY2o+C+oyUJk/1u+AY8JIVCyPasbUgkFOgOsorAn/z0rZhXKLO0dDrWTbvwmHCbF7U1r/ICFUR5DfsZPlW8okdfzG5Hd2M/DF/DQ9uKfVN1/j7WDhXGjtTAI4Btto7TQHNUW3hIfbAaqP5Sbd9iYVxzHvJIc9s5lSnHtw4FjWbYNP1iCfLte3HQCY6Wb6uAagGDe9VZm66/IcEkkbN3jRlwOtixoHZhu9PXj0XeN3qVIZg5tM9a8sj7iumoUxgCeJQFa7/989NV6cWfA==]]></Encrypt>
</xml>


2018-01-04 13:09:20 debug :
------------
String:
account-ticket<xml>
    <AppId><![CDATA[wx7f83e93205d2fd31]]></AppId>
    <Encrypt><![CDATA[z+s7mH3O6RMuryfhcEOffzfwGVQ+HDcBLEsSlbSrW6uhjHB1T6fbxaTkg4DrERpaSSEWIL+Z6UpYBFCNVyjkAJ1SwFRSjm4T8AxDyEkPckf0N3Vuvb0Rzo1L1PCP2jpAUpWfv29x7ub56J39a2BSuRI6jhoqrwyL01PwUdSoGHfrqC8OlfgenUAAcaTreP6sKvYD3j2QAUaF+lgNGXxCUdMs2JQSD59SQgm2N8ffe9ayjzGrQxNPXR/SPMpxauc9WCZnza0iTX7xpN3K8gRjA/63EpzkVrjVnNGoBuHPLAwMOQm1WAhebFtiwWcuYbVy+s6Wh1InUpoobNxVb1iOfobcZu4M4WrQwsvpgSt1U5pV+NCU/0w9H5IXdHXrulqCnuqv56ZASAUPG67v+Cse4vJjv8MqPnhRZ1SRELdU2fxmnmNzJHBlV+AnCIxLwftDLtL9lnfLVnXNXU/bXMO9fw==]]></Encrypt>
</xml>


2018-01-04 13:19:07 debug :
------------
String:
account-ticket<xml>
    <AppId><![CDATA[wx7f83e93205d2fd31]]></AppId>
    <Encrypt><![CDATA[54JCiKyXm9SktYE7akEYVPVvrQJR14Rzw5vicXZG/ItaqowlUxiV72Fz2cZGTpqB0wsu8fRXZGUFYXxWvQww1eRGdz4nHvFKMRyp3RaEzz7HPJJMR0UIQVA4EBM4lIcRzTT8r7LLdPViLkMVTDZ6MXl9DFLiCz8+7fdrnv5GdoBiRsTeqLb4P2JM/xC7JU8F0zFLJ4lnV5rgo3ho7IDwN1yfQZYE23l6//8SaLkL+XDdd+9XrxE18CcgDee7BoeHLwNKqu56g6QkEI6eMEDJUW4+zY//m+kkp5GLP77udUDJgh3heQebfSpndzEUkSlosNERDUS+cmWCG7eNn8ud0LJGlDxHVMbTbZ0OleKrEIDKyQKjO3tpu9lyov6FXEfGUamzMBfvm62rcxV2FfXbkUCFeX0oDiW9Mgc+Ekz2mFqTXzb5FeCc1AbZBvYeJc20X6e9DAhD+0GC/4JDCq21UA==]]></Encrypt>
</xml>


2018-01-04 13:29:06 debug :
------------
String:
account-ticket<xml>
    <AppId><![CDATA[wx7f83e93205d2fd31]]></AppId>
    <Encrypt><![CDATA[6dlcJXvPg66h35UW6I+4IMWek2Q5C6EYarG4MsTeEwsJm6eYCsbTlEEEOXDrlQZAh81s7DdI/G1kdq2sjm4CY9lm1uYKoUryG4x7uZIMPzkOkXtDhsFnQS3YIBuIXCfIF9HOBNMHhA8f13llP3Reh34hf7jWc7u31dHI2GF82Ek136hpC0dpswQ/6+YZi04yLMsBUFa/+DXgWa+Nue0kj4RpueEunvfyFIVabY6D69V7QLNc77XdKK0i3z5Hlu+TJWL7OEvdHmzG/VX7kJIi0y+UOUFphx38OF3uzxgJM9ATxLfx9pZK5TXjaNIS0rSglEYPV8Wiur4NM6kkstc1wEAF8DR6tkBHaI7880P4NRIqBJjERayV5vb4OqbnOtO2niwXPF7gqW6H0JcinyRUY9Xu2HH58dJXJte84MtcDL1rqnO20vk3TWye5Wl3eRpIS3T2rOdU3aWf1UYZh7D7LA==]]></Encrypt>
</xml>


2018-01-04 13:39:12 debug :
------------
String:
account-ticket<xml>
    <AppId><![CDATA[wx7f83e93205d2fd31]]></AppId>
    <Encrypt><![CDATA[hdaW3LVLe1Ob0bYBvNGiL6lyPPEkXYXWSPr6uqtziqyafE2S7OlHk+78dtVdhNdGT5rthpRtPt2hx3fpzVbN7r81JOMc8rnIGkTMbSU253m9zbxwdWmi82Wvy3rxxHFLEXcZ3lHKdss9YuzFxx+QbcMwG+G5/h2ms2Eszz8PZIIC7vsUBdv1duLP8Gr6BatxaKUW8smJd/ugk4YL4s6kgoZp3oS2qP0n5EMFiVBqOzvvUgFdyVr2SAKAE0onhIFah9smorOfOHaEHvGG7cbc1+ty4nHdSRBHYhSd00Q37DFh4lrkkjPyZ0iABiP2FxcyvCwt5+cJ2BY5KTnnK4k6Rf1LRu3hbMm5J0uYF3AXIpHhAJX4091pRqGX1tLTp7sdTnQw4H1C7Y4UYIiPgW3xIlBgkLra5ynpTXQ84dKe8oyqGQoKfsti3m78ak+WP5XlANfdj1srmXTHA7x/p+AClw==]]></Encrypt>
</xml>


2018-01-04 13:48:56 debug :
------------
String:
account-ticket<xml>
    <AppId><![CDATA[wx7f83e93205d2fd31]]></AppId>
    <Encrypt><![CDATA[MxiI25+930hG0hUS7qsjvBKQoFlboiRehCL2zfNHsw5R/qW+TxNaA4JP2PxQrT41I/KWLyBHNWQz2TwYdUqjE47ubB6DHbMIdeh2Gy1miciDvCe5MSkAlagMNUdwBYYcwh5I+8uyI8B34Vr2bRoeBjx4sl/bKdQgL4ITlcpOKcsG3/XVeQaHHLliH2gR44b1Q/5tKGxw3O56eztIUwLTX46bY7JJ3Y1yzkYh19LGdk4y8bc8V6iBMWpiiiaZ/JOD9EE8meq8EwmC82AlmX+/bGfiD9yIAnuwF51c6z3cBheJtT/tslTIJAmb85RWjMBAjrrfdqG+lJ2Sx80ZQxcNrVml/+CIoWQx1fXtEc08JzXWLTFGqAmcWhzvnva3K7diYlVhDIgMJh1y4a2OxITmB4YXANhtNUjE0DCHchTrF+DApqKKXUr7HJea/jPptaZ88aRAjf8sS5XQsKWkwHO+Bg==]]></Encrypt>
</xml>


2018-01-04 13:58:55 debug :
------------
String:
account-ticket<xml>
    <AppId><![CDATA[wx7f83e93205d2fd31]]></AppId>
    <Encrypt><![CDATA[SMk0wl83iP1FVkFZQD15iQhhtqc16vQF7dkkhH+3UCbaIgi79dcwLBGOWW/o1JzCRgr4bK+R89+LQOlm5ZlN5xj2ldNR4XeGOSJtINF/WmzUZClKaP9938o03Ub885Z9bw8P1Wsx+xylPdN341fvvr3xtZPnO1tmSwmm7+/YT04KpafN+2JVQVnUGSOndg3SDzF/YSpQ/yo0bOAAEEvVPeOLQtHKNJrmHFKd3++BdaMMXgd59lqW6VWyR8qL4A6z4SaoDLC4xNKum/K5YKxM8AVdN5nZMOipQNrZeX/UawdAX1nbWMAB93dp2mV3+852KXF3C5aKKh4FijJdTWBG9i70jZ9bGzFxoCI9aPOxK/akLCdEST3TuOsQ9GCVy7JG0mFEQeR4WpR8FOwWIiAdFbrebZ/lcSP5KoIzlA+oCnma/ECaOeQz+zl7UfjBAj3F+V1Y6SkZCj18eENJMY1y7w==]]></Encrypt>
</xml>


2018-01-04 14:09:15 debug :
------------
String:
account-ticket<xml>
    <AppId><![CDATA[wx7f83e93205d2fd31]]></AppId>
    <Encrypt><![CDATA[nF4b2+bPFTF9wpveLYESoGTG7fyl5a6LU1Qw1AFdZAOWU3YMFhxbK6Hn1Ej2uYBEz1uXGGpFNDzup71up1MxGib1khytqRbH82huH+nb81tY7ZWfGko+lVLD5raZG8lqYFrZgdzDPeYPrSZJdIO4d7slxE73Zfwn2vxEyVr3KwT22ShSplOtdIQEFiZwWLSrbIlb0pHz4GYw48CZukkyYKQkOtrMOYlDoKa21NOF71EUR6VlaJP9Z68eUlGfvQdI/lv2oDlP+FrVXOiIUByga/ptgPvMIMWmJ/vHULjYUYI8GRmKRNEG2xNvZDT8exE+lzQKK9WJYifPqRL+d0nTTAVGVHaZE2M0ud+7fF73d418ueVrSXB0QRpiYTlpUkXMDYPw1jPapt7/mz4+thWRvPRFfQQzRRPJa+MB5wfMjiAx0pLwqGeNLtc3RMD69vCfYCj3dvzgVHlgge1Sl16BLg==]]></Encrypt>
</xml>


2018-01-04 14:19:06 debug :
------------
String:
account-ticket<xml>
    <AppId><![CDATA[wx7f83e93205d2fd31]]></AppId>
    <Encrypt><![CDATA[YoEOZGtsg8P+wOv65Fv6m6b3FfT7jl7Ke6KxC/yZdcL0WQVYFE9zJIZiYmGEbf5JwO1FwMCeQTmiXC6luZ+iuGkBgMxEK7mv34aYkQ/1VgpiF38U7p68lpIA4lvmi3FK6OxC94xsh31HzdK3+Z35PAMsR9uiJHMbnkrT7gNa4KENcPImYhuAYyFb9Jx0Qsc6OBDLb6TvkKzf9OaFta0OlGxN1779yfYeKfWcE/b2bPibGY4rND7vhliZbg5jP//vNk3JC/ic0wMULHEqLO6A/Z7IWRUhrluidc1rTde/tfwoVpwMiCn7reeXUnbOcD59E/ZtFE8zqQYKq3e2s/KyOTjYUSoALJYfzFwOZAzStC5I9sRzNCts8wKkc1VXuVLLGNem5zxykV2PbWLxkk1tqqCaxSSkcro2oVT/It1W6zHxcrs4Oz38IUrhlE5MZwi+Gz+H33moy/7kgaz+u1v9Rw==]]></Encrypt>
</xml>


2018-01-04 14:29:05 debug :
------------
String:
account-ticket<xml>
    <AppId><![CDATA[wx7f83e93205d2fd31]]></AppId>
    <Encrypt><![CDATA[HkSwDLzCUOoqKgd+lg+DyQZ9d2QiIWUoPIbj+Z8RLVpTz1cfKJndWGtmAW6mYuJFHmewPHsGL6eNPoiNHmr79yJ2WTOZNjVdIenVtXc95xWV4UGl63SVhv+BPeuR3tkhk1ClzSQdtsPcRp1t8VLiibMGokPanFItL2WDvGcMiuvKtgjkSrm93YBFLei7sP9Xa04o0GFQ1fV2RwCj2umL0WXbcrJ5luAyOof6h1GhLnbINaJu02NuFo4X5jm1j4/A7oHQ1uZQRg91wIFA9bX2I+Rrb9DHoMTB/i3491/N+Sud8rkdPA9WOQhYAOrM2/5hlCs36IpovknuLA1RM5dHdl7C84hmWNx9yhfv14mUAT4FKTLz8NjRS3t1DQ+OWQ+kWH3XLxdoSkTLVG6cjQFDL52RkqsizsjrirTrW6HXazIm28+K/25BPodp9Pq6AkwlaFOm4ENc3pUK79wF8WbTNg==]]></Encrypt>
</xml>


2018-01-04 14:39:09 debug :
------------
String:
account-ticket<xml>
    <AppId><![CDATA[wx7f83e93205d2fd31]]></AppId>
    <Encrypt><![CDATA[juLB1cInlOgQA9iTRp0MQ+KFyTsJQfk65J8V/uQCASPXHpOZTawMpJxwB1st5g4Ga8x/L3Lb/VwX6qksy5d0nhQ8a5/fgC5BbC+XcLoNKItVrk/rfCSHnjLzXgjcJRQNk7ZKh2Lj2knhEs8H4fSMKpxe86EKLQQgtvfIiiGyWXNofty/poxbEBA3mqJBCUSk0N739xwGRfxQy7bT8nLsX8C2OQDfSoPGQERHExZVTn7Udg+dSJ51qiCmgwT2YtaRD73lmU0SSiQAQ1Q3zpBaSzzKcFcOOlf7h2M07COYzEdcWvs7ntHCpEOJ08YLl5S0jRU0IpepxnQDG1peApMQpaJN3QU3Z7Yl/p19ljsqWuPHWjU1s9qKediPD/u7Nosj4kXyx1zLKTYyplEu2jd6IY3z1jq5RjNR0eVsb16N+zl7wybO3ZhNQ9mBeHFZ/CDtnRLmR4YG4cGUQifAW4Rs/Q==]]></Encrypt>
</xml>


2018-01-04 14:49:09 debug :
------------
String:
account-ticket<xml>
    <AppId><![CDATA[wx7f83e93205d2fd31]]></AppId>
    <Encrypt><![CDATA[uIupmZKU8IxdyZuslwy4tZGMrtx+otVYN4IczuhqDZDrgMuecNNwLDQn8AcYR1KMJ0dzy0h3oFyUGd6Cc+y65yQ+mE3wvh03ujMf46IFpnr6477NTL6ySqYmwMmw3KdwhJTE8k0bOrmdXXH0GDMXk+WUAr3OJ3PsPBCQp2t9ycqDJqY/Pwsel4OKbTibhqitvNXBmyZbmQp0Ta1Be0GLDWQgXTdaRYAQoC9wG/mFLlHl4Ai/MbO+teNCnto99mIfSaiBQwLBI5Jv2I6GWxLZve86DyMM2inMp+LQTjoChD6eooOPP5XTu4TBwqOwVyE8XGEdBQ3k80v/OjkJN8/vdZMIJ6uNqrR2/W8i3UdLoXunYRGyOrcfetUTBa7mvODng+yNU8tbGhVysu1GPRTt5jcMbL0gtvWDcCwwIGzgScUUoDyULR9pJaRkVzRM2Edow3AMB7jOuKht6epum50inw==]]></Encrypt>
</xml>


2018-01-04 14:59:05 debug :
------------
String:
account-ticket<xml>
    <AppId><![CDATA[wx7f83e93205d2fd31]]></AppId>
    <Encrypt><![CDATA[PuIDwb+7ixLK/7gIY8ww4w8NUntmKgC7YMexYB7OjU0DMbuugtegtw3pMQomOkgIffYxwg8N16vZjjObgUkfeYNvOGlZGq6oNZM54wXnPshyWTFBW3BGl5pmV/B4RmDHskPmHbzb9HL5KZxGS37pz1g8JuDzfVxZ47Qk3FIdyKg/qQqfHqk0Bc1EVXdJJ/d36wNCtWb1+ot9oFv5t+/cVzbL63GQ+MxHr0IKakZazOukE/ZdT4iZqjg/ThyrqXwclj9hCSskkrE4hVfwKuec5SRMKaBvSWA3UrU4hx7Uv2HRpsxPUicGP2AamChOvNWMdfV1t4Z7oVXfiLUlM0p3/pRzeG1XIxR9YvtMJKn6r2BnI9GoQKlTvggo/9c6FJjrAqirBfH2vGankACSnzcwQYqplycFbAOErtRDr8L1GKc5M1F6ZMOYny3nCCRGWPRN+XIMsVKUQAe/1PtJRa9aow==]]></Encrypt>
</xml>


2018-01-04 15:09:25 debug :
------------
String:
account-ticket<xml>
    <AppId><![CDATA[wx7f83e93205d2fd31]]></AppId>
    <Encrypt><![CDATA[EEr/9UYVzU511VkYjBDweuMaBbWb2V69S+Am+dene/0HygrGirbaUdWYdN/AeIhqqYnmDL6glvaZAzuMqxe4UUMkARu9QZrNZLaXQg4BARChCQZ7tABNLOeHrF+LTpb3QgnFdiQnwBQdfD8D3+t7j8AXHbRiJgrfoNrm29xsXqNs4uW07zmLG7v6IXcqeACUF58d04B52EZvt+y4fdZg+jylK9bsmHLuVtqU6GEF6l8CAkgdPG22Rl1e5e3GxhfIbDFl8AC1qYx4ULUvXthR551PqsdqdxxML16ciiOLSLpZMDAtNZ1kYa0pSV6iCZXYGEFlszKLcS8uQYDJ3WxRyXtCrCgZIfPu8OLQUIDcm4IMYyzjxKhAtlPDxc6c9zb2IWmNKmMuJRI5NZNjY3tTfAolPCrL3ztDBBDU6hqPT387KETRMHuqDZ9LhyarpV8nP/qEacQl13A7mbS8m+Pigw==]]></Encrypt>
</xml>


2018-01-04 15:19:16 debug :
------------
String:
account-ticket<xml>
    <AppId><![CDATA[wx7f83e93205d2fd31]]></AppId>
    <Encrypt><![CDATA[MIrgUONLG37r2CgNjn9naQUs68cBs06kZi0MvyrTlUxcyxuvZQKfyZegwjSIDF6B++dt9w8X8EAmLQUeN2EoHeQqQwRUmaWoDy+Okqqao9v+fpi0MswyCxORICIRJ52fJZwe5DOi7ei1tZGAVu2zQPJsjAEyqCF9IKx+5cXYkYzPRTwbTf33ihK//4Badr/arpJZt/eDSZMHnoX5eWhaP9R1ydSS8VFQBGVkKLDJjuq6kfBzgYoBHcIViKTpQ85xF9jNirDud2SDehZ1IAWmysOmP7FbsIToA3JjpNfaml++nZsB5YzimxRvsLTfJ4E45z0o3W0h4aIjxWUX59seCduz+4V0hKFmQWZ9ULtflOIamC1qquJJdZxg2JKhHm6XqFjoVfoANUsfU4L5iCvTBiNxUP3A50E/H00AWQUM/u2F277v7zf5wEHG+IFxbRZWxwc08sH/iumIw1+XDlxBgQ==]]></Encrypt>
</xml>


2018-01-04 15:29:10 debug :
------------
String:
account-ticket<xml>
    <AppId><![CDATA[wx7f83e93205d2fd31]]></AppId>
    <Encrypt><![CDATA[ZVY8yrvevnggr9ggbzPD4TG8OqAxHPK5K32MaN1h1uK+d3AFrYngvZlTBV8OZ3DjJ5bUHI4uMuGHpH6U2fiukzJOGvuikE7Tb7LBp/eTJQcWYqMbSDkZC3sZUeXgdr3peEHkVazpRYZHhcnAgR3PSWEQ9zo6/JPBETJPdAbJToII+5ne3zqTw08ERqcz6oX4RaHnqNqDcEq9fm4LyRe1ulATTk0jIt3vvQwFrLmQGm9GoPIzIn37ot3lRq+tVzGwqrTUkrhRDL20qB81Ag58cmsii3hsR97TbxPJ/RSNeldhETmy9sX/fNFpBiy2LNdX/evhv8lQLPhRtY/YGvxLGQ/LJA+/2vfg+ZsaCwDz7C99AK9A+w5DK1d2b6BhLi0P2hAvtYkJ4u9QxgHX/EaQB98cm3pulqllFD+iL9z9U/uLoRnJkuEx3EmRgYhqPa5C2i2hb8MgZKidkWk6ALYSzw==]]></Encrypt>
</xml>


2018-01-04 15:39:17 debug :
------------
String:
account-ticket<xml>
    <AppId><![CDATA[wx7f83e93205d2fd31]]></AppId>
    <Encrypt><![CDATA[AY5n42Pev7eE4xRKNfr7H8zjMBbElTSaJp55+E9Q7Pw0VhBNiI7cI/RxgeXvlqi3D7RW87Skh2M2YiFE5hB8nh+MHxl3AbIJKnDyJwmqL6k9kdhWg+/D8oUaPVqCXQdij1qx6ThuVkhVuYRfACrk4cfA5M0Ee0mA3iEmulmgcKnpU2mmnwjX0hfF38Dbl9PLIUCA1WjxkCap9uAf0ozNvCqkdyo5Ps3SYDOwUiz6Zgy/FYXuKEf/xPxF+l0XnggURPAgDHBs9ZP9XmiOkA9l/p5OSKMmkAXAc/yPbgcfTnJuBM47VEYpKSHwbm/Panmg9yjTiL5vXciy9fsfK5ukimcmPeFpUvXG5qCZf5UDEpX76MTmqV/dOHjEvyJUwpqS1TYZsz1JfEuLlbGS0Xpq4O9VuZAcVeWvbb4QEtI6DKb7lUQsflXJukYPWkumn45lDfMdM3wbjspfSggYp8GqsA==]]></Encrypt>
</xml>


2018-01-04 15:49:05 debug :
------------
String:
account-ticket<xml>
    <AppId><![CDATA[wx7f83e93205d2fd31]]></AppId>
    <Encrypt><![CDATA[uf5kotM6CZJGBFG24O8K5fbkoiOQ6HwmmdDJ4BELR3Zag8H1BhWg0U+AxWSg8MnfH3AgoipKR8OHs/ghEI1UaW0vqGogOPOp81/LjWAAjg2c+DyHcV7QmQYXr7k7wC69jKEa1M9/S9yz9sz9NWUoVdTl+3/VSxg40oz8Y54Qio9aswDE6fNRVZq7obx6OubW3zOBqM33c03A3gV6SeOP2ziuATyCpFM2mxdL0bryZ1U6u6X+fjSIJwOVx2scnuNsFcfZzBbsYtdjv6IHf3NQ4NqCPEZ2VHAWFXe5zn8cdwBJ1hh6MR6gty3TqfjkuDXf3zXqMpftBZMuL+0KmGxDvlSZ6qUasGE68ncSM5HfiXRCa/3XckyylpAsSresUMd9LEGlZ7uYWNQGCYviSthcYUrtv/gVIlabxz58IqGm5Ik/xyw6QA117O1QBXfrEc423zDY4RSjo3dSxGteX36Jsw==]]></Encrypt>
</xml>


2018-01-04 15:59:06 debug :
------------
String:
account-ticket<xml>
    <AppId><![CDATA[wx7f83e93205d2fd31]]></AppId>
    <Encrypt><![CDATA[D0n9kRDXPLVYv5vyHyUZhMYCmSCaVhutdu0wyMUfexnoF2G1rONGwWdrJjxxbizILZ8tZ060J8k5iyPRy/78C63poUfSXVkcNHuV23TRCQaia/p+HDsnacXu+9AYy3eiicAh1pfhxvOc1hT41WzJywseWOFYxfyS2s2OxyJ/E2TuVnFrZATh5l5Wcq06XAP5L6UQaeZnZIKG6ICGstHLEz0MPRLBtuuACfCNHkRHOmEh2NlatQbQ0nk5IaLnlrKTz2Emvs6JLg19DfGtbofo3F+nWCBZDCTLr3krB0nsnbAHXT85kokPlKSAxmiOEJL2ELECsZaX6B8WZUo7juFZKAbDx4/R5yM2Zl/UBd7tMIIqg/OC5KjCg3PKUE+UHYH6A3B9Z6+iXuGXpZ9WS+DWnbZX50jmO32IMr7/y8uVGO6BKhtobIhqydxmtpt9Bt7xwMfYqhiWimEpkmosyPKwvA==]]></Encrypt>
</xml>


2018-01-04 16:09:21 debug :
------------
String:
account-ticket<xml>
    <AppId><![CDATA[wx7f83e93205d2fd31]]></AppId>
    <Encrypt><![CDATA[qe5sb0ovuYpld4giraRVbb+0wpl7J9bYHuP1JRXSradjb9E5PTTa87FI3UpkTmNaEjrCpztHDuPew5ez9322eshGA8UPw9WJGEuMIV1L9TkQ6vH7Els+9Av2pibniif/FlN8RzTavepkOBbgzMfDRqWz+imad22qgmcYiVc2xuVBEPrt45uDYgREoq+WVORu6T+GIQJ19FW4JTKT88esjboXsH/ec/vkp9h4vO3Rx+X5rTy6dIFj1lLS68gS4ifd+4T5U0vUcpNjCVMzoLTypZOUamIeTo23z2MvtkaD7kL5sw3SoCgrziDwiZxEFl0HmzgejsIQx+t7Cw4vfoWXG7RVRVDtBAzFzZj99XdliEtE3eyVR1eX9vCHvbS/ahLjfVokKyzkc33INBw7etApbgsLet/esiNoMPXTh7pOO+ImQYYs3f6Uix8CjDkqmIBkkrFCYJ+IU0D4fZxP/z4cug==]]></Encrypt>
</xml>


2018-01-04 16:19:12 debug :
------------
String:
account-ticket<xml>
    <AppId><![CDATA[wx7f83e93205d2fd31]]></AppId>
    <Encrypt><![CDATA[b7oozGuMmHIK99k4nIUTeOwOSOVGuZhGBlOhILOyLmQsY1bcWZmXv22ISbS/aTPIiIVLOf6R4P/LZNrJdCQ9Q/S5IXRcE1eVujeZBvqROTXG8pWLEv7Jk8mcAzxW2Rzg+iHgwDHvryrgRDFfa9WSeIuOBo8TMhyEEownIqfqas1t/asMWp4jHC/IK4rX14p4ZJIA4+H0YETOIz/YSsqlHZ1tx0geKTpxiA164oNulejxv7hN1l3KvXjNCLryY1EmZ9vaRXQFnEHq0aKFhp3CMH7nG5i4jExqAVgDyHC6+20IAi6HZuc0AX7MeDT41gpoxdZxMeCA2ZYVk8zfloJigsDXvZQeBJ4NEiiXzp55riaevPOH9Ulpu3pZCLXJ7RAbY0pRXlS+fLXAQOeXl+GViUVh0rq4hVfB4FMm1hBnylq95wzivxmIKAJGuhRMfMND5tEMf9y8M5q8EMiTwtb0JA==]]></Encrypt>
</xml>


2018-01-04 16:29:09 debug :
------------
String:
account-ticket<xml>
    <AppId><![CDATA[wx7f83e93205d2fd31]]></AppId>
    <Encrypt><![CDATA[slRBrxM5FcvfdaHxORKQnGA2QC6VLQejX0LYvSn4uc7Hul+iTtcz6KSeauk7a6U7tlMYiAtvDYD74NsDfUZJ/kXXPgtjWBe42s/EKcSgbof9mCvNuXgX+9FyCO1h0qCE+zCkf0A445zjF7blbWDZVezC9gr3gS3vbg0FEZIazsZCe6NGHQX245BrYbGboM1AxkLx2SWOK62/U0AIt4hz1QLwAoS+lpnl9beq+QNK/JE3RpQsdjpbCuy1ZihIhny5ynjnsTXeg0qqAsDkIamO0/BtDpE7CzHZsdCCdFZ8sOa3P+UNqAZCZmMiX/aKd3yN2PUZ8OVyqyuI0zefGydzTxpKoN+EfHdwSWw7pdYArhMwTw0dxFm6hPN5v9/aYApZfeRRX/RJIGD0GXefMSB89UECj0lk2JyE+cr2EAcCL9QjxRrLATZ3BuCYK7FR1m8859h1kd8saAITvC4eTcyJXQ==]]></Encrypt>
</xml>


2018-01-04 16:39:21 debug :
------------
String:
account-ticket<xml>
    <AppId><![CDATA[wx7f83e93205d2fd31]]></AppId>
    <Encrypt><![CDATA[PFe6ZrWVuxtJNZolmh5Bf+4VrjmJOpdQhWOLo+zEPQd+iDGq5AH2bbVCOc3D0bbKi7/bOrO4CKZqJMWkvd/L2RfmWF3+qjPi3UvQRqrBK1CFch3Yaov9tD8IHCTqZk/LcCN50YrE30hhBUxq7EfEa8vT7NLyEN+PvwCovGvz31jeCQYAfVzFLcZ++FRfrTv0NW3SRWBseLfkWCR/mXqrb1FB9dWpa0rMRPM/nIRPL0ZNp5xp7kqTeQCZ5mHRf8WgY9uWKltpcWe/Ih7yE/iXS63ittVbLBSOjnv5mogAO/xycrTXXR8AqOWIswNki5BNVTg6CYqgmp9oxTUEN0BwfpjB/wrKNPuDUYxcJ0Ho3hUg+MY9LKJRCgEd8Veyr0A4Ck+HmLtPflZn7ZMy8ChcNUjn+oRu3rYd+AmjnGUHn9dazJHqvhQ1ExWm231EQzONizzC1EPI+f8vjmVjrP+9Wg==]]></Encrypt>
</xml>


2018-01-04 16:49:15 debug :
------------
String:
account-ticket<xml>
    <AppId><![CDATA[wx7f83e93205d2fd31]]></AppId>
    <Encrypt><![CDATA[HX3qK6gLIKubi2eRr1YoU5a5Noox3bY81OfiQ+PI5+REj8zb7+B8eM+5r42MuPkB8tF+BS16qjEYcpYtdk/WX1fIjXSki1OQkYE3BYOLYKtDpmQMtMQtLlqdIGKs5jN/Rrsq6DDkbPmr5TYZEtLF9QoZ5ZaVgW5hLI4pgOIkX9JqNAxbW451IONDk+T7K4q9TMT93yzw1xw0q0kkBTpmnN7q89qBAT8HOZrC6dXnbooBHTC0KWMrN2KnwZgITzN2MkvWMh6v/I/zRz9ULaYhd6noU2E0qjDnHiQmnnbGwf84PUuOa54P8PlfJVERrR7egK1zsTAdKfE02AnZBvCW0himncE7Sy5NR+8+gEcxHJ4TUND/h8Tn6gT9QfhtoMQJ6JzmJsOdVH5j34QMbF8eu/iNnfFdYXY7Ruc+9eHIwL6eYFUW8eEwP6kBOWvVqRpdyKRKX2JKjpkXOSKYZaWa0g==]]></Encrypt>
</xml>


2018-01-04 16:59:23 debug :
------------
String:
account-ticket<xml>
    <AppId><![CDATA[wx7f83e93205d2fd31]]></AppId>
    <Encrypt><![CDATA[jrMjAcnXmHhvUPMYp5JnsK5AkfTHNYsemqSwikiO/p/bIlrav2HpozkdlsvYMapu0/CdUlzGem2yUi0jZcDokfOCelv86LJEBm2BhXun/JoJDk0GRMxCeL6j9dYxOMVNCgQCMSiI59GQkOUVhFRgBAN6l8Dr8mr9axOGDd2qNWi0Xl6bFe4HeAEhmeojLd+TMMLpmDe+6wcFfXXK+EHhQrnFwt8MV88NjqWzIFY+/IFoGSv84b5iKYqDYqR86VJSkkozYtKbj3K2YXKag1vVbHOBwi3fczZ5RrnsXXITsx9YKT0RggmfONfgcveAHK++WtgmacYdFTg5qc7nP40ol7YvWLjp9/34AizrotldAbPsJYQnwMSHUThdk+dOT3Z1SbPV8xdXljG1qCgNy8Ll7pIcMdLp/qfxv9eFoNtN/26U9+c/1tegfFdBLDzSc94rVF7zWFjINO3kSicMLDaOoA==]]></Encrypt>
</xml>


2018-01-04 17:09:23 debug :
------------
String:
account-ticket<xml>
    <AppId><![CDATA[wx7f83e93205d2fd31]]></AppId>
    <Encrypt><![CDATA[JcZkQEhhLWYcMK0T9mVr0wElhk8vCL+ixmflqu6sRroL1aNw3TJWzrdhRIZqzxVXOTSnPkB+bM2eiKDNwUYE//r2SG0XOmGu6xtetldcPcHIUBYkFfSEF+p+/QsqLL1zRGs4xCO1Nb0VsnbdGjKdl4TF6Ot+Y+tJObYvf4CbMazBpxJju90LO12OZfLTSgiz3r1hA372kkCTZRNBr9TpSNgQz33rEzUTtrx/ez1QTZb61JOWBYRuEKn91GKeJEuQx+5RsKv4sLvU5iPg3zDxzqAQxzGezLN4Mp+krTzMlwUTELRyvoRxu7FZCNyCdByVjispzyTGSr2bJXFOzdH7IjV2J7+pY5hcU9J+6gcf4bCfpLVJVti3uTR3VbNRVObwwTHGxOF8myuqEHCXIdkKUGD7/GKL8KaW3p+9Fnd2pt7YiRS5TfZXNWMtk08bn6XUXwgGAsaviDJ737Lx/Im2Vg==]]></Encrypt>
</xml>


2018-01-04 17:19:25 debug :
------------
String:
account-ticket<xml>
    <AppId><![CDATA[wx7f83e93205d2fd31]]></AppId>
    <Encrypt><![CDATA[DHi7iQ34AjBp0s7BVcuLn4h6Q8gYuOqKfg2AUpenuKA1uYJxBl+Mrp4EJNDBrX5zXeiPH67CPNfSTNNFgPx/duzqme7AciVDCQ3sOd+GpjOiqObebynepI6ceMQ0XYtvVxSvR6rDgCK8sUtSe0bN08R831NTxq4B/AGJ933MEMdk9oiQRfGzSrEVOiMjRuy9uNSofYbuQHB6ztvrC8yygW/DUQN61dganAzLSy/EW/b1KvzHCS8CRoorD9/PFszwvmKgHPYux0//N6nxMtHIM1sx6wKKUE2fp6hYnWLlpdPtoBx6PvoKZLmSHLzv9aT1nlbl9IdnHviRE/ap91/n/m3gEqaZee9Qmz0T+9dR3zpcMi/AJF4zgr1LvD0E9FVfHDYzvXA5fBNIXukP8Q6i5Teg5mHn1deN6fYlMmlIrRff9M6DZHdR5t49l+LbLWTelKdMeicuf2Ryd2FKckKUwg==]]></Encrypt>
</xml>


2018-01-04 17:29:20 debug :
------------
String:
account-ticket<xml>
    <AppId><![CDATA[wx7f83e93205d2fd31]]></AppId>
    <Encrypt><![CDATA[08BoJ/VAtx4pAQlU4duiHVSUhACaYGfNtcAaN8kz8wuFlKmAryqGARfLvqEvxwZ2lUxNAIrkTHOY+g1t8bC4DLyOhm8wQdpC1kWdpvqcoKPVB8sVWHIPohB/+0pHzbjcghohdsrOlCF+JoChWC53JHEKlFtm+bfYI8l+utNMkkHSMa9KtZB5UOelXbZkC34MMQbxgzxaMioKyTyPfpbMEXh/YJrFrsqRrQy2FuzZEf/IwjoAmciC22N3S/nenRyyQ8XkuzgNwB9mxgv6rnOy9HR9w05Y3ObO7z9U5qbiFuCILGwLZ/GsI2WYiEgiJVc5c8+3yhr7RV0wdMxD7Zl8+mCV8j36Jt2qTB+iTchMzHMnfJ+xqLYsHNGQhxYd5mqcxK2Ph08dgcvPZMFUXNNowI3NLEartHGRxvbOi95MdPgBTZzB8FaZlON4R+PEQEAN0Fw+SuK5UZmGcSCubIBqlA==]]></Encrypt>
</xml>


2018-01-04 17:39:32 debug :
------------
String:
account-ticket<xml>
    <AppId><![CDATA[wx7f83e93205d2fd31]]></AppId>
    <Encrypt><![CDATA[WnOCIXJwG9bDEhj8OXz4xjgGMJjDoc4qLjbyjSMa9JSnC1c+jMEMpIR5w1BKSUUZZTsAb932vTGLWX96oEfMGzLCzTRuagP+KGuvvdoMh9KKX0clOIWA21Zw8kMZvavK5v/6eLu3aUaUpJubHFtBmq44JMruRHMpmY1NkYSy5jjNjuZAlJrbqgcD1pJ8Nb/q93wHzGoYfy7nUOz5OC3WlWmOjUNVh03Dhu8++XCeLX5yv5k1m1pQu8PFYU6fEtLZ1c8c3zJ6Ec0ZBPkO+UtJxA2sq4JBqJ024dCFhsq8MUQKQrT3FeGHVdA/eU3QaTiYKcDNgrbxhrDRHA1kLDz8hTt0Z/x4NHo1XMRHmhRfzOHgCfUuvkhFAvnhRreK9uueXPSQoLRk3at22YpCt0pNjdo9HW5IT21ab8vkqN+oEc7BG+AQE/LsC1FYG4OBp6uqRKhBoGoMmOrb15cYqiRPsw==]]></Encrypt>
</xml>


2018-01-04 17:49:21 debug :
------------
String:
account-ticket<xml>
    <AppId><![CDATA[wx7f83e93205d2fd31]]></AppId>
    <Encrypt><![CDATA[ZWpNNhGq61wq+KHov7YXXcuP7eoL7mghlpFsf/NVU2lA+fCes4FU3qttmusf3gc87gDmeshsdYjpMXTSG258dnoYv+YGkPqEk4sW6unEQovABQOH3c0tfogrjxkrzmZdAJg5+QFmut/Nw0c0Ntd7p0tYNfHK8De0V2974oU8U2FvlNdcKrAmWtifOzG/seC2JbchhkfEQvCZV7KLW2Fg/jCip3o0Xu2IersN53dQlKqPQfR1NFY1acPFvrlAlOofgxoSJ3rY7UncABgp/yTtitwMa4s41cxpPqsZRs8VamNIlV0eIJNyB8KNVpsjZ8FVPFF7UCBf8TSwHE+cqb8o9WswqXxAMdnatDh9uTXSvyxcW5EaIUybLfrs6wI9Iq2M0Af0tKIbW+QPVrOEjm6pWOz/4caKEx6GCJpXN9fvCfEL95Skp5e2wKMMaukoMZ67vcDu8D63mmnze86psPsZEg==]]></Encrypt>
</xml>


2018-01-04 17:59:21 debug :
------------
String:
account-ticket<xml>
    <AppId><![CDATA[wx7f83e93205d2fd31]]></AppId>
    <Encrypt><![CDATA[sVflMuiqseSIv6rXYdGQTHbKprQ2a7rMdyDQ8tU5HHH06iYbsWh21fBM7V+N3QOSEP9dIh3Ultq25ZACtnKf8j9BI7pjBuQm2XfOPTw6LKPNnnFnKguOnba6e2quHTr4nVtiWZ5zEqH+4RyUmAtmPKLA4hGDRYL1aQgMyi3OLhXntGuHmGDTxTX6lyZjPx+DGWgY/6g0adhrnAm7OQZlEbzxP/V1xhxoVX+rvAccWQgy+7LUoHhdMop25pQhJqXLiQmcuy2LJ3WaeWdjQarZ46tL+LN3eBH9Ao9gyHAkFczxDoWgEnnXaIKVWbcQE3KSJ0n5hM2ZsVVuR2YcHLT095i3GLNKKXRkhyd5FXEWlVQmcHdEvrhrcEHynVwkSxVKrwgok6PaaxS0aXawh+lallwE1oNhSWbyMk3FwSw7PygyOk8B9UIrxTO0S62g7PdHGu7SdRuue/QP8D7xJ/C7fA==]]></Encrypt>
</xml>


2018-01-04 18:09:44 debug :
------------
String:
account-ticket<xml>
    <AppId><![CDATA[wx7f83e93205d2fd31]]></AppId>
    <Encrypt><![CDATA[qtUQXEjs+2gto8MDsIKEmzdikcadTp80RQ0kIlf3tTBUxXCl9GtJaYEeF2PxuYiIYl4lxm+vhh/OKb+gzqGXU993OJhuknB/b0evl08ZxdLoG5vjG+fyMO7pm5fB07Ll3TACEgD6oiG+GynIOEzOhHCLc3Kolq7893w1Y6yZ7lP5MZhT5Q4xpzAJ14eflYrtFaBc5roS/HiSUONfnZMV/2F84YYmzzcF3mObLkY8DXxZIdiQZ5NXsQZs5Gwanr0xKWh2g5ozes7AwYpv8iyvHFENEg038rXMDOd+535I7KNXCqDyVXdyR/tBC+zhiT5bSEBKCR0nIaRboiTmVDu7+XkoirvuZmINqirUamC331gB3N1O8RuHRGxxINpTvB+m3AzH8bbX94Ln3ETxxE4QQty2lllwwRYYFvIGCM/GgJdVo0T4MOJ7qw4MoxYlDd1yM91QsfUXwQczc6cgyVwJxw==]]></Encrypt>
</xml>


2018-01-04 18:19:45 debug :
------------
String:
account-ticket<xml>
    <AppId><![CDATA[wx7f83e93205d2fd31]]></AppId>
    <Encrypt><![CDATA[VLchBoh7hp5Qmtk5b4Bc05AMSpEtP4Zw4BnVhaBKqLG5THklRkWOcLNnS2Y9KEpeX2VNSwqNDee+12lkBi4ETeJVYBNZWaQjMDztBCAyOcTtQ1Oz3VhFvjo839RPP39Vqc2Tp7qQPFbHW2g0OZgF7w+VO9rrgvo3CO2sp/gAw01YPdyE5gnZHB/1LUEJ3ejws6SW0WcxfUcocyk58ioDYSEAYLBYRJE7aygpcHYIEMum0084LYfToZR04Be5kwXWYcyPBSn6MmqKhh3rqDaGazTCeNbGAVYHn9NbEc2CvoCv6uxBdDkH7oXvtG1FCROFw/SPEeX/eWRXGZea60SIOgQe7BJHtrZO5Gpdw5yIc/hltuKwANb8DyxpZCX8Wmx8WvftsbtqfSbanptSnXzc9jr/bRRE3Wr23HvmFtAm3KG6NJCpykYU0JykHmuipeWopFNyc+6OqK3BM0q4f9Dz9w==]]></Encrypt>
</xml>


2018-01-04 18:29:35 debug :
------------
String:
account-ticket<xml>
    <AppId><![CDATA[wx7f83e93205d2fd31]]></AppId>
    <Encrypt><![CDATA[eeT276fbRy9Un6r1bn86m3o19f97myTN+TJ9cF+1oiZl/azC6ALq2PG/yCdoe8JeVcdmyLqVLEqbOaiaGiHHw7au5gFVYgst52+reBX6KK+gSkaFeaTAEJtsZlfEkma33HCzcL9Y87fPpxl1FMa8avsArIgXEKdAddE8poIqpECs50Ty03eEKMIgFiV+kJyia2MUBYJJ+M18XfmajfakROGYvNc3godRhsE1MWPFPuLHz5HQ98FtQiKpeS7Q3uKq1F9bwo8ORvr0catv8ErSubI4557dWJPT3Xr8mq9yEGABNgV6cjM/ilXKq/ShL3lMBqr7Wa2I3J9yccO7xQrwOIOT7niYqCjQ9Rz3lbhtXT9JMoZ4+OBif+RtUsSXZ47ySwM9jfibn6t5vAg3lLDrQ9iOyynsQX4kprjP7CemWtumImkKIQnN+NDhxsWcJzFo3jwYTUOb91vTvHA5LK5zBw==]]></Encrypt>
</xml>


2018-01-04 18:39:38 debug :
------------
String:
account-ticket<xml>
    <AppId><![CDATA[wx7f83e93205d2fd31]]></AppId>
    <Encrypt><![CDATA[0pbx19NA5E6ckwnBSnSyrM/w1AvfWRQWAW05GDpbF1hHx+r3m0R4cnLmzDaSaGv9bQAu1/9IAiwmmwZiRpul1tTnwQMFFawDVq7heivNfSg3ApITaPVyGYGC0lFI9rFDfpgw/raknVBRKoeXZOTPTXOWc6oWw8el+abzbyoPUYjoGzILQM3j12HMZ8tyDX0StwPiZaozxnUQ8/XtnUUxRNDELfulxVqjXb1sIhiGUxl8r2Qh9Q8xY33MZfdS9zN7WeY9OI7CisjJxbFhVcPPQNQkAt6ltLAMF2vNF5Uxp8ffKArG7JD/tgEOcdj8SdbMq1UOHIizQsH3EG3vZNh0Fwk5juVa8c0qXMFOMP7UNil3lQlfVTRgIMR6LiUKfUq8Um9vfsXp/5QTnFch0bilzU8vQg/bRHzzgi1psBspIzi6JA43Y9lz0nlYqla+S74CXWM2KHURp5Veohi5xM55gw==]]></Encrypt>
</xml>


2018-01-04 18:49:33 debug :
------------
String:
account-ticket<xml>
    <AppId><![CDATA[wx7f83e93205d2fd31]]></AppId>
    <Encrypt><![CDATA[wrqm4nkwdfMHj3wyZRZ/fOs6TsDsVS5GydKsZ7V8gj4ywEo8FI3S1sngw/3BEUr9gRBvVlsIbkCTKrrQdhPn3Q0SgthV2x2bzZHkZddsRaJOnuB/meyldh70XivgRoCkCs4yV1kxy9Eui4BH34JM191FmWoin7iUhbn6/KgHcm7iHEDu1g16poEc6ydxS5EsfOw9d2UXYpThpdouV1+rosK7tlnO+B3mJB16ZyN11J0aERkm8ZL75AK47Qr063vJuNBs6IgHUnmH/XeGVZMjPG6LmmbBPKIFZ1bBNYIQ558plDMXlOX24NvLHIxHPWTKRKTOF59Sk4S4LlVlkwk7SKzb5awWu0qAxIi1hDsuVnWa/EGYyzVaoPV1u4PcfHuw7YjEcGIBtNnRZCUMGj7dCPrJk6G0oQph/hsQ2I8Ced042vaSmWuZajALVQljh0hBWMNSrzoGbkuLEDif2Y/q7A==]]></Encrypt>
</xml>


2018-01-04 18:59:21 debug :
------------
String:
account-ticket<xml>
    <AppId><![CDATA[wx7f83e93205d2fd31]]></AppId>
    <Encrypt><![CDATA[M0m9Din8ok0tNqwaeKMH+MROB2+gXH3qiShNBEHIoaLA0OZp6c5ysqsjVLYOSlyqSrIyC/cJf8K6Fs4IM00Eh2SzNyJA382Ru3UbnAdYi0O5bCRVNb6SvoIAOKX/bIom/uMy/2NMmW6XFD82SY+sOroL4mLyFRRQYOn2ModSR3bfE5aK6RNxiM2gA2Qj2M534uTPJN+ZRFl7jspUJN0QcGIDndHz4gGP/7wgRM6JM+L2PqsVeE3OE6prLTV5Vqad9xAoAftnm0Clbiiu4bjVKFCxUhEM7tULmXD7uh14H2KoICPmUdYDQMGNeKZnNJNFFVld5vsbxMP6ewpRwc69pFGNaSDF1fm7z3KyhtkAR+rMv8epogtUgqqXFUxVd2v2CodeIX3me9tGcrWadqa8g6HZ986E8YlUPkpX0KJcrpDWIShgt/HJRWqXSwXSwWKi9FKTYveU/Tl0cDur33+vxg==]]></Encrypt>
</xml>


2018-01-04 19:09:40 debug :
------------
String:
account-ticket<xml>
    <AppId><![CDATA[wx7f83e93205d2fd31]]></AppId>
    <Encrypt><![CDATA[JtleY8VBTpBMRw8kTIQ49Qd/AOe4lkhs414JD9k0h5HT4HmjEmGzsmBitJLzMKkkvwPfTfmiBzVp09JEmc1QfMV1SZIQKOUvUhlI4D+PMpZCtHH+v/6E7UHlSesponYpSaOIOPs8OR5vjiS9u6jWezaeAEXnp8FBaEi5pLSexBGmj965FwJ6zp//YFIk908FzkGMaCjuq0AlYy2fTEOG5q43Q6Tg9vw5WBL9ljGCoGIl4RgtEKDUVERF64YW6yD9Irn/REwNKrwFYv3k/tcDuD0Fb9I5ejOvQB0jp6T04OIwoc8n/t/7IH56on8o5lomOxjtDT/Bmb+A88yi4JKCpMpILx0sVdsWAp1jdV/sMMPO6VPsL2OJJmS4Lp2BD57B2Vz2LQpJkOdpfP5eKe/Z2Atj6KPcLOfLCTBH/0hUMCh+bvrm8u89XQH9785BufS7esrZur+g/lSlypN3JPAiJQ==]]></Encrypt>
</xml>


2018-01-04 19:19:25 debug :
------------
String:
account-ticket<xml>
    <AppId><![CDATA[wx7f83e93205d2fd31]]></AppId>
    <Encrypt><![CDATA[+dtTjhqSaTuWpgiQ/oUQCZkLlOSQ06au1uoz5cJt6I8gtnhSfsX6e6YUNZgoUfD/H5oT33VjSOCDqr+fH0ax2Y/c1ym36c9OZosWEjm6nQK9WIkbDgY7GekNZYnJ4iruPayfLj2jE7fraru0SVcSb4d6Opgwt9afY6kRUyAmm49vqEkyOm9Ux0B2BKX34UC77or49NUctraxMyjavA95bgZKWhwFIFfJJtHmEf3cEKpaiDBAoJwGrczgbZoI2Vkn1I3DLc+fKrMcP/CygLdFSBo/PePJa7Wula97AbbcsPpPa4YHtr9kUfqrXOIcwF36cB7m+RKrhVTPRGB4g0WZshmhguLS1re6lnPQqTwgdLUSw5UcRLjtTGWg/mCPvk/qN2b0mX/RBNTBd6/fCXWXa/XlFy2b5ZdrYLNkgWmTwaA8a816k4hE3KbKR9q6HfbHaQD+q/rrEvSSrGXjCL8A5w==]]></Encrypt>
</xml>


2018-01-04 19:29:30 debug :
------------
String:
account-ticket<xml>
    <AppId><![CDATA[wx7f83e93205d2fd31]]></AppId>
    <Encrypt><![CDATA[9fMq6swYiCFww1fFjxFLfBn854rO1aQnwDtoZgYtwpy11jbEkK4sPTJnaof6O4mCe1vo0SRWLkbkKo4DrDDa9chqgLucBbAifJ6M16vQiUWo7yo6buJi77Cqa6B9M1qzkqC+K4c1S+v7V9+bdJvaUqW3MXG1qhCDY4C31/wBvBfDcbB1XNI9Oc6l44lV92jA1qi+oq87WpCrruuaJ2XqwLP3pMd4KNjsUTaRZA4CvgJBFCdA+qQpPwP0wwvde2WawVl+f9F8QKoJvCHMwBWZ/wY5IUb/a6m24iWo70/xeOl5ymLCEsR0TywwJF9p+0HrtcTOYflEGsiwtK65jYTddBTxvs+asS6G+r03tiySEEvYMAedoH+EfAnHMMpLRvVg/yq9Nu09KNcvP/NfSetuo7Btujih5GwH85Vompe0Ggc/ww2mpp5XYDwBic5Kx9u6YOFWjkCblY/hA2Q+TQL1Qw==]]></Encrypt>
</xml>


2018-01-04 19:39:35 debug :
------------
String:
account-ticket<xml>
    <AppId><![CDATA[wx7f83e93205d2fd31]]></AppId>
    <Encrypt><![CDATA[tTiGg5NgKhgzeqYLK/H+aNAvXrgb+7+sDcXSVvs8I44zZjLA9gm7ylAoyXXGgQTbXGVbEPmbL1kCz1WstyQK4N1pv83RkNYejTrLWby0rI/4wU9MK8DkKYzQxw2w0/2OO+qcuEh+5My+BAQPdr3bRLMTl0Gg4GB94/YVRzl5W40eBsPjVN5nZO40/uPzT9PRz54e4RHYL4QcBOOixIFXltBudqv0yxJ6fZ8pOOhUxvQGntEkwB+zLqCFu1V1fLyBhI+wJQJwXAoiJGCMA7AeZMTNianESuz0Pzog/eMT0N5sKnBpWwE6bNHSjfatE02HgwNqgz3DwuHM6fnu7vShdfNBlq1uySE7ij+sVseJvBOVwWd//6OrCouZ1jNGUvFK763IyOEeRgFjIoTaKqTsCC7ldoGr4tPP9+S4iPKgCIlRw2rVkbHoOeuQT+zpB3cxbcqaS0Cn1zQEHl8LeyLloQ==]]></Encrypt>
</xml>


2018-01-04 19:49:29 debug :
------------
String:
account-ticket<xml>
    <AppId><![CDATA[wx7f83e93205d2fd31]]></AppId>
    <Encrypt><![CDATA[dusFzkwy/AJ+LK3lld8duKdwfNnIhKSee5CLNmbV92J0KppaCZJwscMRi4RXQctqyJwUEXiIZQiODr8kDSfYxNVTt+jcWFsPMHg5l5RkzeS1+Sk2LnFPq6uq+YN50ajECaaZxzYxzM2lh03gJXQtClNgiSBgWOn4h8esK3Vdb2r42pacDsmmmk7m5mvNm5I7S5UlDwMOz9f29MYu9tGBKkzoTNUo/mvglJ8eKlEqMu4xz/k3Bki8LlnfNxscbcn73853OhQZqNo8ijZfh6LyrqFyKiiC1wMvIDWcw0hW2Zh7rqzbhEYV4sTcVIdXxkmn8L6/4kyUopf6JSz8FPVf+gx/7Y4S5PzOKDSOLpmelNEpiFLaivWiHzjlsOJ0ciLRE4h0KmfrwVldqSbJKYR63G80gL0foBw6xP3t9a4m33NwYgTdF+m85Jwz6AbKNICAfEn0K8p2SNRcSxW4JRYFxQ==]]></Encrypt>
</xml>


2018-01-04 19:59:20 debug :
------------
String:
account-ticket<xml>
    <AppId><![CDATA[wx7f83e93205d2fd31]]></AppId>
    <Encrypt><![CDATA[6jjLNPsF7X4ZOyAItfXVExC4jR/68P+r0OwCw+t80MSh8mL7U4SYfV++9ryTYpOR/s4oNTRl/8zarAx/q620v3D2z7ByfAcfK8JztX610YgWOkSc7T5Om6n9EOhE8cUQyXPq+Zk0q2ddpn1+PrUXK0SjvtwADqeaGRqqy59z+NuHX4PqlJW52g2W0XSBUGPuOdtdAw6vsnnC40RPsg2sxzyAkzHwY/OiPmSP3Oc42DgY9mcGs99hkRG7ESYcpNiQI2H0wI79/mEDhz2C9BXjRNdYEF/FiZDDMXevwUHAeaHVIaXzadpZuQWqFudCabFhuXbnO1WkvpdK/St8lESUTlpeB9xvCusiq//Jxk0V8ifQOm66+EnbnOoY5n5LOFPNAhQRrk7qn1aP9bUDk80BDRZx7ln7T9uC6SorYCGniC6jx3TOxuuj7jRRupBcoSPDqOhB62jltilR0+yJdXTZTw==]]></Encrypt>
</xml>


2018-01-04 20:09:49 debug :
------------
String:
account-ticket<xml>
    <AppId><![CDATA[wx7f83e93205d2fd31]]></AppId>
    <Encrypt><![CDATA[KsGMTFF5tWrYtDtKyu7xdvHekbLaJQwmBUMaU735BYOpCHT3D1PrfD5J7IFoXBCYdnW4UH+CLo2ymRhg/LTHl9atftANfwN7OCJjtB7X9dAmW3QgxqLJUJF7OwZzsCrBSBeFgf28iXy4hWyLG6eqKfGdHQt0Uxw6EKlZFbwx6Xbu8gxlkuoRduVq0jSBrHLRf+f/jXLiV3Mn2Xb7SV3DYOHO/IhLb8Y46X3WTdOB8YYaxUqAuwQPQmpXiEybUR1cX6IdRJmavNL02l5R5VO57MVDWDwqycQ8B5CfdZb9yV/Vde5saANbvkEp0ac8ts89auFlFi8zAb2mvmREUpT/DeJEOrM1aI8c8aH7xz5LfXfKcMg1VQeEIlcLIQm5leoi3txIYcD6StjOMFfNEN4aanTfvP8/SHEOy5MXGiEZa+4VjHTSlXJscGw+OeQYyHT+zZowGCdQcjwYPcUY4bULAg==]]></Encrypt>
</xml>


2018-01-04 20:19:55 debug :
------------
String:
account-ticket<xml>
    <AppId><![CDATA[wx7f83e93205d2fd31]]></AppId>
    <Encrypt><![CDATA[D5117otp+ypt/2umlYuFN3IFr8nsQzRRqVIrteBgtmWvPk1r0nBGpW29CbDvosCzYIEzF4VvCBK/q3g2cyZjb3gZMfEYFxAWCpzVrv4X/iWKLVMa81zbgv79e4lbAECV9vNttlO/VVKmQ8gSjAS68r2yPmzaOCTz+OXLU6XNChu5pq4mclTvC9S9oPQLU7BMzE9MGr7Oh+FwbdUTXYGuidZVIN+wFc+f2oeGRJXXnSeXP1wIf+GY0tFUPeKW8okAlzaNr9nrfRkxHGEJTDAFlncfkYIzXdNfHu6+VgE4FZnCVVAhHIy5dhP6oYD6WYU5yb44zmudGbBk2DVvTgvHTM7sQfg4dzqrfWWwQTzGYG5BbOOQ+OlVIpAhowhfy1pll+MJ/x223/E+HtOg0fSjCsyZqRtg9EY6OP5fSPIpAGDozx8Vyg1dIfGHlWKL8B4ZfPm3AuNxWV9OiV6qg5jMYw==]]></Encrypt>
</xml>


2018-01-04 20:29:40 debug :
------------
String:
account-ticket<xml>
    <AppId><![CDATA[wx7f83e93205d2fd31]]></AppId>
    <Encrypt><![CDATA[fah4oibmpsh6r3QFW/usu16v8lditPtWKc02hHE9zlCL5LuK1qy3Qmrm6p9CYxKdUlNm3tnoBG+hhvkt2X0wE3jzma15AvfxDXuDQkmMUIiuCYBtELf8bilpjtQAP2ig28EqxFZufR7WED4Ww7u4rhVMDxapiYPQAHVg1R5T2m85U1lZWQ+R78+Bb68PShvmsL/aZG9WejZSKdp7Z7dw3YesXb/l7Rseui/GsMt1CU/OoYjICe2+TDRuQVfFH2l5rWUDMCVouSAVhT98KBFM0mHSyNUdtk3ySEwq8Vr62Tr5jh7kxGWMamE2SHH0F8yduDVtBPR/N8FHjMfZfahEjNh2GavRno67YHcVnF4X1Pou1FbqjTRuhBcSrkSTugltaW0pjL2vbJ4XvQnGnftdr6O/mvK2rvm76A0/pBc3fYlVj1mameuKCZqYjETrxWERYS2X7eKHRibg9R5iZpAc3A==]]></Encrypt>
</xml>


2018-01-04 20:39:36 debug :
------------
String:
account-ticket<xml>
    <AppId><![CDATA[wx7f83e93205d2fd31]]></AppId>
    <Encrypt><![CDATA[9EBKALVLGub1FkYA5tFodb/+FhorQLlFArsNJXhkjkAaz5aLkeCLAQLHNLElDqGw3qxh7BytVRvlTsBBgfDNGgVcq+uEM6rFUujD00XMUvNsTJdJFZQwuVgZG7fx5G67lgBtRtQn2YFde4oB94N6EXO8Hl515Yj4G+iiGs8MO+msUFiIFFpn4B8zFrmcEoRbCT3cfJXWJIU6y7PoL/gSpnFAWaD6y7Rdl4i0eprf+p0yfCOprbUISZSONS/5zGgzLWIbQieDn76Ae3kcMunvCODCu8YOlisKGDSEwasbTuvP56cHxK0ICwMy/vCdCoYi0kmySJp689DvIjrBI1DvXtOnyUpet0hKjvgWzRPzDUJ9vrKf79+NNt4iJS6MhANERz837W8vul1kWzhk/dM82M917eiUYPjFpJhtLAkG0tpM6VzlAA5+aOtRpJFL+np2EPP6dvahz0Fy93gle8VaDQ==]]></Encrypt>
</xml>


2018-01-04 20:49:35 debug :
------------
String:
account-ticket<xml>
    <AppId><![CDATA[wx7f83e93205d2fd31]]></AppId>
    <Encrypt><![CDATA[uVloCUQNvp0+Ba+m0vL/ESfkruWy4KfXFuOuDYG1tjk4hFpJPfHl5k1dFqoWlA4p8+tx9WOroKwfuqI+IMP2YnU1PxsX8j2hbiatqm6ELXHUqSs0VZnfiTsPcfTVbWchdCQLPRtmcaQx3V6mF4/WSVx3pKl5h+CC4fSgq/6J9/7jJB2g+BoIPrih8HFD4AaVUULLbwDa9/DAoeWa/VZqkkLny75ZpWudVcstFnmlhMZFMDxJM/8VB0Hk9eU55Cl4AYCtCiy7Ud3IMlPyV7o2bbs3qWr87BbLAe2lCGWN69eriRkUgRGGcL/DRA1ezLNJ4xQg2H1eyYXMHQbifAiiyOy0nkp0/rvWO6ZNrg3eGJJ/Xx9VPsj+scsjolhVBhCcWjSnxpBxc+ZaZHU2fUTfaakjq/fBdlgWfSJhoGm0cgShwgyB0364y0fZcQxCJuN37znf25fr00u6NuGMvrA1jQ==]]></Encrypt>
</xml>


2018-01-04 20:59:26 debug :
------------
String:
account-ticket<xml>
    <AppId><![CDATA[wx7f83e93205d2fd31]]></AppId>
    <Encrypt><![CDATA[M37FcbeKo/a1e1C5IUS85N1iyuBvzFkGJrF/GVAKWPH6ix4K0xE3iW0zG7eic0hGkadaCfnXjZZ30qfxOnhd9x355epdVviRjtwOM10eWNB6dJwJsZ4KKYIB7y8yjvUl20lfmus9uHjDeGHnOn5TKbA+l8GjcORZt3A0Tps+He1n23XBZA5ghEKbyazo/6QTOHkNl6km1eFPq4Ep7i6tNgoT2R4QGyVDytoDSqRPZ7zRjrAZll3M80izGEBRTqeZ7v2J8HgZ1RyIJ1RaPrgt/Qg1VTZMLKhba+hx20+4l2oDwwZRK9QpYVXCsftNJmHYud4e8LX22AUc6UHIWWNKigVDJXGj1XJC9m+v2LF5a2edLGohvBKDXSKU8d5/GI/1oHmKSxjyL3qDADMPHthq2j1iYtWv7Doba7pKvhl/1MmMjofuHggwKI9ZnfjZwrmINwsm70ShW3pzlvwHyLrArw==]]></Encrypt>
</xml>


2018-01-04 21:09:50 debug :
------------
String:
account-ticket<xml>
    <AppId><![CDATA[wx7f83e93205d2fd31]]></AppId>
    <Encrypt><![CDATA[SLW7Mn+MC9+npfKDY7PprUez9VYMe4ZBC2Yv+aK47Pr0K9Yoh/MMHAhom5GfTw8VimXGjLgjKiDuuG6m/Sg3SkBzqsG8GGQYBpg4zHiLTdkBhXZvcNGz2AHMuVD4nMUFoCaKLXxyn12xRYVK1Vy3CFHWKXk50acoU36pYrpJzUAUeA4ITHQV3FrT9PMVIop12xAnbtt4ZgwQvE1FW/no7UnrRqV7rvwYPlM6UaF9VMzO/TUoi1tzveeDndi65viyaQzCWqVUGdoOScv3rlecFwN90SiAiHUffz2GaPUheZECW4idjirGjIdKUEHbVjXj94V/kHjyIUlLimAye/iiEEyHa5KF5Zk7iin45EOirIMTmsOlBluQS/LUfkXPVrcN4PGCoAYuEqeAhtuMM1rhOH4QWz6bmV/bLHreO7cTtNS+NGc3lw8AOirGXXgz7vIspHHud8cZ3BPe/mQpumhD1g==]]></Encrypt>
</xml>


2018-01-04 21:21:03 debug :
------------
String:
account-ticket<xml>
    <AppId><![CDATA[wx7f83e93205d2fd31]]></AppId>
    <Encrypt><![CDATA[4PFcQ38SOVBNVz1s7pmzOUrCszENkFcVZ/JQJV1zFrPi8+XtIBZXl7jtsaQrnmadWt9/IURDpV001FfesaN0mxAG+GTEm8f0+B/ILSGTVYTAS4j/HJPFnzFprZpYZgtJFAvqgtASR82Et6JWsiZR23E7Bn5FsTojg81y4s2QJ/FTslEu/ucZoUPqiFgq3MPxwc498MCaxazJmTJJitA9HLRhjksoPzU0s2p+Di6f0pxwpcB+7ztMcHiM1ISYK53JfZeSnH4e5shhP9ShMPHNB/6p5DPRo0r0gqF2tTh3n7TuQe3MhZkdnYEMopZD+5f5R0TTiULucYYidL17X02VuJ62IN1UPzUW44yZ9l3Kxv+E/EBLFgPMXg6e9EwZoOpEqfrKNA2cn2/Rrw6wO4/t4FyxFSx9uPeUJXA0LO3+bzFtEwHfQRWS+Ql+nlsYYGDen3n6D53l8sANe1tmZqQCDA==]]></Encrypt>
</xml>


2018-01-04 21:29:33 debug :
------------
String:
account-ticket<xml>
    <AppId><![CDATA[wx7f83e93205d2fd31]]></AppId>
    <Encrypt><![CDATA[U4ORBxr9jEJbbFhgrMeauXkU1N4RwGsytm3SChISFGVeGGsvcV4hBFU8Rv35tLYVCqhGfqAWjS/Q1zbrVeLmC9jY5sjPrhB46gejwa8vF0qS5q2HBNPJ+8k6D7Kz3cdEd9RFY5pAsO3ypQ/2VuUaiy0xTsL+7TnGwD6Iku0fGdjOx9PqnFYKokohie58fjtZiEaV5rbCtTeMeH7AmwFVIgstPZvf8d9LH6n05ikTnTBkgbvUAUhFs6OUIP0jemoX9OlVIBRYZl+L9UVm+qFa+cfVtfJZOXaVuGUgVa+i8oV+OS14rpZSeNz90VCs5rGX9AdZETEfUWKRGg3t94XW3Gt0aqXPFv8r1JG6+BBVSVJMkGeCqAc7ZBWLgG+sTa4UqTdKT1c+84JplUPsasqmN56yxfAokYla8HKa8uiI0e+6SAgzeytQwQTlSB/UE+7GwbLG2QqgaNTTaCuVDpK3wA==]]></Encrypt>
</xml>


2018-01-04 21:39:23 debug :
------------
String:
account-ticket<xml>
    <AppId><![CDATA[wx7f83e93205d2fd31]]></AppId>
    <Encrypt><![CDATA[X97lBMkSIVuMPp3nVyvMv9CCGNls5w2MWPsb6SufYuM6ttffAfVZTCnYKBzQgrPDmayq4bvJdEtKGXHmQs7v461bSNFIRZdA5nVHMUl2dIz7ZlI3fauD/cXsgv3UJvzH4BI+ESyPlbk3eEpul0Jvx8vCgH41oJFt0kgRVyus95thHV+Ac5qDaO4PRngguj3jGjDjy/8696bTe1wq86mmFM3szhMg65gaJt2O+SntLfeBDMx9ucDWJoltM9TvLmqOm8NJ9zjmY1TRAqWantN4ebOcuef8jJrAozxIjvDJLRqn2YTOVDGP4u0KzQ8+ZCUpueK+DA98YDUbloQq5xPr8YmnnZJdMdsBkdRE6Jj11yHwydcRC9OCSNkD6pZbpwXPmeiFfZkaPlUQwy6pLZYu93o0H6DqTwVr2vluh6M64EdGtoMMqv1xpOZd5YGDt3RFCoX1se7GOmhWQokhe6U2jQ==]]></Encrypt>
</xml>


2018-01-04 21:49:28 debug :
------------
String:
account-ticket<xml>
    <AppId><![CDATA[wx7f83e93205d2fd31]]></AppId>
    <Encrypt><![CDATA[eCZhgOyNJsMxOI+9y5ywAoIlcNsCulOn8KpnV3SH71gwL1Era2DBN7WqoWK/vXfWZ16PymWWnNOrUKjBld/VZkvszf4qygqTWfBFJvUoj0E+UTNFIJzk9cf9FcND1QjekQPgrYNkIucujzfBmqULj3ij8HRurzWtrWZGCUVUivm680xWnraXn1r5DBzgA4L/tI1J7Arpge/DNuYRUDMjnxilzz7HLu8LhyfgSc8ZKOq7Xnyc+7ZMjQufA/1yfQn/PB/HEqpjL6Puffb8X5lWO07PERN3SnGixQTeTZgbr7gFh0Xrwov1xvcmW5UFCYLJLcfht5qsYVbFeWF7W2Tv1wC/fFDYmXJvGyvmKWLndnTZhNOnHTcpX2pio05WCLkcx/6nq4NvQbyPctHFhs/7dn5G5GjeSRm05jdf/ikOqKlMks2AqzKXFc2quZA9PD5pskOXbE5yw0AxLkcnt60XaQ==]]></Encrypt>
</xml>


2018-01-04 21:59:19 debug :
------------
String:
account-ticket<xml>
    <AppId><![CDATA[wx7f83e93205d2fd31]]></AppId>
    <Encrypt><![CDATA[Nij9uOMGJYxxP1A+uP84EKAAK7lveRTE4v4X1kGuUObN84wvJcgJMqePj2rOT11sIyNriG5aJwI40rpOda8EUCzFuXHz0xpH1m5D4RRuIdpwBR1oPYjlB4kPI4dKcFtfLKYiWfr5nLRcC62pSS+Afeyz3vI5cU4puo+iQysVPBNHaPwO8eAPDwN60x0q7kuhSboxeDFptI28MtP64yk3y9R3/0R37k4beFpyS7LS5lcYR4m83rHmelqxP1V/yZPVK64WcbRFyS0IOc1+RxXQBd/bhc4xN1qBOTvu6crIB7gTYsLI8iIEWF1HwsCGl+ABG/qp4b2MOUxCb6A43WnrSjsT0XHlAjzFHn9SboZ/Ai5Ngf2xldFG4p0ZaoYqHOL1tcilppFQ2njB1AozVF4cCKASlVJng+2oXHxQMvI+feFMbECb0AWSOaLH22W5M2qH08y9zULoa87CMCeE+yzDsQ==]]></Encrypt>
</xml>


2018-01-04 22:09:35 debug :
------------
String:
account-ticket<xml>
    <AppId><![CDATA[wx7f83e93205d2fd31]]></AppId>
    <Encrypt><![CDATA[LWTvNunrF3inDYnA2meiOw41jLMemKprMWFqNlQcrfowz71toPMtADK6UbK5Mk/sK92ZpVaO51Chk6zbAffLZ99uhkRKaq20M2cIQpxzVJybt13hvNuxmIzPIcgEiuNg6cjN+WQ9eYYzXm4b8ic2ezvEiiqpAi/MUDsthpD3t6S5gN8woXeXms5KrBkyNDYzzygc9eU+nPcjEEhRNheM/rhrsveDAaKW4POT4xvbWHSAA5TdJI5LonjU8GP/7gSw8dy6Y06tbm/JGUyMw7FwR0G+aTbm8Fwj9fpjP6p2NI2q9LGM9KFmjOOfE20Dao+Zjzz/O0d8s7tEQWFomNLq8/iOA4r+Ysyb/ADGsnNxP3v+hI4Jx8Gglgt+v9Zxwg9H+wzyFj2ogva+N2OsRCXDK5yNgxHOilFIAwdpIV14IaQO+v94ZWthOV9Cw2xe1GnINhjvxL65ZIRhi64WneA0Qw==]]></Encrypt>
</xml>


2018-01-04 22:19:22 debug :
------------
String:
account-ticket<xml>
    <AppId><![CDATA[wx7f83e93205d2fd31]]></AppId>
    <Encrypt><![CDATA[tTg+mIYHD/Zx7EoY9JoofWnSpmkCBE+FYM7xCbT2TzEeY1EI0gbBPGdy0a2trEeI/iCEJE3IWoxubQ/3EfGVQ4nKPq59TXFuswthCVukGsEgOhkCBT7td9JyJvUTU9b3tpAv7wmjSpTsL1bo8fVM5hSLNJvN2jXoRE2mPpL2cYeivpIZdlvPMkg7BnNz3VS8VEg6qiv7KEeUBT9qvpdBmz3nlC7yLpw5r7YA6V4YBZY27xHITr33axJ+6JVhvHGtSK/XgzzLROOO2s9xUco+PxpNWjcL/EG1McuapEKtWa/ZAaaIefw/Un57lV/TZJL5B/BBw+oqy0ZhAVIZ4MmxQp4HBcbb/r4LyysC0sSmkkmg9jZ7AZgntehHD9RfEWeX+6HzEEBM5Aa6UkAos2LqDHByMfXkY1GSTkL/rUw7HtKZ9BREn51nzKTBKVZJBFsIq+uXOzLDeUbMLJYZRyF+yQ==]]></Encrypt>
</xml>


2018-01-04 22:29:12 debug :
------------
String:
account-ticket<xml>
    <AppId><![CDATA[wx7f83e93205d2fd31]]></AppId>
    <Encrypt><![CDATA[v4iM+8GvBSBNtYDRFiPOjmY3dAhSiWhJpiFfXL3jGW1Is8ToISRp5UYkNmorMFpQ+tlsjsj3EdHhYCDngZdd5LUN7wIkiRR/x9GEC1yObbuyatti5U6mK7DGdkUFtfhS7tFbyJFljeAblRLikcKJuCuSWLB5+wLPC03vq4c1r52m/HYpxwR87mzR9EN5KXNFGtrSZDdY7Kd3FkpN0YegKNgKazTFoeXBzb8IQLQCC3V9HVRr7wfv+fzx4D6GLbfUfQVl1e2ojxjgZYZoUYLg6fIbB7LG7TYPIt5Nq9XQuO4hbhgYV2WOkWMrf8eLXK80CIIYO/lznwYRHXK2/SzTyeUjwstO5bnZV0xH0WOXHm2cUeIgjrA8Sxkc3DNgtuxQJC3Zp/BqonO66tHpMUP2+C7ODfz+0snOJHMF4xtx0LsDAFKxaEuRoZRkfAiP+uCHmbBiv1PT6N/FRQoc/XbLzg==]]></Encrypt>
</xml>


2018-01-04 22:39:14 debug :
------------
String:
account-ticket<xml>
    <AppId><![CDATA[wx7f83e93205d2fd31]]></AppId>
    <Encrypt><![CDATA[eskYgUmaxwYV3Bt9Le+/G5mGsUnn1kJknDhklbFe41iRarJtSUH9BUF6PgJPCNLNkqMvYfrRCNMNGrwMYHY7sTPUXRc7IXYKvMeRy3a0SdqSDvt8+hxyExCelSmhu6peC8f6KWQDTSXTSkMoy23cEa6YYF2KU3BJDAoNjQkjrofGrJ7LZRsWX3x9j+V5V6+mipy+NE5lZ35kagNVhS+Ik3BpIBp+UppIKX3167RyoMBgz9HdF0T9In4t0/4AiWudUGseJrdnr6uL8rnQgEQei34W9k3ZLVmQ9eUWRz9y9Zhe7SnfnpJ+XBDwFRldJuEEtokATtoV/RKkFDmhpUTqZ4NmwiimCOc85V1jvqfkced4Ro50cDh7T7BlLUW/1vfYqjKw2Zw0C/mgeUl3h+rCm9Oo0rNX0z8jGQ/VeBV9SyeL3FScoXjgdrnFVq/acPug7AYrBkgfk2/Fbb7qL08Q5w==]]></Encrypt>
</xml>


2018-01-04 22:48:57 debug :
------------
String:
account-ticket<xml>
    <AppId><![CDATA[wx7f83e93205d2fd31]]></AppId>
    <Encrypt><![CDATA[DZN0oMj9Jkf/IosqP3HwVc17tLhYjcHf3zNaH1B1fXL2s3apmeFNG71rHJ8JpOlGWp1pNi8uwByBAzbVHd6/5hI0huJB/DTvaXy22+0KsiRDJTaGRVEEEZla579kWZ/4CVdST8Uy7De1yslrvV3rKtAYQnFLfibo1Mxd6xLuoMM/m3rQfeWvw3wHZhwx44vIPyJeohK2iYB2H9G03B38+7wh9rchTthTQMyoreQ5p6eNj0qQAPCqKN+BPdPrDGIoHMNYaWohwt3e2Mxm6F7MrO224fqu+aay23RphM3Y4PxR2/B0f/Tj/gXoCfhG+pG4qnFIp4BHWl2vJCT66HqetGj6SsYhMKpWxd+vhoPOfIufaJJU66Yvfs740hGt0BGRDMX+ReZmvfugAMeR+d/wKsgEUBdU/EXhk4r5+qfzt0r0mN+UOXECro00l/dYR/PJxMTApW4OYeGP+tIHOYfqpw==]]></Encrypt>
</xml>


2018-01-04 22:58:47 debug :
------------
String:
account-ticket<xml>
    <AppId><![CDATA[wx7f83e93205d2fd31]]></AppId>
    <Encrypt><![CDATA[9818nKWbvRusOR8YqYboRvMTqwunvGTYTEnn4pAv/QFXaddF3a8g1ND0Pgi7lgdJD0GXfh3YP25aZAUF3+xFPC41PLi8VFQwXYVdlo48UkM7GBlOYCVqkfDbdwikKGQCHXBJ1Nz8SrYEXUgujo0fdmK4zyqa+YXMYjAJpTW23/QTQXY5mdU79S1DpEu8OKuoiBuMzY9mTIyangOhcV5cnxljS/sYXA29E6K4j+wtyHUtzOSr8iS3s7q/zZNFwQBEKc1DqYklqCyHoYt4D4/mxR/eAu52G9JUnwsX1+UUVRh4ItOAMoru8IMfPYP63T9IblwsVUntg92nvUoYVjBgCDneLFeCd06YOnfsNyazqT30SWGUX3hiZf77QH9dMFcfqHzwoHpUzVEsmdWqT9TUxKSfx2+6BGfj3/hU2SS233pDqudHFbEH81/QPvert4AlzYXmMJD/egRubD4GJBuqIQ==]]></Encrypt>
</xml>


2018-01-04 23:09:02 debug :
------------
String:
account-ticket<xml>
    <AppId><![CDATA[wx7f83e93205d2fd31]]></AppId>
    <Encrypt><![CDATA[5ZgksqZxEeJiXF07G3l4WdyvyNSsLvJX0zqvA7iP7XfBza8fDGoBjhltNjJxEbLHJkqEvTxZr2zWZMUjZeDN/clWcv2rv1PuJSY7v2Q541Q++15fI8TWCMbGOkAUgfvT/d3vc1eKoz00Mcoq/s+PzfVCRdwk0+n1tZuziRjRtdooh+qTm6XcINUL6l6C4djsTtmEkB/ApdMhzBNIUwlBBkXhLkeTQqsLmv+XQkCSbMT4k0zibLNw3WFhlsG41mM0jDunnoCACkaVwPt2Thtry7wov1tF19Xp+kGnkVOfGqrkwOiF8ZuVaVYWNl8VTlkhqtcju7VbAmkSCcRDIIFP6J2wsganiGoMqGyzwwCuY6KrbLFfFqQAo4xdGmhBPJqpCGNa7xKWudPazR7/SnC8ztUmA9AfCGFh3M6Wy5nxZaKTTeaYO1Jrgs04H9UYzeE9e/hRt45ngJq3N/MCf50Y9w==]]></Encrypt>
</xml>


2018-01-04 23:18:37 debug :
------------
String:
account-ticket<xml>
    <AppId><![CDATA[wx7f83e93205d2fd31]]></AppId>
    <Encrypt><![CDATA[lK5OSO5NoGiUhUrHGJv9yvmZodhC/8jVQze9ixR3HronU/1Cf/3ur1GOkFnpkVTpdSklQBaY8aPKoubm3uWpPR2+/iM854EOtplf4mwtDhNYKb/3G0UYdNc2YN90M8/CpCVgppUALxm2J/QneRWX+Fv3apuScQgtBrYspfmAblmjmcnKwWjeo0w6TYb/vNB57ENyRihPGsbpO7asjDzHqk1Zf/1b8jt7Z8nslECg43Hd7WDOUj3KuB8aZkZl03gFr0DeSeXxX5DK5EyynZcyvvQlqekmqxIeQuq8JjXI8LIV8KPPip6rvgCB/6eqSZwAALMuDLSmBFdku2p/v5y0unv9IljTgQGa6AIpsE7cH4avAbTVGXV6Qc4ZMYrAtIW4CAhTYuGfum9Aa2CwSqGs/D6n19P4p/HaPkf6xO/2C+NCOTLyREfH419pwucyc48wI4yxBGXfpbaMnYJsCfhRXw==]]></Encrypt>
</xml>


2018-01-04 23:28:43 debug :
------------
String:
account-ticket<xml>
    <AppId><![CDATA[wx7f83e93205d2fd31]]></AppId>
    <Encrypt><![CDATA[jzD44L2trUNdkepTj7GNCtBK3dDI1lfMYc8Y46fpPxEv4Y9CrnYXCbd70XC4DGV5jeTCBX4q2mGkB1lzgqfYgolnNJY0ytkH7WJ33CjZ2vOccme8JJ0soiyoHsD/JtrmnIO1ztlCryVI1l2aYIkXQbuGGJxL3Crih+Bi7AS8gJ+hjSRkudZTVfldy1nWDyccRP9T0narrXHkV5wm9y5XgWyDRmX6HLkCPF3yHABdShLhPMCDGv8bFFu6V/ZlR9GqkSHRg/BxN1pL7BdFM+tQiprH5mc/EQcQF317ehTPuIkuce01o6AiSvCL8g8gaSlhin1SYAoPKA7hPn/lesPPGAj9ndmJpXV4IItzENpR2/rtWHyYpIBUVSbo0Ppbq824+RPvGUXiIUk4ui8YRs7QIFAY4IYFvi+d4VFNd+FD/Sq1400MqYE15hTXnWpksFszSUtvkmP1MfTbTDLJrw9Sbg==]]></Encrypt>
</xml>


2018-01-04 23:38:40 debug :
------------
String:
account-ticket<xml>
    <AppId><![CDATA[wx7f83e93205d2fd31]]></AppId>
    <Encrypt><![CDATA[EVGyoIzhjdJFo0oHIb47Wgl+owkqZ4gjaR/4yoBQbcAbhbxHet2TWeIN5xLg+1DyodcTdvifYJtDHW3cnNUEmrN4NBRjLUSYsiwE1dCOtkdKklEo9BSwIRCDaODhrjTcbG3Y4jhYJI3DYjAsxAnK3sO6jWkFpuNihzmx0WWVQBG1wv6C4229XV4mMt+ey/yNNkAap8ruDKQVGVEjrMw+tg+rmBOwnotlQMkQTtOudVI6MeUbFDjUMSsvRDT3uDdknLA3bkGnuv9W4ugd9eRyGihG1M9kHzPGROYMzvXWEX9qkpaSCAHqw9bBM+TyQUsqOrHSy+BnynHAKF9J/cGOy2j/sAaJmDy+gvvgjchuCTICXSfgR2/aiZeb1VnDe6oOfv5Vm6VDjuVHYAIFZiJD6iq/I3PCX+uaPrNdSNp/C4Khk5EGxfBTwW+cgS02JPeLnADTGA92Np5326ze7cmXbA==]]></Encrypt>
</xml>


2018-01-04 23:48:39 debug :
------------
String:
account-ticket<xml>
    <AppId><![CDATA[wx7f83e93205d2fd31]]></AppId>
    <Encrypt><![CDATA[W74dmYuQtQMD9rvTT3RFgPyhKjeDvuqNZXK5g7iUnM9p87xcOXPoFuxz9K5O0z0/auHCM7Ie6BVrWN6CK5Z5SIKvzliNyoCvbD1CUaepE3HA8G5i6DyDk8iIiRph2LlPgaaxer5kku8Pc5XlEPTlK8/3ZR0cD9dDwQDH21akG5MgIBcp1lXyU2WQQfk27HF+TE0lGU63VFclqivWmDG4ev9tF6u5Yeyf//jrH+BfBGBBleJdtV15J7jcnSK1pD29xIXxS2KabtNs1+gIdymHj8hHDCIZWQ5egqP3RXX1oSYG7fFxS4NtT/psDFwv5wUjTI2Xw/UY5r4UVDYLv9tLrZm5S8MMMM4SBCptKiwGNkGdA5X31GXd1mNig3lEtHMv4oYRAW7kya/d8BiaHXXH0XiuNAeEg2g/LmmMGl+g5cD9yoyXIfV/Ok3uShPgP3K2yCkRpA0qdwygG0PStAM37Q==]]></Encrypt>
</xml>


2018-01-04 23:58:19 debug :
------------
String:
account-ticket<xml>
    <AppId><![CDATA[wx7f83e93205d2fd31]]></AppId>
    <Encrypt><![CDATA[i9bP0wRZieYyUHV8AlKqqyGnkVWJtIb69f6iAc4J4evDpxAP3p98mAuddEeResGBr3cQn1FleEV54AUzhyzpDyrH3/o6aHhHO8O6nePM+l9/KGkT2PP99msfsE/l8Y0KXKeKauizM17vjDcHZG74eX27hZqW8XZAJhBS085TmERLJhND+QjoX77Ca4a+xe4iulm9fW2CpckGy/gsYYBcWsE1t6bT/P/PFhTdhCRGmgA13gK23dNnm9Z9f50pH9prxZ0EM/L/kFw+wneTizUH2zXezzcfB4Oj5ErsVyhyT9x29QNNrh0Og3W/ZbLfwQeNAjLDXPvNJLtuZ6QT0nsJ2iwdU6J3OBQlvkz6cmvRclNMFMmnPKMLf9a91qTSTOSRLXaeKzR938BCaUHu3xXZPGIzWS/tuEl51aeDtdmc4TINuNKn8ZHy6CmPm+To7o1do4yJDTigAD7uuuXxtvUuCg==]]></Encrypt>
</xml>


