2018-01-06 00:08:49 debug :
------------
String:
account-ticket<xml>
    <AppId><![CDATA[wx7f83e93205d2fd31]]></AppId>
    <Encrypt><![CDATA[TTfn/uzwlpkqXlrQx4brcQZwDu/2Xx6MPIzod0jwj6ti0uVPFDUjonr4Ol9V26mXOnKi8s//jenh5HcCjN3aLA+/Ng7iJFlijT3BSM8yp88S2Pe2EnplCioP2JDX4NAK0wVD1EL8ogx/1N9bdGSp8/8KlfT+lJdpp5VMta9xixuAYKiUXXFMaco4UIIlBol9Fn7g06L1CoQ3UIwiHNkPWp7qtPFJU0c9q4agCWzebZzmyK6CFK+Fz8slyAjbHMq0gclSbTSUagkHrMpl0NOXOkxtus8P+Fh8XO9Pw+yze67N1kNY5S1WKgEdgenyj7t8wy9NtK7OiPi6DtjG1wPuPx8SaCSSbQHbb8pYz+BLzD4VOxqjUlBWTsJUrEhZMS2daFD9Yz+jhUDQjpVq9LRjabbzn9OoP3r96g/+/eDyC1AlzasrwCqdT6uM2M+n8IHlF6WPpbUBq0NcWAtRcMjxaQ==]]></Encrypt>
</xml>


2018-01-06 00:22:39 debug :
------------
String:
account-ticket<xml>
    <AppId><![CDATA[wx7f83e93205d2fd31]]></AppId>
    <Encrypt><![CDATA[HNl8xKb/u3ym4bUsWDxuhctmXRbv80yWqwUwxNtN/DxUXfdMRm0gaskNGYrEvkwweRitLV9TKzTbN7fmyWnMGgIh13WN7Ku61qUVTio/UvED11euawuKBhbm1AcVsOSsptt7352+sSgtnFrIVhbc4gVyKQmi/MY0t+w4AcBCcAueFM3H+ecpT44LtmXfJ+4iLdQ48Bgy82o36ESot8wxOcV6950EDX1lW4JrY/24vu/60y+agFFy71OafKYsnG/4IS+PcoW44k1FwajsSbNLhs5QFApPuxxze6sAFMjoMSPtvaxbTxnLyLIbiaiNT7qLzLog+mqP3fd4y3V4g3eNFl8pg4lMWZ06oBiutc6dxlpNjy9zEI4N8KDLRvXX8bol4+GQhyvQ7iPW/cTCs0/wHaNI22mFZqBhW5Er/OYjIaMoHdSJqLvRHdoMIhP8b16dSXYkFciUNWJV7gwEkpi+TA==]]></Encrypt>
</xml>


2018-01-06 00:29:13 debug :
------------
String:
account-ticket<xml>
    <AppId><![CDATA[wx7f83e93205d2fd31]]></AppId>
    <Encrypt><![CDATA[CGLOFIEjYPaC6F9hOEsuxUt9eEgZFjDqh+YvgQZk1BtUL959QUHg7rp62A2ZD9aw2x7NM+071aAeTDixGV7LngVgFhoo8CFPJGIG/9dzMVzPN0lo7f8UClvO/9r2a+yd9diL4iebOWV92RblKLYi4rjwYHRIEK9L8agxbFITOhAzPEfEfni8xz0X/iNnUyj5Eo01CAA67PoNQMAIrK6h3n1pJVJssZECAEQIivnDYsUxpDEaq0cy9l3ZNLy1FBCC18a8yevNVcJrq7av6enhX1W/AKh6M1v8eVLm68Bg+ymUnowgCKlIHA34Ueo+30pdc8+zKz5lW3ithipcb57DonNiOw6GTwOY2owEfvtiUIvFJfsdH80+wuaKPnUsqBafMYC2ga8AO43dkJYmhF/eVreOnr0XrXK6Zf2HblwfCWSORUNfQeoB70aKj4m1Ix+lfRiKc29sZgJELC/thfm2vQ==]]></Encrypt>
</xml>


2018-01-06 00:42:47 debug :
------------
String:
account-ticket<xml>
    <AppId><![CDATA[wx7f83e93205d2fd31]]></AppId>
    <Encrypt><![CDATA[i8M77CH7kNX4yp/Btx5HMwgyPr3jTAA6i5tLC7JYx6nzN8Y5cj+fBP4rNBTewaIroovX5WkfBvYVpr4In+FuSqF1bSRbh6sWYy0cbWM3/DFuq1PJom+c77iPmcljFHAuFev5dgtW7oIR1RPLodbu3iG2GyVoHWD9MWimt49bzhAaw6tT6owXJPOxMM0JGVLQjW+jZmuy3gmjk3N4AXq8A+OFKfgs+zXip2VADlybrKlXBwB6rTwhl4Wp9eXjvnBxOoJXu2Fw1WXT7HwcxctivqNgCNdii4iA0Sblj+sH/Eozz/9p8yVZCcCqHefCChyeOE4cPdu1pLvqmrU4P4WwZV5hZHWnZ1OKN+ZIWaMfoCGV51prtkG07HtluC9AC6kNzhUeqRgYfczm/U3HbMcJZ5PHbjYSdbbeFQ6dKa8UA5heJmOd31tep0lQ4XchuZpm0WtTa7Qmz0j+qJ31n0g4vA==]]></Encrypt>
</xml>


2018-01-06 00:48:53 debug :
------------
String:
account-ticket<xml>
    <AppId><![CDATA[wx7f83e93205d2fd31]]></AppId>
    <Encrypt><![CDATA[DD1zhpz1mWinRAstKAEt+wM7Dw04GN2hlG5qhcFoSg3VqpbQMjeZfpw82WItYlagzCfXvH9w0z0z1+8Af/HGG+uwuLDwcEm7J8ccO1ayBrAu1dd4Crt7jlCGOATNjKMMaB5G7HXlyeaNgzLnIi+oW7D+r2GzlsSYWn4DGsMUgPy2rOaBPgjXgUpHuMfVc8/pW5I21UFRI0etzs/6xw8+uP1zmoBIpGXV9Ucl4PlXyUO0q434y0AwlDYPws7n+wNjmR2Yvd5d3rB7He6bBcXcBX05kP9yPppKyftB/Wq/giIFL75mJHDtSdHy1BNkcJvgEw/y3LkeWxd56czFLg58IQQT8xmkVN/LUJf0CYhtKUMt04UZUf790I/pZ+/Q34jMnXYK4KtUn+TXB+EhDbqJPXtUFMvXOtkYF3tyLk013viGZp0cpP3osAtc3YPEWtNyjcz7GKvstg8zu5SRSJq1FA==]]></Encrypt>
</xml>


2018-01-06 00:58:50 debug :
------------
String:
account-ticket<xml>
    <AppId><![CDATA[wx7f83e93205d2fd31]]></AppId>
    <Encrypt><![CDATA[dCvhp5ek06HHHTo1CTP0EEfvnsTvA8yR9mXynuJfVSZ/5QL+tMIiaJuYVMTssVnPVMDTt2ZGodU4v+Ta/75qUc+wNqeeHdnqA2gpPkBH4MrBA+WcUQ1xiZrBtbXoKrUpmvqODucB6TOeCxmCISkPqK8evh80fQNL1ZObQWhZcFY2h/Flu1QXpcXeSTvJvI7vEPQAmXsjbpfyrUrBwSmf04q6kKUT4or85N26i9RF+wm07RAVliWqtzgKvk4ijExLzjaj4n624eZsNfPT7Q7ie6/Vtbe9/VCqPsDQ0pGq87zyhtqOOAA0OXPumy9yqEipdQae0MAs2SbUMjqEIFjT1X2z86SOczYCT4GpQ7uqruEEFVsPEXSqVrC9jqMnOWlvE1msXHtzC+90wojxOeJLe5b4gtjlU2ZDDk/LEqet/5mbj4Qwsq1mwrjZ37nuSb9zyjtPyb7V+P5MZTPqdFsZ9Q==]]></Encrypt>
</xml>


2018-01-06 01:08:55 debug :
------------
String:
account-ticket<xml>
    <AppId><![CDATA[wx7f83e93205d2fd31]]></AppId>
    <Encrypt><![CDATA[XHXoDbC0J7lUS/+OqgMlk1e0ejvuZON7KGib/5h0ZkgbtrORxL9+j43RxalRARKhAGE59N0zMSj64LIHImTKzr0XLQeTcD9EQqtGm7ON8NVNe16oSltprKgopMcrJeCYpZHE8R4p+uq97O+C5rAwKWoSMpCoNoQgs7y0L7oT4olc8SMlUn7RwXDh1x9pXbc4FgPj+fXtqBj7glq+0mejyrcdBA3yw5AlIAYzzI0kR24H18BegoT0iv/Dedk8erbIZbkn1KGFEtH+7rOqpflSXagnPEnKE++gAb29rdddrDT01GSyGU/cb3KIG5UXrEEXnTzvMmaYHLRqWqdi5fMItz0XlCrl9Wya++fNQwl1RPqmGthgPO4TUSCf+xErpL7F7n5zBde9x+6dZOEwnuBMzdXuHWy244TzX+d+x2ziFHicDvUdvrkCHWeLcfwvaaSN2sIq1pUBC9U0c2TF2mXPsA==]]></Encrypt>
</xml>


2018-01-06 01:18:35 debug :
------------
String:
account-ticket<xml>
    <AppId><![CDATA[wx7f83e93205d2fd31]]></AppId>
    <Encrypt><![CDATA[kBEyx7lhDo53ui4xVBZkCiwpu4VLWnTYzBjNgpxUC3nW2vIQDUfUyMksm+YxIp5YeNj0bqVdI9aZtdflAlXDnQQyjS76+3A863flXAMf1Qj4EpDp5+4YtgeOOScbIpj8kVlGDoRYZs+O8x3thoqNM5PLhhg+U6pDMTaPVv7yM98bwGpUTFayM6KoF+HIDYM5onKabAA6O1NZ9KrBhivNvloCgjlLUTWp5XQkfLbIgimKPNAiEOrRpC5fwD/3KwJ+G751LRMQyDH5CTxBPrqNfkfazhzktKon673EQ+F8PfzdkR0hWVp9GUGNVePGBg60e+YVyhb5WCpKXE458Qhlj1C8IWwfBpgFsFJ7UHeJq/2zI4e3Fvf7/JBu0n4ppqg2KNXVLssrj5ZMQAeUBGjPpFL5EBx2C6HwN64uafoSJtmys99mQ9Qgo8glEMXdKmXyatrLfyaZSBpdIySCgMKrxw==]]></Encrypt>
</xml>


2018-01-06 01:32:34 debug :
------------
String:
account-ticket<xml>
    <AppId><![CDATA[wx7f83e93205d2fd31]]></AppId>
    <Encrypt><![CDATA[/QKCvDHFXhAiiUxDzIHvJUdMA1e+Y9JLN+54x2LozWNwKZ0iJz1MJ3V8cdnZMzP6ALAxLjgV6ONBIbJiF/ESFg1GZjwZKMvIzGMHuW5eVit64T7y1un29/EPBZLcJ0KsSShLq+Fi5No9FK+b2NmvIjz3W1Skq/yXeJ4RN80NbSFqT6S1G0HIEIRQ0lVDhlziffcZT5qedKRgc8/4ZiTZV+8CHBCEMWOVPr0sHIUp5DrqGMNLfqeFDTUGkD8aSYQhsvXO7+7vRND0XUyrt3z8HvOO3Sy6FmUnDoVhMR2/3BZiMTO4NXlueWDiSoiRKp7ubpJnnMizGwnn9nWE3siEybmoeqgsP8aGk2xxZxjaQa0ivW3skII7CiE2XhEl/uGP+TL0e1r9UmXSQwfc3Q3q9RuJfxS+i8DaL5vMe9yNmu0/2aandnEtf/IQRdQZ7mL68YSSyftvbLWPnFiHZqeIvg==]]></Encrypt>
</xml>


2018-01-06 01:38:40 debug :
------------
String:
account-ticket<xml>
    <AppId><![CDATA[wx7f83e93205d2fd31]]></AppId>
    <Encrypt><![CDATA[OnXO4ErPKah9MK1cw7F2tP9cko/q43ZcIMwKuDBBxTcvZOueDvOevCUSWYeyLsO6rZCEUiJ2O3GeiwqPXtrymH5vH274+E9Hr5b6YY7qGvsH3YCOLr67K0U8fd36TfPWt40NlSeFnHIJr9BxR7Rqdf+wubMDf1fFSmPnZfvo/Zn3csRb/QXy0LBfZ3mXgqHchTS2FVcMgDHT7Km+1PzxWDd0P/vDKBRBwCzVkUuKKN+PqIy4DJjAX2WZ0sOVKXeeFamb6upGFY5lbZRWLhdKgjM82WPzcAAUBN2B6PhgYoGyU1jA/edhpAhSkS9Y+DvQNfQcXDV5ukyWuwiqzCEYaXDvPkYKUHe50XPwzwuQ+aPk10kiM+Sg7rq/FOeHuXZbfrgvk3g6EnDA6PhJGqGKKjkg19JLSFd53H73vm6qOuOplNKd26IjZPcE/g5m/8fm5ra22RjdfaC4WSOPqgmp0A==]]></Encrypt>
</xml>


2018-01-06 01:52:30 debug :
------------
String:
account-ticket<xml>
    <AppId><![CDATA[wx7f83e93205d2fd31]]></AppId>
    <Encrypt><![CDATA[teaaDEylGD5ulFeU6CjceQ1MYpEbYFmmsEoUUuaID6h41AcGsaw1aA1vnnMU8V9GSFVWfOqcNk0MR/vNB+Hcg14RmOUDfVdeZnm7UlxgF20P8SNdMaTuphJcL28oOX8ExZRqCK2K6E1mwWqibmqDsk8mGOLwFV4LoQ/ez0qDAzVlAWKGqZPtgrKN68Rc6J/JvPdGQWarYyRJb+VQtkvdVpJmY0Omdn/yiA6Ys9syArrFtDypk8MSNbmJabc2wXppopMjRXfiniOh2r4RA31NfnnRd9n3utvVCY97VlWpz7eHNfLLtvc4m3+ezlNPT1sA9kofTZSyx6pqBIIU5+kqXYyBCMMktLlzkVXZ15UxbLCHjJGDk7M7VbJPd4bjyC2RUdbk/cEAhzi0lzuY9oplZ5DNYAY1z5U4CUXgCd3lZsgg+dDrDTbnIgS+mP7kY61UEtZ9RW2gpDsvlXhXXFldRw==]]></Encrypt>
</xml>


2018-01-06 01:58:41 debug :
------------
String:
account-ticket<xml>
    <AppId><![CDATA[wx7f83e93205d2fd31]]></AppId>
    <Encrypt><![CDATA[3Bd5/xud/YChHsowsHbJNhW9uRlfHdPwnmhrw1DXKl5sj9W+RN5Z/u/D3RBQDBUKQct+Izp+PlkNuf0+wYgJlzYr20ZN5AUBq+ots98GPum8lonO05GPoowFq2iTBbh7z8bdqgMRbJXk9lrSQo11Aw3SYvFtaA4zJ7mVK54i2Otgs0hmTcCA8/iQRl9ppgVq+0bInLNwVtVaTEAMB97pGbzCdtpZznKEgmtCJ0Ys9mnPRl9dTAbrJgcV0RzvuNKKnXsamx5edzxY/4c/tYWSxOz6L8e9ijl6OivafkhoUoxJO/gAEYfHYzOwSmIy4zvDpgT3YXBTNDUiJVAs4qzS54NP5rGF6g5lChz7U1twIn40ZFbiAg2j1Worfvy9kva0Yw2fmWsGyu5KfxCKrxXyK0zyh1Nk08KCl7sHbVL10GoK22cwZLt/rhA8YAmtVWvu5kvI3E6jJ2VI9u44lqdQ6Q==]]></Encrypt>
</xml>


2018-01-06 02:12:50 debug :
------------
String:
account-ticket<xml>
    <AppId><![CDATA[wx7f83e93205d2fd31]]></AppId>
    <Encrypt><![CDATA[5DwNWr043Or451gcbKmGD96ykeLpNeTndeVh5Eu3uf2fKDXrDGKajgOLv1YRql4pyPC/K+8cA3jNAPZUpE+6a0KLbdNzw23xpKOZ67SspV9HfddEy23glCgxB+k0bdyyMVgMZBcjKe6za3YPANJh1An3Sqzw9DgEkUwrfj47qND4Avg2EEktmkY1tw3tIaoVkBHGUdSvD6zRJBEBd80SgvI2DJeUJzUlwSfEFL7fAXYN8TSrpSD8ywDpptNXy0CGAiQMyHzg+KIkoKCXLGcdCj3WaOClOYvBndamSNc31FWc0GjkzuOErTz+w0tpRuI2DKG3/ahD6VCRvRgHP5z8y3nUrVhxTkMQUaD0rXuaNge4qb5NqRKu+OXC1CERKnxLc7It0N/smVnlizAvLgklevZKLFQnMgA6yeBl6VMn1AJH4udWYAI/NI5GSmporLUrerLtpF4oyWxlvSkfly/OEw==]]></Encrypt>
</xml>


2018-01-06 02:18:44 debug :
------------
String:
account-ticket<xml>
    <AppId><![CDATA[wx7f83e93205d2fd31]]></AppId>
    <Encrypt><![CDATA[O9HN5eawbQZJB4rJznizLgbOq7LjkZV+0hyXYbG7J83pitN9jpBaNi/w0VpdPGODdL81iPPDlqo1Pafo103kd6kbAb0WqLMgS48tsk20eUoRONH3JQFHx7CqxNQGEQhQkn1QmDDYY4jmlowF17VfbyjEaxfNDsmpdFq/WcB1fHd6v0czqpVsYYzsjWZr/4dt80u1DJwsFT+zvrCRg1O5tjgfuWe7HDWLHiFN1CM2n5j6g5bF8BjLsujtzMzkfNNgOvkS4howorFa+4pdJ2+C8PCaToh1T1PGr+FWKaerKlRpu9o6GQEGHnp7YzUzF8Iu6j7UqgMnRZFAV+i/Yn0WtD2Q7mLFHBJdP0EsllissMfsnqsO8plexVDs1deblr5oUCAT7Rzq3Hnl48Jj0cGVFnEf8073MeFm0ZkITJO9C7U8Q0a8ENVTHtT76BScOxXwjoJLjrfx9k4bwiWuFXQDNg==]]></Encrypt>
</xml>


2018-01-06 02:32:14 debug :
------------
String:
account-ticket<xml>
    <AppId><![CDATA[wx7f83e93205d2fd31]]></AppId>
    <Encrypt><![CDATA[92aponzrA9fgxNw8s2qXCyBYYE7t7CiaXavEcP7EQ2QNBmzH+PYAJ244HS1nmdQj+VcLN/0PVjvs+1kHOwIabmlCzrqFJVHTthKlCCVhfpxSodanJuW8V0mEOsuxGi6zTf0uiqnQbddNwN5iw+6Oc+XYtXRsIL0viWaXvD9dL4voqQZg98Vb02mw/NGmI8+9V7rMsX5EikeOubFyno6SKsR0l4d0QIGIAqCJBz5lzb1Vk3SXqacCtbcJfMlbmId6gtar83QRdplp4Mmaz7MV/1krlwR8ERbKPbg1FTdn3CS6NbXEYgjjiAGCwfpWgrgNxmM3sweaCLqa63o4IO/MB/3VSX5R4JWPDqgDG1O2brZR9Xxbx6s8NxXZiy+NVImNM6negDFRBTL7GrEB4HuciWZJhbuqa/AlDIsZ7K1AM/jSHuT/77jH0MaQCPlvBKBXVb58PDq00sLBk9BGrIXZuQ==]]></Encrypt>
</xml>


2018-01-06 02:38:45 debug :
------------
String:
account-ticket<xml>
    <AppId><![CDATA[wx7f83e93205d2fd31]]></AppId>
    <Encrypt><![CDATA[GIA59zj43XllSukaxu9SiAaE/gy93iacOUfRtiTb++TjdYxpc8acIBS5tTec84KjN3CA+5gtiYZzh8bht5kUZGmcctGtfBIe9tx6VlOP9O7/AtwXbZh/0T8MapOUDGziyw+qQ9FxRuU8B8rEXHcJ6Nd2i5z7mb+9awNk4EOtBUSbIjzKSR02GENMDLUPFvtWGLpElym6txuLab/kXvyvgxnuYpb8k5qEaBvauxjDgjPn6ZJpY6ik+C3B0wVLxfRE/MmMF0K5i0gWM642k5WRbGdga7TiZr3dXufndPvq543s/6RyXxadTpXyL8klieBoYo95HHeddCm07PGSakSwxuGmVWYxYp9AjynX1tQHt57IaRungAEOtcdwhCqlqiQeTvTQSbux7c+I1PFu8er9sebkMWF4qK2ulDMhwCrL98OSP7g81t/r9BJMMRKgBhboFHNBphSv82HiabMnWtdSeA==]]></Encrypt>
</xml>


2018-01-06 02:51:13 debug :
------------
String:
account-ticket<xml>
    <AppId><![CDATA[wx7f83e93205d2fd31]]></AppId>
    <Encrypt><![CDATA[QDbNlMX1lhrEnOTDrEL7Be3L48UKXqqMqEGmAZuD8WituB3o5PAyFIkX15UeDkPUhKbl7VHAXBN9x1T30ovBqFRf6uPX6jPbel7p7kjoHpHhuiwdgcvPye2VVxtwcrmYNeWNefjQJ3RYOwp6UrH5uqe6B9PjjI/Va1wOEM06geDUT+MmvIgIudSqSv1tikuIxKshgczfd1AbuElso8hTfkW8tH+4/+iH22NEixMXiOgk7LDxosVO+CzUN/Mhv5YSfo+Yd6iBToXSwrFzFuKGcR6F+maSG4GB7fqfsm3ypCLb8fh1Ou5BDj3/v7ZzVpkDQ1DTilX4gtGXNZJbU2W7SM0yG2WKfJvlqoxVN1VYqStxR+l8cT6StLwFGAIGsgCIxu4GdBet7uH2rQJTzDNti1UNCZcpN/skXcK79uw29ZjLX+h+NTJS982z1FFL0AQC2yKwj8BsxqBFy5teomOGNw==]]></Encrypt>
</xml>


2018-01-06 03:00:30 debug :
------------
String:
account-ticket<xml>
    <AppId><![CDATA[wx7f83e93205d2fd31]]></AppId>
    <Encrypt><![CDATA[rmJjsj36lsWlbNS7kvFvHFugii8cfgBYU8+uIyldBZlZ8EfNITATne+/oDd5ZfjjIrgNAyayUzu2xnp1jbcUa/Anpzi2X/aSJzP18U+8tmrkiWpr5r+6gihRDjNBcbnMOMpJf6MsmLHLld1otty39Ygoq6HjtCY2f9VxIPqNhgWK4TgyyhA8Qs0dyOFDVSSKV+2PyOPD6hn0icplRFxGeyydfdbG3vj+goomddo80N01Dyc8eR62xO/diKBrejuwcmpK4Of27x/0RadRlxaL4WENZKJeiJdbWlIIoFwvZhACCpHpYNzxfFNUS1ZrP15Yp6B4lU/2xvGCHTbsL40b1jKy5w5Slvf0PwZ4txGy1FqXNLi+c2W7oB/qsE7XQAz/zaGN6ZWTW6+2Fgomr5QUFbUnIaj4WdqQBgUada3yy1X7r7H4h2/8g9KQkWCdj85djQXuAvfEddR0qbQVNC3vUw==]]></Encrypt>
</xml>


2018-01-06 03:10:47 debug :
------------
String:
account-ticket<xml>
    <AppId><![CDATA[wx7f83e93205d2fd31]]></AppId>
    <Encrypt><![CDATA[f7zcRpf7eODIvbDyAaCCv0FhxWqYDn76XKw2VVXLUJpcoypXVyAhmQLd1re51GNfbEWHkk2e0uSdWv32wfa01t7jFbNTggHX+ijdZqcnKRUwn2GNRbE8pKf5ztPYAcnJUEahHwe70iTk4nxwC6rutD8Oe/VKj4Nmz/mo4frZsqdmiulD+RLopJ4DQmAF/QX3WTJucQ/KwO6PbsqNLj8Pq8bV23ump8LjyEHYMeDOWPkSbqJNsjixi5XGsqH1Em+pSuuEPL0kjyBSv4oi7p3OJ76aGAPk7JhreFiEiWrGShjGkelAFQLTgRIb0pe+hc2ObhJQdYhk4O1gQQNi09rCXRwrKOp4rimSNWKpCnQXINtpqbIckT/RX/SH2hLJwc32B1NEy+FlYlxn6IWWoFllmbEvojUzjZyQEDfkZ6U5VCgGNk4Q/Zzqwi0q3obcClaQxMcacQgdGaWG3Y8OLUNRUg==]]></Encrypt>
</xml>


2018-01-06 03:20:27 debug :
------------
String:
account-ticket<xml>
    <AppId><![CDATA[wx7f83e93205d2fd31]]></AppId>
    <Encrypt><![CDATA[kB0pnV9PmwuNN8TiWDnfpGF5XKN9D1qg4e7ru0d40hGmDc4voMIFUuEe909gRjAbCSqIXztcIQXpcZrHAmn2jxTy5No7xV9kitjAINaqI+w1KALxojz2oA8t+yT0SIpTj67sg6EkYpHUgN9fk4n+A/gweFQjm5ZNE3L4ygNsrRsZBgD63PvHzOTCZM0Mzft6hHlGaYkefDsl1G6/2Uf2wkez9FpmWppo7k7gKuvEg9w4JEY32iMtqEXw6K37TQzBJ/9VP7odKJDbdUuspDr6hLb73tRE5mEVDJLHDnpEr+25D64lCrDXT4rOrMpJRbaVzBh+ayolmmj3aEYhGocsR36blIFm+npZZGVrOhxZXRVnItBxNml85KyvBzl9tZJE0B9H3OCkCvTgW54ETxcTk4PZFTTIeVoN25aB1WAQZ7ZtNg99X1NRmCGrPBKR9E7VTQP0gIQRsG0mCmLm/ID/8A==]]></Encrypt>
</xml>


2018-01-06 03:30:27 debug :
------------
String:
account-ticket<xml>
    <AppId><![CDATA[wx7f83e93205d2fd31]]></AppId>
    <Encrypt><![CDATA[OMRi8YVltMyS8viIrYNfwM+3SmJ4PLiB3k/s4lL4UD2EfJmbDW5NjrVPQluXrmC9pMKWamzDur7dCK9SKVUCaSHiadmtIged7QgoMwOmyZ6+BWuFtD7IQVQK+yTL1ZsX3OInoLpqxnSvTRxto/hhkbbGckmtedDUzJZVSu6pZMlksYakDQTGD6JnUF28shu71DBsLC0td8/1309++fUMulzxMcqlNrBsghHdAI3m96Vk8n5s+MgJy4T4/DJ/9DF4zt0A6rDbfE5WDpAqKUz/gMf6mCTP0dKGbOttca/6OeLloUt1lIjhohDYaJJFrOEYgABzytk6geXrbhYwI6T7f3LzQZ5zzUX2oJbSokC4rPh4aL4U4aw3L+3b/frmJiBw68dbVZaLrrss7nnzo7zCm8NzV7yv2R9T7c/rSJNPFAauhvQq37FmDn0XCdYJBh0qWxrm5p5xoDpiAEK8Fb/xhw==]]></Encrypt>
</xml>


2018-01-06 03:40:27 debug :
------------
String:
account-ticket<xml>
    <AppId><![CDATA[wx7f83e93205d2fd31]]></AppId>
    <Encrypt><![CDATA[kEHg350zw0DxQK07ZMX7mh+mUfNZYaq6E5VGbQ01T93++4MlHU5/CQORC4uBXwFf2tcypcf24beASem+xMlnHkhP/XmBAm3XOeIWil8Zq0AScKZUdRZ11ziUwkR0B9fSv3TUXCCgj6jjyRNMXdm1OAohAKDkwNZpMBeXuaf0pYp+8ZTaAqCYLD5j7FjlCB2DfiQGbPgyaJteI0l4+8pK5jNDpBrL8Oi9sbr5nkrIAywsQBOCh59Yvf3VQN7NR0i3jF03I/P0+aFYk59O3IhVjNB0O4PNbHIrqON87K2F7kzjIQM9FURED/8TvIZFEXYOVATafVu2kFsss7d6fx6bGBL+tvBtkJ6KZTWbCIfLl6O9p9QdwWkPH7I/spit+UXhr8P/zwTiKZzPBRQWxLVM/x49eHYFnQOfPP4qNCr+PN6K4/7Krjhy89C6gclpTPM9n+KRdvpOPhKvY21Ka6OXLg==]]></Encrypt>
</xml>


2018-01-06 03:50:25 debug :
------------
String:
account-ticket<xml>
    <AppId><![CDATA[wx7f83e93205d2fd31]]></AppId>
    <Encrypt><![CDATA[lvuNH5e+HzLOKyhBNbqNPP53lJg/z0FZEOu4ILyrQ8oTMD7ke3YmGRQb7CYLUqgfZlg5BxH54z848gLRBJRf6cj/oQ125GTQOOKy51iOKgus7xThN4CO9tO+caER1TVK4/DgWqtEyAbAbxcF9d0GW2JGvQqaDEqw+tA93z/J8jwPXSBeQWm5wqIP5UwEKQ21O2lRmjGf5fAKxOCkh4XEIscWwVtLM0Xi40W9utf34sE7khiXfwE+AvtxK35gZKeoC6Kao6dMrWJAysOsmX+bIyNTKstGSf0HExkzQVNYaV8s02IF8Y6hA49aUQAphCASgm8czwqupZzSfiaZH78EPkoA6+fa+q55f0q9iPzGO0p4214gbox1FmQsRJQWv6dyRPDp4qvv0Sxn5fthTX5QStXmE+k2iWL1ljgO1ZHJFpm6QcbQBRT0iNB4NuO5ZvIrXEV4NrZ1ho2jJ9KkRgXzkg==]]></Encrypt>
</xml>


2018-01-06 04:00:24 debug :
------------
String:
account-ticket<xml>
    <AppId><![CDATA[wx7f83e93205d2fd31]]></AppId>
    <Encrypt><![CDATA[kheSklzx+OHx8eGTQow0+juFbY9IxyXMT96iGrgT1/EqWSeoPc8S/OzjJ+i4oa5I0PdZj8QGE2ERf5JQfFXhuGBR3C5/jD59hfC4Wu+lZR7/YCvhK63IXiSX/HeWn0MigQpupq6w2tkZDYGzfAqLurcw12JIUhY1oIBgO5+F5F87f0PnMQgiBB9kYwMPYVndeN25V+1A/YoWcMoxZX9keKueW6nEB6J9XcYxUkkKN3Ko1euJM9K+iPg8cgcgY8Ahog48ksPLYJ1DXLjBdtRASBd27uyZjdpy6srBtzkdjjWyYhv0srLFKBp0ETM61CB6cHsh7cMaB+Y2dqLYz3Bzm6r+27vYRMTGifab1Z7+p7OIP2u29JDPN3pStkm83RktAnNnrr7Wtjm5sKiaSDZ+Z3upkIkBTQEquzI2AACDbN1Dp9rWxuZysja8z3FCASoeae3TmUfw2oRmjqvHdL7zOg==]]></Encrypt>
</xml>


2018-01-06 04:10:45 debug :
------------
String:
account-ticket<xml>
    <AppId><![CDATA[wx7f83e93205d2fd31]]></AppId>
    <Encrypt><![CDATA[0+XRlx9doOmYtJtY0CaEP4p8MbobYklQIXRnJDFqXqkzMtq0Bcs18je9hhhsK2WSJbJgrsIMXeTwD9xca29T7Z2zM0T4as5n7aZi9m9K+RdmuhHTxxJo5jz2wGBvwoe4NbZ3IRG4JbOROUwrqYtjENdLUjSt9Mr1JxeURTZ86nd0OjPuIo46xTUvI7sZaM2vhipbqrBF3P57z3Y4RiyRN/blFaythqq30J+glYYyH0Ll9K4SdDwcajJF8nmE8qmyPOrqigsozdVQMiWCnDZYV9018JJgcXQruhBHi5EVLSx4lc/4LZI2kicOxM6DH/EzegHArCtLSm7byu9syzFvAh/ttDUdzvHC2ZjETk0ggNVIYMWfEE9AbevDFIr0R1ciVM62+nICraJshg3SCCEWtqFwt/wXEbXXF2lw57moUTvLHCRNGLCORgNP0ckKkNUeuy5mBBnYfwSRXazNRBveLQ==]]></Encrypt>
</xml>


2018-01-06 04:20:23 debug :
------------
String:
account-ticket<xml>
    <AppId><![CDATA[wx7f83e93205d2fd31]]></AppId>
    <Encrypt><![CDATA[CiN6nLbxGT+cIu9YOxZKhcsogjUJzKug0n/Lxe2GPZGjA7IwGf3qQx1NkhZkljmr2xnrDZmSFxxjs4BmkKSDmR4H2tIldfdM660xspP2MAp2n4OZCztUIkZzT8boaq0pViipNbUpxBEdg9wknEzrpGeya3l1Nr172F1BHWiDA4Tc048GXGM2CW874obR5LXmq/MARC/BKZOXLiPATNHm+Rg1xA7qej9DADQiEega/uP11lguIe122RKHM2gsJFBIxRXrxpTcYKwy6GUkIeIL0zxi45GUH6ZdmbMlJCRIPxuUKiFj4KLz5QrDDAbbO++bziJO9jzsYmYX1uqy3RL/Snuo23wW915JcwghLgaTYgthQ/wpdxZWG1qeeKcU8u/hKY37ESpgWyuxAkoJSPTDIiSc/FRxwgq1BWKMZUIRBFFxmORbNBd0q95PciwNxxlHQHUSrKfhvHd+7agSofP5Bg==]]></Encrypt>
</xml>


2018-01-06 04:30:21 debug :
------------
String:
account-ticket<xml>
    <AppId><![CDATA[wx7f83e93205d2fd31]]></AppId>
    <Encrypt><![CDATA[RmV7FTNuHFdea5Kh7hlvxhvVUBJRS5hihFIIPDMqAEZGs49HQB+mW+mElZ+v+KlSlEF/b4PPpC2KbisV+Uo8eMMQyJW2DSdZWzQcTz+bcy+a9XqDoPw6fTXKwIkAPcA/YSHmuJFELCYbqdZ6FUpbwvuuNQNFUzgpXN1/6QQlkXLGL1AsDsbA9IOb9z+hNdp0Tfy2sSowQ5v+6URty4ZYBzYVadBqpg5YkYEwyb2TakKFkw9ZptbQtrCa+mS0/0RrWN6rJ7nGJ7yddCqWSq7UuvsG8bSzl0AE79wdHfRo8zPAFM4knhrE2qPLdmeReLyv0elMQsjhXwAEpGEqvSOA1QhQQWZqaB3QXX3joD/XAVQyRUSkbXnITe6rMjsRQsiuTobxGZOWrHjZxuP+fu4tDkSEOyfhmwuP0jwm2y/4W8IB9eVVWUQOvvuVkzLv5murIvwGPtpYS99tNYLb2JEjfQ==]]></Encrypt>
</xml>


2018-01-06 04:40:25 debug :
------------
String:
account-ticket<xml>
    <AppId><![CDATA[wx7f83e93205d2fd31]]></AppId>
    <Encrypt><![CDATA[JHUSB7IN49jwSFH8cJQvRyXHn2BinfgvIu9NsIVxY7lnvl0bNELAJsIAJM+juxIN+8w2vSUjHW9KO2hdboGuLi0A18t7ge9AA03ovwRDXy9AACq2GGYdD7pZRsgeBWvJPM1m8JFUQ2dcF2A3U35vwFTLoDJKW5b8fFfn2vcwjpkVuBTbTMM7eDm7YTBqRlrmNIsdArTFuOOPTY4HqUeFw/Z2jInBFkQ8l2bvswcntwwwYkgN5fYBWvOXfiLptgc1X/f6hPA6OowEULpXOcVq0kvgRclkjXBOdBpKhFXHwOMIEJZ1dmE+MQgE4HiYv/HK0siVR6DnSJLfCSCaH6foUCAzc0/wFzjwS+9RUJoDqtFH2ydyAr7rNexh1mA2rG7sj/vTNvDITFM8X1PPGi5qBGGnPWzRRRIiip2bjgHwUKdvuqRBQSOmw6ns8Dk/o8r9XgrbNzvEfvUTxev6oh7WNw==]]></Encrypt>
</xml>


2018-01-06 04:50:16 debug :
------------
String:
account-ticket<xml>
    <AppId><![CDATA[wx7f83e93205d2fd31]]></AppId>
    <Encrypt><![CDATA[X2iRHHS38py2k0+eaEBqGrtxYPclY8CJoaDzor/sKoV1P1SRo1ldJYkM0fh6QxhHug34OcBs8hvFbWTSP7joBrZriTFK25VfX3XW6PDELumeM4KK2VJlc8Rmj760JMTBU01y8GdXR3+edrLoKtIJpg9jWvZuj6gtxk4KZMUGGFAmJT8q1k6a3RGQRyabb85kZFcw06nUOS3Mw1mZep4RYMAJM4CAj0Yms4j2kFtS5Zu83iTbaOhvlsw+wjUfQtbawr3eE5mYn3OM9KRJydHcamDpp5pqOgZ4haA3GIqmhQTvrCfZXVtIkhmc1TJLoMeZnB68B/zcPcTL5cnP0ewtNXJhVWOsAvKVlp4geHkoaYgCGw1Zh+BIMfoQauoz0P3dk0E8Bjrf+/to12H9uT4Q7e1qfbe5aZJVKkP4sVWzNoTUKDJW75Rll8uKZMMgVPUuS9q1PN7vF76crCVhmEWIHw==]]></Encrypt>
</xml>


2018-01-06 05:00:28 debug :
------------
String:
account-ticket<xml>
    <AppId><![CDATA[wx7f83e93205d2fd31]]></AppId>
    <Encrypt><![CDATA[9Wbal8mQ2ov+xi1Vd/zqBhYcxnsDnC5elasda4wxq0SRF6UCmaM38vqjoPMn6KlwJbPdRMKGzuZuvjRsmCK/ELLyeh2aeQtiY5Z69X9y7srs0T1hH/KKuxjrEWR4PZfqLcO0FupK3CeoZIXOxr52AcKsbyh0kqbQP5qmCrpqOUwfZaINadEYOASiKGFgn1hrBDjKalB8XC3KyBI3GaUgPJymqAK4NHQ2w/avn2QiYQ8Zfv5h3K0RxtCUwqpqwvi34jAUMPQMvwG/PJ7tIU2YoTsVaPfPSQ7hvlBIqw3UWpji0zyPbLKbnqah5mLOykN9Vg+xZe5X5rzi5BhAgUi7QgszgCf+8GUmwPEw3R13R01e7B7UdgYuRRjdZDzbLiYBhGcnDKWMmoVEbITvWKTQRLIPEQziTWtC2U/o97RsICJVL8NtU/WLhsGWqcTGtBYNJBIx0rLV0S5gmPpNfF+tsQ==]]></Encrypt>
</xml>


2018-01-06 05:10:32 debug :
------------
String:
account-ticket<xml>
    <AppId><![CDATA[wx7f83e93205d2fd31]]></AppId>
    <Encrypt><![CDATA[bgGhUSZk/HxKJZVxHFtk3v7J+OgpEU5YQccm8pQnMkcmy+TWmaDe2+QWJtD9OSSkSQFUKt9VC9mLReW6WE0nUBu5xsHzUr8w3Lf3W4VfSt1nq3uRzex2v5hI7VHMsCnLvEvoH+V1NM5AD04oOWMyMRI/zTXubUnBguv5W1nUPyCqU8wHMHrSo6kDvjtvMYZxwXspHN8ckJhZS6vU4AyxG31BM41rYvrr7pe2Pr09J0EmPfydkxOJ/cwV0yGt/SDJqAqqLhdnGrMqSDXmTJ3AiPumUFqUs2sWwGpyE+vou5Pc/hS+hVSuuot7TJVBpGS+Ep9I6F72BTgJJS8w/eXZoiaYa6PimEw50zT/CUIsMP+iUTNv/yuqfDFixmuAmZmkjxMOFo68vFmSB2DMRHZ2ojvhlRvsXNrQspYO0z8aoVTBGVnTYdryvfpcs6zwN6g2zxc5ymLP9E3wEFvgsU8roQ==]]></Encrypt>
</xml>


2018-01-06 05:20:23 debug :
------------
String:
account-ticket<xml>
    <AppId><![CDATA[wx7f83e93205d2fd31]]></AppId>
    <Encrypt><![CDATA[dALaXWnNIlGmxNTG6PS1Pz8CK286IdS7v25a2et5hYARmWc4coFMXmJ77t3yiiaEl1+3Mv1TWaxzbfKH6crkrwDh9+E9YSsF+uhf+GSIf2Ofg692P1seswfba8QiNLgRvVu6OaNKXS8oINKgV6WhdhBWL8TXKZnWNoAUTMbQpE+mD6e4iJDwRNvaFcw0iIBsvF/q8VG3+VWxpRaeA0Rga8nFU1U/llzOJ4MHN0OHZlg49Hw/zdrXuDAcWdAs3S9xOuNv6AA9Y04Kd7sRuegd1STn7CQA/jEX+Jo2hJuSYjLNmWxQPFdI4NM+m5glh4f97IkuKnxVqioPoH1zhn2LUobhrzw7C5W/lomL0GAsB5nSV97T3KMbuPAkVyn8xtPnlMsDd+VbSTSBxqq4Bayx+BDEx5rrioHbBkgaWAfzKOXoxCXugrXObcMk2d7D6ERNNLZHOM6lYkrIA+393Bb1mA==]]></Encrypt>
</xml>


2018-01-06 05:30:20 debug :
------------
String:
account-ticket<xml>
    <AppId><![CDATA[wx7f83e93205d2fd31]]></AppId>
    <Encrypt><![CDATA[i8us0P9a4hHosfoY/I6A1GOSJFe4zcRxXNVTHfltqa2xq6xDW7OU9ba1ckIUQlrEfAjND7uArmWyTEVH23Cw3PUjryrw7vzO9FgdZKXel0be5xCuDZEkW/cFJ01BNRUPpKe+SEMwgxz9xj/7dbotOfqoBoJGyBj0uSMHW8MX0bmuv8xadtReM7XmU4SHBQoCZou0pjSDHzQcPtRdbCJqSGhq6HdNkvm+hak+D/q/QjIabnX8IebF/ci+IggGuj/UGp1CfczIOLUHpkEnTsrKXDXs0vk2pxAu5eWO1Zi/aK0HAFCDbCuYQVPOOYSL1dXE6/S1Yde+usYaBEN2bX6+FCw+3AXVFPjNJuj9TMzSmF+qam4JCgdCf6SfJJEUhoPUhZMdK/vduu9J9SvGPbr2bT/Ks0cdCARDzUh/9QxqEpdzef1sXBAOh08mFybFwvLaDXdFEbn+IW+yjGSPkHYPJA==]]></Encrypt>
</xml>


2018-01-06 05:40:22 debug :
------------
String:
account-ticket<xml>
    <AppId><![CDATA[wx7f83e93205d2fd31]]></AppId>
    <Encrypt><![CDATA[B7h1jfmhdVj6pa2HUjRiYxowl3xspHHTvlDhlcXnoggWzapTNCpA4Rzo7ciO07Dhd9ELALmW7IbYxkTVWNK/zekhWNeakxtVK4lBTJktu4poZqejbTYA8AzA3MUfZ/yt8UJvfoK2a8OxUU1/JnPk2ZmrLqOAmWhCwjEChLU2qMsMDO8FFVuD/0loRhXECObGsCrw2h2tY5wJSOwOCjFLxhBRYY9OrP7oIbkVak+wJ6JH4ctzFpY6z/uf9vN9jFx6IUeiiaYfCVwhC2H9nxhyjNlViZ8wyC0cPZ/ppcUXbfZ19S1xINzQb5uUdc+HD3VwCA+PeICs98yA6E3/CIfd+Qjva0Cl/e8QMW708YUAVunUk0EztuN7+EATNfbm7YSz4p9xcJK/9eaYCw7G/tDt2Golk+MFC/RRRnTAl29vALwJx/l65pqIJj6RKnZNiRzWil33xz1rO2dHj/GHqsAv7A==]]></Encrypt>
</xml>


2018-01-06 05:50:17 debug :
------------
String:
account-ticket<xml>
    <AppId><![CDATA[wx7f83e93205d2fd31]]></AppId>
    <Encrypt><![CDATA[xFTLHAdQuB7WJPAQi2+HCm4Sb13dYAoiMb+RsBlP3V3LYgFz0QO5nGH2YB7oq1UFYUojUEZh/Ogu02d8mG3nDz9bE2KwZlECbdHDj0EI1zpto/tWKr99MPz+PWkxPNyiR7wZLBp3xIwpEG8RsNLUyBCtksKJS8gNAPJeUMcrph5qO6k/H6s0WLKvIZVX5HDWBluJGSADCNWB7xwEG6PP97WkZebdrOxK0oL102WJL5+6UxfvRsPqaF7prurLtfDcQuv4yW9vpz3hSG9gu87mVBZawDT1Pwd0sOIR4hd06M75drhtD4XSSN2bUKfb2wSgLNkSXwL3quihl2kR5XB/4m/obJiaiwxQsdzMXZLXbUE25C58a0AgynFG0kAWhk15780d2Adjdu5lcbmGDGMEef90hNg8RY7soOXzARMu6WzbtKOvOKOQ3JD0KfWYpiogAn1XkWG6bl4RS26sp5HocA==]]></Encrypt>
</xml>


2018-01-06 06:00:24 debug :
------------
String:
account-ticket<xml>
    <AppId><![CDATA[wx7f83e93205d2fd31]]></AppId>
    <Encrypt><![CDATA[Qk3ed+EFl/2KxDCdSnyPHSnHV4mmsr4kCqrmiEDj3hqyUjRM+z0E10/8sAPAC7SUOlX6bbcwM/KseA5HmxnzfpFNY0Ok1hsH3A/RipaPS+yDPy6lrQxrBsAaiCqazFaDGXlecfb4zAEv+8irdtrNiJft7qDL1Y1c3zsAaS2fytG4gNiuP0pWE91CUK+cjGXlF/OpZ8OTU/rCL5c5j+hSuUPrJFpJELwR0wSoNXWMITpKTi+DwXwvTLUX6PwURjXQ2hgLW+I+h7y3HJPDZslJBE0LZF600zbFA14K2OQyjh5xl2f3Okh4KKhkCpRfjrSwLsDX8HPxubg9rFvWuuP07BZLvJVZ6rrv28/qnwx+zR905Z+FnQjX7r3uGXyn5AwO2L476WQSNaNWOsGFAfHYvEzVaaBfrZ4kWUAT80U65SsvK4IwA5H1wXAKhaEBdwUKSxowhm4ZN7M69J7kLgDd4Q==]]></Encrypt>
</xml>


2018-01-06 06:10:37 debug :
------------
String:
account-ticket<xml>
    <AppId><![CDATA[wx7f83e93205d2fd31]]></AppId>
    <Encrypt><![CDATA[Ff/b760gI99egWhQwGfv1C3JXMg/Gt9yfaiBjlRnkmfMk4VSso3PSAL44zUaW8jhFvfgZkWF90n2gFMbyJXiFVUTU/aPZSZ0QnXX1o+JPce5ZDEwvWbhkgQG7XLIlXPIW+GMWbH4j/eFlzjSUwhgsNV7PN2Ira9cwQSu9PjiMmO6AZWJLbS7G4b7NU5ph+GPuqnk1CXr691z0Oz6GX8UjcpkOkUtTVzfoueZ3LYg+BWOTMfOxsox5zI3nZoWovFk3KoZ6U14BtUWv9ZB0SJ2GTXiR4P99i7XZFfak8xREoNsVgYmZRsWQZPd4LGBSAtz8Odr/+RmlvHAr680/9NR5M25L22lWQCdmOVMrJYYvTVuBfgg0XZ+N3hYTBVm6lJ9bGAMag9XtVlukeVLZoaRneP5dRHWN7zVmoJHIIegnO8Yjigij0DLFLwBoWv1r24LzbawjcEFyQlX7jVVE2/lEw==]]></Encrypt>
</xml>


2018-01-06 06:20:15 debug :
------------
String:
account-ticket<xml>
    <AppId><![CDATA[wx7f83e93205d2fd31]]></AppId>
    <Encrypt><![CDATA[g+gMbWx5DoQjXvBDY2SIQ+rrnBtQqtUMFUAjcU+UfdqUrPooyGNcxUrBgJdRPq41UZgBqKCf0O6pMTXdOIgHMz557HvcN8Q7HaMvcApcqS0yntjXDZ4qZVYg/dJwrG1CxIpOQvDvZ6QwCNmOt9qlEsA9Irmcz3rcs6EZgc36M8lCkUMFADYk9EXO+qgB/vHQBgucFLQX5tMtxozZmUBBXfnNZCbBdcBt62mMgHAeTkiP+wWXHGsGbe316afUwx5oPLLHr9C3lD5xmKLBIKxe1lEJbLgzM29nxpV7di5Qqwm/quosfqBEAJhvsuLJfcM0lzfIvNuUOu3gkZZtn0pz+2cka6hYfr9wGlkhWtCYFjZJtk6gd/GVpeijvLicTVgWHHCHb/GyyHiz3s+9RnQUUj581oED4WDChLSwC1xmRu44skPg/wPt6frIwwWo7Ksb40xb93Mg9vSzayc9kpSRzg==]]></Encrypt>
</xml>


2018-01-06 06:30:16 debug :
------------
String:
account-ticket<xml>
    <AppId><![CDATA[wx7f83e93205d2fd31]]></AppId>
    <Encrypt><![CDATA[brrO21ex3FQ9k7MwaY3+DmMH4B5MYxob3mNgAOxH0L1qFft6gf3ebqHSqhqkRi1VwiG9VuXc8lpzV9VnDhQ+BOEFZ2HiaAgcHOEs6dpvOMrf4BYCGkLo06ixnsefxQ35iDo6DSQ23W6hcsIAKZMNKc1Wn2TZdJFRgF6s0ajG+gOUgEL0JFfAywl+ec8HgNUcsb/bZEkFphU6ovkENMs4CtWdRr+wwyOoui7ufGFJSbbdvYeba6dfQ8MOGoTEhCPSmXG0dblsJxhGop1aGwx8iQE27F14znDoCDaSenhtm96y7KNdElQC1A6NlQbD1/50F/5lT0+PXyimjIg2GluAgTZclj6SKmrkJzvn95paIKUjrfnWUDoQvSKOF92qCINHIV9cnWbzsYIgZOEYRzQ5KCQ5B3VnACAJ2TZTRgvTHRZqJvPreBfTV10VqI6BBtxeA6jes23dyd+kquLg5dHHBQ==]]></Encrypt>
</xml>


2018-01-06 06:38:18 debug :
------------
String:
account-ticket<xml>
    <AppId><![CDATA[wx7f83e93205d2fd31]]></AppId>
    <Encrypt><![CDATA[V0bcF2nTc7MbQ+CouDm3tTVQxsQODyqJwJZka4NO5WhDR67wBnr3tJEYkoS2PxFcIbAHuslInSYWGBCZM4cmPu4sc/fFFD1nc79ZJA/tjmdG5EMx632leuui1U+ulMCEDaxI6oemSS0ItdkBrcIjYwxetb/fwOwfE/t3qcColCNY0D8/c7ILf+dmw/tZtYnJgnEm7YGPuWegbty/u6iLR++aYL21YDeCfsdIFKzedKcNJ2V39I1OhJwFMDWD+edXX4XCvjsRC+1eCoyTvJG5kUlWzz0tiAjPgMcbRhI7LFzmvl3RDHacxciRpOdiXUm4yO9lI/9e9Ru3NujH5lRR8OtitIrHsR6BIc+oza7fqoK8+d2PGPxeVl7P3m55TO8Rq5AKT7VSCmcLQ88Vwp26xPBmNwu5O1D5QizCZPMLq/54qch7PO8f0tR7W/TqdpV9KWitiXbh1R5e/fGlpA+auA==]]></Encrypt>
</xml>


2018-01-06 06:48:11 debug :
------------
String:
account-ticket<xml>
    <AppId><![CDATA[wx7f83e93205d2fd31]]></AppId>
    <Encrypt><![CDATA[mJznUBKb6Sh2/1pJCn15hM4gNwqrd1W6jIWwdZ3ruRef2JisZ2515nnuTEGJmu3zPS43ZVQmtKLkRcQjWG8Lzg9kO9lcx8roNRvFihQpgrhVpBbLWjydhpl0zg2ljBDWAxwiIgxj2VucNjHgRz2uytbi9HvHLdXOqZjyDBzuiXAWEYKqt66/wTehM9TKt05upNAuXYzz+Yhf2OgEo8ifm0RnM8ZJXvdn37lUejxJta6gVsgpsrBl+KVMohbCCIwpkSeklJFZKw3dqxnowTCu1Y5lZBrfjtANlN9ySIuC3lz+CccAO2eWje8XM3ykpKwi9QO5NDDnDWtaFhZGQCX3egnuFNp7Yg4Ar15YkFnKdY5FQBTPF1ZFt6yoLLc/kievaMHl/A7Y8+KwPPxb/8hNv9oRSiVqRPkCiMb7RG6OnyB7TnIUpqXJSFkzcjxm0eCa7SrhfA+PSoVLPdfcsV42HA==]]></Encrypt>
</xml>


2018-01-06 06:58:22 debug :
------------
String:
account-ticket<xml>
    <AppId><![CDATA[wx7f83e93205d2fd31]]></AppId>
    <Encrypt><![CDATA[Xt2Bfbj1r3Vvg7UUplgrg5VtnViaFQa9niYHpRNRBtpdSBvanBfPXkbWiEidlCG0C9cvztyYeJqW9jxDrVErejQn1GfSr7CD9jEIo63i0yEyaEfk/lu/yvblkkUyCi4ms96Was8eXWMOVuc7AFa/IaFUn2iPxd9maq94pMmBo0NJ+DZbsNufng209wveL9gufacU/8osLDgqgzyoFYjk0WgwHk+CNUR9Z8MLo+2mg23x6ZnIYQarTMHgy+gO/knwCjf7AwjmWs6VwxqUd1nAWP05odH7nXMyvnrPJzxwTMS6DONR2KsykoxuffKpBal/Q9bNPR8uQLZTWcotZOuSFivGyYOl7sMXbscdpH+VWHe7bXep5Fy/N9xuHPbuPZvwX5lJ+8MUTlfNt8UUndzmV18q5rwIyhpY92bFrnGmhC/ukJ+IOYUSRHxigXtUhItB6JqUu9M2E9Ss0MpXu876NA==]]></Encrypt>
</xml>


2018-01-06 07:08:45 debug :
------------
String:
account-ticket<xml>
    <AppId><![CDATA[wx7f83e93205d2fd31]]></AppId>
    <Encrypt><![CDATA[Ly1X/UtP7zDrtWHayLeu1ysJHUBZCau1UNb73tAjepeWTwolkgYyIaLpx/AcjID0INZ86kAV1sj1OuTVJ5DCJVaQmKM+i/ITjpU900BF3CbHVa07ZidvQb8Zs6zGrxyuLZJBRBP6lHqCc2352TmsL1dBRn12819dl957ftJdE203DBrwtAfnalo0RkZFwUYyX2maagFvmNTZxK5qziYOLZqPPF5rGAiuTKCxyBkByu8aSYQw6OkeA3ze8oDoZ8J3mlmU7c3vk6G2OipKWSFo6SIeeIQKYhldpECN+mS34D3uyFLEHVZb+o4EeVoJdgSfXBNY07pExDI3Bui4Cctd29zMWIdTpJ8u4UWwOWm+FXFfl8Qd4KpKiZErQpavr4QiEubssgG5d5wwCtv6gbmZtpx37m/iHn0TtMg98hktQOlDmULQLoFvfHTwxNhRW+NuIinhB7T1OJMgoO96J0V7sg==]]></Encrypt>
</xml>


2018-01-06 07:18:32 debug :
------------
String:
account-ticket<xml>
    <AppId><![CDATA[wx7f83e93205d2fd31]]></AppId>
    <Encrypt><![CDATA[zicuDvYbtTLo2f4DdLHH4W6sC0kMj3UewhR17++igKJvRJzKPQWOwpcc/BMRfpoOZf5m30ly0tDntubFebGC84u+yLP3z+SGOyefzSoUYbpf/GJF9CbH49tQFchYOe46HfdK2TVElh/4Ag8mTvD6DIzp7Gg5Muise+ZimoTBvw7mxIGlmMa4qtx4mQdGmQB8sNFzmofjjGTra4kPZq8LhJTk0+xHeCumWsRSlXS4krSvH3pEJDHqjGXkC02EGBrZXRWD9FEaL3JFhqPLs2/o0/QSeR6ET5t1PLJWbDXi3tcSRWkViatydwJPHHckgTiiV/vcINF0w/hdIWJa1txPpg7mqMLwb1DcfbDczIhtPdaozWpZqVhssbs540XyAr9IXzzEmr+tR/S1gHLxo1L03Nz9CUY/zyqcMXLGHJX1dQohWO1YapoMLGDUB3q0Yv/oBbTa6/rPK94SXwrtGtgf3w==]]></Encrypt>
</xml>


2018-01-06 07:28:28 debug :
------------
String:
account-ticket<xml>
    <AppId><![CDATA[wx7f83e93205d2fd31]]></AppId>
    <Encrypt><![CDATA[x325raSwAOhGQDLzvQ0Hd8T7fr8nZPg2bVyRG85bPD0dy7/vJGH3hOPGLooJY/9XQk5mhE2BfgZ4WPsIOzgqGucSWcGx8OPDPTqyvfrFiV8KQvK4WwudxzL2TxMYfANlFT5ekm8z7pVFYqqjQfuLAyRNuLpJ4hQesSB2TPXfWKBmtyVVPQKTF1Q4B2wrQF5THtHbthKuoCz9VBLWlWHyzkYmm3NpNSqlIJVYPYDOaPqyLAQ3YJ8p4U6bKXneh4MTlMdnTDtMYB2IykHbTTHxeG/+0BxAAbtKrZ5ZsZ3VlnwGfcV1O12vbmDE56dQ6ddFELI//xnvTwN26dwanDiJB6LtnR/+exH0zGpeR+dNT8oNOyaT4ggBr2wYtzXuvENBBaXvmBKRmk0D5tvWP1lSmMXZUi1zc7iHxZ1PhQMmakNZXa6Rw8s7lpXd9ZULrPlAiCvmsGyAwP/+pAIRSEiQVw==]]></Encrypt>
</xml>


2018-01-06 07:38:31 debug :
------------
String:
account-ticket<xml>
    <AppId><![CDATA[wx7f83e93205d2fd31]]></AppId>
    <Encrypt><![CDATA[WW7vAmVu5XFHO41i+/xHMq7PEJ7x9M2djIhxeYVW0DEOVs6ANPDvXCuY4CZt3FUaU0bV9IKPE0Y+0qmIj3vBbNRdPzXrpfbk6GoflvXAJ9BrjYT6ne468vqZMg2dZS7EIJIdauG2kFe5NB2ev1izJVuj/4YYPjHb/T0jiZpxn7RfMvyYv69UXuAVnE1kkqqJEwx08+B9cZiv+cVrSSZsSXAVVC1C37zN3Pk8uysgg84RJMpGQ5bwIjjR7JPqIhfpk7gPVvTCuoi8eONetikxu3IAglKipHJ6IcZ2N90dmvueZx+q/gQt7naE35HwlwE7FtgkXWq4dHJQl6BVd5LmWSC3lclBXnLwoIwGbwK9VFsWdEMNa9kOK9ZnAnhJtk/QDzN0QKiYuPB619MHtpHDch+mgj92F/3hzrg17H/M2XwiwQ0NXRN+YDfA4j4iZs5Dl5gQIVo7iMJk4SLs0GmzFQ==]]></Encrypt>
</xml>


2018-01-06 07:48:30 debug :
------------
String:
account-ticket<xml>
    <AppId><![CDATA[wx7f83e93205d2fd31]]></AppId>
    <Encrypt><![CDATA[DXMc1Y1+hRbrLBQz9PuDw0W5XOGvt76OCnQUZj0u4r0feu4YTfHLK8FAjXYFwLKHVatfCbTbIqUeHCqHNXu/+TSKpKpaickirgOWcsPpxhkY6k0GNaw4/ENDCEs0ACzkbzzPuCII6ou9nibV044PYfBxgJJ3izh/5MXKnbE6IYib8riKInsUbL+ckvwe9QKutSBg91lduck9NesJKJAbIqLiKal+diyxzpR0EJvjaVQhXW2CiDxZq1OAXu9xQXz6gwFwVQDpCjNhOtfyABMCJ1vedeSDYhUL2M5NgBg3kslm2roltNKDNOYfOc9koAkL3JtkBuALCmTnRutQrU3ys5akqI972VtMW6GFKBKI8zds+B+64AeAi31KQlcBxqfGDnbGiPoUtdhDIpPANKi3rYrx2YHK3l4oo244MtwRoi3tzMcJ6t80ytcG9Y+vOcJbBmpF7ETYzetyGv4nt5WKOQ==]]></Encrypt>
</xml>


2018-01-06 07:58:34 debug :
------------
String:
account-ticket<xml>
    <AppId><![CDATA[wx7f83e93205d2fd31]]></AppId>
    <Encrypt><![CDATA[UGoW6y7SFHY1Ha7V4zZMA+jA6VxKVutLVThFbe4kbnQi4PRxZlMdZZZJtOlzcnp/TaXBnrb5Or7MxwxSyirT1wjk5inhdmG3cHApMfvld/y7CtL8JVcrkNfVyuejBiDyEtm3N0cMcV1WRBJ1FFoyIe8f7P1Xg9F8EtQ19MpjCTSoOQ6LQRoequBqHIEyrqRnymNMODimma4bvC8TdtEGGEADyL0tOGzW/qcJ//jJOA6VR/H2H0cujNDUPz6mmhCGDGGYE4wfYbaDe0pfnEkj/mElvF+Xpg7K1KxEmyJDZQ7NsjxnRSU1bMmh2WN5iyLY4bDv2Gj1xTPtrWaFS7n/S+VibPDUGC5xUdIqoxLr1E2WYir/Z3f9faH6X3xhZS/1sGQo+/NpLexzKfUwuzY+QzHmj/JSFV+UFoicsyRWGlbSWFt00OIJWb6SHvOKOgfusM8GLAJaHXCGjAQhY+kJuw==]]></Encrypt>
</xml>


2018-01-06 08:08:41 debug :
------------
String:
account-ticket<xml>
    <AppId><![CDATA[wx7f83e93205d2fd31]]></AppId>
    <Encrypt><![CDATA[6uagUwMXtdBnjEtCaJcgzVDaIKusAooMArl07zXKta3/PPrRjbhF0uQBVJxzxmpPtXj196f3VngXJje1w3nCJRitEJ9R0QkEZFDttqxP3wAsg2hY/zMqfSXmW1lgyXSIdhNNSrDbl4/Gp4vUEeBfohKDgCJlR+DMpAUgSI7qQZPl60YWze09eiTlyoWuCAgtDdoMyN859pplnCNhw08OvpSKG7gJZZpFeudeto+IRAQpbmKSgNCSRNDfmLAUstW3v4RXU/XxlfULH6VvkUgE2Y+uOuE2qhhvIpRNeExsXUE4vFzh9HA6jJ/hxic6XVeoHSO9EdWEVV7XRM1uD1NQ5vH1RPXvVP/Hs0+iuHvPKCtEwlyuDfkSrceT/e7vhlz2388CTqvDh7v704bsnK9YGRWOzvoQCeJLZyfMINatM+yawChjud52dKY0F736C/lncyvLDlr7Xqsgx/9VzIc5rw==]]></Encrypt>
</xml>


2018-01-06 08:18:46 debug :
------------
String:
account-ticket<xml>
    <AppId><![CDATA[wx7f83e93205d2fd31]]></AppId>
    <Encrypt><![CDATA[1iC6g1HEL5Czj9wc9Hgs1K396gtm3OrkDoZ0ZlLQXybDfjiK4WIyouBp2ZsfW23ruKlWqT7ByVa+mIGGeWNRu0dwFxqzVjvd3aXSO2JGEjoEY0XL7BniJb3OzwK0uRB+thOqPvEpCv0VEycwG0xDjb7wvTzHVOJO5QToBfFAGJowu4xNuXxuIAQrcRXslI7rdUV4J2rTiO9IqXD/AtIjCj5YfAwQmA9njofbzPVwJY6hUIMnbZz1//Q/0KkfFMxTDPmNddphezZVXlhgcAJwlLCbrj5AhCjtoX6MCmiawVxmIthj46PnPbz3pbRf2BDJPOf7n+G2EymLiWDkcGNKWIMIHPTpnuZhZ62ATsqYa9YQUs4B2LFh+jZYs0/FRzGqO9nP1GeaFoandVgRMJV0bjLHXlFJdQ8c5SLCdNC3+XhXfXZB2/G52finUFOFoipIyj0PlSJPtQf+ps/sFcWgnw==]]></Encrypt>
</xml>


2018-01-06 08:28:43 debug :
------------
String:
account-ticket<xml>
    <AppId><![CDATA[wx7f83e93205d2fd31]]></AppId>
    <Encrypt><![CDATA[ATMojJz23RAOZcuHsuvJqV86YzbH9p2VzOKkyyz/nyhymAZjptUiQiXNVNnbERlPiBKcEBtE2Og660Bp7toLqrUMHtgHYdlkJcYEOkJrvRwiJxuhqcILqYwlDzY782mNiXC0+ZCY5p+t/n9RuH3kEYFrnlSCt++BBfUnUl6ZDEOOu2vLyWT8QW7Ln6bR/mnfcR/e4Gf/nyrapafoqRY0uU04Z6B/JG0aO0EAlYW8nG2j/6Tdf9qo/zNds+ZBsGkeHOPifMVKrKF5g1yERLeeZGaYy9aCmqZMI/jStJhUFN6qql3w8sjHXpbF3UPn7GinAu/vxzHlsJ69G25lkb0lojWzWassfoMfqhLWZbnMQ0Sv4Ir5Y0ZNUtbRsEb0tuM0LBvigVLNyJ7N7sG0nasqEMqXp2lZgm6A58oxs5ydR9yb5KymuZBFHqvN8DyeqoNWnlcV+Rmp/4R4vG0t7qGUHw==]]></Encrypt>
</xml>


2018-01-06 08:38:50 debug :
------------
String:
account-ticket<xml>
    <AppId><![CDATA[wx7f83e93205d2fd31]]></AppId>
    <Encrypt><![CDATA[tPnJW2ZcoiDxTtiDZh4/ftE8gu5mLPtotvRqL0z6aWF3UNAnzPTI6GN8VRiF9jmqwBBq8QVvdEgy1+ZEFNJxwSUcTWy5OhXY8HhBO3AoNf2C3ZoV3/bTMOVkx0w0HhCygIwPtEp2RgnWtjI8hP+6eGX9SKIWirzZun3myBYB8PNIeqwprlS3wtbj40MzeikbN3jeBYjn2M+hADwdHCIC5JYhiZHII6W9tKg/RQJP7cV0YkBw50renSoNDfBfkJkfFgroEJZ6TCFXDQ2gyIAKYgL9ySvz6mWEWu/sExSDhfFbBPC8WkQWpu9pYkrPV+idam++UFacS5SrKyzV2b3+dmykIBd1pIyfjmEogYq1JDpeDcpX2JiwTDaDNIU32L9JoQgq2zyxjUz+IqQ6Yi5ewQ5ghgBLVVFMI1ky3E+qcrcbU0ZIZBH8Q1sCOCVZRrqsOLLRhPCb8P0S1RTFDG2Unw==]]></Encrypt>
</xml>


2018-01-06 08:48:44 debug :
------------
String:
account-ticket<xml>
    <AppId><![CDATA[wx7f83e93205d2fd31]]></AppId>
    <Encrypt><![CDATA[V4vzFkg75mKBrXrT/zM79YaFZnNDPRaONLru4hj1e7CdVQzMNJTH15TdeIIrXdybMbPlpwAnTuN6QFOsQY9TGbOngYtpl8njwi5nhRgt7t6P9y7W345k/1nyl4HbzCO93kXKTRjwJ2sAVKW4nhV1D1dEJsTMWzBGwQ9fWQaclg7pB6qQB5LGfTLdcz2d5+eVYNmm+aQZj5v8ubYkpB/qUvV99G3OyPINPuCHHXyjJta0HiwlR5UmiCNfSXTB+l90Szz8UTvMaEuPk0sCtv5BF+SwFoXTs7u8ltshrX+fKlbbRDU4Sd7btvsKZX4cMp+w8zpy0jqI4Tw6ycTZ07O7ARQ/JEttoOt3xC/XX45fFHOJfyetaXuFpkxDB+wiqtj5nZg2XfsntdelFS0i07kcdDJbjHlJ16lr7on0yHGwLv1e90iCdhTLtEZwK1N2RCp+be0CS1A440frp/TH200bsw==]]></Encrypt>
</xml>


2018-01-06 08:58:56 debug :
------------
String:
account-ticket<xml>
    <AppId><![CDATA[wx7f83e93205d2fd31]]></AppId>
    <Encrypt><![CDATA[DfK/2sebx/uDc0ACZIjrF1O5XuGyevxpIShTGzCd7dG4aaEoApNIKl83rFmbCjfQMnCfYmE33P/S0CiK5ewQc2i1+9lwDYBe3wHMV5LVEKtOL7UqHszfVv7R9BxDN5cvFBqiTFkBBiHmwdiAApYerN74jFl12E3OsENzyvdkRpiTTRpU8tkp/XP+RBymiczhdg03pG4OopVQRIrEdE6FoVoN3J6pNBSInP9qkK0iNbKUvqdIgcG045zp5rdd62LA9iUlOsxgtC0Bx9g4rAFGormFBxoBAgPMx4LAxpXDgxHHvImAoT6a8OGEPlKZ0rr5w7T5g1FvGksuqoYL6HNu5xTr8rqaSbcTmbzVqEZJK09pES3G3oiGP97bSyWFsfOdTWldjba25HgSt7SY8GRa5Qb797mSS6sMidn2HFqZYZhrMqk5Qis8vhoxl26TXSurRVvp5p9JpFFbTmeGzHOiFA==]]></Encrypt>
</xml>


2018-01-06 09:09:11 debug :
------------
String:
account-ticket<xml>
    <AppId><![CDATA[wx7f83e93205d2fd31]]></AppId>
    <Encrypt><![CDATA[yn3ZgGzLLy2hEhFE2MSYy387MOtqhlut9U3zoK7j8m1j3Qnlb5hUvkXwCpvDdaTmC9+SZ3reE/eX6Ty6+h+/1UEUuPum/90wVryCa5CAw+6kj9wCH874xGF2GkrcaaJ3B47R9e/lY+7t704aT7wX7okIKRrH12dqCxL2dxP5pni2NsH4MyYEI7+3TqmVRnmRfR0iN1of4EFVTeyWJfKB3H3e0woJMrNioJHdtKa+Rm0+BRwH/8AzIKVr1yv9QLs6FmSWJGM1SfACOuB4Q518jaFaSGoOJGbpw91uyf18i3gKa7b6sxlupfa29wSxjNpRRXgBMW6D1kgAFh3LcGi4+BOpW0i5v51jR3qlIjR7ABy3OC4vExVE87oVCTh56vuGkrGpISX5X2d3gT/+q7JbLoLJfCqCt483ks1/2tsYXHXbYhcRbcDm+Yqu1q1CJi1bmE24C1W6eARB5GOuIPtbvg==]]></Encrypt>
</xml>


2018-01-06 09:18:57 debug :
------------
String:
account-ticket<xml>
    <AppId><![CDATA[wx7f83e93205d2fd31]]></AppId>
    <Encrypt><![CDATA[04l6YOodgEHA+tXv4n83BELLvbOINO0aJJwe7jsGSRN5zT7ujlUVX72waSYY/3uvP2hbTKbdLHF9lKw7i5rQMbTEx2xkIqJOT5Fur82SrZVaoPyKOE7vc9MNiaGb2CfOUwfUuHvyKDzMgLWbECmWY4BUnuTm23SlV+BGogs0RIJraiwyTLWKflg82I8HuSre2uU23/QgV0lZpkrCYAQHzwPoBv2MU5r7VBaCVevO0yw7W/p+1GB4WRidz4VBlg8Xj9HqKKacJTu4nlaVfCXSx8Xs0L+9WxK8JoSmv0OnR+EwM19lwqc6nhgePMB7d9yCXodDWuE+ZoLYQ4lv5+ybF/aYQS0APGXpLPQ7gqOsYskizXGC0R9jTZ1Gvrl1rIsNBvgPMFizDgtxkOP6+gsrmGBMq/egpvvyF5V9U0T+3POtQ0+fw2inFKu2M5LB4uHHsuY/3TYZaNOg24ARYbJ1Ww==]]></Encrypt>
</xml>


2018-01-06 09:28:59 debug :
------------
String:
account-ticket<xml>
    <AppId><![CDATA[wx7f83e93205d2fd31]]></AppId>
    <Encrypt><![CDATA[iiNG0Ee5xT9dphvIGW4PyHR1FoFNgo+QjEzq9pgnJ32R5Wi41FTbU4b24V91qsoY4xZ9lhS86jC5Q8XSZy0g0H3KO64vfMkMAgflV3E9ilGX66oJ/1HVI1Jkd4+/I6ipbjsOXGvpDTHPHurGd1hUWDEB2ttWpXxjYK+hx7fHHTRo4Qc552Ri0w+je5hNKtQDexDdU6+dB7qZ//NRWN/J+xRpa/5Ws5HKyXVAYICWiL8cC+mx8sd5BWC5BBRPVgAsqC7QVZqv813zOt+K/d4MDeAkXThSrni3bN+imPsKYnPHC+oJJM7BEpjhmxrRT47OLoVGfUz+7ccEZCDO+ke/46k6DxzRismzzTWjMYz6oyxd0hHb7sL+7K8e+MWoP2iRJ+Imh2oxdiMIeTPOgJrSoU+tvOdBaJ7Hmjy+vIo07gGQ7VFekUyMp/PSic1DE86koap+jMquo2oG/BspwL1WVQ==]]></Encrypt>
</xml>


2018-01-06 09:39:01 debug :
------------
String:
account-ticket<xml>
    <AppId><![CDATA[wx7f83e93205d2fd31]]></AppId>
    <Encrypt><![CDATA[+MBBIbQAz5V9cMGokWYbCBEyggYU20YO09cQWH0+yuqtRrN85utvelhcBx2NDhyxg05oiJrw1sbHqvBG2FVolfVbpxdv7CBvt5TVRzyG+V0WFfrQKM91O9LZ9l9ueEhwaouHex7Yuxuc33wzwHlAZ/txkAaaOUtkRKLrS3GVDuJbmL6HFpDHECxdTy29/Yssw+RXVslOlFNfBUJXrZ/H/FLpWTr3dqYS1V70AceYtokPEKyPq2PpHTKt8MgJIYOQGhVPfj8Mq3c94JyRJEQpXhRxMHlMFZfM7XyORspCntSAwDLzhdKWAY3RQ1E3bmXvlepFkr7VU3RNax4Xl0xSrH4f0tUd9BFJZbapJsMi0KDTJyKsUvMb9VzFVhzjQdKajp8SjOvVsTve4Rf2w5T+Yhp7dJPGR5phbmMRt65mWlc0AftDgC8Z3Qr9IgZZ0eqvY3mDmXohQmtUF9dlWMOXGQ==]]></Encrypt>
</xml>


2018-01-06 09:48:56 debug :
------------
String:
account-ticket<xml>
    <AppId><![CDATA[wx7f83e93205d2fd31]]></AppId>
    <Encrypt><![CDATA[6tzUzJ14+RRJttG9F4fVBczQpyeMw9MZ9mU+1QZRPtTZvDhAYx1bDbmb+LrT9KE3gFl2pplAMfle3mFufVFQPtgBBFz33NGhvunKVcKwKmn33Lox3AHUhNHi2uL2Y0ZU24CfAxLemQ9yDNE+0BIcYW+WZf0EOnVLrXNxKoDCFY1Qk4wdEHgFgFP1MsaYRQbTyE4LTjuTGMf5l1QbocQiO4vnljU0Ao1xnI2Y+iKR1/BIW5hqGy5IsqFHT0tA5TmKgup2bxLd9KfWOgE2IXoXXPAx7/RAWZQpN1AuBSlKIm5rDVz32bjFZEv+k03g/YZZRIFyhVApV9p5cCb+mNSnPIobpWlYWGtfdTmP/47CRFdptCuowcjBW2zML1j90hsBPBm5WuqorQCRnwk5zfbUwX8XK0Iognfy5ipq2W+CfGAcoe4qnbBK9gEYnOMQhN6/uYtZDXDXRPvjfJxPaNzN1w==]]></Encrypt>
</xml>


2018-01-06 09:58:58 debug :
------------
String:
account-ticket<xml>
    <AppId><![CDATA[wx7f83e93205d2fd31]]></AppId>
    <Encrypt><![CDATA[jX7szhkzEhFxjMSuLHBBKyz57SaMIIlIMu+D8pH0FGBs8LFsOBvO2uTg4wkwKWZbSmZokQ6RjqLeqLZ7my2IQDy4TyRFYNrKFyCD/W1iFvO7UOR0cz6D90m+IG19NWXQoNTZ31skky33wkKIE9MKLhSIVB3444JIb8qB0Le/+ktNZK3kvhdW1Ireo3tGJDosMfr8DnbFl50UYF5WHIkZxW6n2jpfiUslhx7nMJovxxxtIQWnnuonBtdluJfCoT6FcauSBQAG4aQ2Yfv6mINblGi5k+W4u/pXKly6HjmEBafM74bje6ymufXOZfsr89JLZeVt+7O+vwbTg1l23SUAZ/OySW3K0FmgAYh+3HGgi7WATvkvV6DH5UlQG63mWOYX9nee9txlI9mFrQjxoQZsGTxyGgCdhslHRaaWylIX9f3rwu4TJwBHIaS4dZmlg9cBNr0un6dH4D8c54GBfgqaJA==]]></Encrypt>
</xml>


2018-01-06 10:09:21 debug :
------------
String:
account-ticket<xml>
    <AppId><![CDATA[wx7f83e93205d2fd31]]></AppId>
    <Encrypt><![CDATA[XNsUuWxYJ47SwmSa8GjhbkchI/G1h1oPzeMqoh/EfNdTFYn9NWfPg4dEIbJ+OeB1be5sHbpciKqhSoKle5prMe3zJOqErNF6DmvY5quYGN13GUIuJih9xoED4Q6UBQhWUnHzj2vXlGdHF1ZEcfihwJJQLvQf0B60e7X/wpoG5rEm/YRni7pGBpYHzR6INRjr+Ak88y6LBUz3Wa9KD6OseuLsyecc6HabluANr0uQoGidDoHBRlbkYrNsXFmbPR2wdo47Mu6cLOS3jLJUiot11Rc5zYIvpQQudY4+lF+6U23Q9oxGfNtzLJwjJ2rUCEOO61xyx88GG10MAqmaKroXObvVIHHMpXEUIUOnMf0RYlhxMRgCidJbo99DRREcbL8rESYQQ271RFL86HYBjYw726AbjCV/xTBPQ4dxPO4H38JG0gT0GDPc+UmRfCa2HqGVDilGyxflQRff7YN6TS1WvA==]]></Encrypt>
</xml>


2018-01-06 10:19:09 debug :
------------
String:
account-ticket<xml>
    <AppId><![CDATA[wx7f83e93205d2fd31]]></AppId>
    <Encrypt><![CDATA[tUX5dhnM6pv/bj4+ptRgWYntQHwajbFR8J8sxrBIN/7UTYLxa+2nXowdFQYEV6edBstUh3tLN0Oib4+zcJpStLLJRCWsxltc11dEkqhwNejMFgxdpjKf5aKE4AHXckvrXxDoMy+MmfCy8zoQkj3aw7VuqHw4+KqtcmtBw/4D4F1Bgx5lPD8HM2OL7/KHNXanLCxeNIgAMjO/CCBDVbj3W7PifkcvTQ/HmdpnKeUXR0gpz5idACRmGAp9BG85LRM8+siXpGNvSYI1hqeBIDI0CMhOzbY2sXUiXrdw1dKn5RO0mSrsNGu6X77SbT5szgAkCs/AM9vihVPmCpkhYaUCHCaTUaXi5vs/3l7Ys+qj3jvhUOuL9KY/bOhqC/6Ve3MujaHRs5NiwZ8Ik5Zll5jV9QqzVyUFw49ziH4SmNxumqLMhw4p6o1kyC+9tmj6Z7FVgCxOoJdnH820dP95S8I5cA==]]></Encrypt>
</xml>


2018-01-06 10:29:07 debug :
------------
String:
account-ticket<xml>
    <AppId><![CDATA[wx7f83e93205d2fd31]]></AppId>
    <Encrypt><![CDATA[FXHfo2xRSnQyl2Wrzp1vu3Zi1+C9WyzuXbZYiT3lw2A+jDtGyJ2WriXmW17lhehMUNzFO8eCXIB1OTgtkeqexs3RZMiTKBTp1G0GDQai+VOszZBZqGfyUizBkmj9Hz0aNEMs1IJFzkyt2tAt3j9+qcT727aFJe6DK+esK+BlfK1MtYTvpU//dyufyBR52BAsizVGH+EBZgqiKL+BwzSAi9/lzHsEwSfyOPOvc7mvyVJxbodEe7u83SoggHgcNjbNGMiI4eX+WmYO98R77SCwQKXRgLcmyOBdL9eR5VOyGLWprZcKsEPXlI7q2lkrlqLNCJtlpxInaw0S+THWHN2KMPmZPvb/ww4ILRI/sowFDUzbKPuwN/99Uiz48+d2JHFV14GdS+DvXxbD7xNdyQVNhmCCAS8PCEAXQuctlX9gVXJaY/DAzoDlDGkhgQX59HWiw/NYljncf7belm5EiioZmw==]]></Encrypt>
</xml>


2018-01-06 10:39:23 debug :
------------
String:
account-ticket<xml>
    <AppId><![CDATA[wx7f83e93205d2fd31]]></AppId>
    <Encrypt><![CDATA[KoAXtk0jVnvLkG3VaGzSZLlR3gHc4e9j69bYyM2yvq/2v6692ci9Iotqp9fFzflG8nBtDNQXb6qrZHJzNs4tQpAzna/KzJ/4OKNMeZ9jocRgzQNes3Tk2k8YmbJdf+Lom6LmjVBhkEpeXEqHE9o19cNCuht6aY8lcrm5SbN0eI/IDqR1rL5N6QYrcMyvy5SEdC01d6BonVqvFeVytVxYh3UBrTaWVnFkYZz8aqmQp8VwoK/1nrXgqSB9XmmT6TiQoJ23OyLaFk6yxVjR5Ru8YCCCoMDTZodExdybLja9U0hxIenAQjt5GDH8vl8XDA0bun95Eob6FYk2CPzt74b0S6VvnHVSzvVQy8YxiTyK68hLCvOTnT+0VHMr18KIhFkWT/Y56OJzzb2UdSrIa8vgOiTzlYrMfPQ2ePcwg25ev4CZur7ogLaBgXuW2glMc1uWmO16ctQTfl0CUWPoH/g8uw==]]></Encrypt>
</xml>


2018-01-06 10:49:02 debug :
------------
String:
account-ticket<xml>
    <AppId><![CDATA[wx7f83e93205d2fd31]]></AppId>
    <Encrypt><![CDATA[nZvJc9QL/3EXfzfdeCe/WKWAhkkTeMsl3dSBIxz/3PRBNe38eVr+r8KxLIeLBi/yrApGWXioMR1snzQYVl9oE5IyWMosnA/dQAq7pHWHxBEEQVuLdYnQqaGSeMoFOctTvFCow+XOS5AgLuD2Mgz1IHlneXQBz4Zi9bQXhGr0tLCtUkn4LxKZFebPIOr3N92MaHVgPRwiJP+mrvQTq1R5rwodjtkl2ncrfpev2UjKDu54aKAfjYvqfocydftdGk6Hs8H83/YY+PSdG2s61KQbyMPUgy3GZhAicEm6C/0pQPzxvkw+Zjy7LBbpfsRwHJv60+oKXpH3xQduCv7jLkbwCDnMWOSK+lWSU8sF8MMUpxVEOy+LQc04GWrrVJ7u/2lgRgpTO/uajwTi+H195Mk+QjMpoYGLcvIVs1q/HvawAej/4Qwd/iP0OEJlrcHfkQxjDu59b6z82soVL+/mxeE31w==]]></Encrypt>
</xml>


2018-01-06 10:59:13 debug :
------------
String:
account-ticket<xml>
    <AppId><![CDATA[wx7f83e93205d2fd31]]></AppId>
    <Encrypt><![CDATA[MrUy21RTHGutP5fWWbHMEwNGRHVbXF53ogiqreV/C4UbDpVgw5Gk0NkYK6LLTZDxA95CdXrXxEwqhL1F6TTYR3e+l5q3F9+YygRWrD6H03jvg4XWB8lNteOXZQ3Ca/yV729FUZtcVizj+7g+MzY4Go4fqEfDhhnLI6/mrVMHIArrofpTKtD/PfPsUzbpSOelfc2ICmyo9kM8sS3ZYm3CUS39mcGDNB/qvcwVbN37ia9fVob0oG46FaZ+hfz8V4/nMllTzBiJnLQ+i00kcMB9fRpqBvbFttVn9x4Ok2J5Qhhj22suiKdyu8V6jAbMHq+PUXHZ6zo9MPzqdX7cEqxzzJ/7otkdi+2v/PO5+PwsS3fbYWrZCoSwyjp7q8dI3InCbS3vo+SRna3yolGomkJ8pEqe2IfSIEgxs6Te9LU3aaW3T5WKc98XhScirWg28jCuZTwDKXQUGiIfherZXI9WFA==]]></Encrypt>
</xml>


2018-01-06 11:09:20 debug :
------------
String:
account-ticket<xml>
    <AppId><![CDATA[wx7f83e93205d2fd31]]></AppId>
    <Encrypt><![CDATA[c/S91SxgVxtLbL04XcVslI5X316ws6T0uL1AXQWqMRH6mZltcmlj1DmI8QtC0zaGF8nFG94Ke56F5tKe7rCIiI2tj98S3Lmz6CnVsEG9kg/1XvFWKzl6uTuJNG9MAL3GO5thPjmbR85gUXB9yMuXwXtGT/Qq1lbEZvUPwOhmjPsGX/mdQOBI5i7OeSb31FuXZXVJHOqGIsuWUPmwHbrpcpvu/3CtJM1NIfXpph6jDIWudRDh57crDQLxeGTVG4ESfgChy5EoCLBDln4jcmX/bZSUt9Viq7QWaLTGtAdD2Wu/gmK//075XyIFUdFo9y5jsBDI5SB/a+Hk3U4eBwHqzVMlfsiRMUxHwxIN1q0aszxI1TXnh0OATB7GYpNjRZ0alb83Sodho//v0q2ykZhQpCM2KNYICa1vX8Uxo5L3VJOzqecO2/0PpgoZ64wAuDhcij4zQKDqXVKznIwWBy+Ccg==]]></Encrypt>
</xml>


2018-01-06 11:19:08 debug :
------------
String:
account-ticket<xml>
    <AppId><![CDATA[wx7f83e93205d2fd31]]></AppId>
    <Encrypt><![CDATA[fhNeQdQqR/fxSyEFFXO0UrntPNvxPyomlR6ixMjCrM87oY2lJNJvjLj0qvcl7temy1kvn3DfCup3N1q+ItD7z+8vv6M3gjr6El0G2UEWyiwPfPY1E7mF5bmo+8q1LPVSccEtLY22hc3DEbim3qVA84wEeKgpFueKZ0r5e64RE3yJ+rIpEeDlcrLWnEJ7ervOdIDKKL3qy7s9L0bBhEW3VpGU5tAmWE7tnXoCmnfiofOi/DqaNrNTjDf6DX1tms+/ztuuU5xDuAzQWQLOHf85lMViySHcrjg9tSqctBpnqLk5xzQHWKK+7bOo4HR+4DYLgVHLO674f63gB9iqT7/2DLbEgsMASbMHa/75A7vQxySb0j+HtNwHBRQMaTgiOV+D/0Lahzg1JMZ7zYBfuSTB4jrSiPSuG3hIiUr+PAtlhRQlpDMC1AgTGIzkWRHuJOaRE5QuuBELu2VmTwCgFR39ZQ==]]></Encrypt>
</xml>


2018-01-06 11:29:10 debug :
------------
String:
account-ticket<xml>
    <AppId><![CDATA[wx7f83e93205d2fd31]]></AppId>
    <Encrypt><![CDATA[2nQIVxhcGCPCMvtqpQvbCRDw+ORoNeRuPWlG72J+ldVyT7IS7/CKOboam+ti9tGiVRLOJ8zzSct5pGH8u3iOjl0EzVWyovcHibAXpqWvoRLoIu/qw0GYYcNO9FGQrWlnarkH5zsPbzwPRZtnlEwCiKBPp7n0866ScFLUWQYqiso9oaFDySewNFYgca++1LTYGJ/eag0vhczfuxSYhhKKPMT9FS7UabVRIo6u9nVsTLy5rlWnkM8fUwyShlQPUYcpQ6WSrE57jI3sJkV0fEWZaZJcqPb8akHWyXHbmX+TNuFl17B7jKg4k3YbnmWQ37W6OxMmEGy7b7BlPD7qBrgJ+uMCb6iuwdrcFtoopKgkO1PCWdj+fq5fvv5QVjND/4IcyBm4RgX57F3vaz91QiEJr1T4Q9ziW5e5DqM8gHcvkACeIrqhqWOr7aa/iBZRqr8ZWUVMIyeOkxp7mSvSZVlBZw==]]></Encrypt>
</xml>


2018-01-06 11:39:12 debug :
------------
String:
account-ticket<xml>
    <AppId><![CDATA[wx7f83e93205d2fd31]]></AppId>
    <Encrypt><![CDATA[JqICAs2/iZ8GuB7VnJWK5+Q+6AzJm1d55SpsBuaKhmPHVxSewhUHdweiT5rbDZtkdxexyhbb+yrQCuEA5FeKqXQZuOY5imMggev+NWGVzU+YFhq+WsebgdozxMlhccg99HV2zKxEERB/1wvwCkhdE2a6VqvtafM6hM94EgShCdZ80/PSOtNhNF1c9cs7sb+gmBpbj8j6tgGlovxD8bT4ajDnmqpje5QCrdu2Pes+vTSBz00xfC1hAjCcv/UxfO49HbMwmgR4oHExmI63/xH1qyApREZ/C0wley6a7KusHrprKtasTELZxJivFUAbP1B7Y97cU8TqE+ZnFZ8yZYB7JTwP4LCw4c2dj9o2jxGoyk26q1/JRNEtzColpbPaB1gKCJLRz9KouYhxECBZWX4xlGsgzKloH4s9br4fhImfGmNplirKMJwKTquRX3QU6YDvSMe5YkBb+FK5v7RIPQGxWg==]]></Encrypt>
</xml>


2018-01-06 11:49:16 debug :
------------
String:
account-ticket<xml>
    <AppId><![CDATA[wx7f83e93205d2fd31]]></AppId>
    <Encrypt><![CDATA[csG21vMl+mjIR7hL6dyiU0amj+wGWxXStAYw1IzCL9WDexFib99ioZ7cvJEFug9MdkZXqAzdi/jhFZbt1fjGQGfNkbAW7crHfHencjlqG7u8BLITh5tScEtQbKU7aZYqx/lmGKlgmM8EojkVbcbsGNWo6ptZnbOBhtbpL0nvw/EfRaih/AZ78bS0DSJNLE5u/TFkXuK7M7usvoxjVDX8l9htpFj8BCE1voAqI99v71zUuT+PrUQb1W0gtjWRykQ+AKYwLcQK8AFhckNvoLWZf6LLgqYQSMDvm6rS+tc0t9j8iBPnqWhlVsCtUEvgESAN//rSgdL33yS8WTPNP/5v4v+qMykdSOB4UuYXBfzuuCxMbIRb7gQ6MpfiaIy0afhjA3d6/eaV0/dGX6YSDBjaQ8ajb27ue+BHvtoKHFHkeo/AIklkrhDPJfU2O9mHHIZsWeG9hHQ7G7dBjdCSZi44fg==]]></Encrypt>
</xml>


2018-01-06 11:59:07 debug :
------------
String:
account-ticket<xml>
    <AppId><![CDATA[wx7f83e93205d2fd31]]></AppId>
    <Encrypt><![CDATA[WQJ6GhCZiuqfhq9Zd+NJJVkNZxv0bUA4KlGgQSfkHnOmdxP47EEk0y71dyb40WvO0aFIqYv4YVZRXJAdf4b2iQu4Yw/50LLg3LQ8TdlQTxn6WAu6XZglmrzNpjrc2CW85v+lmlR6E3oX/vq88QBdk53sgZ09YStdZxW+PyaO5/TGmEYFKV+sEAM7lu5ZutgLaOVumTu3Aey6x0K+K/28UFgpdQq053nt87/mgFNJfA86Pq4J4KyYLAsbnY8+Bpu6E/T9kV8umAZ3L3pKW3zrPc4qAaJSZKddvLNe3JZh50zjcMuhq2bve7QPvGDeDChIUGWm8l3+CizH5g9IM7ZaOL2R3NRu9TEq3vooeF8/i+SxuVx7IpisfDlRZNowOG+fGAhZSd+9HGF3CCACeDWsvbvytqVm5ssBQ1Xe96u24/e03POYmyczVGd2Nr4RDTm8VwD/PMl5W3pi2SgyCUZ9bw==]]></Encrypt>
</xml>


2018-01-06 12:09:23 debug :
------------
String:
account-ticket<xml>
    <AppId><![CDATA[wx7f83e93205d2fd31]]></AppId>
    <Encrypt><![CDATA[aRuepg9sqz5Sy7/qF5In9dFfHf9TCNpaQmOLNzc0ETmvLnKNaSd1FNbxt2YBUDdIHKunRLgZ4eJvcxZ22fBG/n5nl0Pjixi67T3fmTR11WNg3V+/JE0J8V11Z/KzplpUm/tv5pIiP+aqc/LmNSK9DLI3VPQEYO2q6lIrx3o/DxhYe4UGfieeIvetvsaN87TzBRwVUFBWmvGaMSG7CfgYP3Hwi16bdG5FQMZVfMmzZ2ia5ao387F0CkY6DMKm30PmGBUewOyZiitX9fRlPlXfN/fnxCCovq//0sKhZXuGbtnhF/S0nnbkFVn/zCyrwVsS3d3N2dg8WYp9ts2DQzybDyrC8D7vDHYO4fAoe1bPN2V/oUhZ9aIZA57ZfmDxDCINutnc6df+WCF4zbBG8jwAFmtyJifO6O+wiQOeOkMMtiZiG1zVYNjoijQKAMIw2CbP/34PgH/z8l5KgYaEMgVsyQ==]]></Encrypt>
</xml>


2018-01-06 12:19:07 debug :
------------
String:
account-ticket<xml>
    <AppId><![CDATA[wx7f83e93205d2fd31]]></AppId>
    <Encrypt><![CDATA[Dd6IAoDSp5Wext9HunwZSE+9dEG+Fhq1XOIYMeBTXfnL+OcRuJ8rjhlLXv7J8/o03SRCH6tSe2W9cyk/0j5EaYGaqf7gDeW19d5lP7/TDVy0DK2Pfbpqk0ou+3LwK3lrK8WatsdysYM2QJWPmACtkaDP4fzFGzGn3eIZ5LEJTQc3DJ1W3hpQQ1XhCWmq7/sfx8Y9yY3/42bkaSIRJ1RYvjg3wUOC9FUoj+W81VThxP9AB1rRRkzORMFy9uceBiRSlyqABAkeWiCujbahVPKJbo/RLx+LgOIzFi9mtQ3eFpsP4t2MeMAMqPVBWBiSxicYgdOyYA9APX0uhjMCT0tF4r+eSRh1t49FerIVji4bHN69HWIXN1Jc7iflxlNIGRQ2A/KAkvQEWmGQLODmWASIITuzs3zTEPk5MgJEV2Nc7X5jhV/CBoKj3auWu8zT4GiVGrz5Hpgpgn57hZN7PaRBXw==]]></Encrypt>
</xml>


2018-01-06 12:29:11 debug :
------------
String:
account-ticket<xml>
    <AppId><![CDATA[wx7f83e93205d2fd31]]></AppId>
    <Encrypt><![CDATA[SxEj3qS3+MrezryydYztoYkNEqUpcnMyGD6ZQxVZSVJQJ0mm3obVvkDecW1EsW5YK0FRIFnIizgfXaZLf4NlLaUHNdrcRrWohnIMWl/b4yhPmWF6BDUdMm9JVnRfWYMw4TruSXdcERHOw9lMDCK75a+BA0y2JRtCXXaZWelFXU2vSYEk75paf53muVohB2HADV38KhV8ekDSx+9IFMuhlA++u98FKSeDB1oswdNoleIgAmAdzu/TkJimndM0cYf14o8FjUdcZf/3tTtQc0hk6CHGPqnlyorXgiREtqv84Gb0LI6JmF+J0qAp1g67oQ3LSdtEvI4rSWbWaOwEr17R1071IS9Erzvuu9vtIJSbAJGqxNS/9+LkEdmQVj21yeV43rEDS60mEChmLxIL6VQEAXf9oYgUuCov3ChrZM2nOKkcv9i3Kfw7OGPbjzLQWaGYZDFacZOTN4+S2G0Z2o10+g==]]></Encrypt>
</xml>


2018-01-06 12:39:08 debug :
------------
String:
account-ticket<xml>
    <AppId><![CDATA[wx7f83e93205d2fd31]]></AppId>
    <Encrypt><![CDATA[GAX7mDXak+QthoBjcF2E8nwbSeubXIAZwxaS5gu9dP82BlYHFDLp6QTvmHGI83pwMJ6Sv8MSRKl5xvzADC/cmAhuxD0ZGHIqHgq59MtdBvbcc3c0l57Nl1tjc8dxw2PNuXPMqoubkG7RnEa4apGqC9R8rwiHRqCwT8Zcvu1s96tzyI5cXwS4+lxpS4Q94HSUy/D2ksOiY051+4h16eJdqIFvUMrpXg2eAG5aR2aVjKAM03d7ZQ+qjnMfXmeYy2dKz88aWY7P8yLEopPPYC1eClKSmn9zlmMdAM2zO9M0LyZpniDkLpQj+AkyUU6fJDOuSo0nz65CcG3/cbcL33rOSRQr/mDsGZkOoUcKJqEci0aL8K05n+Nld9VBSoUwKrI6jYboMpOoqQng4FDzu20O9d+8gO6ltoG3wyKwyuw59teh666/euQ2LCTZn+29o0SGAk8kDsSsQTmZUqPlTOXwKg==]]></Encrypt>
</xml>


2018-01-06 12:49:07 debug :
------------
String:
account-ticket<xml>
    <AppId><![CDATA[wx7f83e93205d2fd31]]></AppId>
    <Encrypt><![CDATA[mgh55EAZrMb7GPk4eQdZaS6h9p7vVv4glU5EiRS/1PPC2sPj7HGHJ0ysFHK3OMRIU+CRgQY+DcmJ87R7g26X+azNVCq+tTlmreA8rnO8nQVwKAuSs74hHXib90FeC1Ekmyb+7UtSYelprSj3ZSXWlG+t/rdM4OKXztzFdAcPancGv4XlDhPhRfvjrqAOw7lAkHNAbLqcw27dH6kq1UoI0ux/HrylLU2nKFITL/1pofacaMh/0xwmVnA1pbFJznZeYzVl+5sTD61thaz3s2xMrt5zYgDzIhS390iHpO/Rd03E+x36OivW/jxShUDekIsAsN5+/X9hFDHljT/AXEiVOS68kirahDqI14m1Xh4UYWMn0sMMSQlOum3G4J9Xcu1oPDQv5FC1Zf5sFui/LwlkMB1YZx0KUrXBlKQ4XOwAShYgi2395/cSYKVV0lnD+3IZoVoN+hvc/XXu0yEyUrwsOQ==]]></Encrypt>
</xml>


2018-01-06 12:59:10 debug :
------------
String:
account-ticket<xml>
    <AppId><![CDATA[wx7f83e93205d2fd31]]></AppId>
    <Encrypt><![CDATA[rOT1SpwRMadXxBC/t6CQl3YTrC3zvwX8wad3cZCqigoPhNkUeXECn3xmDEs7J4gkGKIm5P77PzvDwokYLycb37LKOLSuY2b1ohyMjjShj1joWyR61FJxtMbAPqkdegEjc0Infsu0cf0R3XWmjm4woCR3oXqbLEpd00tEuF8MgKj71jHWf8idDyPsN/93DlJZR5Qp2XdCFGtF3b0vd+PKRGfH7/fsyFOG2R/pO0+dGw/8IglfWb6MLYHz6ONH8uI+yxyGeOqf+lbCuTSnuDLcaS2ahFfTDFCN3K5CXaBBCkwoZWjPoAGcuTdTwu6Q00YpGLMBlALRraljoV2Ze5+IpiyvM3opCJSQIbmSD+lU1akU+JLcJY/La63b1ol1x9geH2kZa5R1w6ZtxkxTpZF7yoAU7jc+l/XdGXHqn/8xsb1/Rta2ym3SsV+54C2E3QLm53zPGQGDLI5tOj8CBmphAw==]]></Encrypt>
</xml>


2018-01-06 13:09:14 debug :
------------
String:
account-ticket<xml>
    <AppId><![CDATA[wx7f83e93205d2fd31]]></AppId>
    <Encrypt><![CDATA[xQbz5t0BzBTrqLiT0ZCENJufaXtxywf4L9VRtDtQAPqKEXcrPRHCKgCN+Gt9gwc8BV0IIxtvdQa67Oqu8UqVHVXNUCXFSf9+aclkHzIaGHe118Ph2ahBChh1ydtzGoYKf2I+bg8/NoqGsq1gcHwgzUfJ0cABNr+i770Fcs6DhjezoZFYfPBHMcvNnUR0fOSesAOhjI0x6Tl9fxZ3wJtTaewqBeo2pt5A20LeD3V2Z/0g7GxMCwxo/kXkVNIwkM0ehRUeVhva6j3gGXJSKwbSur73S8f5r/MNYIA+53U3W+bWtcfCL90lA7VGm5tffVgKDp9rz2m/0Q7yFcUfPhx79t4GKQ5qbnvfeGqNnmKQdUVanj/OAP4OcPfUnPUOtahNBbFLdA6MHeULBz4krjfWhgEEeI5fOXF1Y95j2dp6nFo4PKChml7s0uS9QgkrKFLIp0LWfyAmqZ/JRP/MXlNNjQ==]]></Encrypt>
</xml>


2018-01-06 13:19:04 debug :
------------
String:
account-ticket<xml>
    <AppId><![CDATA[wx7f83e93205d2fd31]]></AppId>
    <Encrypt><![CDATA[ZWDJhs20TMlncbQ2XXysRAF290Zs8bq4BKIM+OdDoS9rTbkj43XjTQpUBJgi2+R1jdQpNYIWUF+bOYGlSLVa5ci0sFp3wOE4qGqixXraGVNla82qUAuJf8nTETt0jZTX5plfH/Prs9E75whaPXmA8TYp5KTdNHdfEPpusiCXqpJovbqc2IFgYKVeL/VtP81OHUS2moIyWgvyp8AQPdkLn6j/47tmemw5URpeLlnCJGIjSQRTpxKG4Spu89GauGDRrfzb+r4k6Rsdqc54Df+AsqM3smrXHQIUI9RqTanhmu++giI34ClbrV3XJu7ejpswdZQuef36SPOSbrCF32qsS2QH7oYnuG7uFckFqUQ+CM3t6RsaEA45RXg5c6Wit/slwYjzl/4H7QbBDjzAD9GtKSnWyL4FQiUNap3kWRRU6Xc7t5PvTp8/Y4hRTh8cOhCOJlxzyoLVpALFxTW+dDPLOQ==]]></Encrypt>
</xml>


2018-01-06 13:29:01 debug :
------------
String:
account-ticket<xml>
    <AppId><![CDATA[wx7f83e93205d2fd31]]></AppId>
    <Encrypt><![CDATA[SiiubUI5iUxzRXQ19wSQZE7EWs2dDUv5IbhAuLC9yfL7Xaya+z6e1p92zwClUA8cOtmztE8fh88BZUdEdUglZF7VC97Nfwz8M/X1RR3IpTMdWuZM5r1NDgHYwaQndN5LmUN2MSt1IFhTDfUfCBS4DfaWDsy9TZshV0RcyFPUCqnc6d04ELHhCTY15yOfPGyAfvYMoN7NlD90MymNpgqSO17Ks490CZT95e8MOLN9ckLKODWmmE0ZCR80gF620UgVAjm9XqEhZ5RjdmaapSIfmgxSxLJYoR7IJXLOQI6Hl+N5zrZuyXZhAfLUOqsFSzXTf2qBcDwd0ZIBMYyWjf1o27jwzEveC4941HbvlG3W1IFtHP6lRQHpXt8T5z5TGl42U0BCh6Oil3NuSTxFOxH85acCXAHFoeymfDWR+zRfzFm16pXv82X9LaSAjVqmd6ilkRtxhXhZPa9GZpT2rafUog==]]></Encrypt>
</xml>


2018-01-06 13:39:11 debug :
------------
String:
account-ticket<xml>
    <AppId><![CDATA[wx7f83e93205d2fd31]]></AppId>
    <Encrypt><![CDATA[wC+/RYHZmi9zA8lunJH265VylJxV7zhoUI0zZ8JcYNqvmXIENY0+MogzQWDZ38p/ecXVcIholVZrAKLSwwsz6+q4z4RWO0OPEWT4Q8MA44PlOdF93HtIfU3b9GuiNn3gNIvajrm+Vb9YQ4v/RAd8DtbyxbJqdtAlFhbo6suviyMQhyl1hH2gsZW22bzMSc+mnQg95B3ZJqd+WnX0DpU2nzDhtWJRkLYkBRD5drkavn4500gBjI1XtGPCQBrzRaaojG6teIj3woNe3hH8H4BlsRyAj40u+fcVYW+RWgQ5rk7cvWSNQ70qgpAgCf/vBDfAO1mwDCFmG2y499F+wG156FXDXeLehVD9NxgYsy4qNKUZivhJNt9JYLdHtJ4G18GYxeAjCMRq2O7UmAMTIPdb9QyQu6fnh+eRL286hlAdYg7KQJ5HswJ4tlybc/kdYxza9nkv0wQoNFNecPwUziWW4A==]]></Encrypt>
</xml>


2018-01-06 13:48:58 debug :
------------
String:
account-ticket<xml>
    <AppId><![CDATA[wx7f83e93205d2fd31]]></AppId>
    <Encrypt><![CDATA[o6ZLZVUvIfehd9PH5WhdFlsTMN6Uco6rISnhkHTH+e28pnvUjTEnRfWi2s+9C4iNcd5JmDSYeo+rQl3Rz8ZCc1CY0qUt//og3814Fl5yonVQtR4E3whqVFKp7csKhVm1i9JLWHSOXjcOAE1oEcFyt0sXP8Ps8fTO2/Y5SfWML8t/+Ob/HS6K1QZ+U6U3GixvPNmMadLNoyOa1OAsisByo8g/bBhCW9PwdeAr0mPECXI0tcVVe84lMhNTB8mW1uYQxWMxdvm6vGZtGypVwi4BLOIgt3N2BscRTwVhZQASxita3t3eLyFVtXObYbtUwLcgqsf4M/vxY83V16mcOCOQV/J2uEIVgO/ctexSqMA3uYQVev8fwNs2Ewh9znFRUA/GUlqXOSRHhPvZ3ZoNxO0JsJ9NuN7ExSQfrGgI71s1/ws5lWcxO7hYqIEx2m8yhuUID9vcZjbBTDhvaWKgZ4z2cQ==]]></Encrypt>
</xml>


2018-01-06 13:58:59 debug :
------------
String:
account-ticket<xml>
    <AppId><![CDATA[wx7f83e93205d2fd31]]></AppId>
    <Encrypt><![CDATA[zDGRyE+ML/vER6aCYr/hXp1rsr4+w0U8rXT980FT0XSGKmr/3BDGhl6kkMG3OySkY1H/Gj2J2V9x8d82JgEtJDQKT6z5OJHcFAxrBESkTo0YGoYHnKvubwcZWbOM/LMcgGWHBUdYu8nQpZTi/aedkczqw2Pig52rWz64ICx6q+m/Um2B1w1XI43c8exfhJKAlHsMboo09PAQE0TBE/zDG5SQ2yo0NXnew006WGOntKRGb50GEmU4KduUiMtDlRy02WrwGMJv2tG12q8V4OK58hZDOBKedNOkcAfpY0sauBfFoa4e2HeT2GnFmysD0b2ZyLgP/6mMzVgIIwC2p4s7BhzuZ2liR8TrLhH7+5kBQ7MOAmTBVSSp/6QP+JP6biQQZShbmdmEl39UCyiC3Tkap/ErXI55rtsl3ClWa6PFv/um/Ye99y38VB83OtVuVeeNZ0Lx3rKqdgGtYIGA+V1Xog==]]></Encrypt>
</xml>


2018-01-06 14:09:10 debug :
------------
String:
account-ticket<xml>
    <AppId><![CDATA[wx7f83e93205d2fd31]]></AppId>
    <Encrypt><![CDATA[3UHypEX6ssLV8KxGSnXwKoEqX8oe0ts4ES9Wdby0fIplaVlrJCTaO/7shgT4NuidSybVRojhqYOBAgG/ibYjer+nYePPZXVEiOI0iMp8Q98khMfmVXEvvIlhEu1DpgU1FPHgF0/ZiXBh+idLBFHy1ZzBkQua0yoE+12/1nfpoyjZrzuNp5yhXZqnn7vBQZsp+FcLI6A8deCTPK0G6IQkJwNEYB3+wbHfejji1V3TrV0vbd4HJAZ/k6I3yPT9dbSit6jsMnfchD0yHAwQhpQrZTyc7BVOdlI1/PJrhVuY28hvv/kkv3O/TxboPc6bb4XDi+gjfZATbz0Y+f24okO6qfugp0U+gvV+czsyy4ru/N46m5DLKOsuMp6973hguKsa01UweQ+A0/KbywFsu+iWfLFQO7ikBNv4VG5d8NTHbAhW4XMleqeVNts7M1QRYtq7ym7yw9HasLbJsTMUrdKlXA==]]></Encrypt>
</xml>


2018-01-06 14:19:01 debug :
------------
String:
account-ticket<xml>
    <AppId><![CDATA[wx7f83e93205d2fd31]]></AppId>
    <Encrypt><![CDATA[eG+belGREv9t5bMOhY2v7XTDy4K5wX57n/N9KkU1FMjEJFfun0126KJfiErE/O6qdlOeHHgVip4eal0HJ3Dm/vCtPZVWGdY7zoxUl90cm8k+oIly6WQA3+DpzwNLZfRSyD4L+sF731vLsvGCep01B5LxDboNfBggP/ltKHMN4nYr/PmXwmYgKCrqvpvDs6VLiYy12emkpQ4wvUiSde0/Hh7mNCqrGvuXMzatPA0obHcKTZAkmdS5rXFqF7K6Lylqfxxa0sIpngfZmUQxpydPB77rnnIt+omnW0ACdbR8CbLGmdJNQa3WAG3o3PHSc0WHXLGmSS+GDBpd6XzHEnNx/+Ueeg33Pk0wrp5kgUDhRlCCKf1jhj3rj2sUGUqNW1mxUCgEjGUkmbgt4zgQeJhj29INVrpBq57XvF2mLnFGvQeTOQ+Z+GM8tbNk7oyb+Qio1HaaY5nOiFNCevTMayhucQ==]]></Encrypt>
</xml>


2018-01-06 14:29:13 debug :
------------
String:
account-ticket<xml>
    <AppId><![CDATA[wx7f83e93205d2fd31]]></AppId>
    <Encrypt><![CDATA[0dlFRXoe8njJ9eryeyx1cIhBkWcRBhMQmf0fNewBaGPVLVP2OWHSbdCL2ghUa8CN8OrZqlSu21WNu6nmdtqDIMDCQ3SnRTpK1+t0z7kA/JV4mI/OojnRE/RV5sLAu+GLdPUKraBYEIMO3eerwAKXLnE0PtwNjtGlFqpTk//ME2xpABvnqbliBB8nLUnSBruYnf9LHbwGxxZlVj/Xgf4clTdttqAadb7k9I8KufqKeXAz/EJYRSAbUhuu/hRVPMz/CAzkBy+qBx2AfvjTrhi6XxmYOXlyeLhbyxzwpo4QGggypp5aM/so1sRNqiHNGnVhPUbVDYJBr/hYFEX9ORr5vJHSNG1TiWKjAK7hiKobDnWbmKOgQOkH2bpchsXtE38q1MuT+Twlnqzuqrn0Xw2uiWXBhRkuZb738n1sbe+g+tCMqkK/r84yodbgcC4EbEjbDeE60S1GWl7ClNdmBIxc0w==]]></Encrypt>
</xml>


2018-01-06 14:39:00 debug :
------------
String:
account-ticket<xml>
    <AppId><![CDATA[wx7f83e93205d2fd31]]></AppId>
    <Encrypt><![CDATA[B4DARUhYwODvXxOKai22sXY+ruqW6RUpI/hdXFkg2oU1bZsXLbYRLLy9zPMn2r8RmxZRqYAHC2Yimas6LJbOqFZ28s2xRDxw5ZaBqUXxphlN4a/fHhUkrXTz8RUTh5eqtjNmC++ynVztpzG06Mvk8BmyusY3dkDcx/MYWVM5onaqu/I5NaOuEIvONL5+4melRCPstoDV+i2VuNSR9pRKM0qJpWsPEw+uHNDtHRPwlXzAa41HiP/9icv5f3kZw/SzGSDJwEiv8wMFEQZaOtalNlH5W8sO2EsMmoL+BRfunU7ckHYcsG1ArNQv/2VzB8jndxv/Uw7AugiRvpUykMjZ+epz5upABg6X+X9p/v//+Y8nOsE/T+PH1LfwDHrMJMJlOmTTpcwDNVqCW1HMxKe4zvdHi/eL+Q1DUM4yVU3xIQ4DEVAT+X5UDAGZb+bxpCn7vona3nmhe6jXiPL4cvi3sw==]]></Encrypt>
</xml>


2018-01-06 14:49:11 debug :
------------
String:
account-ticket<xml>
    <AppId><![CDATA[wx7f83e93205d2fd31]]></AppId>
    <Encrypt><![CDATA[5W9TQfc9PK5q2Ua9vhrEwyRWqMmx/ydLmD2Gmt6SCdeGxRLLs4mzE8DlnbIRCJ6gEyI/OVrAN3FFY7WEajc9oeLxjmPR4MVAol45ZFCqmnqCq8F9S2UEVds7bmbtsXMkvkLCEWJh0nsVgxOUHWx1uPVeCrHgKoh2iHC6DM9MoNT4PHjDcl6FAZGMAtCRP54/VgtGYSJvdKzNx9wKjhhZThB5iOAqkDXzazG06Xe1iOLtPJ0f/vW03+ZQkTUd/nhxFUDcBbrLkDgw+dFygGqfak+jUSvey+Spv1ouJNxszP0fxC3uw10GWUJsXpPHukNdgIxbLEXIaYEye0qUSHgDtU6HWA7U9ziyJ3GCMjFmOhGC7R7sb2ks4MFZupjGffZFNFQkEanvaMnP+Kx3LhgxJgOGr1GG5jyQyIQD8yREBmBhNy5QUdEN7lnrEkuuSxjjrJPZeQmzX6iOcjY/gYynyw==]]></Encrypt>
</xml>


2018-01-06 14:58:57 debug :
------------
String:
account-ticket<xml>
    <AppId><![CDATA[wx7f83e93205d2fd31]]></AppId>
    <Encrypt><![CDATA[Z404O+Hy1KjhOLA0UGbJxuqePwyk6IP87lQ3ANiOFbmVUvkUd6QCoL/Yxrx2jJaAS02c8IeV7UROTdziSA7+IGV/iEronsuc1fJPFw9kPRN/F0a1oljQY7gSXJKOs/4WO4B5WxA3UjzQ1EUlvy1h0FfPsKcCwHuJzIp1z7he3mqyelxnGSi2NdZh2FN5+x6E5P+tWfjKR1j2f9vib3ryGeFCYOz9vWParf3PGtZSbGfPyy2kRepSuWATlmqf03V1P5CRbe+HcTL6LyXnBnQOqnRYTwKR02E2o1NNcPX4Jref4dYjXye/NPquSoe3cUejpO13IdVj8kRVfrVnO/7lMq+RY5SINNaYT9coiVXll20Zu735VMOF+UOjjrcnxscvW0a2fHprnuHXMNdPgLnkYbG2kZeW71o4SyD1BTZepfmrSxqcU0810sEGMP3nJ92J6lql/G9xSZ7mA+J/DwwpXQ==]]></Encrypt>
</xml>


2018-01-06 15:09:12 debug :
------------
String:
account-ticket<xml>
    <AppId><![CDATA[wx7f83e93205d2fd31]]></AppId>
    <Encrypt><![CDATA[5MFiYJmKwqSy4PqHmtgX20BUanr9arSdaY7mbrrGctPqoQpIwMfS7qkGUWz/wmYi/xkIWT3Ncxp/v8+MZdn9e0In8OoDBTK86xwUblPE2en7F8Sb5aXm1R+/2+DDmcT2CPVYCuUWgj8kuzYuiJ7RxKmk7U0q9+UQXrRet2MdikOzWnFNpPn0huoYC9HDb4lvMXX7KLIdsX5NXnQba5FS3i+7qTCikxDYpYSjQhG8iFpv+kCbconDL5S6bdJuRseFvOOZ8qznhTc3AaeiIJe0c/uvX8JhBMyxGl9LZBrL88VldqEH1DJP9b5tpdX/bcy79BWdlPEUQIF8PiB7etQdajAWZ8GuOxu9Oy8dZchu0useWfbT+3w8tSCnLkQ6xfCmbKlI4eKiy2YYkW1PKxTNbnDlyu46TDJ5L2I7hp1zlhNsSuZ/w3gGlBQzcYbV3mAs5uPlU2yqbSnikx1QQBAonQ==]]></Encrypt>
</xml>


2018-01-06 15:19:02 debug :
------------
String:
account-ticket<xml>
    <AppId><![CDATA[wx7f83e93205d2fd31]]></AppId>
    <Encrypt><![CDATA[rO8w05tTzep8FFasB5bLez6dvldvY7ef2Mvcq2jw3bA32E3sIjE8jxf3MEVA4K3mhEPhh8njeTILuMEhsCO5c5LJnpVwfwYOluAdwspEOscxPZ3J3ZKCry9/bSo5BboU2asCEZbnNYa9gE4JJqCHaYU+EWFGfw+w4NmTYnQ3M9bsUrBJwvkQO23sCcXuQYqO8QRMp2xfYJdZmC0wLsk+XDef3X9YsTCk24o8YOzHNFlr97P4KukBAGl1nS6Dur2Dr+QbFfgJVW1OzpM7enCMIVVPkGsKhufuGmUCOsmV9a27jdQIQ1oUo/21xGyxfEgIVgu8OWjfNEQjPCOfnmm7cCpugaLB8fVXP+YPdPNWRpE8Au4e+EqeFgAtzIBs6BHneICaYkL6JO9EP2B1HEnxt5na19mN4iXSnSI6JfCsmGdUvJSPW13rd67q6SriWtNDTR2KWFTw176oz4zJBO1kQQ==]]></Encrypt>
</xml>


2018-01-06 15:28:56 debug :
------------
String:
account-ticket<xml>
    <AppId><![CDATA[wx7f83e93205d2fd31]]></AppId>
    <Encrypt><![CDATA[YqyxIuH+cgN3rdxcwCTgcvlJ7dl9l1qibgPmAeXV2GICz10GsmPaYshYRAKoQpOu30VhxeimrChMfjWzC7nCF/TVT0BvOOqKn5BsiLgz/DxdVBkiMFc//La/dIYC4u10rz22gOOVcio2i0rqlIOT0eHyV5w+NsawBGMiOb70m0j5AIdH2J7FmOmtdzZCk57q8FlIzy0ZrwUqoa1gIqkluwBYr5ht+k0ViewAsC4EBCT3lyQ7aU6mEfAxuSxOEl9ODJA1vPEnbZMMgbYp5C2WOlBmI8rIjTvXKlaFX1wPREV3Gdv9SKIS18yyWykqVjHMQ+44GwMTV/loDMcJzX0u5+Fh7DhUcqGpDipA4fHLvJ03ypVd3Q96IcBpthPO8qxWFljGT4PhpiLEefKitSL0d8EJwXDXT+pdA8nc6WBVNJ6spdZBa2q472l7JA+S2xx/fJA8pdymXj1cHsSM76HvsA==]]></Encrypt>
</xml>


2018-01-06 15:38:58 debug :
------------
String:
account-ticket<xml>
    <AppId><![CDATA[wx7f83e93205d2fd31]]></AppId>
    <Encrypt><![CDATA[+8PYIGim/2MR4kOdEB9lG760uCCS5ntMO6d+RIf8eHIdHzTh048Jz+SFN+QJeRfhFboZpKWqnctqf1iTufX3eCTiMo9qtRBe7FRW4Z8DTDiQJ1eldNeoxTayzK/FGYMyV1QwG1svFl8W/UM4bNp/696tnILoGfSWytRaM0cWOyyA++YvOXRZDrzkZHuS+mQVQHDd6ac9Epa3Oy2/Mv9vh+0Op7Z+s5b+lzg4SmKQArdYjABclWlWMFeZnOlMlNuI1wGCY8QtSvH9M+WSDc9oBcoDtaIk9quOFtyCHqPgsgsoBEhNvqdfVBAsfSTYfh6pRLPY+11rycAzRKfQyrGGiL2mFVzZWa9i4qzTAbds9Mq+1/ZlKXW91v3zDiQghUtCki2Q60sytJPNelky5MY3A+UN/eZ113PknNm8wM43i0ImuCTYoyeK6fSAMZ9PZyOtRyu1B4a8wGAvMWoNhV89/g==]]></Encrypt>
</xml>


2018-01-06 15:49:04 debug :
------------
String:
account-ticket<xml>
    <AppId><![CDATA[wx7f83e93205d2fd31]]></AppId>
    <Encrypt><![CDATA[S9BPb8J5Q7VkEQh1OQAXJXLuhHMIqKwIskGR5zQKtW5iO7Abrll8DiO5wVEAIbmYsP48T+HOT4PfxEKrZd750NZvmMf3QIoPFCxebgjOjywP2nXAgcMylYwfs0aaUuPv3vfd/enYl74H2yrDKjs/OU5sSM6LqwpzJA8Yrl4pp/B1BeUGOP9F07A3jMxfZ+/buvVdCGTrugVqE6vttBO8ywxbFyK8WV9CHP2wqhorViI1PqlRQbc3GtN8LTSiC3FTv5kzvBpbf1Wbgi3j3K7fU0bIrEgnRhDyBNLxGRrzYyAklbf0SnlhAbieFpsBkppnEW+OpysqIxer/YBSIz77smxp584q16GTVJgAqnDA2QXUnycVF64j1afTxCapY5AsbIikeHcOaGp2gi+vLJFesEq9uREvjwZAGYWt1Gc/eplSUsuzK4dgNWnRTtYDQfbLPxmW4HRmy6ZQpZL806Qgzg==]]></Encrypt>
</xml>


2018-01-06 15:59:01 debug :
------------
String:
account-ticket<xml>
    <AppId><![CDATA[wx7f83e93205d2fd31]]></AppId>
    <Encrypt><![CDATA[MjkRbqHpoWX4D9PkYYmYLngd1zhbmo9H3VB+CKX8g8Tgc4yg6zq58FZUTUvTgUDH/nJ6S7OfxNsC9q2tC/xr8/RUznZw2fWZ1rwX+CwvPi07GUWptRz+mEyeRq07009kSnMYQ7MJsJcZsDRpq2zCxFRawlkqOYSvB/yfy0BqQXD5x+j1NMrVEjjytW4Q1JeBP6oztmgbzPlGNgZkPtpE14X7BEdY6Yl+ENbm/Msey6m1oDP66L1rzs60aJs0P7HzMzl+0wsJCD6BR2N/HWGECk3acNvV6iAfGc2vWMwV5iTJbVr98vzdMjSUkleIy48hX6iWGYE7fOuR6PqKnyyMGfrpnntiWkkGWDMqWQBehoKVjBuu7DZQYfCbn87Ip8hxCkO4swFosFGXjbO7HOFKLdq5Kgkcwz2MgbBw56zPmKzOcnAoJsiRn27ZMbGyHkQX21LlOQbEXC8Hl8M1sYJ+gQ==]]></Encrypt>
</xml>


2018-01-06 16:09:18 debug :
------------
String:
account-ticket<xml>
    <AppId><![CDATA[wx7f83e93205d2fd31]]></AppId>
    <Encrypt><![CDATA[CHv77WQsL1mPIJFGXnZXVh9Rqf5Y2fMfc1GUzxKWw2hIPc/FD+uxgKWNZE210z+ME8zmqONvSxV4Y9MvlGD1bLd+oovP5TumVjOd4CBPGvv4Fu2lxJ81Fw5bFYqx1nLDNiOc6rv8LPzY2jd76XHV/7Cd15Iiw1TPiUW2yD9zZWdTsTIp06kpVBM0XjGxSXVa//MU4EOpvpJBxjiYX2od/qh4ULutt4/oUPozjlsIc+2uH2ozeXtju2lK7km2zxPn41RnRBFZnYt1jGyyunFLPUVioY7cGpxxRzdRRTzPfF8HzjNVPUVVUj7BApS5EIZsJ6D4eopWhiGCaZnLP+/H6CbiWZaxpoQMbn60c5rrsS3ZC/Jd7f3r2d36IWDJxxlJhzE306oEl00Rw5I0VN21w7uaQPZb8ev08kRcbM2ez6u8e2C1yupeAVRxM2wG9DCjrldKHN0jf5Cdae2AnUNeoA==]]></Encrypt>
</xml>


2018-01-06 16:19:03 debug :
------------
String:
account-ticket<xml>
    <AppId><![CDATA[wx7f83e93205d2fd31]]></AppId>
    <Encrypt><![CDATA[q9NZhX5A0kePcY8o9auhAXuZEeZPs/doWu69J2A9Sspq2Q/bDBwZ4uPK6WdpMsi/sRDkEw3lZFgl5FET8Wr4Wvi6ka5ljcfMFf+OSPLgSgaKXPhjUJVrsJvBN2pTWcoNwxrl+29RkmfDlLQ1dJjPxF0NdMlgHjzQIq7+jn4WqFIimPaU2r3eUDxLquM11ewU/kkOcKHgS1BvbGNZSE7Yx+WrMxq96TSosf513AOsOQWwbcw/66gGD822jsZY/VBacyVMnz1qcNsSeL6ccmZQZzEWv5j80YJ/vFri5sNm1kFO5SQ6RH+2IG6GIH5ohaIzrrhzNOxALxBuah1RgXajhPXQly+DJLYGDPTA0bMR6FyMA+Uzypi47ACpEbsUuZO31Ua/ZHT4rg0wvbMP7q00Mje7z8/HV1oP7z4xFqxWRc/bRZQVxodoTv7QB5Wv8E8VAbIr3AKPqBzgEyrDKAUHvA==]]></Encrypt>
</xml>


2018-01-06 16:29:07 debug :
------------
String:
account-ticket<xml>
    <AppId><![CDATA[wx7f83e93205d2fd31]]></AppId>
    <Encrypt><![CDATA[yrDdp1Zv5ZTKg7/+HKLHcKd/66f87tY7ATiKwwCKMmVDKCDoZV+UAvL5LNNWPxhVJCxHpUpgdZtQsd90hp99Eai56iAS52pIrkqI4XAlVSabgwZkhxHtj22y7gImS6pF07BBeFqtHpVEFuEEE/9gI1SW0WHJS/tmjfvJA7oCMWW2Zz1Ze35L4vCn0jDLpY0bDCOVe8RQUKJv8TLhkrefrFg6c/kNMmqL5sDBAYepEQ1tHsEo6gqkzTxi8ShkrINCnNItlSeHOq53HoInIFwCGQFrX3MKrlMJJsENvhS6i9RMKKJvlChSDnds16FPucENwej8jE+FUv6OresObsX0iQpzYblOCdJBkrrfp7Rvv1dUxIss0k+te2L5MWbNK9wIFDLXeWg3v8aCExvkrwvbfzk7uUgWOleejy0WG/TUOVeQpzX+MfwF6kFvseu2DB3zx2G4WC+IST6dY8Tni3PCBg==]]></Encrypt>
</xml>


2018-01-06 16:39:11 debug :
------------
String:
account-ticket<xml>
    <AppId><![CDATA[wx7f83e93205d2fd31]]></AppId>
    <Encrypt><![CDATA[KyAlmrVpGoF1UqonZC5sZhAGEcBao5WXNfPNBfMdb1vdh99naXecpFVcA2yEUtqU5pPlXHq9eYbFYvwJZ6Fh+aTnYScU5GGONQSvNqFL/6JQopIo7/tAbFgxCfCCx/XrvL1cRSNp+olw8+EJKOfDxOcT5kerfi6cAeAZWLAdUp6j0nSaw+y6Us9Fyyk//t/FzjwZVsU5f6f/u576zvzYtGCOkrNrS6/i6bxthBJEkAch4oS12/vcRquW2q323QPZcz9wYegDU6oMBVRvYPZeoDnnuLgwD5vBfl3Jtwy1rQOifNCdWzBrNyjKsaHuCWst4+bjkO6Vj0YPQFgrBc7g7H6TvJXeP5kFx5nDHH0wvtCwglczerJtmAcf7JL0e5qkdGXZtgz4JBislw7s+Ctr2UO31ojGlvZg/tVO4P0G1yYhJfizTibYidWMLPCLSVQK4Jl/aOBZv56oTRMV8gki8A==]]></Encrypt>
</xml>


2018-01-06 16:49:06 debug :
------------
String:
account-ticket<xml>
    <AppId><![CDATA[wx7f83e93205d2fd31]]></AppId>
    <Encrypt><![CDATA[0UsTB0SKps4siCAVjN///6LEULKUIHSnSr8mwuBtxmtVd4G1crholyd6YPO8uXo7WevZvnKivJu2kipzHO4eBXO6swKKEoRaZH0vKc8REPe6CdlEbthw1GrL/6m1A3wcwCDNwo3I8Nlw1B7xPMKPB3ZsyGFF58YaQWHm9UcanJ/sk4IYnLrWYCLZbj32A+rhAOrgSuAjb3MOFNGly2HYIkdqYRj1B1nkkngat1nWasb1godOH1qSMeFRBp+QhTicq955tr8RBOxbuwrUgalr05ojm8zwBujCnbKbWHl2NOUTv+Oh7vm6K/4lFChAoDPdcpHgLu+aGnqPIjmlbfqFLLN8PYHbn3ls9S7KDGfcA38v6nccD8s2u9QLT1H81wsnufPf22KIQ6WUyw+oKKnlnZscCeO6IBG1WdNS5a6goD+/RF48M76iHa1XET9OBYPoXq/6ZM7QDu+QlRtZsZnzlA==]]></Encrypt>
</xml>


2018-01-06 16:59:12 debug :
------------
String:
account-ticket<xml>
    <AppId><![CDATA[wx7f83e93205d2fd31]]></AppId>
    <Encrypt><![CDATA[VnLG5Ns5TqTnR835g4Et2PBM91QbQZK4zSO/wnfeMnpAngKnKrH2NAnH9yxNSbguTnMpw8V9CwG/hdz3HL9JIH/gFSdEVfE6C2CdK1u4YpqrCOQrvNEGvj1/F68yBt17xkdW/RUj4/3OC5yiUrTPKyuQRrLvS+k8UJdk+muzuRq5jeGUu7C3GzecybpyUh7uMCJDRskar/HF7K1ZJ2z/D/lytS7zwm/syoxoejjU+sK9nyQKvZc1SVzHQskEA0W3m672TPa8jpYc40moLINhhImBEufE1nQ3bC64uuoYVWM55WoDXzQ9tn6o5JcJ/Uf8z3DAruM80qOeaLgV365MGXrH9A2okc9O0DiCGwb2dsSgpOs89t2578AhpMFklbwDiG58+miNWIsv8Hd4vmyegWTD+Yqy/p+mvoYv2Xu1/3Abg+eH1pAaC7W+oFHbARFb4IVTuBUPUWZhoJwS4LyNEA==]]></Encrypt>
</xml>


2018-01-06 17:09:22 debug :
------------
String:
account-ticket<xml>
    <AppId><![CDATA[wx7f83e93205d2fd31]]></AppId>
    <Encrypt><![CDATA[Xbr9yPDjGbBYf6zNodu75367FJ7U/jWCnJmOczJzrsHIkU8KeFe92vdc7avdgQrC/rb2bM+Da9vAMu6D4+vKNQBXgGrfS4JtgqULK340HIvT1ybj4sVoNu3NSxmrIQbZud9fM0oxVrslmGObNiB2vmH9jpFc/INW+UboieQFXTWAhd2DNLOOdm50kPYsFqakCUzvzBKXpPhh2QaLwzv2fCK58VpB93irqzaIKtUjlS8aJbmlw9WZmmjMJ+/5GE6QlnvswXiwPWGJLJ0ud3cH2pdWuR5PDKUPxO5ctu5AwpDjep3GY/tXdUzFU6HTwnuyR3Ad2BG7+OSjbTUQ8xvmKYRxo6plSlH3poUU7F+0wenN+Ku12sgCBu6TqJRkisw76DI9XwArGUk8KoJB+mOBKW12uBIG9NkswmYhfVeJPTnMPu8c9M0H55QlGqIKDcdp33iB3liTC4dKCUN6J0g1sA==]]></Encrypt>
</xml>


2018-01-06 17:19:11 debug :
------------
String:
account-ticket<xml>
    <AppId><![CDATA[wx7f83e93205d2fd31]]></AppId>
    <Encrypt><![CDATA[actE7KDkuNsYNj+8mx4bLxgknme4zZQcPfYN5n+ekhWsmA6+YRiCpz9hhspnS1/IahtVBcMKXnRmknRWXKHs0ay7T+LCac/iSyoCM5uTDGT9alaiFMWzwkW2JVksX8y0EWRkUokXrG5vKpwu+TmtkSAcs8PZ359VtaSB0Z5lT+sc0QFrtSei4jF+cTAUNAD1odEDrMQOmVhSvAN+LZGTweWKELw8qhLobujIqP+K1a+jXzYukqomoxjHN9E4YUaGLhMhQs2Idmn/y83YxbzoCz19OdxmYX59WKAP6kz57xmzeWmShNZ33LkYw7qlCWQRSQ09zd+ro3Dr55eQESQYZab8jEc1keY7Pa5lPsi7mrxJ4PTUVeVTQfoZLCzV6GvzbWuuokvC40m6iSmUiN/gJxVd92h9HzsNNQWE7uwwhisZkckkwKLwl1Bc2pHDODAuZ5EUrUq6KfIe85vaRhmiCA==]]></Encrypt>
</xml>


2018-01-06 17:29:14 debug :
------------
String:
account-ticket<xml>
    <AppId><![CDATA[wx7f83e93205d2fd31]]></AppId>
    <Encrypt><![CDATA[sRSrKaBFQWoftDuAOPpKpC01r8TkFyW9qbpzTuo0We/Rjq96S+ZQHUAN3aN65du9U++26L5T9RdFGOrkxBjkXjHyDl5EOh8OWLS9IkAMAFOsR/t1wXfHsPkTGm41602YxFF2kPzBUY04pvEeMiu7PgQejpXbLzO8JgAJ1pvAixPADFXXBSEdHstPyoaDAnOwVmKdsXD8U92bmAXV2w1xE0uaJ0MOHok2ecwkCiobPLKTZmap2DKI45kBAT0TmGDgkYFVEpp6smSj3yzcqzuMlUu3cuGAmvylQBkycCLB27ihNvAJ1QG4QaoQ7MrZcBcp1p1jpfJuRujuS30z+W7GmCsRn4vgtrE6Kf3V6azZYsfFYg3f/N3S8hU6IRKox41UDGVpuQ6G3IJHoRbiRNPTN8gzL+k3iu6kejBD8tZMg0d2pvQ9VDjVXvOePi5ieeynZYUNGu+V4oWHDXCE7n/jUA==]]></Encrypt>
</xml>


2018-01-06 17:39:19 debug :
------------
String:
account-ticket<xml>
    <AppId><![CDATA[wx7f83e93205d2fd31]]></AppId>
    <Encrypt><![CDATA[3aNJdcTQCFd74sKEn71VUUTNFKxHYPAtOSqli5H3w7/f+TJ5Yw1R3xwhCX7AX8ASCwe8R962x9UtqCuHPB6lUv8ZmoQuDk91I123Wg/s15GwAQUhUyrTo+RPPuj/kc6ixH/yNamQHE0g46E39hutoYvW0OvjyWubf6QjbxKqJNgeGSZjWwKmgyAZr9tYfzFcecULS3KKqW4+Y49H+n2A3TRKpP0CM0FUPoEzwH1OG+bIwllPOp25DbLwwmDarWfokI3JSOrOP57Bf9ADDrAPEOllLXb+ODuylABusCoqcwzBwd/gGjDXbXfJV45kzoGN0wJ4+uzCyS6jNAoffvxbez/oEd6fgXyH3HLtfwNHTBfNMzRqPnAjT4yyHyYO8a+brUYN2DLRCxwGngu9j8I13MqU/dvA0jQh/iACLmqr+q+mth6k8VJ4+CnOpSDIKjhUcqhkapYIOOudCmc1U5YZ5A==]]></Encrypt>
</xml>


2018-01-06 17:49:18 debug :
------------
String:
account-ticket<xml>
    <AppId><![CDATA[wx7f83e93205d2fd31]]></AppId>
    <Encrypt><![CDATA[ECErhWWQrBj2GVLYGa8jItMqthoYoyIT+i0myab8sH9Bw6biSkJrTpDOdTtHg/i3Cj8Y4RyqhU9TMH1auNTNHaxZg+8WbDkLZg2E3LoVUFX3JBSK36YKoVONA0fS34dvDQXbqqIYBYHYvrzMNoxm8RZNLN5HrAMZveJNGIe8i/I5C5P+ZDEejSnmVqFFNx6wvsbL+/tdpEMs7xsG/FBmnOvznYDyhk/A0N9MJilgvs+sisaQG94+kUx7aYLoi4KHiGdCBaazssOtIEDPE0Q2x6r8YdVAWZwA/NRX6SsOonBcTGgnxJFOHfLAxE3uTeQ+eFtsjpteXsftE4vn4sXaZOvTbQToRGSEFFVT5kZ/xBpo4H4vGWlY7zCIKiesyam6yYrzzmYh0h4FcTAbFRIDA4em+JPGmPdb1ukemu5ba3JHr7xQqQIjeI9q5N7ZOKBzFxqG53nYZTmjQoHl/vueIQ==]]></Encrypt>
</xml>


2018-01-06 17:59:18 debug :
------------
String:
account-ticket<xml>
    <AppId><![CDATA[wx7f83e93205d2fd31]]></AppId>
    <Encrypt><![CDATA[Azasq+4ERDzfIsEdCOOrQ+lSEAwWWDHxHs5/sKptnGi+yKd/WH+XCv63EE+D/o8XgEPQXZH21LrCewS3tMuKS53jUpU1q+vfVKCkkRTZKla4fzKcxNbO1XT4bGsrox/uzfKVYJhqF69bCRNOwQbXhEGqbSML4bX40/u2vs5OxxAf/8eQtBLHPh1UZG2vFLUjDySGglZ0HSDQ2cXrCoOqwfoOk/0MQaaHl7ENeLqfstAkRL/pyg2SRzEzAMMOKkFghxD4qmlQEwPyWrRq/hP/aE2T6aH8AclZTKvsG//L7iWoY83d+XUEjI3X/y+W9iqlWI1W0fx38yT3Pzb15uvazHelWZiQNqKiey75iVwQcdVrU8Kd8YRxSCVn/NaJDduC63p8sVrMiM9MhC3dY+mrn14nPrrqziUGcgfvxlFzMQxusSlUQvILy8qBZS9soELL0JoEYs9zE/xBFVSmmwd/bg==]]></Encrypt>
</xml>


2018-01-06 18:09:39 debug :
------------
String:
account-ticket<xml>
    <AppId><![CDATA[wx7f83e93205d2fd31]]></AppId>
    <Encrypt><![CDATA[WEiVG+JkM0jk5PK1oLqX35qDVQti27nrbDuBi98N/XWwwQID4LHUdMaYkLOGf7Ul7tfvSyi4wYUZ79+NehTNZOrRo/99lP+mK5kQ1cnMoQBDIcZ2V9N+pZWcxYtD1PRT6q2EnV/S4OR+c+GWwtGaK7piIZcHdHv/SLcU/vvWkJgo545Ck4jNeMWY5F3K/4E61kGgJ0Jwb8ueuxVqdNIAVIqIaI74I7OuLiRU0JJUwktKt+ZyiPtPFU+No2w5PgGUQwETElDV6mDZndb9pSvbyFeIcOArNvtwyN9rIQQjPGNakpD1GjiPjEKqzgENULulpAi7wU31L228EV4Y9yx97MCXbnXRukR5UrSdne9on+NzyeZifcQ+T1mG/9JwGnb39+gh11/aRymzi+LWGUrHDfLJv3G5Elx8AcZ2fHN7DKhs3CQiMMhq+GKqZekE4G016MsLLrAOJGBCSZOHkhXqug==]]></Encrypt>
</xml>


2018-01-06 18:19:30 debug :
------------
String:
account-ticket<xml>
    <AppId><![CDATA[wx7f83e93205d2fd31]]></AppId>
    <Encrypt><![CDATA[t9j5l+TtgzuLPoJ82LNQEOfeb5dyBnaoJG/E4Zc+02BThxKGNhbDyhRvD11PHJfRJWbIPXhz1guNfd1zLLGvNzD39BumIMxpXM+fs3V0HG/Lg4BurKAXf0u03RGm8JSQaSboYbpvrfGQJo9h/MkHBg62S+JTcp+C9eRN3K6c6ubay5jdaq/FeeYyDR6B0e7ASqst/qPT5XgbrouHcZgVsXLe1kaC/OdmdcIgK1DlkUj+wNjxY0HcpsH/52OKmU0kzJwM1Peg/J/RvYzDOgM6E1b6bdnnD0Y3AoFVbQD5Hs1Lz9qu/ywZxJdkMBG36AU+DbV6WQUOE5d+Z+ScdsV8obdLtcA100aAdk6Qe7Yh4V1RW/o559RV6GnKoRWHdCw5ZC+tV3956SSNe2pYJF1ZYk3zsy2XhFghXDearuF+mWDIfTp3/aUe+Z2BQJ2E0Sps9bs4Ftn1r7YXFgb8BsI/ag==]]></Encrypt>
</xml>


2018-01-06 18:29:30 debug :
------------
String:
account-ticket<xml>
    <AppId><![CDATA[wx7f83e93205d2fd31]]></AppId>
    <Encrypt><![CDATA[QXBTu3ltim+ECDmQPZAFiweRsweupbe4LNjzNoCVvrw4bYoADDmW3yWFP4LOXUZuYRD3N+0zfJRv9FD8WBaTXZo/vERNRXF9S3sMMdE4f/DK7RNCB4luCkElshE1mRPc8OguiYJmuo4XqTRi4VN00g5lY4wtAjtWRL3becmVGpfy5Z13o4han+1ywG3UhEYzUY49rIV3xQtLptlAqDM4di842QQouO1YFCHhkMFRv8j0qPG7uQxgwiIZ7qqootLN0Vfm1UwYnd28uYSeZK9s8ljWTXefD529aCmW8GX4Aj94bHrN+0CSG2vhz7lJ0uoeUnsNOu++/pAEyOdzZertP862VSOOfSH0nj6cKQ6IKvYBKNvECaoxqEKk6ilE+T6D1OrV02lOZLG2JmjJ+/36D4y/inrtkzcr21SiiWy+FXmQWO5G6YhVuM1wpcqaoORznHVtU1dQ7PXCRwG+KLQcqA==]]></Encrypt>
</xml>


2018-01-06 18:39:20 debug :
------------
String:
account-ticket<xml>
    <AppId><![CDATA[wx7f83e93205d2fd31]]></AppId>
    <Encrypt><![CDATA[kCos9Kbn1N2v8dJzKOca239j6/FdT1OsXNYpjHCuDJY3PxjujTRpLfgrzgT/W4LCd0c6hkzQXTaVHWsZF7O8G3Z4LToYex+xT2sW1990o07aa2YzrsD6x62e7et18r/9z+q9fC21fXLjWWmyV/cIF/kzPS8BPhqZUjRPcGkORNegMmMFtRZIC8YD38Yk4wwKeWl8c8fHGSbEvZd3ykAXNH3NDkPctbo6AD3USGZVtEKnqvfEAIzasfONOTMwvyuNvFxRZ+Qi0T8ZWvu9pjCIB8y1biMYGmKa6BWhkThoAH+NW1p7DHZAh9G/J0ELY0zuH4twNXU6zguKaIyUva8mE/W2ZqHju5JIh9LHTIQh6+HBzNM4wThGYODJZNERcHjZ/E1HVTuI43SZhbXc6w6l1oH7HVMnp1xuhsaYyLTIZ9c3eEt1/EE3e0DbRVM2scMnTIS5tG28f+8Lr1qXjOfnmw==]]></Encrypt>
</xml>


2018-01-06 18:49:24 debug :
------------
String:
account-ticket<xml>
    <AppId><![CDATA[wx7f83e93205d2fd31]]></AppId>
    <Encrypt><![CDATA[HTDpNwIDl+22eJ/aIi49RvEw+ljMysgGU1Z1Xpfif4rOYfLadVrcJBS07CBMF0Q68f1xE8K7ECO5FMdVtPk/PBKKu88s+qEemRBlkK6vxK6kMbAqKN6ML8YPlW+sTEGGA8WN97hnNKTTtmlyPzOtXHldE3C8/jjkJK/ZPCGjw21LUB5P/bBlgxKRn+3/k+he8JZa1xVR7mZGukvmKuntBuXzlfWf5d0HoNKg75K95PF8KniB7U6FXqV4m7ZShDiFf9Bc/A0P71RNEeecu0MaPRdRifyuiRj3N2no/px8HTym+PUvFfyyzXbHprDKqIM5jLFRK1JVqOQ0YuhL35K2dMXtwY2JQc/5JgyVhrMpQOFx4BzmW9J83v050jivNHLI4kmX95BOvM8FTDW3bDS2x8KGxJJY/vwJT7PhF8mUANGgwq5i1WPP+4LpsZhbjeHjmWeASAqPwng4oiiaq8/PUw==]]></Encrypt>
</xml>


2018-01-06 18:59:18 debug :
------------
String:
account-ticket<xml>
    <AppId><![CDATA[wx7f83e93205d2fd31]]></AppId>
    <Encrypt><![CDATA[a1gqbx+n07KqokCKyZVmhmx7cZPCxhHU3802a0EIKFF1JU4f7qNRGl1cmFK5vwmnI9LK7xi9qx8PLCwiKJHHbFeeD0cAuyL+/nEJ4S3JE7RUa2EljZbRhg9JkNUd7zjrZdBelLOsdzlaT06ey4Um3/5K+al/zfw41qPWD9Q8ssyQMUQL8LtZsdbOc0JJNQNM0MkP0/gMsBrOpj2bK1vkeULokTBuT4kP26GxMuQhOucd7sSWAtGSx7xW8zvfvKzO2l8OYbLpn8TO74KysWrlvJ6WgfddUUKxNg3nhDzSllfiFkRQzxNh0CQ8/JmQQ6V604QGtMiX+OE5oNzLWbENNlBxYIjsuyWetx/T+RafkjF5eaMjgwRlTiqfsKLh6jRd2SlTTxYjsYRN9GI8W/FzjrBSO3+QS6DZsDJi19hSBJg2pB4uumyJGU+w8rMaCfr4KRJTKIOSIRp3dHm6TF9bWQ==]]></Encrypt>
</xml>


2018-01-06 19:09:45 debug :
------------
String:
account-ticket<xml>
    <AppId><![CDATA[wx7f83e93205d2fd31]]></AppId>
    <Encrypt><![CDATA[Wt/7t9LvisDiTtX3l3MidQ8eO5577cs4Q6muWYaltX4znBuoGOllT9xl1d7iNFVW8i6vkj+W3K53dhhv1jFgt+Nw4tBep1CMktlptH0LRJIxryrHsyOLpDd0b+sZ48eD4ct1qOGA3Tqhyd0CvhO2eRsEFqFdbQS/suNY237ALaUmaT+UZOLA1gENFsaOBv0Dwqe1P9Svn97lu1NoNMc+cdj5ikg8+lM+2T+19DliJKKLgDzrrIgpKRXKG5foX3ZMITReAltMV1d0fYQxhQObrxqe7Nr393Jhh8ONQwmMn3+7sIcV6KL+NKW+6pX0NvaeEDkmQ4xivveNexnt8kw+1+r1+KoLH/McVHDMQzVaHykThecbj64L09nOKfvFlUYYlQ3UEnqHlfZEGtAzDkRup3DuZZbDqUqgLqEAtyRyVzfihIoSRbE1kR0vLE0gzK/zlrs7jU5ma9kFERXxPGrl0g==]]></Encrypt>
</xml>


2018-01-06 19:21:21 debug :
------------
String:
account-ticket<xml>
    <AppId><![CDATA[wx7f83e93205d2fd31]]></AppId>
    <Encrypt><![CDATA[bqIXifjIfiNG+1PmAt7yGuUi+s67FUTroPm+vRx9xm5IuZTDvBDPv+XdVIL+Yr3huWlbd7/2IxiiroZR6bUw6UfctR54lWKmeDwrmIOJSwfJkQdv/OOhggSy8IDZKHmQ0vr/T/K1labqm88dAenCXDd3LCr/AYmdD+cDJHSqCsEsdUJ6rbDWOV5eckTNxFBIxvI7aNyjKSWqjTpH0XgdQ31HKxKUPcsuU5OoNOUaDj6huyaaDEcwyP1C9bZUfqZHPT8trp0SGvL4pjP39H7KMZluKD6zrPVeYcIN7srF70Bg01dIwtls/9fax7+3HYqSBofGtWoSq0nQ2ergSntyVswg8XRGCvM8xq1Exe9oL66qxtt91icUgYlWNVIoB0mInI0o5qeKR3VvCHVMEKzPM1/w+A74hgt+yjNWex3MhIspOOLq7Byvv34obYzliqHiT2v16I+ZaT55aIi0BAzrrw==]]></Encrypt>
</xml>


2018-01-06 19:29:32 debug :
------------
String:
account-ticket<xml>
    <AppId><![CDATA[wx7f83e93205d2fd31]]></AppId>
    <Encrypt><![CDATA[qj/rr9T29e+gULCwJj0hDAxf2Ariye28VLnExQ3hS6C3p+yYFClPpg9mtSJiNjJQc+nl71ai9aXsJsxN8JVQtJwa7B8nakaKNjpJUVHymE1GfR+JlFwiWLH+M3W5R3pw6v1ucVkrdNIEMzMpxxPeQrzd7ro4F/08gVGaFipdyfDvJPwlW6Nfq9jFQuxr4VZfc6StAvMkn7m9HuKv3X+sZuiVVlCxF5yDFCUjRATRxcymcwz1X84kTYYKDn5Z8SSyfI3bi7wK/t0JV4pkRGCnECYj3uWem38aXvkCiwW6FJUYnTPx1cyruZKaCtSfGgc0tXYMDAOFFAwsMehG5Zu7BGJzkI9PVuMlnJh1lnNNJqXuMNuS8gOnxKqSQpivmz8TSfBUZscFVD7aQko53MNsEuNI/yiTGGbmB1ipoqz2RlQZox7/kt/ooY+01SOMBNkOChh5Wk8qAocvdo5HOIkGRA==]]></Encrypt>
</xml>


2018-01-06 19:39:36 debug :
------------
String:
account-ticket<xml>
    <AppId><![CDATA[wx7f83e93205d2fd31]]></AppId>
    <Encrypt><![CDATA[pTLc2IExrMyAWKQoBDjhXbFqvWWTEaX5yW0ztOdpi9EmLSt40/hmfpaTpQRUe7caJJtaz3dxAcW7B6VQstLTwC1tq+Cpm2ZVYru6uGtRShpeCMvU8HCbEUyrIEsiDBEdBB82WUsciDiz/zV2hZ4RyXy2FymkW+5praNb5a3oNbMLKuLQ9nQr1hGHLHlGMqhvzn3MXrS1/fjIyqCW9uQb5L2kfSctJlm8zy2Wd78rs9IxOYZdXmgCDJK+V02LyCAlwY4xkidjKOVwnJgaFMEdTELtaYHyLqYseqJPg6NWgti1nop30lNNZpYMz/2gxmRYS35yY2zCSpnPjLxZKvJNxsGJ3mhDHD9zxuZ3UAI56jLEHXMKZjFMpd+Pqk1bPWE/wF7eH3y+qnR6oM58f+8WmYatU5e6kJarTP7UqhvLehLf2pxwdyyCXvj+jBRU+bJIOFDa6La8bgqlRgJBK5Bs2g==]]></Encrypt>
</xml>


2018-01-06 19:49:31 debug :
------------
String:
account-ticket<xml>
    <AppId><![CDATA[wx7f83e93205d2fd31]]></AppId>
    <Encrypt><![CDATA[2FghtmPnUSqKAtgbSNdimySEenSWTJQdhzOE1FpKixrfRbJWEzZ0vU/m6g87FN+UWKz88ln1cIYVqsL3sI8sLo1oDXOBNkNDkc/6uYuAtn6wm4uPSVyazHJfsXkHT6VAejjSn/zXlak7XEvh1ZThajf6ZyBad1NJCYT2Bz7iMO4X+iFHa0+T8F2wpMKG79cu38hOjIDmvrDN7zyVV86UNQpfOy/g3D5TiQyiCw9uwzn46A7NDGyrc2mrZZp+1KGtxVrg/IjurGn5uF+nsSYfeEHgSKXg4pfGT6Q5Nxi5Ct9G+mm1+E0SQo0/3rHWDZrOOyaXIbpoc1/Xz7aeqdBtMi8j/BhMo+Pvud7uJqodpAN16TPxC9Nb4mKwFhkS7zTwumYbGfCHiu4qJUZTILHp6JZDeLAk4ScMVzRoTsAU92dtntFZJYzfjM6YUtOKqVBrSAPEz8zSWg11ELXVhvF77A==]]></Encrypt>
</xml>


2018-01-06 19:59:33 debug :
------------
String:
account-ticket<xml>
    <AppId><![CDATA[wx7f83e93205d2fd31]]></AppId>
    <Encrypt><![CDATA[LxrEzcM4430gLWCcG7VywqYRLdKcJVnCD3v95FPDKlwZ+93ceu8XhjhBGDrjvjaQTFBB2YMU3Kt3NgddOUwrglgz6mLFwX0nSH9KILdXJcznU0ity6kThuzLBBe4Mg6qb/iREzSKy4Vt9qI1NHeJYW5fPpfU3DYA0ZzmTBGV0bKq6kNuq+htK29W8ZzfH0xYk4yuD528nurrCmm4CtHepUb4ToVwWA7n4hFpBfn0uCAtfmBPHD9badtPIVGYQlam3yazkL3xpXo0QL7JvJlFPj4Zcg04J0GdokJYeJTFxWbV4BEeZDbmjm6wmkk1LxAweVciSbALx8TM5QWXZ6qthZHGxpTxZqQ8I+CZXR7GiKmp5b5y3AncqRuyVQ1iRxiUm5opIRXVXezVBL4tXL5uKDHmu3xQf7twSFy3+p8n2m/uD7IVX7CRqYXK5pDj1A8WD6Rr2imPodaeb0xesnZF3g==]]></Encrypt>
</xml>


2018-01-06 20:09:48 debug :
------------
String:
account-ticket<xml>
    <AppId><![CDATA[wx7f83e93205d2fd31]]></AppId>
    <Encrypt><![CDATA[CnMU17+Zw7Meazk+Q7jGAVjSjIDMDYNr+SbW3vfrZKX5RXrBTrBJNn25jmMOcKYROpd/NGnaqD/alEkZ6cPF5LynPHw/lmGwKgoQqPbHgkuNwG18DZAF93HC0BOzhclDzmxKzhMma2xiRp4NRQYM4IaN6rS+aHv6wGbWFSedfyxuz9ZsgOei1BTK9uTbjCtBErGIWjviGrWmLUZCP83YT2VHcMHJwc/b7VoXU171Kr6xJa3jebBkjOSMSETl97L5K6lN3zXiQ0Ql3YS4qEJZ0A7yx+qVhXwtNTtAC/a+8cyHJEflCs19+4DxpLVUQt6RQfpQ8VCHuaW6+xy3gSV1tqmPvybNy3hmUGTAuFPfMQQbHgcryWFytpAs9SueJnRuA8TOpXVm7qyMbz7QmEGRSToUkaPan1cnzOzGtN05xqqU6C1Y4dQb3g6PnPqcq0uHlAeLupRNLjrky/8L3LMHig==]]></Encrypt>
</xml>


2018-01-06 20:21:30 debug :
------------
String:
account-ticket<xml>
    <AppId><![CDATA[wx7f83e93205d2fd31]]></AppId>
    <Encrypt><![CDATA[ciO6/xqDd12LlWRb+YuJpjoGhTVQmZCAv5DZJTraiOd0UiwwVhc8YQGytVChixtYPT70JjAw292k0uD/YtRu4ZEP1/gIGQ57u5u24Tf5nJc1o2wArdJgIIYXRVHupfR0GEr3IkqV2fF40JY9nh3mFByIGOfLkCtQ8vV27c8wgi9ILOLu8efILD0tw7AbfbQt5jvdLfmgiXUEDhJ85k7YaIRgU3r3VYybJSVJh+kjAXFyEU98yXctjJbAYnP/skxa37WASXl8nyTTUz1VlNuPE+r6shF6Ubntv6hJisKgETtu5aFQB7IJadp/07IGCOhNIABlfW0LrgDObE7oc7NEUw8U4BkmGOYoIXfYfcSBJZe37BP1xVyZAjn6tpGzGqZHYBw8DJoRnNc4On9PTl3B1VvcFANzR3Bxsugajk9P/ji+f6vmm4F/yKY8wJXJMIoEjOFhmq3IMPHJ8Xxxw62eyg==]]></Encrypt>
</xml>


2018-01-06 20:29:30 debug :
------------
String:
account-ticket<xml>
    <AppId><![CDATA[wx7f83e93205d2fd31]]></AppId>
    <Encrypt><![CDATA[fgagSAfCA8NiMVcdjdcd8mjcpHZ6Z1ijS6Oi8xIcIpBh1ytA8o2sLeVnDiEzcOqr7FEHE8o/mp1YbhgA7/55yRCQmZuFXA6bgktTmwU1Oy7McDE7Bg41IHhF1d0g2UnZPrdjVgYz+/p3c0U78YbgCMV4g2z6RQFAtHRHsJEJ2mruWcM5ygvnejWJi11BzCGp6d+E4GeGkMzK+lGcHxotaU2W0cODSM4JoTkSNl7YYP5yWuaG3VV58QoxYRGsIQD0cM6u/ZVHLq9OL3LbYqJzqo9n7lDKRxmWJLzqQ0hPU6FcCkYq9yFtowjTG48evLzIu78VX+useQ0Cjy5kEJ+zghBIamTxB2Mb7eJNg/4x2rdHC5hbVWmz6ak26b/b6wv5kGEqDLBTMhgJD3qmJVzPhAA40WKaqBtTKoqYksv0mBuZC96WMr8nCGCBbf5ZoDMJixJuUGHsE33QNhhLJPCnxQ==]]></Encrypt>
</xml>


2018-01-06 20:39:32 debug :
------------
String:
account-ticket<xml>
    <AppId><![CDATA[wx7f83e93205d2fd31]]></AppId>
    <Encrypt><![CDATA[5i48jJdnd8KVuoRc/EaTASdTyB8uuH+3CewJCGWTeide5DNQcbTFskBVAHkEGMUzfvguGrTbKTQkPkneZ0GqpomSBMvgjUWU4Z04P6gY8Fa9ZAuNAAO2sZGXeM12QLF6JeU3LVC6sXRuXP5vC3sOPnaXcviJb2nfv0HXZVAvKzqyGetzgeNlHX9924JvvbA0vvjTC6mRS7gbk0VolmKqcDEoEYBf5qHswEZwceUg9+DIJqgN9UmtUhgm6h/SuImDF+kW7v6q18FAg95npG4efLJXS7KE+q9Z2GpQ/NFgELHEWlvxPbmQwAX+nz0ngKnh20ZcCQNqAF8bBVelh2FXQdXRMvwvmm4/ZZnABg7z+zj8pe1kXGqAz55ZEQI5p8utsgFr819etU5W8RR1/mt/mHddXGowE8kHAjPiktQoysLysP2aAO8VY4qZ/s7pLVJVb1n8s5pQiKmJbVbz4zrgKA==]]></Encrypt>
</xml>


2018-01-06 20:49:34 debug :
------------
String:
account-ticket<xml>
    <AppId><![CDATA[wx7f83e93205d2fd31]]></AppId>
    <Encrypt><![CDATA[VozV6ArnXYUW0K4lo3VZuQx7L3RbpVgELFq3IhrECbQ93ffIpNaL8YJ2bPTZQCaA/qQy0gNzeANH6S97OHs98qezDgmJbSgPVxc/uGVO8ctYaajwXUcJeEYVd4Aig59AYNp3ZcdwS9r2hd4lEdrmf2UmPv2Y+fyaKrGRN7dVEqPr1yOn7B8Y12IKNKCsN5Pq4jwosrdsOTrWsVXzrMbpL58N/bL1ha+LURRHg+GA+9ijSahPkX1xYnhYt1mbmBmjUWR2HKMFNGY5Gz0aEv6lrvcByA8ceeXC5RBDkhA6eNT1mKTqbj6qt9AfkSBIE99hOEA1LBqfmzuYiryfDP+hlna1UTi/dopGTFYWlyFBJe0KH4xiG0w/FgJAIcQXFg69X2Y2sE+AAMszGjv2or340EXaP9tPUgVZlGCf9xavE2kd0zCN/d1Xn0yvPJCTY72oSuo2rO9sW3FjMp5eFzjm+g==]]></Encrypt>
</xml>


2018-01-06 20:59:33 debug :
------------
String:
account-ticket<xml>
    <AppId><![CDATA[wx7f83e93205d2fd31]]></AppId>
    <Encrypt><![CDATA[AdehPnQkvD6kGZeU4V0EvGKmWwiBkf9M8M2plIPWC9YlBiiLi6V7IUHGMIg5qmt4zyZgXKfgqdlBnvsB6x+3+RZAO6TNG7jqSSPGILBxgvnNtEEw25Y0KFtIT2QRISAJ/smMPd8OXcRvTxMOm/TLaWJBfEsAIofIimmqjWTejgguYpiqMU4vRNPLjGzdusNDdmbvtNMvjuqpLNmDiP+Cp9P/z/Dkn3CqK+YRQlU43rLlVNDkOicagcsb13UYygNTLZIWNtHWWW4NBzJ0eEBC27kxmbxjjy9aWKANQSGbI+6ccRWknBUu7yDYyWpTa4VHu4KUuQV6J4TxZNLmyKS9hxKo01S/qgp65lC3f3gr89lDRSl1MjtDKS30qikmIKGaYf769sjtjBUAZbaw91f2L0kDaKWn6le2X+bFo+gGgR5109qOLWLD9bFcZsXoBVYAgFmiTDUgb2ID3MWA4G8N2Q==]]></Encrypt>
</xml>


2018-01-06 21:10:10 debug :
------------
String:
account-ticket<xml>
    <AppId><![CDATA[wx7f83e93205d2fd31]]></AppId>
    <Encrypt><![CDATA[kfs5pZiUd4NX2ZqzsbHMFn8468hLsnVqLLdycAx4PxljoKfk3w2vXPWxzPMt8nvh/QuvP2pqQdfOKgRlpeT8Chu2WRFJ2/XbV7e5BbnIWmnlcxVIslqCGZ9mIwnJNuACmS9DqtI6kfbXJ/DgJ6z5/q0QG8xPGrykt/2WBMyZU53/gnKaGlKcRSsiuyKjWr5tAn+FhhQm2PSvXvPtbp5hZsLsBYFyx6E7VMUB2dVHrMfp/CAPaPbKPMGi9Z9swYHxg0cOhQJwbuL5Sd6SFWrzRczxpLsgR92/TNOgOWiVEY7ne+jNHj63A3CmcWr1qctYdKW2S1/H67Kjh11WfD0RKm8OxSyIO0turnoIfUyawD4Ncj0K0xy26YiCcI7e1d2zegYIRiKt6GYX1qwYg5NWqTWApWpkL7ca0RMaHyycrejagbpDnS6wsi4jJ5irEW0sJwu7bjdoqhh/issp7r9boA==]]></Encrypt>
</xml>


2018-01-06 21:21:26 debug :
------------
String:
account-ticket<xml>
    <AppId><![CDATA[wx7f83e93205d2fd31]]></AppId>
    <Encrypt><![CDATA[II7AoO2Hwcxo/nNQkU8Xc3nAIa+4uPhcJxXEyQjFwhdIz63olXgsctkUgsWzj0Gcx/OTmisUxoHKYCUHnGgOgrf6ouawzVquZ8ly8a/DLUuL6QrzHU3VmfICz+PYIi9UB1LOiOj4/xin9HUWCRfTJjfbuxtUdvxbnN+PdWj43zvU3i/W/+LKj+XAwNlNKDcPa8qHNGd6K7/ki0PX9hNQvXaqPqYzZT7UHk6QL3M5nRi7HxEZfD/kCHo0IL/qkx2QX7TgBSgRjYizNiHB4blEHs48iXqgUr0hyYkf3/9POJRlBXgM3XVreWP/dRMIhIlVErzylQ7mpUSybfzdrBH0gtYkMjPtueDibJqnsfcinyRwT6qWlCTbRXGFYQ6hN+FQvKQqJRIVsjiiexzeaoH3u1sd4E4VPTjEQmhRlRJIStCrFJ1ziG0uxBduYL2c0fse6x8nI3Yq6qOBxC8VpmzBpQ==]]></Encrypt>
</xml>


2018-01-06 21:29:30 debug :
------------
String:
account-ticket<xml>
    <AppId><![CDATA[wx7f83e93205d2fd31]]></AppId>
    <Encrypt><![CDATA[EmaUGC6mfOns1AkfTrWrTQCJu4EpnbZX8CPruu5yw29jWDoT/rem9M1757khCYKuiWirDJ7srR8AxrV13c4ZR2DXBcZAZO1WSbkhnlEEaJJSlAwLHTJoh0k0Wuzvmmtv5CSbYbH/su8/+wGi+PCCf+avAGjsVfngK0OHT1iTzkmY5STEM2hKRWy4e8fZFIwYCAZhZhqmcOJfeDil1haV5bKHk1sxnU1XgI6uV+MT7Ksbk6tw0iIqI3AekyBtai+gTxTRXu5hR0/8+4zcVwKQQAkiKrD2KemrDKkUezKDPCYI9oddjlYFyG9qyksnKdoCJ49w4rMTw1Opq+2TUY3vn/dfYz/LSnQxveCbN4sbEGxBC6rVUHVGgJxNSu0a8moO7F4mwm9s7CPY+QKFMOChtbRmgdnUe3KDbG9IZyPYXcljHY4OeY26esh8Hfk3mNJ/5qreN1CP6BWvQupI7+2VbQ==]]></Encrypt>
</xml>


2018-01-06 21:39:23 debug :
------------
String:
account-ticket<xml>
    <AppId><![CDATA[wx7f83e93205d2fd31]]></AppId>
    <Encrypt><![CDATA[HHycMeMzz/d5PT/Xlowbqtlcg35e90/bYwXtF2xWOaQaaMBElzk07AOYdTZyz7PbRml89lc//LO4gk4Wgl+JnParAsWAAtJ9XIhcEmhMX8wotc64GfKnNdtZVA0oyphpy86gZAq+fy7ZYf6jJtwLcttipB/wiiT2HNothEHEBfCvaiIKssv0a12/BCdzYrIxdxn4eNewzje6NLmbggPlb5Rv9CqPRVlqYGgscMBQJ0IrX4F3fTQl1OPVT3FyWQCV8EKhf7KZ0sFD5+ZOfV33D2xTcMr2bBqOdLC5D1sHSA01vRdZwg+6ZbWQM1robWkuIGHLQXzwQ+3XLwSWIdzdQR9QcBA4xIFqpcberufQ4zOJoIZJPJhmte1M4UXfFhgr5waifqxxeJBfEfkyz2lUrQk9PLOBOOZNfq4LSwmMyYEdZ2oJqK2iXDdAsMIfuHD+U+igUC7//fdcEeJ3t6tG+Q==]]></Encrypt>
</xml>


2018-01-06 21:49:20 debug :
------------
String:
account-ticket<xml>
    <AppId><![CDATA[wx7f83e93205d2fd31]]></AppId>
    <Encrypt><![CDATA[HhAJ6iot+yNB+T2WUBvb4CTJy3MHgCi21cvrHuh+Rizv+czzqSMz8rrpogzCKFvOqj8CZJf58WQEIR6P4bl8GzT43WWL6tRu6pX99zKhM/bCs6fomb2C2wLIRotFhRIsejhplPVQs+0o9olq4Hf91mzlmlEFnXqdqAjccqtyV7boGvbln8Z1Y9QQm1+fhUSnMHlG+RixaZWUDzNH75Iza4kVh1amE6ntfv+TQFscQ64VBcmkYOJXC9jtgRKhC2IrofcPGllnQSNUtFSN/Q9BvdWAobkajZS1yJjxFHVG1KMft/GMZN5Jf37yeIFoUeeWznDaoPL4jJBJNtftlz4Q4oUbCi+CxafTQ5BIOcNuKr9Hgt+L0yoA/+0dcxCkkhkyfQpsAWjuVxnAagjSGEPMRSBNnIEBu47uGOwapbInZyeU1NU1ddUAq+gULc+oY1xCtbpy8An20dYAwFiFa6M/4Q==]]></Encrypt>
</xml>


2018-01-06 21:59:26 debug :
------------
String:
account-ticket<xml>
    <AppId><![CDATA[wx7f83e93205d2fd31]]></AppId>
    <Encrypt><![CDATA[42/Y//RhaSA2ZH1+2btuG4IWfxp1U7QIb5l3boUNvnHEhDEBxriyUGXHIhtL6AbY4YEH9x0NMMuOjrCMTlcsiU1+8PWKlrdJglxVHNFI7ff1Rqove9MNHHOmN3W9yO5CmaslLxU4ooM4fSgmfgej2b/c4byudn8P+qBWpIUa0stPeJquUsZzGDwVldQHuwaD0RUbyVeI0PyO06shJSR4xsGaqtHJ6Lg6JYHjlrjoSUy734ELfS5SbbSqg9bgnjdr+FEilUGJiDEA0PLqNlUTp01OBj349HEssbX/S8e+ncOSsAZrASCOIRdzDDJNTeazabENhXbzhSTxlvHbgG+7YYepR/7inxfVVTR56++jZHQ29dZk1MTEBYr9dj546pcevE35vzYVFdcNH0taNFISdFR/AtYoBTbvG6PH79ZxAWQG382Ztd2uGWuoFuKROe+Em20O5wjzAJYEibsZUhqD3w==]]></Encrypt>
</xml>


2018-01-06 22:09:29 debug :
------------
String:
account-ticket<xml>
    <AppId><![CDATA[wx7f83e93205d2fd31]]></AppId>
    <Encrypt><![CDATA[2rWzPCSVT6/0wcSFzag0eHXerlwEgAEt8aLaFa4PdfBh0x252mTrvQlAJNPQdHIrShUZ+16f+lrMNphgbmMAnCccFjh3JcZ5VpAfmNgurb4HIX2WfhGAPuoDS8lTxF1t5c/O78By4oM0pHyt4kLpoCL/S9Lt+71bW0tb+z1kflZPxzxPr2oF7kjaUmDkqEMWErvFYb+nSU3qyBZpW3Zz/6bkc0g3li5TJEJHyhrUWwM7vfb/7BCj8JsScQp3yae/1kcefgkfO2hHcg9+vAklnP6MGC4zU6vd0ORoWKJKDqqeRc4z6opOeME+W7RO7E3DjAsMXXHUoqbZBNF9kk8DGqy3GYRXBxEMRTMojl7ZMYLnf62ztB2pQQhPIXXWiKiVFrWp8FpZ+tzPdu4wqLteaZeR0FMEKfQmeSE2Au34uLamH7pSTrrtZrDhrj0hQrKBNiqbAhIezlyDdeS5d7jBAw==]]></Encrypt>
</xml>


2018-01-06 22:19:16 debug :
------------
String:
account-ticket<xml>
    <AppId><![CDATA[wx7f83e93205d2fd31]]></AppId>
    <Encrypt><![CDATA[mWCca6XC72pszpjNLYvCGLzvRqDqq70sMf2Ia11THge5pTsDBhLU3p21PHMpWme3bbuNGsPGQERG8arT5CRCehV0ITDwGXS8mjzRPBQ6mayyKaK2dvGmkMCOi9JYZup9g2+G+18DEPR94fPZQ2IE/3woayJ2kYtuVuWnxINmAo7SIPcbrFJy5U/fljQr+9yuuRKJz2Zzp3vugEtIjjCTyLUTFpyWreXxp0uPqRCahohDukOVV21TwEq2LG4WF1BFPhoaLBeLgnGDYK10NgDK3DstHHQusPMPZq3/QdNBWypjrNSsGje99SZeh1ljD0D5EgjP3INZj6wuwE8tywIkWw7BaKprT7ZRuftkdmKT6lhsU7Dv7jqCUbyJaMS9rAt1TpLT0qO8HQSR675ebZLxj0OjyM/FOL4AM5PjmDeYtu9UAZ1Icx4z9l3VupQUtgMXUqRaltdx1BG7BaMV4z0yIg==]]></Encrypt>
</xml>


2018-01-06 22:29:13 debug :
------------
String:
account-ticket<xml>
    <AppId><![CDATA[wx7f83e93205d2fd31]]></AppId>
    <Encrypt><![CDATA[FP7uKvtFqc4bhiB9KasyuyFQU5iRDtuURD5edySczavgo3/DZFXmRvNrCEd18mJS1aBz8sI1O0ynx6t+sIcJUfbzprLBk0fkZUPLujKj6txdvnNGqwPpl6sFHWQXPf8IvpaQ4yN4olSWkEHN2tuDcZ/QC184/DfL3AUQ3wKFNh6OvlcLjgpQjINnOkkw/H7NCVt/Hu/Nw/1SmAxhconVV2h+laegdHdDytZQPA/5q6uQE7fPP62IEkcz51AhpkY+NrX7a8eX2cRLt3C/HKSQG6z0VhA/j5dnzmLHYwtwKR6NBbVnNfVcb5YAP/JsG5qRSn35R+BhdcaD3UXt4iC/nCswiM7cWPwWmYWKcCca0lBPnJuy2FpruEc+bPGJDD87Tf2SPlznSqVh4lhhedyz/iUqwmzRYR0Xvqa1IXSujJeJOkQmP6WVbxNFTPAyYpLGF8l4za6pqH+Fz5KiskjafA==]]></Encrypt>
</xml>


2018-01-06 22:39:09 debug :
------------
String:
account-ticket<xml>
    <AppId><![CDATA[wx7f83e93205d2fd31]]></AppId>
    <Encrypt><![CDATA[NdJD/Drm950TnoJdxfqyIegWr2XBS8DNa4KpoEzEWcItwMhGhBEl5XcCVVEky8jLZ+Zc7SYpvfqAvedU6Dl09Mbz+aMOxhd/YqrRfps2FjA6Knf9m8OHCJUJg2AEMRrYp0WLUaUGL5bDxzCBOqaxj83d7RjDb7pF/hookRr1nRD+pfsjSrN9hT0FiOJN2IY2LR/5uOftTv6NWveoOMztcOzoqcTkn1ZbUUj5wxYDrj82wg0NtRQrJspzKApq7IHkyo2HRn3hL4GfROadxfLV+hBrd0jh6AnFaDIK9bSkJUOV3/kg8UTnMxhPknaQFYsGj4MeO6l5yjrbfkr8jiG4ONzUiwHwTt4WdTexAxodKJKzOjymuG4S878xW+gHt/sZTTlpLA+eMbK5MbzIl9zgvtjokH4uxNDR0tFBskjU++4PQJm+Q9RwzVVAehpXYL9KK8v/nCwmEK9qfSxBT0xwzA==]]></Encrypt>
</xml>


2018-01-06 22:48:55 debug :
------------
String:
account-ticket<xml>
    <AppId><![CDATA[wx7f83e93205d2fd31]]></AppId>
    <Encrypt><![CDATA[XGy8m3gxxPA/QPGTVWIp2fhNIsU8pV4tKItGmFTppL4K9r7w8X/xgpGx+EONl/40d6OM+2ywUV4z8QLWZxp0qkGoTwRtrgRPow/iSZkZobz7M7KQGmd0UZ4pvgTc6HISJAVuWWBfN3VnIs4JST9wFi/RZpYeuTVvN3fNcnM3hxBqnqfYml7HSQ5BzE05LT30rER3FbCAI9uwtAAGc4kBz9WO+xMZXnF9Qf+c3qnJmKyfb6TM6WznCfLTx9IjHZy7gZMOOCQydIpaDrm9CZZpvANV0BDg7+WLRPMoLcuk7WXuw6uu16YikK/h9QBJZVa6AMpvGOSEks0iKCFwyFeAcoSfCO84Qv7YlE1m+i5ebetEU7BkcinltOzFf2l710XEGwYx+YgiMAfXa+tUYv2QipdikFYqVIdy0AIkTWXmHsWL/JCOz9Alq98cn9RQe61O6r1pHjiEYB/2B161rqUspQ==]]></Encrypt>
</xml>


2018-01-06 22:58:41 debug :
------------
String:
account-ticket<xml>
    <AppId><![CDATA[wx7f83e93205d2fd31]]></AppId>
    <Encrypt><![CDATA[JJPAcnGbzUM83iGt8u9NDx4vMh9RVyrIE++IxYomw789UTOR0xfEdTY3mlHMuoDhNB3sCG64pJ9nX8SY1gY9DfOXS3huxqsH2q8fnzazhZpgMQ81Hy+gW5JiF2YDvr2DgrVHJQRJBovljflZIE0vBqUoImF5LeFOtKeuMkpTaBXb8UHIaKAmqSYw+eI6OowYP5LdqfFC5WRp1EfSpsASWIACC1ogSotEnn0KM6OADq4fu/5CDcufUJbEPKJnBa0biGHVyD0MMaceT/Rg04myjDQO/XduGn/LQcC5HFKNup6yUvrmyEhXMUNsuuF+8WemmUb2CkwUru4h7UazNVDxlEwzlEGHkGj8x/YachYBfvOp/wMiy/nIyl8HJ8CCSOnR3zIM0ojv0zN+qJgJuTVMrKe8pN5pV/hKauW4YlBkYJihWK333sBiYqlJ4MgIYjMcDs2qOIJAQGGyYUYZcxKiRQ==]]></Encrypt>
</xml>


2018-01-06 23:08:57 debug :
------------
String:
account-ticket<xml>
    <AppId><![CDATA[wx7f83e93205d2fd31]]></AppId>
    <Encrypt><![CDATA[b0xEOBA4+HzyrAMRmRiyahA550OgKaYtcwahEthkoSvjNQIf1fBrVGnncVFKJO/jDt6kuALuiZ8ciasQx81izSnnwReY9q40GQse4eRXc7NhMK9t4wBauAOoleLuQvKUIN/1+WFY5CNF2eXZn/UDxv2rMH6SFKGH+YZlEVqwbmQvDCKjlZw0SBpCG0piAyCMNZNvXdlwn+52oAU1UmpeEtR+kCN6bOBBqOyehZF+Z3NqHuSKFNLoLVmc58OCndsnTB5lBxxk8lGsu7XftsrsTAdkVzmxMY1RyHOMR9qDZIn91vXfzrBDR6bYoFanslI+mVzI3UJkJuCbG8fwhMX75O+DWE6fyod+MmlT/2TF0mnrsHlKYKxq0aeGIju+gPGdYlyQWOWhRj2n4ntaPsr+AQo/cxwT01anKyjcttHcH0pmE4jn55XJYszsGwiQ3WYFMLnJsKAPqpGcyAoHf1X/qQ==]]></Encrypt>
</xml>


2018-01-06 23:18:48 debug :
------------
String:
account-ticket<xml>
    <AppId><![CDATA[wx7f83e93205d2fd31]]></AppId>
    <Encrypt><![CDATA[48NKhbDLMhpCV2kaPfHGukdFojzqe9mFB4raZrPYGYZuZNg+/cCJ7o+EgqviJc5DFMDL0bU7oAFCtGIWQaWgtOLQm4fQvbXfEHfMVOWSM2AJqGfkB1AnFnzjPjG3vddVh92aWZ1pVPi+yok+lE2bf62kbAr5jqT+/qlAhNFHE06j3MkhfBkxj7o3G724aBXrptiekcuphcUb12hXygfWG7B9xCtHOSVSCir29/JC3MKHr2Wwhl5QEadj02rtsVr8xQ2M1LT+nye9p/jIPHg/jUO2HPUcpx6bJ8AuooVVfhvaxtBCwWm3RrAS7msaFsEUa/5OqyubwPhpWZ6FUXntq8ez/QRKdCAnfwpNixiCIolXxWVc7RhViVHfkw4yy1jmMIwXqf+RYU1kMpX+N6f2VWGRPo/+JHyE2DJrI/EAwoNw6RZJXTVUqMS5tqv0ubyA5D9gTijqNO27D2vX1OAglQ==]]></Encrypt>
</xml>


2018-01-06 23:28:42 debug :
------------
String:
account-ticket<xml>
    <AppId><![CDATA[wx7f83e93205d2fd31]]></AppId>
    <Encrypt><![CDATA[R0oDdzK3jY/mECkekteQUaMuBZrjfbvS/2+FIlF8h8xyxi/NCXBMS/SNj6hm/SdWKEZSswEWozohESyjpYQBM73v7yIaqtOCTIo+kp42A/moj9ixTqgrA/SOTuu8G7jjudI2iDIwrxBe+Sx116sryecjpJrudD6cheAx0pCtSvcUdC1/XtuqYX+tJPyxLEtmf6Kgr51lJmzQ2jmJfyiAwXWVF2f7DlRlbG3SvQIBOG4x5zt7qSLEVzGE84M/z50CBvn1W4dLeHAh/0R18YXmsWX4KODuYmR988tMFbi/pIwUnmbfrKdYOPN3pI2KDHK3Z0b56sBPMiCvAnBd308HGXuslxwRGa6jhAXhHSsDb9Fea1km24b6DCpR5CA2jeejc/8R1wlh5wejYhu5gs2Jl/pvt+fECkoCpB/idHBzPdklwGgyDgetiaaodw6lCY0G3YDL1Lm5Sf4llcgdViRfog==]]></Encrypt>
</xml>


2018-01-06 23:38:57 debug :
------------
String:
account-ticket<xml>
    <AppId><![CDATA[wx7f83e93205d2fd31]]></AppId>
    <Encrypt><![CDATA[2CpwmV9FweUUqieYLgtpZoE25a5DyWZ22jGjDjg9+yGTsBw1johxNSh0Fl1YAd61Jah+H6/7JmpSGAMbbdCXl8KxJ2MaDMu8w1Xq2OPLN+nubs5fLUXcShr08s1uQAdO7gROgIGFQ/LOoFl81iLPjKj/6UT9ZkGLKZzuHkurIcEmCpNXeLT8pj5E95gM9VBIz9Ov/MIbI4giCWN4J/q+7FAtPgXo2ZmPcz7EmI/ECRa5iQAZKYj/K+m9jZUaWtsDLFbpJKxb3Cnh9yYFO6v70/xS78YzCA4rNdleSuXwri2ebtyCyP/XXWfH/9+ZUwFyQIW+phIfCzFvTh/bE+FHOxtpysQOdnUcdIF0BXtHnn8G30LiCXefzOn4cz9lNtJp9RseBIht6QWP+O7iBXPeW8lJvqxz1fohUYtvlMMIuuJUDWaTQSO2nyidXJerlB/JLT605cq9BKNEU8c/3FAvtg==]]></Encrypt>
</xml>


2018-01-06 23:48:34 debug :
------------
String:
account-ticket<xml>
    <AppId><![CDATA[wx7f83e93205d2fd31]]></AppId>
    <Encrypt><![CDATA[BgrmjZ/yl1RTyNaShe8/PMu9JxdANPkJfLj/XJfmZVw2Fcft+35ThzN3/c7fTa+CzsZQH4iKhmoUhJNZmnp6BD9LxdOY1Ap2SGNi5ml/gp0n5teRZA0bQAkQxQCMspIC/f7cFFw/Df+peebRHsNoviKsjQxw9lHJPRLsCN/OuhOTCU5Zvrct9SjMWLVDcM6VOJy0D0IitoKiNdRumD/U5kc2D8/gEU5yklEnjURYbcAJAmp7dN7FzXis+i5s1CqE7I6bBfXq4xVtLff/bWlmaeOAqv4XN5uobwgrBdch1ImjjURo0DbE670LYsQQYhhkIW6ENVxRqFOB8PDfqX9L3ANxRrxpqgCSRMBFRG5jgHeTDEy3hQ8oEeUQdgalfcW+km8oSnJbWfxX7Rxr/yzcJAn0rVYweM66gIXIHxZHlikr4tt3JUQBxm8FPOpM0/Q3qtvyjt1XCwP+Oik/WQ8fOA==]]></Encrypt>
</xml>


2018-01-06 23:58:43 debug :
------------
String:
account-ticket<xml>
    <AppId><![CDATA[wx7f83e93205d2fd31]]></AppId>
    <Encrypt><![CDATA[vtDUjCQ9Pvb9DxqKx6FSbWh6a6vdxpjuS6Zsi1l32Ruh8HQC8sOSCnnJPR9rujZLauc7dgMUkc8fnQp58vYTHVbmRb3/JThGl8/p0bknP0yjCGDd0nljqD3ZSFgzMznT6u45U3lIeSxtXswAK8SrQ5vp4RdsovfWg+Ds6zBZYopgMYtR2je2I7W94UPEWQIgTsI3V3xcEsT3EoKgyBUpqKof3WVredphpi2/0epAkkrnDUfpeurdsWWgZLiHumtjvU7w3MnHQxAxRA8jWyrzW6KbbAV58G5CizIaIXw8euFlwJe0xP/ZfRnT1KTZmTvywHG9wi2QoGDIgCg2hOuJR/Y8aQ5ZBMWxQBRFGLqP9yLdoYx+OxDBbhkv+K9y+fDvPJpC/jgiIxzuQWmCAtQD4CvQjhmMMIK9UVZTcBJof6hALtwkUybGfPwxFkny0lLWoHySNlknAVmVuAOljOtkzw==]]></Encrypt>
</xml>


