2018-01-03 00:00:05 debug :
------------
String:
account-ticket<xml>
    <AppId><![CDATA[wx7f83e93205d2fd31]]></AppId>
    <Encrypt><![CDATA[gKqMtOE7cjCh4P4nU/GkEsBDSc5On/OQyQmnoRjmb7mxgBKd5K0sW5UUiHLgSQ9ZRUZdNLojnRT8AfgOehsPqsUGgwvLTwHmakuSiP0PEbkBbXR+tZgc8hNkmWaNK7hutJyC7qNCuZlWPkYFMZWN8HZR+OTHGLOOgOzwLBReyTgUZH7rnFoSm5Af1M4ZzqLzs5bNqjMVWxUBYN+98y4yBSuzt2Hs29ThRtS6M/H7jUGMDf3gkhpPR81DRkY87REs8Rf4KAswRqNMSZZM8ioMQkMvoIyhYeBxhl4Axswd30UeHsYoDRDzkx2ncxTEWkdFqVKW3SAC9jkHy7uVJ+s8Lqd5sPv1tG2lU22qhH9iUMgxnopc/MRztU5OW+6/60xakUD/BP/fv2Hgcawl8G8/P2D/7boSnnkpCMcm9j3+WuNFyl+yqwde+tCanIOtgzc56+clTPu9fJ75ap4vZPUhAw==]]></Encrypt>
</xml>


2018-01-03 00:10:17 debug :
------------
String:
account-ticket<xml>
    <AppId><![CDATA[wx7f83e93205d2fd31]]></AppId>
    <Encrypt><![CDATA[0jvSvBSkhgOj+eMqrJFMnMAl/rdKtcjRmVRwMm76ZptEmIgeiK9HIBHjGghwYil+yR4zef/ktrsIioOXP8sL25cMH/sw2X4sHRpmqqUgIxTRghTYTzFfI+0kfIpqvyExCI/OFe8P21H9KYLuMm2bOQel6Fl4bD2vZK4DarCug1TZVtAytFqYbw/z+SU9EH2tlPlENluzgj8Z4+dnPRS7QVo2Ebw7ZJNe8SQmVmS1KNxFHWXi5mQuKnPLDa4vtfdKMvTfaeyxwt0jhlDybna5bSbjdrJxKW1OQQ+3fV4SLcrewqi5ZkwQfBwZtKMcxWC4y9RklgBJuhHXI+udq2nxPiSaMl3M+3+IrgpKmXo2MMqfwMFfnP7WcwIGDmY8WctqvABoxQfdzk8KSb4Ix5GwpOafPIsnkS74eqDFmWQJjSpveQtYJwXDSlI97zM7SqSYce3o6ParNu4XvXPXw3DrDQ==]]></Encrypt>
</xml>


2018-01-03 00:20:27 debug :
------------
String:
account-ticket<xml>
    <AppId><![CDATA[wx7f83e93205d2fd31]]></AppId>
    <Encrypt><![CDATA[NuFYCwj+Jsb0fZOxawmS/Q+EDScKX/+rEiyNh6NuGbg2KqeL1nlqxItAKU3V0xU+iKCvmVaXPmxoXBVInYveOYPFjNHNG7gW/FbwSZ39quBTzpOpYCfLs/p+PRHNLMI9fqpLH/4kJat+P5YFOUqH12a9OGns0IUKTKpTJ5bzBpLdA1zVd+EckSxqlAfDCy79nx0TETGQ4sBeKGMY/+Bt2gn2M+jybIqev7WvuKf4i3QyjztAheUQWx4B5cB+4Ihl+bJDr8SeBtn/z+eJrMR0UlObU7XI/Eenft6D2ed8CM0OQEo9otA4F8XxRDHMECajqTcIQz0HyjipqemTpJWBqPW8/Qz43BiFPWAFPmD62Q1LzlqwMhT+khJIN1jEANobHoGlohIUdecI4SYCSXPRQTJNQXLeCAFWqqGse9Jw5Qw6lKXN0Ku8ORC2yoVEYWMaBf8BuPeJfMPRZDHXRjNN/w==]]></Encrypt>
</xml>


2018-01-03 00:30:23 debug :
------------
String:
account-ticket<xml>
    <AppId><![CDATA[wx7f83e93205d2fd31]]></AppId>
    <Encrypt><![CDATA[DLA06Gf/YkVjpZ993W1im4bJn1fK4HkRRPr6VMqpcPkmydlxm85SQRwmuW5g5FhjXX8R0pqzfI5Ua6SxcKkYETSMyGd8StQhMt4MXv70qiaJvDHRiW0ohcR9I2pJe8pzzDp1WrGlEw5YvfEZBgBvLiPXMkAPyJqmu7UuwHupD07BOMwuDp2eiv/euTzCNIf5qE9GYisCvebv/TBwRXj6M2PdZ3fWbBW79tZRJNyLSo1t75ePcCw6qeiYrlwBo+wxLHiSZC/ya4e0zRkdoLenUR1K7j8MMm4a/89/8sWoAPJ0h8EVHoXHZOTpC6kyasn6yTX5Q4VwGPLwOtY2Vs4mJQdlVRZNpeykWCuE/OiZLcKiecnHFezGHn2MTK3WBXqmUU7U/smMlKendFcoc8XpXXhs+G8eY+vB9YZGZqhGDFNaM7XpuA5l8mrLIeMJSGmmOj5Qb8MBZI0gjZ5hNOgneg==]]></Encrypt>
</xml>


2018-01-03 00:41:26 debug :
------------
String:
account-ticket<xml>
    <AppId><![CDATA[wx7f83e93205d2fd31]]></AppId>
    <Encrypt><![CDATA[fKskJe3jUJAzdEkcPuOu//MexYsWGVIeOY52cSTJyU+00EkJ3aga/PNZa7R9ki1T3GcJEKsEnGqySyg5YiBTmNmumOhmCEMfw1Lbs48DcsmYDsW1y8Zxwljid1V32f6uH4LJR/mdugQ1MHH2WA6k7CrKpY+oGFz0UMF8Canb79trZwKRlJ4ezeCBCVdNpoZeQQhQzwYJ3G+1geoQh96E/KJsz3OdpMFJOo/RkD0VuoDP1iptGnN+ALho1771+O5ttZVlI8AxbWaNRPV6LHVX3qwTTKjdPEJP4z8+wpnXc5t0pD170UTRG4pqIPGYfZQoTY1ppgyLHbk3zYLH/9LjIJOCnI8E7VOa9lb4qCZZdt7Pnbv2G4ldBwlKUYQVR3acAwCA9u6RaEHcsMw57Lf2QE4v7TE1aX4ruAjKs9fgJUD2McLXwriOLPmjFI8CeNZW3Bei0P66/otfZoHiiTLVWQ==]]></Encrypt>
</xml>


2018-01-03 00:48:46 debug :
------------
String:
account-ticket<xml>
    <AppId><![CDATA[wx7f83e93205d2fd31]]></AppId>
    <Encrypt><![CDATA[713JIDlo2fCiZ+0SfJQhJmh9F0CkZqX0x/KSok7/AsbMEBPz+x02IdPdSB+8uiWE71sW9J/gIls4q348Awz4t+NkvX6+t8n9y+5U+rxeJr8xRKpnFWUJGpYM7HF/Pj2xWhAAHz8e2DMdXeWSYmjYMgszPCxvVyFZqkwc7nzGsJkS3nqi/Dko3SAbGAv+rEmFURjrCeJM4xNPKqYqGchnCbDipd1fbdT8Li5frx5diIYdwvq70Al923VuTOuja2jUkmaur0zXgnd2TpYUFjQ+Ga3aBh+LBxLb+ohOYh0zPNnnE7lZfSWJVnJYGGyyLq91LA0TXqyAgmdDtd44AzHfVVkFB7nrDIm67Hu3QAI3d5Fv/PEJ5yT0itOPTL4x3rFp/PcoJb2XbpIibU4aUyZSgy5cy3pC7BZ59jCWHoSIi7ej/UQN2UTEBIQBduXcn7xWNFC3OJyxwOmoKNn4UyotcQ==]]></Encrypt>
</xml>


2018-01-03 00:58:35 debug :
------------
String:
account-ticket<xml>
    <AppId><![CDATA[wx7f83e93205d2fd31]]></AppId>
    <Encrypt><![CDATA[oTTDS7Z5sDwZ1xAzeWyQxiqZhlD+UjJpdIa2Xm7FFAiMjiC2Qr4VuXCthUEbXPSjrIwGV/Qdl8biOAh6IE1ASzKsJt42+vLHoBIiAKWpJk0ax5nWN8OuNAoDJPyi9GWcDfwCibHk75kHuxwiKZ4P3g1PvlQlmPOg9wUkLgNSmyRujCgzzlu1qwk1WkwNKIX4yJHFdxKrZlfCh3vRUSwaGSNHpkyOG+5evfr63+FQcJCVhqJDpoZQ850n9C8Mic7JfbqDQNDbhFsi9jhAymQ5V9uumiddpF+izwMF7AMMZYOTQOsd2gkDXOOF3T24H/xKjiorjQevENUX417FINJo6aLEchgSYNA+mJzzijxtTxwWBSFqc5BqGZvsQZLrJ2+hexXwlNsEo9y3Ltgf73VglA05PBy6DyXUFCVVjfAxPRg2fioa5H8N6FGuFgSTeFOMOcR8d/Sw+jqXQl1y5Jiqmw==]]></Encrypt>
</xml>


2018-01-03 01:08:43 debug :
------------
String:
account-ticket<xml>
    <AppId><![CDATA[wx7f83e93205d2fd31]]></AppId>
    <Encrypt><![CDATA[hxP5ddnbx2aEOp2PxS4hdxbzf3yGtlkw+aTA3MFG4TQavmbWoUUqGqVaC4Whjcg3O4/5LJMlrbFNpW1I1Pvuv7qSLxfo/8k1Psx1OApCqix/smhJdSPsqRcSleyiorNWxVPLiytBSD7oczYQQW0+SfYKL5qrqBOVu9SgY1qwb2tTuhK/pd0NZQMvcVQ8uau8mXAcFw1KG1lAilO9ctBVGqka2lLq0YeR2IzN6TTkUHELQM0X7Zgkq04GrMMDYaYC0C9U4QahdavRYIBgkEeN2BT1OLV2j5Nfe8o1x+oL5JzcQP1h6UhaL5yXpURm05nw2q3Kqf/5p1VD16ngmF2IyKw5vDWgzX0TY846A3cCfjw40JTXuNs4FbmpOp3mWaKl5Ull211LM7bugSLzqk6pig1s9OL5iAevposNHvK4O6V8iCjLErA/Cy+l/h/BYpF5t7V5gGneExDeCUHNMp8qNg==]]></Encrypt>
</xml>


2018-01-03 01:18:24 debug :
------------
String:
account-ticket<xml>
    <AppId><![CDATA[wx7f83e93205d2fd31]]></AppId>
    <Encrypt><![CDATA[jJvZEOtXyXMvcpXOKudUi+Wo+xoN32Ikghce6Gc6mmZ4SqJN9pWCXGuKfP7tDKYdQnJTPdStnlob5TI937iFi3mZan8dH5M+iVBslC4Tks2rNH7Hcfvtd6RYViKUCC4ToXP84JHmz/682p8p88wjrhpDa7AyqDvJNZ47FzgSgbWeDNmG4N/16blPFBjPq8V0USPQueIaZVGk2U9P6Tqie6YezqcXQtq87hjsUOstSJJIT4NsCON6nFmbhHH0f3ftMgshT0jeiMZ5jLeHi6gikxp+X24SvcLhqBpHIS4vuz6r8dOfu7mgm5Te5x0RO+uQ+vJagIbXY0jYQLuj6yNhTmVXT8Y/kykCOKbqBhq4GjZExcS2tZDabHRcfRqzJZtcnkgnHO/RfxRjy0MR/5HjRqvbXWdENhRt1CiqTA0h5F9rr+eIqZP3NJNLJ4QqCPVBLiQeer9H5XhUsuDet7HEog==]]></Encrypt>
</xml>


2018-01-03 01:30:17 debug :
------------
String:
account-ticket<xml>
    <AppId><![CDATA[wx7f83e93205d2fd31]]></AppId>
    <Encrypt><![CDATA[Ucd+QEjLKZ7uiBFpEQiu8JA57cnJbVcY9Q7UnZOA0sDFU/68VlkHekArnwbb5+7t09xYQNfcuMYIhh9NKPB1p0NOKGulfR21qm/EGYnD7krn/mu714lUegxe6D0c+ATJootKxwaidnfDdo6lOP/GPQVRx9sTJex/kyUp9aDi+mlZNox7VZKG3tJVtkCiYjeaL8rLi4qLiPa+HRylLU8dlUKtDvj+FiglEiwtbonmobGOhi08Mgk9E+mJSjhTIabk/pF7rpu+JZuUz6j5sPb79JTwBHaOsjeXRx2Ju2Hgev+QCS25Ek7c3DoP3Yih8VmcIJcGzSILpSEt8OlTx/yEFxzJvdnX7f4H9uNch38Z9QjbEqwR0dJmgvDvOaH8FbEICwpFWYtacsWXR7m2CJRMnRkrUVlb1QtbLr0uCrFPsiN4jSTfi225XXms0v5w9M6OmZmboxht82a376VR3YpeOw==]]></Encrypt>
</xml>


2018-01-03 01:38:26 debug :
------------
String:
account-ticket<xml>
    <AppId><![CDATA[wx7f83e93205d2fd31]]></AppId>
    <Encrypt><![CDATA[RlgKKrBXDyJzXrPGZFOw8sROzf6Xxxnhx+jCYV3+pZfhan7yB7czNsS0YL5HZ0Gzo6HFJ+yXkWBYg2cmXQlX8FKLzPsvbj41bMqpcueUdfR5EVfYs0Y0zzcsnIPpZFyY40/DKxmntGyKtvm+poaMb+GIjiOXj4eA0Rox+coyESfivIZ2jPW44WtOwtYHc3ZJQUTm3T+OxZh2DvIAQ2oJPCTdheDTge76lB59Fro6mjhLmYJynA09Zw3zgXoQnYLtuaikt4fRHwelgM/qre3ZVw+bOl/Qkb+y2He70uYmuVG+AT2hiOM2t1fYiE7+UcRu49bUc6sB8Jjj5CvexB2ZNd/VT9Y7Mooat66CIBCtWXHFxza9MxecFbwmfxjBhGFpBrHHdGMFMRIPYbvbIO+ESTsrfUNjGwDQOjfLV2H3XFiPDh/pa2UiBnEXt1jHQQxVcSalShdeK6Rf8hRI9HAcyA==]]></Encrypt>
</xml>


2018-01-03 01:50:45 debug :
------------
String:
account-ticket<xml>
    <AppId><![CDATA[wx7f83e93205d2fd31]]></AppId>
    <Encrypt><![CDATA[D8PxUymhzzz+e9d4biy6Lb0CVp5OClCVCllTT77Pnk1p7vrDMTEbd4KQdOiqH53YwrdIGISrxet6j7hJONBEv9uWdHH2kanGNiirs0a8jJu5BQa4TOLceXs+40wW6fpYAMnE6jXSZ6ypw4MSof4K7DwY3RaYqd8GonDyOv3IyfJEo5jvmtPuIv0L+5u4Emul5p9CdjyRllLJ3qOj6SkrKtXT1p7byoyyg3quwT9hVrpOlaAFQv9Mdk1TSBd/bUZsoMHywc3kerHqzNj6ZydY311z++nffCVLUrgUCP06lvyTpQaxyHmx5rRnW5Bg2X9a7bce3w+jZm60DBWSVw4GcTAI1ViSfywWxzepyYYXGNCewdcAY7uWy4eq16GUHLVaDiCUWZaXOBN6pgb/t432WE/lmWxjOUvULvlhdvMrhbBvp6aWibBw/opU4NDn9LTkYF6e/GzhqKaGmmPiqW96Gw==]]></Encrypt>
</xml>


2018-01-03 01:58:25 debug :
------------
String:
account-ticket<xml>
    <AppId><![CDATA[wx7f83e93205d2fd31]]></AppId>
    <Encrypt><![CDATA[I9PHqFyb9ZPz6SfcNAkvxjLSCUx9FEFsjFfeEN2uECAPPRbgD9zhKnJs6ZqEI+GcTHZTFIh4zkJhr5Y7UHen+bj+ZOTvN0oWlhQbwf1rAY3LSGhJI0zig5fUtTiu8o1frBMG4O7DN5d76Nnc49NxXPRKpU/yAI/uO3c/uQrNkZMMYNoKQ55cuZzbDqjjWeU/e5h3+SX6FtW3lTAue6F6xNUJfvjwivtucZ3WnogsUrMZEqeu+t8vInRD2XYvd5UqzlD5z8iXXdAmts6l9ruH2b2bJgxnR8lRx6T6hpcAv3PD6k8waTZDPSHGYUyCyi/9Rv4uAf3uudDGEdCacjI1r7faB6jCHE6YRVgxnbqqDIRG90Sr/2gePgpeuHYMdehlKZOdSDq46um2AJfvgQwK9p8JGuSKUd5dB7H9Bnnp2FZlBg3wELOQxom+VHx2uohpN2DzL2bsUl2nS4kAlPtTYg==]]></Encrypt>
</xml>


2018-01-03 02:11:08 debug :
------------
String:
account-ticket<xml>
    <AppId><![CDATA[wx7f83e93205d2fd31]]></AppId>
    <Encrypt><![CDATA[Gm83B1oLVTzGI0qJEYxIdj9G23B4j9M380Wy4uLbzj81f3Q1szy7RSgc6XM3spUHYIO7dCJthPZkqFZLiwy0G2PuvSWoEJZyXUAganOu3ooLvIP4yyhzVHWFOoIqn0NX9BT8QY/lGdUOu4KtXKbVSXar/qkkomsNUXNIOVY56MhMK5VLbwoNrHgCWKftvp3zeveH3TQ5hgzUUDOa96BnIvmokocbdFYn7ZXfMRupdLxRLKS3gS7XXNjBCKnAnf+epjiH7pZ+m1BmbNja5eb1Unn0nNV7x1Wjf8iEG2guShCr36rRJsWNDDquNwVSiru9fVrNQamS/Kmc3ANSnSSa2HwEoqtMkxWRD8ZL95bkXqtJBgkBGq04X6cOCo11YQSsgOv9NdMXlMmewzqZT0tQUko+prCiEBou7Fip+GemvxXKsga62iIIKbsSnNpc2F8nlYHxTTCKmpPtE6PB6fObmg==]]></Encrypt>
</xml>


2018-01-03 02:20:11 debug :
------------
String:
account-ticket<xml>
    <AppId><![CDATA[wx7f83e93205d2fd31]]></AppId>
    <Encrypt><![CDATA[8nOI2NQU5rdtF5zIcSm+NPeWhlCIlD8/UvS1+DRSRbVstKLKHo5g7jRjpD+4NWTtH0cG38zu2855KEkxD0pUU35fMsHJICMI0r1oZxR7cWz7jdXkVcm+lq5Y43leTwBHXhX2yuZIuv9dlpPsHSAnRhPLTzEPo1QCmrnesdOXx9KSejCQlJSoODpOgbcUZwx2ZFooQ/8HsqTf6ADYCXpA5Bc26XVFq0wBt/5X+/94Cqj6XUibhUlM07JxhuC/lcmKutADioxF8l70y8HJoMMhlKtDMJDtBAuadNW9nP/qi0n6eDlp+LGnl+7xHkBAMvkiPiqZ5U0NmzKEHDeXm6XI4B7Iz3oJQ1HlpjQJg33LV6jP7ffRQGqwO43X4WqV/RZfs0XE7hksz1o32zVcyJBl2m6UQXAzls9V/hj+qrZstHHfaFq5FNjeExaUF6ef4Y84CRzdkCH3VbeFET1Usmq/RQ==]]></Encrypt>
</xml>


2018-01-03 02:30:15 debug :
------------
String:
account-ticket<xml>
    <AppId><![CDATA[wx7f83e93205d2fd31]]></AppId>
    <Encrypt><![CDATA[K+bfCPLuDuB/hKsY4/S3R7OdIDLAwEot/0L8vRLcNCWEondQlyPjNKxkzHuGuv/30L9PE8jpZFpeUstcVR1jnihtcwhutOI2qWuC7JbOw56JmORbAwsFruvwpsIXcsifyCAKyXDlqfHLem98KlA6M9j6Bh1JMgk2FvXLjrWzbwtnf3BMKcuQVjMCMyw5CIBISIhXoDyKluAz53BDlXShdirLMcYrmnr2tfRdTyq7lq7mrrAPNc18QmJ0/xZmmmj4NEeNvo52DyYo9XAm248lNPDyYPWN66TsOmrCBfdsenYtNl5WwyBQoMH1DhGf0U28cdDg7yXnWEPVUJen6VVWJhW3rWsw13ZPJ93pnxJ72Bca6XdFFcEhvdhT/QIjTw0Okfv/uMEKJtZThndmP3GPN4mqpTW29/7PkmJjxDaa9cZfAQ1WY/27RWZgX9DDBsCM2mmhW9MQAsklKAZUHZhSLQ==]]></Encrypt>
</xml>


2018-01-03 02:40:16 debug :
------------
String:
account-ticket<xml>
    <AppId><![CDATA[wx7f83e93205d2fd31]]></AppId>
    <Encrypt><![CDATA[0INT0FY0ymiBHfSBXcAa8g9mXH0H1gguvtEH8FotzQ8a3WsiyUY5UyJgxS0nFfavcS6s3KGfacqtYuOcHm7rTEU2otD1d2pMWxC0nbJJ1E1YdFhPjPo5PqU0YcsGW6sBK/9GibzI5S4ZPMfWEzmUj34zE1gqRnmdkg3ulEW6kJE3NNFDRXCxSNgdgQIwtL1l7c+OkX8r0qbNzAt6X410S+AL7sfS7JFzg/Hlg4ppSKpmYhRlNW6wtEYIaq44Mo07/Nhut7rV93IyoqGkJw6dhebpJNW9mxbZD2VNsGPOcgs+vWVk0Aw17OctJTz1apdvZkOFg/lZYwJ2OdQQZfRR1CNyWgGldx9Kf9ilqcR/OTE7y9T9X9Rb34duf6El8+LwFQhSXSQhoMYRbCQTT6xskuL83orv8tp+/vARy/0JnyAdxE+NCET+fY85HWRbPepsFw1z9M7WlR6vQ6TF4aWqBg==]]></Encrypt>
</xml>


2018-01-03 02:50:11 debug :
------------
String:
account-ticket<xml>
    <AppId><![CDATA[wx7f83e93205d2fd31]]></AppId>
    <Encrypt><![CDATA[snlCRL+vfza0CnplV/f4NxNux8XukhMBmP2km/8im1K/13cTeobfC97RdQvcdhx1DC+Q5XygO30HPzHfjWzS7SHr+qzaDo1p4p3/aJTHkiR+vYR7nXHIv+S4k5zk314JXGRRR5KUYvCoa0E4clYoqCtRhxRaRd8dxHZAz7P2E3kX510/d/L7WWv3FjL+pzvjylDi+15AIbd4Ny5TKZV4iR+QlxzrLmUzfAb7j2hSiylaHFWQ4aqWILVBNKJrVHrJdS6KGf5ni/tOkmplCH0LK1EX6LR0yg4dj76gweVN4JC5ymKBueIsBj2SH8w8KEvFgSLMIZhuDpIGIbH7ztUh2gpfeZHNy+1+5ZBSJ0fMV8d8wSoFG+JZEbaM30pMVsrQSdI2k6h4T8ANMQNSM0MYiTEkksCbhPBBYx9MouIjlMEyCxxoFzhx+drOvhrMAyDtnK2Ws3Ez3s/DrLb+LimbBA==]]></Encrypt>
</xml>


2018-01-03 03:00:22 debug :
------------
String:
account-ticket<xml>
    <AppId><![CDATA[wx7f83e93205d2fd31]]></AppId>
    <Encrypt><![CDATA[aJghrOY0+ZV7OQF4qygaSV2twHmr9uU82BXne4bEmhBNBBPmq0FvOoPnohdvdlq8YyB/l42T7KaJ4ATebF6mQAHPEuU5+MlBaXR04K2xINKVk+584CngoE4GAMG848lJd+lBEchfmHdHcxBmkNXms4SwrDathJrCiqFx36+3OQQ/iaIbz+xVKZVWs1bElrgKHu8DC0ANEPVEz9nM/TuX6o6ngxzB7plV11l/vi9E8i+mbF7dXtFfeJTMtfzC9RLopVsMY5gOAkZQ6lGci5KvPJeqFiby7mMK8eeD+7fkxyDthKW900b5+fMHklGAYyT1jxqloL8zD0h3n5zVbRppLVBZqSNz1Vz6MRW1aBlPk/a+PYWPemx4lkJnvYQvqtzZX07+DIUn2sNArZZIP8pCicGTwY6saxMBFS097hdaCf4ot09XhjpCuUQCrHBLOvfDK16MRugPPWEqmOA5+SWE6g==]]></Encrypt>
</xml>


2018-01-03 03:08:44 debug :
------------
String:
account-ticket<xml>
    <AppId><![CDATA[wx7f83e93205d2fd31]]></AppId>
    <Encrypt><![CDATA[9AkeQ4sWiWBej3T28mHhowgHn0pkG/He3X2bu/4oY9mmOn/WLj+qL5BTdv2QRMSQ2KyS/Y06Ayy/vDfLUkwlkBS2egb2G5nLNBxScSlzCdI3VDCq3+NOiRA3zgrOYZ0Ydq0HyMr986XjNvGHTGoP1cXgjPvTopyjl7c+8bXzQBS5+d5GocjkVERLJWwRiENTBEcJHqAwJYe4kFvihZief4A7TqiVE0TDwgH74vzQ94aKV5Gw6e3JnakOmOekpX/8MdJj2qxASnJMDzK+R8IY2vbnY6SymGaiTGbfkamct4ovSgqJufMhBdrf2E3tgakZd/9QOegvpAfUsAeJSuGjfb1AkTJWaymc3RjjSFWlA4O7NvNs628zXAg9HtdtO9lLfRzU52qwUqxZvr2uqy5Mzkte/6XBh1emBbD330cDCZjNXlf4gzrZZY4NqN69kPVIUjzopWF0k9wB7UjzIiGxcA==]]></Encrypt>
</xml>


2018-01-03 03:20:15 debug :
------------
String:
account-ticket<xml>
    <AppId><![CDATA[wx7f83e93205d2fd31]]></AppId>
    <Encrypt><![CDATA[i17NS/JZGR5UcgrpuVp66lQA8PX7VHFrkXAiHo9F3g21rND7N/NSdul/FkUDe34jMjETjjVXrGNODTYFxBsvTZzDkE5DAMe4k0kk0Jua+ICCncmJiFlBlb2B3G1TfvoeLci0+BKl3oGTYCGpLLQsZZD02SYda0+flzR4yXz6cqlwiI+EaeQsQQjwFUUHgwGGhrPrruXCjf9Fx+LDPSkYz32PwBoBhaagG42o4/u/Z6WTd/If4+paxlf9vGbbs3xNozC8nC0O1bhtwj+OKhajM6yXcen4SsdMo8pJVxMe9rtgGWOiDfnqbHgflRjbyLzh/yjvAyPkDMNc+M+xp+q/DeiNOZaJkwyD72sYX5R6jB8XQa1AbCIgKmkT1EaG/X2d+VpJOjxluHQmYVbTFIap6UA3WJ9kqh0nny/dFkPXGQL4PJkJrXWZSqEQdaS0l5nMyM+QyDWHnp430pfzquiVeA==]]></Encrypt>
</xml>


2018-01-03 03:30:15 debug :
------------
String:
account-ticket<xml>
    <AppId><![CDATA[wx7f83e93205d2fd31]]></AppId>
    <Encrypt><![CDATA[mCX/2wVF2PEXxEJz1gsQs+9fPnY+KN0gV3vI8C9lgQFZXsbiXBjIgV9W5gtmgqYuGYAONSf19Mig8EJntrENDLcxA+pHxJXOi29LIhh3I7u88quSlEJ3pWJP9yVeYuUvhCg1ywGkJQbJRBCk5N8p87i7nIF4MjsVqBbM3DpAKrHVg406CC69A/X95YfyMKTssCPNLpiBKoEX1v34SwA72X1EVI64cmdXPjHPvlrNwUs/EugYVCc3/zP43GIyV/fuUtBbzPEL734DdtSYy7hGjkc+5NGGsZLF1qUiOH5A84oyok9q4TQcXoY4vxpkQue2Y85Zu6hD24PY0vcqVXb+bDSwsJo389CsoRyZhpKSibYj8Ak9nczPsu2gErpvVafWuusik2nTCyd9C0/AFBjoS0NzDo/VfLdGy4mxbMqDpP/vOlEbwHzO6grVDBIEGDVUr0ZbXo4zLj2/fInvnsPMAw==]]></Encrypt>
</xml>


2018-01-03 03:40:12 debug :
------------
String:
account-ticket<xml>
    <AppId><![CDATA[wx7f83e93205d2fd31]]></AppId>
    <Encrypt><![CDATA[9FKQTjsw4Rncwd1yGq6ccl+CcOCkiiAdOVubFDa3TSK2uRBwfJZdTtEWDioBEXa2AojpuGCNVYy9s157Xd9UENHpaLkhUy0Bp5MVaviRt9B/axiOft4cSskVyIDSz9r5g9cLE3DKX+0ixAmglJMhoRW2zS+d3OkqrNFhXUKMFi9+nuCSpG47FhYTd6HCwFj4YrNiP335B9UAkDMicCrGQuj+kh4LKgqFAiQ/j26HQuvn1BJ1k2pcQZycL+IYf+dxOw7pz4X7iN0qC8tuq4025N0jbSZsGVYsCfpQjHovuPrKCdNjlbPN7JROnXTIZ4OCbYXcRiccbACGUrz2qgwqsYpRvpy5LGmtMNmws52qI/WXjaSKFwVGaGQ5O4e8yamU1aARMmgPrwCzvai9BQQ6OUu/RyRQR5+7LgNg8BCbcVs5GJVvLmTFJD23PSm66okzrdRYRu70yQnMucT/ryxwcw==]]></Encrypt>
</xml>


2018-01-03 03:50:10 debug :
------------
String:
account-ticket<xml>
    <AppId><![CDATA[wx7f83e93205d2fd31]]></AppId>
    <Encrypt><![CDATA[m+5o81z56xD6XKvKyUIMWUZnjh4FI/eHjSSlRmHkzdr8u3+xk9nV0ga3hyX11QPA/5KsU94/MsYRFwRItll89kL+zSI0KqIvPfdzrS5f+1PSTMgd2Qd92mpN3EID+G2kQhcq/jEkT2NgTwx032PXeSovq6XAoqTAQ5LVe+T9GZfJ6QhSB9bE/J4Lfz47zxR/LFoN4VyGLTHsqtPFuhTby4vOGCjpph6LgrxgtJujoCiZQKhM6VkaciwO6k6+Y1ccly0wm1jJBRy7J0plUl3HvyOOaQtX/oZzuabTiCs8SZQAX/p3w8Wjoiv2bTQP8j6g1sMAKvQ5n9TIr7UoateOwMh7JidbGu7iBbpUJFtvBFXjF+lK+fACFk20fn0FM1dmu3hJhVX9q6U9DAvpKmaXxlQAagBhJElQx7x1FTAAVavJhYNSz7Q6UDwMB48Fh7K0rZNUl8SJD4/sCgm/gDhkgQ==]]></Encrypt>
</xml>


2018-01-03 04:00:04 debug :
------------
String:
account-ticket<xml>
    <AppId><![CDATA[wx7f83e93205d2fd31]]></AppId>
    <Encrypt><![CDATA[udXoQch2icltMmg8ZyL9XelHxcSQdjuJZmUNPRHfuUoiYG0c8EnmzGpb/h3OZ0g7kGxIWFnw3agugy+Vb/zIXUyRdAMiMbT1Cgsg/uNeOdbGEW68UpNqfu+LouacKLi/oT4y68CD0NcXM5kDUE5+p2R5BeKUJXu9ANbfqJDkRX7L60QW143QfMVlAacSXRgUZAqkCXzX8SEyjADa2erib+IJuxowK3YU5De2g5jCfEkPTgB2T74tisR5RVzsN+q1ZdKGoWuHI/gfL6s4IhFSa+4YBJC9b2FdnLBtMqprV9hKE98JcqimcVBn8xYGK5Miw4PBxUPk9beZNVsQqhdYvck9QRAk/WoDEfxGr5NAwiR9lYvkwnZILrouvtgeSNBm400ZC4U/2+VXBPwy7ZBxPGUTJW2hkMWo7ac0hi4K0ewNTZFPs82v9gEo/8Ii3qh1kU0Oh1QIqKb5rDLZbXmaVw==]]></Encrypt>
</xml>


2018-01-03 04:10:27 debug :
------------
String:
account-ticket<xml>
    <AppId><![CDATA[wx7f83e93205d2fd31]]></AppId>
    <Encrypt><![CDATA[lC+0cu+WKWfYKWAkT5eIo9kf4q3uTmGImin7K3GiMWXhitwV+AaYLBJNrIC4hFQLSw8CRv9gZRkvTe2VLcYgjnmfOEOz1ni7QdMMnGX1Flh/SKki/iIUOeSYOVCWDsehyiRHLubZshRSqsUJLNce818irkYPn9jzvT3OK5qU3VaXenCyvbGbOFyuxEwaBoilIdTWP2sepLgnV3B2VY1iShDxd3tVLPzXOgGRLioOZ2fc7eWDSdrehg03ijKBDwYqc/myGxjJ27So6IT8qKSJ7Bhz3wEM37bBlFOC8BfGdwuaPUBXDW9K8EHtjfbUgvWf3Gb9WAeeTUZUjOdEkFJdIZpUEKtkaZPyNmYNeuBUIRUf6EheH8a6OkX4YdjLk7bHsL2tZVif9JoefcyCbjDg0ipMtiVE5gex8gIhdHClMj+Iv6sWoPfg9M97BHAGyJPYZ5gszzrfvNcw8FFMRVZWJg==]]></Encrypt>
</xml>


2018-01-03 04:20:07 debug :
------------
String:
account-ticket<xml>
    <AppId><![CDATA[wx7f83e93205d2fd31]]></AppId>
    <Encrypt><![CDATA[fZW/y3Gaoj4qLJV0e0qlti25hXVwSv+d6XWytjCJipDISJcRLAMPyY3vIVQG3Wwmoy9Cp7qL9QVWayNYwkzFYlr0dnx1VKK+d40LEXJ+aA+hPMA2j+8CusyH3KrSxMGcQlsQwurO6mcJrSoiis79FLj0dMEfBQMc/6TV1gK+1iS8oHxiv78yRjF+1j1J+TBuLTo6/A8FyWivSkgEpU1qh1Jm3K42amIeGJ9LOn1nQRdi39zsf7ie9uWOWU4BB0JzFoB9xCnPm6mErKSc0qQI6Iicsa730uS8mx3GJ/UyoXnnpJZ1/CW6GyI6b6hIM9SHStVuctaFXo/W8nM1eO3gmiDk2UGjoni0bm/i2XNXYTrMEqFdxQrI/fca11CTV+OyLApeFUh8Jr9EDrhwHzavEvxGIKDxDSMckI3e8rV2yP7qxidMPyhh4ByHUhuKxwAQjzcC7B2YChljSXJmZueArw==]]></Encrypt>
</xml>


2018-01-03 04:30:10 debug :
------------
String:
account-ticket<xml>
    <AppId><![CDATA[wx7f83e93205d2fd31]]></AppId>
    <Encrypt><![CDATA[vrZiD6gRnY/BMy7SqCspVOM5T81JiKak/NR+u4RrHYTWx8l2jNY3pUzu51SYrp7la2Io6NUHrehRnq2h49Cl8eJ+pewCNfTtS4Zi/jhgF1VgaWQm6ZJQULLGXcGIEK1pSwNbKEAWiL6uLvkP3WL9XfmVJFEGgpeNKuvrNRQe6KBdUhgqzgHAtlhgNgjyH+PLsYvmyvQAV1ttaSrID2wOlpYzwRkAOSagoK/ZJK3BsEVbAt3G70YFuIBjh8Scu8mxKuWBiHqZalBjvxvng+y3cCddZs38JV1ExI+01Gs3AzoW61WFukZpzejaUtLxb0aRYBHTwBpHEyl9ywl5Fz6WNYqNmLbDgBomNyG8nnRQ/3x6ztmUP6YNZV6g/r/+TB/3Pz9EGl3bBIZqXJjgbxr7cHWXP1K8+g9BU9RZbRj7bjY6cDYnF+++tBHHpz1oBPFElzpcDf0m/DNliAQDjgdcGA==]]></Encrypt>
</xml>


2018-01-03 04:40:15 debug :
------------
String:
account-ticket<xml>
    <AppId><![CDATA[wx7f83e93205d2fd31]]></AppId>
    <Encrypt><![CDATA[rsjalOgvBvCAL5c2zBwUpR3PqoUkby3MqkntbhkGVW3B+Gp7O56TyxVPlb0eSSemR5CZH6T2VDsmHJ+ZWDhUR2Tmd+Z0I41KHpfDXHwNF3+Erb9FwkU97VqUsnOms0DrnM4QlR0MPJrzjk5oYMEBcBm2RgPsUU/B0L7D4ZeQ3+EdScS4CYjzpVfuMTXCWUtDYqjH37D67LWhFIyWY04pxehJX+rr15jDugHpZvhXTj+0B3xjHM8J/n5E7PJbDMyssTPS7t6JmGWZQtrGi3kTY+4ssB0JdH526757ha8BuZKAUvzBXN6KEvJojyTRE4xw/1e3BJU9nyL5xZxlS9mlKO8WfuqG5XydicUBSPklRQJL610uynULqDa8mI1iIvFs2XwymJbeD83zTXOBrcJiWJplpStt87tbxTXt52IkXYQlvtDSahedjg6G9ZjEPIvzROiVFMPknUHSyzGio1eNMQ==]]></Encrypt>
</xml>


2018-01-03 04:50:15 debug :
------------
String:
account-ticket<xml>
    <AppId><![CDATA[wx7f83e93205d2fd31]]></AppId>
    <Encrypt><![CDATA[zSVwYX+pa7B7a5I3P08kSdUpAiCKfh/9hSb+82z2CIWpNyR5etCMKCzOI1IMQTv+SQ9O3oV1XM5g+Jg2z+0SZkZ7aS8amfMXUQMh7DAFZEnuVLQ3CRUy9XkkTNsBlp23af9USs8tvzY0rN7rdo7BAWR8g2lCPmbvNvpE4UEm9HVkafhF6PW4q52TsAQktQZxeArmQ4zeHtK8xi7PA2jAbMPme9SFCWOjVfmA9MfTwctnWr+ES0Wnqn4kPBVseyxYsG4lSnhQW4D9IYDokvC/g7/vzu0s4Veh39mu8XuSFCa8J7O0Ia+JXEgMsUkz8EewygnmxU2n4OgY1QbKl/5tJksS74Ys9aUOBcp87m4vLh25WM/MJIo/9EdGwR1L7u8t2cits4SuWcpY9dkkruwqJ5T4CC/U0+6UlqqaxlrrDAkPDzD5KB/RqqNZQIQ/w+GEuSJtUohDfIit0mT0mktFpQ==]]></Encrypt>
</xml>


2018-01-03 05:00:16 debug :
------------
String:
account-ticket<xml>
    <AppId><![CDATA[wx7f83e93205d2fd31]]></AppId>
    <Encrypt><![CDATA[EjZgIzLaYeCckEwaNmlTqjxT8vRS1BnZClg8/qsqGskzk/Oq+Lc5wRdnGPbXL81/Aixq5whHZAVCWBLiRK6S4iPYlnMPIMisalCEdgbgFDXb0FIrGNzj67HeP/uAMacvgO76W+0fgx/QoM3l9KkgSmelGDHnNlodze1IPfSxPZF4JNxd5KrBiOsE+CMEA/AX0uvPqwVCnh+WZMCBjarKRBFl197IIuYuTqlvH0XbhrAM4X88b6v8fzFEmzhUMYJJu5q9jrrUzsrRH4tGjmJ91ONi6CPJm6eyB7WMn7kVQ9kRijLRdHisMFCdwM12v1vDa8D/KX6deFa9nWXchuKwOPQuZYXwSHS+2ueBUn2GiF8IyZs65EM0Rzkn3PZ+tYZGSMDdgiiB5IKSPs2FuR0qgiis5A9Zd5XGRFtwbEQBpcLJQegp83DNNlAEWVDwlejLHSKA+Emk5JlZ83F2RzovZQ==]]></Encrypt>
</xml>


2018-01-03 05:10:21 debug :
------------
String:
account-ticket<xml>
    <AppId><![CDATA[wx7f83e93205d2fd31]]></AppId>
    <Encrypt><![CDATA[X1LTffQsrS0beDJJuXDG3ZkXJBmpdmVT2PJH1qN0Rxkgs2+tUPrL/l4wo7zAMixEgi7I7WvMnIUGtyVTmPUQLyvi2wYJzEJqbCqnb0EL7tL3eOTzWJRFbmKoSikmwSMOPH7ymZU2HqRRDVzN65hI1jSrc0NJtiT+ErDXkjmxZCamlEzCxRoFcocz34nsx5v9MjNn7mHWHMST+lVyXlnhBCig4WPbDR67V38WVSwZgVkLHf0f65qpHQdsXymequrUH3gkZ4yfmYhta2MiPsrAkiawv+5nP/FAryHTGmhALXKJ8eVDFsvB0ZhfS44L51QDd/nOLHnCDPxYe5S5QbS6dXCis3O9UKW+0EUfz99Js2eJifbrbm3fVv5fah+kPDB85jWvvhAvcKSEPXE7BwhvU7AUEjEBSKbUIwgRyLvoULrAFxntnDpvkNdWh8Otm6LN2UXVWcwZMPQTMyTL06Ogdg==]]></Encrypt>
</xml>


2018-01-03 05:20:03 debug :
------------
String:
account-ticket<xml>
    <AppId><![CDATA[wx7f83e93205d2fd31]]></AppId>
    <Encrypt><![CDATA[tAKShcERmmNiBPmmotGmaUmaxEawKIPDI3dLeMltPSf/o5Ycfw4P+/lByv3b3p0oiblj1z780couv7XHzvi499OTvFul2N7D+nn/LmYkgyB6RoklB3pFA9WMPz5JjpzVe7HEYxWOM59jlFPX7qSHiw9vrn/hJ+lkir7dl4OjEqx1c2akXdG4quWvhnIeMTilU9YvsqdF3U83iyxav8VN3CrmQVGg4jfzyYuGaMqKco9jy82QnBRjj0tOmicHtSbpCKEhus+uoqE9PBeD6liX/M2Ffz47Y9vLZB/pw1k+FImGfuMCCPcQY53WXsH4Iqe5qz4LyXOx5w+SK4YpBVQ9YtJX9N4wUMDw8Bx1/0lKwVb1HCV4Panskmqh5l5PwRjmmKbABtIPMEuF6Qm86wzaOX/68Xqxqqgp6HpzzX9/uQByDkoEGnx3KoRhBwffrANCOQrCq6jyMpIIm6JsreI9Tg==]]></Encrypt>
</xml>


2018-01-03 05:30:06 debug :
------------
String:
account-ticket<xml>
    <AppId><![CDATA[wx7f83e93205d2fd31]]></AppId>
    <Encrypt><![CDATA[tCzs5bo9UtXem8OxTcpOaaOpPjtNFyh34dt41bb0KMU5NJoOwcNeai78Pn00pJ2tes1RLDQ2YbQsWf1OXc9HidGGw//gcsdm0Wd5GdOxUZHjKJDLQrLBA8trOFf6S5hsoVKpAYtXfTqY4FS6g1JLQ33mFHqdKWKRNLYn6i4hG7EpFfl24E17HV5R8H2uakxnGkNMrOeCNSDgUovS66MXJ2C8afoymrBToolTDf9DYEat3cdOSus1d0kqc1fCtIrLOvqw3Sf5W3VpXfgNAMULliysMe7zYVSUEO4s7XsN6c78q2FFJuGopj6rEOhx0B6B9PNU1ew/qFmG4hmBKUEfFTOledHq0ZD2CMsf5bNM2fpYbb5KPstEI3oIlcOYFPaU83BVnVsazH3ENBJnCLOsgxvzlGzvdqwpAf922eT4yhdwKBP76NI/M9AzBAuK++lhXlP5J15Errwv1pRhev6whw==]]></Encrypt>
</xml>


2018-01-03 05:40:08 debug :
------------
String:
account-ticket<xml>
    <AppId><![CDATA[wx7f83e93205d2fd31]]></AppId>
    <Encrypt><![CDATA[t9QeEVtK/HX2XpzNN4kLzCo+n1YipXypgZ8WITwPmGH2P5wSsiiYqN63GZxLAUKAVNbhvnQhLNCf9tdzEwEYl41tPGOBJrax8JHVtCc13hQ8twKEL8npYNZnE1UBxjIK9j5UngJaGENvda0sgpej5JlZXCzdaUhBGdo/PddVjZtmSxgLpTjeuse4eGfUm3QBGW/YfrVgRfdOtM+gUziAPjN3LrCt/la1WmkkZTD5/uvuhzVoYz16x7aErh65FU2uLTI9GExiIDWyUmhPg2FNADjKW9g5rQhX4RHaNMHtHiGYXMZnW5UCOrVGNxgHL0AaqYh+1/X++YAIFq2sgTDpMTHbhyNNHdFTE/9kpGIF2g1YyRuaxRD5hpEAHIESY8Kzl/04XaRimfJpUVcBh7J/ABMA/yhJMXPrG6d+vlPHWzJ+rmCf3s1lEEI5KpgcuCegiAGhoTDI7+aFG28tT7tkSA==]]></Encrypt>
</xml>


2018-01-03 05:50:03 debug :
------------
String:
account-ticket<xml>
    <AppId><![CDATA[wx7f83e93205d2fd31]]></AppId>
    <Encrypt><![CDATA[fSPcOusSgDJLaF1IPcShfmCSxrKPDUWgD0XfaN7lrRJPnLQa6//M5c6Da+Jazb20D4Gco7otpXUdxZDY7wY7Cbtpjn6i//SdQVJ1K+TVWahcSaGbKsYAV7pmATH4tiyqPsjqidRtg1YGGwZ4Le35liV5Z+5R/cOdfgfX3yMxSXWedakVe6kwUJrvSXJUDOR2tWTjdzah0CuRR2uWeoCBvx9spkZP+9v7DrnxqgPfxtfePAZ2u4q+2/62ikS/G4qwaMM0S1AX+s+BVQ/TRO4AUuQ1A3ljC7P+Pw6yqVm8IjtrvduadNSd7J322F5teHzyUPo2pd+cqKfZnAwcjxLwlcOo9dH2Ys1D4KlO6BTo3Bp/S9H3gAWtvx93hPU7YTkUojJ+fKVsQU1+HabZtjsLy7HF2UB86/hM/dO/Pi8f8ATzJAW2o3fzxNy7JvA0kNIH6SqWCbB4EltYYsmKoFtVNQ==]]></Encrypt>
</xml>


2018-01-03 06:00:03 debug :
------------
String:
account-ticket<xml>
    <AppId><![CDATA[wx7f83e93205d2fd31]]></AppId>
    <Encrypt><![CDATA[rI7k0lu4WcFI+T8HOjcuNp85YBBJ27+/LH30PR8mCtxZep5GsWQLp2HqABVUEziJpVAJOfnEqtfvRhur9jAQR0jhyQDtU2O85m4lu8dMCIP32mOeuJ/hL1WJkY6kJS9eMHLduZDDrUaPtIbucqR3DgPyGRcfdpSi5EAQlLmiKI5oe1/tN6z9l/GEhZrGoS8v4E4chOP50hucRntcaqTWYiT2IzdfkGJv6AOW+majFmaTNotv2av+2w3lkufcgJI4So41qX1hLV6ayx+NnzunjDmV4rXDdlylESzROl9VZNmb7ZdyB/MuxDzaBNVsz5S1lgH6oljRFHykMcQENp0m5WV2IiwHq/xsEMWehsMQDtC3De1NciX46tARTNiT355ZAHQPMkUBC9Q0B/WBkZhmzjY5dVlxwC5SY5X5m6VjmBXmE7NtAzOMj2Xu2Cx3uYQ/+tka+XDxiWCSY33wLVuaMw==]]></Encrypt>
</xml>


2018-01-03 06:10:16 debug :
------------
String:
account-ticket<xml>
    <AppId><![CDATA[wx7f83e93205d2fd31]]></AppId>
    <Encrypt><![CDATA[UsDwDQiAX5Nl0iWOAULsS3CV4NPiaCnYuiXar7sD+z6T56orHw3RbjCdAMp11R8ww0/MzaRBYyPX+FBA4UVHY5Cootv9EpvunOeuLdkbmISj06UUVwLkm97xQvWHRKsKt3hau4f5FQhNF75cTtpUMSSzTBu57oDA1VjK7fP9BOmhvar27mvjDCcb6YVDR5/r0cQQ93T9oNTj8VFuQgJgjWoFALh2fgl67MgoKsy9pTU3F2U59YfJRNmCsDZ8SxBKRFkH1XdarVS1Cr/mg9Z1q7rzSOvkkmTfPtYfKRn6PQQ92KtgNXllYa3v/vkvcCvPlKsHDSJbRmJNvYqLcAZ26et8/hBO32jHBQgwXeMmfrUK+sdu013XjK4o8L8XOojznxE0f6hF6g+TADvAlZXCR02Rl3dQG7ERWPiMV8AoFgA8m6P0h8vKK7kw3Lm35Rz+WNvL3tTBjTlL4ZU+86KlVg==]]></Encrypt>
</xml>


2018-01-03 06:19:56 debug :
------------
String:
account-ticket<xml>
    <AppId><![CDATA[wx7f83e93205d2fd31]]></AppId>
    <Encrypt><![CDATA[lrxwUFBEr+YCfQVcOfrxT+e0lX5CjzePkZrw/A5a9saBkquG+mWO+kKCy5gbavnlzJsmc/Kxn+5O/5A0Q+EM44Ld+V46EJj09UVxVADRNoFeqdoxv6NxFH9BDOUK11p56QzWNo3pbgkiIr7ZtSAz7GP0r6KSQhaTGcdjTzjfwlafMm1WdejmAnDVI37CiKTkFjrklBguuZNXaSbRc03UAXX8kNzmYduvtWv9h2SWhP4GTA+RRrlvO0MrLoKNd3LJrZBp0CmLL9E8ExR+qYDtdsv8fbC/nTVL05+zbgtD0S2nu0Ad2/BRSJyN14IR7dwzQ0rNAx+oRFGqTQwe979x9L0Q4iYZPK+gZDhOrFlxHZjFCKTBMfIn9W+v4Hz7s6Nlfo/FDtVLdnRcrWWFfDCFjGBTqkiGdRlI3u2JRkn2z58qbgNPoK2IqcgpDg0LApCWJBqGkPpsQdyNYFG7l3q9aA==]]></Encrypt>
</xml>


2018-01-03 06:29:58 debug :
------------
String:
account-ticket<xml>
    <AppId><![CDATA[wx7f83e93205d2fd31]]></AppId>
    <Encrypt><![CDATA[l87TDFtpAhvM+gY6NPK5QVWgPapDbWRo2qrICcZwYp7FRrPCvV81dvL7k+ZzvwT4WmTsoHuA9sI1QBjG1spM/p1e1A4ZSj9h+gwhE0stdVenuuNvkOYrVPbt9aV6YCMfoHqNYbJWJfdfuIzt6c1l8QtPSJC1KNbumGSUUoDfvgW2+zbh7A7C35qe7RDa67qB3oKj8cyD1FBvtfcEhc4QAT3m5afZmvH4wyuBB5Of/kG3hdbaOmUbkdHml7fO4WUP/pLAvUzqBQ+DjuRSCGw76Va2X+iH9w3EVbLk2fxzMO6evxsCPRMVfPTnSQhtmbmK9VqX4WILT9U/ATDDFvgtkpP/s5TjHGf2JiJZEM68VjZaBUg5aO7PukvLIN1qwe2iB8JfWiwS+mQI4RksyEI+wIfL2S1ROd+8zpp8uEGgWSOmFWo0iJzmfW8RSy6PRU8pZeWetk1h1q+auzanvpgnUA==]]></Encrypt>
</xml>


2018-01-03 06:39:59 debug :
------------
String:
account-ticket<xml>
    <AppId><![CDATA[wx7f83e93205d2fd31]]></AppId>
    <Encrypt><![CDATA[g9m4n5KU/yKIW8Wi8dhnHZS0zhJtGhOKF/Wnhyh9YbdGvDhXmSsFjimFqOmQJyMCQxj9gQ1+ROPmidnH4vix/a9ezr4BXRtHACuIV/Cb9ChVIdg75hCb8JAzUDbXp0+2q2LKQCBSEISIk2ndDNQFA46sX6xNYzd+z8f1v43xQrSzt3Huk+YP9TM3b62HLPxoSWdaM3P63Gjsin+jRXClxIrDaBlWJqw3Rsw/X8adOSHax+Bs6CvsUcwDky/TTqrRmR2n/RawHv1EXwyUj3TUrYcjVuNNiCOj86CKhv2IMQfZ1KWbFxRgBzY6MKCrehBzIYCmYbtLiQ9Y9IUnUMTrXtHuyFJCp194qfWrFBWku0IIJ779mkVC6m/4GZ1OkPUwABy7gsmMG+IbFgJpTTOjWldwvmYaAcpxov/DqKayQDzZy0XZDtfNm4RwGYGWLHqTNaT8/BBnU3+zLeo5lR8Fng==]]></Encrypt>
</xml>


2018-01-03 06:50:04 debug :
------------
String:
account-ticket<xml>
    <AppId><![CDATA[wx7f83e93205d2fd31]]></AppId>
    <Encrypt><![CDATA[pXGdSi0DLTK50zrbwtiI3jlurmw94iHhzmb+9gEkTOUfR0fYrCH1eSjxiADP/J0nYqxxU9zdt5dBunEoLBwuAwdFic6qNk8hpIdDjHUSrcVQMWWvv0iPwDZgVuhAPB/ky+NS20M6u+F48W/0idy2fpjE380GPRD7SV9bdu9X/mrDEPu/fieIpzbaKEnvLc8O70Nbu2VsVsKwAbsqx4tyMzA3SuMb0vSKOX3KNvn/WvE8WclcHZe+49Sek5Zs8RmzAB27DntpbNIpscGmnCCxEcUONxHvgmlrww7SEVJZB1C0fCAEQNXqP0Wtpgtx200jRJkSHv7YBoEs9l0/Xri8nTbt4LkAQON0aWvOUMMAc8Tjb3gDghiDgN69anRWX7OtICimlKgr7CDewTY70+evCJ62RM0UZH2b4eeEqnO/cVnR92M5X3slB3Om0p+w5hXdAbqRUDol4Spz+ol8DpyQcw==]]></Encrypt>
</xml>


2018-01-03 06:58:33 debug :
------------
String:
account-ticket<xml>
    <AppId><![CDATA[wx7f83e93205d2fd31]]></AppId>
    <Encrypt><![CDATA[0wal67O0tfy2TJHalewEZOEVFBJE7aRL/gygtVXk4hwDTcDVSyEHxVnNSjkqEGcHkj9onTrmS7MclZJ44TFy1BCGmnqU72cy9rZ0zzHZUgeOaRFyh2etc6OEz4GEZatYdmgpw0ItGVolk35uT5D9F7bASJf+yOabxr/PtNqPkauBGA40UAvJmsSfyoPGNIQeRfROXhTgeNGqL8xE1Z4ajloeqk/LO8LMn6Nwf38teJ+H6KR3CwoPxNwk7bweGCe+QbTIkDh8PONqSilZJjJyFcHtyT7kVYUVzz4qJMdCXuT8DkBrY4Nfmiw/mLhj6l5bdvoOfJ99D25V/Xy2jmyaGL/5N+zG1GEkSWQUSnqUs7Y3d5sHcxAbgcvtYlUWyQPXd0/rrt1NmQopQOKa37Yif/2BTq6NG8EkIcOuFsQxmGllMZX/TniYUplG6wGl7uIs2/xndAdGSqq6HmnO9s2cjQ==]]></Encrypt>
</xml>


2018-01-03 07:08:33 debug :
------------
String:
account-ticket<xml>
    <AppId><![CDATA[wx7f83e93205d2fd31]]></AppId>
    <Encrypt><![CDATA[9ac2YKO3SfINXCf42H9RWkTbmjqjAYSTxxfoSygACYYK1k/V/BrBATJNNAJAaDkv2dB+vdREA5CvRcLP/Dk/Wkw3v26XMH0K7o+9AlRvdfvu2b5skuiTbtt+M9ihaV7ZKCY7GXqYoKqpge39yttEG/txZvkDcRPvs+Gdcm0DtYx1vvD1oWrgfa6bG9DBA16PI2PYc+ojE6OL9YMtODqeZg6jKxBVcK//TggiEo7WWvB55fFMe+15jxO2BnjGwIfMUWJOOCrNPsE9caBVmLkL35nHHC8wVR39mCK3eUqoMqx5e0iqpy5KK0bcTQ7eJqz6lVtbFYKBwB8lttS4KPjUTpA7cQXKw58QO9RbyyBE+CHnEnx7/VO8RIFpCZNiC9JfMx9ASgGpNxO9y0kQ3xBAj2aV/dpddbpitjAuC3VaPToQ+CEPZZYZhsH+K+b91c4V/7V8SEpiyKYqXTvP2jtdiw==]]></Encrypt>
</xml>


2018-01-03 07:18:20 debug :
------------
String:
account-ticket<xml>
    <AppId><![CDATA[wx7f83e93205d2fd31]]></AppId>
    <Encrypt><![CDATA[DKTMVIIIKV9xIHI+CINZ8hi5VZ+jZa7SIvJIvArzPlDuOngUS1BTfzXbpey8I61/HZEbgOrNenvanjouctXpf7UwicPZCKT2FBL1Yp/p08NTfBR8PvbAH/p/kBm1yysW+HHimIAy4rgPrb3Y9ysh/g5eCNltztD1fhy4imVjzyi5BuDTI83h5uyeYyJrl3Chhdwcg/R61B23ByzDj+Rs7gI4bsVmC6bQyZYjg3fFpcwPxzlPL1R9UY9oYpanFkJY6XC7uVmzfIV/qJdQq4aQ/oxuLTw2XQTgHX5adkjGYNY41Db+hpBkL9MdNKC8XoO0mY3lNgDlK1kGa41XBk09mTi9mhFx1fJ2RIWNsdTRciiiNFEXUCiIdTHsdPby9ZmBIqmgRs+7N/ft7tIPczUedyrxd7m7xSCEcSGWdAv1tMixoH/xlE0tAI5qbvlaKNh4TraAZYOSAmp1HDCDGbZTwQ==]]></Encrypt>
</xml>


2018-01-03 07:28:32 debug :
------------
String:
account-ticket<xml>
    <AppId><![CDATA[wx7f83e93205d2fd31]]></AppId>
    <Encrypt><![CDATA[A94Ko0dw+tIm+0sYlkg5+quOn4TBwGDuOtLactaCWpO2wrDL70oZV1vSiu0k7IFmDDfxh9ScPy0ESLaf/Ew/ACW8wopWEhU1WiIoUz+XR2veCWKja2r29uJ1KQMjJzwqzObnHus6MwVNes9IiyfXgRfxb9+VjSzP4QLog4GXhOuGnZj6abYzoPExdg65mcaST170Ib3nrjDVp0aORWML8SvfPazqb3iCcfni1CpD/0jv27Sjt/OZK116Zu1W9eYvpIP2ggSpHxNmqGhoKNu19w9F0Ixg5aPVS4uiGXIyezqDKCmG5g+/OT+eTLtILIHvxnXegB0zKmKD51NsN88TbsfM8AwvtoFsf3MWWPokpNnZd+0CPTnsY//L6f67Uxxj407BpbP17k4HMp+nhoTet3+hDJFXBmD4/MZCH7UKRWzdiQpA8WwXWjJMRk8xl1zaylHUh0rQG6KJpyKixR0dmQ==]]></Encrypt>
</xml>


2018-01-03 07:38:36 debug :
------------
String:
account-ticket<xml>
    <AppId><![CDATA[wx7f83e93205d2fd31]]></AppId>
    <Encrypt><![CDATA[UaJg7brDhFsLN1lxku+ZRKGa1tzT4qPT8iUjykg1TxuNMbQJbC5ksw0CjATUO8C0G8GJzpL/cwjlUg5QpuuXYVQDpqHx5laQd9qzr674Dpxufj6eFmTg6QcrrvdHhagrHm8Z91OQIZreF+gYApCY98h0WJxs+4RUDvM84cWdgLsoTSQpAnAtmLDrjHKgycPezgFoHLb/FFAZOgqnL3AQVFG6l/K+qHyWHbfa3uHRyVZEPs+7YFT5tnmWnRg3XOyaxpUZ07LYnBlxlWpBDDmMvhXzwNofYA3+K30LUwKAo1eFyPzCIbeYZ/P4xMzo9ZKDPLivul5sYk2uFkXdYeM0IrRkk9eVDHpD5oe425QeTNi7lSt5nM5YQZZkZCK4W3+m7OmT1wnns0Bnj7+hx7IUD6LNbh7sOzra1grBo8io/6Tm9Za4ElkUbhqu4Qn8dr+PtQIqawjRE8A/I6dsPRYEYQ==]]></Encrypt>
</xml>


2018-01-03 07:48:29 debug :
------------
String:
account-ticket<xml>
    <AppId><![CDATA[wx7f83e93205d2fd31]]></AppId>
    <Encrypt><![CDATA[KHLuGiBdCnP7IsY5/7CMjQgt2iTGAW6rf4aE/6K+PV/1aVvPE4BbnqaSL5rVNRwylbJzuw9UWEsvUrPUDJhH4lYk3l+S/BlyLa1cH6jQr42UYabr1UN9u0tkkB6m821r3pMWn5u2AVSUFBfbI5xPf8l3rIyFBkOOZXpQGWzne0Q3aBbfgETEW1X8H0mmoqi3rjAlXgf5A+Jmsk+YjHGNpdHE9SwjC5y895UrWsIaREN0q/Rf7r2axNndlCqB1KVFpdR7hCJZCXnapOuV1n9rlyA0zz+QCJJYyF2/coijAndnod0EB1kdFt7pxeNzj6gE1fgKt3sYeF7txLj8qwglgPNcfXHt+DZjZmW8ZHjBZwwIJYzYoN+c8QUHuT1LM0OwOvoAJMpFqY2uiHZlNF1BFOhjuPeY+b4gV0tH3SP9TkWTT1AcPYpQ6uaRdO8esbc98gMCnShhlbNUKoDj3A4zug==]]></Encrypt>
</xml>


2018-01-03 07:58:39 debug :
------------
String:
account-ticket<xml>
    <AppId><![CDATA[wx7f83e93205d2fd31]]></AppId>
    <Encrypt><![CDATA[ihxgpUGP2JqQzZ6BKhDR0xHQ+RfsR77PGXXD8O3Z7otGv9csy8EMWOTiU8G+GpaYdQSPv33vGHsmEsZDGY+bqLlhCi5g36itpXEN/Z34KruyaB3tVU6CfGJjexJzwpgIUbhryhRDJI4vr7Xp168lTs4HSZ88cFw8THPw2lS4iQ8pQB0v5HBXfDBstpJF3+dQaNpWg4KZTBZsNWfxkyZ3c/B7fP25NfTjH5y7bCuFYOfmwrz36c3d9qTc926g4upfqUAWwKdvjUK9NVclEzES4mGxkEkIhIKrtTbN+IpQjyPrIyo1Ur0a0YpSakThNBuysK+ATWFcmBJiDuhj9inLb6L+oTXR5rt4DP8Qf+fVZ5DUsGGyDzF1SSx89wSDADctIUmEaTcBv+/uqTvU4zLgpXL6ssCo6preZ/7Fz2+OZPMBl/AATHr3zP7uiUkCHt2VmEsW09zo/hgleQ6LI1uu4A==]]></Encrypt>
</xml>


2018-01-03 08:08:44 debug :
------------
String:
account-ticket<xml>
    <AppId><![CDATA[wx7f83e93205d2fd31]]></AppId>
    <Encrypt><![CDATA[eqSA7CJGHTSEn8klTMSok2g7WA1hTrPzoD0uCb3mlIsFQPdqjtvO7/Er4h7I/11MJFFU0wjQaUAVGZJtABMowGta9RYe5npxN3rQlwY3Ue+Sq/w800g39VL8cg5P1mCzILLeVw8IW2TwEQiG/855wU+z/B9T2AxbZdO9Cn5+StXPgVM1e/Pw/qFUXfFV00ocWZxaITuujt05RQ5HuHVHFxXxh7gdz2YHDeonbWq2CzaLl4a4xBs+KMbpXcdah7J01kYExasdxH2wGSeOudWGRzzqdj2lTroFbisTBN99NK7BqfPdgPFayxYRpjhQhOayrAWJPICmMxcI/Yc80JUByWYWBpmSg2TKyl7EPOP12j6spvj6w6AywQu8qH4++cTFdE7jhAryX9LKi/DNk+UHEMcOw7FM1mmV5TQkDASNcD4kFIk++1dgDYb5dYAz+57rONNRqIHUPCCtwG3m8cBCcQ==]]></Encrypt>
</xml>


2018-01-03 08:18:40 debug :
------------
String:
account-ticket<xml>
    <AppId><![CDATA[wx7f83e93205d2fd31]]></AppId>
    <Encrypt><![CDATA[9wsw08aWTBHkJMkliVlnFK5qAsoJgHR9UBrMLuBVBYrivKtUkLfd3mJvSK5C83RE2dcNDfhsGRfyRF5SS4k6n0NLUhr4nyl2D/LQFltEYD7nTKBLBcyPnsgIIbj2wyYY88o02Be1JB1850Ob1Wrk/Q2rSAfu35Bm9iQOeh2mqfNfi/j61xz6wNaYDKT/sAJ8rlO8Ij4xnAuMycA2EAWJb/i9ApIJ7k0y7F2x57fMo1eIwXVOk1o7Rv5js9/K6fONhMe5AbOlxU0+FRP5XmPsetcZZGmF6xTkmaGD0DCFurjkHOT6SQsD17qh0LFl9pgg6gcgMuqsw5h8zbS9lNpM8If6nKFIzC7ZVATpiOejNZKKHqNz0qVsNz7Zh4fqHogfsSf/3l0D+YDq/8xy0O/exfME/dxHlqEOptzBrDNS3rbGStRo83O+sx0qMawPf+Wwa1KVvRVRW6SJ83gONIx/9g==]]></Encrypt>
</xml>


2018-01-03 08:28:39 debug :
------------
String:
account-ticket<xml>
    <AppId><![CDATA[wx7f83e93205d2fd31]]></AppId>
    <Encrypt><![CDATA[fr4/ACHxyUv4LamVwuA6brx6VcEi6JTYmoVDYWyTeTgb4S+ZaPZgGvBtC+Dnp/8NHGi9gGKtcJ/jEV4T16YU3gDEUvjxXZzgllLMADtU1gNfrzhmrbtxRE/h6WvfCKVho9VQBfDZtl7uwOh71AbIdwrwqYRbB8KEq/gZezBj9hZ6g7IjXzH5/EwDaw4ZWNlTxTsaoXZtMO5VlUDA8JrPGp6PUBfBuTwMpo3kdwS4j4Fvd4Yrg4ZhmIT6z1cyAdS9rkcLmSvcedS2DmOJYywO6blyWUlhUSl13eD8jjpo0LXki6T6SF3M8PLqryCdFyJmwKlY4Z7fM1vaGVFL2EMQG2/8SHGyTkImd6bLXHGG6kp/XOQp7D/KVprExzsP465Ppnh0Wq8Z/08QUd0hmqzHRqwBtJPV/h/yFW2soMfvjieYY5eiUGud0GLb7nwzYaH2raI8+/o9aIY92nX0BPuD7Q==]]></Encrypt>
</xml>


2018-01-03 08:38:47 debug :
------------
String:
account-ticket<xml>
    <AppId><![CDATA[wx7f83e93205d2fd31]]></AppId>
    <Encrypt><![CDATA[SPOOhBJ9YCZocURmrygOqPrBujufRKWhCO0cEFXtngLdyQOvPljug5zKfEgT94cGtCyea2r13bQ7+42DjyD5JnyBnDr0EakxxJfTwY5+N9OiWlLdyshRAO9ebEWr40Z32weAD9x/dvtTvyrgPyv86OPt2uo9EZeEClIa+n5S9bTGSCWUEKekJtbav69KyBkWx5pugQY7xSczaJNBmnM6jotl7sKT3+BqBRvfONenxx57vmQtVMKQ9I5U8yd5Pmb2Eqh4Cv5V+7aDrFIHbTaKoK1vWY+Cd3wSCixC+m1E4ZyLSFyrCKyCozkUXIuDcbfCC+ss9QHIN3GREDdwqgOMTq+7riy3WOEbf2nT93//YONNgvxxydWN2fgVR07KBH0gNXG3b8tE8FW+7xazfUK1+UBC5vaPM7TScbMRBt5IDEXqbHfCST+4vybtF25pS7RYwSy1ZC4Bm40GY5KShvuijA==]]></Encrypt>
</xml>


2018-01-03 08:48:40 debug :
------------
String:
account-ticket<xml>
    <AppId><![CDATA[wx7f83e93205d2fd31]]></AppId>
    <Encrypt><![CDATA[XwZnvnXXrebbuCmHPXI+Kyr5WbJ1GOvgpfzhj8m18kbjVFuwhWXL/8Y5D77it/6bC2knSmW/D8S2ZvB9QNl2DZ/komVZxRumg9NCX63EjBi7JohDVgD/NZm5376PF1qsPE+wDPmyKT+HDVUxOe+ZB4z1+6+o1yVnTs5PVQHoSMRqU+A4AfHgzcV0+0IUDDU0+wW2wgT9v8mrBhUKmhbwZy4etqeMm7FmTaGr3IOMnTgmRzwchibV+2U3zp3xJGXMgsIC8yp+p0Dm+YtVRVBkptXsizY50+DLuRGMrhO5DEezU10vWYmY9e/HryYVBYGRAsobS6ab/jW6+ZwcXH7lRBymwt1gb0ZOSFKVA0U/+4Amp77HLKU9264U2VSwK61O0C3YchuC7Tog3PzFl4iZPOLaWsGFz+xy459LPHDu5r2IImLiH8JZD3GZCmlMs0hodCYFAvlCce5/Hc3PCJSm5Q==]]></Encrypt>
</xml>


2018-01-03 08:58:46 debug :
------------
String:
account-ticket<xml>
    <AppId><![CDATA[wx7f83e93205d2fd31]]></AppId>
    <Encrypt><![CDATA[VGLQbmh86KvQsaUa22EBWsImRud784HY2SMz8IEhsRms0ph1BjOk3P7HFlEFx1M2H6qPDI4Kyhn0pgPEYTgPormW0YYUc2Q1LZLs/cNZTFyQ5GeH8AsGsd4r5FdQfKtbBknLKnX2HZYiCOIq4++nGwBz3fbWelkfCb/4+aj/Ofe88Jrztv8O42vEUs0M8baDPP3fKkcnlhlQwvgY6qwYKm+pa4THHu87AIKxgZ28ESYW0Go13eRvGlwA/Q6pUAgEzVNpaHo9adokzZtqDz0dyggru1zvbLzQ6KYYQ7Afz+Xq74j2NPvfIVVQwgN/8k41jqtlwuonwPgu9mNxufADdjxMLHaH68uJFN33Kxq6G9pu5fsz5632tZ+QitEfXvB/H+0B1XP4wHxY/WODSmbpjuBH5xq8KWhRGtB9Gw9zanTtsPGmi7FBUNPIzsZeeFmD4rb6EKLqhZeteJiLRmnbJg==]]></Encrypt>
</xml>


2018-01-03 09:09:19 debug :
------------
String:
account-ticket<xml>
    <AppId><![CDATA[wx7f83e93205d2fd31]]></AppId>
    <Encrypt><![CDATA[NonB0QQW1bXDAJd86jQH4FL6UvLSd/OjA9aaExRVNmSJOIfQfhgQeBCcb04oOkPqHCeS/dTDa+B7ppfSASBJSt/7paq1d++c1HZYXSt+avoucnUOreYxfPRRrcxI0MYRvUWV/Tnj+y9+zG+x8arN7CFDY3EflGBFePtsejtOFCkIEVK6VcE1zMd2bJ6YwrMumH9vxl2JMV1FfDZN50f3WXMDXXjpKLzN+khb8Ae9+ISjwewopZJVBX2S3Qc5p/nhnMOJ2sQUs76Zrc09vsf7H1wc2+cnbrisVHu309S8104haV6uWCUPY0J9JMcp9PHWtCIZZ2N0NnNGfXudMFPveS40VwSLJ94vY5YJSGGozv0JE28E1/+O+jl1TiEbfTE8NbEtEe/fro2lD8/3eQZlk3qVhck8qVDP9rGoWOTiEzsi9O0srstUgbVwgr/ZNu8r9z5JT5QSGrtxMba8Q8tV2Q==]]></Encrypt>
</xml>


2018-01-03 09:19:04 debug :
------------
String:
account-ticket<xml>
    <AppId><![CDATA[wx7f83e93205d2fd31]]></AppId>
    <Encrypt><![CDATA[NJok1+VEmIqAY+HrvqFQvEGjAs82FCYYWvpXcgOy4nm80JiEArKDjtZhHDhmG3bJzXBonas2jcgKfyk6FPDAl02TK6DQaeuW9SuCMWQzZVyNA688fepLhXdD/WYNIijn3FkIlbOOUpZyiMhn8iJsT9uprfgA65fD72fQjfVFGvaxDWMiXBvicvJDBLv31teTJR8PUH3zfirRQea6ijr2ECC1G0J1+GSlJ7iVR4fpUtaowadxoZGfryw0988/GTFfzZGAyU+3owH0AAzGgfjg5bw9ofumTW4C8/94A3N0qlmW0V1NdOLD7JObFhAS2VVutfSlVhSOy2YxfvWeYA/RXzTGsCsvqs0MIMhrIJUdySh6sniIwE/r9AnKYfdcdzAo4ugGcrnPpgdojLn/mYoScEvnlF3YX/d8WUdp46EdtqcTBVtVp8cd1v1aPxZAyQl3qyPhEsuHKhAw3uUPHbwPfg==]]></Encrypt>
</xml>


2018-01-03 09:29:14 debug :
------------
String:
account-ticket<xml>
    <AppId><![CDATA[wx7f83e93205d2fd31]]></AppId>
    <Encrypt><![CDATA[igLum9c5raV0fEkuai7pqXxWUTFMHdi74owZ44izC9HHYtvM4WDQcjziwFZPjDFySlo7FGyT8Tu+XP7Yky6DnEumH5znbeq/k+zkv9n2MNW1KZ/f2VIENwogU7wt/1vSOXedKkqhhzcY27ts0Ji3tTyIEXLtbGowe8EPWBmBTmduDnmTQgzcGgaZrlzqi40nHLhJYgg8cN6PVL6jmoSV8A79sr0+yBLCEut3uY45psV4iLakrvKL9/CWUi5WSAUGPf6SLkq/waGqRSRKSVEa8rVC9TOURYOvj/FWj1DSwhxwhTGlBRm4jVBzBeCnff4dZfvKst/E7gUtli0wJPEdoftekiHSAzgSo6nJp+KsqwA2ChjkKOq8kpqKjB0Q77Tvp9fw0k2jaEvz2ECdZNqFE0CvFIT+2Zh8E449lownmMrtRtu3LE3Tlz6XApzH4UmzprlCOnw61QZwUsgGzDEJWg==]]></Encrypt>
</xml>


2018-01-03 09:39:18 debug :
------------
String:
account-ticket<xml>
    <AppId><![CDATA[wx7f83e93205d2fd31]]></AppId>
    <Encrypt><![CDATA[SVY9kYm5SY7HM/bJgu0Ocmbs0yQrOUiLrxDKgD30ru0PCFRe9/rHrFEa9N2vtt1Uvztf8xvHHMXmRE7/4oEm/xfgVQvVnQPQIMHF3wLxilOLjiZAL2dIBux70JgNjI0d4n/etneiAaHHijqQeEwgM1Fo8BgO3U7vOAV/aOcqcxAs8lVs20byhwOyNlFBthOWXPW4oNdGQB6IGTj3vwY3Xz2Akip1n2uJCjYDHv3zk43vkwk+64YARfRTcu+LGDboH7z5Hrhk3rI+N/c3IoBizdr6eaXNZkkibCs3DGEa5kzw8njCcrQ/q7p/d3nQW2koHe4mHFNLdWJ92pFESYGUaf8/MXTiViBn6zCdJLYKNaniuat/K3IND/1kw8Bgeuqm+gqLNZ/5QeU4ZwHW62BpklIgfJOVFGCC5jCbwMmHLzDgYxgpZ8CEuw0vEwrZwUFD3m6mUS8pnkMNI4UHa+wqgw==]]></Encrypt>
</xml>


2018-01-03 09:49:08 debug :
------------
String:
account-ticket<xml>
    <AppId><![CDATA[wx7f83e93205d2fd31]]></AppId>
    <Encrypt><![CDATA[H8q3SvAgmqd1V8L3PTUgfyZpKtyEr2NZmmae5W//o6YKAKQR4vGnlAoaxrToz94SyizmEJCzGxd/62gv6C4pGfVRR5d5E4h7Q6ai3N5gTd8o4f+LT7ztLPr9bEQhkNAcYUUJviI4+0BkpqbrD6hPXkA/Y7Nt0SK7iNf9eNb4UKuehccl9hZB0u+9rEtGRsu7WRzej9OD1jKTWdS/wOiG9V+0WoHOxp3Ah0jduWb8qusl1WU5aAyRDet3Vgsj/NtgLN4w61JBhcBs4mUwX8U78Jb9xYGOa1wu3yfRyE/JfdqIbwdIvbQ+D9XViu/My1xHF2ubbQgxtn/QzPnD6PPFCvLApUdX3k9JC7nborZafWOVI9PkaaPRMvqPyoBYQj4uDMWiL/GksKQDZyhgrQD76kKvC2VDYbQU/NreUpReRc9Nn8dXUv0wN9XoIkHQHszfEXQHBJJF9ddDSeLwbeHMCQ==]]></Encrypt>
</xml>


2018-01-03 09:59:08 debug :
------------
String:
account-ticket<xml>
    <AppId><![CDATA[wx7f83e93205d2fd31]]></AppId>
    <Encrypt><![CDATA[TqvUXPIWV+8OZ/VRkvdf6hBkfURP5IeMK02llsupT7r8RAOqK12OMlW0xfg5jrEWEQSOyoI3ryedIolWu0K+jPdVKFSBdJO9wTu3XFuzNviQN/oHQxoXX7zMpupBaif5jjhV5WitUGjui5YnXyNSZb4Swqt5iWZW4E1KIh4VQADf3kbM8AcdqNBXSPO3i645EQj/8NX805mlY2emAWxKQS6NtJKzP8eaPHm1ax6FR14z7jefrenMkOqSZc6LiFyvG6AqFUgNBnLsavDJ/3/W+EL38pBDXqyLetPOIVvraWJHhYl5JGt1n9joRfOJFof6NmRvUoWWK3R+GHvI3UgPC4g76Kqj3+vbm+L3OC0Yqpf0Wb/RHDOnHxHa0C/Ng74HpUPG6V6bP0XELQ/OwL/yjSIiC3yNQxhRyoA4vUotUXJ3sAlzsrrH7kZDdg7V5KM1yYtetFB3KZFlLOKkclgw9Q==]]></Encrypt>
</xml>


2018-01-03 10:09:27 debug :
------------
String:
account-ticket<xml>
    <AppId><![CDATA[wx7f83e93205d2fd31]]></AppId>
    <Encrypt><![CDATA[/JLRy5Buy9VOAuEy3y28zHQ9gJ3inSpffVNkvxIHlQnfzPOL5ORvOCe54hFIqjW5nMDAn3N9aPbWhuvj53aD4wyub/GW1Wv6sZH5+dOTc+6sNr0fynBnS12OnpBKcpsyB3mlkHPdzzogY7Bg6R+4bdiICF8IybWrbxsOMYi2c139HlznQ5Nuhvd6aaix9SIzHxaTHX6UMcpA9M/Wc1NfGHisG3rRCPg266XlcQU5iEeOdWnvBDeJMQsvFEWwwEKCETbgQtY1n9uEmkC5dtJOgPtYOQfVpBD/N08GVZU7kCsF8u2CsFZ0rJ5wc2dV9SaSlNflqYU7D3xv0L4UhP4JU4vZtmiWo4u4KfqFGa+aE3yLW+pVRWzALMxls394TxP9tNUQmMkY3xVGo2UqTABIn+3ogYNg0Ei09R5oAWcIFLYsRs8ZUkXIRyw9VRKgk0PeY+bXkAPNd6WZWpzJ2pEuYQ==]]></Encrypt>
</xml>


2018-01-03 10:19:12 debug :
------------
String:
account-ticket<xml>
    <AppId><![CDATA[wx7f83e93205d2fd31]]></AppId>
    <Encrypt><![CDATA[YEh8nJZTTJ5qJWi0h1Tsg//W0XSSKjZtl/bBnbaWpT+2I7oWzwJ1nChYL0KlBZ6+spmS6/vMXVbfiDMnCPMLJKV1rPP9HdYHYZaxfZyNq19i5ps8egaZ1cD7M+XEY8ZvugDTrJr7UMNvJv13V3vJGoKYYnLPVXjOfrvrnPzxfcK95o9Kb0akiJdMw33QHGp4oafaa1woi2xn4Z7f66qZl2bwNkIFukujQk9CjhNhc4S5USBL/w3PV5yeIcM/4spLAFY6pEEGn7O90UCLx8aQCrgjCdJ+24fAHp9NwhYoAoV6+hJphnFRWV54JqxxP2fB2ghmiSrK0muAaSbeyE2HjsQv3TVzkzOvim5V9dL5WsoxuFheICTWAaGzJvFkUHWSSgGCa+SUuhAmhChuCPEoYcUoryc+7P0bamqtPzqR33CNkAV/0OKq7B0CdsnLkbnIUHj3iYLrTMo+nhRgQyv0CA==]]></Encrypt>
</xml>


2018-01-03 10:29:17 debug :
------------
String:
account-ticket<xml>
    <AppId><![CDATA[wx7f83e93205d2fd31]]></AppId>
    <Encrypt><![CDATA[L6S7Jds4he9Z4ZyWOeh7RHH2ZvxpfqihRF+PILXrvhUD5pjvRcGnvd25u3eSxYEGC2TNPgtKUfzDQq29FeN17fVpPQn5RNzYvKDdTdkDBTjYY6t3k6amdkEBvNnnPpI4zN9ppj5kJEt4VGkHCud51gugD8uQl6wQm33Tf0vJxlexvjh8P+J28cf3tPPeV9Uff4EoyodjumfarKHAEtKIeudex+Hw8+LWGL6ewp8P3MP3ET/Vrm4XFUnV511x+0/WsCBpz6Pp/GUwjY4YSeE2wOV53pZiwkHZAX7URxNonJdFuduuAS6X/oN5+pm0K3PwOnhVDbX0HjcCg9EmAPZfk8nSK/n86lCumU0dMtU502s6XGZblcPL0+KDPOkhf2HktfutqdTxLD6/akfuii6+S2wrBDPb8GGWLhsIeF3yW19f9KlMs7srOcwasWLTtfg2S+ACopPTYEvfimIEMMIvwQ==]]></Encrypt>
</xml>


2018-01-03 10:39:31 debug :
------------
String:
account-ticket<xml>
    <AppId><![CDATA[wx7f83e93205d2fd31]]></AppId>
    <Encrypt><![CDATA[4r1pydgiUI8IW9QcLwlZ2F27yCt3UE6MjVYpJ+nmz1sXDPjq7bJmT/kUwQTvKWnEdUxOe+OmrHPSyArqP/a93q9jrM9KG+otrEUMGvszt61R28vJIGPekMshlF3ZUO9Mas4NQJK3cFfqQ5XPRGG//nu8g655Qku6FiwgOYN3tasaXC/WGiwDE4rg3NN9h4wpImuuUQpgW8sGy/j7COEScHJuxd7AnNFZ8u8EJB6bpnTyJDT86NoTKHhPHY6tz6YDuwyWxVvFL93QmhJ6399SabiPxSFIFCbNQLRT4IQ+VGHSvlgxuOP+9w2OWxAxjDmM+MbdMQsM+biyh53sx0sESHI9PbndNmLDL4tv1EvjbK+wZP7b24aG+RizO5P5J4HkWgMpcJMvJL3q30Y9qYQJo0HazioMcdGDTpSD9d2AYGHf8VPFIWU+UBu/lYCRZBH/tSDuHbOPyMGBeyprWsfa6A==]]></Encrypt>
</xml>


2018-01-03 10:49:05 debug :
------------
String:
account-ticket<xml>
    <AppId><![CDATA[wx7f83e93205d2fd31]]></AppId>
    <Encrypt><![CDATA[7I59zTf310lPoMY/i5As//eDvpjUIzzMx3wimTSvNQsj7e0h7EoUhpbUWP/7vYbQM98J12wX7TjDtYdh+i5lAsJpkndC6aywZO+Ky9Ml4rp7KCI2bpWorIVaISsk9NEISmUkhLt9jlKeh3IQqosJtd0As38gpsu+Iev4XZr2dH8cmL6h5ymdk22NzDeSHytidTLUOuCfF3L5nwe07ilfslpPbd+0gAOaJ/jvyQqbbVZSYZyJONUboho/2X3D0GNcMYfR6uRqhNsnj+tLhdEnINABEOqcMhSYEcZAzvE3GEadsB91LFeLW7ugzNKCgJVSjAiMR3P+DnJ3/1dMV3zaHh6q/szSLDts1jAJ1DISjxuMyKIP1Hzggb9pjwKR+cL6SNPde3BWZ2Mab1/F0INzZqdFthb0FKr/zcRRaURYSBvqfi7Wb65x/aD89h1qy+fkR8YHGB4bOB+wfU6L3vJ+Yg==]]></Encrypt>
</xml>


2018-01-03 10:59:27 debug :
------------
String:
account-ticket<xml>
    <AppId><![CDATA[wx7f83e93205d2fd31]]></AppId>
    <Encrypt><![CDATA[xN/5TV7kEYYefHrFUpWnDxe/O8b9t1AZmX+GqCBzZhL0R7l6DAGGYL0rA2dk/bU+Ufff3jTOyQj38pWXW96qWJlNlqqoG1iD8nf53TeI1gxQgLjzCGjgpVA9dOCNwSv7XZJr0REzeE8Mw9DNnhODnmIKltDPiNMsT4UnV2hK09DeL8WOuOzg6ACwf1m2BRtvb20he/SGS7JQuL8MPawT1tAhld4AcqxpEASUlsQC7J44zmybUiKCKze4h9SfP0h9q+IxB0Cy+q5knsRUhpkYU50MaBnAzJcUgGhjVfyduyAj2B3pMJRXEE/LdWOsdH2LLdr9vL5Ou55zjoDxYCbYBNnsXBOiJU8CM2U3H77fOjGij5UKr14pOsQyycgkJ46N86vz9s080fanWTboojArbzH+DNvFWuCOo8EDWMthtAXmgrxfLP1P1aO7C82TxODxSB/OgY3Z9i09N0H+ND/Mtw==]]></Encrypt>
</xml>


2018-01-03 11:09:34 debug :
------------
String:
account-ticket<xml>
    <AppId><![CDATA[wx7f83e93205d2fd31]]></AppId>
    <Encrypt><![CDATA[f6gmEbQosqE79KF0dr/Dnk1nVM9IwcW9q1c/RWMmAfYdoUWHYrjEbrVIM+gc1Mi2T+V50f9WuKwZ+gri97uYg1PInk7bDI0eIhG+WXtnCuVtnZwhyYF83rnwJk5nBblTJyar0deZQdc5HWLuZa2H0ggjoijB0dNkdrH7YutwGETfeJ60LfFhgedQMCkeNfNSCe+JEK6dh/tQuJlh5ReisHAYS33t0u4DxUGgaA8hU1HEMmOH4BpV0XDkqEOxf4Os/rvpcZQ3ulVb2aqM3iNCj7Dd9zol74TeEiTYt8bQ0YOVwmKH2G/L7Ex5Kk4kNBadSOlQMhhljS2sN3gNf7cf9CMf/Z9eqd6tq6/4Et5kFUwDMGTXqqkrQm/jIuqpZc0AvgQbmaQSm3rbSgoOBHkbb+e2qg233/K8uL4r4j/7WZA98wmyy+Abt/ktPjz+Gb4XLUQjE+GFyXb3EiMLi1wRkg==]]></Encrypt>
</xml>


2018-01-03 11:19:22 debug :
------------
String:
account-ticket<xml>
    <AppId><![CDATA[wx7f83e93205d2fd31]]></AppId>
    <Encrypt><![CDATA[4rUeYbEDd4jBZ+gqUakoZTlvJJHXG17U1bRmw1z8Dcnoa7TsqTrMuE9kWo0T5g3xOIJfOmrIA+ymP5A+ts/sgnnnX0aYI6ZbwJfLKJWtGWONhnrT+HIbZJkMBZ2NXg04iovpDrHC5FzbO1AeQ0VIdSZ/NhXs3yx9tPfLBMKrRpfdnt5RL4G/+RCgg3ecNDOi7AKA7GnlE29U+ttyKM00KkWucln7XsjyNv+CJ3qBD8EHa8+tFdebPAnxLgUwfwmaQAOEjMiR4rw1fxn+XseU2h20FqCTeyUHnZNd1J+zxVoy7NoU6dLpzmzo7VY0UcXSHoXkYoEPzkahT027CFDU/UvTu26IZDwm5gvi52Zi7mTRaoungLUkVGC9Q+qS1uFMT9DmVAq5jOqDfwjCMT2dcK3BzqAXrf94wwCZQB2cUfk65bXSEwI8ajCPrJFPyDQurJ7K87MT2Dt9Z5/3qHWcrQ==]]></Encrypt>
</xml>


2018-01-03 11:29:24 debug :
------------
String:
account-ticket<xml>
    <AppId><![CDATA[wx7f83e93205d2fd31]]></AppId>
    <Encrypt><![CDATA[vYViP8Hn0niM4YsaQkRLCYlM5KlxS6aJhiVV5jyiIOND0y9MDgMvPV56aFdrE2rc6NmQTmqMJMa5MLYiii2Q80b03apDMWaxJiECSWYbliM3P9YzSpTfr2SdKb/4Lmu7uXPoPfMZNDS+V37z/xvSkq7hEPQUIKTJ4oOfaDKfVhKcwA9W8h/F2CZYCW7gNek/5PgZU1rZhD5Wy/vuDRla97lDw4KOOdfkHfB7k8XtZKN5Rmxlrsg3KXqLM94I8qGAItY7bRRczt77KIcQ76/IXDtwA+YcaWPCGWRIIdQmBOOUxT6QvJfhPBN7q2lQiaxO56LR8CZ2spt9HAUAFU2lyjPizran3grXPYr6nSTLV5rcldvCBUUOcqbMjJs5ljD9ktk4dAtT83Je2z4o/2IFvE8oLk/zxPXI9q6miFrlqtANCLrzJT9O/A7RKMHTQifl0sbNlMLkN3vZ0rQgF0C8sA==]]></Encrypt>
</xml>


2018-01-03 11:39:18 debug :
------------
String:
account-ticket<xml>
    <AppId><![CDATA[wx7f83e93205d2fd31]]></AppId>
    <Encrypt><![CDATA[k9ZxOhwCZ5irB7kO8E3e1k1+1pWIVlPU292eC6HeINk1HYOIdS+vdUbRTOkRnn6/H6GkAmVhQTxNUiR63azNAV0ZNNMTe7rL/7ym2xotyLkugCzBP6fMt0KTr1uYFacmoH54AK8i7VcAjnLmm5IW0nhtSg/3OiOcK4/GOI8UbhrMKwCfVaOERMDfFPSWOmdKrFf7ykQFhXTNMxID7/GgMuiktsxZBMXJgztdm2LSV9HJBS7Ap3J65pYt9P8EKteuB59k8nUhNX7BjmlLOeMDHaGaSRV/QWHTZgPzrEEy7+AS5jFLiOAvctBSE4SW+5HjKGLMZTOG/+g4lo5uWrGM0x/DJHqfq4J8nEhjryWB3wx3VcJd192DczSdcYcmLoEMhfb8PlsozW3vc9v8aP5z+txkL5NlCzGXCOpCkybCsmcRGQUAPin5i9PDMkUkPib+PUPayZbVFnANEQTeMRBIFA==]]></Encrypt>
</xml>


2018-01-03 11:49:18 debug :
------------
String:
account-ticket<xml>
    <AppId><![CDATA[wx7f83e93205d2fd31]]></AppId>
    <Encrypt><![CDATA[vwrSKpuX+A0ueWaT/bq8aYUKsrJFbuYhEmwhEDUDW9ZeuIu1Xr/qFp0HlfFMcLxnBciM3O5Be8bEkqAukwnZD4HPIZ/K03j6j0c2oXBKQvtDSz0Ke6a0cxdOUbtpMn9xQm341UkdQoriHK4BIkfHaADjUowTvxqQMvwIwXXw2Dmp0nv9rLdD9UekosAxFHMA8xA9zYnvIq0rQgGDJlYDdXsFu5nj8mc89KK87o7h028Ojg7xx/iMV2Fz4ajEHQd9yq6S/iAC3bNLPKC9B4SO+sqoC8xOsoJuJ/WY682Ccv4My7uJ9YgEU4gOVxdVZhWExVm5GSVH7TyLZnUmAgboE5YAXxmawlFs+4BvSKsq/5AXMODON2R+oqD3fhRwlSHuyruaRmYij4wdfSeM3mpR+x42sscYuGsD76V1kzi9RI7VHlcCH2Ofyheji7e3DhF6jucWg/Rqxrd3mbe7gd6QQw==]]></Encrypt>
</xml>


2018-01-03 11:59:08 debug :
------------
String:
account-ticket<xml>
    <AppId><![CDATA[wx7f83e93205d2fd31]]></AppId>
    <Encrypt><![CDATA[i4Ax9Q1hutMojPO9NLcwdsCjxNqdqb0+20b6qlg2N1m9Gj6p5W5+t3Jbnkqvql9aPKu+/Kv5rA/xBsHfJT5lmnCjfMta+/IvIlGfjlS0b68HHW7T8sW4dyvknJeEdEkqvrY3R9SLo+UoOG55cbwf926hHPLoS5jDPlHbkC5HeU0UPw04GgQBFuJnYdlBdancarR8j6qM+PjG7K+BpIwPaoktCX3vxL+PRnUYVFF0H7nbV5IMaY7C09GsrMEE4TUeHiyczTru/bKUaOR4/LCAB0FR+yJXBtStQhTdji9HyQ+7B/fADHBUi7GlGdG0xcx7FlzYw2AMws3h+bdZJfzMD8rPkJbzsVu3nv4A0iTcfbNubL5l6rBWiLPw48LYQd86peYf3g/ABqwzs8yShZ42WIzCUbjViP7GeOzSW6ynkxA+xNQ1gPsiDjvOO0HKPNAZg4bMSfudbXXoDuBRQiPNIA==]]></Encrypt>
</xml>


2018-01-03 12:09:31 debug :
------------
String:
account-ticket<xml>
    <AppId><![CDATA[wx7f83e93205d2fd31]]></AppId>
    <Encrypt><![CDATA[s998SFkULY4DIK9mfYUNiiWDPv4NrnxiEJilGuw3j+geGMwvCP5R4lICB61kaPDZycplZ1qYPWnCFeMw6iSOeJ3/rtyZhgnQGuIqjyJ2fSs+KDanvdfV0gTA9UbwDQhmZf4nym26FCilR6H8YrFsY3e/cuAmG7ig3DG5s10CHcayn8aBUQ4FSiJNi0Ad6h1lkqYRVnsh1U4SoFhsLAsqejHppECMCvbz0FG8xYyN86eDsarPH4thh2x/cMjNCTJ3G0V0i62qUFqdjZZdLpLibAIKVw3qbPbpsr31bD5Fogdbnbio0WZm/ow8uzE2vko78MO+ZMAMcyO48VPD4OKBD2EDm+YjC+15ZcMBtYQYVZe+Il6Io0Le6QDW2cTfqnfp3zgUVWEuzjyT9doXuNRpEVXhEwjBJ9wIbDpdGrkMmG5pCjx5qn4POReSzyqpVhzkc9Zjr57UFO1TYqwFnJzokw==]]></Encrypt>
</xml>


2018-01-03 12:19:11 debug :
------------
String:
account-ticket<xml>
    <AppId><![CDATA[wx7f83e93205d2fd31]]></AppId>
    <Encrypt><![CDATA[s2rSV6+6Yl0a4D5Cl5B0im3VYBMyHCZH1mCvvunVA75qt69vbiwzjUsMV8Y6gqFVrKUWUWf2XJcQqAbMR7v9bMs+2BsNCEwC1DE87AFvUpIqCM2775ucVoy/hy5GTVg82apq3IFXg0c3jH9trSzOzL3dinRmPhNBk5I6yqAPZhUiBlZNINZIGigM9kbK0Gyidc84zM6geAU9vd0wE3zcp8wwcclO6okiGf+7gAI+4HGv2LN1iDsekKa7lS7x3wzA1Ctozud+niLXPyCppi7cJFvzK6XGWP6NwgKnTBlVz0GzfANtKQfEpr+Kk8tcm8G/Fj+gLcbyGQ/aI00hx2v18KgrRGHUtVQDMEfhp7duMaM86UE0nAiknRfPPhRWOdTQ05ZAPnSHDyPGN+E3lubXFiWVM88WIgYHh1wWbKSaeECdXIhpYlkQHOhpGNi/4C6DhNiMWC++9KKuJqqMQxqF+A==]]></Encrypt>
</xml>


2018-01-03 12:29:18 debug :
------------
String:
account-ticket<xml>
    <AppId><![CDATA[wx7f83e93205d2fd31]]></AppId>
    <Encrypt><![CDATA[u1bzJ/cfv+gH3quSoxYBWDFM47MWRql0kNjCVRM89iZZBiaLfDNeIq15hV/42vCfIfdrs1ahCHbBw3zOxc041/Rwcw/WlcPKAHFh2QNotU0vwjX8sZ7MDBFij/zl2O1ljgVLfFGzgPncm0jAwTyN/lh/x2nB5xCRXUbI+y2yLxm8UvZuYNIcUkLezPjX8QS9DDHtSnlkx0jLOVnzQvsRukl5z2F48FcXjWvus+HGf/95OkQhzclGt3nkKIkbi3gK5Q7ii3dTXwPDY/vKMfWiYVPpITNOyDt5pAHG/oA7jEssQ69R/lWU8hhv5bYyoru26uSAUMIm+k4TeOQgqnrNdbDFa/a/RUsw9T8HeJq1/xGvPHNtrnaN3HwQb3vLSXO733HLg5jHIxX2ZY5BLN8vRIgw6kopll07MRKl7sQa/fO8HrJZlzWu9nJQlLIMGHNruTvklrG0y4BdYwcSYKPBIQ==]]></Encrypt>
</xml>


2018-01-03 12:39:11 debug :
------------
String:
account-ticket<xml>
    <AppId><![CDATA[wx7f83e93205d2fd31]]></AppId>
    <Encrypt><![CDATA[hE6TtNynzP74XZXyiu7QhPlwLMmQBOUTD5pWNWMXm9/GLH8Aj7zP+fw+YHFrLfl8oP5Y1Fd7Pyrtkda7/qcsN9nEpgxC8D+aiREXrpi6Wv7al2lsDcmNMv0thxQBRabU0KzOI8AZTHe4GZk08LW2xDrgv1ULpw3vWAs2PC+n0hwHvdI+U0/Df4iWES/6CIfDk87bA/wdkpHaE6CgcByu4hHSzxchQO2hWtQptVRZUhO/PljOu9otabJvsnxTj1ZlNbl8oPShBTwtIEtGv467jIl9BzNNeN6879BR41xngHevQmXmt6/H8ES+v+PLTLE3jzv1wDIKjuT/YiHXRAlTo9+1/CvkdHblJlCtDXLlp6djEXx2IYhgU4ptxTiw4719zxfYW0CUM0kJm5dCQ6bqPoWj2SsP5q61Qxqku75VaRjh9IRH0GTdyaNX1HObk+UL2TPYbIjEH18yEDSmjSfQNg==]]></Encrypt>
</xml>


2018-01-03 12:49:07 debug :
------------
String:
account-ticket<xml>
    <AppId><![CDATA[wx7f83e93205d2fd31]]></AppId>
    <Encrypt><![CDATA[74Xz72+jbde2+IiGlO6melCC/tPJ5cvMo1oViFcnE41kz1Olj2mf71Kf7TbnnCkjGkXBgZDAd6cdkuG+LahxZjWW0H34YiSvgNbDI+UZf5QbYNJb1Ehhl1D+g6elyuHf6pAbr1697N5gVoVhTDRBNLUlWigjhIBwoKJ5Y6cpw//2IBNTG1J99hyOFaFQU16A82QhJp/Xk9XF082S8whebV9yGnAfJpOMAkdWwl0dTvT1HxjaGO0vvjGPwQ9kHAZPcuz4bgSU6LmsMMLnqRcMmvIOL5HNUgHhyyAPlf+o/W9Rkd/+fcBwPhDF+/Ow9z7r/Qbo0Ikt418HmpaS4C7HYr5lF3e/TRsW2Hgs8k6BzBzworrFfToy9eZcugt5qOoHsM7rP5vFD3t610OBBGCvp0gRPLPPp+6KDqkb+pLTWgBK9m+8MeMekJq3k/pFs8T92OiRbdoKeZuHrdQ46b9hzQ==]]></Encrypt>
</xml>


2018-01-03 12:59:21 debug :
------------
String:
account-ticket<xml>
    <AppId><![CDATA[wx7f83e93205d2fd31]]></AppId>
    <Encrypt><![CDATA[9X2IqBOadtkr767FPvbtEKskLkBFsmBdDdpXW7EZ5CMhS8OwwvGf077fZnM8iItlnA5eq9/zhUwLEd3At88edx+n02+2BHAMyfITeyrT+Pq0phQjKzW627gxP00IviKmbmvh4W0YhE4Zn+QNE8hNQXZHb3xlXRjLIFlj6+M/Nm9Qd0sA2kUlk3L7oEnBrbU6jCiM7YetaY5TCgmTd3bo5HUut6KYq4xVHh72Wy8kT5anIegAN6Z0Ma33jPLVeqULaGRGFGDIvjhyOLdhrNinhtsPB/Wo38XesN9kC3EF7UjXZIGEkK+A+xeaSnyeYFurSpiZOeaACA/I5ac1Ig4GXdnp17FtpzZFlhIrnK/SYMNLpdjBOCqWCFYdNd7nQubLv232DawGTYEgBWU4pjBjl4/hMSt5iPGyi281qA1Na/LIyhcoAi//h49rC9jtFkctB3Y0bejYe7CkQJrqM0bgtQ==]]></Encrypt>
</xml>


2018-01-03 13:09:11 debug :
------------
String:
account-ticket<xml>
    <AppId><![CDATA[wx7f83e93205d2fd31]]></AppId>
    <Encrypt><![CDATA[m74u/rpNf+LlzlRZZofToTOSmdFmKmAL50TDF+01nWRXfzReIDyBn7uxuhqIa/IgY9YTFOoFC57N/0A9MbDkVibrjWQTxwFp5sCpcAE9Hadj67+3mOv5Esf4kyL1sV916muBZSA3vnL52YmN4LrtDVDqgWSrQzOYyoZ0zgOsZRhF9IvL6wdH9V6+fspOjbitBwOxWAwL3STX3kcEKRNprrd3PFc8okyEodelApRKpaXreXnZ3oBsnN3xvGztiU0JHqR6TLULt6ze292Al88GBgi4nWrEdkVTS9QV2RrXduUCou/Byh14P+HMGFXGZ0YfR8YOYWb14qI5hqA7vv+XWXkGyZVEFD2zzSzQPm9DpLmkpB5/fvzzq8pVqz2NgJ8H7Q1WKDPtM13zFbhB58sqW8aMEAXyXTKVECh5aqt0mtes+rSyoZhqBOuPIItNdzb08IjKYJcuKwPaz3Rxk1SA6Q==]]></Encrypt>
</xml>


2018-01-03 13:19:09 debug :
------------
String:
account-ticket<xml>
    <AppId><![CDATA[wx7f83e93205d2fd31]]></AppId>
    <Encrypt><![CDATA[yFy4HBZhSTQSD+cP1bcFwMmti9Oj8L2ClJb8CFtCFXNvePpEh3Zs9+kP1uAuVS4EAfsGDpBtZmKTIUtRu5CrC0QjArjgwn5Xf7KOPeidue3sMxz6ZMfwZRXsVZwoVRUya19R2sFhEWoC5Mmi++qtFuyI/krnZWsDR840UfNIHEcpSGPH++n0rSKGBAitWumnU1tC3/DNX7q6KLRYsB3jWYHPiaDA99y9Y8N1ui2/NaD/AckwCWUjhtGQOf9dafGFv9u6x9R3WL9aTlwvfoiBinn+GLgOeMkp88rtokGUmaxe4t1fu1JD47otThB54ht+FrZ8soqUR0lNeus9guw0DPG/OWAEH/iVJdM9rnLLnjxGqZvr03bVtxOwhFnpZC2tJ7vopsXEt1HCXQfo4LH6uhyfmkO+vPMLqx7knxdUOXa9wGgVjWtJTXjc+Upde4yCTgIvH1aH4UF2wGU/amRadA==]]></Encrypt>
</xml>


2018-01-03 13:29:01 debug :
------------
String:
account-ticket<xml>
    <AppId><![CDATA[wx7f83e93205d2fd31]]></AppId>
    <Encrypt><![CDATA[frZ0yOZzUPkBYL9/K1znDm2BriTjDBu/zbWx6GYahZSVWaT+x38K/PDuk2DoXVck+liwk3ke7oOghpHeeG+2HAWIQP5cGs+gw9/gvQL4BFExmal97WqGbOzffvJzqwjtcVBi++xnHt/JEwLX2EnrCv5WzL2JOHH0exW0edwRjgF1+oJ0bQrM2LRJmCjOjbGFJNuIcL3JpA3cfYysTO3p2UVg9in7Qd6y5sCqHoFTzQXA1dr0JnzPhhI3QZJkdMAAqaYyVDHrDttrYJ1NhhX/l3BlNAPHwJUAAwg/3MPf7AB7qsZ86P9UkR3eku0HSmSsqfhczR+oJi+a8TK1/+qxy99o4M21GEZaiBjOdf9ub2ywLR67CNxo6Tpn0svwsj0qPjSNUzF6UzhzP6YRPDuS7QhaU89LVfjva54VXv11MUZwcJZt+xhjJX5mGor2hB+2/JgvuyECWHNy+fob4DLTew==]]></Encrypt>
</xml>


2018-01-03 13:39:01 debug :
------------
String:
account-ticket<xml>
    <AppId><![CDATA[wx7f83e93205d2fd31]]></AppId>
    <Encrypt><![CDATA[yw6fgCWXt8ONz+OmEoQ1Zh8Otc7Tt/GY4BbhjZdLHl7PAu4ywRJF7jEMtTMARtEyqj9TD+XnmLwggUNOGAMkBYicR/tJbTFCFwy0XOXefq22EsDOmlFfVp8NMkJHzHP6n3b92xWNyEA5inxfbYlKELDMvUZarRzymbUOJgBnFUH2kflR5kx81gToZq/mubMENy/taF05tORUKKTNznK2CCdp/RW2NTmvTPdeW/6h05mxJTPy809PRpbbUhYOgKwFLAE0k615TsUHKZu+6pT7SDSjK/1+FhdDurT6dwlmfKI6eEFp2m5uhrQhtSta0nt2fWGcYJaqhrUT/78RCQy/IwK4s9ERSdXds6IpjAPhTP09yDx9hCiiICBYdwqIBDrHmauAnJhzNLoDp9MyjEv/s4O5SWQQ2Udsj0OBt3MlGNuFxFKyHAvASW/J5cA4GZtR8Dqekx7Wm1ImHZy0poXxNQ==]]></Encrypt>
</xml>


2018-01-03 13:48:56 debug :
------------
String:
account-ticket<xml>
    <AppId><![CDATA[wx7f83e93205d2fd31]]></AppId>
    <Encrypt><![CDATA[g2Oc4d34DuPvDGRM8bQ9haOQmzTHhdNfF7rdH5VjA7AAdRygGQ/8Q9JOYBK+55SWie0MUlHo5009jWACPDNyRcfFodxkGk7hgmmSkkkQYkYiHOE7NQrykukkVbiz1UQt3Pk9bxboLfHYQMv1jolIWB+OrGma1Xw0zKH0uk+oe5cZamLj7R0MmnBvW2tFYYZj6bwlZa1EX5Ofd6bGIH7vKHLSLoO/BSRNSuPPYdW4kjyPcMxm66V4DGTd9SMoUUUHei4YfD4PXzP98jfW0o8GDzjwZOmxsSQKA3+O1iSjMMSQriHbk6vkU/8sj/7AtOVtzfMmnSAky+4jmpNkBVnIQq/EGntSzFBLP0mOxcaDZvHcKS1lr9hpDLJe8opDqspxRhe0a8qWSbRuksA7uKlsYnDtZFLZVu2J4+gLWboohsFfZT6YOddCZ9PlJapKrwCYhU22YqO/GmzCbybxNtMx+Q==]]></Encrypt>
</xml>


2018-01-03 13:59:00 debug :
------------
String:
account-ticket<xml>
    <AppId><![CDATA[wx7f83e93205d2fd31]]></AppId>
    <Encrypt><![CDATA[89CLgMLXYBsrtM+1ludcbsH2iNfxuyNl96sTAWAmyTfaF022hcSclKIrdwPhE0XAxalzqO+UhXHGSyRiEUXkLfQiurj1TiRAXVQxq/NmU33eghdF+YYHl+ohQ7N0wxjTn7/co7MJEi2Vh+S2P7rv0rHXHvEBP0kSPJrrYgvJWn1HnOP1/S/NcBKNmaD5zLgcYK7AMhqGvulUU0GaFzdmqXJGwBjSkShm0LFBKd0lnu5CkZkFBYNPWyrCF+wqL8OP08LmwFxYnP8QUtdyvsFbMlatuNspKFgIkJD7w7oAI0tqonfoRryxM/eLHmSqVT2kd3UPgknH648flXToeEsp4v8bXzu3mSlb2AYwNroJW+V2DlKhqV1fkkGDo8J5M3hiN+aZGcHgWuk1X3L+cf1N6rXMVLuHe2+u7k5//ffBiqd/Z9QyEdpSvMGvuP3FXZaJuSpWCqZDLmGf+SNWyPqhVA==]]></Encrypt>
</xml>


2018-01-03 14:09:04 debug :
------------
String:
account-ticket<xml>
    <AppId><![CDATA[wx7f83e93205d2fd31]]></AppId>
    <Encrypt><![CDATA[jiO+HFzOIGPZ4xFPjDmkw+KsUtj+n4gjzhSHkHuQgLxsRyXUl9gYe0Sfenn4acA7s6Bl/mbA/NOctK+iP4OVe2+GoJFr9ZCjEgIgRHzZPClrjZtLqzA69L0/BOWi0M2rNkaDG+xg84r92gQPYNzZ/ImzlAC121EFoUh26/rOR8NPlJp1HNzx1CpyFXwCxtv8hgHxPpAM1A6Hk7HiQOXYDPxYIgQgHxgV+c+bZCtSfFxYPcWfS9erUvUnvodEkn+jrtKxod2HJ5ujamghDuZJ4umV/lR11EDj8OUk72VWHSS4+OoSC9vlzTFd2DxQUP3EX+URH12LypwYiObckfSyH9gSRcNN6/C1KvziK68GJN8ukRfCXmxH9tLw7wWX9a93XePCJJx5bIsXFbMvzUzqAbVnNjh98A8jDRUxNEgUXFrWQUHCu0TPrQtknffJRM/6VxWmt0kkO+IjhWXLCXXOaQ==]]></Encrypt>
</xml>


2018-01-03 14:18:58 debug :
------------
String:
account-ticket<xml>
    <AppId><![CDATA[wx7f83e93205d2fd31]]></AppId>
    <Encrypt><![CDATA[THdzJr6a5NNuSGIE0OaOgjHK1cw5ckN9JiuaphxU3DnUsnF1CtiCpfBZsV+QTgZKgbQuXIxM0NEBtu8IFOM+UI15gs1F1c05j7vFlqab7IjuGQosMgr5y4mEcpqDKRmDUBoLYjaPaVQ0r5edfZLvtzv8k7pKXkrsYhnD3/litKudEkciBMUqB+Yesc2JSjd4xtJ41vbUSzBiIQSBK60tEFixqk9jlkv+aoRmR+B0YsbtCE156pDxd7l8gzBZzCpbqOsz7qBCPo3g4/vQJWtIOWqucUbaElVC8Q+GhWWth6yKP4GWbcUqfuIhH0bjV9Au8D0ucYokIQZjBHt+aumUKJK6uSl45RZKSU3Wv0iMulmLowGfyXSFIlnsL5VY8HepWgMzJkxcif9oU+GyYZAvphirDvIwMbbXZYbvjnWtxaTdfBBRQ/mp2Rqyh6GqewaH514md5Cko9YWQCt6ML/coQ==]]></Encrypt>
</xml>


2018-01-03 14:28:58 debug :
------------
String:
account-ticket<xml>
    <AppId><![CDATA[wx7f83e93205d2fd31]]></AppId>
    <Encrypt><![CDATA[mAd09UOkY7RTKHp3WAaZkMUjqzXFdf60A2CsIMoIV9pJ8ISunXBKi4HJz/DhNUjyLeHwidstvE9Hi3Yx6GS8UWxtzQ2aFciROkL61fUY/QuZkyJyaTVSFPBzIDxtsuI9vaNTolynpUjsPFdIz97AnG7iVIwAdQ6aXMa0CJqOScFD8e9E8LxcfiUUTZvvv2E9NTVpjuFenMRKzyh/zioWRcxGtanmMtxXSePHEj63IWBjDmHUGyJUwtlS+F+QTmJKAEnKFPtumzh8PQUyroyDPxfxe7e0DYpn5qaVUIVltHeLiousmlCfRWybasxWXXjFqKctuS2o6TOkrYJK5GlXKiJAd60ZY3GdqvUEBZqpvOts37GNkCPrg/Fsa1ydzmQGmKpXW7XHUA6FBHfs721eLSpBlUWk3X2pQkEPNEWkjO3Nr4Ojh/7LBTlMjoi7y1lcxu3ookWd4zLoDkak5jqM/w==]]></Encrypt>
</xml>


2018-01-03 14:39:05 debug :
------------
String:
account-ticket<xml>
    <AppId><![CDATA[wx7f83e93205d2fd31]]></AppId>
    <Encrypt><![CDATA[z+me6foakE2TYHQ2KiuDus+Xl/9vHhXGroaowvdGumz9MtSh6ytaLxLXtIp4hu1tH0IuuemXUUC9+knPBf/kk4pmDC45xbbdeAkzlq+37xK4iyJx/ahK5Uox0SQR8E/enKhV83sYP3vuQrxVb1NQ9QVaSPT4xd9btMzqHjV7oHWZcW6eBYB2FDvL+mmjwo/Lv07Ynmqy8BPLQlMpTTB9NXfGYk4YIfESExoBvhuVCAsZgxbkdy9O/1iAQ+6yMc2y3OvBlAPEmdPOtoG0LIgORaSiDrY954LkEb35XOaxZucBcvtXGDaA+V3XUVPivgG2J905jzvjiw9fzXDTeI+XDEUZ2qEqFs8W6j4cjZ11QRdGaeC1fm5IkQbPAAUW6vHwT5FiozjRy/WJcWL/frDfFNW+ByGEKSxWl87pLWLjUSftUqdIInvdRiG+BqsCg4aRI+plYCawOvZsyrpGawhfBg==]]></Encrypt>
</xml>


2018-01-03 14:48:59 debug :
------------
String:
account-ticket<xml>
    <AppId><![CDATA[wx7f83e93205d2fd31]]></AppId>
    <Encrypt><![CDATA[du8DtEYwJRLcSq2B8gja6j4Nfm6jdugs8MEWJ1viB+N9dhm5CFBKiiltbZxD4ts1dhUL1cz/itBAHTC0bKKknv9+jrM+28jAkNbFb8Cf9Xg26M+kyrQW4EdxMy4pJHkUoaY+BPZZCdw6KZdw60PCr4tp8Bsk3oWZlJlBFJEVIe/BaDjBsCy8SBbAS+GE+yFBTQRZzUOHR97DERVixeWyzFmRdTJaLEFMjpRGg43Y1sT+WXKMrZM0iV4TaT5PKec4kGQvqgPKts/EHzfKANlQ66lb6WwGon8CWwGj1IV/xWF59mfWsMFu0JQqLuUUo2ZScvGvDqxFxqT8yJbYVoc2881XXfOWLrtrdHjBmViDQGbK+l9Y6pfck48d2j1mgVkIOYIOSgUBt035OB3MvocttAIMu0oo6Wro9PC9aX5eaFTTWJvME+dZlhL1UVq+hMWK7TNIHFkBMcIe8y3qprHeEQ==]]></Encrypt>
</xml>


2018-01-03 14:58:56 debug :
------------
String:
account-ticket<xml>
    <AppId><![CDATA[wx7f83e93205d2fd31]]></AppId>
    <Encrypt><![CDATA[r/JW74VUtXVm2nniYRsLWiJM/Pc9EjUFKO5CluGRT7XOLQ+cJPTZIZ9wyFWGm77XfQ7jtvSpayxRCqzxqpldeMNE/NeuGWM4fBZrBVZnTk+lkDi+UkdK0WK0Tled0dM09quYMz0jKrfqyeuHhPDpun4Um4W1F/uJi+1mYhp/JtOL0peVa/GgjCx7pur9Wdc0OKtdTmAB5uJaE9NhpuZSKcnjqevPQbpSXvNOluEWt06e1skEOXCqcgoJ1G0vkU1c7XCF1aTGKMa8onF5b6FXoY4SvAwS12f6zEwgX3KZ49NTApgAKcvfoPc0K3I2d/SdRyOvA8g5xeCnJ9jZWjWz26vYJICNsWgtEvaYzpz5LwbrlCPfCn4t9aI8SA5LfN170TpVWtadiGU2Zer0rE6Z/ziEuR94sfsk5pwIhJWCdYmeVQJiowpxsZIh9UiJBrsZdHMRVYLPTjSgCbv5HtVAuQ==]]></Encrypt>
</xml>


2018-01-03 15:09:15 debug :
------------
String:
account-ticket<xml>
    <AppId><![CDATA[wx7f83e93205d2fd31]]></AppId>
    <Encrypt><![CDATA[MyTfNBknt/E1sD7ijGxIelSjtUMCCUao89qZWvDrFaACP+Lk7fv9xYoShfTT2LFevXxcr/BGxNV/scaGR7jM2bHVByvARt2jR9QyNf4aiHuBL6tHjU8ZcLbDVUQM3KmUwR9ofY409Dlf0SFZS2gj3NkM+aErxpkVH5OKCwuoeAWG9Ag+CROoi8CCYGhBnlikcY8uZLwmAUpKfmYSXJPrqaJPXPDZU62WzR/MYYrQ3iATxIXv1tGZ1UYDcbl2UqybPl1iC+jR/b/2gbRc1WqQsvLitSyk7Oi1D6pZ5VZagggOuoyUVoreKbyZrYftyM4ByvBNaZNQqJqdax8X21YH6jpg01OsyE0imGdVMr5mHrqxlStSmSdU9PKT0MZeFRJFZXz0ac55DKp3XWsskz8O+lWwvLSno5vVFE0juzwGJI3IPY1LBTgpIA0CauPkn1v3jsfFnWz6yGb7bEJYq8q4uw==]]></Encrypt>
</xml>


2018-01-03 15:19:09 debug :
------------
String:
account-ticket<xml>
    <AppId><![CDATA[wx7f83e93205d2fd31]]></AppId>
    <Encrypt><![CDATA[E393Sf7otNwEX/dcD4gSs637NkPrYxwsWtKBGSCOAZsCDKptMJ1969pvIqNytOfOKZ8TcaFEzkDsglLeJf+cL892JZrP2A2AW6USmczwzaUqwGXO7wrh0iAPKEYceyiB4d+p8lG/1xXTibpgLrzpwORPgGyD1ln3GLCD1bnHAa1jpvrjyinApWLoY+cGtHpMFdSW02vJ8m52zJ78z8FdNfi55ZyjsDn+MZWSwCh3T4yOFazVlDXjI0M85bIcIJ0ufbYarU3q8bmkj8zMuCQgat9M5tW01ubIBUdCRA2a/i1yWtmWyzpHniBOVFVFj5+Kc6CaN++RPOu6p1/i/CnM577oF6cPTZYX65AOBBw/j3lp/CciltdL/SbtDZQ1/s58XCrTAXKzNqAGPgFZyrm4aShaOjqY9RGrlcEkw8lZiI1MNeyGtJw+eG2K153K1INLOUWHJDAE5jzhD6FZ8xYyyw==]]></Encrypt>
</xml>


2018-01-03 15:28:53 debug :
------------
String:
account-ticket<xml>
    <AppId><![CDATA[wx7f83e93205d2fd31]]></AppId>
    <Encrypt><![CDATA[8dKaBEgvZsL4e+LZW+Z86s/zsAO5EkQmD4k4lNTI/aSd8XP3J8S8AnWkq3Ugd5X8DSmlfxmG89nencAYJoUPwrcRqrQOEl5NjvcT8GG7ZNk73iovN8iaduQUHPz2NtFk8py7HzT/Mng2lejxoW/mkjhNjTwMKLwlIegxYmtth3LMHkrk7nETaT1e3Qc4D6fKTnYd+1BrChNwjvpGV9O4cGhTAkrgyoCAmam/Mcls62+8wXy0TwUpY/nnG8uQeDyodVSY/8sYVcxrFNF/hqyP9BxswbAACVHZ0sEH8nWpwabbigDMDV7paWsRG9UM4tM1MUiV8xuMUO1GoOoWccoGehKEVt5JoPDJdyxXdkjqnv78ukfnEYgFfAlIpf1DeUJdInhC87LaCF6krl5zJOIwRnEnvFWFDA2z/AlHjRubyUtnL+1kqE9ZkXGW3f9Xcj+vs4y2l+6CoSrzFAsG5hTW/g==]]></Encrypt>
</xml>


2018-01-03 15:38:58 debug :
------------
String:
account-ticket<xml>
    <AppId><![CDATA[wx7f83e93205d2fd31]]></AppId>
    <Encrypt><![CDATA[gA5ihZfY6EQUQoxarLApNPvB1vh+5oQBAYaHDRtqSyr7/M33RoYqRZ4u29fcXySXHZRv2PQgldWETlPs2th2tvB8+eBAXUfCfJ2a6R8LazUSCK5D9RV1GrcNJ0wHfd/eH5A0n13KyuwQIr1A3jS3vRnMWxR64akMc9bqFM6c/L39yxLvCwUQ2lO21zm/bcrRTd6aIORkrPwXET9lp7slO4z9LU6Qkum7SFFmpGGDI++OJqvqluv3bdc2/c/vbbCohSt+0OHCvA++yqJDSKUHMfx55K/RLJFnwntrbxAxwQiaBUu3lpYvzWishVIZBCp6EoNi495zyyBoYUZs1QoJ8/nGBkUcENf/HRPQYGTj3JYZDrV7q07ecZN92Ddcg+4qOEIQskhlRds9FMvznn3BAtbiJEmRsV4bBOelXufKmQXgHA7enGFBv0ATWabxbREC3Op975IgABfYJoWVrinM5A==]]></Encrypt>
</xml>


2018-01-03 15:48:58 debug :
------------
String:
account-ticket<xml>
    <AppId><![CDATA[wx7f83e93205d2fd31]]></AppId>
    <Encrypt><![CDATA[Ffi5f6mBRGoXKKEIgdvKmRjwYY1DmWh2x24l5BUU76pnErFrSyDzRNvmuKrmfdkqmZnIb9xYjGJx1DmDJpbjrBku81X5Ir9G/RyZlrC6J+I2FdlaNsp4V7EywvcH1O8KUTmbWMrX/xtPaHacVEoOvci1ZZIBe8hBPzK0nj8db+Vsx2LaSh3KAYqxPVJCWY+fmmKWNAYYwDw8FPqluuA+QgjneoadmLFx2WIj6zTw7wzOanw4z6a0/nNBP0cVa/R0OUuRM/iK4xX1puva3c5cJbU+jZNMxKHX/HyqAt/U+In8PaxxtzjnnJBs4RfrgfY0/yOUaODsrc7/7mQkhfpoBZbSsMVxJeGNwBeqz9PbEJVbZ9oHRUQ4hALVtT2qKy6unX2tvtCl+k2hqyoXJHijCjS6w9ZqOzJzIIL0YqxrKr/W7zWWy/1rcc/TEqBt/W+YjWnm629ayICDJFljnv+YMg==]]></Encrypt>
</xml>


2018-01-03 15:58:57 debug :
------------
String:
account-ticket<xml>
    <AppId><![CDATA[wx7f83e93205d2fd31]]></AppId>
    <Encrypt><![CDATA[/JG+Nf2nLsnReG4hJptIXAnDdy66KEzmIeAXtuNPPoKwKuYhAreflysLc26Jxt3BZlpebB0bq8qbB5UndvlM959CJxTGKdidc7/+30N7UwXIu+x2QBWCu+9Xnif4UUqsLAsaaIpw/wGJb0kttDHz6hJAoEIWirn64wotUUrjXtI3mYABLIM8eXX+tGwLN8XTw8M13sJOHp3hcRc3PGXIOId6G4Mt0uDaTCfZ0oC6SIDbTXaD5FA7RtLe2XdrseaNsBv3TVaEYkhU/930LcDMu6GeRuNWk7IMVMv/m/WlTjgeJWZEQoucWYDE4m8jX5Fpi+pI9iKg56gQxp87REJ+9kiu6cQcY9gzBXCZDYl9o0tnNzVh1IphHzv79aDKNLoWW3qvGd7+lwWNO2pu71zIxeAFdqP6e59u/pyk+mr2XZVJ7gxMG+Zvh0r53fOgbg6kZbQnqnt86jFRILnNeDCaYg==]]></Encrypt>
</xml>


2018-01-03 16:09:07 debug :
------------
String:
account-ticket<xml>
    <AppId><![CDATA[wx7f83e93205d2fd31]]></AppId>
    <Encrypt><![CDATA[Ex+uh6xKP4ANcBtjbpNZpkbFIVwkpbmIL/llEJNl0L7dCrlLs9ALg3MnaCodTG0xkqCmM0X51SaxAjb0Up12flJympsNI1O4fFKq7N2AfOWZFmR+CZbVWRkac3SAf3Fsp3cQmq3+8wOGYj3cNLqpB9HjCKa8tfsXcSOrkU1jT6KM1Kwccm5F5iiuS9nrYiUbVOBRjf65myRRfPtFIhdAwEqjNG76qmFJ3OxYRFx/64GxikWXizz7P6uAoKabC+bFAlEmXj5RYJN/mC0UZffhV6TJqYgW3ll0SePh85XA7i6wRjYkbaoKm4SlwuIoQWh3YY7i5ZiWcYcdEuh9xx3brszhcB04PPV95iXTSEAQsspslSWx2yFajHpMsq73SffQWmN1gfKi3HPeo7BD295q8JPu67feZgzU0bokaE8qPFBwgrZ+x4j3j7LJVQJsh0D/BY9cqEm0GbUocrizI8lIbQ==]]></Encrypt>
</xml>


2018-01-03 16:19:00 debug :
------------
String:
account-ticket<xml>
    <AppId><![CDATA[wx7f83e93205d2fd31]]></AppId>
    <Encrypt><![CDATA[D5iG18xMKTuuTYneW35iDEPgkSchN0OTc2vS6GJoGBNC2mB/QWYhOAC+J9mZAZlUEFSqcSkU7Rc/778461k278qo6jbby29tIHFPGu1ygDeLCFe2ys0g8i+aq5fsglmajODJ7xeBhXJha3krdXv4rAejOz6iqPXd37rumA6jpCcXQFno/iQ/zWR6nlxZ1TIIdn5EPT+9Cu4bmCj+MBHw9HbEVzUEARrd5gpKGn8kQ0+Yk2X0/JrcQOwhDCvsL/g4b2F38Tw7/FfclpGeoNH5/UYluLd9B4gq/IAj3P6dcZM3HsjS8nxAP1yF1z0E1bF9KzW2h0dSY8LobE9c23cbq32aj5DRHhsvQRoXiHXRiFIKw/kbovJfxtj304oqmYcCFRo0D1lwUw2gQNVyMz6ji5zsAB/TgwyBfWYOCl91Vf+vm5QBQRUHiCbAQ208oU+sjA0QojG81r8vsJPPDo9GTg==]]></Encrypt>
</xml>


2018-01-03 16:29:04 debug :
------------
String:
account-ticket<xml>
    <AppId><![CDATA[wx7f83e93205d2fd31]]></AppId>
    <Encrypt><![CDATA[5oEdl1h39pHblO1u2r/QGIQHctTuMKRnuKjm0b1ZsnZNTRQb3ip9in0EvB6At3M3gf5NDLE9pjGR5cx7peDZORSLUZWWmJMgrwenSAkMU98UW/yaQGNgajCRdePoScYzzQMnKAm3d57XZ18Ruz/NRdnnx7ZbGMY23HhLonXHC0hbt6NezXrXt84GRduantwbd7gEyt45EFhNWH/R6dvk7TpY3J7xX+YroYRD66Ac+HCuitdNEoXFTozW2rN+hR4rUNVH+iauPZXx8qoQXSgPUbKqvfJUSEcW19K8Nuy0IPsR90DgcCt1WDoCRc8yToL959z2oz6wfzJvRUZzIjmVufDLbV5gp2CH6xzSJluxMJW0TSy35P2bUdx10DJcPHOHdXJmKcyi+ccl6pLkMRQ5tbyu4+cyOhVjZxdyea6XIEUAT7TIJvWLu/IxyWOnE2RWnuljxMkDAfU9qh6uRiM8Ag==]]></Encrypt>
</xml>


2018-01-03 16:39:09 debug :
------------
String:
account-ticket<xml>
    <AppId><![CDATA[wx7f83e93205d2fd31]]></AppId>
    <Encrypt><![CDATA[Zj4DwPkx50i7ZdLA4FpipuskfoW+g8P2CHX5G4yImtDG7AXBTe80YXKFbeu5nHNw0m0ntKSyXSbnRgAIdNpqhrOL+YMAEQ8L+vhMouv9w/0GqeL0G3Q3QV83LWa7wu07lr4LLWPWx+0nZ1/5HgB+XPMEjaBhTxGbmYtDO54mwbbsRtHor2BJtMlyHQsVXluyrXzsK2/6rSk7nY0g3Yl5q7KpWSBMXFZQa6VHcpvvr0yke4lpAG7S+Y/plq/sL3mxJwsuwlcWOCVScBulcXBF3QWS6a59mF+XrHwAvSKx1HwKgGL9gf3gBhUGmeyXu10xpkJIZ3/ovM2eZbfC3BGw+pEN34EG2uQLrs0ndfmImnRqADrXa7u3pDUiP25T9hvLX1SqhjSueX40IidFxGSAHrcNd3c7+R1qAkT5eiakZsp5RsNUi47ffKx5uNegh4wzJYnjXFTGBU79yIDsrCnJeg==]]></Encrypt>
</xml>


2018-01-03 16:49:03 debug :
------------
String:
account-ticket<xml>
    <AppId><![CDATA[wx7f83e93205d2fd31]]></AppId>
    <Encrypt><![CDATA[nmQCdn+8jmxO1mG5hhuGKourFPQTccKKwF8glYS6Oipjza0Lwb53JwADzjPDpP5kw48hXZyp2LA9v3XmAP7WnoBMQzY7Ku2y36XNL1NrnLTMbYzKUJF4wpGpNPPEm+dZRDOeHh5BmfXlCSqjiNEo9NvoRA4Rv98ZNvADISffp5XrHXkFoufjgN2JTviWxlOzf17gc2pSSpGtcYYU8pqLjCf/7tO9BHx7dIHiCUOlZqKe+LKFdn64t2/CgepOYeR3PR2SqGUEZBHOEkdnWM7GBq5uLgNTEP7hQp5GiiOLeJVjJyDDXsq8fUyEgeTlwpH1c5bEkSaCsLPkgrOogUOuTzhC+Wagq9+Q3jlcYURv+Q8iWhPIU3J33Kc3FzZXbcmFmLej5speffilA9AjM7rAM5QV11vPI+YJ2d+gRxrRIppzMp236OjN1ZdxLLTsHjBxaDmKYrkXgJQPpY68nlLeTQ==]]></Encrypt>
</xml>


2018-01-03 16:59:15 debug :
------------
String:
account-ticket<xml>
    <AppId><![CDATA[wx7f83e93205d2fd31]]></AppId>
    <Encrypt><![CDATA[n/83Qmtfv03pdzdcAxmGFnA0O7fAAMBbn4qEWdQYATq5DJ1hfZK0txxGnTUFWqJkYfpTUdruzrgKq3K3hp7UHAzfVQ/LopHD0WpC0SslUY8Tc/DGuPjA77B7KG9nn8aWSUSy7Q9XNSWT8uZU8CXWJDv6nNKnA+FSHxYxeb4MDVo9EYgReOhjDkJ/fdVRnvp3NehNyjI6/pndC+4Xwcz9Tv0ZHkOVRMA6ykMo790AXCxEjDdOWqt9WCXQaUcIvpqTvnqKLpw0oGUh+Tf2g8/j3aD1D3fMkD0SbuOlBlqxe1fqOAXJ63catq5NIt8EuxR0UucSSFE7JE/vY5ICrFl/3uZUKTxFssd4ngCJvgpF2Gh/UwLCjyEMU0t1JaYxMk/5uMrOaqgGX73NsJ41nirROq1kS+2W9PQdJUv00z/f6j45MOGY79vydX7L2gO0va5wB81aF2iKag7+RMpKMcDQmA==]]></Encrypt>
</xml>


2018-01-03 17:09:19 debug :
------------
String:
account-ticket<xml>
    <AppId><![CDATA[wx7f83e93205d2fd31]]></AppId>
    <Encrypt><![CDATA[lU9LLxna/jmPBSAcwf358aZOKyL8CU4+75/uvAr52M8QubWT8rks+ajdr4261V/l4qiLFVaZhfaCa+7e7i9AL0i31RhRygRxEFZ3UWZ/2ruriFNuDJFrTPzbFkJwSMVquClasnee+BpFL1njPd3KwCsHjCEGSVY7EI52M+T5mXJyA+ddZlYajBH29Iru/jh/l4dCnzyi6wcQU4WI3UIOxHGCSBIN0ebLNoLzZQJUlzb9pOvgpZBT4EXfXTBeqtg1PlHvkv86PQd/NrfnR7tJzgm9q19mxR6KpgUwBj5rk/5IpifBSuFSd3ZnmfwhdYKnCKt0rr3SzJMpcvDiH/wUQXphikiT9E1UxJvfx/sva3p0p2Ar25Ef3kiptKdlxUUXcpljmxdsj55XRanVMSb8ccHP+d132GxZCCaJnwmqTW0RJeku737fomqCcv56sDBQGtE+7xHZyMxXvecxa9m3Sw==]]></Encrypt>
</xml>


2018-01-03 17:19:00 debug :
------------
String:
account-ticket<xml>
    <AppId><![CDATA[wx7f83e93205d2fd31]]></AppId>
    <Encrypt><![CDATA[nqF3uV32nZ+H/cVv1UaxjxJQHI/akjaHO8C4bODM52fRGvDfdjPajmRqxu24bfaPHOEGQRdLacUQitAoKGRIP2KEcGljtor/2ax7iNxIsmPxJRJYp691VZwz0Ezhde7RvCvfq6T7expTV1U/deL2cQFFEwiTn2HIPx46ieMcnvwObNN6fUidy9KMOGS2bU2JO5k9TejJNpSpyAIGyMte1Ow5KRgnRB6dAK3w2ccuDFYp1sip5IiARyXsbRlZiHm17dpV5xQRgDz5PSmMteOoTeUyfBGmINvuF3yT3j6gEZ2iTSMkW+0kogYDYp67qsJdg+q8KTf2BgeRKdQEUL0Gz5tBIGD/XaQI4D9ezvlhu3UFUfHkcbxv+VRVZduuVHrJivly28O7Zu12LmcpUKz7qdgeMPeyprheBmBqs/2lWwX2QkT1W5BL2LZtVWjCZ/hCYKbCJS6uSw/CPwfmB7nfJg==]]></Encrypt>
</xml>


2018-01-03 17:29:11 debug :
------------
String:
account-ticket<xml>
    <AppId><![CDATA[wx7f83e93205d2fd31]]></AppId>
    <Encrypt><![CDATA[0jcxF8p2GGIbl0amvFFTnujLjmI0doZ4pxCVd+13FM64nzp6ZEIopNlfkYgKIGvLoHYvLR2VbsMVM53/0cDS0AvIogmkN2r8//XK+nHVS2I4/Lzn2ovuX7L68HjxzSBT5n/UIZM1USfc1tSV2YESDO3XOEfJAYH5dn1huKqG4SfkshOCO2l90A79b3VxUyT/SwgCDA76QJ6M2RhuSHUSTs4TsCoh6hRLnHFwl0x+0g5W8soxB5k5aVRksTe3jwVPIjXGKlgocNQ1c6ee/2FVdtfBKZ711s3BhmVE9A5yiQ1xZGtjO7s4LE49QWRyXNiiZz1AxKQFoVBdnn5U5CmpAVhHccLAffpOU0/Yxvfg51PSv8qZiFQeQdvEj4rM89lbXUSNWrMFfW9ok7rUqKXPaB0rZ7hVZTUWUz1Q/uGaZHtAOdKTFzOm/qZkfTDTP/S1H7TXnuZqD4RCTviOAGEebw==]]></Encrypt>
</xml>


2018-01-03 17:39:08 debug :
------------
String:
account-ticket<xml>
    <AppId><![CDATA[wx7f83e93205d2fd31]]></AppId>
    <Encrypt><![CDATA[OGxfPUniJ+cScegnaQptEL5ujxLjVc/aSL3q8L7OBdjRp1yguTfnuRfE2ZvcgJb1QoawyEYFJgLXbMxVqCA95YLVUIvBZHYpUq3yXSgINnbrj/zRziLV/bMGZRagybTaWg0AJmlvCZV52xOdsKYmRdc+cj30jAA2TrwiWiAtZmZO0Enf/MaLcH3SMiL0CRGWGQgld9LCPjOHPB4MM3+1AWrYXOFy3FiC9PMec9O2A2fy65+WFpi5hJ4GfcnYJ3zwakTu8UWbWrWwG9XRW+GmbDbeuiGAuq1CFUqo+wfutMUkcNU7VSxpf7rsPFm7OwLK58ksiMY1VFYnXrzASo5r96bwYxm846iWRyFRXZOJpy6ptxXyR3Q4vtLxFoU4F0TEwvgrkNTJyoBKlywf0JZlt+gtCmFphFveWCOGyjMDy7JJZPOaUPNnyVJzPfH/zYKOioxhY8hgxhug+aC1S+w/qg==]]></Encrypt>
</xml>


2018-01-03 17:49:03 debug :
------------
String:
account-ticket<xml>
    <AppId><![CDATA[wx7f83e93205d2fd31]]></AppId>
    <Encrypt><![CDATA[1EQyF2dK3CLYbnovVIlKdl18HW560NpnnuLUtJkPkxRitRRmwXyoqBGZVXI7hjD1NFxUNJ48QDiAJ9q5RfavTHF1YiPhhtQcGrAYkOnSloK0x48bKICeN9mgwX2iGOEvfz9W4kOp7s//inYiWj6MhrDNOg2FvSBmJTC8KVvkfLJ3UyuUSvoJzJZDVBCkfmd2VfjwD+FWK9vZ2FHAJC3JxX9BzlPDs63D0iFwPlUnwAfRQWgHXh7OQmdS1zKrOH8Sr3gxipI8Z1RK2j9S03lQAj2GuDl3+rYqcjZIU77BjAFB0EaDOxZV+pc9Vu8uzqzp6AyRp+SrJc2vm7sBs12Zbwruhh83PiEkhyE+QwxFeR3I23OYGQ/FIprJinX9yIyvHC0KCjSAbrf/oC5joSiO6GQJjBagHQncZChHUM4+u7rpAMqjw09uPNeG3Zwkv1qD+gAr3qUzpIoyRdWstCFWWQ==]]></Encrypt>
</xml>


2018-01-03 17:59:05 debug :
------------
String:
account-ticket<xml>
    <AppId><![CDATA[wx7f83e93205d2fd31]]></AppId>
    <Encrypt><![CDATA[4MZKdlWXefP5jKX+j2GzUcjFcc9aIh/1ckvj4t3SI6SRX0fiGJvRKJeBVpljX2peboOAmwh43RPaEudXm+wkGC6uVSZbzYohXQYyN+iDz4LHopbDnsjQwWZgTgP7Z2uA3MxezGkcUstKulN7zFrTTu4eWoIB0loM4QdkGCktiKXj1rTeHVbJPfHDkHBFXv0noqirGwO7k6WXudPFPqxTKxXGuhxJue4Tc5AwCOgGTKMwJVvtfgO+EXLEGWCRkngZUrSxHg11rVIjrOaxbA7GJFREyqzMHBkK9vsMRBBM0GMY79H7ZSCM4sZEU8hjXderaLAxc0cQzxCtX+aG5+QzsE6S5ZjvFDm8Wgq4ZPY1HtT+WWgFC3b3QMe7LFjJC6RFcFq/V8fV/0xuYyH4BlsIXsDv7kZAhM5nLwmkF8szQzLTa6srsICJeCXP4Nwd2AsfG5CHdoyFi27M0/aH+JzjQg==]]></Encrypt>
</xml>


2018-01-03 18:09:21 debug :
------------
String:
account-ticket<xml>
    <AppId><![CDATA[wx7f83e93205d2fd31]]></AppId>
    <Encrypt><![CDATA[rT/syvATs/74rrwVn/3RhqqPCZuHOeXUlEeBySdDh2QTvBWSw+sPG+lpmGsmko2zhewbc/izBOUgppQh5CjcixJJWjDqtWHm8NxoF3sUK644qvANuGZD4klfE0bQYP30Jottw3rU/syZWS4/4JFDapw4A1vzwPsCOkGQhnWkiyIXFrJzZbQ85v5Kb+ywuNTW+d6Eima9UYfw/3HCEO3baxy/+VovLjdGzNhrhoPfexTwsMplc66cftszYomIQAdddd8W4nDVXk73wdJjCCLtVupQG5uOWvu+U/MPUSH5tCP2WxpF/QZDreDRHsOYGaVvQQQA+fSarVnA6scoPU28PEfSZ+UnwvqOprw7DaLPMswnVvtL+EBSuNKGNLzKe6p4DfFnHEnXQ3VGuDhNgPNARAu+EX7l6wR1pxQTtb2HFD7RjBOgimEn6FgrIs4gOfvCC/Ylag9gzReaepVrA0WMxQ==]]></Encrypt>
</xml>


2018-01-03 18:19:16 debug :
------------
String:
account-ticket<xml>
    <AppId><![CDATA[wx7f83e93205d2fd31]]></AppId>
    <Encrypt><![CDATA[p1uTgCGHTjHzRnU9OsYTzRidpbnu+npfQQbIvxRZSQInw25Jq/KjbspOCCF73tbpTw5pBx6b70hINhLGT9Yhmel8wJ5AV3PYnpPqRLClyuWFungJ0mV3RSKeAs2DEDKFHLvd1thBhrCr/wV7UniDLXRSpbyYCKtGvwSwoCzqS9aJQbjPZvPh/LNp8xFus/u4TXLDDtC92D3e44iIFyjCMJA4T47StNZzWdsy4aRsDkOVw2PDD/YRI6C3LCG0tpNqcv6pqz/UPbNQ+QIWN2m4bhkEL5c3pSfdhNEbBEQcfhswaPR60TCvpA5d3QmJCfpVfny98pCXZtQ3giNLYRsq9TkUuLKNQFo0OZ2no7cDSM5FnKsknhpXNX4BzAIwMHfitHhNrBrXJ9tHsie2jvj812WtC58l4R/AAPVpl96iHM4WOaUdfhMtmZwpNwGgU+kdiFZE/3MYMekSTNL+WdLWAw==]]></Encrypt>
</xml>


2018-01-03 18:29:21 debug :
------------
String:
account-ticket<xml>
    <AppId><![CDATA[wx7f83e93205d2fd31]]></AppId>
    <Encrypt><![CDATA[RXaOvJNIIRJZ9jg3wD3UCzCJYoMH8vIz9slIJYcNSsPrMsD+GLvIfvOa4p/kzUOxS93crOGwPqsF8m+8udkUK5ZSO4D2O4MzJcuri+LNK4YGF9i+PdgMzTGqqD3VyDAeFaJZTupMpiRovtNpt+G1qT73sD3s+Wg3f158R/v1jmACX58JlZ4+jZEsh5ZhEvdpIQyAqUf7mbMCT9bkKesLi0gWFdrkdrwJ/YlMsN7DtxyYSoKJBotdX0Yk72ZlYUf0BldLEvJAJmDXRwtj6x6uuT24qVycH/1VtdKHXBeZ6PkHqu4l64NZkLFmyMNuU6QRoVyFwhBGk0an7QnvCNQe/2guJ/hA4XsefuxXlJV2YJxsb/HtOCjp5O6DRbE8qslc/VNzWPxcs3502GeekuBtqxV0fotB0nMG5XDFMLXuzjGTTN1ociuH2Z3STWxXQMWsC9sThgX55kEqibvLTZ8waA==]]></Encrypt>
</xml>


2018-01-03 18:39:30 debug :
------------
String:
account-ticket<xml>
    <AppId><![CDATA[wx7f83e93205d2fd31]]></AppId>
    <Encrypt><![CDATA[iLmhp7nrMbBfbZhRgyWXwQvAwnxtWSjfwUgCpZMuxwbjqF8Up0s5S67Mj6QVeSEFxVpkv06tbd7vg08BbOEqPmxrcTvgKAWKYE1R5FOmOQvsws4ivi+/Nf110gi6hBuMl488Lc06emWEKbyeewjlkM9lO6EJprK1w2rced0C2cTkH+Nq9FYRwkJ6T7Ya/7fplEpLi8Zbdu9K2b/v1lBaicue8122wDb24S8xUmz+XI4Cop424AcI5mUu8D0/r0fEqmuWKyaags2WHWJpOCSUvXo5KBmf/5XDqhtpowh6Aspsuay0mRnJhFBOHzRqR/4qWDv+IQHTVz/KRavpKgQi5qOxei82O4p8LaSQVUlxgfMil1y+Tr6feuGh9ar6ZPs4YnQNO2+CDMwrp52KdUHugD1bJrZ/FRd9P6HmgUH0cmfdFEX/QqG3+JmN7YyzttFjoG4b6W+U4YfXH2b0FIHoUA==]]></Encrypt>
</xml>


2018-01-03 18:49:22 debug :
------------
String:
account-ticket<xml>
    <AppId><![CDATA[wx7f83e93205d2fd31]]></AppId>
    <Encrypt><![CDATA[E6Erz9uLEE1bdAs6oxLsJKHatOl2QjYuYTVDXJw0Go6/QgofiAjxo5Pn78IEXk51jXp2+SgoZ7V7GW4YXbPbODf2/XnP781lBEB+pUBE3Z/Xy2NkgpqGAHijmwNgEWm+yMCK0Gzq3VhS7x5xpkkYK6PXXg+0nkKoKBqw3tog5f0EI9Lh/Y8merRoyAcgAgTPI2Ca/J70H3nvHt28vMyaRSoX3ogMhsWX5egiGD9JfS8aFlgVBY1xAt8YBg3O6KG9zH+Bd/v6EqYXpPAmZKmuaPZW8IGFbUO/AzDlDWxfpSkWuoA5VPod8v4E+PTpHNJGvQIUKBMhFbKIXUObuHjOyEAkQtRl3xM0el2P//+WgAYTViB5ZcTUF8cXfOSrrer19WyMCwidGW/T+sraqpKjW8419XB5EFpm6NfM8DB/ZTudvQ0wWmlcPSGFuC8OTqc/ZiSmVVApubLtq5CPDX8mpQ==]]></Encrypt>
</xml>


2018-01-03 18:59:13 debug :
------------
String:
account-ticket<xml>
    <AppId><![CDATA[wx7f83e93205d2fd31]]></AppId>
    <Encrypt><![CDATA[pD7lmmaxRPsmU4CaxY7QOd34N9+CXbiP3H9dW0H8HbV1q34Jd+Y9Dq494d57bOmu2iX4wieUGqMfo5r9/i4ftClf9XTtoMUD4wBZfxdZdQVrF5DeRYLOEFMkBJk43FCKNsu/9CaXgLuj+jOLcE84cgaqcRdbedgE22+r7douDyfftacQZPRxotBJ2V1ct10k0X00ADZ4Ogqm6a0WBoeN8E+Jkyj5lo/3CY6nVl8wXbxGZRJjOnSFBkmpk7CfVj9yQaVirNF4jacxFOcTjvrJCwwMgbdlyzVY2qlLeQEQw0lcTUCaBD3Sz2dGKiL8RXzDF6ZXcp4A76OPDA+rYF9DxABi9K6PnhPN60E2YxqzbIBBgxxAgxEspkQVm63Y7ogwp2RznWzPxj1QbPp0kvCyrQNrsAFQK4nFyXq04WQnUGcVocnMoWW07a6wDzvV08FhXDeiKIdCuv7VSqEJW+aJ6g==]]></Encrypt>
</xml>


2018-01-03 19:09:38 debug :
------------
String:
account-ticket<xml>
    <AppId><![CDATA[wx7f83e93205d2fd31]]></AppId>
    <Encrypt><![CDATA[aM2oCqCH6qjsN/QCdL4iWxghq63H6aoqzYiyO7/P7Qb6h7bsP7xMHnwFFBsCRbbF6umHIlbZwEbiYs81yR0+Yex454N+Hb1D904Uw4/cgvF9oeXYnttaZvsa5StVr5HAh/fbsTEYVPyXXcLqpcTOEDRgPVlqT8rGg9FTvSubnZlKYkICf5UgMo4Gfg7lm7m7QHG3aLGT2/bifT1XHL2yfE6w15AqikMsXRY4UodzN90UZCc9/7h6MDtOjJH9h9TndPt+Ai/lcNDO2Fxyn1JRI7OFqXqvXdiCmfhOvzD53hUTp/XC7gENlr2TpBHhtWk7V4ovEPzbFQzJ+pozHhmVZXQuQi8IH7B1BTm1KMO/XrqzrqhJGPa9CV+kaLg505zZQsnIPCkP+uKNAHTcNiDBCHBkV6EjWD5d1FcRNZqrnfRsHJ33KryyHwSr2q7hCaFT4wo4tuqpv9cmL4mzFOAq0Q==]]></Encrypt>
</xml>


2018-01-03 19:19:32 debug :
------------
String:
account-ticket<xml>
    <AppId><![CDATA[wx7f83e93205d2fd31]]></AppId>
    <Encrypt><![CDATA[AAf3wkBjNViXz/9a1sX84lMaUfEqXvqNBG17LmwyDPCKstdkPWKtixokcLi25O2Agz0YgV47XKOB1lBRGOPuGBZAGTIAws9du0nyScRicDpWJI7hAKFmOnoFc1qUJ/6H8naVLLFWAvzEHO+VDn4OxbrnW/RizHAnDGHeMu+TOP3hJfoLSgnoEC+W695egX+HLvqbD7DK6G83CyY0icM8Zirgi8YVohCzHmnBmkWqKd3z8bt0kqwAw/wvE0WqIp5hOkzXK96BFYdib+70J+Q0Wn0P1gxyMpFLamMcH2l4Tqsy8MYt1/lNX7oLE9g4ogZWysDeyjDfKiUgThLzXfcz5vwXiVZaarztwgmj4CWVUEGtW24/kU7ExP5POVOhvkGc/WT0bQ5ThN3y63H6+bEElwqVua37Rx0FwBk7FMMwadt0NpGfbEu54lGoF7bZvAgB3WZIG3KUXZjPk58e2d0kTg==]]></Encrypt>
</xml>


2018-01-03 19:29:28 debug :
------------
String:
account-ticket<xml>
    <AppId><![CDATA[wx7f83e93205d2fd31]]></AppId>
    <Encrypt><![CDATA[OZRPbSiLYYNwflUP7OTUzlwDlfyHTL4Ka17pU5l9Kob11dlzhIKmlgWLZh2YdBN2gDMV3JTUL/kHkHh59rBATV20Wb2FIKnjJucJtnIJ/UgBm4WaYfvcVmfeHcDz8sWkQNlZHALkXG/x5groNUUAB6AvNuYvB//6MZS+ZQqNRcgW14tP1LaxliJVEkBGAbsYVjC3SoE04/Fd1Qqa+eRrTCKs1lT9w6AqwJYVrQFOrTQC17I6ZveMINs5UX0spYhJJxB3W8ey3J9tFvimlKFX7LOR2PO3IY3FET0w8ffIn99HY/hgVCtJl7WF8/ECHuEsNnj0DvlEzMv83sNziR/hjXmqyiHHd2aUcKNamM8AeXHqIqeUVss7jJ/Di7Mn1wwVne+qsBz5a9bde8PDupbbJTok1Jm8+73Qr9TVC3kRddvaoiolS5jRbuwwanASofF+AeykTX/9porSWBsYrwKOng==]]></Encrypt>
</xml>


2018-01-03 19:39:27 debug :
------------
String:
account-ticket<xml>
    <AppId><![CDATA[wx7f83e93205d2fd31]]></AppId>
    <Encrypt><![CDATA[BlM7zAv39ZlFeI6LO7zTxUz7bkD3ZQpT11fzBIPLA4V+3KOTA8arTqtln+sfrO7xy8xTMrjZOfqNfLF/EODXXVMlMYnVqiapwcvxM1w8Q4Hf/szi8G5hz9bADccY4MZmBzSlGox9YXIl1uvRhCSjTcqGcdOSsXe5Gwaipmqq4t3be3hm7jpoasUFR2t7CrbQ6R3WfPs0RMWjejX5zh9s/lMyZA4HHuMqwtKHSwM7qRhpdp6OZuGHw11gelDfczx8hyB9wkP6mCXx0FxS7YRf22/jANMrq1BdQBYPYbaKUdlUM8UDk8nC8/mYPQ6GXXklmF9OZQhPFTbJPi3UeynKLO8XFzzFBJHQyRLXL8jDSkzc4JbZJRL4/ZUxLgjyt0uZW+a2VWgytrS80Xq+mle939D9aY6KZSYjYhiPnJ4tTf8+E55Aq2jgz61IBH6IjFguAQEsnS3P0knwGvzqV+Uz/g==]]></Encrypt>
</xml>


2018-01-03 19:49:16 debug :
------------
String:
account-ticket<xml>
    <AppId><![CDATA[wx7f83e93205d2fd31]]></AppId>
    <Encrypt><![CDATA[nCYEZ6Ja8QBPA26rSLCJCAtkZms43xgvjsG9WCc4SBunftcHqCJZpILvvCIbj7mByf93IMmpiZaUEw7uB4T0Dud7ke4jr7r2JkSDEV62xVFi2Bnl9kSzfPH4KQzVBZtqrMqJNFt/1/r89foFU5kEIYL2BbCnhQXDw+84amNW5vBgySmXxntfhMyOu0gpBWvXmqJHuNck3VJvL2bAXF3WdgJ6VjVMvrEmzui1L04Lm0T7bxRRvxqszEorUxvb9SUyLthRPccro9UFHXRT8IGmjjLdpG1uw4lrE5b73AukaIkkZh+JibO3BTJe4GeoQ86oGZ27863qxcRVVPUTQrC2TrMeFi67zba0+NBd4B47oPLb6DmMXn5IHVnTnQXsXzuNf5WPbC4Lgz0eshYOVGdHzvvcWxxyYRbsMpoGXJzPbtogMvPKRHc14KwyTpYjUiyEm50ArzRR+hQrAVjiZeNZOQ==]]></Encrypt>
</xml>


2018-01-03 19:59:11 debug :
------------
String:
account-ticket<xml>
    <AppId><![CDATA[wx7f83e93205d2fd31]]></AppId>
    <Encrypt><![CDATA[AXON1N+6uWPy9yAYEWVeLlIgt9LN7bfbHz/tMEeQ4LcHyn+PpYebDyAXsyQKec4mvtYDEks3FweLrGrT5CByz+s2wq9Xg1O3aAaabNJJDuFr5x1VcoYSqBNdKBMqBVhw4l+MTIAwLglSwze21SxAFBTvz1807/HuLFkXQT8IUdb8ef4u1SQ3Wu7bQ4u0FA8uiHmMQkfW3xbBDH8x7zbYX93j/K1EsqP1hvJJs9q5FGxdKPwK2EhidHN6E6eLY2W01Own2X2qF8YqZrZ5C91/V0p/EBm2xW5jNdbnaQaxUmeqFZVvlZR7cUQHHPx8tX9Z3KUJulh/KyOb+d5NHZ5ZpCHCpt7OXSQW6X7aAmn5xJ4AVMWueKrqooxI9OfKjCpfDZSCcJh2up1eDHmaqifV/dzpO7AbuFJfRDCLOCkLg6vADtEOJibcrVYQJOEJ9gjQkT07mC1jkcUNKw6SJMjD7w==]]></Encrypt>
</xml>


2018-01-03 20:09:38 debug :
------------
String:
account-ticket<xml>
    <AppId><![CDATA[wx7f83e93205d2fd31]]></AppId>
    <Encrypt><![CDATA[cv3D2+oYyA1RfW3Zw6uQuQlvZWKIJLPfHzLhfkGm8BUFb1rqdE0RR7ulVgQ3eCiypojIMh25pK9tN+KVJ0NfN5ruLXp5VPjAvEen0G4TMmN2+yF/ouVJ1Q9xkkQdSRSriDEkI7KQm09uUKoD4S8+Xq99IguU3d8q1fTVx86RCtk0OqB6YFIbhoXW3ejsL94uTfo04ojCHTRu4xjQzGBcrrHFxOyzdG4d7vmPDSK0v/CDkulnRcwHW00dBlqCEKsHd8M5g6IMQBMwR15/r2G4eljXRsDaKCYYa6vFZRljQZYCG8/Wbf3XaJ0FfIF/GYI/KL9NY5+3QOoFntFvgLCPqn+w3ZWJAscKW9V8+UWu/oFwrryrw8kcwAxWz8iK4DQ26IgnoxDOa12gGaJzeVkZrnOaHLv8wrlGHCUq2/Ryaofs+G6l/aN4DCXAWdtugf2G6jsI4BEeija+uOBPeLuN7w==]]></Encrypt>
</xml>


2018-01-03 20:19:27 debug :
------------
String:
account-ticket<xml>
    <AppId><![CDATA[wx7f83e93205d2fd31]]></AppId>
    <Encrypt><![CDATA[ebUK8hhkQa59BoFH0bdPT9kWX8A8r5yF1aLKajH7NcvFaU8LHRUsEQ+ZssvTiijqfoqb6iOSbk38RX8Ek7Df7n/EgSZBIh4PWa9MsOAyuFvHIvpj+itEoEvst21x5oiyGVbGkGbvU0nmQ9BBrMZX6C/61pyJjf59xr8jb8+YN7tHZJRQrnNPExzd9prch0fBBGUEv8tymIKoc3+puaxl7hVjc0aikcJtRXszGH2vJG5b+ECrYfPagW0DKDFLq73tC3IbLO4QNCQ32s3KQbMnrFauUwBYpoeuMvxAeXpWXHPz5ogSp4Ej5BJsIH7pk9tKoy13ZNYUqQ0PpwuMofH12J12gRX9RYEI+2njXa8MMdT07rkjMTx86yHhA1HTf9CFzkOjG7U+9Z1iXrbBqD93+xvOtIrssOVk9gThwx+WvLT6dK7o4zkPY4M8VA8xhH1/5TvYkpfjhJqZrmc2JpN7tA==]]></Encrypt>
</xml>


2018-01-03 20:29:33 debug :
------------
String:
account-ticket<xml>
    <AppId><![CDATA[wx7f83e93205d2fd31]]></AppId>
    <Encrypt><![CDATA[eg8d4sPyvgdpZAieTcnh6sb7orTCLezWKzr5meKsztN3iaG8vmztNY9RfV5PTCRSqyaw/fNeXPs3jkDsev50vcgZI4c3fqd6Bs0shsxngMfXebnwXSPnfpuvaD3kveoLnLoQpEClrVbrGbSSMxs30HEGXrfS5ZWWoD61CNfFBnuPKYIHnhpIHk9j+gwRez0mYOb03QxczhBdveGfoZJdGMRYxzcg78mWp7mVD8/Bq1/0gRmXMULnkK0+5KQykg4qYGzLuE3DKDT2KtlAtFI3MKpJu5bC32rxvCv14kSysIGwHTl3vkneIo5u3lyu+gNRCLhx6FN2vlJGE1R1oZTcymUln3kiHk29utNL3zf8EF20axsV4pjwABWrULzV0XHlOpy2srkVf2KIrf4HZwwZ7nXRe+Og9kQFmL0eaz5ue5EDNOPeEFqnPUWf++V3/6OJ+KaDmadGHAscHdhk18c8cA==]]></Encrypt>
</xml>


2018-01-03 20:39:28 debug :
------------
String:
account-ticket<xml>
    <AppId><![CDATA[wx7f83e93205d2fd31]]></AppId>
    <Encrypt><![CDATA[GAwUK7/Aq57V817Ysyh6xMCq6ve17TfBargsqW8QqYzFrEx74XqRZEJI5YknI0tBA5Q/eFiFN6UryzNyaU8L+gd0U2V6H8NWegpmI8taPboeY6kAix0K20Sa8kaUc61OMgVl4NQVLbPgctFOYOdpVVZ64sSrZMC8/9we7uQF7Asj/jkHee6GvSTC6wf1qokGtEt19ttfJ9iUKkyFNy9mc07YSOtVDAiMDsL+HGv9Fiy41XSRTg6I46mTq2EtX0jcBX7DTGHQdqDzO2Qsug6IJUok26R1d3jQm87yRUI82rEWYQwUW9aEIVorZslSDbnZF5fR4DbbPKBMOFKSN8mi9Sd3X7V9+4WHmILEAhGFWNk9VGsVMHEmEShRq9UTpGRLK9H7H1okRXqHyD6tkWF7LNF/dcZxH4GQm9ce+mFRN5/PTCN4znu3dQxwvBsZL70jas0fvgjJHvKf31aAgQx4Lg==]]></Encrypt>
</xml>


2018-01-03 20:49:21 debug :
------------
String:
account-ticket<xml>
    <AppId><![CDATA[wx7f83e93205d2fd31]]></AppId>
    <Encrypt><![CDATA[TDRNGayTBG5gV7LrnamLKm6Zlar1LR1kgMd0pC2Gwp+cde/4BQjojnHwdVmCxG8xs6ThApb+XOYTKTUiK33NKwioxjgby7FH+0jouiGa5DcqNBygjyJYUI1wxiajAfx2zhZnfA+tM1JTmvCFDgZkWeAGDx+mq5OW6ATOMh5/v47WL7wF/rgK6bMqQmoTt3wNL6G0sUHevcLtIhNYMb7N9U3vMpwYflQDD/KCOLYvUDRSh2c+XJarxKp3JRDnAXjuq8NbDXxwpFgT95R4xgXPGg6XTVCnODnfGFbXC0qQHv8AjuZJ0D4bhTtGvmPDrDxuUeFeGh0Tou7k+Q3hm4eGL/bZGiMYdDEUgbjWDTgt+XZV9syrbRHlHlur5e3gKXMN+M6z7z2fZ5Q/HW8INNhevtFf6yW4T1gYmvClfX6pexQJFO52KKl+9YjkU/MoX43WUqe+v062tNXZHvwt63d1WQ==]]></Encrypt>
</xml>


2018-01-03 20:59:34 debug :
------------
String:
account-ticket<xml>
    <AppId><![CDATA[wx7f83e93205d2fd31]]></AppId>
    <Encrypt><![CDATA[xK4kY7GAXADrdFez8dWU6LtV+cBu/mrv3SxiDVrAvIRae2JYqIiW/8t8uXiUmUKxwqHb/CUjw7k4kFCAFQiKWp3q9S5X+/bsH/YCHGvdEieY+QU9k4R+bc+rZIpifXfvsWDcKx0pf0WsdG63kfGlWGdYuTL3cJXIanNRYKDBlHzWq+uSjofWOX6f4WdLZwmKwUUoLySL3Hg3KB7v6TyjtnVTOo02DFmzJH2+dXkHt+/pnA5K2UcjXgNMwmwoEDnflJv863zgCFpAXoaOu65855sPmK1l4DcakG2RVjwjvtJTZ+z3lls0Ng3GVeIctkPLKoKi2j9uAvcR7GAPs/2CVix45F7yxonGAkppfGUn/jzpIiI1svUYooE5elS/qXQcyB6khFHI3wnX/+rINfwcMQR4sof3uG8mEeakN/8/fuyJQHeppzKcfBWnkqAup3iP5n/BafBuJcnBFtTX8wLxdg==]]></Encrypt>
</xml>


2018-01-03 21:09:29 debug :
------------
String:
account-ticket<xml>
    <AppId><![CDATA[wx7f83e93205d2fd31]]></AppId>
    <Encrypt><![CDATA[++fYwmFgPBbRv9A0iUdDdrXlCRnJvQLSIBx0l3D3Roo2aFm/k+CpUKZVZ/MF5zScupBQddZwPFJVkMItS4a9ykR92/2qoIU4KcqqECIsGhRbgf2UobmfcN811Sqa0lHyll7OT6qvoy0mgDyaFBofAfUFAkyYDapkMk5QCIZBWDHlWBmIN5IF11A3JUXQ0qdJM3ry/VAF0Sb3C+fvZr1alqpm011Uj55JtIvLvBVgsc3oXgFEENGhWrYVjNUavhzm2dIy0YVZ8mRsnOYPLans7qjuEgXVPlGeMeuVJeExhHlnaH/5BCmOWZO88szaZGd8FVKD8JCkPOgSCA/UeFfU+UPLewTsXyWuRabtLeVyBD+T6x6g3vBH22Dc/sAzCbdMTuji8nfe+e8rDy86zvIhEqud7/u4BYSn8fCPOv+36tm/cSwO0BMLqcexoSDIcgfwRV/EhhT7dppDTDYkFonwQg==]]></Encrypt>
</xml>


2018-01-03 21:19:25 debug :
------------
String:
account-ticket<xml>
    <AppId><![CDATA[wx7f83e93205d2fd31]]></AppId>
    <Encrypt><![CDATA[MnTuZCuPOY5LKmjaqCpRRrRf1j+hQ41kYo1/5LCKdnex4N88UBi7KasjJpPZP+nKyG5gkluSQMLS8hhplpfAgY7zwSBs3tltMnyb5/a5ZkYyvljPDALkjLiLPNFJarPnl/vx131o3PBJnbtFLhQ/7Zntz9Qo6/3La4esa7r5csSiyptILa0x1X9W+3yvqqdJ6J6+aI/fr7iHl9iiohCjKUDB/DK/lPuJrKCDIL1vEi1z0DMQTF3VSs8i1eW30de6iV2pO2E6q0w2LN1dRBzDxRrWyrpox0chUB1HHxJ7KTX+QPsaCOBKXClOZyaKEVnzQqax4zCIHL0ZAwAc00xlc0nt6Pgg6xjZ4h25nfmidUhAAhhiy8bhtEmdgu3T1XrRhSOpG6U3IBL5vlVjWfz4oKmfaULDgvMksuxCc+/oaUWWyXDV30QIkZ9/kKbFVTI8j2zevqTGtSThDZhhSi9heQ==]]></Encrypt>
</xml>


2018-01-03 21:29:26 debug :
------------
String:
account-ticket<xml>
    <AppId><![CDATA[wx7f83e93205d2fd31]]></AppId>
    <Encrypt><![CDATA[W6u+zOrsVLmnlnpR9fKaS8TwsfY5o0l0lSemyXbG+4TY+J5pnMxaaDik+JHUitxlofHbup6w1vDLbZb2jztrNQ08WCi1OJ38ac5qbXbygsDyiGuJcQEf67qnqcCcAgJVTI0R33loBtMN5EC1G3nF2HMDCmsW2RKhWhdOXh8BiihWYqX84mfEpBsUfLLq7WXicmMwloLDxS8TlIj+COL7V25eYkKaC71hTFTxVhE65AeGSKyMz1QlYhxXHEudkxqNRNjfh7/AbIn75JVetUkOQHUtoMFDzccgd8XQ36s7mT5EMYbtsxZOXINvHKmrmaFT6aWdCE4J2lh4SymgS+kCIi2npeUjx98l+/0NIh4Ecfy8L01O85UFMiJ/1xkSlRsD8TAWAk5/jD0DKSCJc+u2F/4D6mMr1x2Y+zl8+McfuyTcbF/qJ+SPjuB80qJI8KMNiVg+iyFJibtSAksBQf7q7A==]]></Encrypt>
</xml>


2018-01-03 21:39:26 debug :
------------
String:
account-ticket<xml>
    <AppId><![CDATA[wx7f83e93205d2fd31]]></AppId>
    <Encrypt><![CDATA[ldsKnGR8JizJnw77pj82X0EjPu8SQdubgouLj/TXQHxVuzk45/ZEQD8lc+CmME8OXc2gPaOPqHue9wYpTgkuwOWCxK22VQaTMC2DybetielL1KgK6z3EMEKABXuyp+yuUasqDd6ulu9rPK7FQOF+J+Zx4C1o7O1fgSSUNAGIwtp4aA66NkuPeOofu+838zPo1tkuK//jZ03v3T7ItofpG1AmkoQxNdirKjVztLGd7eUflMW5EsVgj+lp/+fctD9Wb7Qqz0IxIeSOkucxA+n6wVznoh++U/TGij7EqbBzywuwQlNnNvCTjKEO1Gr2kpqt+kWEmbKvDafj4eU2s4Y3ndb2GoWhlKGUO0rPVn0b9vegjiAQmEIT4Tq3DNxU7tVTsrIozttXbPuAiRaYQb0xbm2SSEJAVwF6684mYUQ2BFY0GPTcwsmwMDoz7G0C8FWwenxIFrY4buqEYUMxllLXjA==]]></Encrypt>
</xml>


2018-01-03 21:49:19 debug :
------------
String:
account-ticket<xml>
    <AppId><![CDATA[wx7f83e93205d2fd31]]></AppId>
    <Encrypt><![CDATA[xi2QmWOh5FRjNgyALTNXcBeZtnM78p6UI4Pn1SvO4L01vF/77t9om1R4xO9uF9SZM1VZxZaMC+0jCHLqJ3FME94C97Zww/l+Lekzd6akT7rpnCjPwla5LCM12Z30HDHnfqac+ZQTYEzfrKxWrStkjwbAZMzBzBdtDjNTd0C4TWi0s0ftu2RaNkULM/iQxRT4ML7HmGNA+XkB0W3VUJAoCcaiU+cN+PLarEl7pItULYwBsxv8eGB5NVw1eC2sIcglU3G9C5I5hthvtTn1V3ZOgBJZwlUhOozNvf2Q5zkVWlXJNnT7+2Ti74t92bMv3+XdMllxBiFxODysoJY5691Azk1rqLpOCmil4w2EQbl49hR4XMpZyh/d1sqI2BIQWc3GGgdliEyidR7UYMABi6/QOnfRVVsPhFwoTbb6p1IjnT7jV+7TEzplUfjvfzloLX1NnHo7HdJzmqtz4jupaY3Frw==]]></Encrypt>
</xml>


2018-01-03 21:59:05 debug :
------------
String:
account-ticket<xml>
    <AppId><![CDATA[wx7f83e93205d2fd31]]></AppId>
    <Encrypt><![CDATA[W4WndASk+sQHZST411JZd/3odLCTG6rONa3GI0g3vEteNEX4WJpwRMsxQxNFrKURBlg5Y1fCqc6q69VRG/XlfTKCcUqHK5HriEPrSLDu0z9hPi91nVrWutxdSeySWy7ahJmDFjDshEctS/Cwr//68kn2cXSRufhniiCpgsQlnCsaIcW5YUf5XHV6B89hodTgcfImmy+KqoYqLMb8mcxLr28W6ruKzEULI/onH7McOK6WNZH8PZfX1EBinc8pm6nWm88SJ2qwLuEyPxITSyVer8UfmV07V8cJNpF7pJeT2RRNS5+KKKuoHVsrRxBPWKPCDgbN+shknM/xfDC6bnPkyM+HaqYcZOwb9AzlUhqLLjRxLCSz/WL54C91ZQL6R3aezYfWL3yM0zvpdwgmolRZ8PW2fg7sJng9DsMWk2FFU6SwLwB75ffHczKizfwbrHoo6N1LaVT+zWzXBtJk+2u7yA==]]></Encrypt>
</xml>


2018-01-03 22:09:26 debug :
------------
String:
account-ticket<xml>
    <AppId><![CDATA[wx7f83e93205d2fd31]]></AppId>
    <Encrypt><![CDATA[oiXS4m+wWjVEXOp4OTCxoMOPJevbT2Yf6jSQqW8X2EEQis77f8/GS1KdhbGnALXiKd1ZX31WLGUoy2xZfVf/rC65mEX8giiPphZYRkEMVPYsmg/Jofkt6QuXQrrlUn+xOxTNtWglk+1bqXNsSwa0Rse60AHJ6nqBwRtfoZJtbvCIqrekv/bL9PO976yNEW2VqTg0gZ2dk6Wxg6S/3/EtpVKNtkz2rLxadcpzmt+wpHXufpI8ikgfIYNP88ql/VJWpNFDLGoG/lua4X3o2jHEGF/bgp6sCM289eEwvmzp7yOoyEZzAOHaZHjGKuOcp5yuuFhhQ28IiGN3lIeLXaAXdb1dpSDr/PlIhXfvAvX0q4x75efaimWTNBIYo7y5M+rpDhGvoXXGB/XqS8Y5iApjXw7Tk2RqDFyYAtks+dgV61KFT8J8gRy65SutWaFx/g/jnZywvZokY1iEwhi82ocfWw==]]></Encrypt>
</xml>


2018-01-03 22:19:14 debug :
------------
String:
account-ticket<xml>
    <AppId><![CDATA[wx7f83e93205d2fd31]]></AppId>
    <Encrypt><![CDATA[SVO91/ZNK2RZawZIwqdgYknz3ZFV282vPoCi7VjQDTsEL884x0tTPChLxGu9P1F6zvp/oygmMQfo4VaXUYjCsKL3Unewb31kW9rNMn7uGURQwf/WvhXVZQJOu9p4wlxDK5lEURekwsWCi2YT2MrFEKBebNjGMUMKQf6k3ZkmUUU8NHA6HIpj7rTxJcgHGqObNraI6tEf+6CM8321vbx1oNmtKU7GhymNM9xibK9X2Y7UaE1VQHhdH6Z2Kax99i13eABDb2IktG/FOnmbLQ6Gp4sQxuFtcHfl7higPrCDFpcAtP2O+zbXhY4XVEVf2W9DQmHSRWNokq4hkfEo9n4J0h4dhZeNPQx9wYHDn9r73dGALixk/kn4L9DQJzZjFeTzBH6k6dr/xyV62C95O3l/PdsUVfFE8PeHQrjKgvSPgSCjPlsse63NDz+QViMh1LgYUsRe3mDbPBxd07Nu6GypsQ==]]></Encrypt>
</xml>


2018-01-03 22:29:08 debug :
------------
String:
account-ticket<xml>
    <AppId><![CDATA[wx7f83e93205d2fd31]]></AppId>
    <Encrypt><![CDATA[LWiIGQJ415XnbWTE9dwMg7QNZvVhc1X3q46Z5TOLTItjOt9Gl3JL98l/rv8or3jeDN7cQ/dIWF9vhStIfkjlq3YMfmuTg1NVFNcNqS11YN4EwYpPK3RW87hgkyLJVQrGWYZzrVvrArimsRibcmIAGrrS0pQa/c1fsmWmF5CehD5wbFXuBmecJDPFMaoAkz/xPi7IeF48m9Z99l6Sf3TJggoOyteV67VRu/yyV1RmtbRQoslqe79NwTL8UOns2Cl/ZaA4lUnn+LvrN95IDNDlTKUUwUh4410O1nOAA3OlB/vm7GzTQy7e84f43SWcjmQO/zBVWfrYF5LKP02A44DKGx3AvJUjP84Y7va4mgfbJiXay4MRzdTHdLBgCMVSYkoiRDuu3HMVeMDlmlKATiliICblELZqX6Xl558iVObAMRXSmPSXOhfsYHGYqjiFoJikpIE2JgEYOjOVFMGhrz+Huw==]]></Encrypt>
</xml>


2018-01-03 22:39:09 debug :
------------
String:
account-ticket<xml>
    <AppId><![CDATA[wx7f83e93205d2fd31]]></AppId>
    <Encrypt><![CDATA[taIEMS3VNUU+2JPBCjh6Sgb5YIMzGiHqrSZlHJbaZ2/lJwqL3Lt/82ZlNA6iiPjc5Nd9Mvv7Li8Zba43KphvUhDZHWOCB3AgYf0JQrVFb88LWGuQX6OGxJOK2AYrr7LwEj2jINkLRVc5I9pELDogEGy5gmFjr3+rc/aamH2y0VfKQyciokeO6/nwNhXWUxFPBuSlsav1XCp9iPMrJ52nG3D/9MkhZ9f9yDzoLXfvrT5XiZ+Jv97L0dPTs7TqvsPDTKduz5poZQPqr9o4ECdfS4Mcqt4S+W3L+jIZRTk9lGEeUh8pWn7M/dostDmCsdGvskt+B2wkSqLs+32xmU+qoJqTYh5LOkE6iz7elRGrT02FslVfBE942pWmoj/y1hvyvEI9HDwMmcMw+MMMVYPfdsKo1KUPbX/A+mzi84hXMXEYTMA1qKMYL3gfDlE0jnIZr4n81hr7EEnPxnUMGR61Og==]]></Encrypt>
</xml>


2018-01-03 22:48:56 debug :
------------
String:
account-ticket<xml>
    <AppId><![CDATA[wx7f83e93205d2fd31]]></AppId>
    <Encrypt><![CDATA[JS5MBiXhmKofJ+AXrqMTLTUgyPaTAZp62oTLTX8/w2vGnDge5ScjxqdqBuVPA/bBfDpeDAUsm0RQ/b3Wu+XvLHR7Wnm66MNQcCvsYEL9m7MA8YEurOltHM+DOqrPktJLSIdG/LWdxi8vFur1i93oTCagi8jec+VskvwwUxBfTxTXOWRmMlIat0zbm8oRL8GQjeFFlAvDQQX0XcHbOycQnXBi/UZHAxWlllizIcuKxLkS5M1np/AW2scXgO65iMTGlbYSHLAoj3XtAR8pGTEW4gwOXNZqhUhL789ZQBG12xoQSjoIwZCNccQPsAS11/JjMN8wb5jFojlMic61P/piGAAYOwy2TRoz0oEaRIFij6xGV2Fcq4nV9nxH3ClEIGvCkn5nybTyDXOeBRRu15uo21LIzJ2pVDNOcr0mLL5fPW0Hlccx94qwHnEYEY7AjglwxzHYO+s2+WUUnj9Top+biA==]]></Encrypt>
</xml>


2018-01-03 22:58:50 debug :
------------
String:
account-ticket<xml>
    <AppId><![CDATA[wx7f83e93205d2fd31]]></AppId>
    <Encrypt><![CDATA[nKAtHNUq8vODnoE0yWm8LdVUZJOkfJd5tVjHrV1T2pd88FYi3pVz0d9x/SF87hj4jj6AZJUk7Kdw7ZcNye11DJ9DJ1uapzZYhDIt/XRly0b8nPSvY5bYAvAdDoUoADIjPuBuuU+ol2Ja3/Vvv01Z1UZgw2vetoLrudG/FBqSowz+/uTpIHglujePsvXWuVVCznZOAgLBFCOp7aw303xdYWUHLgrdWMuYiWoIbQOV2pKdcSrfvb6kU2kg4dQL2i4ULZ+Ab/OZl+8RKG/T88dWrQ0ny3JZ16hi0YDZiYSzFJzjozHqdfhf5Y8SQRCy9kd9Tgn4NY1MTIl6Sx6SHYdnm/VyIJn63PFoq071XbA4UtOC95yP1HtFXbWr1rX0yiYalv7vELSIlBwXCRnDLrW96zvHCfZv1bOJI0dkOHUDG+8Ajo9w+Eo1E+REvMC3zRtxxuQgDLZvHcv7OcEDrL4wGw==]]></Encrypt>
</xml>


2018-01-03 23:08:58 debug :
------------
String:
account-ticket<xml>
    <AppId><![CDATA[wx7f83e93205d2fd31]]></AppId>
    <Encrypt><![CDATA[qawg+M6q4oqnuLfWeOB8CZD+f+6lo47tr085D47KrIiTmqDkFA1hKUxF1lyCV7XkBRpLXAM9qODvE+GXOwv+8shtA5o31OCxrtTQNhrlNU+yUOgBcgQTx2dCepK2BO4ztA68OtGJRbmEmOq62VE31I3N1QeXaGRCAObGt5oMWMUcZcufCMcpyqQfaE+IaTpYlWhmWb9JboPscLzLQz15gZidy+wH4x5cRsd7xTyr4tlhQZymLv8ydhrI4A4b5TfkJdo79L+8wfFR3JrxDL/JERp6xE0LWSULCLEeg7rbGhp37jks2NC7Hba9aYI6LdvvdhjiP3dqPADK7ULSM33YsQqJSKhI1WvkIAeU87MRrJsRq9MndgsnRzt6otqzd11TjZ2OlN8raNx3dqPoUIHcNFnua5uekSjI5PJ9bwqC8ep9UWX/Y/smCAi1LXJE3J17qdd0LZVgZqyjZV+2MyIzJw==]]></Encrypt>
</xml>


2018-01-03 23:18:35 debug :
------------
String:
account-ticket<xml>
    <AppId><![CDATA[wx7f83e93205d2fd31]]></AppId>
    <Encrypt><![CDATA[4vVwHZhsHSOTT7SXpD++u3tt55sAul8h0O/brdoz053xb2XnXnJGIkHcMEfdNNjGq9pNaQOMo6ptplXEM1cUwyiPnf/tdty3u8IGWq9JBTTGLj5i+KwMz1nZbfGS7BbiSfsyvCYS6PkLsiyej4dRRZkgOnRF+a83vS5TCwtxR7pxyWXNo3kcHJmggYXM2GW9t5AIDG7cXcHJxgJwKzvhcOjkzDwc0tFkcLjAa+N/c9mBZ/jqUwBgoM0AA1Pm6xEei2fi3Bt6h6CgEe65Ki0dN5eRjIGDT+lF7l5/dQ6mLp6sXCSOfC4efcjR2052s+eogJu3ASmw+VmkoNSi9nY6B8OCWuocJPQ5NnqpTKc0hfpyR8fxhdCV2Z9H4J8R8Qsy/JcjLZLkqX9f2vgH8lGM2xlp+nnfA2prVAnr2aK4JF52IRpXL1cFLw7/12MaGUVCnl48jyhB2oqris9yvb5HSg==]]></Encrypt>
</xml>


2018-01-03 23:28:39 debug :
------------
String:
account-ticket<xml>
    <AppId><![CDATA[wx7f83e93205d2fd31]]></AppId>
    <Encrypt><![CDATA[02IcCCe1QqW5/+lb6s7xsAzFZJcriJ5BdR6ojG9tNbiXg4N7Z2SrpU7Yt/pBYpikgY7cdE2kCCXyVWXZAuDy9ZT4FziHkQdScBuiOqxaAN3mGdplyGtPsyMg9CKw/I+cnZhNfEa1mAKJ9n0ohnzVWHRVxdtsmJDw7Yoxrt65GlHj6/tKcqYQ3y7nBD8p0r8EGtJVYcdhZmZnu/c4T+KmwmhUX+kU42Vl/BveF+D0qC2VYHttjTfGRV9FRQZNvAr91EV4x6ej2HC+uRhvLQbKKGXGqcPq/ZcJrKvim+sWL1s+l9WzaPha11cFlPP53PI8FHNFLGdKXqn8CW1OBUB8O5kp1KrD2kEsBNuSxtMLFX6PlRv3krExyjSyl2oGDiNQEy5pqQ5uk7I+DaQ1LG+mpT8KCgqNYPCjm4qHT9h+6r9xKC94pL9vdQeuCr0AYR2ov+JOmP7y4dzH6Xgi45z4nQ==]]></Encrypt>
</xml>


2018-01-03 23:38:44 debug :
------------
String:
account-ticket<xml>
    <AppId><![CDATA[wx7f83e93205d2fd31]]></AppId>
    <Encrypt><![CDATA[Ap6p5Kr3YA02nRs+4aV5stO9KlNNgymmbdNyvsqdWQkVbHOhlZ4naM9S8kitTX2HHP5InBWi5Vt9lfhK36PZDcJSckeqnIa+BciloyTT3pxCXEt7shgWEveJkgQJIvFRJ+AW5TQk2a0feCsZhZhkh6DI0/IZuRoZKFNYfGnC/QfS0YiQbNBPTEiMP3/a0nqemC8Utq6giWDGAuh8eUtSaQr41AD7m6vJt/dXcHJCxJcjJp5BcIyILD2gi/kle7qMnw/sPvwxq5jYZPuQt18XFdF6rn+X0Ip3NCTTZPPX8IU7CgUZNc+C43vkbxw9sjWwSlpGbNWus3nKmRiK+fpFN44QSGr1N/kQl0xzu8n6/1KK6Cw4w7OoIupG3gCNhc1c2Kr8oBHyvryl2JExegG/k2ZsdzJuL10ratBpMJGjpzVbiznblfsJrJwcdIejZKsprM16Mv0RLE9H33aOBXOumw==]]></Encrypt>
</xml>


2018-01-03 23:48:40 debug :
------------
String:
account-ticket<xml>
    <AppId><![CDATA[wx7f83e93205d2fd31]]></AppId>
    <Encrypt><![CDATA[+ap1ViaQcHnX070xDGOAepWWuwZVo0QJljM3lcwfMqEKIi15narHgqboprWyXDUoLbKKmSwJ/8v1QDWJrjvdS9RWbKwsWuVUmlJwaCJiLKW9dhBqTbBuVtyX5EtiL7AGsEUaH2e3wBaPXvyiAkTS6KGhANiEwybshVg7zeEEihbZg8W/e8pNQJEcNr8sa5rmNi7n4LCeesz1PMAsf7R5AMzh7lQ7WIcE6735DkVQEl3H+KTZ+ihOyN45LzVEFryLb0hXXZxldXihpJEbBtkG5qkoRMLpjf4Nnh6I5T/GzIIMKUKbBPY0uGoWyYqAqMev5K7G2RstrqA5YEjW35fA9yIh2SpNsU5l6qLQTIum/ajUWnl74ITUwWyNxMAf6LnZzOpT4+74s2s1or7HdZpv4Dcnuz+qSNAthYoToCQ0zXFNvlJA3LmSxShG3LHgd55NZB/5GorYTZjae8zu1S2vjQ==]]></Encrypt>
</xml>


2018-01-03 23:58:47 debug :
------------
String:
account-ticket<xml>
    <AppId><![CDATA[wx7f83e93205d2fd31]]></AppId>
    <Encrypt><![CDATA[lO4YEdOMO7Vh8DBxBTcM7X2SB83DVM2zBOiobzf9IFL6cGsbaFu9DZKMoo6BRCqCzvAi0KaBqJYqNUgVi3yyfvEaPwFpyrrW/zGqpBXFdW9gIoBpqyqBa04iacNikCcq73o7nOScyZqGkQIrrMgAx1ECFv47/K5XddEpaPu0S1BYq6jhmukwSaVP3JT7KGt/LQzmu27bI405GmRnNBoRl4wf9DzWvTyCtsRiotCxD0RrlFZnva2ExvnSKZ6YXxSoxksp8mlEUXLTypQyO8kZDY9CLoTnq56sY7S4W9r3/C3btB2UlE5UlvzPMFLiyFbofYQ3WAte2qhylGC1ObgGwVd3PADzBIH4FReoTow79gx4Ofre4R9JQjPFPgTnHbE5ZGiwOGvKTBT5EquoSODgXPWTlzIkvU1MnhrnD/Ly23GH2k76KsmED2MFQ+lDf22YM0yuwPwWysP+KJgLpiPP4Q==]]></Encrypt>
</xml>


