2018-01-02 00:08:35 debug :
------------
String:
account-ticket<xml>
    <AppId><![CDATA[wx7f83e93205d2fd31]]></AppId>
    <Encrypt><![CDATA[xe5z5AhawPbu96oK62oD9D79dAxFBfA/Q+g+9Zs+6crFMTEUdoWVWczHA2TySnEsw6pljmsvob83TxH4MYYniPNQcY9hUZxhirknA8r7m5kCrNBUPYAFU+x5JjUCpx62rbAUTokuSbGVDuLwtopt0tvOYJzR921K6jTHZ83ORcW7JfAKqzsqxx6YaxLoM1XxqUa4j6w6fHgcR1i+z2KEIdN61u4WSKqgMeCRymVyEUC0Us4Q/eKBMcRK54PpJANmUbUCeP6WZq25782B0xEJzDrs51F/RSD2LLSK1P9UdKyt9/Yk/IQy+ErcHnfT/MQmLtR+BHaXIDUkY7nBdjBMAM6DHOzWs3mVTDkkHajl/uHpOEe6Ft2GqgY07+dfTVyO8ikVT5TF/mgG+8jN3/ivvg7mXPU79RbfjqvVK2Gae06c9DH8uivb/PCQjo+FAJhUVawfYPQJga7OxvfU0kEzyA==]]></Encrypt>
</xml>


2018-01-02 00:21:48 debug :
------------
String:
account-ticket<xml>
    <AppId><![CDATA[wx7f83e93205d2fd31]]></AppId>
    <Encrypt><![CDATA[EvTTZP6wZrZ2oWaWOaJIlbxTCwi4v4ZAil3ZNKYBYWwTShYg2S8q+iJy7KljSKSvbSqkBSfSZ5VoWnaxw+7gwmC9+M/4RgFWB8t+D1qerxAalKdbDedAfMWDouKXwlf3gFW2g/fVEMDFJUkkycqu2fdlz7Dd4uI3+hOT9/yAJejQ/zG14AOzJSojVa8Rj96bCrB9CMWrEPaNE53h3AuTSrZA1jURSCSKlZzWjbI6RHB0IPqb39al+tt3ArZIR8lAIaHlcD+rtsKgoUbNZGfJkKEm/TCCGCOBmQ6M2rioTphcRYZHIf80hRLoxlyhXs3P4RU5/CxeM1FOePo8aJHN1XApo73pq/Q5Esp94dWyrapcSXKUAo1k4B2lxQoXFaXxlPiD8Tu1xdfkjXtZyElZz+J+PXg+nZmtIpH5+HRJ+hutOWT6at/wIVsbp4W7WgOOrGik5hDyEqMa5td0tUws+g==]]></Encrypt>
</xml>


2018-01-02 00:28:15 debug :
------------
String:
account-ticket<xml>
    <AppId><![CDATA[wx7f83e93205d2fd31]]></AppId>
    <Encrypt><![CDATA[J8yOQGRG4OBWMoUfFM/3VL3s++S0ZYcR58xjJb6s2cM9sMl795rMfRu3iPM60ZLUO+nIfX7AvUlzwaqhJ4Lk2bhXOkVmHyIvSRjh/59VrT4NgN8/wvQKplsJQttegMrK/vvclhjooOvCA0PM3pkjVSysgS2WvUfik6FAjiVGHIwfnJTWlS4EjFzNZlVahq8W5kPnLMkcNtXzcZBOVsCj80U3VHgjzMG8dtapHNXUkXfcm4UJkMkoFFA07FlFejEaYSSN4xpdx7mv9N6UYwZhcxrUuL9OcITdOob64o72zJCpwXx22HqjfMiy4L/hQ/8lHbHOimGkbQw6TH1PMDWEb37XiVmW81DFDdMsXfkHcGvVqgY2EsPVb17tqS1FtYfKKhWzBFudx9LJkualWwoBeJNMNTw1FQsAEmImy3XP1B7CISdIR7O+FFZ4DySX8Nxkg+Ce03yksQY0TKitp1WXRQ==]]></Encrypt>
</xml>


2018-01-02 00:42:05 debug :
------------
String:
account-ticket<xml>
    <AppId><![CDATA[wx7f83e93205d2fd31]]></AppId>
    <Encrypt><![CDATA[hH20s1XPnRik0/QtmA5lWWk8voyjb/cyA3/Jr/JjbhPplssNITty78tpS6hYLbWo6NgPZoJEWRnoYBnc3NNzT7uz3j4JMs3tD5W0zdykmoiUZuz3phiJoa42bW50XX6B2wzbaX4DIplQKudEqA1Vcn2ufVw86s9mDS1nO5jzbU+xvVjuqlhvgTpU6icc4snbP7+yLv15xTjzrVqPXV9B+c9kLZFX75Jibg7VtDkCqTagjJ3iyFoHnatF9UHY4VNKI/DjlHhpGadhzannK4VASaz693QCimmPz76n3VjnBcmUN9xcyNYqiw5WUBZNd1tUEQfUf+nXQ7Gwiq7H8ByYEuD3XvLp1ztwBKUb7DGfLN4CmTTXVKelKZImHGt02fKO7DvSWjrdxiKFvyYGYDupj83gf+0EucRv+hUB1JV6K13VEjoRhtSaO92vrXZuO1KMkoRx/vff8JiMQ0hTQOMwzQ==]]></Encrypt>
</xml>


2018-01-02 00:48:12 debug :
------------
String:
account-ticket<xml>
    <AppId><![CDATA[wx7f83e93205d2fd31]]></AppId>
    <Encrypt><![CDATA[MRqR1TOcHVCRIkZz1U+PUANb5F1Q0GZ7kVo2Hoo0sOButLhvDKr1msBeXWw9zR6Gui2rDO1v7LD8ssYj8kZdUxzbUN1sKv6xN/n4P4lWNpCJ6tNJL5wfLhqnNr/4Yd3q8iY3y06mY9/2Vecl4Ok++haV1wrKJsRJT/UnqN4RWKZfVn78Gph7a0t5nLrj8DeJGNRrbsK2H2vseXwQJAkLMpki+3ER7/FqW33lhvJEKhkX/GZevPGbcu+PxJtdefmO5jJR/mp3dpTDxUjy2ve4FzzODc/ux2t01mIpiUod9RTRoTegmQfAwqcCU1CI00JF2J7PiQIg0KeRJKztcj04dQUPF+5NbV1YBO1THG0HIEoKm+Hy/hTEg0eMVnVugVQsqUcmBDEbHo8hAkB/crubnAYNw3In3KK5fobT9XWvP6A6PqE/iM+nT5XAxW/2yg5rvdg3T88eOSIUg4wPK/Pzcw==]]></Encrypt>
</xml>


2018-01-02 01:02:01 debug :
------------
String:
account-ticket<xml>
    <AppId><![CDATA[wx7f83e93205d2fd31]]></AppId>
    <Encrypt><![CDATA[HmNsLLd23E5Tg9M53Bn4Xmriu2qRfKIjVjs36DDmOkCa3EKgIdy6qpOCuE19Vtn9W+72BJsFAaHWSpydza2hlF02cPmzPC7y4jqBsxUbE2rVNKoC9HypOSgYnAHsZ3xDoAL1q3F6uawygEZgUZfFcXd7oV3lV3kmmTLg1wNQncXvezg7DIMTJ17eOR+EyuodC4giIyaak3BspjO9kBAaHnhtw7jYKDJcI1sbRawp+YFlvbS7E+17JrLwWRItb/48tpBxLIzT3xdXwqVzstkz8n5fbRGT64endo71imHUoq8oliPJ3DWUvXLlVQsa9l5O45yqrWJM81IQG7TkwdjvUpXw5TI4WnmylDPzRBbg1+eqzna0Vc5v03W/cbspDOM2aWgjM5w7fs4ldxWOGUbmqDA0rGqN+R7Y1+mHkoT4JENwZbcJA/E/c4m5K8bNV9f6gNgapas+UGpzPiikznXMoA==]]></Encrypt>
</xml>


2018-01-02 01:08:26 debug :
------------
String:
account-ticket<xml>
    <AppId><![CDATA[wx7f83e93205d2fd31]]></AppId>
    <Encrypt><![CDATA[m9n5hpKrISmMqxriKliZh5vqfdV149K5Jt2wdR+aVL6Uve9ofSfx0rMhjbTD4Rh5/1k0LDx/KToroXz49APsLnI9chUHCc69sgHS/B0tKIusgubeOScq20dkef4vmm928YS8TLw1Okgaw0xZx8NMWhWCbOZhvMcCyR7rxc6X/RGP/g8g6KCaP5gHUYrTTymbkjl7arWJt9fcNVHoT46S3/iUISya0hpYqagP/uGDoEk3I7QAnKn1/sEz3bxQnoPaeAnClkROomrSYF4mQHhyhosGHddxcvm2jt1z2kOY/fSGjuuRqDnh23BHxD3aUrDVSXVvcmcY1uiPScffNYxs/6O2T+MKs9dTD3TgaO37WtnCH2ZU4ntbhWKJiq7/MYUjuITKML29z9f8ObFDt8dL6YzfysrM5DOkrCsI0EtTVWt74HuW+Ie2MXyGq+cjOzYTgJ7M2YpB1e7C++bViD2JfA==]]></Encrypt>
</xml>


2018-01-02 01:22:05 debug :
------------
String:
account-ticket<xml>
    <AppId><![CDATA[wx7f83e93205d2fd31]]></AppId>
    <Encrypt><![CDATA[jnZgbICev2E79jzUZP3iUGm+X7oKzuEBn0OwX1qXUf1CLj0k9cse8HVfZ0IC/qAyuWmolC11Z684twyTMqKqZDo12VRIzDzMBZvA7zDkBs/jzNYERu4Ege555dUlkoo/E+oRQattFk35+r7so2kazb3IZO8nILdwthwdTb2NAXG+w7z0Ej9fea9FGgJbtwLcW4+L6gGYf1fgRS4T2rCD4KYQVp5YV6Ve4HgYWOQFkzAUxLKlMZsm0Se0UnIjCiUiYT8KL92fl442SjSVrfGDaZh+Gq5/VQuR9/O4xIxTpgkx1zooO359/s4LFfiw7O/+mMCGkkstEQD6FJgVjg9oMz2YEecr9RIBgNoc8jROMScPg1NIaTLMTnmHyLjvC79NAlmHmR7exJLJ69AJ/hOxm5GNoWa3Uidvrz12BfoCFkY7sGw0fvfZBcVI+CHAHKt3iLMhvyZuWAsFmBU51W0PUA==]]></Encrypt>
</xml>


2018-01-02 01:28:11 debug :
------------
String:
account-ticket<xml>
    <AppId><![CDATA[wx7f83e93205d2fd31]]></AppId>
    <Encrypt><![CDATA[NE2p0jB9yLWTnW/gQOL/pDdqHDv7zzuH3fnvnQNniz9rts0Xk7c4HuFjhV4J5PC1P7VGjTp/MYyObCF9mor4/VOqa5I+PTj3GQV/oui7BCDOfdcGaMuam2+J9Gf8XwfYsNLTuXtr53TrbwLuMGYIhjv3JxKg4dXbiwRTdxTPbQFrAE/bgcD3OZ4OCaSlIxr5GhLb4gW6vFpBr/QZdBQauKLkE4RCD00dis7rODqpGz6a2Zi4lFOKvEEl46sgoirF9RN5vqsuSDqDeYMKpFpstRVQc7Aqnk90vo6QpX9D1P5Sks70QTOU5s6MjUMplnDGVK7mjzEcQ6nYrAdCxMmK4sW5JfN0MG+gVVIlz0cPMb0+rOU8Lgzlwn9z3TT3ItRuyXvYxNJsCl7eQUf1KRfbus+2gwvy1Grfy6DpPQ3UPCHpmw9RaElN4WSCK3LOMHFIyY/QFwLwtQG06gUKBepAsw==]]></Encrypt>
</xml>


2018-01-02 01:42:09 debug :
------------
String:
account-ticket<xml>
    <AppId><![CDATA[wx7f83e93205d2fd31]]></AppId>
    <Encrypt><![CDATA[b74nM7RYo14rC/KkEKr0RGMp8Jpwmw9+8RF5GDDgBaicIUEjYEqQcmKcwirAVJiOr/0N9SAyc6jingtY5Z39SLSZgbna1ePCw224i6L3u0jTJBDDzhlRv+wvvvAver3mVnjobrNgSV1jRLG7mZyufPI9nGRlFJQHYVawtcaYnWb2KSB4gdeDHaYFiuuwsZTrnF9FODk/mxX2yg1S9XceQV1dQPqwtfNqSB+CYgQi0lKDWiSVqBhQa+vBwNWe4wvDOwsam9ltI6W1fSwUNLn6IJtinfU/ORLViqf3chn2m79HqtKQgklaHpBSDkGyN4CN0o/xN6KHNY4pHEH6INgXCO1x0H3A4SvkarLVwY1Gg8Ew4NO/onN4/1WGC4rgWAT+mqaJbTO7HhqMglJNgF07+pHzGCqmFXJNdqgIt5tUA7VywMg/dmrC615tvxYqO6Jn10gc1rjYMeGiPIENoNLNtQ==]]></Encrypt>
</xml>


2018-01-02 01:48:09 debug :
------------
String:
account-ticket<xml>
    <AppId><![CDATA[wx7f83e93205d2fd31]]></AppId>
    <Encrypt><![CDATA[YLhyRUFYeFn8c0KjYMtkB2SMy4xFHc3buL5KPHlSGCkRLViiRQ72LS57SSBfYVAOKEGpaKEQs+x5C+vJwGgA+HbsETZ9/cLzNbgfkcbf6VbccO+CGGDBTS6yE+KzP7PDKYHY3NyhO6MdthEQKkZb8dLys5JQgOBNJ6tRFwGaUSm3D6IHRfEJrceZfyWnKC43XboSkN7N8BDNo/+KNMBabTrKTSoxJiB1uUr941MhVrSZ5nNnoyOhOrhFGIDaO4LsFf5QeMdhZQY3lpOenjBJBTB5bK8xX/zRhVCX0ph5v0Fx4Ryp1ZD+Ni+iFMmCSh/t31VVbLxtvhKr8v9cyQKmExBbnIAUnoHCxjkVFhSaRJ38JmTkK0i2XflWZ9FJGGpa7lPOd3utX8DZ783IlOCv9Qqsz7nhycVPj8v0o4WuspgbLnJ0xOvE/B6MPqQZ0imDPr6co1uoNucrnrIsprvmDw==]]></Encrypt>
</xml>


2018-01-02 02:02:07 debug :
------------
String:
account-ticket<xml>
    <AppId><![CDATA[wx7f83e93205d2fd31]]></AppId>
    <Encrypt><![CDATA[r84I71k5wRMhI7AEjt8GCn7XnzlphFyEIJrai1Z3WkGGfCrqku1UvG99S/F5gMK75QQHDJsvM00BZCgxZPVixeyJlj+a/F0k1v4q9FIJ5POSW15Uy3c4tsYU/7ASdPyvWrP8lnKpp2mc0Uczjv8r76M3qCDsTC3D921j3BLpD6lTEo721yXyZqnQyUwZ7KMwN3XohlsyM4rpKAMjXaFDi5DVg5C9dl5wI8YMcDG9WdduZOfL28qAQltjwNaiWyqYODOy5avFMZbpddJwRgSz3bbIvhZC7lF6iVky9V/kh1o66dEnkGdh29LqwoqCtfjF8xBIViZuizOEG+mKf+2xZa02HpV/t0kMD94mAfoBmqWrcafHrdmnMPnSgHw081JarK3ullVDVR+VePhbYqUJbathkOiZTbqwL2q46BZTUH9+wLzKiB0LEL1VH8KRwO/jVhAMWGLEu1LFSzEcFk8qVA==]]></Encrypt>
</xml>


2018-01-02 02:08:28 debug :
------------
String:
account-ticket<xml>
    <AppId><![CDATA[wx7f83e93205d2fd31]]></AppId>
    <Encrypt><![CDATA[1k9+Pfc2L4DyufTXNSVPhHNyiox5AZRKsAEj2Ivtn2ZE2lZ9ehz6/bSg0AOfSG5s5kC2b5ROEFy2e+9jt4RvSQ9Auda/ydKgoa5dDu3k8nk4d1+h3EWA/9hL5C/Ebk1l8WPDP+M2llrc98XXCpDyKLz3ixM7zJtuj10wF823cEZ/8QqeBoVzAprptWKCR8R+LPmyEUbbqV5CBMHxkEShq46g9gavRXmakfn0Jp1l+VIXQMSmztcRcZi33oCevKwFrV3iy8LHeTjoSZxl1fbJPqCvAmrjaekTUowYBD37XYJ5D1iPotu3Fp7Xivsn0VBnuoe7c/HFxsYCncXKahKOj+lKInPAl9iUaGaMm4DYoA09u+D1LT9mbmmrhs1+cQ7/pmdfUnnt8Ycrm4wKr5Jm8nzSYxnmpg90a/VoV51+tpjAqg6fydzT+GIQ0MjE6pQ3roXGKwtXlEsKA8xng36dPA==]]></Encrypt>
</xml>


2018-01-02 02:22:00 debug :
------------
String:
account-ticket<xml>
    <AppId><![CDATA[wx7f83e93205d2fd31]]></AppId>
    <Encrypt><![CDATA[26V+CprJ+OKrfuFwPVuyw1kWRGO6gGImVumlnFAg3frhHESjWiLascdxrwXkG4mt+unF3a5bYObQLaTPfV7hVh3umXl6Xr2vDGvYn5Lqb4lfiTMzL6p+xwk5nOM4Y/Rf/xVnzYQ3RN3tuHzIdWdex1as9vkTriFrXivub7kSxsB4qlR4Ptb3x+9+n2MdliYd1uEE2pGj8QlxHxLnL5cJoUuwq2Lu7E5RmXo8xa1Gi36DjKoZg6TagCxI2QUuxFKjgSb/PVg8y6gZAo/WrgMJ4CCSK14XY9WUIfHDVmTFOO0ieMzbMWtw7OsZ8ipeLXmEyvNIFpArvTVZfgq9AcTjELi3MowP0mye0qMJn6FYo1IEiK24gSlAqEiZ/NDeCLySge8vaiwcXXvFnibXu5iCFzjhlKWm1x424tgHvR+9ROAGlR3ac8cF3KZt1j7z4xan7qnsWHpK3ww3tkCiHxUFZA==]]></Encrypt>
</xml>


2018-01-02 02:28:12 debug :
------------
String:
account-ticket<xml>
    <AppId><![CDATA[wx7f83e93205d2fd31]]></AppId>
    <Encrypt><![CDATA[m/prRM1ZRckSBVGaW67npa9WV4fAo96DZI+SIQOKkopy/ut+K7UKC/vvPvJSNS8Yv5EZ8WWFYQ61czxVNjeNo+ToUJuH6YpAU9BAQSKyBeDPPISDOWzRxfZq1WQla5y6tci8/+Zo8tJYFeO59eHWzuHpJf6e/tS+r8RdpcgiwvkwCGp4R+ePGS9CbFT9p9iyryy48juIZub1uN/8Juv6oWajyWy35RVKqgixaOX4GbIS1ifc+toQI4lV1BPhjajVj8dP4uj5xZInZQriKzZxlYmXlK4ABaH7bNJHBVsTNtQSABe5uQPka4XQSt0cEMmLTd8q5U4j4p428kHuWU8bcQbUiwj7C3rdK78GG0g8T69xLzCF33kX5ae1TgGFzDwPmC+M/uNZM6YHH2csXcBS5goK1cuWh8Xt3rHVktgGJxECXv3AZKRREUghXc/yb+zbL5AnM46poTzgP+VizzrDDQ==]]></Encrypt>
</xml>


2018-01-02 02:42:06 debug :
------------
String:
account-ticket<xml>
    <AppId><![CDATA[wx7f83e93205d2fd31]]></AppId>
    <Encrypt><![CDATA[TgkFXbOCryxrZ9vwA3BiaAjgQkhrtIaqqEXPRTCctN96Zd6258zOOeTJzyEauHKiQFsMKzEf1IMJ2ZW0ySVU+KP6Fw+InhZrKEk/2Cy1dfEJxXwSp/w/quqBRE7lW/RoAboz4+3PaoHgIzUy4Ii0I56xZlAIQnLPQm1SoCPNgzW9vEqi+9st5QY2QM0xiwAFPXMnjdPYcZsMh2vSO8k9OeHmahuQKK/lJgyp+OVVIcjnhrGOvp3ARpAB2fi6M+S1L8TZR1OAGd2Lupon2mJn+NiLqAYtqUcVcHDk7CHmNpl7aznZZFykrMXMJPkaBkMFleFFmNymu1H60dM+IBSloNvKHymNvh6AcQvBaJAUbCC4q85UkxBj2sBW56dtn8+YcjBSPSO1MSWIgvxCCpcy0tU3h/wPtus7xWkNpnvYCB+dqZwBwupCXlY1iAbmDH/vH7k1Y1ap40B6g88xwV9c7w==]]></Encrypt>
</xml>


2018-01-02 02:48:19 debug :
------------
String:
account-ticket<xml>
    <AppId><![CDATA[wx7f83e93205d2fd31]]></AppId>
    <Encrypt><![CDATA[Km/7rDJlnK3ds5gPCLKGx+iBGQ5nkjuBwUznaORjaSJUhP+gps4BoonjJWySwZY3UCqXW8pUO6PZDuwjKBqmGIl6f5NWQAFbuxsBqleCbjlL5u3CBQSYOCXU1qrGvhF9VlATaKM4o2CSbwux9nFxHn7/4s1c2b6Yo/Jtrk8V8eyzgSc3w6xP1nosWaQrcmhWxZuKeSf1m7U4TABFjN6gt/2Lxq171ZIyBBAsD4oDH+C1wXfg3RMKeMbLlL7smzWkHS48NhZQ/y9dcGGo3nB2FBcArQX1TleY7Hkgc6elUNX6kZvTwTe6ym5H/mpv699cIZEX9fRI1l0y4NjVUyvkhZe3L/y23EqUpPTBHi0CufX9M1qfxoyiv5M0Cg1lxeaexur1NfeGr8VU68Wf7VljAH+DjO+z3/a34DwiBX3sgjkQgrUGGhGPoYylYbCAkSvCMb8kyoJL/ySI+MAujG0Ftg==]]></Encrypt>
</xml>


2018-01-02 03:00:12 debug :
------------
String:
account-ticket<xml>
    <AppId><![CDATA[wx7f83e93205d2fd31]]></AppId>
    <Encrypt><![CDATA[UfXpycdOUtH6fLC7bNbecYCLY1xdo1zYVOSe5fmmSeOtY23tdJtZvpdz/dlWw/moL85gEbXEB2w6Im5eTWvcP6skcje6ORLuXdxPDKsJRmbWE4bv3M2LtpRPdkwCxq/Zo3695zm2xG605B/fTiCxOQmDaK7r4ai+k385avF7Iay81+Tga6AKzJkjlQvlltGj3KeO7Bs0SyKWHCXjJ6IziZBVzNlGq1DNtiu5KxeNwbqTfPons+BZ41uTqucPLF75BkILhPh9FTZa12CyeHP1tGPfX290hWbr7lUtWXAQrLFegzJ2MzhxmXljK8fAigqogKbTOamd+Xxe9gchCW31FJu1zuR2JjM/G1SJthBdXVZnrCaAFC2590JMsG+Ap0KbXcV4LB8EXtCzQl55qSFffYh+RDZr/vydcDJPQz/PzydbKgDfFtcXuXtawYIdmaA1LcMypsw8GX9J98ygAtMj9w==]]></Encrypt>
</xml>


2018-01-02 03:08:37 debug :
------------
String:
account-ticket<xml>
    <AppId><![CDATA[wx7f83e93205d2fd31]]></AppId>
    <Encrypt><![CDATA[/io8aXu1GHqEhogFGYUVtEV8HGEfj6jy8hVhdhpDo4O7/Qua1N2jedPedafxxO6/wLL5+I5gxbtd7KXn8zhqLhCaqOXTummZnLu3xkiaFpMEdzkupCyiXqOyoHtikgjuhr5BLOk8lwem2tT7rnPPkqFZEIkOCTKSbzFJLbpJWcVsxrGXpq3Cb+trgRQdJ/k6bSAfhS5xziKStPK41EoJ0IWD4jo1ZrwsfMNx4rC2nW4pwm+j+lc19i+md8HArvrU+4EKzNrIz6KJYdmqB5EwLHTtefp7NljUpd1qIPZQqVSHP7RPfgyEHsGI3LZlHdBBsBv0yR4pQvzPPpcChGsayprsE0sdgFUBhzi4M8jGGLb1Arw/jDdlwgPJF1LyO4L+FXia8EAeJshMoax39yttUQMgz7e3bpV5SRMBtbOy7VCSZRe9vWzBAFOUFsdtu786UJrEsNilDsc9jIFDDu/Dpg==]]></Encrypt>
</xml>


2018-01-02 03:19:59 debug :
------------
String:
account-ticket<xml>
    <AppId><![CDATA[wx7f83e93205d2fd31]]></AppId>
    <Encrypt><![CDATA[EWnFu4eV276qCAM+AQCGq3ouLtOZ3wEbXnAY5jbtwRemry1SzUOAY3CiimxYnpcTB4zBT7lOy0YxKjMjAjKltO/8vVaIHzhg5c7tGeyLMOhFQmj5c9JVIsb9nTJlLBcY42evkaEUGlc0BequSED3p9JNBfwiKhZKMrJ5q8Qft/FkUrE+MRvPzSDYF0YY3HzST++z46cevWHmjRoqGOH3NjWUkV8eqJ2srhkbbZit9cR0BkoHGcU7yIeYy9WBcexehFM71LOdfmfTuFn7CN8EBQgdVa5x4XIMlzO7rRhXABVv140802Z0zvLiZ1D6+xmRMYoo4CLA3c4TZJVF6aMmZswjOs3xrdDAPQWJHlZ0/VtIE8YFnmCGflq+xOUnzaltgSsx7+xW5F1JIuZJYiRuYZz0qNwKwQJwFiuYNg2oEy3oHjJag5K1Db+kMRCV48QZL/Ya1han/Hcq+mu5U5CHQw==]]></Encrypt>
</xml>


2018-01-02 03:29:59 debug :
------------
String:
account-ticket<xml>
    <AppId><![CDATA[wx7f83e93205d2fd31]]></AppId>
    <Encrypt><![CDATA[Xv/6aMHzy+B7IXLVq5UmINsWNBwOkymMml/RRah2myEQRWF251jaeyAqmURdqfgkbdee3v93NpbWBbvbMw2N7eS9XDfCFcFcnjgJLamSqRxzWMkeSm6xM9M+yjUSJSPzEJekY0GKJUIII5bfFq7o6l5K0cUYfERtwhSKFjP8wR66hPLbLfyKCDnLSf+YHP9kecdpykVz1HOoQ6e6KPZOtNTNJHq2xxY4x9G1LDpvb3kBgATC6EHWsJbB0iIdxHfUj2dVNxBg7HTrkWcn8m9SNTzd6Vz3Y9y9Nc0t+Z8G5k0IyHBKt4doH5HkA20cpUvI2rovdwoiPghyLa9fNTQ+pru2z/WCbQOQ98++hFzB9mDaMWGHsXzHnHUZhn2DWAV5lq1AEyx/L2lQtg6rIfnQTo94nTFzv8uTfGmmZZ75zHtqvu/e03py93rgwffZqoJe+F8QLdABdH2Oo0T64WRHeQ==]]></Encrypt>
</xml>


2018-01-02 03:40:00 debug :
------------
String:
account-ticket<xml>
    <AppId><![CDATA[wx7f83e93205d2fd31]]></AppId>
    <Encrypt><![CDATA[58M9ox3bt1LMpP/6Z1aFxoEW0GrlxL54AHKllOWbVk/Ctkt2Yh9hWhatmpzrz9ytO/Jns1aP8wQODbdfrhgoX4EbvHwQju4EOBWe/UbQPMIKDIcHeTMOYIC9UubnF+KnovkVPhlQjZo5BQPOYa+SQW5CWKon2PNNwXyLGta4m7UNK0dmza1sCIqTLi6WjBk1JZn2JF7zwlJCbk0q+P7UK7WEz3mPdQU5JgXjkCeHYYVI7G+LXLRnlnmLAd/zWcX1BRcUMM9tCkiQ1wSn1o/YFR9FDvMUz120bKFmducBWiMHAYxEBWdsK0wGNRbq8zgS+aJwS6d1yMqMoa2KnEFWGT5ff7tdvonX4XwDfQK7j+GLQdXF71+S9QEcWwNm9EBnWitfKor9vktF7+cxQgdbbrSjs+6NIUFMRvIX+9mmOPW4Hg7J7Xo0oQVpzgUwuHvdxipQut2ROpQ6vAoEceZLBw==]]></Encrypt>
</xml>


2018-01-02 03:49:53 debug :
------------
String:
account-ticket<xml>
    <AppId><![CDATA[wx7f83e93205d2fd31]]></AppId>
    <Encrypt><![CDATA[L6Ga4rxztPZ5FYtWn33dgGeh2TZbiT9ehX6bINh5xM0h4g9bA+aW7QB8G5VDa0YCE7dFNtCKC0/HZcwrJPrkU8pvgeSz3NGiysmF3k867dO5wNusq7lJiRHVzmCPxNVGiCMYqx8hKmgRjx9KOYtst/d4acYZQXzGMvHowI0gc865prW2xm+Daor0bDu9Ty9GZjeggHVhDQDDQWo154z+q8+uhdAo32LvgiK5vBsYRrOTIQDyOCrwmn8Y2NITewLZHer6CGUf9RkRNKUa7JWaEhJFFMZnd2JwRhHMA3+DDvhQ1E1bqLFz3AoXoaMEZHPmVPv46/S3VTb+uyNV8PJIzMB9icyMWvpI7VkLeOx8UlL15V8U3gcGEiy3Z2v4rPqeI0lZEoiPUl0TDRjvTqx4/K9ezNl7uRQV14oPIBpeVdzLJ3nWeug5pffzZyv5N9/d97I4iJ0o/Oj9XRP7fEy8ig==]]></Encrypt>
</xml>


2018-01-02 04:00:00 debug :
------------
String:
account-ticket<xml>
    <AppId><![CDATA[wx7f83e93205d2fd31]]></AppId>
    <Encrypt><![CDATA[Edg/LULQ7566mWPbZPN0g+TWGW9HoeIVfjA+hfLoRspoMxwi/Q3+YouQCr2Ak5Y/DGgxKOfw3rwvsenKav/y29vxVO1ujylHcoNyT4gKuTgcXVU+wfv45vF6mziQsbYPH5s/JtvqPUwWtCyra9IAyk0egqM4R9za7bN7lAko+r+9hMsVpqm3sRch8TU2c9whM46bLgf4LJ+Io+wne4idLmi6f10QW2SjYlf0bjEm6KdXBKnpXcZYC48HaVjct79aZfqwUHKUzuuCI8CGqI5J2M3jlC5aLt214BgjPYxnh1hJqnDAX84/pClXOaC+bb2S8bxAQWaC16554vdXPmLg4H8bYF5faDaIId1MmpJrD6/STaAHqjFIaSqDYTRfBo+pVtJDdEzZBBsPKskWZXh4Qwg/qWlq/9NlV6sJNvS1824XlvxB4eAI2mbbvGQJ9iW3i3NnPFg5ThSEkvkJG1cv2Q==]]></Encrypt>
</xml>


2018-01-02 04:10:20 debug :
------------
String:
account-ticket<xml>
    <AppId><![CDATA[wx7f83e93205d2fd31]]></AppId>
    <Encrypt><![CDATA[20/50MEGRr0/q8Kps1l8FIhVuztM/ntEAJrr2LHZa5vN6+jy/KmALm7kszltd0iJcc7uhdHA/t4h2LG0Nq8g+xt+QOeROPblrTRTfmXAOr9d4J1f0a6PBYuFCMz1phZEik4cnoFwCA9jlHSV8jttNDJuqOLSttqKO7+Kx4gzNT6bDGK4+YlmV9yx/WYtiwjdlR0cOMNDLLwhiMZsEhUNpC2g2aLlyCJYW4T1yEiIovyKSPh/lbLUF0xEINBx3CqXGnw5iSLLiWlP8vR2ft7n/uIGtpC1LZb3fWweXl/RTmvApIFR2NJvLgTmBIGmw+2olIM4zdVAY+Z38AvpfcnBcRqm+FY03kFH8GWCifytqo/EnITM+MMeESXPs3gMkwc21cMXoQ2+q7wcFBEMPkWM1ug/7igbVmT0utNO6TMu5bCiBlj03xsil5/eCdJDf55eK/np9xxfgnEvKGmww34t3w==]]></Encrypt>
</xml>


2018-01-02 04:20:00 debug :
------------
String:
account-ticket<xml>
    <AppId><![CDATA[wx7f83e93205d2fd31]]></AppId>
    <Encrypt><![CDATA[4eInEwtowbAdxg00qyaHv8JwRwqpJ54FMK1rl7hNCm+cCCGDdPq1hUScK4tW2XLyz0M2TZNImnxsZWyFnnw7/+A1Ts1Kpalk8dLwJpZ9xBaTlOdcK+H3r5QIDRuyyVqBqKmdu+wq2GCiDFQcRZ+sXRElCzzzOrehoifeeI2hweF0VQg4iE9Iwo8YEouSEy6kBA2in1znNgh1+N6BHKVV2MZm0HWWxA3oWE9leXT9pTdmth9Dt2ie6EVibuIhDnR4boX0hHoOe4UPmMtVNS9JGwkj6QTQkceAWlqVJI1GVLNt6+ID0lCxGTTSQDAdprXqPSWZMSnCKKo0NNsM3fN5ebgI7ICaaaTbLLVv1XuIDSn4rGkykSkJc4cOJ1kODhxPuexRLEz6xTskUbACKf23sdi+XhaIaR0kc7ZyWJA3Tr7+DH1lNA0IxtP5MIMd1/xxZ+PNYG06i1tKpSCCRLGexg==]]></Encrypt>
</xml>


2018-01-02 04:30:01 debug :
------------
String:
account-ticket<xml>
    <AppId><![CDATA[wx7f83e93205d2fd31]]></AppId>
    <Encrypt><![CDATA[x5guqMEuwftDi149OQ61/YHsjROTq7kbAN+JqaQ+8xCUa96UFzzBu+Q/s9KF2+T0YzU/OzKL7gSGAIngGVMLjtu3xPbFKTuH9ywmdFaGR7ohPGl8hJKyyKG7Bq5YpdRNtWpnjNqR8n7iV8K9uQJ4g5A2Ik0gOgG81EGpbm+P4GHkEdZMlxyLPoOnkriN7PlGgZJVrmX5IccZCdHjuCCztQ+N3c6WGlxdvNKE2V4K7yCHGJ+1JeQ75kp+ysq+aVQF/cd+7qglk2pXGelB6E6Zun/pfOz0p6sW/fcdLt6BuSZxFhLeVrXEjSnIKJP+u5ZxU2esEDv/Uyz0CVoZGIqrkm/NuKlvmgExUYNGBoAjShAThu4qSfe0r7wFEF74sNz1m2y23MVtRoKylUdF3sSEwmCqGjWtbWFBHhjwknQFzj7A6gBrwSJBVK/++Jr+r0CTgRAA5yMPsjKexBdxIyiOSw==]]></Encrypt>
</xml>


2018-01-02 04:40:04 debug :
------------
String:
account-ticket<xml>
    <AppId><![CDATA[wx7f83e93205d2fd31]]></AppId>
    <Encrypt><![CDATA[esFWmjXdh8rztkzSSBcNKzEuHLyrFQwavgERaKK8mrMVywZDDRYkP5K3J/bf+rJKzmG7nnNkVx7ZTMEJL1cogK9DOv1pZPffjbvirSPa0S+LSPB1H//RnqBeMLbeca4e9VKikQ0A1Rwq7VnG3SWL5XyGD1Y6NZ35yczXJDSBPDhVEZuQc+AJHFLclsRE8u3lkF90Fz/T6Hq4LxILSBXjoNX/rVhHLqcElDtzmKA3LSY5stWH4/XDb6/5vBng4lQXaVGK6hP/0UMBcBR97tNah5mYrKBcMzsFUtndmz03kVw/l9B/pumdGSgxIBni4epP2zeC1ot89GLEve5wHZDNyTufe3Hr9GpFlrRFWXJLf1pJqaHyqH+iP/65qWttQZzHmmrnedvDM8qqunURZvewcGhVY9ZVsgRHBqBre5jLOmsPUokz3WaHTNF+fs6AN6nwnD8gyxm8qKJWhi7vNwxCYA==]]></Encrypt>
</xml>


2018-01-02 04:49:59 debug :
------------
String:
account-ticket<xml>
    <AppId><![CDATA[wx7f83e93205d2fd31]]></AppId>
    <Encrypt><![CDATA[2OzJwBOd9Bi56D2lgUbX72K6VzwyIij7GYAgxFbPDF/Iq7+XNITvFiL3eEd8e7cAUqeyVqPQ4SXfDGfcWtuf6diHcnCfLClZWphD6FnxpHgynaaqVnBITZhmbkkoyGVL9S4j14rXh+jT0JutMzd3JQVUXvR1ucuQECdW72cSQ82wMTMkfSsIdIfYoz55OLXeA6JijkE+2xvGRkMtwaD1cmac70wmUzFhafIma9eTbQisCqSQlrCRIHF6XDdWj0vzzbuKuhUY3zU4+yzrdG0FGGxzDOJdtEy+DspBbI/zvmMIUNgchfP1mzNaw9dwf//IvY67rTkVqDSftcG/yAHCeReznUpnGC8rQrwrA7+WPDkNicshvPIiPbZS0b6RRO62SvdeSOUpnUJYW+c918U5jwaIn/3nqy3oBLOY+mE60t2xNE4qhnrT3q8g68Lf0jv6vhiBiiyICepFoczLuclzHg==]]></Encrypt>
</xml>


2018-01-02 05:00:08 debug :
------------
String:
account-ticket<xml>
    <AppId><![CDATA[wx7f83e93205d2fd31]]></AppId>
    <Encrypt><![CDATA[OwkNw2m8g4nCrjHHjR9uQura+SYHo3uZPyJf6JevWnNgGD7P166XeSRqAAmds6TgZ1kcjLmZIOno/oZw3PjZf1uzBKkKvrjvyJ1glKulT78/vq3zkIRHgZ+/8JzQyC6dsI/4qQVb8Np13SqsXNQkXBYYXuztTZkZYwFRCeS+7Z5B/Z3IcgY/09OmLUYkvDMT3g5N4IL+tSxxAVRKI20enoMD80qDy2VVBTTNOsCHeWoww1/Zi1uajoKy1Z7h8PFDDfapBzbZYK2y3I6K068Ws6+AZUcqawPuI7yc7cow8HCEjuGZx0boa0mIGT4BLpYV6zORboNyTGJrTc6raV59UGkBMqzmnnEZQNMIZr15QbEsgO2mCUC6Q4fwax3W6otLzlwFV1i/+BkwBOpcRci0dU1rDNEDUHEb6LKkCvTXIkAsEFrVfG7wRb62JN+iMLdhBKTVVmE7JRTw8WSbZRcjkQ==]]></Encrypt>
</xml>


2018-01-02 05:10:05 debug :
------------
String:
account-ticket<xml>
    <AppId><![CDATA[wx7f83e93205d2fd31]]></AppId>
    <Encrypt><![CDATA[aflQha0RKK66VwCD0vpAuV/igDLEqdoGZ8id7ZwjPTXlCtPiNKt5O6B7OzXhp4RIb/+pSVx7xwtsAT6l/KFso32kcV9IKSJ6HXgmJEsrP/ly5BkFB+FDJsV4xSz4brBXpzfLpsoWMcyf8QBb7vNflJCWzKT8bqHAfU9xcNUQIGbU8fIG9xRv51mow0NRmnbvI9WQZPl3wVxMrzbhqsMQbCRAxJuYpSQeXa/e/3oQgRmp8MLxKzMQzP0NIV+s2nDgrM1U4gI26GpqGq/qo1EerKBLsceJuQ6xgf+3iTF0TSqWekZr9GWN5GQ3jQeMSF6Tz1723BpnpEKb7tlJ64bpVSFqVpr+5L9FqZL5/tt9kKR0wSM3PcaiUYTf5dhYk5CicPDpYSultRKicDIx8FygwKWdlII9xqHepA2EERGjM7GHCcaYjyX4Btspopc3nMjKwVimTdeQkn6kxWAuk1FiWA==]]></Encrypt>
</xml>


2018-01-02 05:20:01 debug :
------------
String:
account-ticket<xml>
    <AppId><![CDATA[wx7f83e93205d2fd31]]></AppId>
    <Encrypt><![CDATA[N1hXNZch0xX19j89UlDYdgzdKzG4NnW/PWfPc06YqpbzWvk1aKh9ux0q3JoCuHvWSiqXI4Oz10wpd4+e5AukC0ASp6f3fJj687NfcW4b1gyhIfXtu33Q5SVlZaisafMJnrr93kPS8Eh/d0wxrUCck/kWQgUpNehZ7ihUnxGiKI1RYr5jcGD7TDpi61dnEUv4Pae4zxJ0HsgXe1TZJP0Z6GpPqkyu4uQ5kMgxrHJ5qieOMYJhIf5vqdMbs2mn0b9Fv7bOjFjho3yIae8xQWg3Mfrm1+EeYHlp65z6QL/xorIpocHQ7rfjPwpE3A4yVmSj73qh4KCOxv8XN8LuTDxObjSGBJTc69vARXnK3SDaiHkhGrSI5/Kek4RAeMpwx3JHGQ3SCbNIwFsrtZy8ZkZhyd28/Tt6Q44BylDgIZyauSAWD0ykxLqsndgqRGSFxStlvbl/urck7ClsmOfMK9R0pA==]]></Encrypt>
</xml>


2018-01-02 05:30:03 debug :
------------
String:
account-ticket<xml>
    <AppId><![CDATA[wx7f83e93205d2fd31]]></AppId>
    <Encrypt><![CDATA[hGyTcWpx7YNWszrNWNPH6JrW5sIwuvochcR/ZAw0PhjASGoF/kYh3XlB4bESnq/9azlutc2SXhxAD8kHHsUdoncFHPnhGK9ylKsjCkw1HEmIdrmqCipg+c2DeDxfoFFyEB9M+p+6GI5o0lf9/srcy447FeLG/VzkpxSaCLqSL5Z4sg0wT1PX9BYrqg3/APPsHnyA8A4WwkRu8ZuYp3EasWj3qEnu5oTSlwd8/U7+0UDrq0ULHDl6xZbAuxDvxBMm+peJpfFhdVC0zB4WF3MPn+fYmwXpbGdPF5LEtcjx+DroiLge+u2tcuKnVq1yXgmLrVDbCph35xgyC0st1kSl69oq9f8T4N80j5eQchQ4hhwGNsG1hEJE29Mqt7VZx9XmNjRTjhYtnzOukAmWqLJvkjIAZdSoREYYxDTWbluwTkXgX9Cbrn6ajMyYv++uGRzkLTFxPbaNQRXMlvMTqM0eKg==]]></Encrypt>
</xml>


2018-01-02 05:40:02 debug :
------------
String:
account-ticket<xml>
    <AppId><![CDATA[wx7f83e93205d2fd31]]></AppId>
    <Encrypt><![CDATA[MsUywKPFU3GydMSbkxHInytByDRiRs+zzAzyhvOaAa/QqRm1z8544x98De0+lu2UUephW5ck3ajOT+SYlI/7vUX27Uwy31nYDSPDlXdafohoDQQyQpvlciqEAiFR0dwq9kQZHtx+IAJDJfptJi7iZBlniyXAYWlp0oUoun8+mtacGIWVPOxi7O3PieMA22Umgy1ZcgGXNLY7rClT1/rBbEs9k+k4mEXOB2YT9Q9Eu5bDX2SFqW9q/zgCrAeesnJSL0k9RbFvcyJRpOcjzXWldUiAlYmb1uc83nOckDXrLksIXyxrGzIFBBgwcfEn9eJ5wxTWYmJpxU7lk2h1cU6LrsYmcedNC8eI4srQSVtaEBzc50uhCcU3QGnOnocNi+BdKs9BdvbKVfFQ7D21fh3HAmH4Yyx3a9BJAe0l6zr41Vz4s01sdpL8G/GjqH8BWdJjk8kyzpC4GDfJPz4ICbJ0pw==]]></Encrypt>
</xml>


2018-01-02 05:49:58 debug :
------------
String:
account-ticket<xml>
    <AppId><![CDATA[wx7f83e93205d2fd31]]></AppId>
    <Encrypt><![CDATA[X/FCaMmMX13oLno7vr17IlGPZEjvVtTQSLwp7wr0zSHsP+anFX5CWFbdY3y7WQkobCYp1w1EBVwL3qI6esy7U3p3WGYTqy79iDr6L4tL4BOoRk+YxcW/dxL5M35nNUz07PfymfiPVMDNoOwBnFqZEaaqJTld2iWqgEhnztzCWTiR1VnaN7EdsaAsK+WAt6+13zvzXkebV/JIBViZ72bgNN9RX6xG6IDRcSsF9CoNksrGrX9moBjcCjcL3CTBljT5ACNz49m3NzCnvvzlnhuNXzNJrAgWN6KOkZQNQwf2daSXo1bdiO0yGcQTVP9CHYVbXDs0q/ivvpe4tbTVzd3M6eLgijx6cAvbAgHAOxfa6fRM9W3F5IPy/6hzH/PFyIcGtIeWf54qjycrId3gKaYKDBTTVnfGBucuFr+zUoxyzsiYKCPOraPXAwS5mem3vNWt4R85nXcoN8hTaoA4ge1rFw==]]></Encrypt>
</xml>


2018-01-02 05:59:50 debug :
------------
String:
account-ticket<xml>
    <AppId><![CDATA[wx7f83e93205d2fd31]]></AppId>
    <Encrypt><![CDATA[PU/ZXIpgKK3lYi5sKzA3Pv4L4UQ4fQGVJzvAQPpD2Pi30thzdMeRAj8l3ElpeGtnJVwFVMD0OXQTQ01oMc480wRfkOo6fjtecK2Cpk0kIHAwdJTMTolQISRf52KJcy2CBJ4ixCDUPMIyNinTr2c9G4oPBsG9ZyLA+0/KmZTbaLGNy+yHr8x/rwUriVvlaGg2ysrYoo+eNiGQOcI/ATvtLRAYM2C5y0AFYI29Bv9OQgFnsTj1vbHooEpdAET/9kuGBqnKAi8jCDiVf8MhnWQveOLy2f52pc4/B9V5dkdMlyanQxkAi89V23gefdps0AT/WUFUjiuAVCLPIgjgaeY99yVGsqYoM76xAwmg4u5UJyn0J8ZTVo4mSOyw4ujwkpvwqQsDsV6fbA4vhZLRp5kuF6NTp38m9Ork7EX45MiN2dvqbBZUO/TtgTreJabtkELV9Cqkb6KrOnorIxS5iRhBvQ==]]></Encrypt>
</xml>


2018-01-02 06:10:15 debug :
------------
String:
account-ticket<xml>
    <AppId><![CDATA[wx7f83e93205d2fd31]]></AppId>
    <Encrypt><![CDATA[SKbxrIO6PDaKcXaOe6u1z1akD8iwLPkEDd9Evjch6d17BCAS5AB7BH7cSIN6nkmIFKhOwopBkutzHi/HxT2rGDNKJAyuNXJebc/RBOMHfa1Z8nJHOCBEHSTJsvnHX627imBsdECADBmRRxx81zchpun42DzZKVuddtzFHlg3jMf+5SzWLo3Vo7vhq5bLt6ZFyzbXen+gBXJkEqoXx2rFrUI2Hr146ze/MrG50T34q5OqrtIvGInyn670zwiFce9OMcm8IpSZtmTRBBhLE2Zid8AKTlzV/QxKI8OH4FbbpP53ojx0UXCe3UC9FdFM2zMiK5p9mU5L09JLTCogk38ytsfcrqc2aD+Vim40mXxg5kE7Ww9lEvuZUcimepuGnQBbiI1qElz1pgvOy036+xdkJClxWm/KLh59mzEAgDz3jlSzqe9Y9NGYQM89QZP3yUq45vxIeO7MbBBtZF3YZBfBrw==]]></Encrypt>
</xml>


2018-01-02 06:19:55 debug :
------------
String:
account-ticket<xml>
    <AppId><![CDATA[wx7f83e93205d2fd31]]></AppId>
    <Encrypt><![CDATA[5qw9I7lUkSfNoK6rkkVi6sLiDLGWpCvon90ffvc7oUesYxRl1qP3+cNsn+VadzeQyp2lFwIhvy1oRH4sUF8r8R1EasxFIWfNeu4fWu+MKlCwArp6buuIH+SWMXOHrn6O1dqqbbEv8XE3Z9UwAsHTaRw6vPDi38sGyMUmFp3O1qkU5zEi8OD6+ALONrv7AUL4sMbFEZEkholM+uzGJbyqxbI1dCsq479vQ2NwuzuQIl7dax4zmLDRgXVVA0HPBywrm4hN63n8oINJTXd3qtYVSro5KFYP/B6D0+1E+S/cVZ9ogxJj/OuBH0ZuMd3pat4OdlVPdpxsYt32ops+5u/1DaxXIemzQhLWVpglrX7azj4gycxgd6S8TqqVu35eXk6q5Usk0bb8JiUNHzlNMa9XcGOdkVE3BY1yrEgACjXxSlUUneKIW7ubjhMOu1s6jbx3OohJhxsMdNFHKoarxYwj4g==]]></Encrypt>
</xml>


2018-01-02 06:29:52 debug :
------------
String:
account-ticket<xml>
    <AppId><![CDATA[wx7f83e93205d2fd31]]></AppId>
    <Encrypt><![CDATA[dMwkIFGEyzLdkRlDINNptBvApH4wbQ00YgJ4STCCFCgPZ27lI66OJ4volVJGiYqKtIJRixFSffIWBaSoirFzlTr7sXYsQEnG5l1aWCOWih06E9BbypG7MTk/fXaa6mnS6u5X+0QAONa7/MdtEpaq2scxT0f13LnGYQBHI/SqprQUnuK2hruXIBTKbOVWuQzbyAaD1Q9ySBbm9udT06jeuElC+n1kMwBi6gJX5VDAHvKD6ta/OGAUgnuHOI4gy1FQl6gfVtYp7U9M73sHmJ1OpvG0sxWb3OMfbBZ+Cp8tuU5ydOm1tQkDAubrQZnjTDEJOKAacXLEBkJwHwEPKjASO8e5IGtk2rmGqDFPGpNK2hh360/vR/CRl6e0AK2VipETpfXsjI1C397IN55SJ6fxYcKBaMl3Tlt3LQHSGE1i+bS4AZnsO/Ql+/V7dlp7XdISNQYenJY7uJo+RUx/CHV/OQ==]]></Encrypt>
</xml>


2018-01-02 06:39:54 debug :
------------
String:
account-ticket<xml>
    <AppId><![CDATA[wx7f83e93205d2fd31]]></AppId>
    <Encrypt><![CDATA[127m4B7zihkbEXgqKkPy8teSjO3gBivMqz8l9Ds05xnr0ncLCNsY8IjAubqrpNcQ9ePmKdJZXjSik6MvWoBKHKyZFWtgcqvVJBSxayOJafsBsIEwOOVn2Ob2lQE8/jCxqBB2eYfi3iMfNdgbh7eWPz5ayMgXmCazgeHMyxW1AMr9Kidbs5R1IBKc6NR3HzOlWr4w7gEpIdh3PivIs4GyAxCos8W6mBEFHOKYXTIbEeAfQH+pTYvLMSPNI64A6TjZLiaud0slQHXCTf1gnkzjumneSDyBRpal7gwtgTQPiCKp9Zf6ZJujtDmZyVCMcChmCRHyR13K4whT5jN3aJYxewsWwusyFgy9qWbGVW/yVAi/0QAiVDbqo8zJCZCOSK6hqlyAFrl13Yc13WEDVvNlamxV21txip6D63ojMM2w0tLnxU703vLm4ragk8+bnj/EKw/X9PkfsDctyucV+B5rGA==]]></Encrypt>
</xml>


2018-01-02 06:49:54 debug :
------------
String:
account-ticket<xml>
    <AppId><![CDATA[wx7f83e93205d2fd31]]></AppId>
    <Encrypt><![CDATA[D9dpc6uswBE2xD3Sy/IkqyfxO6akLSWrHdjFQKEsVOd54bR3Ct2KbxGyopPavOdrlO2yTQtiGx2LJxLeuH+4nDzC/ZSsZRUDe/8MbPW8RwOAr7givV+87JkegDmiRD+YIlqDpg1WaPjxV1WcsC0aLyG+sCswpt4CNzWN1+qicMcKDsgGsi1yS6tjsVJ9IJnD6xxWdE/a97s66ALynMIG961NJIvXSYRcOxZ2WBhpN1qEhUweDyNu3kW1KM+9Wu0hmPYp7DBxyA6jp/GDa4S5kicgBwBQ2dmZ0VKyllsghjvzGx/iBVOyq+T9Hv6z97DsOtLQB6Q2RXSpedYhk8TooDUTVFMqoZ88UDitiqkE/C12XAFceYCPprul6gzLjxL24KTv73j1oPlC1MH+rI0H6G9MJb+DVpAjyWox4DSDbT6WtjetiQIyeQzRBQwLmz+CVKnjGexGrkcW+qd4G/6SYg==]]></Encrypt>
</xml>


2018-01-02 07:00:04 debug :
------------
String:
account-ticket<xml>
    <AppId><![CDATA[wx7f83e93205d2fd31]]></AppId>
    <Encrypt><![CDATA[TrcJRYuN/vEm6GUxo+bkBL0/Z1yl3L1gCOcFUorFOzW+YTg9wFICpXf9TKbRd6m0Ee2EkMbn6TuH006ZvnnGqDopTlrufldC8hMFfH2gtKUgUzZxr+IoT20NdHRaydef2R4BFFjyM/TTYJUwtOIpY7i/TMX6Q8zf1W6A2QZAyH4h41PVj6q6hPoFywA0vHVxnWgWbVl+vWcYDWYdt3HlASsvuBAsEjVXQZVFl1F6eskSDaZ9dJhXVQNXO9CEZSqSlUHur0r1I7zhTDu2BE6NGzvh7fmns7Q/uMVF89YVUzno/wxyBsfs7ElvqDx0XtdB1gcktIYc9YBNw0QzwVYGOWrPGhBVLqa+1JNBid3nScUv1LhTrTL+4dDwEzyyVyj77x905MQsbfpEwsCsCgnVXWVwFzsjxqMlkNAHOZIZ/s8Vic6uyaHhRVaj75IC9/RllFnc9gi6u/rTAFgMuiJUHw==]]></Encrypt>
</xml>


2018-01-02 07:10:11 debug :
------------
String:
account-ticket<xml>
    <AppId><![CDATA[wx7f83e93205d2fd31]]></AppId>
    <Encrypt><![CDATA[J3N7vCKEpXOhbE1uqJxvoAD+GVaq/fcm39C+3FBDQux2RJkIkj/VczJY2h3auiN/k35m+wNiY3PJm9+7LV8n9OsTW1ygULovWpU/6KV3lkRFxSeMQomopOzX92ddN54EvCBJQf3JldcY0HZSij+upsRjhihuvJNrmeLmFC0VE8w6m3sWRyYMB2MmAJGhIQDr4X4Vsx31zGhp94FYUj4wBAiSNkh36W3A81jf84XH54yaxPMq1HWJ2VzqabZBYuG+fJrzp6jq5tzBjTRyNT+/VGeZLGsmApM9INmlRGW3YXaN3RMKZd0i65GhdGJlgIvkG0cJ6jL8ET475RwKdNls1tUr/hJBjpfv8s/iHHAmL3ZUWccG7npihgldH33SUi0i5fm5Dly+KhqIJvjvGGwFV8BQ3WEoG6rvaVEsyD1NAVRhxCS762u3AuPi9jk/ktuS05bWi2I8+Wf6Xns5moRdSg==]]></Encrypt>
</xml>


2018-01-02 07:20:11 debug :
------------
String:
account-ticket<xml>
    <AppId><![CDATA[wx7f83e93205d2fd31]]></AppId>
    <Encrypt><![CDATA[jLJUKgYAX1wnMurNji4YllW6ONFEbp000kRC9QBr1vyJzLHuvEEfIKZBm+PApcoLduC7vZRrwGZQLkc7x7FzNaeVEov1ePoTDeCTMZ7ip/UfzjL3ZkB0zq5omSQ1fvHB8PtAKtqzzCVWc7+UspPqfF0UhT6gtqm7lwnYhvlofbAUEDQJ5TPXrSNpnn8v5hk603q/BMiVIroxE5Zclspl3xrKuU870LlGtcNoXG7nCTbjho0rwo+13Cl1cj79X/V1KGXvqBF5pyMaTpGOIS3kds5VRBLaGKH+bhBkbKjSBr11BGDRM7M8VhkkOTVzw9+eixKL17bANomErYhOG9LipFkkqCfEUDsJqlUcXkoiK5bltctPpkK5GsXl9+g+7BtolRh80UTQ37gWGkCXb2c+w+4upYPDxJHq5zACoMSzajEs7C9n9LZwXRL6O5tZ6R2PjhgAoxbuIZoooiapGuphUA==]]></Encrypt>
</xml>


2018-01-02 07:29:57 debug :
------------
String:
account-ticket<xml>
    <AppId><![CDATA[wx7f83e93205d2fd31]]></AppId>
    <Encrypt><![CDATA[KU2J4IKhXOtm+tENM9QxSxxio84lHO0WDycmsyTru8j4M/Vhw3Rfr/bP8Gwj66SEoHpI5GeGVrtBK2OPXb+P6EHNkXL77U4PwxoeF/DnHkGRevEXb4anACA1PPuRbONWnHb+ST5SUUAyXjBu73vk6nqCsYAjGzd3c7sCWbjZnAPT7wUJaUNwnd6j0Xbc9aC1c608ZcSLSrjEIOme9VMcbL+uRLX5oJ/UCjwtnkeE/lzk+or1/OuJJDZ74CQ16X2jMGI5d9yEui9Stb/ouwFtqGzdXcEpSnY7VRdDuise+Izbz6zt54UP9Aw1pS5Y/mrVmU/MECTB+GgOiNXKNbUm+H7MqDXcWqzgLAwmsAJGiPkD90PQAZDzQbYh+f3xfphgibTXKU3aoLTbP8pXwyRec3msTyWorC7YIznpWxisHulrGXrFB49MlEQ9SobEv2hAdnlgS2TzRavaG+XPVNfhfg==]]></Encrypt>
</xml>


2018-01-02 07:40:13 debug :
------------
String:
account-ticket<xml>
    <AppId><![CDATA[wx7f83e93205d2fd31]]></AppId>
    <Encrypt><![CDATA[Htw3kcHDLVkvqID7z7/58oDxdVDMrbV/HKImJnti76D/klVVyns0VDXnmPRFbVMVW0v+593bVLJ9bUtYFrvaM1W+jXAChZZYdb4NJmXixTPVULmyboN6heEcWZtt9KMV+EV3LdSCWIBIpc4rjKomCEblnOsGjRHVuYQLLq7Vh+v2fe4TqvRrOMBOYyeg9YSAN0VxJBk1s/ULj7RE7mlHlgZGiQXhux6p4poo1RibxwaHgdlUzStmpZ4u4BPjDUrYAFQE69HpWThSJwlLwoqsIMT6j8aY1dYbyDZPGbIMXZL/ONYkbbpVRZFuM4QPDj5cTf7AxaFgVERf7g0uAoF6a0ZcE/uV1B5GeRomp6XUQTOG//XcH0FsEK9f4NQiMsGNLSuWc7xRXqASo/WvM3ufccWFZA4YJ31u4nSShd6e7WRmXjYfuqwvDNbmZZSYguBrp3J/5siWZpo07HZupmM8nw==]]></Encrypt>
</xml>


2018-01-02 07:50:05 debug :
------------
String:
account-ticket<xml>
    <AppId><![CDATA[wx7f83e93205d2fd31]]></AppId>
    <Encrypt><![CDATA[ZiJOoYGpq9HgtKhWUa0mGxiQcjhdTLTSHYogaI+Saz5M4p2mTTBA+zHL6AH+WelT1ryQWWTuxQ9aAjmys9VqcBVxYsR8THj4cqEK2UdpRXdU00HwUdsh2nzG+t6sysOKn5uyN1bux/9+ss4yTuo87ww9V5+nVZUA5rWzG2MNX8jmx6Y+Sr8sdzv8L7TBUL9NJ/18pSzRijIgPxiB0EMKuggYgwM0wQWYebH6OInfQlbREb8ea3FAyxlLCQflg/2m9o0vE2uccmTWnUa+V09ATlmfygfnNLGMkD8LxJX6SuUUtt9M7FrvTYIETQdoXRGK5eCfvJLz/BhjJEFDICc2r976XRtz+E0vBdDyYfSVuBxw5DzBUj/LP9tdY/HkaReQuL4ON5etvbL3rTOpJKG2wIa/TDEKokfctxtI3oiDu06MGYhSB8RyzeXpFxuYF4doUh4zQZEZzY4J9Lbu/3WYFw==]]></Encrypt>
</xml>


2018-01-02 08:00:05 debug :
------------
String:
account-ticket<xml>
    <AppId><![CDATA[wx7f83e93205d2fd31]]></AppId>
    <Encrypt><![CDATA[gXZOJ7u1EcGqwkt3zMd/QSj1mweeiVg6/ouOEjsOstPPUsQP7XQo42NqoCQOfesS6U7MRvUfZ0iLg+4GcO1Ubb+q5RmWB0V6zaEkaQZfQb4kHexxdrhHbehZUGJzO+1RdctNjsCzI8i5/je8eLrcq7MoDggFQsj5LeXobyy2PdmZgbC3qwIvFDF1w1LMXRpnrbxOzBjSQ+sF1CkCRuImqf0ckIlPyjw+y3zmnuIT2r8qa81c74aegw4CAlKLMDaxtXOpuqNT9WQ0NfYWpBA3kTzx9uQzaJWdW3HYGKTtd+H9/ki1aOQn3jhgHL+LqgbQljmRoAhmoSL9WqhmuVDHD2MqjGCkoqSYUVo2Ve+BEU+cAKd1/bCVQ9mDnObu8g8oYA5YzdVVAlVkjBPLl1klf4yNDizK1EkNpL4qNjpukT9mII0TTs1mqGfWwfHICtVrhe8jDdmvXpWdZDaQTOIdSA==]]></Encrypt>
</xml>


2018-01-02 08:10:19 debug :
------------
String:
account-ticket<xml>
    <AppId><![CDATA[wx7f83e93205d2fd31]]></AppId>
    <Encrypt><![CDATA[bZsovI8QrJMhhk18Fqq/qaphRiUHEmXlkBaw1bYRVCtGgS0cZwjxcOqlNW9wm4x1CoE5o8BXZ14mRVz/ZC9rdFaFl89i50AS9dLp2UXaHhWG2ZbFfo/44eXX+LMuhgKTITZvtpaOmP03U9TX9e2DdgOj0RPAVOv6kju2WddvxJZtml0uelQwH+xVxJzT/vMXbH5Q1lkrKFGODXNDvuP97u77cNilXs5Lq+bw03soTwhv8kzL/CYDuiRcGtJfXtBKqLa4Fxkid4gqy02N4P0TrLkgK6O7uCqj4q6jDO6lDLExEyeRhvKEIYC69FzWTCrgB4Vm3/c98M97KVeXe1Q4EUBVQgg0htZaDGapA120T+7bGScJsE5Vs9+YH/u7a+xHxXRiTO9BwuJsyPGz2M8F/GS1jfOUOg6BrwKjWzX4EBRf1nMl018fEAdDmSKQxW4vAtfyhFw3VSWlQUk4KGHcjA==]]></Encrypt>
</xml>


2018-01-02 08:20:15 debug :
------------
String:
account-ticket<xml>
    <AppId><![CDATA[wx7f83e93205d2fd31]]></AppId>
    <Encrypt><![CDATA[+gEtpdUsONnkQwL2A1aWVeJGmBZ2fp6DSWN97VkZbJkBz3bLCs7eJhkMsi9V+bEj25NBb145psHgcLPYWg4yb2C675zaatL1srf5xwqtwZOwf4D1OcW+2ztbTmmXkwJvgu1g3a1WYxbfSG6MopNmJvUSyFefQtx6tF6FEAF8gRi2RZxxHsW1cZywp41zl0bv+dGLjy7U8EGVzjLVAVxm1AD3g3R9IwCjMVoNimQ5/j0XvX/n4b01R9RCdoMQ/N6prEBKtFzbJnhKJiRkMbIZSFZc4+c4K1+9uBQMuSlc6przFi7XqliJpUVaWwATf6kaIjNwkxAYA8pbCbpAjM1MTj9QCg31Rrnx6eFz7882+xMfEHad61cOfu8tdwq7Mcfa/Ez7aTfJfIewmU0UsuQQe0sAIRR9SYVX3/uINXl+keMeuhwiqcwnjNp/ou745HHr1emJdnxRiZg5kLSTj5ODAw==]]></Encrypt>
</xml>


2018-01-02 08:30:17 debug :
------------
String:
account-ticket<xml>
    <AppId><![CDATA[wx7f83e93205d2fd31]]></AppId>
    <Encrypt><![CDATA[KjZPlGl0npIn1uuDyBinaEcotZK7E1wMQA7RJhmUkJNIfTNdY+30RFjtShIi7h7fsRhb03qK7ppHHrnaQkaO17+UKs1pqGkBwHuZufgejXYWBevSyegaS1ckoWzPI2Y+ZTURjtFMCip9VP78NNk92YAqD6yKbiteN8z1gFyGTtqHROshj9bDME/2sp7wQJluD868owSQXW8xK0n5biRJITCuPSmorLrr/oyhLq0k/4KNvNSURKYkNVbFd91LVRE24WCC86TPDzd+ce6nBGXsp3Tv5/YYxW3yxgVZV9xbcRLvBHEFLgpPD46qnYlu7yGKfkhIhcO5qYbzLgoCP3ZNnKnXvnMLkSeeGPtpHxEd1ag/RfthJasKGo9MPr826VpIQ3rpEs4fyPgkfDK0msuqFd3Y7hhDVV7gtEo9ouCnJAxUAUXl6EguiIzaEvp3uN5YLIIXpFNlaYi6pIziqazCmA==]]></Encrypt>
</xml>


2018-01-02 08:40:23 debug :
------------
String:
account-ticket<xml>
    <AppId><![CDATA[wx7f83e93205d2fd31]]></AppId>
    <Encrypt><![CDATA[JvpuWG6dqkZakm5JJykTifp1ruS92Mt3Kp1ys2hVi9zr+dxGOP0F7I475K77XDuJieQpihSuYkZGZV3vTmmfHQpB+Wub7N/Nyl/goPfvEqlfzMg08onMvZfo1zfB3lZQjiD/I7T0/ylg/roh0OCw4vHafyhh36gDU83OYuLsZHsxdpv76JrOsdAUrZDAzJZyNSHK3hPy+YdQAqMzrCFzUCimfhGZLuijT19d8xrmRE+buAQzXFbXfr5q2EapF2Irx6zUiUt64VQdGlMdfK0BrOsrvVf4zI49SWdmAUIiIZHnEv9tM7GwYavpL7yAAvdR+HfpzUHfIxhuUBWl68XUbXFfCFe+Nmi8L7mzdXQ0nSMF0jLiVWaNgQOjSm6O9mwmGX/GvcsDFK2fwfsRBY68y2WDlX1KfY3hUEL7a6CgjwvMcNMVDJRng7SqRwTAUdcIOiJOMTTx+XW1Wzcq7wuciQ==]]></Encrypt>
</xml>


2018-01-02 08:50:24 debug :
------------
String:
account-ticket<xml>
    <AppId><![CDATA[wx7f83e93205d2fd31]]></AppId>
    <Encrypt><![CDATA[6xnsuJftQz35PKosIcuI44WCsBq7zz3yS944B6BtAY25rpbWqVaxfG/evS8gxZR9kOJDf8J52/U34kTgJFGfqqyV+/bWjCebxG2LNSejYej4Tky+r7tVL9Xj7XXrFPJnT2+rUwyUe62vZi7OhIx8/TGra8+sIHRXm928ybj98VpZaGgRah+H//Af0BgngPmjaiPVIMELQW3cjRnDhixRlQWC5fmyyw4xI6zcyDDvVNRDSBYmAhmCtWT+05sAbVKwj2qn/BIi4q5wXARKtxvpKL1hnNE1vaAOcoIRgcz7X309vS+G3pzFI3r0Gs+WkLJOon7rt1RYupO2protBiM/a3tJvhzYFUMNdrqsWY5MiiJNBuDQJpCAcBmoEeNnAWlnY3lQL1DbyiSRDQY2yBnC9x+0Y7TjqelcRk0wSMp7GRbTNn/2tF7m4vUXRsclsDI1XxdUOML/tL5TCEVKBm03dQ==]]></Encrypt>
</xml>


2018-01-02 09:00:25 debug :
------------
String:
account-ticket<xml>
    <AppId><![CDATA[wx7f83e93205d2fd31]]></AppId>
    <Encrypt><![CDATA[twzlff0F7cg1GYhCqK0XB6fM/UpQsV2dfANt7eYs4xdpokIcIWzXlLoxw8f2EiaZl3WkU0AEHZFgm5Dwr+j4W+RzRX8AFpJwfJDzS3jmEpWPJ+J/ovt7rqBZL3I4KXaZCWh8ca0/x2pWIao512OIcn+PUbV7LaWfI8C6Gx814BXmcDeLFMxevxeWOWmyAwtwTHGF2yhL7fCEXpN46tkXB5EoIXALy/SgqSas3LOPwNkqi0hWhqESRsdZ0eUfjWreX3wQjOh5arAGQ9bE/oQFERdoNeHkP3Y/5BFlmeBDsIbfGIYL2TQa3kHz+aJcfKR6PNeFfvdLIoZBG2JHoiSEWbPtt9zwtjuARCa+frLKC8Jpz5akYyBI2qT+6F3m8Q3gHU4Ft19Ny3lNrC9an7lUxAf2HxusY6ob03S2aihpx7BU5JXPYPobUxC+kFCLFjXIJkd2f1OS7VIK/BYklLPXcA==]]></Encrypt>
</xml>


2018-01-02 09:10:43 debug :
------------
String:
account-ticket<xml>
    <AppId><![CDATA[wx7f83e93205d2fd31]]></AppId>
    <Encrypt><![CDATA[r7+Euc4Ih55O13k4Xm5G4BNvqZvj3GYtZzQMFZ3mowgylPCnHV13Z53B2ZhlzIEatwUDl8ZtchzYC2m6897VrYmOrO6ddQ86a+hgXyt3N9xyz+hiyAXr0O5jO/3ZJrN5Y5rdqlMAKMpS7pLzEcjvp8Vb6l7Ae7RRsllpnwMnAnpWEESun0vw9HKJpET65GT29NQUPp0EMlQbs1hRlYz5lSLJ+WbpcpaOLADdczeTaovAYy+76h2wjn3vb8X75KJMQdRsc5kEiYHm6W90wV9yutVkbDS9X1ZO59YmFDFQU7BUYCYzS//WKpSmnQQ01dpuws5ITP6R6ywfU3xpR7UEhccncWZYUQ9DLVrOM69YXHciquJnXOPHOIUd3AoOMSovMEXlRGlV/PTjwfW3OM/RAhY6QsJq7VbgHKHeSPSHUjCNDDybVbBNZzZJiaAaldz2RqK/BhxtWq+dXXIA7KRASA==]]></Encrypt>
</xml>


2018-01-02 09:20:41 debug :
------------
String:
account-ticket<xml>
    <AppId><![CDATA[wx7f83e93205d2fd31]]></AppId>
    <Encrypt><![CDATA[Y24p1UhzYxq6pT4AczqysQMw/RPh65m1ZYbeY/BfTolj2Sy2offbZjxK4MQ6c1Yrm0bIewFo+0SzrQEjuDOlLbClpgqnPGNWMzMK05a5/KMbvGZoqNIae5xb5QrTWQu1LlFSNcdwkWLJvJA0r89yzjggF/RggyidA6wj+eaB5+vHvFFKN2ojHvlDKvmxmsN4NzplWmKWhQqsiAkS+entDvnTrYVimwuoKjiN4UPZDmc3sDrAP9uDem6Rm7rdYU60TQAXCWdYtc9TVPFa2IzA++SzAsg3FXT/kIey2OXvhbarWOT01OCCPjB8MGONtfNfHhXbYqIJP0zZUC4VsK5bkg3guZNvAhTISkz6+1g6xe7Bw7aZiJW4VYSwHp7gF6cCOvmPvJNavSDOvyRqE/uoSVtEEZ8N/0fF4nr4s2eMXtVd9gcWzKLzbfQNwBwXuU0W/mztLE+e5SmSajhgRqcncg==]]></Encrypt>
</xml>


2018-01-02 09:30:39 debug :
------------
String:
account-ticket<xml>
    <AppId><![CDATA[wx7f83e93205d2fd31]]></AppId>
    <Encrypt><![CDATA[lGiGN1OC6YKS9aVLMeu5Tvex6nv1EvoavZZahs2O8NrX6Vgu+ufS7Xqgdf8cLU2NYMQlYfYraquCi1M/CyoFplrH50f3G7PHlhLdATx8OeY4p76JfjdKhKphSGraiY6CKXjq5IW4XKetHKFbCIxMzY0OMB4QC3V+/2k7a+7pCkFdG8pP2yY3hCWyBddvfzTHRlyOCWNuM681SsXszE9tC3oxm3asx62h4METMCM5GFBSurscnAxG0zIreXNYxohjZz8BiwgMOoXSNK5T98zCJBdiS4iXGyyz7we7H39Y9jmMIoVBhs/h5DJDN15L2+3g27jSWpmq/ZyLiiO3aHuBoiKgU2E1OYJWb7iVppeMse9LJKrDLmspXFKC9UZrmqOcISbW/1ftmVxV8ZFnxcK9KOI6u2pMFPQi0u6c+CIODfdL8kIGSkujBjRjasWUPWw+P6sY2G4MKti29p2JzcHLJg==]]></Encrypt>
</xml>


2018-01-02 09:40:44 debug :
------------
String:
account-ticket<xml>
    <AppId><![CDATA[wx7f83e93205d2fd31]]></AppId>
    <Encrypt><![CDATA[zIFaYknUaUgUuL00GQZT23R5mqccH+eL5H7ISBx/ENA1VD9Y9+HLJb3N2JvXYvPHQsDKTUHsP2yK+rOvh+6shzJpVzm3gujXM4YFFjNVDrQbD8ryaOsBUyMOCd6zBDx/N5nPt5BtNsm+phP7O9JedyJbfjQixLLNnWKYKH+V8XwDrOey9fNJOOdyi0x0PnG8jzbvs1yoakGPjX3cr8DnH79nb7eZMyohfVt7PDnSmsfL1EpE5Y5yhgapG+pDOxuk86u+IbILmcw+h270jfoTro9nrdLrLOQ75C+5dskfOr6I6a+Ncn2IN84BSvVWuTilq5cDuGMjxa8hFxnO/dVjV9Vao8J2qHG3qoMD2sp3OVbRFG4RytoFQy6ap2LggZU8eS/MRu3dk8GZh+nq075/rtB0NkXqi+d4WfPgT6L0pSd5VxBwh24W8wMX4Z6rtFWSeVWpY+45FX9L+R5NUXBlkA==]]></Encrypt>
</xml>


2018-01-02 09:50:43 debug :
------------
String:
account-ticket<xml>
    <AppId><![CDATA[wx7f83e93205d2fd31]]></AppId>
    <Encrypt><![CDATA[HVmom+sYrlCBxzB3DcqHmn4AFfOuabA6h3bjpakfB5Sa3kgOdyYs0JArdvm/if9Ve2Qin9MYnpHvSLiyLBpCvRiQKFMr5IprFYRH1Ppkunu8OjzltfelrxRkMPYa7/ZNC3W56aKNeNkdRaGF4p77R09VcQ7MG/paoZtQ9VySzm5GqFceSfNIIRcEwkVX82oK2jrelllhCm8hsaOQ2h3mnxRZvycuMZTpkBZm1hhMYgDW8zsqo2ehnUf8Co7EpCUjOTZwODpDyZpyD6hPA1GzHaJ6bFINU/cnYV8SVzX+H59p+H7jZOFUaPYTKX+/kkjDGjJy9LeHDEpKQvL4dvxNWE5eVwlVv7A2FfKKcauzz4/1S6fJ1sB7GsqMoCgKm7/oTL8dIm5hWZIGchXJlYSa64PUD3t/fQv9TdV8FeWOD+NitUEb+YB1ze3LCoNIE1rs9bMUA1NpK+QEV1tGG6rk6Q==]]></Encrypt>
</xml>


2018-01-02 10:00:43 debug :
------------
String:
account-ticket<xml>
    <AppId><![CDATA[wx7f83e93205d2fd31]]></AppId>
    <Encrypt><![CDATA[sAeILNtHhlfp8e74u2VyFoE4/+qPDDaxSHAteaFulJVgNGq/ck/E6AzXpgAQ5DraSNaN1cat/rIpPfLgbkhM1FOg946T1vK+46u7DkG9mldP6y0+U9d6CkQZ0H0RJaDyuP2xImp9bRMrMd71Hew2rDHf8gAcqtBiUvibby20JCZCRWrWBetVZ7PUaxmNquvMkxfI4hQCa4nA9smjHCAyghHFHYpnx66jr+JExrWimxWlVSPjR9hoRQwQOMMPY9Kdg+Vt7BpNS+PB1L4LFfv0nMN/X3VdFFdWKgdjcf0CNHDFjk9sy6nQYEybNGLssHglWkiw04H3hoGmgQSrqyDmqUHmvC52neYq6R1/w53EvhcEvnPpJFBKAL8Tm5M9nk68Y27/rM0mf2q6WoiLgxgyzj755n+HhwwX2esd0GdWPR+10v5sY3AyFh4wG3peTBFwJeXcOMLULWI1BpUwamhQdA==]]></Encrypt>
</xml>


2018-01-02 10:11:04 debug :
------------
String:
account-ticket<xml>
    <AppId><![CDATA[wx7f83e93205d2fd31]]></AppId>
    <Encrypt><![CDATA[10LLBAAC5BSifRtjZ+W3JqMtE1L++aIbL1ViwMk8eyJrd+TQs1ot3ZvN0IBzeVr/YsMiOiuOJKGUybthOe323o25flW1nc3KmvQvbmuv2Rv+G1DcRhT6wdaF3EdgYDEABZCr52eoHfUUIesLNEYbtmuI2z65Ma50gClwvOzpwUhFySk+POuhvivW1tlQouPOdJapw2B8L2Gzfv0StR/xNlRiTubSZLja3c0VFcFJZsvx2/S52Ak5qS0Wxf7zoRMjRPwg/CIadKrgseE/qhksZbhcLk327fs+idcPhS9dSlPdrxCsxC/+i+LgBeFtqJwDTxu4B9mHYgN5Pcu9q2phsRGYnpVVDiZ9EstIev8uMH+BQ4xFZY1ujwaNodZoq4EssDXTW42kOj0uC8BqA8FeqrHUf8fktgQ8l9CgFYJcWT+u28Sujylp5KFqiH+gTUb9lM3ZGN0iGCPve2gbnIiR1Q==]]></Encrypt>
</xml>


2018-01-02 10:20:50 debug :
------------
String:
account-ticket<xml>
    <AppId><![CDATA[wx7f83e93205d2fd31]]></AppId>
    <Encrypt><![CDATA[eo92iysKdqojQXdM8Bkw6jbq+6hkPOBNNoXWHvuSLa0Dslh0Gk+5bdI79TGNWv7HhZnkX7CobwEhecsYmGzH/lTlyS9VIjy1wT6sVtlWiG1+juIPa5BuiG8ItXnUnXznYlcKT6u/uknHrFJ6MVhpO4pql9jdHTrQ4fyXpbh28AIRlXDzH9uXS0NdfKWERKQjY3o304FxpZWjNszjoeebyn+kVLbrRl0CjjqvBNZQIAJOMW26alvWZZOpZQb0jOFVwCedXLLc76ELzSNSG03yfzig+eOTuXenan331P3HjY2AYrrZQc617Q4j02RaC96Daw6IMokHqPrGNv3AvJKhk/NwgFKWWUvJ2KyeDcfnde8oxY4VCQZRCpUDx0738ERyIP66cITeulbCvkL0uCx/B2Ynjdy/TzjCDQDxbJkDTJLnHqHECq6oc8h+GcSPkik0SD/7fDfLT6bfkMdGfYs7Aw==]]></Encrypt>
</xml>


2018-01-02 10:30:53 debug :
------------
String:
account-ticket<xml>
    <AppId><![CDATA[wx7f83e93205d2fd31]]></AppId>
    <Encrypt><![CDATA[9ieB7ZI7Tqxgg2qfpVllf9EunTkpVTLzIkeNn5taFMiTWjUUuNRgUcRJ0z2nLnmhWaeB7ZKhiFXRy8EjQGEIn8ms29dbisLT8Ynic746jBvOe6TdIBiToP1b/NTHLs7+uoQbUg4OQ9RznF0s7sB4a/h/iXEmGb65OJ1iQrn6AaSgBwszGOqOClbGFIj7VyS6Rwgc7k+XMiyD3+WYhM17SyMSq+Oy+7PJhfjK+4aJx/cphhAyEpS+8OzdmDPC8fL12C31Bz3GKVdaY1sysmtJVulZXEmGus1gLxiLjJF+80Q++IbCCSe3BgowN/w9+zVmuOHMYl6lw1N2VPZv25eL1cEatTgTQOgNfbe3OQqSTKPLIIlNHSd7gMuA8wqHotxluVBARSgTOtdFXahLG0wYEszzo7MGIcosEyZNB/592bpGvB4NqMkh/nV+Lvw7gN9+Vl55/KSoZ0nUZMMrPadgUg==]]></Encrypt>
</xml>


2018-01-02 10:40:59 debug :
------------
String:
account-ticket<xml>
    <AppId><![CDATA[wx7f83e93205d2fd31]]></AppId>
    <Encrypt><![CDATA[DbYkRqXuw4VvMG4rfVtqPHg/UpjEiCYkTEohNkmbrf/tC4Vgs1e8c/9axUUiuVn1B+d3KeJd/yjYT3zkFAzrfyzVHrTCzW5yfOap85qoSrrvjG88u1yjQLkbnfF8xuwR0l0Ew1KWFEwcYzhJQ2Obi5cxmt7om5Q3+d+CBA/22/iTxLNCA0NL3h05CqNRJoa95DoPKeRgp4TdOLX4scSTOPQvRF/n1nrtoOTSyeA4saJDuwst/z19Ieo3OjG8idix1SzfAui8Fk7yyN0wPZoMw+HvGMmPjq13chhJTlQYolxdeF3PZG9r6/bfWxGXdCWyBl1eUxhf4VJ7vbQ8KnWkuFCfF0zu0p3Mh0quWih3MMq6/BsWqw5f4306HWh9zQyY3AhpgHrM05GT4C6cx4k8iEsDAUn9sfN7gbiF0gTHHB6/d6bIacrAC6P1zYfJDSaZgRuxrFwidv5Zi08m46puMA==]]></Encrypt>
</xml>


2018-01-02 10:50:56 debug :
------------
String:
account-ticket<xml>
    <AppId><![CDATA[wx7f83e93205d2fd31]]></AppId>
    <Encrypt><![CDATA[l2uvWVMAbK63lR1wx3PENPrUIgTQcPlVtpiMxUXZ98OqLeQlWG2aHFJdFjpGH6Gm5xSxoeAJp/nty1TuP+rW8PGrPMiKomiC2nsZx1rkKt9XoPs8E00u1xgdLZFZqlM6/mE7mIJ9mt6awTMQuCZanIUxhHMJRwBEZ7/bSY1Shz7ujVs5E+VM9QaCFWDMI1R1xTgx+wz3Dv2xkfHN1O989yBVc78eqsZ71N3aG8xPlgAjzpLxi6QXPgTSPTUU3hH/kKjrQmRKwy6r2nF/mLEguYU1nOH76kZlwTyZ2FSN3rEWc4Odno25HS2x4OLab35lCV/CPSbSPdMBDq26zg2skEFyvCAPcgrnKBWeA/CTvMOXq1U8SDVHGDmNdY4TAMaf/Er34DlSZl6PTyDjr3FeDi0HjuER8BFF/MY1dHDYXd7GnEfJgxbel9AYoCnxdTJYNL0I+4lPHenwFcF/EeREMw==]]></Encrypt>
</xml>


2018-01-02 11:00:58 debug :
------------
String:
account-ticket<xml>
    <AppId><![CDATA[wx7f83e93205d2fd31]]></AppId>
    <Encrypt><![CDATA[ZoIYexpAmKyJKR6EbQ0QcVoS9k4+f1xh4BQM2hhTOZ9GGkqi/OrP45/Ydz1jDM5LNwcQyGfB6Sj7LAXwFOBIL3xbg7ImoHTOecNyOMc0gPGtOMpsFMzFR8AzO5VKEZzh39V2O9ar6fgnOZHUyiNTmZZ2U4ifNI304bSEVUYEK0vAb+klQ7/+4hyQVdtumZSOdI74e51HyFNW4sCXdXD6PECrPQYvnN55riUkx4ffva+/3zl3towY0rpxNy51vOGcTE21C7ucPO+zzrtjC/jv6N484/WGVmoJyNTxEbIOalAn8CVt336W+9byTnjXQWv4TO/6Y1fjZvzhES5XPzpdxUTT5g9t2sEscNbo7MXRlChbY4+meU9oW+sClun8LGes4o8xDYrX6p9z7gDhQDQRXATW+fLbWkHFOl7uaCVfnSM9IZs09a7ciVt3sUoNiwOQQ2a75/Quafw6lGMyjlgF6Q==]]></Encrypt>
</xml>


2018-01-02 11:11:00 debug :
------------
String:
account-ticket<xml>
    <AppId><![CDATA[wx7f83e93205d2fd31]]></AppId>
    <Encrypt><![CDATA[6siTyiyYOqR0wefnTsZWhDI9mujxHFsgwcpwayGkQUKhLG+Yc8xQAHq2XhgUicfVXc/Ck95ocYvUsDG4ZK91JV0Ip70SvMZjx0g7PlrDFmr6Tn1cd2Xe/CH1w8sGXT0PdaNdNooxRCBMnTzv//qAVKAjrZ1kazeX6zuzyOFu8bxeYLsmvctbJChilbBzlhrYkoyQKOdBXXfKplCyYwG9qG800j0UFHfoYxvksRAgA1bayHTAPjfeNSia7Zb8RNGkI+5Ig4LO5tzUQCNoz1SqTzvUDs+RHnUgmlbsx8kCrOwCEc7cnrmegxh2pZKuQZFcm2M6hlt0yOul0aDzO3FDA2ws6SBsnYOUF0yrhIPU39jr//ZVYQ6BuQN8X0YlmRCs2S/D1dcw93nZYPfzDeCWwx/WkDixUr8T+cq6ZkxJte2OR2TgLxyY+6yoV9Cp8Eqi6wt67zxPVnK0uWATxh52Tw==]]></Encrypt>
</xml>


2018-01-02 11:20:52 debug :
------------
String:
account-ticket<xml>
    <AppId><![CDATA[wx7f83e93205d2fd31]]></AppId>
    <Encrypt><![CDATA[0UzKlPjGBK2kwYbKBfQcPsjDVVzFI/2A4iQ4usrRtrm8AF+wtl+QgTtMOCK28eBcZ3ZpBRH5WohwjAOGVdpG6lXTowTpjIL5ZaIYt6Q+Js8PG6yJYMEVEZxX91DRY0ac+rKRdip9HCxRD59S5/DP8x7Tf/A2dtqe08MXEpjcTwzvMHIh/2K6Xdqou59TKDEVZS00KGRrqEZqDsFucpOlGxC0wV259dq4BrdxCoFI4w26cywfgx4D5tz2+bvuI2jXHBbdHH8WOtcE1MDNzOXWyGTM4SvA5NygxrnCIIZLUE0NuYgBCf9fWsxS4kKi+x7YjYxc3dUQaJs69kFdafLfq9Nfp2CT/6Yl2AONM2yghY8UD/qltIvdo97gdnhuqjTLk//nYqqtqfR0AFdVQp6FzLn9Nb5BkvsxjoenLhZFYoEj0ubNtfbWsljw5jBblO2kW72LsQpqx8b2VCR1MtzFMQ==]]></Encrypt>
</xml>


2018-01-02 11:30:46 debug :
------------
String:
account-ticket<xml>
    <AppId><![CDATA[wx7f83e93205d2fd31]]></AppId>
    <Encrypt><![CDATA[rMDeWFaJcZcvJrvA8SLXx43dO6AZmLm3ctRNfaIOS70STcAuE4UIVXhp0gtf3eoGXb/aG5qHLok6UCRjbgNVRgfdSJdYcpEJ+RBt3kKVhKXB4cN9k3ieJb0YQh6aBOKg2oAO0f3hmZEav0mIWkaOULFTACK+XPMU/50H5TVo/WQJjj4MxUeYwePSSP19ZtIv7SGDveoiOCM+Oe909nxYh4uABhquwtG4V23fyB0Lhr0UEPwhOQkwfdKyOPtaa9tTScsqrzGKclqHvUoVoDsCy/BjYjf7pvfA08Dp2hNDkLuJMeuH2HLpv+oPVk3T2a21peptoqb58WM51DB4cHKQ8GNwXBv4djt3d5hSN16OQPJK034Ty7h+/8gzlKLRrP+/GyP9EcMPX2DkYlbgGl58macI2+IBN/IPsdlWdwqUfX81jUPROl+f5KBzxcH09uYXJc2s5ROJdHGxO9nUQOO8lw==]]></Encrypt>
</xml>


2018-01-02 11:40:53 debug :
------------
String:
account-ticket<xml>
    <AppId><![CDATA[wx7f83e93205d2fd31]]></AppId>
    <Encrypt><![CDATA[8uUaskotXOZrAc9YDZUBAO5TVSqx1dA9lE3wluHo66Tj6HHgdkEMGWHhW4QG1vfytfaWV1Us5cmybWjmCKJEgd00yElvL5GNAkLUrl/d7l+gBZUUV/6iJHT2ZuZpZV+rSGduvXOGKh15K/ZW8P3mh+xFJqgck4ac8rh5g8rajwuQlxOjv9uqrHlEK1PsVilDbAqdV7hB0jGryuNuyal7MMK2Ha2gCo0iFpM1on2u/mqnWDz/aAPig4I5W8qM2czA6/dHK+L+btIIc5P/Jj9IoGK0x4y8b7Ijeozn9e/PJy7FNgW8VdqH/jInOwZVnzUToEYQCrc2knmXdqK+JVGex1byLcHTWXa34H6yoZuxbbRTbt1B4icCZnJTkGCwGDcFb3T8gIaqW8x8pND7+kp6c/vypMedkaVD7BonkQAq6tjo1AL5R7Nc+wELXTYveUShp/dTvDcy8Su5bjuX7V5nbA==]]></Encrypt>
</xml>


2018-01-02 11:50:52 debug :
------------
String:
account-ticket<xml>
    <AppId><![CDATA[wx7f83e93205d2fd31]]></AppId>
    <Encrypt><![CDATA[MbEJQydMqyBosOrIVfLJPqiFXtHBGtBkmOws1uXldQNXQ4iq6/Z9eNfFuWooBXTfNemxXyaJsJfGKUXk5e0LqmEzBRb+KGHV6RDZfgbhP67Z4HsUMEh4/07ZXNKet7jduKyMftgIodeY3+T0/dp9blsaUq+WKdzb2EVj9A2+bF7qFqnpHmvLk4pJnGx46WHStmKQTWUOKhZubQ7SDS80KKi2lxwEEGrk6TmYfle3AwRi051+zyJp7i1kW8hZzkFptuVW+9GtMEUMLAPuvWUxotROMmF5rHG62n8saO7qs+sTX7znVvk8NC3+LhCrt9omqjby3psKeSmAaLU47Mh83TwwHzlcThiyHHMy8gZwGNcFEjgMu0CZWxjMURaVToxT9AGvEfCLC+c9/MuwzvwlUp4+NVIlWsDvnxAjmCWk3ENcCvTJ+yWr+rT8HV8ItRCJ9BvJSu7WotsyhCirFuxn9A==]]></Encrypt>
</xml>


2018-01-02 12:00:55 debug :
------------
String:
account-ticket<xml>
    <AppId><![CDATA[wx7f83e93205d2fd31]]></AppId>
    <Encrypt><![CDATA[tyddYwyN4HZjkgD6iMCS+ntiDZh4VtbeImUYLqp0ogYj5/x6DiojETyKxefP49/hqZrvorGQ7AjtPRVqofGXz8eelYl19KMKPwV1zvvvNqk8HDdUNYEORbXY9tf8ssAIb4og7IevJ66SH/28cp4noT8QTSa89s76x+g/OiV3+DCL7uVJtn49yRGxhlCkGhpxgzXQ2QKxX+XJmi7MXMIxml6QlM2Rcep/Qqqc0xXH/TKM1lVjY06PLP6zC7wlKZD3JaG8lanU/JEz6pKmlDipdrJC8LoAFSl/2KMFjXNh0u4NQvCp/SqTN3wYYYOEfqdEmorAySjt4y15ohrVRDi6TbosjtOytw1Bf9cM3QM7YTKfMl1QlkoTAhCLtTHPobBKmN1D+ajFjkOuizIUCN3CTc8ht1PfN8hEwz+xPG34CD2Bc3NKOku7HXePubUjeNc+7WLWmIkayuDmsJaCvhzGVQ==]]></Encrypt>
</xml>


2018-01-02 12:10:57 debug :
------------
String:
account-ticket<xml>
    <AppId><![CDATA[wx7f83e93205d2fd31]]></AppId>
    <Encrypt><![CDATA[nfjKsjLfakmEu2hup3VaBO9nkZrp6PmmBjP/bXR1avMZYiFn0UqFKCV9J1C7b+iSbk21m4GrXi+/IFeYmrG9JZ74631AGI4KX844z6ODh2ga552PCdKgYOtfULVByVUk0gdEwveJcWLImgBhrFQSwrglzMgUxPWh+F7yxKIiF3o8FdhyLPiPawhUVrpt95aRZrvCCpcvwNrhXrNfl7PWQNw/twEZp+wQ7SIT+McTqfJq6/WWYFWV2WAV6zylsUgKKBv0zP2LDK1KRoYgCzZQ1WrLhZQkylAST4/8hsrUIGpVQGYG3354q52Kg5S2fkTNOQklpPzk9OxMEUehnTaXlvMINKpC5OgDEBECiTQR0RDBTayh/1noKCqxmZbkf7Jzlc6rvkjpFgaJ+GGqJ7pzgT5p5IlLExgF8TuDvo2QpQ5576nVRt1gWJyvQyflwGS9B2CosKn0mXUZAr7AHdg8iQ==]]></Encrypt>
</xml>


2018-01-02 12:20:57 debug :
------------
String:
account-ticket<xml>
    <AppId><![CDATA[wx7f83e93205d2fd31]]></AppId>
    <Encrypt><![CDATA[ige7nxjXO/2ahCEZnzISBk1EOmcnWZh6G5wUI2JL1sE2HemtXZ8GFlrsUXrYA4YUFBGReaTLsFDKcNjlbysLoJi2X/WDCjXR5Zm90MK/adVfF826a2Q5oxJIwCCLCXGzA8DSWxI+ULQMx7tkbrDzlCKr3Wblp22BwAJmvIydDVurHm/fgBLZ1SbKcb87QLmvQB2JiH3IBEqGLE73pMJGjzGDkKqk5mWAV1yMhau/kCGJ52Uq6Dy6rp13kMj1M7Uyu9hEj2zcC8LgQFeVGMZUP2pmmLxxS79e5b5/VJoqOfXTohLFUCUmqbB+s1qHlapbNX6YR6ZI+sEGql3eHtkyue0vQ/58UKXt3ZgzBM4rOub1UgeA5BVxzxmKnHrNWj9Vnt7CR/v8eUv7SQmdr5RN5b954aLUe79yKZ8J7HmAVwZx724whcI+2qVMaRWy9Ot6lOfMjgQsjFhewaIS+lTsSA==]]></Encrypt>
</xml>


2018-01-02 12:31:00 debug :
------------
String:
account-ticket<xml>
    <AppId><![CDATA[wx7f83e93205d2fd31]]></AppId>
    <Encrypt><![CDATA[BI0F0+Qc1jLg37s8PiSe0vxruWXSV9BigkxkxozVTtEsApRG/nTQBnG3KuQICQBnNOACy+u6x/B6SC8YIpfhKdpiOlkpfSHb/00odiR3zVJpcNA1o28N47o1V21C5xiszWQv8DXj8AWcljLZPS3/fmFlFK9MOGrzNXXPReNV0qQcj0WMfjgdBeWgeSAmvWQT8lTxx23zJu5OAlXvrHMqGjeiHPtG2q877ZslO69JniD8zmxWouzQQOodPraFF6wo6bURalVQnY2YrVf1O0RX+I/OYRY/veXrnbmnFRYRpmbzWVsHcQGJQku59XCnNAJKD/NUBiLZjeZAKQ3JAxGjRHpEaNtLpagt/vDuUSUErEoQ2avr+a3Sq+u/4QqTIzm+6z5BQBb3/+cfEh8eLn0Pqqw1TZxdfQ6Nwl08L6rbEj5N3FgYfE34w6SwBeoBsYDIvhynuakEZKEwtd75Tkht5w==]]></Encrypt>
</xml>


2018-01-02 12:40:56 debug :
------------
String:
account-ticket<xml>
    <AppId><![CDATA[wx7f83e93205d2fd31]]></AppId>
    <Encrypt><![CDATA[4oUBoLsYQFu8qyWFaP1oS5DU7z2mo4v5lgAeYW0ZGzm1WpseKtx4BqMK5PYFcOQRKRI/rQtst297IQSRa0Y/HfF2YqzIberGpRYle0C+wGs+k1rm1PBnCkQe0qR8r+0QyslhCgzaBOD6qrg3297isMIfsE0a3vxMb7r7uWb5IaNikpPfKsG8N3sIvsew7Rw9XsX4WzdqMQZjhWi+e7JRtpIs4QxxAzHmPAVidlCtC7C+T/sZx5WyS/OhG+P4ETxK2xD894WM4ZFzK4aJhEb+L68q9DiCBHJ9Ud8htZaJXNEm3/uoF4wIVHGdltCHkx70QgOI3PLcTYYMCcH0wSRMsHIB/xhp2wQD77rQDIA8rN8Z0y9CmwFuyKIEm4ZRQLRkCvscbBe+o3L38uRSZgw8UggctKYQfSngrM+hJkEBTYbl/YfUOv9NKjuj6sUPbVQ92r2PP25RSCMHaM4KDZfHrg==]]></Encrypt>
</xml>


2018-01-02 12:50:52 debug :
------------
String:
account-ticket<xml>
    <AppId><![CDATA[wx7f83e93205d2fd31]]></AppId>
    <Encrypt><![CDATA[HmAa7J470L34nkJrcJ2oPdqH7R95lxBTvSFd50XRqOTLKNdGwQ4dcpC8Zn33+iCM8kyX1V84reA+khhiqslSaJhWfWh4k3Y7FHbSVAUAH38a9z9cusax7/qIhuRmLoxkA4sf3RKkkMSVfCHO2pb7P2rMNeBpmqNrU1S3tzhZSIkkwuCa1/9C0v/SM62WcYgu4RjoATn03L5l6nNllhgZlITsUVYfwtI05D3gMghMfRXHXp11p4dpHwOQSPlfO+t9y5/eSWvCJ/U+ZQAczRx+jIeap5SAQkAxLXYUc0QUYIrFaA44ME89Id8/oIcNL8/iD+qIWxwPezCQivl4Pr3iio920rHOSjh7vmGx4tKgpiFChXRj/Vzj504YeFohn7KtQEaxyr3G+lbnqaPLu86Etb2dP5hGAjuPdNaItOhxeTVSpiIDQVh6w5SxbJr/Ai0knIJyOiSiwUc2qvvL9VNAFQ==]]></Encrypt>
</xml>


2018-01-02 13:00:56 debug :
------------
String:
account-ticket<xml>
    <AppId><![CDATA[wx7f83e93205d2fd31]]></AppId>
    <Encrypt><![CDATA[sEpFZLzhaNdd8k07euuuMq8k0w06rF5p37P+LxpzulOKI/CbrfusJtZkCigpSnHPWniBLSYN6FCUvUGtS0F6DcTAQY79CLMiunoA+3+jkIa9uCjaRUOJLVALnUXsALcXflbsobCbMoozMDYBGO/9y1dDVKNqQoUnL2TizeOo0Mg/F6cG5y1q0stJimhfY9naQeBV44uRPKLey5k5Vz1vA1KsHEw2hBib4vbe8SeYL7AL+vijqoF2ONklAZimnvBKj7PsViibw4nTbbCLBw8gK1+IWRvBULCXOWRDZ3FDGj9rV4U7CoQH8oVUpXuesLMzcgPtPsA5rHU88R2rwCDO4GceoMRpqu8Wn1cmAhbcLEimTM05RjJa5xvwQsEGzvlg4Olnn4FjA03MlWd2TzktI0G/InE02bTs43OFtYvt8SrHJTcXnoUGwjh+w2z7+mOX00DpywDmm9qRaErd89fecA==]]></Encrypt>
</xml>


2018-01-02 13:10:56 debug :
------------
String:
account-ticket<xml>
    <AppId><![CDATA[wx7f83e93205d2fd31]]></AppId>
    <Encrypt><![CDATA[5PHnExFX1kUZtVV8FN8w76dFFHKRs2whd8bRCIH+S7khIols6Alibc9H8aNVN9JG0PEqfeFtydtBpPQ3P5qUCm6t4Iegr+9HWq1eHHieq0ry2iwBDJMxnaNeApAG3h2xkqVZH5CpeduWM0eDjICCKaHuet52BnR2t3iA61lXdftNXiao0SHM3yPITXxypziofK8xR+1CSBYzIOlOUYnIFee/nyjPUieYCl32IlTzN/NTBu664L4XYRZDsx2BeilIVxV+N8lbBXpEpU1jITfjx10gChh9FEfNaHem8GdHYjhqwx5kII3luj5JIbuWKYML5ge3Qi2W1K8O6d+XR36LWq4V4CBiSClyROZ+yU/K73gcjghff7V6YnyLvTCEPkf/PIK48MWWxe6VbqQRcpJKHSUSkgwi67FQWWO9K9HOi0UdOD/ELKxByhsj2ZMvJ8yYbxiZP5lsQeOZdhB+YD1Ylg==]]></Encrypt>
</xml>


2018-01-02 13:20:52 debug :
------------
String:
account-ticket<xml>
    <AppId><![CDATA[wx7f83e93205d2fd31]]></AppId>
    <Encrypt><![CDATA[enOaF6P667NRTgbLUrlL6OpheRMA67ewkQbArIHkVxRlyJmFcdpfbWmBbj7wbt3r/KsvSyQslBlSGpdY1lWSn1nyrIU07SfT3ZT8QHoJdwskQgcZG4cWOj/Rc9dZ3GUPF3xIILgMSvDsgV5clV1YKNvkh6LYRLS8z2Nwl3r+2jUTNlsV4vfZ4z4hd4qFrSz9qxQgwjCEnhz4BB94m+nWYMGqV4xgS5QgIEpeTGIU1x/k9bwD5gJudkX4lmSrOAxrg3KkYFbtD6pM5D1l4Xia4NGKrvYCcV2yfBfJMk2jNJSYhpSMFs5Tycjmzyb4ks+G8dvMJIwuL1DpqFac3f2xQ6FYzQ+2SHYT5779ii8aj1PooNAbT7/kL2ZsEvJtfJhSTE71F4xdG37c3MMZMOqTyz35o0ScefNUa2IiJ1ZA4RwZYWpjPqFF49+I0FUEmvqhEyrGy7Y1Wf7bIltcKELEkw==]]></Encrypt>
</xml>


2018-01-02 13:30:47 debug :
------------
String:
account-ticket<xml>
    <AppId><![CDATA[wx7f83e93205d2fd31]]></AppId>
    <Encrypt><![CDATA[V0Wo4LkQnnGw/xIWlWzZmxLnfOfcjjERF/eDpyaJar+VIWlBb+9l8yBCRjLt9RFB0vJydjY2MRNfGOVyd3Q7xdXuEzAouje+7O/ayYiJbCIueuQ/rQ2MMTXQr/j/Y9J8welgYWixT7Y87nV5Q7sP8vS2ZdXR3P2fw2TaG+QJJZZiDCjHrZuSY7Xl51Jp/31EVrdhxp1Qy9a9M8tgCTAO+SPM4u65Z3Ry+VOlmxZiHj4nRy9o6vbhuKq/xqJNsITvVWYDm2B1X+GzP7ln7S7z814hPEi1XtMoHf5OCXFWwobkz65+JaGLBsUlHrCSMoE+RuABrxeFKuBeURCNk6jwgoCo3gcyMeuoUQlR3eXc3idkEil93SjjK0hQ1iTGaq23OcC75k3CbNqiZPlHum9+ouC7JxLu/GVnI6IWzR2EA4LeY5N1Xge+2L/9VubChZ1G+bXXnXO/sD/5SmXPDPQdfQ==]]></Encrypt>
</xml>


2018-01-02 13:40:46 debug :
------------
String:
account-ticket<xml>
    <AppId><![CDATA[wx7f83e93205d2fd31]]></AppId>
    <Encrypt><![CDATA[BvRFVzB9RuxDvCB+RIljiQoIdSTy90fXn+VaR9tYMnrjjcTIGJAohL/QViFvKhEhl9EVo6DvLpYN61cZ9HhnbDO0zoFDOdjKCr80NtFF446zKN2wYqyXawFemQQKoDV7UspFCyORNv2ODh2eDhn0+QVULDjoFsJjmpDV+R3Mgk7SDlMv5xMYmeBRMHZ+E71XvsC8sMz9nTVilSGj1Ijzfdp272DAHY5SMwpy9udqeu0BuNb7fMLZEMde8jAlV14uUyIYsqMamATMIbWSDMhhcPxFE91pjedSoxneEgRlcArbZiGqU1v64hwt34c62T432+zL7KVlwQ3r8QbQeSiKHjwC88jU2C0IhFNcw/6IKKTSWFSg2iljgxXUqQ6XBj1fu/MusRVHOgVpbTS7i/Kid4TwEo/aaN6vAimNK2vtDYGoad5rFuSPH6IAm+b47sDQwyqR+0Mq2iE125U8bUVuJg==]]></Encrypt>
</xml>


2018-01-02 13:50:40 debug :
------------
String:
account-ticket<xml>
    <AppId><![CDATA[wx7f83e93205d2fd31]]></AppId>
    <Encrypt><![CDATA[skciK78oVEfvJgkPkxP8BbLaUduJwu75DOaG8jMtUjgWFq73abqFzqhykdyVxTvWL8f/6DrNjM2bwMnB84gp9Ffs41B8dvULPIJSxVDuUtbYLcfY3/cwtY3YoWVwDFyi0TO5XKlRw5400A4zZW8W00w1e0Bswt0DCcOSa9+UN00Ap0/0Rpzj+TMVzsEKdZ8+7eUQ4VT2/xibDj8tg/jLwszzHLNc8v7ADMfKg4x4d+Al3RZLMip84L/VsstCOegPEtNG6NvZOV6knwmCqNBxa0ikCCKid+D2dVN93cQb3DD453ASL/dzL66I52zn5725Pxqq4+Qm/ibljAq/+eEBf/CIYy4Oia/HyRXSMaQ5vbouTy9qZG40xnqkNn32ccSq9l3TCDInlo11/iPDdh0GjxBCXersOKKq+5DyxaDEMV0NIHtqTXrMXFngUMAOu+Ex0l2UzBEHeh1JX+VQrsPq/w==]]></Encrypt>
</xml>


2018-01-02 14:00:43 debug :
------------
String:
account-ticket<xml>
    <AppId><![CDATA[wx7f83e93205d2fd31]]></AppId>
    <Encrypt><![CDATA[00LBGcbT3agUYUj+g6l0wwQHZhl92f5VY3dDa6iC/tZGadvz7lwtaRQdGoJHfCPeSpAcRjhZNFO6/X25uTxpth+3gZ48pLzCRXw9x+HOvUtk5qyLFTkWzmzT4fnjokzNiXoDaHDfXvtn5PsA6P2Rcvk9tdQca1DIjRz2117o47gAFZWu772qF/moUeQbznAItbheOvwU8y1E9mn+qDAOSx0yAXCEVq+OLakNZHnsgb8Qx2mvF77Mx+ayScAHAmeYTFpcuMkqPUTYz3C03Nl/+S2GESUEHN6vqa9SjvGBIIRm/v/eWkq5L4dM+YN5/Lcf/FcDAD+LLpTa+4eZNHRL/7QjGZ5L+mK6tcP9H9SbZMsTNeuQA1qtHxD7ElsWOOPjkWj/W2hRVKbcQ4mzF/FS/FBmJZGo5uoRZvWSDZ5ZnbZHEB/fkYAob3J0vieKx7VSWNFsSjv3kb5GDJjkWkPlBw==]]></Encrypt>
</xml>


2018-01-02 14:10:48 debug :
------------
String:
account-ticket<xml>
    <AppId><![CDATA[wx7f83e93205d2fd31]]></AppId>
    <Encrypt><![CDATA[PwOJl+OFFzlUhcADYxLzauw3p6qGdXDwjjTs/fpnf+nQIeE1o8vpau/vtYx0HP9DxXX5PBDsfIwAWMlnlm65yO7ozjbZbRnwAlqferU99lXmNnO903kYB1AMWwDTw1BNXMOeNTugfUc87u4oieRWq8wwSEcNhYPBK5UG5Mk3pJNaj+VVcPbSqj4vVTOOLhtKGeH3kZpphQsS2b+mVxmrsHAkNtKPKUyc8hrGflEUBvLDOeoVJJFGbseSAY0AFcA7ciZxnfyXhcyUNZbxJH02eMAkxjGKFwKoWyKyweIv5TOJVV4uypOv+CpdH5t2t2oAvt5Hg4SOjcH9UpVNMbGREn/q/d2k5IwbNvvR8ecMKB5QlL3av2W+7bI2I2kUDRxExNnS5lkgYBjRj608mIbSHTWwatT43izx18WwMWUD3BObQMBBIXGgTMmR/NKHLm3DNEE4nLDtHCR7QCA2M5n2Rg==]]></Encrypt>
</xml>


2018-01-02 14:20:46 debug :
------------
String:
account-ticket<xml>
    <AppId><![CDATA[wx7f83e93205d2fd31]]></AppId>
    <Encrypt><![CDATA[B+i6fI51Onh2wxXVjLRVeIYhpPu+01+/jeoPoiObURpq4B7m6h+4/Rn3NK2CACK+5MsUtxa5ZLNFX81+qixhUWg/K8ntXzSkqN84lnplm8Xrfe4KS5Fvo1jkBn2R0dyN6Ys+LX709FCaWYmZbnmbIsMZKxNBoDGI+oAuSoWX8fC6Z0w5CvKFBZ7iwIWAXyKQB8w5EQJF3ms+Jo6uEEOG8QPgN5BAR29D4DRuZ7KrHD0yuDSKldQKLisonD//1POvkl1WxuzHRjt3EFlrjLAXz41wmb4I/6c4f8s4KAaQxWyKUpBKKpoSHzWRJc6VOdkzgOByV+RimVsDAsPSObr0NpWw8qar1hs2C3UA0HZ+ahnwltaeO9Wzt+S0IAIHkxo5+zCbNmL3q/cxEwLiyqIlRMq+vRyobA5Mvl3MQcWlvLbPYyNP+JlPtHwj7atAnSWJRR8en+T8fQk6knnO0QtNNQ==]]></Encrypt>
</xml>


2018-01-02 14:30:39 debug :
------------
String:
account-ticket<xml>
    <AppId><![CDATA[wx7f83e93205d2fd31]]></AppId>
    <Encrypt><![CDATA[7gA5HQIlY5dWaoJgA+rTvoQeP7kTd2RMk/oaUb0yaEIHT0WoNXYTZrrWMgu/Wmi0fBZs/2YTnPlMV0EGPm/2/q3v64zQ3o4EqTYJP4vEMW1ZgDnHjZ8X8mpjRfmuOcD4K9LfjygPXvcQ1fst9nNz829cqgTH90ZYA2Prv/If8nyQSPcxTks7tQmXL8LTjyTWRpH1ZcbRQIYQDe2xTJz5BcT/m/p7B6LOpSoYi+fySbJAlCEdTJJYql8KTC+futHU/jynph9ZMWpM1Tq5+DR5zfynFFzOjrmt3Tq/wOpwLOaTcTB9J7lEIYyBjiHrK4sNOoLwomSSdJO8HYxfV+6PdIrSs9zLtByVuvLHaInwbP/eHjj+S4fPBjrCDrkpfRSzbZ5cy9g5PgbgQCCAEJDGBvGbI467sM3OdNROOYAAn5ukoU1YSJ9I7R3oRz4i7abG6dbt6b2ohc//VrRzFz5+7A==]]></Encrypt>
</xml>


2018-01-02 14:40:45 debug :
------------
String:
account-ticket<xml>
    <AppId><![CDATA[wx7f83e93205d2fd31]]></AppId>
    <Encrypt><![CDATA[nGDwAVlg6cOoaEi/teOTrDkxLwKCiB1jA9TaMxLnSOWlpUvOpnt+B1+wZ3Azawdii/cwwPo6tXk+oDYUSqmp3XRn+IlZIsLlY9TfJtdAzuUuvQFByVkyKncAizDGdtfsLvh2nMD7Kjczo1o7ZMHPaHXLWZUEqvCh1xrMKdsF3rK4n9cktFM0svNMz/8phFDm8SVLFTdiseRIYhFT4fy1EttxvOLky8ukCmRarNSqd3ahC7XbZ5ZLckQM73+kLIyEKVPf9t6n14SO6G7SLcgxdrD4oqEXGSRj4DS9JEZXcKv+KBUTYEuQGmuZ2Rbp24337/hpwoCA81UthrvI8o1G+ORl4nZN2tNsJRtIgeFcUu/6QuDROxwd/Bvrx7ABHjkHKrCKxtOWMeBgTXsEbF0Ns8x2YaDXR+Lz1S7VGHdvUPovYnff/7517jpR8yGSKzDbxNP5oa3/klHNKnUHOUhCgw==]]></Encrypt>
</xml>


2018-01-02 14:50:39 debug :
------------
String:
account-ticket<xml>
    <AppId><![CDATA[wx7f83e93205d2fd31]]></AppId>
    <Encrypt><![CDATA[MDngnvRg20yMMEBJzaiyR2k6Wc/0t/Lbg76yL9Ufa03rIxclrf676HpxpLFWGFuhZHhYzypmsSur/BQwS8CnWOayGs5fPUEu6F11IAf30MywtksIv0ATQ68JFs8Zdi48pZApKD9o8W8vWgZkj09gUwE8xd4TeDPo4bTHyNB5w4QwF8PlPyc5cwbrDTtSOHdTnKHrhwtUcGJwZURllLcrLukGg/TEKxIHlQAZjjrDqF+/3jQj5q9f7jLCd2Sc1jAeuJx/yXobq0x1yhvGzNF9aiXQujt2OrFHLm0z+HfGrINuERrkWqURGxFtrp2zLJAgS3bZ5MlrvB+gs8eteBSvSYHaxFYJoXmyu9/knSz6mphDHdPKG+YdgX2vj+VBrlq9g6xJrTEEGpwoTSyaNoF4f9QsIpCzMvHNkfVDfrCCLH7wlMKw65EhZ6CFYNefuQk63zVv84AxWGAp7FlM6c3+Gg==]]></Encrypt>
</xml>


2018-01-02 15:00:41 debug :
------------
String:
account-ticket<xml>
    <AppId><![CDATA[wx7f83e93205d2fd31]]></AppId>
    <Encrypt><![CDATA[wutV/m6++bPap74Lg60QO7tTjAjcuv2P7CmkHzRPkxtQisqqzzhzgKNCUgkvtRQCOoJmHQT0GG6vA30qGc5QubVuRaBWZU0O7TK9BU/z07oyuiacMKSpoL13Hd7B7zQVKLhwdyV6iKZELL8lNseh/OYdsaf9+ssVdOl6xvDip2TbJDU/Rg+O/SURQ4E7My1SjMKMjOaGkglwe//cEW53sqHDbqB+ZkX3PHW5+XGv97A1pYMYKCippc7ACB55fUohOKRWmqE6VzgljP/l6qbF3li8ZNAdUX7uiq6EBPNXjw65/q0Ed9NW/pFnG+D4lCASPPsn+6jVQjYPyg+H0MoB9FOxUYz9I/8PWOIHHw+rLb8XlO6oOvaQLdcp0GO3zxS6FFfLcnWW9m064Pmu5Y1b00t8uXfnEsr8r1/p4tmc8grFQAF00OGopiH7avTeUvD20kFBsd2y3U9zp7I8d621SQ==]]></Encrypt>
</xml>


2018-01-02 15:10:43 debug :
------------
String:
account-ticket<xml>
    <AppId><![CDATA[wx7f83e93205d2fd31]]></AppId>
    <Encrypt><![CDATA[wIclt5XbveyfePH7H7R6JgB0svOQ6u7LUlSuYOLRvEGyLL9xoa/SR2w0d6JUBsWrPSxlINGk37+1+8YeM7F32Htw/geSyn4e9hI2xANIGhn9GHp/qrVwuVPxILCUztlQzxAviuIRN2XB69t7UBuaqCC12dBQfWulGrlwcEgWsSeerSX9pnA1w8wZxHAe9Zj7R9OGiOaUe4oXB1zeNMYdLDcULN2ouwASUPF70Hk7IFvKQjGWTdPzEpnAtmo3BG0RlDhTmKxBnzLKytYeiPhIILW+9ZQxmpqdM0PawGNFw+HKDKfjLXQfEE4o+7W9Xqd3VrzRTqFYKjbShI6Cf5HnKorlnhgZktUJxF4an9VhxQhx/WKssy84/eyboXyFeQSKNlCIqM9ZwoVBb9oX4v42atNNB3Q1RJwx1jiMBSFIY1nXQ8a2p9pArRU2kl1Nv/g+5Xxnx6+BKto2se3tzsxTeA==]]></Encrypt>
</xml>


2018-01-02 15:20:50 debug :
------------
String:
account-ticket<xml>
    <AppId><![CDATA[wx7f83e93205d2fd31]]></AppId>
    <Encrypt><![CDATA[nrmqQR1W89InWtd2J2rztIZO/ZNAn53jz4Vpfr23uENJsVnRq74fEF++ZZJdGdFiPmU1wbVwAcjOLJNPLN3wmY9LdkD5ygU+M8Z36CJPNvx8kIOnjXmNlj1HkNBaqXZi92yKiqSnZ69nPes6jhL3JcvCf/xKoO6YqsHVON2m0z58XoXXjJ1HCIzybiSGnqyEeLctkSfoKVB8WhGXaDah4ivGJlAXT0yykZM3PKpkufAmKSnmBTN1EH89U7GfX72MXBYqdQy8pW56E8vN9JgVw5ijUzkoUNymct2oIVS1MLofnIZtpygQvEyveX02NLPIHZeiT5bYg8NReJqROiQU1J2OVtUAY+XfV1fi1kD3RxSHUVWfsR22nJJ1KGMKdQPfdamyjAcLemXWXJ8dBTJIkKAEcpWqYx/YXHkLIRBctg88NSngbcn9PF24BjlTN3sGlAXivzQAO1g9NR2YRj0KTQ==]]></Encrypt>
</xml>


2018-01-02 15:30:45 debug :
------------
String:
account-ticket<xml>
    <AppId><![CDATA[wx7f83e93205d2fd31]]></AppId>
    <Encrypt><![CDATA[OYvR9QRlhWniOWtEGbqUK59tTVcBJ4CZRENDPIfIhqwiKJYww5dsyOwD4fvVoVqlakluJ/b3bke+k1m8SUEdOu9655/qTTnrzq0FV7HPGfJv/YrW0P591YvMDxAUYNw6f70A9Lhg8C7fY33dkrH0g/s7SaZf0hPRBZcSvVEu8ZMeMxtURdm6C0wtV82A1y0LgCDnKL/Aqu/fphxhXRtA3wUGWEfdjyPmLcLBHmSyJjo+zZ/1ennZI9JmHMAbq2q4p5sfZom99eC9YOmB+pFl57mZpK7dSNzFoVW9GBqcFHCt1pmNciAa1FwgUr88T0kcuiBvVgzZjqgvZ00KOcDNpId4HhNKtYqp1J2adJxFSnR1d62eMuWQ9AcjjyYayotiTJd45DmTEUwdTIrSRgxE5ulg8WfeCIxJlZUxbi1vhsG3wwLoywSZEG7wlvg1ajw6OFxk4nq+csOWeizfDcrDZg==]]></Encrypt>
</xml>


2018-01-02 15:40:50 debug :
------------
String:
account-ticket<xml>
    <AppId><![CDATA[wx7f83e93205d2fd31]]></AppId>
    <Encrypt><![CDATA[+dgWaSTflXoXAH8wNSX4OwQpeQsIyt/5RFP+ndSipopEP8gQPIFhhWn0dtdOxHVmqh0jzJFMyw4YjqF0ef9K26TzSkF9UUeO7LhITCzZhZJRG1I8KooHokYTx9Q2GdDPxVmGHPCWXOSPzwxgbnvFKhtEkien4n3UojBQCwcum2ZCj7CaiF4Hi67Wiq/gPAQRZrYU0gF512IXvasYMFN9PwAayiE60047XLueeLjmhAf/G//kzlSJ99MZwqRpjjBZV7FT1wQKcpX5bLl+8WxeDwP2opEs6J5ythFuaQgtYVW0MpfivS16zVXLQLMrZ/ionIGVra2aoJEp3gx4hp1UoD5ENXXB+ECiqjcQIo1DisSUVxAyyEZlxU2pzQwOlaPvgx147kRqYM0x0jrbfBtB2dC1Tm+pCKyi5WE+7MQzx+xn4rey/AWh0uTrUEfY5PwWW08r8XA56u3jrullV8ADBw==]]></Encrypt>
</xml>


2018-01-02 15:50:41 debug :
------------
String:
account-ticket<xml>
    <AppId><![CDATA[wx7f83e93205d2fd31]]></AppId>
    <Encrypt><![CDATA[QLV9r93LIeFQlbyLXaZjNZn+z+57rSo0uhiB8o/wdgg/KK/WhEeqLThY+dwQNjSheCmv4hgd1k0g1kFSAnbD7qNJ8jLGdn+7Ix9HK0Tp5FyFw+dYE75rtZE6hbIvPQmW6jN+CmjlcHjI6OvlhgbTfT0jFouNxaGCmU1c8/BH9PFE8rgmzt96rJsGMUAFXBedUkr3jVM7sI7QiJPtIegNzw02V5g73xUqeSyMIT8jC0enCrrWnRg8kP/L0XwTYW4Ljzt2bcDeDdXRdfTI45G+qX96kXOTivYomojHb3fSPSsVaL6LyyyU0RqRvCoM8xzGoMw3hEySbhzBE2WOMxmWoD+r2MVjnaNlUFdkbsvXiGxjohaQsyCAj831dOvNnXyu5CfanMCIFydF9+k/18M2tnaa23uU+aSODxrzlgiKCep38vgkBtnjzD/kny1lw/fAKpABZ0r63wIHZZ08SU2auw==]]></Encrypt>
</xml>


2018-01-02 16:00:42 debug :
------------
String:
account-ticket<xml>
    <AppId><![CDATA[wx7f83e93205d2fd31]]></AppId>
    <Encrypt><![CDATA[RfpqiijjG5ACFmmWdaKylFz7RqABNkikWDS4HfBu+yvntN6X7RjIjYYkB4qQmljsC9lBEr7B7lbGQWvaJgkkz0Co1wrZgmXeKtpDtgf/1wXSbWBiJpw2cL4v9PFtGyTU6owfZrpYvsvCp/xcCbeI6ZOVxxC6fz6jMgKgJqbo30s5sAeYIwm+3jTBV3MfHIARSMiFuHSUD7G4qOs2s9qMVcTf/cV+l1AKAZTc01qfQjy/7Zdpb7WTplbjlbGpRsmp6TiSGVC6VROqaUyXpdDwJEm8xQYDdIIhaaODtqwlSvExzlRyCJaJOslgl/O3QlErvspdn7kM9x6sc+ec0lu8hx5tNY4FkCIwRSzdvG1f36SBa3Ju89yZDroc76MumTvL7AGW16kbXxbDNt6PkfhjwnZlC9lz9zPiu72/paWGijKo0jNlfxUk3++/nJPHcH8mx3Is8RnVy/jRaejthYH7xw==]]></Encrypt>
</xml>


2018-01-02 16:10:47 debug :
------------
String:
account-ticket<xml>
    <AppId><![CDATA[wx7f83e93205d2fd31]]></AppId>
    <Encrypt><![CDATA[7ymRS6HqydE/FYjK3/L+5DXaQGAh9vlMmaGJTuzWLbgiLatL5UHTquerNCU/GHSG7agvmImO4HPaTtvDR+tYhzzSr8u+LSn0CmFXbr/iBPjKMLz4zEgLQ9/N/13jX/L2xz3RO3nlx2P9t83gS2owdhTk4JhqIv8eVb+13713FbrftiESCfmMKOwYMsgQA4+269N0C7XbUwv9nUMBof2gO6p891HaQ+7/BX6/z+y+35Uw354BxmF3QrvAnAx1orvZPR06buKQHprDvVUjx7stk08kxR4KXT8bcRbP5MgrVI1MJ0hqXEXgyI4aMW7jLigphaaocLcgquKvjYiq1on2mrkysdUAzS/0Iz6i4VNWaSiOnQ54QiOpFEPE+IqpBt7b2KZ+eWZjfbKivwO6HKDP21SR5XkwzAfuiBC9etJRLGSPEHWWKJ+h3Fpx5fEO+GkTvpt1eSBFLlYQqJ981i/aaQ==]]></Encrypt>
</xml>


2018-01-02 16:20:47 debug :
------------
String:
account-ticket<xml>
    <AppId><![CDATA[wx7f83e93205d2fd31]]></AppId>
    <Encrypt><![CDATA[C3+jR0Wf/I7NtNjViHjER/42IyWyRPWZXlueosAa4wLHlRsg7dL31bl7Da5X1qTf4N/eRCkSAbOYDa3cPutLPvvtdzHU6EW86au3P5DL3HUDOcoxGUhuGUISO+UU1xKj60bchc8bRk/s8RNPWxAKAzS2RcCTxHYE0hAuWrEWpmAP4lhyxqVZSklx1SNKfSC65PFaVckl+g/fEouEeMDEdn/vh+GNlHa4gXaIaDE9p042EPnMB8Ka40DVadMt6/aHD9iyNlYbu/3PmtFDRWJ/R35TUI/wR4AWWFEDuwv7JvG+d0XjS7oK2PSzwFQisKcRA2ORolDNcyroAYY/iakTz2PhIju/ZaC8V92TjSARgRNh8DJxmMG8cCnUPJACf3gcXMQ5cIPNsxWFjEX5J1NpMv0/trlfhSA3TNac7PN9RQP+/YLUtPzD5W3tj3fHr4hGoMlSuN4pfIvfgFJMJ+odmw==]]></Encrypt>
</xml>


2018-01-02 16:30:47 debug :
------------
String:
account-ticket<xml>
    <AppId><![CDATA[wx7f83e93205d2fd31]]></AppId>
    <Encrypt><![CDATA[5mSHySIYlLNT4nbPJtV1185VI0BGYw6MSesMbPf5+IczT3ET4OGXKuwYQIjvvE74CWobXJFR3X2zRpPw/wgsMCK8O5u/TQKBU3O63ZHZtiJj7FG1T6gwvhyWZsK7Fw66JhaEHTSulE1Cq80Us9DIAqwgDPGONuyRxVdsVOLpYkWfTJ8nhZdSue4jScjg9kbIry18aKUIETDOigNu3C+20/cUAW7GpRzz5qKxk4qLw8GzYc/vGL695FPO8aV/1fRdJct+JPpAnoqYb6chAv+rxp8aUtfPtUO6VkAGTk/ewu3sKRubRNM9PcyQL8bqQZG5ymXbjJM5B4++kgQmgMKUF70CHIU1SzW1x3dKo75Rb3dvi4LQfIIo5zZsogilwRmbvet/uyzq9gRYs2eTICedqw+RlyrQgzl/Gd1RlVAzeXdA7yGn42Hpb7JNW0aHo0M55z7E/ZxlJ1D8qEylr9iQ3g==]]></Encrypt>
</xml>


2018-01-02 16:40:52 debug :
------------
String:
account-ticket<xml>
    <AppId><![CDATA[wx7f83e93205d2fd31]]></AppId>
    <Encrypt><![CDATA[lLpvzPcsTbY4lNQhVSEQVc8WO2ZA3nIEbUj9vaYHWFRlAh7rJ1sm5JywQ4YHgJ2MyTVumK+7HaDFP2uXC4J4C8HWSOzj+597xRhgjV0WQCpWO/PQsJvDEJPsrJcgkL6S52qBxVcRuHGQiUeKBPwbhJnXV8HcyXAlkO0wk7MrPB2A358Jr7nC2OhP5hqbqNjPN1HeywYVAHRPRjuVv8YGiKX8bj2FWLfX3YaCU8ka1fcilXYd4nqX/1oJoph+ZhIT0cqAedOvoSLYbIvHRIo+f8pSnLdQyBFhSDQCuNYp+ajF6TWLDgoPBfFgHE8vVOEUaZgUfmhxWQUQX7a379YkVLY6HawWIEhnzgVYcbmlhzRmFO0aDz2nZ3MVGxIq0T8eT8eSv4RX9R333FgR32HnhJJBjhJ2bW9yZRqZMo2GI9Eo6KNfMpShUxVt6hkJkwEB8fJGjqJTzYX8Tr+fKN+H/A==]]></Encrypt>
</xml>


2018-01-02 16:50:46 debug :
------------
String:
account-ticket<xml>
    <AppId><![CDATA[wx7f83e93205d2fd31]]></AppId>
    <Encrypt><![CDATA[ugy2jnk5D7ibcyFNKc/Z7Djg10j99YZVFicb1E22oSycgOjDPN/HkrjywmRi81sVA6Qm3vM9siCASmjQBhwcZJASYvc9O064a82wk2lLAA0s7kdxNFkhyktQszlu/UeS3w+SgtYXaHJ7qjXZ87fp+ARBP6JG7p8GG8EN4Xn4bMmv2mdcuzazjwswgRwrkmZdSI2oukVvrRn4DU/kJBvRMSggZEcFjLDuKvaYqThJJI6la7tY13M2WQSbz133ke/YFUeQ7TBMocTTlbvWIJ/80NehnaFbMDR+F6Zj18TB2j1HFIZyLVQAZxfijv7KBYFhfROPEvfKGPodaRtiHcNuD7vFFZNxO7KJYBC09Nxmb4TUP7HLBncoaPWeXGckmJyIAHoOdayKiKYHCyXIDQm8kx1SBtkf9X23QCb0ls6RVXlZ2BghqD4zLnkWoJv41pWPKyBT1Co0m90vvY2HO9+PRw==]]></Encrypt>
</xml>


2018-01-02 17:00:53 debug :
------------
String:
account-ticket<xml>
    <AppId><![CDATA[wx7f83e93205d2fd31]]></AppId>
    <Encrypt><![CDATA[YXP+aYDOoOnXD1daeVaP6OQN7gWRhW5/mLtEmLY98cK03aw/vovTf4uIsxJTp3ZWKXxzCT3i1ykReJ+FgO8AYoN4htLfQgZAQhWwhT4tpwTAfwCjQMEr52weoP5KX9B25UGs2Zrl3OLpeSbzvMwZeRw9L2H0mz9IG0r82mtM8brYxwWeveSkPk3KyRS/ctH/32YJ9uZsPeVcm2um1VdfFQiTG8xDs61Ld9L0rnYWJKSG+UE9zgiVmRjAfsJDhKukU6GZBmnOQijnDHqRDzSTzhr1q9usbfQoGFXVMuZ3OZK7O+FZ/qWJ/cZO9EyBdn6wgi2AvKbVELr3FbbBxeqtn6uaxqTafh21SqnpMWf7xxeqhTaEx6VFxWjDHhrEdlbYu+O/BpiiYHiRyXf3RNcYtOHjYAsK0wTGttIpH3p6+uWmKRJ7gYSgsC5/QT/2NsiKICMZmIv8ZIfF/qCrm/bjaA==]]></Encrypt>
</xml>


2018-01-02 17:10:53 debug :
------------
String:
account-ticket<xml>
    <AppId><![CDATA[wx7f83e93205d2fd31]]></AppId>
    <Encrypt><![CDATA[hM3u8ENlI9B4IwqpbBpILCqcXmhGcSApUsWZTj2624UCNoHhUiSxWwYdyy0Q5yWgC8L34CmgEFHBcJi9VpKD+/G7E8xiUnRi2CQqej+ph2JjoZD0HqYft9UrUeIvCDb3fOA4KPonHXktdsIGNm4B+qd/Wtu6d121tMZyjc15KRKhkJfkEmnt67K95EY0p16pQvjWIxYaeiJaDBVytBQY5DlPy3m6xBzZgPZbx8YBhVYaZvM7Lz3XuV9B6JFBWlhqAgZAep3Vs65KL5ihNmeI5TQ+UY3JisZTBV98CDDF7I1b9xxQ73Pq2uWGh3C34tWFmlGnth/3GY0/p91F9EZzdqA2dM7HHNFpybGRoDA84GCzdmnpS0+aswWZv8B4lIw9Gn8RDIGbhOYxlqBdnqNT+zSToY+zRuX8O2GP6l/oRCSb6BQjnyp6XoRNBV4VkvGoxfOdohADS8Cm5Fw+yc4/dg==]]></Encrypt>
</xml>


2018-01-02 17:20:53 debug :
------------
String:
account-ticket<xml>
    <AppId><![CDATA[wx7f83e93205d2fd31]]></AppId>
    <Encrypt><![CDATA[QSQPgPA0DmfCs9PXxfnr8EJ/nSgOihf9MdEJOfhjHmEJCbiRrh+nhTF72sEHL1K5dR05ZvDOToNAa+UwI4Ejm3onSMiirQHL+H5ED+/WNTXfNccyASM4Fdgr/g5GbkZdZJWLheoCY7SfW1qJOSYex5fbQMppYfzm+S/e71ltkn2ngGcpCz7eIKPF7tYr7x6B4gXyyqDJJSPagl6rlFPCS0E+hyjmxyom/yW4F3k4dSDxZhiOPWQDduRcZU/RylstxHgl6gg/FTlt6Zmohe0q1r5E4DnxUy9/ji2okiD2VYwrGn5t8yi+/RysFg6/N2vw4GfOFYLgCh5Nqa2n+8h0+uq1xsvrpnesRnO8xgeuIPyj9xtJEZyA7DgKWEv6HaD20jURwmvgQOuTxok+8IP0EspZN0SEKiU0IE7AaEOA40lN42Zx5G2KHEis8k0ulXVsfoRfa8Zui9xfIrSEWGPqWg==]]></Encrypt>
</xml>


2018-01-02 17:30:49 debug :
------------
String:
account-ticket<xml>
    <AppId><![CDATA[wx7f83e93205d2fd31]]></AppId>
    <Encrypt><![CDATA[Dwe4bpZKgxGMYvFCAUYGYSGkHFuSmGVl5wmdN8Ciu0H+gHEtNHfB/50YSpSKPsxzuXWfprMErUX8Do40SCUAB2UW/mQsqi1KIE8hdSUPrbTKeKMJDZaFsIhnojOU4GivGLeOaC3+h473pEy9mH//iX95QGI4fia0KvLNaTuAq+S7TwvZa39JjVcHD6NxEHdqnYNz4BDChXDtDZQF1PG05tUYJ3eWfb0SUi425ttQwISMPfK2gLb99WmqAsrssD/jV8zlYU4qgtgfYoG90Y8GrVlCoyLsNUE2gsNozrLb4JaGMvVK38juR0vMNjhzZ6cQ2BTBSGvs9VzXaVbd3QUrB2pzizkkThOZ8ui5+lFsf7FHrUjaEqVxh7NkBVqlwd1AWd3gEA500qY95Cf5mHyt+I81cK8pTLhJE5xbtOv/NkMs1UdUwfzZdOs56M+v+4p11RVfU9orlByYFyPvtxil5g==]]></Encrypt>
</xml>


2018-01-02 17:40:59 debug :
------------
String:
account-ticket<xml>
    <AppId><![CDATA[wx7f83e93205d2fd31]]></AppId>
    <Encrypt><![CDATA[yNhqYbcE67yb72q1aCv6F6me1pppah8MLa9apzW7z34Q/I82oqVadlHdZHzPAAtuOEgZn5xhWkznTaD6VaFvmnxVfpwpe0g8ANdzaIBdYaalQ8TMnvUd6YZdXwKB5XGE0JGBqoZyPAn2iS7iqpXTGMKz0yOoProd/AKZxt89eXSbA0VvMyOO35IE6pwVJUHwiBwGEijccoPMjaztPZQKXyt4e50pXhuEGmFY8EonBQj+HAe135ArKpKIs4EHa+X+PSz8FhXEKJWam0XztfYvlzOo1YvmxgYoko/g7EiHwq/UHDkSupdTr1RFSlYlC/uUJcDXz4izurxlVbbcp+OSXPfb4lwJlE9SMm7efEVlXPGgQEvcCkpD8fGPoHUhReAKUSl6kosMX4IhKpetHHgYpJArAYb43Gq16D376MqS6Ikl2zhs2Y90sIqWnIAzlgnQ6JklHMlb2ZeTnUIAxuZ28g==]]></Encrypt>
</xml>


2018-01-02 17:50:44 debug :
------------
String:
account-ticket<xml>
    <AppId><![CDATA[wx7f83e93205d2fd31]]></AppId>
    <Encrypt><![CDATA[4IU9OSEV69QmZ8iBg1isjqSFWZxKdTCp/ZQtPoOv9oR7amed21HzaDK9MlNdodr6+hK6/VRLDQQK7SZ9kiDxa1IYbnESl1KY3E3iuC82IAd6HsbG1mJUG98xl/dpGRJo4KlO2X7moZbf9XOnWBRn0bLFZOFu0ulfJCdP0LOCZrvImzxMa49lOPhu6gUkp4fDQAzUgLQZV6irYclvEK7pAriy7I+mt+vJsvXa9ufTP2KQNhLk80qzg5+frMNCZ2+sn9kLZk5IvT/kY3RVxG03DVroa1TVINsk9EUV9XWFa7d1giE9NigEwfoRZDpttDBmrRNsZ6W5WRe31HjtnNJ3kkiC3fkqAhAbok5K1xGG/BUFMb924mtZ8GX6GqfL0bqz4d1yOQD2jYlzdL/QBqu48MDnxaDFK+Fx89Wyoe0R//y8Ibl1qtC9Fk1ItECZKz5sxBMWjVQAlmvSdPdpJ+u1sQ==]]></Encrypt>
</xml>


2018-01-02 18:00:52 debug :
------------
String:
account-ticket<xml>
    <AppId><![CDATA[wx7f83e93205d2fd31]]></AppId>
    <Encrypt><![CDATA[Sa9bSPy4jzm8zVgzWf34bj1jQ8G8xb8OqD2Rf76Ift4R7ANa39MOJIqbql61NH5PUua5nJeJm4C5fBGWtaaSUoJpV9N7DvwSNFU5l6lEHChFdNKSyr51QMp8F9+zGmxupHRWQHzBioFf5+Kwrkzih38XH0usrAGXXuKObk1I5fCSGbPjuWaXEFQlq5elPGspV3EbW/Ek6L4PIzCyOThC6AyG5P0iTXbW/qO/xc/zUaHx1hGHUVIoLZDabsLpsZbB5z1NgoER6pPWXBPN4tbKrpWY85XXngkgAVsn97Ahwa5tbhR8o2MYixBtl83hUoFLRAx6j3MAaCP901k1U32K9vxrNpjN2KWIhCansFgpDKpV8PqITxCFu3wivIlc33uyYtsU3uSt2lLONkxwVcqw5SLvtEXYUr8s7RPxMEjXNd0bD+QLnwzLsb7ZsUO79fmP2eZejsHvT4SDagh+lV1D/g==]]></Encrypt>
</xml>


2018-01-02 18:11:10 debug :
------------
String:
account-ticket<xml>
    <AppId><![CDATA[wx7f83e93205d2fd31]]></AppId>
    <Encrypt><![CDATA[m3OYg0p/PL3fR+HXnZvOxgU31x8PNVa5JCXOx/iaZAJ7bKHyep/hp7A+jMWYv1iq7vwDq36MED0NPtfYCy5SNsz/55bJFQ5JBJPsqmbx/6U0lm5DsX+81MUGa5EZ3fvFFC7cl003pGMZsmwU0GkcJ3yrP0DNXtd5nSeYGcUM0fiYlnumSwZi8BdrGh5Fp8mtzwiQp96S9pff9GzRXvwfzR73fc9mfW9+h7A+5iRsFaTNwXuLNwsOWEGW6Aw/noE2XWVFSpdb7oKIIKk1ukwOLHka2PkFN/DKktTI0j5Jl8VJVoRNqI0pQr1t5r+MDReiGHG7gaPRkAX/mBf4KweJMUJPVdCTgFiDsolSyrW0TlFmdCnmZXNkK6sFxfRkD6w5Wov9VpcTszVImR9/KHmI7k2S7ynk8XNgdBqU7QnsrE16d2mm5cQLeqSrbJFldxkt53h5TTJaZprRJQYKAT/WdA==]]></Encrypt>
</xml>


2018-01-02 18:20:53 debug :
------------
String:
account-ticket<xml>
    <AppId><![CDATA[wx7f83e93205d2fd31]]></AppId>
    <Encrypt><![CDATA[uNrl9MTL2fKACNrALoVzUmYvmwak3SrUlyHdjEeO+hMEeDuf5gxSUR5D5cC5EcuklMTDwmzaVz224d7XBRTF/l5sJ/Z66r3qLatM4gv9OyDuNBKFJ47yqrGOuPPrybO5Gsxcs0MBOw8l4Ek6GSxU+nKGG036bvlyJzaI9JSbmHudseDDQ4EcME9gcHlX+QnLnKUurYupiWKCTVJaUxTrbwnRbT5goeeXXy1lOXLRijwFq/xuQC4vVTZVyVv6tPaMi8HK0MaIOBWX3NaFnIaxzWyoYptQsGvmOKF+TcLHjG7py1U81vpLdOqjpOI1UId6ZaCVBgUuYVK972wW1i6yJJfuLoqkg+PtDcoNolPo1jEKll3pbrwFUzY1RiwylKyghFJenMcIs+ZDdi87vhsbVzpG9yk8KXfN6YSHE5dlGNRplenMI7I/0jYvQwpBDqqQ3hmoSw0C2vA1G/fEX2tpIg==]]></Encrypt>
</xml>


2018-01-02 18:30:49 debug :
------------
String:
account-ticket<xml>
    <AppId><![CDATA[wx7f83e93205d2fd31]]></AppId>
    <Encrypt><![CDATA[PrZeKkeCChMOuZcGvT6uzWvz8yuNguLvw/awRwaM5Uxr8WaZhRUOFt4DlNvhN+egUQVC59KayWpZuQU5nQI9/aqEen8a/g+Sq8P6bo9jSNSAS8VeR9rdZH+5F7T1D/l6cXY2ArCFZD6HikaUDmeGcriwCBUOlXaPn2yTMO37ByecH7Y8uuL25RVt0ZmT77Ppha7H2KTWdNkJq2rWicuu/cw1kHymzXpcGgs6tsXUzYm8BIY365+6o7He7deLX7uhftOPUtFonQrZZHiRqwkJUngxI5gm8BVPc+SgKIuGjccncdcP28yfeWppd/8eXi8tqanuGo4pHr6lyfCvqqaJYXzo88pNM9P693qkcG+Ezsj+mWtgl6qiKNjOLcXMj9i3jjyD0MdRcnZpCOxivA7kfdVcXJE4h9tsZLBMZJWNM2SyZLuNONXWM8dqlEpH9lLzyWeOglHfX85q4z6ARDuIGQ==]]></Encrypt>
</xml>


2018-01-02 18:41:04 debug :
------------
String:
account-ticket<xml>
    <AppId><![CDATA[wx7f83e93205d2fd31]]></AppId>
    <Encrypt><![CDATA[5yg/Domq9M9377Tb50U0j/ZPR2iAzQrYfs+GpTqXXghFmf0lGLmng0Sa1SvxcXE9+GZzLWAqNV3sRlL8JyYZgy8r1wEY+1Or0f/kX35DZAHgAe8IObJDrVPuueKkU9ZNY+wgfr3QsuczX7dDKU/1mHE+Jukv1FjyQugXICSjBJF+UhjtmbPEQdO3qKN1RJdEpdaC0cotC4RFskwDYOfM4A/4EyGT2ThQnVBguOJ3kRk/6rnvvDavpIM8lBNXpdduy56SJKJaAG4drjQo1lGYP6lkkegXV0HlvlPu+TZZg9UT+Xn+feICnGLshRJz5APZuUakoqu+CuQYgVIs/tbp9s7cqUwVQaGA4g/GYfelQMlaB8EK637gXIF2i+s8kMhlOwsWlUvOAw7sBi2l7ydvxZw2raW8q9zBOqwVq4UEUhb5szFKti4MlEna4X0lgf09njolCToZoVaiP/18ppcGAA==]]></Encrypt>
</xml>


2018-01-02 18:50:54 debug :
------------
String:
account-ticket<xml>
    <AppId><![CDATA[wx7f83e93205d2fd31]]></AppId>
    <Encrypt><![CDATA[vjTdPaZllL05WlLBvXdImanQVyroS2Vw1v1TmkJI76vpQYMWoB3RVKbvp4NiNF0c7ra1DWs14CzhVR+fFu+pzggSv7tlhbyKDEKLU23BrPcu5pzfRX9eJiVAPrT/yb6qJw/Yh7Y91QHlg160Gt/Ex2DZZed5RZBWqf5sK5hltY88M3B2WvHFG2j3ePddscCAi+JuHWUmfzRHKvqcJK49NYuiSjme8wUzzpJ+MDDupadBYOi5F8f4/ySTnUO3Db4WF5tuN94MDXiFSj85UZRxoXroO9Jy3vF2TrhR7n3UJDQID9JpckeQKhREZllMwK5+By4Rce+vs1TyCSKM+T4qUa5F8WdxQop3U5HabsJy/UHMJCLKHsjCKPp/vhHjic5uVLYoSQnDzte+e8eilwj2Reroocawejjf3jIalNZCDwULZwf+6Q8jZu+HYZnvhi/QUIhfDBtablZFpd89krltjA==]]></Encrypt>
</xml>


2018-01-02 19:00:53 debug :
------------
String:
account-ticket<xml>
    <AppId><![CDATA[wx7f83e93205d2fd31]]></AppId>
    <Encrypt><![CDATA[ZFYI4lMevBr3pahLha7na799e3589UIESB6rz7iDwibL2yHrnWIiVYDXxt86j0PS1msUlac96EuZ1zVEeSZ7/SWSsYsjNGr197o+hxAAbwL9cZVxhk+TrIt+rxhu7TcLiu1UXaInm05sTpOHKymUO5J6uekfBQmEbX76NTPONmUnJWJnMRZtIX6hi3XjOeak62Pnm9vOe7511eHCQw8LRLUrbM+qwhWzQrUcPwULGUI/ihhjVVLPguSrrYWX+IvNOBloewE09CPFXEnC38+ls53+5Dc3u8hjjtNBPSlCjZAdsXWzTfnTaDXnmdFjO2z80jCFpT7QxA3gPbt5OYtbPAtY98MgF6CCRD9ITGphTHSGksI2Vc90Qe7eWqUYas7/JyuKzjFd6lIKG15MWCHuYDZmJObyncrVH1YKr5zGqXAEke64HGqbXoKuCbc+4TT0SFBN36v/q/DWgnNUe6rX4g==]]></Encrypt>
</xml>


2018-01-02 19:11:04 debug :
------------
String:
account-ticket<xml>
    <AppId><![CDATA[wx7f83e93205d2fd31]]></AppId>
    <Encrypt><![CDATA[eWM4g3ugNmu4WGEP/UKnFXXZfMm70Sj5pqFrETSc6MCJ17F9EGccydmZyEGMz0z0b+nO+120y0DjUjiGoczv/5GqE2nZ2t8VRWV5V+e6KlRXKvtufCbPIkVNDd5dYc7h/jyulbXvVfVky5/BEuStQ1kY3f8wld2cuf8cDeNGMTX0X2wcw0nBWgihUCGniBdMQdko8tOvELN4NMInKFBFdFUtoZpdxMESx/q/qU2wiK+pablSdqdeJ3Xe+4Cs747hyOT7U52Q/ZL/znGrua9lXqEYXouJeUfmoXvV3acZgRSV40knySAn6zxhQPnOB7eS/5+hvv39v0Tnak2PRnPdN5PpNUYYptKpwoLKa3NOGyP8TQTzv4OOrZt9syckiEdk1eoNtr0jcyjiZwlrI1n0QiUZRrVk3ByTRhOvdPc2kmDO1fpFXjNKmFl4g0gKPMzI58nXq0AQdBgzSE4kHBcVdg==]]></Encrypt>
</xml>


2018-01-02 19:21:00 debug :
------------
String:
account-ticket<xml>
    <AppId><![CDATA[wx7f83e93205d2fd31]]></AppId>
    <Encrypt><![CDATA[fGSgDDkjlYMYtv/KQB9JHV39F8MdrLyflUVlmPQAhgAwHnRu9Zt0BIB+N04j6Gsy+S2fPuZC+cOCXcUsM+swdQazNprv/8iCTcgeeME4tD/xZAzznMNFol9z99paipxMHtXiucAfbU+u0fbfqhIuaD4U0dwFUMSxuaPHteUrX+icXhdbASuds2u4gR8wNzgAz9dpcMB0q/EavWUJz9eUavt7Seh/TWtpRm4L/q+WaXgMWZ21cJ0+0GksMA+bqmW7++GLyqtGzuGCsBdLF0Ws5iAzYU9BnTL9Sy8oruZUvQNPRg229gW7Vx1FXpW94bf6qC9G379qeFGYWt2Ak5RESV+TtCue2HyxlEUXtjE6hDvgtGJ0sbg+f/KfOiRjBzVkKQW7r6S+zUOMMHpSrxqx853xOZsjeC0DkpjF7jmP3IyF0Cfavl8QeFcYQVxTaZEhkCQxLO1gBl3ZFCw0LX3zrA==]]></Encrypt>
</xml>


2018-01-02 19:31:06 debug :
------------
String:
account-ticket<xml>
    <AppId><![CDATA[wx7f83e93205d2fd31]]></AppId>
    <Encrypt><![CDATA[3yEN/Tr3Ry3SlhRwLnJjgy4+gTAZnAXuD7Uc+bWGbV63IMrYR+43PwBerCiPgPnOhGiWviOVGmrXn7r1P7rGVsEv7cr+6FDb9eBRASwWRaUEbOLrzrfX73QWT8zJK0CsgYYkpBBE2EVhmlpmmvw8UubJxng8hvK6pcbTAq5p1+hT1q/r1fie4Ds2VfNbqpQnYF3WPevdnGybP0kdZW0T5DXwcM2lFXOgSyEd1jD2GHH+lY+V/tYZrSn1It9770sfiU0pXgx0rYLadfJ9EDdGiO70WZUvv0TwUOE035LHJe/AAGWRIc+5vTvhMQtDHTkjPSAXQVLT/6UrbpWAuTgqDmurX1UPxYl/XcrNnbwczyjB9eOfbOdfyT+kM+bt728syyMCz72x+wKWGX+fq8KoU1IoNs0CfV8WRCc/6mgw+9t6O+iQo10PXWXlQkbgL3j62qnNW3G/7LBYDRpw1OPH3Q==]]></Encrypt>
</xml>


2018-01-02 19:41:06 debug :
------------
String:
account-ticket<xml>
    <AppId><![CDATA[wx7f83e93205d2fd31]]></AppId>
    <Encrypt><![CDATA[6sU17QbpJO8entVRpGngbP3/UzjYcjv7onaGs4LsodlMM7m1wLi8n+aoplTJoHlPalKT4brmRZeXBk2f+RYJUj4MsA1QrY8HdqNQI59ns+bBSGj0FT2sE78U6Xyn3idaLZ5V9NE5xWdSqFQH22weskacJXczlOC0oIrxacFeCG1rsZDen0c9Fvlrb/WOTwveLD2IfCUnmTJnXrlG0NAduEoj3B1oqN9qHUzq1pS9Yn43VZNOobqhvgtL3r+MRk6CFYJn6NB8UzEjGcEPOO1sYm66nasKg0uNY75qjsLKDWdinAlVnhj+r2hp0h9TCq9ird4bHNseErJ/0QYQJWtMl8Nxr6e57G/p6Osqr/otcNIA159VxOEIHuGd+RsAKFkEAiTro3Zk5PtP2XWdwlKaLXuyyPs+8c0UuvAW7YfNI5y2xw+dpjqqUxupxevh+LpgLepJWaK+Rxbr7S3238ru6g==]]></Encrypt>
</xml>


2018-01-02 19:51:04 debug :
------------
String:
account-ticket<xml>
    <AppId><![CDATA[wx7f83e93205d2fd31]]></AppId>
    <Encrypt><![CDATA[B7yJuno+EJy301PgjaVYwH57tGMFOYTs/AbYh6+XyK1O0+KuVtkdxLChwEWXt8pwxcEnsX0tM6sF5kCCPXfTdHF9o6P+7pg994X9bcp0XPyMObndIiJtICN7k6koXf853uynZjLus3Bkvdo11YqTTA4+SsGUAL2GDtWi7acp5Ob4cqUEmn0c3U97UzpVJH5UwUYy3pQoPnDiXlkAVzH0AxS0s7/2MWfL69VM8I/uNjrYqkZ75GREAUrzkaYdS4G/cQAtYLSsXTbt4hIKMvjvUKoWZdg5j+/hzpbX4ElWsie9Fl6d48AU+Phy7yk3W7gQZ0gD5JqXgYxqaCzFTHsNpDmGRrl9jDayvyPXIiqkN8jQ7BfXYAUpZJKTR2gMkY6+OI6q+ZoLc94UgwFIMC841gePPByqIHN40dqnYya6RBAlCn86vfyL925E/tPxbe0F6OEx+LA1xOqM2i5/Vy6UNg==]]></Encrypt>
</xml>


2018-01-02 20:01:03 debug :
------------
String:
account-ticket<xml>
    <AppId><![CDATA[wx7f83e93205d2fd31]]></AppId>
    <Encrypt><![CDATA[9UeGhXQyvGBTTGy1vwnCiqQaKmF3WLZx9HpGjdyRbLnVNqE8UACQvhgvE9zAx7GzcQsS026hn5ExZgLmFaH5vagayye/Ph4VML357Lwc3pcIvuefpy2TRh4NSvKSVhox9QyRNVrc2vmZfBqynaeLyFtP+Vs1w1FMr93dj/SB0y5HN+U1zTo2Jzyxuw5Iagn/Yt9NhomSgsToCWtooqceO2fVk3LJOlG5ZATTrowIixV3F092sZ6UhnUj7Vo32EnS0NJOsLvddxBr9Z1XZapDf5pC7OV/Ku0Wex0srh7+CKf5BYGh0WToryb6dwP2v4NDvGkTBPb9ycDt+kJBd41nc4BT+6UuRhBHvbNH4m0OQQy3R+21LsAaS2j9hKe7y9ZUdQwNxGZ0PSNNiCAbTY+IXb9RrylNEdM+QEMEJC6TvkhcFZ6tfL6SZGfADs45IonSo3GemonqVz1o+tl+K20RuQ==]]></Encrypt>
</xml>


2018-01-02 20:11:13 debug :
------------
String:
account-ticket<xml>
    <AppId><![CDATA[wx7f83e93205d2fd31]]></AppId>
    <Encrypt><![CDATA[OjvT0LYByjtIyn8MOK6Bat421JBGe1tHts1DrSH9A3O9GrdieT29j+hjpIeF6G5y+AZku8GS8B2T/ZYcw+kp7x5EwBL4aceBkvAll2AELY6e3EE8jd1mYMMC1bRjfjwgPSl5EXK2W4/csG71capO3Cq7JDpNyzo73UvZSnupH7KbfGCdb95z+X8ITCGFsOc1yBmHksYNDFNRLcRsmLopd2PWiNgeUTDTtZjAT+IS1QF0De1CtvFlloqr4mk9BhwlrWKKIGEAjA7ZFJFMbCwjJPeHQFlrTh2VMeDahpZAd4kPmYWgX78uIJL05vHpgbn6CRVUTNkq51BEd46WRgGi+a4LF1AYtHxhOA5BLjLKs/TSpNPtUHD9YpKsH/UIx7PzPFeglldRHqZiBDK+0Pigevud0CYOHaHx0fl701iXtkH6kxBI72/j1pLJ35cznNAJ44CsMtBPR9F0g3Gdr0uRcQ==]]></Encrypt>
</xml>


2018-01-02 20:21:06 debug :
------------
String:
account-ticket<xml>
    <AppId><![CDATA[wx7f83e93205d2fd31]]></AppId>
    <Encrypt><![CDATA[er/lTbLmXH+0jGSFb3ndkZyfmJNMXBT6inapo4IRLwzZO54xaXKptMBTo6oU0ewPCxXIMJ9M1vGRu/IRf5dJTKCs5AUoGNvsMiomRQwN8E9Io2Xs1OIjelTBNdXkn0H/YfwC7FFrOEoZQn11S9YqdgCLjcpPAa+1DDRewcE4BpmZcYchvnbRyzoXK8kwi/5U3je5SLNKTmdMSJ8waWzeFiPst4t+VmwrgNkrsMut6ocJJYBCemHwYSv0lF88p8504fLoFulVDFZ/BmROpMU06KTclApvcmx78A1SUEals67Yx3maNkjt7zXGfNfBvg0Hw/hlRoEpUZhKN5dccfZ78JR/M5kmTm/KIOl93/jEOZTvG7WVhOcWjKemQJDm9FnJF841PvOCVyt1frxB8b0kydhwH5cIEFjKdtH/LqmXcwx0pMoFWPxs+qAW8x/lPvp/KUnzq9HYTobm9KWv2NH0kw==]]></Encrypt>
</xml>


2018-01-02 20:31:07 debug :
------------
String:
account-ticket<xml>
    <AppId><![CDATA[wx7f83e93205d2fd31]]></AppId>
    <Encrypt><![CDATA[DMsHBTFRHCPTWpy5S8OSCKI1VxQcpQjFub4Ed+CnGuUyupzj4gXSW0jiqlX6QALcEQ9Q3RbSp7lr0hTB0xSbiWZVVS3VA/orMZjrMsW32lqyJej2Q+Qb2AZGZZC5gcv1cAJjKORQPBRoGWwoTGH8VNHOdBtPrWCXGv9Lpr+9grVPyvXJg5wN4Qgc1Sahyd2TOL1Rm4yCDEuX4ZCnHKp3qipDYl0K2L4H5g36CwZJbbzELp3eBDJhVFwHFc6rR3w2Ilyu0jgoTPK+/ssqeToLoet6qSPmR9IZK+rTOZkbPVS2w5VtSR50bO0jWW6tc+65wz8j7hAm/L+qITNmhi5pntzm+w7LoKG9U0dik2n/2stZDfg/KszVhbKA3orYuh5q8hQufWPa+GBSJZ6s/jyYdlkWQTCl/FeBqL13t2MPuIQxCY6Su3rW5RYsCpFOoRVb9RtB/vBIO8Mh92K3YjcsBw==]]></Encrypt>
</xml>


2018-01-02 20:41:09 debug :
------------
String:
account-ticket<xml>
    <AppId><![CDATA[wx7f83e93205d2fd31]]></AppId>
    <Encrypt><![CDATA[R2/bIp8JCP+TI/eiQ216B3Z+AxoDFm0U4pkzxtPH2EIryWl2WNwFCv/IHxvuew2QdLdloIgvZd5laQV2ZsblU1YyIl4Q74/3cnLJKBpweXpIcUqH66/PpafzjPlJGcWJOt7PL+xWYNqcBO90NncFyR8QTCbI15O0jpu6uJLwbgeefug+V7IlS30Q7L19BqdtGOx9EyInLQp5uvuU75JqkQHU0wpzvxiU7gQaxh2sO0rFVes67oxnAqj2OFSzzHp8+p4CKc0LltZzQZXF20ou/xFILYrhzbNOqLv+vi8+pQbj8OkAv1rHn+bUvha38KwvIX5jWAeANNBgitvWb90M+QqIPpbyUIiYHyvGSZ8A9zqWNioqZM3SyX+9ryKATt7pb/PIqB03cITrEwHqwdxvJnoIUA0see0VrRR53QKwg9pHFlUTFiWWoh4QAlSlxXMApa/Acx+qtMMtzmaCvvoCLw==]]></Encrypt>
</xml>


2018-01-02 20:51:03 debug :
------------
String:
account-ticket<xml>
    <AppId><![CDATA[wx7f83e93205d2fd31]]></AppId>
    <Encrypt><![CDATA[Opdf4aiHHjoPvRfMnDrxzWg8qbtOFEPW6GtJs9DCEJbD3NFYntidah+KXl2PZSnqtWOkKvyW6rfMzqXOPolQKViiWARmgGAeIjuRHPhM2amNM8eZtdHarv4+Tqi/GWJgZhlX59m+dB/fkBNsRjcIl82EhU/HuMQQLNKPBBtdCY9KhqsTtc+0dchzyxkheBdIzHYUkFbQfi1IK3eb5O7YstIyOeeSH3r3D9F3G/uHhmNTyXSdAftBe7jo/CJp5EzeutQ4/t/79aQl0Uuv9IyfHdOi1uDwKsl+GiMuEnKO98I34/zgDiFqNgoWIhn+dvObKbi1LCDZcyVV84J2Kx0c7xsj8g3vRK/1qiSZRz3NG6PPS8CMux9pbSQmPGs7g8B19ESuQyVbHZmyzCnbSnNHNvuH/FMgoBPGpsEwOnNSw6Q0vbewREg3DjZEKjhy+z+E2Z17L2vLoG3fFreB+QE9xg==]]></Encrypt>
</xml>


2018-01-02 21:00:54 debug :
------------
String:
account-ticket<xml>
    <AppId><![CDATA[wx7f83e93205d2fd31]]></AppId>
    <Encrypt><![CDATA[Z3n3Qd4AJMsXcgrSe+3XFStzV0QRx88CxcKhEpcIcbcFDSBOcksUGubBBFR72jH5vvkqCkAmxflk4JapN/r7kov17F/dX17xZJAVzY5pP1MReTBIHhgSmxQESIh2y5tyhQ/VVb5YesiQ+Y8WQZ0kIS55Zcn+y0aBkjElTfNEYyxAlj7S1fKUKDCxfB9Cf0d4UbsbUKj5olxFevL5135GDUjIpPXsT8iUOWK6cwDejNmkcjYb3cKqfeDmJRFm+VeznmcoSrbGO5BjmRE0GXw+lI8zB7zy2E3K/21pCwEcLr/xYzAXuN37VSGia2nLh9Nu7YMONOUmGm3IvXwhPQpmlyGVp3aIHC9wWNtfGEa796pyRb31gUdeW8Y3xkWgcP1xn7mTVPMYb5RZP0YA7A8dAPRtC5AyU8vmbY3nDEzSUBoM9WpAUc6WSxuNYcuUwws0yfu18c4u31sCK+6nEv1upw==]]></Encrypt>
</xml>


2018-01-02 21:11:07 debug :
------------
String:
account-ticket<xml>
    <AppId><![CDATA[wx7f83e93205d2fd31]]></AppId>
    <Encrypt><![CDATA[tFseMxJzuIAzxV0N8/qGNtom5ZBFnWBVNwAuExZYHEX/mWUItrslGmnHATSDR0Kla2v/nF28lD/hm6IQZjeWW1JCEF0eOAtHsuHNOgiNg0TjvolZpFFlIZ06j4Qw2mpkElSVtAMOU6220FUp0KUubkkVVScvTyiCBe3D+RtM8sk9FgzgjYoscHJarwbQQwPL9sLbRbpcVuXSTmQvDqMGnJRYtZ21Ob+MSf3RerxSDKtOcyxikpV2UDMBs2845ekNIE+FvuquTsKNxALp+s6tdrKNObMQF1tSL7/lJcBwOZsNEWE98/ZfJBaIdGXUnnDbp/8y08iDSuAeuotAoGJS5pd+6tdWuIDBrTIkzuSH0kfQutfAzY3bEVrE238mX9fG4Tkydr2DyJf66ixwAV34dtji9tEFCM/9ad0zplcGjhxPiPFxN1HmxsXG8D4L9yBUZS18bSaOJjE8Xt3ZwouNag==]]></Encrypt>
</xml>


2018-01-02 21:21:01 debug :
------------
String:
account-ticket<xml>
    <AppId><![CDATA[wx7f83e93205d2fd31]]></AppId>
    <Encrypt><![CDATA[mqRRTGWKANV11QEOceiMBQrELhmWdsSTSko92ytHnTryjVaM1dFLR9+6YONznsNJl+pkxdsgPKfWztoB94zpWte5DKHctivtFUYCiyz/SBLZFxguVnlZ+7FiuflNXgXPHV2QqCwYveTVeSxAViULT5ExkMNpk+IGfGZppCnYuPP38bJrQ5AHjc/7RI7oMGmX1C9bJ0caAs6loMN39P/f/8acKuppZu2kjeaUlrkm0bKhudJvkTFMs6k7iTJK2guw5S0njzVZ9iShan473Cf89bupejyzaEvsLtoGqVUq8xF8keMzozMjQWjb79x3NrIO6aAXkNLEJxVoHb7Cw9tfB8yAT1pZuD13ELT6L318NgtB9F6ETrHfRz4ntU1OcaS2a3FQ0yYVgERV/PWTrg7i5krRvrE6H9zzhuaSCHEahPYnZzF4ufBVznNRJsmVzX1nOXRKOnRR+pveC41n+FLBMw==]]></Encrypt>
</xml>


2018-01-02 21:30:57 debug :
------------
String:
account-ticket<xml>
    <AppId><![CDATA[wx7f83e93205d2fd31]]></AppId>
    <Encrypt><![CDATA[r3X4Etyxh7L86EKSUYRguX4AccaoNgYwm7XU3xH+KPPqfPZEGSHRkQXEvD+0uKizVIkAqnZqwijLlTHw3hC+mfbyNN3dkPcTLAWMwxATKpfGQlleAh7trVcOBMZS4wEardYJw2x4mmggSUMgON68tg4W0pCIvMeB1GLJ6uTXYOdV8saxg9c7llGFxjrDNPf8RMGEENSEmvPhYWjufPHz7ppvHnxhMECu7uMIVLZvgsNPahvnRIv3p7NIXlv/HuVBJq1kLIBZWonDteKETu3sVfz85rkABfrFFvwuej1SxY7olVQNLTA1KiU1O4RNYgRhNkWum3oSp1wXU6mzacfulD3cn48YTjKEgX1TOsH0jPMxRwJMwPE7l/72/9cAeGDfju2SF7308AiE8T3iRoHg86vqu0M6W5IojHte+BssDz63Lr2beeW3jJdMK854ZB4aeWPdIWr6mLPeYbtSxe8QEQ==]]></Encrypt>
</xml>


2018-01-02 21:40:59 debug :
------------
String:
account-ticket<xml>
    <AppId><![CDATA[wx7f83e93205d2fd31]]></AppId>
    <Encrypt><![CDATA[vU29vnM+Y/jgOVh+vdbevekFinmVNPRsQMW7X5y5TxSC4Lu1tJo1NN7E9XJhdOk2lNwcLjB35m1BNzdmz/ZpWGxNcSXVCEQmwAbq6dSJe2hw4b/kOLiyY68sjerWfirl1Ry/KvBit24MTl4iufgCFMgSkdaNTp8lfTTRxN61rzlk7SE88S0vkWSU7JjXChENOohSoN7EmxqkLJDY8mh2c7s6oyPUg509O9uLirrzo9hAlTP3M2z9ZqlsgqTjbXquKmrKdpBYFZVjOIxFk68Ym9a0Oe/JcKg//tEqBarWOG0uWvWSZgi2449O4kg7bu3qJYybfBSXQ1t+wMFXP/7h/FBpiXFOtQ4U/xnKszNp1ShlbMSzYGC9f1oh73ToHFjMxow+unl4TfeazKIefy0itn4i4/G6QkkwsPbsWKQb3hFge98wfoJ786YDB0p05osiKA7yxObDqLN4Hr+pcJ6MSw==]]></Encrypt>
</xml>


2018-01-02 21:50:50 debug :
------------
String:
account-ticket<xml>
    <AppId><![CDATA[wx7f83e93205d2fd31]]></AppId>
    <Encrypt><![CDATA[K43e+oZTRs8EToj61brJxfuOLQO+39tgR8yBIcRUu7FHvBAyf5FGr4LLvAaFnz3wJTd01wSaa7kx26tjtfwe9nbtQslSxlkBht8f/zxsooNZPX2YgTKLfjThIVhFr0+aN3Igq2Cb0bt5MsQNvIUjZj9lIFzKGJCN1sNuFWWbV0uojj0zlaM3cfr3BhZ+lXVFi4ToaD0prVhHgF9f3hiHhjodosH5YYX1g/PGGGElOAZrehzJKOBlhonAmLguLjyrJPWv+dhsdY5ZyNRTSDW6q5K/6L6+n/o35M4aMksG0UdRTcV6O8ixbL1ffwz87OChlGIbQkHZXvZmpW3nxZXzmH7RnBs2cXbtL1o70yrqTnqJDYBeKOrZebRYp43ozKSg++yYMcEvK5ehi0A83C5d4wRHuBLjT19MAZEeY1uX5Jyaa9cv+2XEjT/MUF0rpNymG/soz9txI7woaZSg/7atHQ==]]></Encrypt>
</xml>


2018-01-02 22:00:46 debug :
------------
String:
account-ticket<xml>
    <AppId><![CDATA[wx7f83e93205d2fd31]]></AppId>
    <Encrypt><![CDATA[1JUrSbw4rQfyIZQsXS4439QqdfR35nqZodpVA6tlTRTb0IrOkU3kOTW4avv72Lcx3PAqqkojqADmFhRoBw0TorTr+yB4+CI9ClRB7EG8YELEptdRqgmxA/6RRs7hQKX8QUsdTBO93s7uFJTT1uJrSEvS+EDY5P5/5GdNyOxv4TmozzMlJBcMv7nSSdrKOYLktgiP5dYiE6leRuB0Wz3/X/rJgmb5wcUoMQBytO7NjmeCQca6XCr1VoURUBRFDpjNtEcW9HEHXBU0H2ycIWxJkEhXP2QMcLrEUD0GgH9WZhvAwdAzib72J3Yy/O/C3FYmoDjfhlk62WNRz4zNn+BG9ip9vzFS6ZtCPlJPusdMmhATqIRFoamUQb+2yS56+xtDx8EJw0EKBCEHwvM9h0dDAIyCCfq6tkYH7aof+f+WkMehXMcpTJR3jkLQ+UQwYR/NclfAAsO9UT7HpZsGaj3aZw==]]></Encrypt>
</xml>


2018-01-02 22:10:57 debug :
------------
String:
account-ticket<xml>
    <AppId><![CDATA[wx7f83e93205d2fd31]]></AppId>
    <Encrypt><![CDATA[gaOgOt7RgPB6aBq32z55PJ40YiW6iySNbWW+QHkjiHNs/2uRHPox0fYm2c8u8RAyIgW0NhvoHRPFwj4Pvj8yf0ixXV4dBW7B5lYFH4fi6TQbvA6XEdHcNjL1GLIP+2YKl5yv2H1YR3Scr4vWHL5i4q/U+dyybuk7Y9yNEzqrkrwpMVFPGLbowt2YX+hBVe0i17gn0uh7/X9zPGl9te2wEP+0IUvLZZkul9pM+SZhCWAThinC7IIGC9gglMFbgyEgrx8YIkgH180gmogdM17+z0uAZz4ESZoBm7hEHuMdcH/1SD7wChZaVfNqKAckVMSIyseYO4R3TgLNbdMA0HRjmTFS8FEA8gIuN//Kak+VLifkxYuSCwxeHKD+Glp/52fmYTYRggTWbAKDHShWspqQFSAdI8VvIU2CZfbMnVkLTLmPLZXZrCXoNB1bBr3fIWSbRnP8nbjYmu/jkC9qAGL2qw==]]></Encrypt>
</xml>


2018-01-02 22:20:46 debug :
------------
String:
account-ticket<xml>
    <AppId><![CDATA[wx7f83e93205d2fd31]]></AppId>
    <Encrypt><![CDATA[xQbnUM4JD34zIu6PW2fLRUMkA04dx8zF4DPalFDnijmR3HiVG4NJyy7I2f4pgExBd2VTNaW8NsjFzg5IkkmDhF84DOLh6uum8UAJPnNJL2s3SiJR/ARdKdT61kDoDjizlunG0u8+Q6JGb0D4unCgRES6AoE04UL+GyUBHzEZ0kAeisCSQxgSQxFhOWLrrm1US1qevgGq99DchztEa7JfwI/VIBVGB6EH+7Mq7+UfLtH7IeGMnP1oAwSfMh0oT2lZE05QsnSSnSrd7Cv4+IIqn5XziHHFFCYjIdvkGbzBgJaqPdrhj/eb9yXszjEgWGoZuYtNQOT8lmifGHbGNkfGVbg3AICMev+XAmnsPjEZunLRZAW5438ZhYnDcrs+PEyPSwfQtVaOElsR/QsClkOT011a8s1Elv5wWweavfsnSkNi8mO15EoMkZ+e2ZyOxPLoFc31rXRrTUlfdzatIryUIg==]]></Encrypt>
</xml>


2018-01-02 22:30:46 debug :
------------
String:
account-ticket<xml>
    <AppId><![CDATA[wx7f83e93205d2fd31]]></AppId>
    <Encrypt><![CDATA[4zQmekyQh+RIZ4zHobwHBJFFSUQQLTQZ1YvWkC1JCrALg1naeZrE+Gzoc3BksrWmBDAirJfv51pPE2dVDaApSCj8AxvF+IU2uxwybcAWhHz84GEPDAagrlJ3amlxZLPB0XZrFFTKyDzZhdC7pEnKZoWZ5LbLPRoN26FxH+Tvb61QtUVVUjrlxkyq9p4m0nGF9xTEfJtvuDGTyQCUOnYpJNONhK3ODGmA/M+KTKhB/MW+ocaNyBjzi1EK59+nMnPOd+PXOxA5aYSCCnyUCt7fOR2aKTXKCWq6QAkPpCWyPBrH/kiLbmTLhzD/9XObmNc5QoF6Bi8jjCBwkA4bFYiPKtpRfoJoPQ0IXvTpYGCXbH/I0z+B9zS0S5xArzGOfgAR0IgxYpkNfqb8SQT/lXGC5uYVV5D8K+odO2xrX/ZFeekhrt/1y1P7Z7lO4BDxYwBHTr72bo+hpT2RRzoFuUBpow==]]></Encrypt>
</xml>


2018-01-02 22:40:40 debug :
------------
String:
account-ticket<xml>
    <AppId><![CDATA[wx7f83e93205d2fd31]]></AppId>
    <Encrypt><![CDATA[xF2o27hUKJxZI38N5bH7olA9lvZGbhAVe2daVceB7qQXpx6rcXG1pu4voDOQkvZA8Jr91UpYBa6hlbL6Ht1DccnQ1EMyo60U1+A37s93VNss8w5r3+sUCOA0Wz11X/JQnhiVHvwecPc+Wc9yJkrQcSRiiMPYxYwVe037Bg7It9tEwf5yg3vQGQeghdXndjaed6pINHcMtiaCwxUA1lWWvlLHeE1byLWkDDvFRho6u6apW9+1ooqK6j6PhYUsAWGEyHq+PR53sXxwd5lQo538Az+9d9uQIqseXYyAcmMh1gJPqsUggpe+WhJzY0emtdUsi+CvYeLJdZlcEpwmwcxxFrVnqQNGIXxG8a+0A/uh6fbTqQ6BZii03Nw1fa0hrvS9W1HeL4C2GzjpicP4NLgoOVt3NjqqOfJGelizInJsrt/g6eS4lkkJkzZ8cL/SEV3ZwRtO7bDkNwuEAu1ZEJ/v9w==]]></Encrypt>
</xml>


2018-01-02 22:50:31 debug :
------------
String:
account-ticket<xml>
    <AppId><![CDATA[wx7f83e93205d2fd31]]></AppId>
    <Encrypt><![CDATA[Hme7yw/EUjtfzplJU16+w0NJ7hRxIyOr+mWWMnD6Z9ZALOOBKInZVYuXVbhEMGAN/KeKzc6VXGA3XHLAT9iM16JyeiiVVMsMWZh4taTe1CRPet271ca2Xn/eUmqsa0X3jFp3htN7f0JfFZPNbil9/QeaGnRXeYN8DbYHRvIrE90UhdkzBgM6CGSG/woZ79BIh7mXxzKCsnwDRlthvFc807J3NWxfmhFGf5qZrh0BFdIdU+NFxiELpKHnus8q608+FPe/6bhIduYj/zAcOVYogO+p1s+MfJzbTqJRpIWO8nYGf9xcWsZgeiv+PVxIsd62OlsCTiFXNKCJymm6RxbixCQZBE4UPiHzH8gG6Hh676BavwFXui9iGI0oWgA1HYS98dVRzMDRniBeT/n20IaJUsdrQQvHf4d1CLjQK0NX3nAzyKN1qgVUo7es8RN+2GVhf0QjCMOvEtxX02hk2zfWfA==]]></Encrypt>
</xml>


2018-01-02 23:00:23 debug :
------------
String:
account-ticket<xml>
    <AppId><![CDATA[wx7f83e93205d2fd31]]></AppId>
    <Encrypt><![CDATA[SMudpyiPncaXJDZp0CLG47uDNQxBfwhq6P5vN9EUmz0xjMC5MPfIwGI83bDvznttDxQgsB/Z7H3DypTk7eQmI3EVDfWuh7JBsACLPCdzxicJAEYe2D0OuZMaO4xA0jxSbR6UEbf+g2kvFpIxIJHeWf08KgdYJwbhY4u12U3/EXIaTyvpLK3xsPbl9DfR3XF2UPD3TswMxsSdMy4VpJffFo06ZqH8kD5EqgDWL6NJW5vCFpR00IOUIGS4l4fd+1/9j8H6mO+tyr3px4Cdvy9XMZnazNO/qZI/BTCUQODDf3Cx0BCzYEw+zVa24vqCa6U3ijlhF/UmegcuAMfuYkAEDLhh8uCDbkzNodqSk2ENDiEJrfFjb6l9x05vwGV71m7d5Es6swYdHcNx9ewLSHRVl+y8nwXSje24XMoITUQM4PcpH7q5VSIgn4FsqmqmcM7eyoZge7cLeJXZSq5U1FC/Kw==]]></Encrypt>
</xml>


2018-01-02 23:10:29 debug :
------------
String:
account-ticket<xml>
    <AppId><![CDATA[wx7f83e93205d2fd31]]></AppId>
    <Encrypt><![CDATA[k5HkW+CL/5yto3BTH+ptN/D4Jo1D2UYLv5J4dn+jDohMnLTkgL9RsUk15JrBlfu/O5UCW+8zx6zYkgpJ13YPahRavVynYAFid+n7eklqNZr7g06ZpqBJG07W3RVozfpKG3Lkb6nmdrLqwHfCAGOkAe8qmIElLDhMCHO6x/UNHvvUxViYGVQNWnV/eqlL0JQKm5T1AC+8B3JhrB6shlLv+jlLQdnVaH4ykqvtfPAosAxGqafYZdRGXJDFB6A+bOO38h7FriNZcu5fdbzhzSKSHSUDIksE1VmyB1tedHieD8xtrZsqaTygI9Z3dDaGuaVtU4XPpDoKCmcbnGhBsCpMyg+0rUHyuGdTNdWhwYXcwX4O7GYww3ZTQbNvaPzCTmuoSwnZapnK2vU8RsFN0RwMpl7RK/O2+sQlZEkfEJtvrJTbiwLvVm+L+Qgh1BBSaQrfW6xURbZVjI1R74mlhWvA5Q==]]></Encrypt>
</xml>


2018-01-02 23:20:18 debug :
------------
String:
account-ticket<xml>
    <AppId><![CDATA[wx7f83e93205d2fd31]]></AppId>
    <Encrypt><![CDATA[GsAypyG8tkmiusr9Dtx7FsrwbVok6ZuLM9VlfbreqN7N5Mh8zovayd40QplM3IMrcoPg2MNsWyd0OZ2cp5CoCQx9mVpB/7GI/2y2OoQmnHdpPl2RvSTj/lMueWEcIRUTTDUL99gbQrR4GDMjW4eYmB75M3VzoUXS8wo+qxxiAYKYgSCPxWILltNL1pc14ZGQznO9GLEvBpBspx+illg79sH4dwFNNehyDtvrBkwfj9Bcf4wlUqNInk02bqYX9ZlrdZKYhzWF09vQJHXJcBQJ027W+8MBKk0P2LmTlSq/Co6S6Dz037J9/v47/cC1eNXBADMUFejIoMRXMP67Na5HQ2Oc//p4GYpwuyZFfMqvqNHvREnLKCq1iKYGRaTWch5+nE3V2iD+6WbKZMaTNzQlwp5ser8M2O6S75m/qe7HB4n4KIlF/O7X9dJpVxmhSEfitu1G5BX387vIUDNmgbz7VQ==]]></Encrypt>
</xml>


2018-01-02 23:30:15 debug :
------------
String:
account-ticket<xml>
    <AppId><![CDATA[wx7f83e93205d2fd31]]></AppId>
    <Encrypt><![CDATA[1GhQsa2FpKUzKF1a0uYh/KWw7VsHatPUILCKl+CkYlY7RzLXX9jb7KZMdpERZUUxyEVybwVmO7zI6HEgx6AmvYsEfKlG4/rqHHpfZA6EcVun7J8QRpCV3mcD3WLAbQggR5QXbWtDbwa9xdXgGPdCIx5wwgZZufG24pqPJpJAEQnqFCW60Q4CFIsDX4lq6Em6Ea7nBDcxIngBYr8SVp6whnVPqP3QzjCzBeIU1SlEXKtZdM9Pq3S9WWYTerzY0vKXGxbSRqJXJIQGRHAF7W+FHuCn3on6hj6gp7GqS+OMsT+3BJ5zjGiA9bB5/tMmCDGR8FPpuzXNiibCJ71KRrFSzUttnq1o2tpRk6mDFs0jUVbJGkgaWClhFTPKchCiEAHr1LBcBMJ1ECVJTKJFT+FPUSvV+xG4XloEahR2P9Tmt8nQFjEcmLqTRLUkNJXHCjvm9jVD5zRNQoAcNkDhmsH5zw==]]></Encrypt>
</xml>


2018-01-02 23:40:13 debug :
------------
String:
account-ticket<xml>
    <AppId><![CDATA[wx7f83e93205d2fd31]]></AppId>
    <Encrypt><![CDATA[8701DKD5VJCWPkmR1CcZ5BVBNC1D+KupMj1xdSlOprKeHNdQRz8auvxSm1qZwbpcu/TSjphWeTy1W0XLMkuLejNzO1OEWudBlztSpCQGZphOzKodz41DxZkpLXVHyjhLwNtuIvpz+NrODEIg1An3Bv4wp3Orqfach0FpuUQKJO1EQO8GtdHl7GX222eC4jYk3IuNS6UashrZT89xvUFCFrvOkEk2ddAvlkduX2/RXoECRkORXV7wjxznul3m3u6ynyE170u157xRoXSHuN9VHT7xYkpw0YQ8yOKktFRB8xyjjxFhejVSaouJvKecBgnNBrYAfO0rXeyaB7RgqPn+WOoDJFhxjroiL0INo3W55lxc7/PS8edK42MeoQ7iDV4cP95Zz06kLR7ke9xcsi5S7fh1P7rSWmYuN12e8/fHoyZu/bcvcmlc5WDnfXUVQSIvSGtkOdHZFjcHkkqrpP7UaQ==]]></Encrypt>
</xml>


2018-01-02 23:50:06 debug :
------------
String:
account-ticket<xml>
    <AppId><![CDATA[wx7f83e93205d2fd31]]></AppId>
    <Encrypt><![CDATA[3JfQMPlTLqpqJnmcrSFgBHpwV45mAwLCfh6NCAexnO6hAk0WBZicDim7RHGnwDy8JQPAG+dzCBujIMG6F5zbcwmkU4wHXSKfoxA4YUzsRZc+PKMPtGcIsCp3he3qNN6sFEnXHPyRW+a9tfSgShRdnZ7aaiDIFYiAMUxjCz3Qwz8V0orl903pBNX6UI6lEB7y2Ps4/YhxRoDqIbwxkWjFbDHdKUDr4tNa8neZgzwGgTKb6+0FpbtMGsSAJ6T4P2hmXIKKAswIIpt4+FPyjfOhlOGIxAgCC+ITyJgqKyOz2IrgL1nWcbIlYbVVc04u14GFOX5jTuWgElDVUN8OPT46KQ47Gy/KXJMAntXQQ3IIcKN+2YE8dZeHzZT7wEFsVH2jL5LbL8EATFPfePqGmndtic7N5YXaSqGkMM1hBJOrwmfr7r0hLQQX+hzpk4E2OJc0GTzA6QOamHc50hgFRjPAXg==]]></Encrypt>
</xml>


