2018-01-15 00:05:42 SQL Error :
------------
String:
SQL: <br/>SELECT a.*,b.* FROM `ims_mihua_sq_collect` as a,`ims_mihua_sq_shop` as b WHERE a.message_id = b.id AND a.weid = 2 AND a.openid = 'oKC7q0BVul2IyiWnAfD9GIN5a1EE'  ORDER BY a.time DESC LIMIT 0,10<hr/>Params: <br/>array (
)<hr/>SQL Error: <br/>Unknown column 'b.id' in 'where clause'<hr/>Traces: <br/>file: /framework/class/db.class.php; line: 408; <br />file: /framework/class/db.class.php; line: 162; <br />file: /framework/function/pdo.func.php; line: 49; <br />file: /addons/yc_youliao/model/Shop_pro.php; line: 348; <br />file: /addons/yc_youliao/wxapp.php; line: 441; <br />file: /app/source/entry/wxapp.ctrl.php; line: 41; <br />file: /app/index.php; line: 114; <br />

2018-01-15 00:06:07 SQL Error :
------------
String:
SQL: <br/>SELECT a.*,b.* FROM `ims_mihua_sq_collect` as a,`ims_mihua_sq_shop` as b WHERE a.message_id = b.id AND a.weid = 2 AND a.openid = 'oKC7q0BVul2IyiWnAfD9GIN5a1EE'  ORDER BY a.time DESC LIMIT 0,10<hr/>Params: <br/>array (
)<hr/>SQL Error: <br/>Unknown column 'b.id' in 'where clause'<hr/>Traces: <br/>file: /framework/class/db.class.php; line: 408; <br />file: /framework/class/db.class.php; line: 162; <br />file: /framework/function/pdo.func.php; line: 49; <br />file: /addons/yc_youliao/model/Shop_pro.php; line: 348; <br />file: /addons/yc_youliao/wxapp.php; line: 441; <br />file: /app/source/entry/wxapp.ctrl.php; line: 41; <br />file: /app/index.php; line: 114; <br />

2018-01-15 00:07:48 SQL Error :
------------
String:
SQL: <br/>SELECT a.*,b.* FROM `ims_mihua_sq_collect` as a,`ims_mihua_sq_shop` as b WHERE a.message_id = b.id AND a.weid = 2 AND a.openid = 'oKC7q0BVul2IyiWnAfD9GIN5a1EE'  ORDER BY a.time DESC LIMIT 0,10<hr/>Params: <br/>array (
)<hr/>SQL Error: <br/>Unknown column 'b.id' in 'where clause'<hr/>Traces: <br/>file: /framework/class/db.class.php; line: 408; <br />file: /framework/class/db.class.php; line: 162; <br />file: /framework/function/pdo.func.php; line: 49; <br />file: /addons/yc_youliao/model/Shop_pro.php; line: 348; <br />file: /addons/yc_youliao/wxapp.php; line: 441; <br />file: /app/source/entry/wxapp.ctrl.php; line: 41; <br />file: /app/index.php; line: 114; <br />

2018-01-15 00:08:22 SQL Error :
------------
String:
SQL: <br/>SELECT a.*,b.* FROM `ims_mihua_sq_collect` as a,`ims_mihua_sq_shop` as b WHERE a.message_id = b.id AND a.weid = 2 AND a.openid = 'oKC7q0BVul2IyiWnAfD9GIN5a1EE'  ORDER BY a.time DESC LIMIT 0,10<hr/>Params: <br/>array (
)<hr/>SQL Error: <br/>Unknown column 'b.id' in 'where clause'<hr/>Traces: <br/>file: /framework/class/db.class.php; line: 408; <br />file: /framework/class/db.class.php; line: 162; <br />file: /framework/function/pdo.func.php; line: 49; <br />file: /addons/yc_youliao/model/Shop_pro.php; line: 348; <br />file: /addons/yc_youliao/wxapp.php; line: 441; <br />file: /app/source/entry/wxapp.ctrl.php; line: 41; <br />file: /app/index.php; line: 114; <br />

2018-01-15 00:11:30 SQL Error :
------------
String:
SQL: <br/>SELECT a.*,b.* FROM `ims_mihua_sq_collect` as a,`ims_mihua_sq_shop` as b WHERE a.shop_id = b.id AND a.weid = 2 AND a.openid = 'oKC7q0BVul2IyiWnAfD9GIN5a1EE'  ORDER BY a.time DESC LIMIT 0,10<hr/>Params: <br/>array (
)<hr/>SQL Error: <br/>Unknown column 'b.id' in 'where clause'<hr/>Traces: <br/>file: /framework/class/db.class.php; line: 408; <br />file: /framework/class/db.class.php; line: 162; <br />file: /framework/function/pdo.func.php; line: 49; <br />file: /addons/yc_youliao/model/Shop_pro.php; line: 348; <br />file: /addons/yc_youliao/wxapp.php; line: 441; <br />file: /app/source/entry/wxapp.ctrl.php; line: 41; <br />file: /app/index.php; line: 114; <br />

